# TPCDS-Q80
with ssr as
 (select  s_store_id as store_id,
          sum(ss_ext_sales_price) as sales,
          sum(coalesce(sr_return_amt, 0)) as `returns`,
          sum(ss_net_profit - coalesce(sr_net_loss, 0)) as profit
  from store_sales left outer join store_returns on
         (ss_item_sk = sr_item_sk and ss_ticket_number = sr_ticket_number),
     date_dim,
     store,
     item,
     promotion
 where ss_sold_date_sk = d_date_sk
       and d_date between cast('1998-08-04' as date)
                  and (cast('1998-08-04' as date) +  interval 30 days)
       and ss_store_sk = s_store_sk
       and ss_item_sk = i_item_sk
       and i_current_price > 50
       and ss_promo_sk = p_promo_sk
       and p_channel_tv = 'N'
 group by s_store_id)
 ,
 csr as
 (select  cp_catalog_page_id as catalog_page_id,
          sum(cs_ext_sales_price) as sales,
          sum(coalesce(cr_return_amount, 0)) as `returns`,
          sum(cs_net_profit - coalesce(cr_net_loss, 0)) as profit
  from catalog_sales left outer join catalog_returns on
         (cs_item_sk = cr_item_sk and cs_order_number = cr_order_number),
     date_dim,
     catalog_page,
     item,
     promotion
 where cs_sold_date_sk = d_date_sk
       and d_date between cast('1998-08-04' as date)
                  and (cast('1998-08-04' as date) +  interval 30 days)
        and cs_catalog_page_sk = cp_catalog_page_sk
       and cs_item_sk = i_item_sk
       and i_current_price > 50
       and cs_promo_sk = p_promo_sk
       and p_channel_tv = 'N'
group by cp_catalog_page_id)
 ,
 wsr as
 (select  web_site_id,
          sum(ws_ext_sales_price) as sales,
          sum(coalesce(wr_return_amt, 0)) as `returns`,
          sum(ws_net_profit - coalesce(wr_net_loss, 0)) as profit
  from web_sales left outer join web_returns on
         (ws_item_sk = wr_item_sk and ws_order_number = wr_order_number),
     date_dim,
     web_site,
     item,
     promotion
 where ws_sold_date_sk = d_date_sk
       and d_date between cast('1998-08-04' as date)
                  and (cast('1998-08-04' as date) +  interval 30 days)
        and ws_web_site_sk = web_site_sk
       and ws_item_sk = i_item_sk
       and i_current_price > 50
       and ws_promo_sk = p_promo_sk
       and p_channel_tv = 'N'
group by web_site_id)
  select  channel
        , id
        , sum(sales) as sales
        , sum(`returns`) as `returns`
        , sum(profit) as profit
 from
 (select 'store channel' as channel
        , 'store' || store_id as id
        , sales
        , `returns`
        , profit
 from   ssr
 union all
 select 'catalog channel' as channel
        , 'catalog_page' || catalog_page_id as id
        , sales
        , `returns`
        , profit
 from  csr
 union all
 select 'web channel' as channel
        , 'web_site' || web_site_id as id
        , sales
        , `returns`
        , profit
 from   wsr
 ) x
 group by rollup (channel, id)
 order by channel
         ,id
 limit 100
---- PLAN
Max Per-Host Resource Reservation: Memory=49.31MB Threads=1
Per-Host Resource Estimates: Memory=161MB
F00:PLAN FRAGMENT [UNPARTITIONED] hosts=1 instances=1
|  Per-Instance Resources: mem-estimate=160.75MB mem-reservation=49.31MB thread-reservation=1 runtime-filters-memory=10.00MB
|  max-parallelism=1 segment-costs=[195203611, 196653785, 198131906, 346800, 69384, 200, 500]
PLAN-ROOT SINK
|  output exprs: CASE valid_tid(26,27,28) WHEN 26 THEN channel WHEN 27 THEN channel WHEN 28 THEN NULL END, CASE valid_tid(26,27,28) WHEN 26 THEN id WHEN 27 THEN NULL WHEN 28 THEN NULL END, aggif(valid_tid(26,27,28) IN (26, 27, 28), CASE valid_tid(26,27,28) WHEN 26 THEN sum(sales) WHEN 27 THEN sum(sales) WHEN 28 THEN sum(sales) END), aggif(valid_tid(26,27,28) IN (26, 27, 28), CASE valid_tid(26,27,28) WHEN 26 THEN sum(`returns`) WHEN 27 THEN sum(`returns`) WHEN 28 THEN sum(`returns`) END), aggif(valid_tid(26,27,28) IN (26, 27, 28), CASE valid_tid(26,27,28) WHEN 26 THEN sum(profit) WHEN 27 THEN sum(profit) WHEN 28 THEN sum(profit) END)
|  mem-estimate=4.00MB mem-reservation=4.00MB spill-buffer=2.00MB thread-reservation=0 cost=500
|
39:TOP-N [LIMIT=100]
|  order by: CASE valid_tid(26,27,28) WHEN 26 THEN channel WHEN 27 THEN channel WHEN 28 THEN NULL END ASC, CASE valid_tid(26,27,28) WHEN 26 THEN id WHEN 27 THEN NULL WHEN 28 THEN NULL END ASC
|  mem-estimate=7.03KB mem-reservation=0B thread-reservation=0
|  tuple-ids=30 row-size=72B cardinality=100 cost=200
|  in pipelines: 39(GETNEXT), 38(OPEN)
|
38:AGGREGATE [FINALIZE]
|  output: aggif(valid_tid(26,27,28) IN (CAST(26 AS INT), CAST(27 AS INT), CAST(28 AS INT)), CASE valid_tid(26,27,28) WHEN CAST(26 AS INT) THEN sum(sales) WHEN CAST(27 AS INT) THEN sum(sales) WHEN CAST(28 AS INT) THEN sum(sales) END), aggif(valid_tid(26,27,28) IN (CAST(26 AS INT), CAST(27 AS INT), CAST(28 AS INT)), CASE valid_tid(26,27,28) WHEN CAST(26 AS INT) THEN sum(`returns`) WHEN CAST(27 AS INT) THEN sum(`returns`) WHEN CAST(28 AS INT) THEN sum(`returns`) END), aggif(valid_tid(26,27,28) IN (CAST(26 AS INT), CAST(27 AS INT), CAST(28 AS INT)), CASE valid_tid(26,27,28) WHEN CAST(26 AS INT) THEN sum(profit) WHEN CAST(27 AS INT) THEN sum(profit) WHEN CAST(28 AS INT) THEN sum(profit) END)
|  group by: CASE valid_tid(26,27,28) WHEN CAST(26 AS INT) THEN channel WHEN CAST(27 AS INT) THEN channel WHEN CAST(28 AS INT) THEN NULL END, CASE valid_tid(26,27,28) WHEN CAST(26 AS INT) THEN id WHEN CAST(27 AS INT) THEN NULL WHEN CAST(28 AS INT) THEN NULL END, CASE valid_tid(26,27,28) WHEN CAST(26 AS INT) THEN CAST(26 AS INT) WHEN CAST(27 AS INT) THEN CAST(27 AS INT) WHEN CAST(28 AS INT) THEN CAST(28 AS INT) END
|  mem-estimate=10.00MB mem-reservation=1.94MB spill-buffer=64.00KB thread-reservation=0
|  tuple-ids=29 row-size=76B cardinality=11.56K cost=69384
|  in pipelines: 38(GETNEXT), 37(OPEN)
|
37:AGGREGATE [FINALIZE]
|  Class 0
|    output: sum(sales), sum(returns), sum(profit)
|    group by: channel, id
|  Class 1
|    output: sum(sales), sum(returns), sum(profit)
|    group by: channel, NULL
|  Class 2
|    output: sum(sales), sum(returns), sum(profit)
|    group by: NULL, NULL
|  mem-estimate=30.00MB mem-reservation=8.62MB thread-reservation=0
|  tuple-ids=26N,27N,28N row-size=216B cardinality=11.56K cost=173400
|  in pipelines: 37(GETNEXT), 12(OPEN), 24(OPEN), 36(OPEN)
|
00:UNION
|  mem-estimate=0B mem-reservation=0B thread-reservation=0
|  tuple-ids=24 row-size=72B cardinality=11.56K cost=173400
|  in pipelines: 12(GETNEXT), 24(GETNEXT), 36(GETNEXT)
|
|--36:AGGREGATE [FINALIZE]
|  |  output: sum(ws_ext_sales_price), sum(coalesce(wr_return_amt, CAST(0 AS DECIMAL(7,2)))), sum(ws_net_profit - coalesce(wr_net_loss, CAST(0 AS DECIMAL(7,2))))
|  |  group by: web_site_id
|  |  mem-estimate=10.00MB mem-reservation=1.94MB spill-buffer=64.00KB thread-reservation=0
|  |  tuple-ids=22 row-size=76B cardinality=15 cost=280136
|  |  in pipelines: 36(GETNEXT), 25(OPEN)
|  |
|  35:HASH JOIN [INNER JOIN]
|  |  hash predicates: ws_web_site_sk = web_site_sk
|  |  fk/pk conjuncts: ws_web_site_sk = web_site_sk
|  |  runtime filters: RF017[min_max] <- web_site_sk
|  |  mem-estimate=1.94MB mem-reservation=1.94MB spill-buffer=64.00KB thread-reservation=0
|  |  tuple-ids=16,17N,20,21,18,19 row-size=147B cardinality=70.03K cost=70064
|  |  in pipelines: 25(GETNEXT), 28(OPEN)
|  |
|  |--28:SCAN HDFS [tpcds_partitioned_parquet_snap.web_site]
|  |     HDFS partitions=1/1 files=1 size=11.91KB
|  |     stored statistics:
|  |       table: rows=30 size=11.91KB
|  |       columns: all
|  |     extrapolated-rows=disabled max-scan-range-rows=30
|  |     mem-estimate=16.00MB mem-reservation=16.00KB thread-reservation=0
|  |     tuple-ids=19 row-size=32B cardinality=30 cost=50001
|  |     in pipelines: 28(GETNEXT)
|  |
|  34:HASH JOIN [INNER JOIN]
|  |  hash predicates: ws_sold_date_sk = d_date_sk
|  |  fk/pk conjuncts: ws_sold_date_sk = d_date_sk
|  |  mem-estimate=1.94MB mem-reservation=1.94MB spill-buffer=64.00KB thread-reservation=0
|  |  tuple-ids=16,17N,20,21,18 row-size=115B cardinality=70.03K cost=77339
|  |  in pipelines: 25(GETNEXT), 27(OPEN)
|  |
|  |--27:SCAN HDFS [tpcds_partitioned_parquet_snap.date_dim]
|  |     HDFS partitions=1/1 files=1 size=2.15MB
|  |     predicates: CAST(d_date AS DATE) <= DATE '1998-09-03', CAST(d_date AS DATE) >= DATE '1998-08-04'
|  |     stored statistics:
|  |       table: rows=73.05K size=2.15MB
|  |       columns: all
|  |     extrapolated-rows=disabled max-scan-range-rows=73.05K
|  |     parquet statistics predicates: CAST(d_date AS DATE) <= DATE '1998-09-03', CAST(d_date AS DATE) >= DATE '1998-08-04'
|  |     parquet dictionary predicates: CAST(d_date AS DATE) <= DATE '1998-09-03', CAST(d_date AS DATE) >= DATE '1998-08-04'
|  |     mem-estimate=16.00MB mem-reservation=1.00MB thread-reservation=0
|  |     tuple-ids=18 row-size=26B cardinality=7.30K cost=197953
|  |     in pipelines: 27(GETNEXT)
|  |
|  33:HASH JOIN [INNER JOIN]
|  |  hash predicates: ws_promo_sk = p_promo_sk
|  |  fk/pk conjuncts: ws_promo_sk = p_promo_sk
|  |  runtime filters: RF020[bloom] <- p_promo_sk, RF021[min_max] <- p_promo_sk
|  |  mem-estimate=1.94MB mem-reservation=1.94MB spill-buffer=64.00KB thread-reservation=0
|  |  tuple-ids=16,17N,20,21 row-size=89B cardinality=70.03K cost=72233
|  |  in pipelines: 25(GETNEXT), 30(OPEN)
|  |
|  |--30:SCAN HDFS [tpcds_partitioned_parquet_snap.promotion]
|  |     HDFS partitions=1/1 files=1 size=23.30KB
|  |     predicates: p_channel_tv = 'N'
|  |     stored statistics:
|  |       table: rows=300 size=23.30KB
|  |       columns: all
|  |     extrapolated-rows=disabled max-scan-range-rows=300
|  |     parquet statistics predicates: p_channel_tv = 'N'
|  |     parquet dictionary predicates: p_channel_tv = 'N'
|  |     mem-estimate=16.00MB mem-reservation=32.00KB thread-reservation=0
|  |     tuple-ids=21 row-size=17B cardinality=294 cost=50305
|  |     in pipelines: 30(GETNEXT)
|  |
|  32:HASH JOIN [INNER JOIN]
|  |  hash predicates: ws_item_sk = i_item_sk
|  |  fk/pk conjuncts: ws_item_sk = i_item_sk
|  |  runtime filters: RF022[bloom] <- i_item_sk, RF023[min_max] <- i_item_sk
|  |  mem-estimate=1.94MB mem-reservation=1.94MB spill-buffer=64.00KB thread-reservation=0
|  |  tuple-ids=16,17N,20 row-size=72B cardinality=71.94K cost=73838
|  |  in pipelines: 25(GETNEXT), 29(OPEN)
|  |
|  |--29:SCAN HDFS [tpcds_partitioned_parquet_snap.item]
|  |     HDFS partitions=1/1 files=1 size=1.73MB
|  |     predicates: i_current_price > CAST(50 AS DECIMAL(3,0))
|  |     stored statistics:
|  |       table: rows=18.00K size=1.73MB
|  |       columns: all
|  |     extrapolated-rows=disabled max-scan-range-rows=18.00K
|  |     parquet statistics predicates: i_current_price > CAST(50 AS DECIMAL(3,0))
|  |     parquet dictionary predicates: i_current_price > CAST(50 AS DECIMAL(3,0))
|  |     mem-estimate=16.00MB mem-reservation=256.00KB thread-reservation=0
|  |     tuple-ids=20 row-size=12B cardinality=1.80K cost=68211
|  |     in pipelines: 29(GETNEXT)
|  |
|  31:HASH JOIN [LEFT OUTER JOIN]
|  |  hash predicates: ws_item_sk = wr_item_sk, ws_order_number = wr_order_number
|  |  fk/pk conjuncts: ws_item_sk = wr_item_sk, ws_order_number = wr_order_number
|  |  mem-estimate=4.75MB mem-reservation=4.75MB spill-buffer=256.00KB thread-reservation=0
|  |  tuple-ids=16,17N row-size=60B cardinality=72.04K(filtered from 719.38K) cost=287602
|  |  in pipelines: 25(GETNEXT), 26(OPEN)
|  |
|  |--26:SCAN HDFS [tpcds_partitioned_parquet_snap.web_returns]
|  |     HDFS partitions=2114/2114 files=2114 size=20.82MB
|  |     runtime filters: RF023[min_max] -> tpcds_partitioned_parquet_snap.web_returns.wr_item_sk, RF022[bloom] -> tpcds_partitioned_parquet_snap.web_returns.wr_item_sk
|  |     stored statistics:
|  |       table: rows=71.76K size=20.82MB
|  |       partitions: 2114/2114 rows=71.76K
|  |       columns: all
|  |     extrapolated-rows=disabled max-scan-range-rows=3.13K
|  |     mem-estimate=16.00MB mem-reservation=128.00KB thread-reservation=0
|  |     tuple-ids=17 row-size=24B cardinality=71.76K cost=105701688
|  |     in pipelines: 26(GETNEXT)
|  |
|  25:SCAN HDFS [tpcds_partitioned_parquet_snap.web_sales]
|     HDFS partitions=1824/1824 files=1824 size=84.20MB
|     runtime filters: RF023[min_max] -> ws_item_sk, RF021[min_max] -> ws_promo_sk, RF017[min_max] -> ws_web_site_sk, RF022[bloom] -> ws_item_sk, RF020[bloom] -> ws_promo_sk
|     stored statistics:
|       table: rows=719.38K size=84.20MB
|       partitions: 1824/1824 rows=719.38K
|       columns: all
|     extrapolated-rows=disabled max-scan-range-rows=1.12K
|     mem-estimate=16.00MB mem-reservation=128.00KB thread-reservation=0
|     tuple-ids=16 row-size=36B cardinality=72.04K(filtered from 719.38K) cost=91202536
|     in pipelines: 25(GETNEXT)
|
|--24:AGGREGATE [FINALIZE]
|  |  output: sum(cs_ext_sales_price), sum(coalesce(cr_return_amount, CAST(0 AS DECIMAL(7,2)))), sum(cs_net_profit - coalesce(cr_net_loss, CAST(0 AS DECIMAL(7,2))))
|  |  group by: cp_catalog_page_id
|  |  mem-estimate=10.00MB mem-reservation=1.94MB spill-buffer=64.00KB thread-reservation=0
|  |  tuple-ids=14 row-size=76B cardinality=11.54K cost=561348
|  |  in pipelines: 24(GETNEXT), 13(OPEN)
|  |
|  23:HASH JOIN [INNER JOIN]
|  |  hash predicates: cs_catalog_page_sk = cp_catalog_page_sk
|  |  fk/pk conjuncts: cs_catalog_page_sk = cp_catalog_page_sk
|  |  runtime filters: RF008[bloom] <- cp_catalog_page_sk, RF009[min_max] <- cp_catalog_page_sk
|  |  mem-estimate=1.94MB mem-reservation=1.94MB spill-buffer=64.00KB thread-reservation=0
|  |  tuple-ids=8,9N,12,13,10,11 row-size=147B cardinality=140.34K cost=152055
|  |  in pipelines: 13(GETNEXT), 16(OPEN)
|  |
|  |--16:SCAN HDFS [tpcds_partitioned_parquet_snap.catalog_page]
|  |     HDFS partitions=1/1 files=1 size=739.17KB
|  |     stored statistics:
|  |       table: rows=11.72K size=739.17KB
|  |       columns: all
|  |     extrapolated-rows=disabled max-scan-range-rows=11.72K
|  |     mem-estimate=16.00MB mem-reservation=256.00KB thread-reservation=0
|  |     tuple-ids=11 row-size=32B cardinality=11.72K cost=50367
|  |     in pipelines: 16(GETNEXT)
|  |
|  22:HASH JOIN [INNER JOIN]
|  |  hash predicates: cs_sold_date_sk = d_date_sk
|  |  fk/pk conjuncts: cs_sold_date_sk = d_date_sk
|  |  runtime filters: RF010[bloom] <- d_date_sk
|  |  mem-estimate=1.94MB mem-reservation=1.94MB spill-buffer=64.00KB thread-reservation=0
|  |  tuple-ids=8,9N,12,13,10 row-size=115B cardinality=140.34K cost=147642
|  |  in pipelines: 13(GETNEXT), 15(OPEN)
|  |
|  |--15:SCAN HDFS [tpcds_partitioned_parquet_snap.date_dim]
|  |     HDFS partitions=1/1 files=1 size=2.15MB
|  |     predicates: CAST(d_date AS DATE) <= DATE '1998-09-03', CAST(d_date AS DATE) >= DATE '1998-08-04'
|  |     stored statistics:
|  |       table: rows=73.05K size=2.15MB
|  |       columns: all
|  |     extrapolated-rows=disabled max-scan-range-rows=73.05K
|  |     parquet statistics predicates: CAST(d_date AS DATE) <= DATE '1998-09-03', CAST(d_date AS DATE) >= DATE '1998-08-04'
|  |     parquet dictionary predicates: CAST(d_date AS DATE) <= DATE '1998-09-03', CAST(d_date AS DATE) >= DATE '1998-08-04'
|  |     mem-estimate=16.00MB mem-reservation=1.00MB thread-reservation=0
|  |     tuple-ids=10 row-size=26B cardinality=7.30K cost=197953
|  |     in pipelines: 15(GETNEXT)
|  |
|  21:HASH JOIN [INNER JOIN]
|  |  hash predicates: cs_promo_sk = p_promo_sk
|  |  fk/pk conjuncts: cs_promo_sk = p_promo_sk
|  |  runtime filters: RF012[bloom] <- p_promo_sk, RF013[min_max] <- p_promo_sk
|  |  mem-estimate=1.94MB mem-reservation=1.94MB spill-buffer=64.00KB thread-reservation=0
|  |  tuple-ids=8,9N,12,13 row-size=89B cardinality=140.34K cost=144449
|  |  in pipelines: 13(GETNEXT), 18(OPEN)
|  |
|  |--18:SCAN HDFS [tpcds_partitioned_parquet_snap.promotion]
|  |     HDFS partitions=1/1 files=1 size=23.30KB
|  |     predicates: p_channel_tv = 'N'
|  |     stored statistics:
|  |       table: rows=300 size=23.30KB
|  |       columns: all
|  |     extrapolated-rows=disabled max-scan-range-rows=300
|  |     parquet statistics predicates: p_channel_tv = 'N'
|  |     parquet dictionary predicates: p_channel_tv = 'N'
|  |     mem-estimate=16.00MB mem-reservation=32.00KB thread-reservation=0
|  |     tuple-ids=13 row-size=17B cardinality=294 cost=50305
|  |     in pipelines: 18(GETNEXT)
|  |
|  20:HASH JOIN [INNER JOIN]
|  |  hash predicates: cs_item_sk = i_item_sk
|  |  fk/pk conjuncts: cs_item_sk = i_item_sk
|  |  runtime filters: RF014[bloom] <- i_item_sk, RF015[min_max] <- i_item_sk
|  |  mem-estimate=1.94MB mem-reservation=1.94MB spill-buffer=64.00KB thread-reservation=0
|  |  tuple-ids=8,9N,12 row-size=72B cardinality=144.16K cost=146155
|  |  in pipelines: 13(GETNEXT), 17(OPEN)
|  |
|  |--17:SCAN HDFS [tpcds_partitioned_parquet_snap.item]
|  |     HDFS partitions=1/1 files=1 size=1.73MB
|  |     predicates: i_current_price > CAST(50 AS DECIMAL(3,0))
|  |     stored statistics:
|  |       table: rows=18.00K size=1.73MB
|  |       columns: all
|  |     extrapolated-rows=disabled max-scan-range-rows=18.00K
|  |     parquet statistics predicates: i_current_price > CAST(50 AS DECIMAL(3,0))
|  |     parquet dictionary predicates: i_current_price > CAST(50 AS DECIMAL(3,0))
|  |     mem-estimate=16.00MB mem-reservation=256.00KB thread-reservation=0
|  |     tuple-ids=12 row-size=12B cardinality=1.80K cost=68211
|  |     in pipelines: 17(GETNEXT)
|  |
|  19:HASH JOIN [LEFT OUTER JOIN]
|  |  hash predicates: cs_item_sk = cr_item_sk, cs_order_number = cr_order_number
|  |  fk/pk conjuncts: cs_item_sk = cr_item_sk, cs_order_number = cr_order_number
|  |  mem-estimate=8.50MB mem-reservation=8.50MB spill-buffer=512.00KB thread-reservation=0
|  |  tuple-ids=8,9N row-size=60B cardinality=144.35K(filtered from 1.44M) cost=576844
|  |  in pipelines: 13(GETNEXT), 14(OPEN)
|  |
|  |--14:SCAN HDFS [tpcds_partitioned_parquet_snap.catalog_returns]
|  |     HDFS partitions=2060/2060 files=2060 size=30.62MB
|  |     runtime filters: RF015[min_max] -> tpcds_partitioned_parquet_snap.catalog_returns.cr_item_sk, RF014[bloom] -> tpcds_partitioned_parquet_snap.catalog_returns.cr_item_sk
|  |     stored statistics:
|  |       table: rows=144.07K size=30.62MB
|  |       partitions: 2060/2060 rows=144.07K
|  |       columns: all
|  |     extrapolated-rows=disabled max-scan-range-rows=139
|  |     mem-estimate=16.00MB mem-reservation=32.00KB thread-reservation=0
|  |     tuple-ids=9 row-size=24B cardinality=144.07K cost=103003376
|  |     in pipelines: 14(GETNEXT)
|  |
|  13:SCAN HDFS [tpcds_partitioned_parquet_snap.catalog_sales]
|     HDFS partitions=1831/1831 files=1831 size=151.13MB
|     runtime filters: RF015[min_max] -> cs_item_sk, RF013[min_max] -> cs_promo_sk, RF009[min_max] -> cs_catalog_page_sk, RF014[bloom] -> cs_item_sk, RF012[bloom] -> cs_promo_sk, RF008[bloom] -> cs_catalog_page_sk, RF010[bloom] -> cs_sold_date_sk
|     stored statistics:
|       table: rows=1.44M size=151.13MB
|       partitions: 1831/1831 rows=1.44M
|       columns: all
|     extrapolated-rows=disabled max-scan-range-rows=7.18K
|     mem-estimate=16.00MB mem-reservation=256.00KB thread-reservation=0
|     tuple-ids=8 row-size=36B cardinality=144.35K(filtered from 1.44M) cost=91555080
|     in pipelines: 13(GETNEXT)
|
12:AGGREGATE [FINALIZE]
|  output: sum(ss_ext_sales_price), sum(coalesce(sr_return_amt, CAST(0 AS DECIMAL(7,2)))), sum(ss_net_profit - coalesce(sr_net_loss, CAST(0 AS DECIMAL(7,2))))
|  group by: s_store_id
|  mem-estimate=10.00MB mem-reservation=1.94MB spill-buffer=64.00KB thread-reservation=0
|  tuple-ids=6 row-size=76B cardinality=6 cost=1121644
|  in pipelines: 12(GETNEXT), 01(OPEN)
|
11:HASH JOIN [INNER JOIN]
|  hash predicates: ss_store_sk = s_store_sk
|  fk/pk conjuncts: ss_store_sk = s_store_sk
|  runtime filters: RF000[bloom] <- s_store_sk, RF001[min_max] <- s_store_sk
|  mem-estimate=1.94MB mem-reservation=1.94MB spill-buffer=64.00KB thread-reservation=0
|  tuple-ids=0,1N,4,5,2,3 row-size=147B cardinality=280.41K cost=280423
|  in pipelines: 01(GETNEXT), 04(OPEN)
|
|--04:SCAN HDFS [tpcds_partitioned_parquet_snap.store]
|     HDFS partitions=1/1 files=1 size=9.93KB
|     stored statistics:
|       table: rows=12 size=9.93KB
|       columns: all
|     extrapolated-rows=disabled max-scan-range-rows=12
|     mem-estimate=16.00MB mem-reservation=16.00KB thread-reservation=0
|     tuple-ids=3 row-size=32B cardinality=12 cost=50001
|     in pipelines: 04(GETNEXT)
|
10:HASH JOIN [INNER JOIN]
|  hash predicates: ss_sold_date_sk = d_date_sk
|  fk/pk conjuncts: ss_sold_date_sk = d_date_sk
|  runtime filters: RF002[bloom] <- d_date_sk
|  mem-estimate=1.94MB mem-reservation=1.94MB spill-buffer=64.00KB thread-reservation=0
|  tuple-ids=0,1N,4,5,2 row-size=115B cardinality=280.41K cost=287716
|  in pipelines: 01(GETNEXT), 03(OPEN)
|
|--03:SCAN HDFS [tpcds_partitioned_parquet_snap.date_dim]
|     HDFS partitions=1/1 files=1 size=2.15MB
|     predicates: CAST(d_date AS DATE) <= DATE '1998-09-03', CAST(d_date AS DATE) >= DATE '1998-08-04'
|     stored statistics:
|       table: rows=73.05K size=2.15MB
|       columns: all
|     extrapolated-rows=disabled max-scan-range-rows=73.05K
|     parquet statistics predicates: CAST(d_date AS DATE) <= DATE '1998-09-03', CAST(d_date AS DATE) >= DATE '1998-08-04'
|     parquet dictionary predicates: CAST(d_date AS DATE) <= DATE '1998-09-03', CAST(d_date AS DATE) >= DATE '1998-08-04'
|     mem-estimate=16.00MB mem-reservation=1.00MB thread-reservation=0
|     tuple-ids=2 row-size=26B cardinality=7.30K cost=197953
|     in pipelines: 03(GETNEXT)
|
09:HASH JOIN [INNER JOIN]
|  hash predicates: ss_promo_sk = p_promo_sk
|  fk/pk conjuncts: ss_promo_sk = p_promo_sk
|  runtime filters: RF004[bloom] <- p_promo_sk, RF005[min_max] <- p_promo_sk
|  mem-estimate=1.94MB mem-reservation=1.94MB spill-buffer=64.00KB thread-reservation=0
|  tuple-ids=0,1N,4,5 row-size=89B cardinality=280.41K cost=288335
|  in pipelines: 01(GETNEXT), 06(OPEN)
|
|--06:SCAN HDFS [tpcds_partitioned_parquet_snap.promotion]
|     HDFS partitions=1/1 files=1 size=23.30KB
|     predicates: p_channel_tv = 'N'
|     stored statistics:
|       table: rows=300 size=23.30KB
|       columns: all
|     extrapolated-rows=disabled max-scan-range-rows=300
|     parquet statistics predicates: p_channel_tv = 'N'
|     parquet dictionary predicates: p_channel_tv = 'N'
|     mem-estimate=16.00MB mem-reservation=32.00KB thread-reservation=0
|     tuple-ids=5 row-size=17B cardinality=294 cost=50305
|     in pipelines: 06(GETNEXT)
|
08:HASH JOIN [INNER JOIN]
|  hash predicates: ss_item_sk = i_item_sk
|  fk/pk conjuncts: ss_item_sk = i_item_sk
|  runtime filters: RF006[bloom] <- i_item_sk, RF007[min_max] <- i_item_sk
|  mem-estimate=1.94MB mem-reservation=1.94MB spill-buffer=64.00KB thread-reservation=0
|  tuple-ids=0,1N,4 row-size=72B cardinality=288.04K cost=290241
|  in pipelines: 01(GETNEXT), 05(OPEN)
|
|--05:SCAN HDFS [tpcds_partitioned_parquet_snap.item]
|     HDFS partitions=1/1 files=1 size=1.73MB
|     predicates: i_current_price > CAST(50 AS DECIMAL(3,0))
|     stored statistics:
|       table: rows=18.00K size=1.73MB
|       columns: all
|     extrapolated-rows=disabled max-scan-range-rows=18.00K
|     parquet statistics predicates: i_current_price > CAST(50 AS DECIMAL(3,0))
|     parquet dictionary predicates: i_current_price > CAST(50 AS DECIMAL(3,0))
|     mem-estimate=16.00MB mem-reservation=256.00KB thread-reservation=0
|     tuple-ids=4 row-size=12B cardinality=1.80K cost=68211
|     in pipelines: 05(GETNEXT)
|
07:HASH JOIN [LEFT OUTER JOIN]
|  hash predicates: ss_item_sk = sr_item_sk, ss_ticket_number = sr_ticket_number
|  fk/pk conjuncts: ss_item_sk = sr_item_sk, ss_ticket_number = sr_ticket_number
|  mem-estimate=17.00MB mem-reservation=17.00MB spill-buffer=1.00MB thread-reservation=0
|  tuple-ids=0,1N row-size=60B cardinality=288.44K(filtered from 2.88M) cost=1151910
|  in pipelines: 01(GETNEXT), 02(OPEN)
|
|--02:SCAN HDFS [tpcds_partitioned_parquet_snap.store_returns]
|     HDFS partitions=2004/2004 files=2004 size=33.80MB
|     runtime filters: RF007[min_max] -> tpcds_partitioned_parquet_snap.store_returns.sr_item_sk, RF006[bloom] -> tpcds_partitioned_parquet_snap.store_returns.sr_item_sk
|     stored statistics:
|       table: rows=287.51K size=33.80MB
|       partitions: 2004/2004 rows=287.51K
|       columns: all
|     extrapolated-rows=disabled max-scan-range-rows=10.01K
|     mem-estimate=16.00MB mem-reservation=256.00KB thread-reservation=0
|     tuple-ids=1 row-size=24B cardinality=287.51K cost=100206736
|     in pipelines: 02(GETNEXT)
|
01:SCAN HDFS [tpcds_partitioned_parquet_snap.store_sales]
   HDFS partitions=1824/1824 files=1824 size=199.36MB
   runtime filters: RF007[min_max] -> ss_item_sk, RF005[min_max] -> ss_promo_sk, RF001[min_max] -> ss_store_sk, RF006[bloom] -> ss_item_sk, RF004[bloom] -> ss_promo_sk, RF000[bloom] -> ss_store_sk, RF002[bloom] -> ss_sold_date_sk
   stored statistics:
     table: rows=2.88M size=199.36MB
     partitions: 1824/1824 rows=2.88M
     columns: all
   extrapolated-rows=disabled max-scan-range-rows=130.09K
   mem-estimate=16.00MB mem-reservation=4.00MB thread-reservation=0
   tuple-ids=0 row-size=36B cardinality=288.44K(filtered from 2.88M) cost=91210136
   in pipelines: 01(GETNEXT)
---- DISTRIBUTEDPLAN
Max Per-Host Resource Reservation: Memory=335.50MB Threads=58
Per-Host Resource Estimates: Memory=1.23GB
F23:PLAN FRAGMENT [UNPARTITIONED] hosts=1 instances=1
|  Per-Instance Resources: mem-estimate=4.05MB mem-reservation=4.00MB thread-reservation=1
|  max-parallelism=1 segment-costs=[508] cpu-comparison-result=93 [max(1 (self) vs 93 (sum children))]
PLAN-ROOT SINK
|  output exprs: CASE valid_tid(26,27,28) WHEN 26 THEN channel WHEN 27 THEN channel WHEN 28 THEN NULL END, CASE valid_tid(26,27,28) WHEN 26 THEN id WHEN 27 THEN NULL WHEN 28 THEN NULL END, aggif(valid_tid(26,27,28) IN (26, 27, 28), CASE valid_tid(26,27,28) WHEN 26 THEN sum(sales) WHEN 27 THEN sum(sales) WHEN 28 THEN sum(sales) END), aggif(valid_tid(26,27,28) IN (26, 27, 28), CASE valid_tid(26,27,28) WHEN 26 THEN sum(`returns`) WHEN 27 THEN sum(`returns`) WHEN 28 THEN sum(`returns`) END), aggif(valid_tid(26,27,28) IN (26, 27, 28), CASE valid_tid(26,27,28) WHEN 26 THEN sum(profit) WHEN 27 THEN sum(profit) WHEN 28 THEN sum(profit) END)
|  mem-estimate=4.00MB mem-reservation=4.00MB spill-buffer=2.00MB thread-reservation=0 cost=500
|
63:MERGING-EXCHANGE [UNPARTITIONED]
|  order by: CASE valid_tid(26,27,28) WHEN 26 THEN channel WHEN 27 THEN channel WHEN 28 THEN NULL END ASC, CASE valid_tid(26,27,28) WHEN 26 THEN id WHEN 27 THEN NULL WHEN 28 THEN NULL END ASC
|  limit: 100
|  mem-estimate=46.88KB mem-reservation=0B thread-reservation=0
|  tuple-ids=30 row-size=72B cardinality=100 cost=8
|  in pipelines: 39(GETNEXT)
|
F22:PLAN FRAGMENT [HASH(CASE valid_tid(26,27,28) WHEN 26 THEN murmur_hash(channel) WHEN 27 THEN murmur_hash(channel) WHEN 28 THEN murmur_hash(NULL) END,CASE valid_tid(26,27,28) WHEN 26 THEN murmur_hash(id) WHEN 27 THEN murmur_hash(NULL) WHEN 28 THEN murmur_hash(NULL) END)] hosts=3 instances=6 (adjusted from 48)
Per-Instance Resources: mem-estimate=40.00MB mem-reservation=7.75MB thread-reservation=1
max-parallelism=6 segment-costs=[60395, 69384, 200, 8] cpu-comparison-result=93 [max(6 (self) vs 93 (sum children))]
39:TOP-N [LIMIT=100]
|  order by: CASE valid_tid(26,27,28) WHEN 26 THEN channel WHEN 27 THEN channel WHEN 28 THEN NULL END ASC, CASE valid_tid(26,27,28) WHEN 26 THEN id WHEN 27 THEN NULL WHEN 28 THEN NULL END ASC
|  mem-estimate=7.03KB mem-reservation=0B thread-reservation=0
|  tuple-ids=30 row-size=72B cardinality=100 cost=200
|  in pipelines: 39(GETNEXT), 38(OPEN)
|
38:AGGREGATE [FINALIZE]
|  output: aggif(valid_tid(26,27,28) IN (CAST(26 AS INT), CAST(27 AS INT), CAST(28 AS INT)), CASE valid_tid(26,27,28) WHEN CAST(26 AS INT) THEN sum(sales) WHEN CAST(27 AS INT) THEN sum(sales) WHEN CAST(28 AS INT) THEN sum(sales) END), aggif(valid_tid(26,27,28) IN (CAST(26 AS INT), CAST(27 AS INT), CAST(28 AS INT)), CASE valid_tid(26,27,28) WHEN CAST(26 AS INT) THEN sum(`returns`) WHEN CAST(27 AS INT) THEN sum(`returns`) WHEN CAST(28 AS INT) THEN sum(`returns`) END), aggif(valid_tid(26,27,28) IN (CAST(26 AS INT), CAST(27 AS INT), CAST(28 AS INT)), CASE valid_tid(26,27,28) WHEN CAST(26 AS INT) THEN sum(profit) WHEN CAST(27 AS INT) THEN sum(profit) WHEN CAST(28 AS INT) THEN sum(profit) END)
|  group by: CASE valid_tid(26,27,28) WHEN CAST(26 AS INT) THEN channel WHEN CAST(27 AS INT) THEN channel WHEN CAST(28 AS INT) THEN NULL END, CASE valid_tid(26,27,28) WHEN CAST(26 AS INT) THEN id WHEN CAST(27 AS INT) THEN NULL WHEN CAST(28 AS INT) THEN NULL END, CASE valid_tid(26,27,28) WHEN CAST(26 AS INT) THEN CAST(26 AS INT) WHEN CAST(27 AS INT) THEN CAST(27 AS INT) WHEN CAST(28 AS INT) THEN CAST(28 AS INT) END
|  mem-estimate=10.00MB mem-reservation=1.94MB spill-buffer=64.00KB thread-reservation=0
|  tuple-ids=29 row-size=76B cardinality=11.56K cost=69384
|  in pipelines: 38(GETNEXT), 62(OPEN)
|
62:AGGREGATE [FINALIZE]
|  Class 0
|    output: sum:merge(sales), sum:merge(`returns`), sum:merge(profit)
|    group by: channel, id
|  Class 1
|    output: sum:merge(sales), sum:merge(`returns`), sum:merge(profit)
|    group by: channel, NULL
|  Class 2
|    output: sum:merge(sales), sum:merge(`returns`), sum:merge(profit)
|    group by: NULL, NULL
|  mem-estimate=30.00MB mem-reservation=5.81MB thread-reservation=0
|  tuple-ids=26N,27N,28N row-size=216B cardinality=11.56K cost=57820
|  in pipelines: 62(GETNEXT), 46(OPEN), 53(OPEN), 60(OPEN)
|
61:EXCHANGE [HASH(CASE valid_tid(26,27,28) WHEN 26 THEN murmur_hash(channel) WHEN 27 THEN murmur_hash(channel) WHEN 28 THEN murmur_hash(NULL) END,CASE valid_tid(26,27,28) WHEN 26 THEN murmur_hash(id) WHEN 27 THEN murmur_hash(NULL) WHEN 28 THEN murmur_hash(NULL) END)]
|  mem-estimate=3.47MB mem-reservation=0B thread-reservation=0
|  tuple-ids=26N,27N,28N row-size=216B cardinality=11.56K cost=2575
|  in pipelines: 46(GETNEXT), 53(GETNEXT), 60(GETNEXT)
|
F21:PLAN FRAGMENT [RANDOM] hosts=3 instances=12 (adjusted from 48)
Per-Instance Resources: mem-estimate=46.56MB mem-reservation=7.94MB thread-reservation=1
max-parallelism=12 segment-costs=[25, 47058, 62, 346800, 2575] cpu-comparison-result=93 [max(12 (self) vs 93 (sum children))]
37:AGGREGATE [STREAMING]
|  Class 0
|    output: sum(sales), sum(returns), sum(profit)
|    group by: channel, id
|  Class 1
|    output: sum(sales), sum(returns), sum(profit)
|    group by: channel, NULL
|  Class 2
|    output: sum(sales), sum(returns), sum(profit)
|    group by: NULL, NULL
|  mem-estimate=30.00MB mem-reservation=6.00MB thread-reservation=0
|  tuple-ids=26N,27N,28N row-size=216B cardinality=11.56K cost=173400
|  in pipelines: 46(GETNEXT), 53(GETNEXT), 60(GETNEXT)
|
00:UNION
|  mem-estimate=0B mem-reservation=0B thread-reservation=0
|  tuple-ids=24 row-size=72B cardinality=11.56K cost=173400
|  in pipelines: 46(GETNEXT), 53(GETNEXT), 60(GETNEXT)
|
|--60:AGGREGATE [FINALIZE]
|  |  output: sum:merge(ws_ext_sales_price), sum:merge(coalesce(wr_return_amt, 0)), sum:merge(ws_net_profit - coalesce(wr_net_loss, 0))
|  |  group by: web_site_id
|  |  mem-estimate=10.00MB mem-reservation=1.94MB spill-buffer=64.00KB thread-reservation=0
|  |  tuple-ids=22 row-size=76B cardinality=15 cost=60
|  |  in pipelines: 60(GETNEXT), 25(OPEN)
|  |
|  59:EXCHANGE [HASH(web_site_id)]
|  |  mem-estimate=16.00KB mem-reservation=0B thread-reservation=0
|  |  tuple-ids=22 row-size=76B cardinality=15 cost=2
|  |  in pipelines: 25(GETNEXT)
|  |
|  F14:PLAN FRAGMENT [RANDOM] hosts=3 instances=12 (adjusted from 48)
|  Per-Host Shared Resources: mem-estimate=2.00MB mem-reservation=2.00MB thread-reservation=0 runtime-filters-memory=2.00MB
|  Per-Instance Resources: mem-estimate=29.75MB mem-reservation=2.12MB thread-reservation=1
|  max-parallelism=12 segment-costs=[91910793, 2] cpu-comparison-result=31 [max(12 (self) vs 31 (sum children))]
|  36:AGGREGATE [STREAMING]
|  |  output: sum(ws_ext_sales_price), sum(coalesce(wr_return_amt, CAST(0 AS DECIMAL(7,2)))), sum(ws_net_profit - coalesce(wr_net_loss, CAST(0 AS DECIMAL(7,2))))
|  |  group by: web_site_id
|  |  mem-estimate=10.00MB mem-reservation=2.00MB spill-buffer=64.00KB thread-reservation=0
|  |  tuple-ids=22 row-size=76B cardinality=15 cost=280136
|  |  in pipelines: 25(GETNEXT)
|  |
|  35:HASH JOIN [INNER JOIN, BROADCAST]
|  |  hash-table-id=10
|  |  hash predicates: ws_web_site_sk = web_site_sk
|  |  fk/pk conjuncts: ws_web_site_sk = web_site_sk
|  |  mem-estimate=0B mem-reservation=0B spill-buffer=64.00KB thread-reservation=0
|  |  tuple-ids=16,17N,20,21,18,19 row-size=147B cardinality=70.03K cost=70034
|  |  in pipelines: 25(GETNEXT), 28(OPEN)
|  |
|  |--F34:PLAN FRAGMENT [RANDOM] hosts=3 instances=3
|  |  |  Per-Instance Resources: mem-estimate=7.77MB mem-reservation=7.75MB thread-reservation=1
|  |  |  max-parallelism=3 segment-costs=[36]
|  |  JOIN BUILD
|  |  |  join-table-id=10 plan-id=11 cohort-id=03
|  |  |  build expressions: web_site_sk
|  |  |  runtime filters: RF017[min_max] <- web_site_sk
|  |  |  mem-estimate=7.75MB mem-reservation=7.75MB spill-buffer=64.00KB thread-reservation=0 cost=30
|  |  |
|  |  58:EXCHANGE [BROADCAST]
|  |  |  mem-estimate=16.00KB mem-reservation=0B thread-reservation=0
|  |  |  tuple-ids=19 row-size=32B cardinality=30 cost=6
|  |  |  in pipelines: 28(GETNEXT)
|  |  |
|  |  F19:PLAN FRAGMENT [RANDOM] hosts=1 instances=1
|  |  Per-Instance Resources: mem-estimate=16.14MB mem-reservation=16.00KB thread-reservation=1
|  |  max-parallelism=1 segment-costs=[50003]
|  |  28:SCAN HDFS [tpcds_partitioned_parquet_snap.web_site, RANDOM]
|  |     HDFS partitions=1/1 files=1 size=11.91KB
|  |     stored statistics:
|  |       table: rows=30 size=11.91KB
|  |       columns: all
|  |     extrapolated-rows=disabled max-scan-range-rows=30
|  |     mem-estimate=16.00MB mem-reservation=16.00KB thread-reservation=0
|  |     tuple-ids=19 row-size=32B cardinality=30 cost=50001
|  |     in pipelines: 28(GETNEXT)
|  |
|  34:HASH JOIN [INNER JOIN, BROADCAST]
|  |  hash-table-id=11
|  |  hash predicates: ws_sold_date_sk = d_date_sk
|  |  fk/pk conjuncts: ws_sold_date_sk = d_date_sk
|  |  mem-estimate=0B mem-reservation=0B spill-buffer=64.00KB thread-reservation=0
|  |  tuple-ids=16,17N,20,21,18 row-size=115B cardinality=70.03K cost=70034
|  |  in pipelines: 25(GETNEXT), 27(OPEN)
|  |
|  |--F35:PLAN FRAGMENT [RANDOM] hosts=3 instances=3
|  |  |  Per-Instance Resources: mem-estimate=7.96MB mem-reservation=7.75MB thread-reservation=1
|  |  |  max-parallelism=3 segment-costs=[7950]
|  |  JOIN BUILD
|  |  |  join-table-id=11 plan-id=12 cohort-id=03
|  |  |  build expressions: d_date_sk
|  |  |  mem-estimate=7.75MB mem-reservation=7.75MB spill-buffer=64.00KB thread-reservation=0 cost=7305
|  |  |
|  |  57:EXCHANGE [BROADCAST]
|  |  |  mem-estimate=215.48KB mem-reservation=0B thread-reservation=0
|  |  |  tuple-ids=18 row-size=26B cardinality=7.30K cost=645
|  |  |  in pipelines: 27(GETNEXT)
|  |  |
|  |  F18:PLAN FRAGMENT [RANDOM] hosts=1 instances=1
|  |  Per-Instance Resources: mem-estimate=16.12MB mem-reservation=1.00MB thread-reservation=1
|  |  max-parallelism=1 segment-costs=[198168]
|  |  27:SCAN HDFS [tpcds_partitioned_parquet_snap.date_dim, RANDOM]
|  |     HDFS partitions=1/1 files=1 size=2.15MB
|  |     predicates: CAST(d_date AS DATE) <= DATE '1998-09-03', CAST(d_date AS DATE) >= DATE '1998-08-04'
|  |     stored statistics:
|  |       table: rows=73.05K size=2.15MB
|  |       columns: all
|  |     extrapolated-rows=disabled max-scan-range-rows=73.05K
|  |     parquet statistics predicates: CAST(d_date AS DATE) <= DATE '1998-09-03', CAST(d_date AS DATE) >= DATE '1998-08-04'
|  |     parquet dictionary predicates: CAST(d_date AS DATE) <= DATE '1998-09-03', CAST(d_date AS DATE) >= DATE '1998-08-04'
|  |     mem-estimate=16.00MB mem-reservation=1.00MB thread-reservation=0
|  |     tuple-ids=18 row-size=26B cardinality=7.30K cost=197953
|  |     in pipelines: 27(GETNEXT)
|  |
|  33:HASH JOIN [INNER JOIN, BROADCAST]
|  |  hash-table-id=12
|  |  hash predicates: ws_promo_sk = p_promo_sk
|  |  fk/pk conjuncts: ws_promo_sk = p_promo_sk
|  |  mem-estimate=0B mem-reservation=0B spill-buffer=64.00KB thread-reservation=0
|  |  tuple-ids=16,17N,20,21 row-size=89B cardinality=70.03K cost=71939
|  |  in pipelines: 25(GETNEXT), 30(OPEN)
|  |
|  |--F36:PLAN FRAGMENT [RANDOM] hosts=3 instances=3
|  |  |  Per-Instance Resources: mem-estimate=8.77MB mem-reservation=8.75MB thread-reservation=1 runtime-filters-memory=1.00MB
|  |  |  max-parallelism=3 segment-costs=[315]
|  |  JOIN BUILD
|  |  |  join-table-id=12 plan-id=13 cohort-id=03
|  |  |  build expressions: p_promo_sk
|  |  |  runtime filters: RF020[bloom] <- p_promo_sk, RF021[min_max] <- p_promo_sk
|  |  |  mem-estimate=7.75MB mem-reservation=7.75MB spill-buffer=64.00KB thread-reservation=0 cost=294
|  |  |
|  |  56:EXCHANGE [BROADCAST]
|  |  |  mem-estimate=16.00KB mem-reservation=0B thread-reservation=0
|  |  |  tuple-ids=21 row-size=17B cardinality=294 cost=21
|  |  |  in pipelines: 30(GETNEXT)
|  |  |
|  |  F17:PLAN FRAGMENT [RANDOM] hosts=1 instances=1
|  |  Per-Instance Resources: mem-estimate=16.08MB mem-reservation=32.00KB thread-reservation=1
|  |  max-parallelism=1 segment-costs=[50312]
|  |  30:SCAN HDFS [tpcds_partitioned_parquet_snap.promotion, RANDOM]
|  |     HDFS partitions=1/1 files=1 size=23.30KB
|  |     predicates: p_channel_tv = 'N'
|  |     stored statistics:
|  |       table: rows=300 size=23.30KB
|  |       columns: all
|  |     extrapolated-rows=disabled max-scan-range-rows=300
|  |     parquet statistics predicates: p_channel_tv = 'N'
|  |     parquet dictionary predicates: p_channel_tv = 'N'
|  |     mem-estimate=16.00MB mem-reservation=32.00KB thread-reservation=0
|  |     tuple-ids=21 row-size=17B cardinality=294 cost=50305
|  |     in pipelines: 30(GETNEXT)
|  |
|  32:HASH JOIN [INNER JOIN, BROADCAST]
|  |  hash-table-id=13
|  |  hash predicates: ws_item_sk = i_item_sk
|  |  fk/pk conjuncts: ws_item_sk = i_item_sk
|  |  mem-estimate=0B mem-reservation=0B spill-buffer=64.00KB thread-reservation=0
|  |  tuple-ids=16,17N,20 row-size=72B cardinality=71.94K cost=72038
|  |  in pipelines: 25(GETNEXT), 29(OPEN)
|  |
|  |--F37:PLAN FRAGMENT [RANDOM] hosts=3 instances=3
|  |  |  Per-Instance Resources: mem-estimate=8.79MB mem-reservation=8.75MB thread-reservation=1 runtime-filters-memory=1.00MB
|  |  |  max-parallelism=3 segment-costs=[1887]
|  |  JOIN BUILD
|  |  |  join-table-id=13 plan-id=14 cohort-id=03
|  |  |  build expressions: i_item_sk
|  |  |  runtime filters: RF022[bloom] <- i_item_sk, RF023[min_max] <- i_item_sk
|  |  |  mem-estimate=7.75MB mem-reservation=7.75MB spill-buffer=64.00KB thread-reservation=0 cost=1800
|  |  |
|  |  55:EXCHANGE [BROADCAST]
|  |  |  mem-estimate=37.09KB mem-reservation=0B thread-reservation=0
|  |  |  tuple-ids=20 row-size=12B cardinality=1.80K cost=87
|  |  |  in pipelines: 29(GETNEXT)
|  |  |
|  |  F16:PLAN FRAGMENT [RANDOM] hosts=1 instances=1
|  |  Per-Instance Resources: mem-estimate=16.06MB mem-reservation=256.00KB thread-reservation=1
|  |  max-parallelism=1 segment-costs=[68240]
|  |  29:SCAN HDFS [tpcds_partitioned_parquet_snap.item, RANDOM]
|  |     HDFS partitions=1/1 files=1 size=1.73MB
|  |     predicates: i_current_price > CAST(50 AS DECIMAL(3,0))
|  |     stored statistics:
|  |       table: rows=18.00K size=1.73MB
|  |       columns: all
|  |     extrapolated-rows=disabled max-scan-range-rows=18.00K
|  |     parquet statistics predicates: i_current_price > CAST(50 AS DECIMAL(3,0))
|  |     parquet dictionary predicates: i_current_price > CAST(50 AS DECIMAL(3,0))
|  |     mem-estimate=16.00MB mem-reservation=256.00KB thread-reservation=0
|  |     tuple-ids=20 row-size=12B cardinality=1.80K cost=68211
|  |     in pipelines: 29(GETNEXT)
|  |
|  31:HASH JOIN [LEFT OUTER JOIN, BROADCAST]
|  |  hash-table-id=14
|  |  hash predicates: ws_item_sk = wr_item_sk, ws_order_number = wr_order_number
|  |  fk/pk conjuncts: ws_item_sk = wr_item_sk, ws_order_number = wr_order_number
|  |  mem-estimate=0B mem-reservation=0B spill-buffer=256.00KB thread-reservation=0
|  |  tuple-ids=16,17N row-size=60B cardinality=72.04K(filtered from 719.38K) cost=144076
|  |  in pipelines: 25(GETNEXT), 26(OPEN)
|  |
|  |--F38:PLAN FRAGMENT [RANDOM] hosts=3 instances=3
|  |  |  Per-Instance Resources: mem-estimate=20.97MB mem-reservation=19.00MB thread-reservation=1
|  |  |  max-parallelism=3 segment-costs=[149415]
|  |  JOIN BUILD
|  |  |  join-table-id=14 plan-id=15 cohort-id=03
|  |  |  build expressions: wr_item_sk, wr_order_number
|  |  |  mem-estimate=19.00MB mem-reservation=19.00MB spill-buffer=256.00KB thread-reservation=0 cost=143526
|  |  |
|  |  54:EXCHANGE [BROADCAST]
|  |  |  mem-estimate=1.97MB mem-reservation=0B thread-reservation=0
|  |  |  tuple-ids=17 row-size=24B cardinality=71.76K cost=5889
|  |  |  in pipelines: 26(GETNEXT)
|  |  |
|  |  F15:PLAN FRAGMENT [RANDOM] hosts=3 instances=12 (adjusted from 48)
|  |  Per-Host Shared Resources: mem-estimate=1.00MB mem-reservation=1.00MB thread-reservation=0 runtime-filters-memory=1.00MB
|  |  Per-Instance Resources: mem-estimate=16.11MB mem-reservation=128.00KB thread-reservation=1
|  |  max-parallelism=12 segment-costs=[105703651]
|  |  26:SCAN HDFS [tpcds_partitioned_parquet_snap.web_returns, RANDOM]
|  |     HDFS partitions=2114/2114 files=2114 size=20.82MB
|  |     runtime filters: RF023[min_max] -> tpcds_partitioned_parquet_snap.web_returns.wr_item_sk, RF022[bloom] -> tpcds_partitioned_parquet_snap.web_returns.wr_item_sk
|  |     stored statistics:
|  |       table: rows=71.76K size=20.82MB
|  |       partitions: 2114/2114 rows=71.76K
|  |       columns: all
|  |     extrapolated-rows=disabled max-scan-range-rows=3.13K
|  |     mem-estimate=16.00MB mem-reservation=128.00KB thread-reservation=0
|  |     tuple-ids=17 row-size=24B cardinality=71.76K cost=105701688
|  |     in pipelines: 26(GETNEXT)
|  |
|  25:SCAN HDFS [tpcds_partitioned_parquet_snap.web_sales, RANDOM]
|     HDFS partitions=1824/1824 files=1824 size=84.20MB
|     runtime filters: RF023[min_max] -> ws_item_sk, RF021[min_max] -> ws_promo_sk, RF017[min_max] -> ws_web_site_sk, RF022[bloom] -> ws_item_sk, RF020[bloom] -> ws_promo_sk
|     stored statistics:
|       table: rows=719.38K size=84.20MB
|       partitions: 1824/1824 rows=719.38K
|       columns: all
|     extrapolated-rows=disabled max-scan-range-rows=1.12K
|     mem-estimate=16.00MB mem-reservation=128.00KB thread-reservation=0
|     tuple-ids=16 row-size=36B cardinality=72.04K(filtered from 719.38K) cost=91202536
|     in pipelines: 25(GETNEXT)
|
|--53:AGGREGATE [FINALIZE]
|  |  output: sum:merge(cs_ext_sales_price), sum:merge(coalesce(cr_return_amount, 0)), sum:merge(cs_net_profit - coalesce(cr_net_loss, 0))
|  |  group by: cp_catalog_page_id
|  |  mem-estimate=10.00MB mem-reservation=1.94MB spill-buffer=64.00KB thread-reservation=0
|  |  tuple-ids=14 row-size=76B cardinality=11.54K cost=46156
|  |  in pipelines: 53(GETNEXT), 13(OPEN)
|  |
|  52:EXCHANGE [HASH(cp_catalog_page_id)]
|  |  mem-estimate=1.22MB mem-reservation=0B thread-reservation=0
|  |  tuple-ids=14 row-size=76B cardinality=11.54K cost=902
|  |  in pipelines: 13(GETNEXT)
|  |
|  F07:PLAN FRAGMENT [RANDOM] hosts=3 instances=12 (adjusted from 48)
|  Per-Host Shared Resources: mem-estimate=4.00MB mem-reservation=4.00MB thread-reservation=0 runtime-filters-memory=4.00MB
|  Per-Instance Resources: mem-estimate=29.75MB mem-reservation=2.25MB thread-reservation=1
|  max-parallelism=12 segment-costs=[92974322, 902] cpu-comparison-result=31 [max(12 (self) vs 31 (sum children))]
|  24:AGGREGATE [STREAMING]
|  |  output: sum(cs_ext_sales_price), sum(coalesce(cr_return_amount, CAST(0 AS DECIMAL(7,2)))), sum(cs_net_profit - coalesce(cr_net_loss, CAST(0 AS DECIMAL(7,2))))
|  |  group by: cp_catalog_page_id
|  |  mem-estimate=10.00MB mem-reservation=2.00MB spill-buffer=64.00KB thread-reservation=0
|  |  tuple-ids=14 row-size=76B cardinality=11.54K cost=561348
|  |  in pipelines: 13(GETNEXT)
|  |
|  23:HASH JOIN [INNER JOIN, BROADCAST]
|  |  hash-table-id=05
|  |  hash predicates: cs_catalog_page_sk = cp_catalog_page_sk
|  |  fk/pk conjuncts: cs_catalog_page_sk = cp_catalog_page_sk
|  |  mem-estimate=0B mem-reservation=0B spill-buffer=64.00KB thread-reservation=0
|  |  tuple-ids=8,9N,12,13,10,11 row-size=147B cardinality=140.34K cost=140337
|  |  in pipelines: 13(GETNEXT), 16(OPEN)
|  |
|  |--F29:PLAN FRAGMENT [RANDOM] hosts=3 instances=3
|  |  |  Per-Instance Resources: mem-estimate=9.14MB mem-reservation=8.75MB thread-reservation=1 runtime-filters-memory=1.00MB
|  |  |  max-parallelism=3 segment-costs=[12954]
|  |  JOIN BUILD
|  |  |  join-table-id=05 plan-id=06 cohort-id=02
|  |  |  build expressions: cp_catalog_page_sk
|  |  |  runtime filters: RF008[bloom] <- cp_catalog_page_sk, RF009[min_max] <- cp_catalog_page_sk
|  |  |  mem-estimate=7.75MB mem-reservation=7.75MB spill-buffer=64.00KB thread-reservation=0 cost=11718
|  |  |
|  |  51:EXCHANGE [BROADCAST]
|  |  |  mem-estimate=402.19KB mem-reservation=0B thread-reservation=0
|  |  |  tuple-ids=11 row-size=32B cardinality=11.72K cost=1236
|  |  |  in pipelines: 16(GETNEXT)
|  |  |
|  |  F12:PLAN FRAGMENT [RANDOM] hosts=1 instances=1
|  |  Per-Instance Resources: mem-estimate=16.14MB mem-reservation=256.00KB thread-reservation=1
|  |  max-parallelism=1 segment-costs=[50779]
|  |  16:SCAN HDFS [tpcds_partitioned_parquet_snap.catalog_page, RANDOM]
|  |     HDFS partitions=1/1 files=1 size=739.17KB
|  |     stored statistics:
|  |       table: rows=11.72K size=739.17KB
|  |       columns: all
|  |     extrapolated-rows=disabled max-scan-range-rows=11.72K
|  |     mem-estimate=16.00MB mem-reservation=256.00KB thread-reservation=0
|  |     tuple-ids=11 row-size=32B cardinality=11.72K cost=50367
|  |     in pipelines: 16(GETNEXT)
|  |
|  22:HASH JOIN [INNER JOIN, BROADCAST]
|  |  hash-table-id=06
|  |  hash predicates: cs_sold_date_sk = d_date_sk
|  |  fk/pk conjuncts: cs_sold_date_sk = d_date_sk
|  |  mem-estimate=0B mem-reservation=0B spill-buffer=64.00KB thread-reservation=0
|  |  tuple-ids=8,9N,12,13,10 row-size=115B cardinality=140.34K cost=140337
|  |  in pipelines: 13(GETNEXT), 15(OPEN)
|  |
|  |--F30:PLAN FRAGMENT [RANDOM] hosts=3 instances=3
|  |  |  Per-Instance Resources: mem-estimate=8.96MB mem-reservation=8.75MB thread-reservation=1 runtime-filters-memory=1.00MB
|  |  |  max-parallelism=3 segment-costs=[7950]
|  |  JOIN BUILD
|  |  |  join-table-id=06 plan-id=07 cohort-id=02
|  |  |  build expressions: d_date_sk
|  |  |  runtime filters: RF010[bloom] <- d_date_sk
|  |  |  mem-estimate=7.75MB mem-reservation=7.75MB spill-buffer=64.00KB thread-reservation=0 cost=7305
|  |  |
|  |  50:EXCHANGE [BROADCAST]
|  |  |  mem-estimate=215.48KB mem-reservation=0B thread-reservation=0
|  |  |  tuple-ids=10 row-size=26B cardinality=7.30K cost=645
|  |  |  in pipelines: 15(GETNEXT)
|  |  |
|  |  F11:PLAN FRAGMENT [RANDOM] hosts=1 instances=1
|  |  Per-Instance Resources: mem-estimate=16.12MB mem-reservation=1.00MB thread-reservation=1
|  |  max-parallelism=1 segment-costs=[198168]
|  |  15:SCAN HDFS [tpcds_partitioned_parquet_snap.date_dim, RANDOM]
|  |     HDFS partitions=1/1 files=1 size=2.15MB
|  |     predicates: CAST(d_date AS DATE) <= DATE '1998-09-03', CAST(d_date AS DATE) >= DATE '1998-08-04'
|  |     stored statistics:
|  |       table: rows=73.05K size=2.15MB
|  |       columns: all
|  |     extrapolated-rows=disabled max-scan-range-rows=73.05K
|  |     parquet statistics predicates: CAST(d_date AS DATE) <= DATE '1998-09-03', CAST(d_date AS DATE) >= DATE '1998-08-04'
|  |     parquet dictionary predicates: CAST(d_date AS DATE) <= DATE '1998-09-03', CAST(d_date AS DATE) >= DATE '1998-08-04'
|  |     mem-estimate=16.00MB mem-reservation=1.00MB thread-reservation=0
|  |     tuple-ids=10 row-size=26B cardinality=7.30K cost=197953
|  |     in pipelines: 15(GETNEXT)
|  |
|  21:HASH JOIN [INNER JOIN, BROADCAST]
|  |  hash-table-id=07
|  |  hash predicates: cs_promo_sk = p_promo_sk
|  |  fk/pk conjuncts: cs_promo_sk = p_promo_sk
|  |  mem-estimate=0B mem-reservation=0B spill-buffer=64.00KB thread-reservation=0
|  |  tuple-ids=8,9N,12,13 row-size=89B cardinality=140.34K cost=144155
|  |  in pipelines: 13(GETNEXT), 18(OPEN)
|  |
|  |--F31:PLAN FRAGMENT [RANDOM] hosts=3 instances=3
|  |  |  Per-Instance Resources: mem-estimate=8.77MB mem-reservation=8.75MB thread-reservation=1 runtime-filters-memory=1.00MB
|  |  |  max-parallelism=3 segment-costs=[315]
|  |  JOIN BUILD
|  |  |  join-table-id=07 plan-id=08 cohort-id=02
|  |  |  build expressions: p_promo_sk
|  |  |  runtime filters: RF012[bloom] <- p_promo_sk, RF013[min_max] <- p_promo_sk
|  |  |  mem-estimate=7.75MB mem-reservation=7.75MB spill-buffer=64.00KB thread-reservation=0 cost=294
|  |  |
|  |  49:EXCHANGE [BROADCAST]
|  |  |  mem-estimate=16.00KB mem-reservation=0B thread-reservation=0
|  |  |  tuple-ids=13 row-size=17B cardinality=294 cost=21
|  |  |  in pipelines: 18(GETNEXT)
|  |  |
|  |  F10:PLAN FRAGMENT [RANDOM] hosts=1 instances=1
|  |  Per-Instance Resources: mem-estimate=16.08MB mem-reservation=32.00KB thread-reservation=1
|  |  max-parallelism=1 segment-costs=[50312]
|  |  18:SCAN HDFS [tpcds_partitioned_parquet_snap.promotion, RANDOM]
|  |     HDFS partitions=1/1 files=1 size=23.30KB
|  |     predicates: p_channel_tv = 'N'
|  |     stored statistics:
|  |       table: rows=300 size=23.30KB
|  |       columns: all
|  |     extrapolated-rows=disabled max-scan-range-rows=300
|  |     parquet statistics predicates: p_channel_tv = 'N'
|  |     parquet dictionary predicates: p_channel_tv = 'N'
|  |     mem-estimate=16.00MB mem-reservation=32.00KB thread-reservation=0
|  |     tuple-ids=13 row-size=17B cardinality=294 cost=50305
|  |     in pipelines: 18(GETNEXT)
|  |
|  20:HASH JOIN [INNER JOIN, BROADCAST]
|  |  hash-table-id=08
|  |  hash predicates: cs_item_sk = i_item_sk
|  |  fk/pk conjuncts: cs_item_sk = i_item_sk
|  |  mem-estimate=0B mem-reservation=0B spill-buffer=64.00KB thread-reservation=0
|  |  tuple-ids=8,9N,12 row-size=72B cardinality=144.16K cost=144355
|  |  in pipelines: 13(GETNEXT), 17(OPEN)
|  |
|  |--F32:PLAN FRAGMENT [RANDOM] hosts=3 instances=3
|  |  |  Per-Instance Resources: mem-estimate=8.79MB mem-reservation=8.75MB thread-reservation=1 runtime-filters-memory=1.00MB
|  |  |  max-parallelism=3 segment-costs=[1887]
|  |  JOIN BUILD
|  |  |  join-table-id=08 plan-id=09 cohort-id=02
|  |  |  build expressions: i_item_sk
|  |  |  runtime filters: RF014[bloom] <- i_item_sk, RF015[min_max] <- i_item_sk
|  |  |  mem-estimate=7.75MB mem-reservation=7.75MB spill-buffer=64.00KB thread-reservation=0 cost=1800
|  |  |
|  |  48:EXCHANGE [BROADCAST]
|  |  |  mem-estimate=37.09KB mem-reservation=0B thread-reservation=0
|  |  |  tuple-ids=12 row-size=12B cardinality=1.80K cost=87
|  |  |  in pipelines: 17(GETNEXT)
|  |  |
|  |  F09:PLAN FRAGMENT [RANDOM] hosts=1 instances=1
|  |  Per-Instance Resources: mem-estimate=16.06MB mem-reservation=256.00KB thread-reservation=1
|  |  max-parallelism=1 segment-costs=[68240]
|  |  17:SCAN HDFS [tpcds_partitioned_parquet_snap.item, RANDOM]
|  |     HDFS partitions=1/1 files=1 size=1.73MB
|  |     predicates: i_current_price > CAST(50 AS DECIMAL(3,0))
|  |     stored statistics:
|  |       table: rows=18.00K size=1.73MB
|  |       columns: all
|  |     extrapolated-rows=disabled max-scan-range-rows=18.00K
|  |     parquet statistics predicates: i_current_price > CAST(50 AS DECIMAL(3,0))
|  |     parquet dictionary predicates: i_current_price > CAST(50 AS DECIMAL(3,0))
|  |     mem-estimate=16.00MB mem-reservation=256.00KB thread-reservation=0
|  |     tuple-ids=12 row-size=12B cardinality=1.80K cost=68211
|  |     in pipelines: 17(GETNEXT)
|  |
|  19:HASH JOIN [LEFT OUTER JOIN, BROADCAST]
|  |  hash-table-id=09
|  |  hash predicates: cs_item_sk = cr_item_sk, cs_order_number = cr_order_number
|  |  fk/pk conjuncts: cs_item_sk = cr_item_sk, cs_order_number = cr_order_number
|  |  mem-estimate=0B mem-reservation=0B spill-buffer=512.00KB thread-reservation=0
|  |  tuple-ids=8,9N row-size=60B cardinality=144.35K(filtered from 1.44M) cost=288710
|  |  in pipelines: 13(GETNEXT), 14(OPEN)
|  |
|  |--F33:PLAN FRAGMENT [RANDOM] hosts=3 instances=3
|  |  |  Per-Instance Resources: mem-estimate=37.63MB mem-reservation=34.00MB thread-reservation=1
|  |  |  max-parallelism=3 segment-costs=[299954]
|  |  JOIN BUILD
|  |  |  join-table-id=09 plan-id=10 cohort-id=02
|  |  |  build expressions: cr_item_sk, cr_order_number
|  |  |  mem-estimate=34.00MB mem-reservation=34.00MB spill-buffer=512.00KB thread-reservation=0 cost=288134
|  |  |
|  |  47:EXCHANGE [BROADCAST]
|  |  |  mem-estimate=3.63MB mem-reservation=0B thread-reservation=0
|  |  |  tuple-ids=9 row-size=24B cardinality=144.07K cost=11820
|  |  |  in pipelines: 14(GETNEXT)
|  |  |
|  |  F08:PLAN FRAGMENT [RANDOM] hosts=3 instances=12 (adjusted from 48)
|  |  Per-Host Shared Resources: mem-estimate=1.00MB mem-reservation=1.00MB thread-reservation=0 runtime-filters-memory=1.00MB
|  |  Per-Instance Resources: mem-estimate=16.11MB mem-reservation=32.00KB thread-reservation=1
|  |  max-parallelism=12 segment-costs=[103007316]
|  |  14:SCAN HDFS [tpcds_partitioned_parquet_snap.catalog_returns, RANDOM]
|  |     HDFS partitions=2060/2060 files=2060 size=30.62MB
|  |     runtime filters: RF015[min_max] -> tpcds_partitioned_parquet_snap.catalog_returns.cr_item_sk, RF014[bloom] -> tpcds_partitioned_parquet_snap.catalog_returns.cr_item_sk
|  |     stored statistics:
|  |       table: rows=144.07K size=30.62MB
|  |       partitions: 2060/2060 rows=144.07K
|  |       columns: all
|  |     extrapolated-rows=disabled max-scan-range-rows=139
|  |     mem-estimate=16.00MB mem-reservation=32.00KB thread-reservation=0
|  |     tuple-ids=9 row-size=24B cardinality=144.07K cost=103003376
|  |     in pipelines: 14(GETNEXT)
|  |
|  13:SCAN HDFS [tpcds_partitioned_parquet_snap.catalog_sales, RANDOM]
|     HDFS partitions=1831/1831 files=1831 size=151.13MB
|     runtime filters: RF015[min_max] -> cs_item_sk, RF013[min_max] -> cs_promo_sk, RF009[min_max] -> cs_catalog_page_sk, RF014[bloom] -> cs_item_sk, RF012[bloom] -> cs_promo_sk, RF008[bloom] -> cs_catalog_page_sk, RF010[bloom] -> cs_sold_date_sk
|     stored statistics:
|       table: rows=1.44M size=151.13MB
|       partitions: 1831/1831 rows=1.44M
|       columns: all
|     extrapolated-rows=disabled max-scan-range-rows=7.18K
|     mem-estimate=16.00MB mem-reservation=256.00KB thread-reservation=0
|     tuple-ids=8 row-size=36B cardinality=144.35K(filtered from 1.44M) cost=91555080
|     in pipelines: 13(GETNEXT)
|
46:AGGREGATE [FINALIZE]
|  output: sum:merge(ss_ext_sales_price), sum:merge(coalesce(sr_return_amt, 0)), sum:merge(ss_net_profit - coalesce(sr_net_loss, 0))
|  group by: s_store_id
|  mem-estimate=10.00MB mem-reservation=1.94MB spill-buffer=64.00KB thread-reservation=0
|  tuple-ids=6 row-size=76B cardinality=6 cost=24
|  in pipelines: 46(GETNEXT), 01(OPEN)
|
45:EXCHANGE [HASH(s_store_id)]
|  mem-estimate=16.00KB mem-reservation=0B thread-reservation=0
|  tuple-ids=6 row-size=76B cardinality=6 cost=1
|  in pipelines: 01(GETNEXT)
|
F00:PLAN FRAGMENT [RANDOM] hosts=3 instances=12 (adjusted from 48)
Per-Host Shared Resources: mem-estimate=4.00MB mem-reservation=4.00MB thread-reservation=0 runtime-filters-memory=4.00MB
Per-Instance Resources: mem-estimate=29.75MB mem-reservation=6.00MB thread-reservation=1
max-parallelism=12 segment-costs=[94045966, 1] cpu-comparison-result=31 [max(12 (self) vs 31 (sum children))]
12:AGGREGATE [STREAMING]
|  output: sum(ss_ext_sales_price), sum(coalesce(sr_return_amt, CAST(0 AS DECIMAL(7,2)))), sum(ss_net_profit - coalesce(sr_net_loss, CAST(0 AS DECIMAL(7,2))))
|  group by: s_store_id
|  mem-estimate=10.00MB mem-reservation=2.00MB spill-buffer=64.00KB thread-reservation=0
|  tuple-ids=6 row-size=76B cardinality=6 cost=1121644
|  in pipelines: 01(GETNEXT)
|
11:HASH JOIN [INNER JOIN, BROADCAST]
|  hash-table-id=00
|  hash predicates: ss_store_sk = s_store_sk
|  fk/pk conjuncts: ss_store_sk = s_store_sk
|  mem-estimate=0B mem-reservation=0B spill-buffer=64.00KB thread-reservation=0
|  tuple-ids=0,1N,4,5,2,3 row-size=147B cardinality=280.41K cost=280411
|  in pipelines: 01(GETNEXT), 04(OPEN)
|
|--F24:PLAN FRAGMENT [RANDOM] hosts=3 instances=3
|  |  Per-Instance Resources: mem-estimate=8.77MB mem-reservation=8.75MB thread-reservation=1 runtime-filters-memory=1.00MB
|  |  max-parallelism=3 segment-costs=[15]
|  JOIN BUILD
|  |  join-table-id=00 plan-id=01 cohort-id=01
|  |  build expressions: s_store_sk
|  |  runtime filters: RF000[bloom] <- s_store_sk, RF001[min_max] <- s_store_sk
|  |  mem-estimate=7.75MB mem-reservation=7.75MB spill-buffer=64.00KB thread-reservation=0 cost=12
|  |
|  44:EXCHANGE [BROADCAST]
|  |  mem-estimate=16.00KB mem-reservation=0B thread-reservation=0
|  |  tuple-ids=3 row-size=32B cardinality=12 cost=3
|  |  in pipelines: 04(GETNEXT)
|  |
|  F05:PLAN FRAGMENT [RANDOM] hosts=1 instances=1
|  Per-Instance Resources: mem-estimate=16.14MB mem-reservation=16.00KB thread-reservation=1
|  max-parallelism=1 segment-costs=[50002]
|  04:SCAN HDFS [tpcds_partitioned_parquet_snap.store, RANDOM]
|     HDFS partitions=1/1 files=1 size=9.93KB
|     stored statistics:
|       table: rows=12 size=9.93KB
|       columns: all
|     extrapolated-rows=disabled max-scan-range-rows=12
|     mem-estimate=16.00MB mem-reservation=16.00KB thread-reservation=0
|     tuple-ids=3 row-size=32B cardinality=12 cost=50001
|     in pipelines: 04(GETNEXT)
|
10:HASH JOIN [INNER JOIN, BROADCAST]
|  hash-table-id=01
|  hash predicates: ss_sold_date_sk = d_date_sk
|  fk/pk conjuncts: ss_sold_date_sk = d_date_sk
|  mem-estimate=0B mem-reservation=0B spill-buffer=64.00KB thread-reservation=0
|  tuple-ids=0,1N,4,5,2 row-size=115B cardinality=280.41K cost=280411
|  in pipelines: 01(GETNEXT), 03(OPEN)
|
|--F25:PLAN FRAGMENT [RANDOM] hosts=3 instances=3
|  |  Per-Instance Resources: mem-estimate=8.96MB mem-reservation=8.75MB thread-reservation=1 runtime-filters-memory=1.00MB
|  |  max-parallelism=3 segment-costs=[7950]
|  JOIN BUILD
|  |  join-table-id=01 plan-id=02 cohort-id=01
|  |  build expressions: d_date_sk
|  |  runtime filters: RF002[bloom] <- d_date_sk
|  |  mem-estimate=7.75MB mem-reservation=7.75MB spill-buffer=64.00KB thread-reservation=0 cost=7305
|  |
|  43:EXCHANGE [BROADCAST]
|  |  mem-estimate=215.48KB mem-reservation=0B thread-reservation=0
|  |  tuple-ids=2 row-size=26B cardinality=7.30K cost=645
|  |  in pipelines: 03(GETNEXT)
|  |
|  F04:PLAN FRAGMENT [RANDOM] hosts=1 instances=1
|  Per-Instance Resources: mem-estimate=16.12MB mem-reservation=1.00MB thread-reservation=1
|  max-parallelism=1 segment-costs=[198168]
|  03:SCAN HDFS [tpcds_partitioned_parquet_snap.date_dim, RANDOM]
|     HDFS partitions=1/1 files=1 size=2.15MB
|     predicates: CAST(d_date AS DATE) <= DATE '1998-09-03', CAST(d_date AS DATE) >= DATE '1998-08-04'
|     stored statistics:
|       table: rows=73.05K size=2.15MB
|       columns: all
|     extrapolated-rows=disabled max-scan-range-rows=73.05K
|     parquet statistics predicates: CAST(d_date AS DATE) <= DATE '1998-09-03', CAST(d_date AS DATE) >= DATE '1998-08-04'
|     parquet dictionary predicates: CAST(d_date AS DATE) <= DATE '1998-09-03', CAST(d_date AS DATE) >= DATE '1998-08-04'
|     mem-estimate=16.00MB mem-reservation=1.00MB thread-reservation=0
|     tuple-ids=2 row-size=26B cardinality=7.30K cost=197953
|     in pipelines: 03(GETNEXT)
|
09:HASH JOIN [INNER JOIN, BROADCAST]
|  hash-table-id=02
|  hash predicates: ss_promo_sk = p_promo_sk
|  fk/pk conjuncts: ss_promo_sk = p_promo_sk
|  mem-estimate=0B mem-reservation=0B spill-buffer=64.00KB thread-reservation=0
|  tuple-ids=0,1N,4,5 row-size=89B cardinality=280.41K cost=288041
|  in pipelines: 01(GETNEXT), 06(OPEN)
|
|--F26:PLAN FRAGMENT [RANDOM] hosts=3 instances=3
|  |  Per-Instance Resources: mem-estimate=8.77MB mem-reservation=8.75MB thread-reservation=1 runtime-filters-memory=1.00MB
|  |  max-parallelism=3 segment-costs=[315]
|  JOIN BUILD
|  |  join-table-id=02 plan-id=03 cohort-id=01
|  |  build expressions: p_promo_sk
|  |  runtime filters: RF004[bloom] <- p_promo_sk, RF005[min_max] <- p_promo_sk
|  |  mem-estimate=7.75MB mem-reservation=7.75MB spill-buffer=64.00KB thread-reservation=0 cost=294
|  |
|  42:EXCHANGE [BROADCAST]
|  |  mem-estimate=16.00KB mem-reservation=0B thread-reservation=0
|  |  tuple-ids=5 row-size=17B cardinality=294 cost=21
|  |  in pipelines: 06(GETNEXT)
|  |
|  F03:PLAN FRAGMENT [RANDOM] hosts=1 instances=1
|  Per-Instance Resources: mem-estimate=16.08MB mem-reservation=32.00KB thread-reservation=1
|  max-parallelism=1 segment-costs=[50312]
|  06:SCAN HDFS [tpcds_partitioned_parquet_snap.promotion, RANDOM]
|     HDFS partitions=1/1 files=1 size=23.30KB
|     predicates: p_channel_tv = 'N'
|     stored statistics:
|       table: rows=300 size=23.30KB
|       columns: all
|     extrapolated-rows=disabled max-scan-range-rows=300
|     parquet statistics predicates: p_channel_tv = 'N'
|     parquet dictionary predicates: p_channel_tv = 'N'
|     mem-estimate=16.00MB mem-reservation=32.00KB thread-reservation=0
|     tuple-ids=5 row-size=17B cardinality=294 cost=50305
|     in pipelines: 06(GETNEXT)
|
08:HASH JOIN [INNER JOIN, BROADCAST]
|  hash-table-id=03
|  hash predicates: ss_item_sk = i_item_sk
|  fk/pk conjuncts: ss_item_sk = i_item_sk
|  mem-estimate=0B mem-reservation=0B spill-buffer=64.00KB thread-reservation=0
|  tuple-ids=0,1N,4 row-size=72B cardinality=288.04K cost=288441
|  in pipelines: 01(GETNEXT), 05(OPEN)
|
|--F27:PLAN FRAGMENT [RANDOM] hosts=3 instances=3
|  |  Per-Instance Resources: mem-estimate=8.79MB mem-reservation=8.75MB thread-reservation=1 runtime-filters-memory=1.00MB
|  |  max-parallelism=3 segment-costs=[1887]
|  JOIN BUILD
|  |  join-table-id=03 plan-id=04 cohort-id=01
|  |  build expressions: i_item_sk
|  |  runtime filters: RF006[bloom] <- i_item_sk, RF007[min_max] <- i_item_sk
|  |  mem-estimate=7.75MB mem-reservation=7.75MB spill-buffer=64.00KB thread-reservation=0 cost=1800
|  |
|  41:EXCHANGE [BROADCAST]
|  |  mem-estimate=37.09KB mem-reservation=0B thread-reservation=0
|  |  tuple-ids=4 row-size=12B cardinality=1.80K cost=87
|  |  in pipelines: 05(GETNEXT)
|  |
|  F02:PLAN FRAGMENT [RANDOM] hosts=1 instances=1
|  Per-Instance Resources: mem-estimate=16.06MB mem-reservation=256.00KB thread-reservation=1
|  max-parallelism=1 segment-costs=[68240]
|  05:SCAN HDFS [tpcds_partitioned_parquet_snap.item, RANDOM]
|     HDFS partitions=1/1 files=1 size=1.73MB
|     predicates: i_current_price > CAST(50 AS DECIMAL(3,0))
|     stored statistics:
|       table: rows=18.00K size=1.73MB
|       columns: all
|     extrapolated-rows=disabled max-scan-range-rows=18.00K
|     parquet statistics predicates: i_current_price > CAST(50 AS DECIMAL(3,0))
|     parquet dictionary predicates: i_current_price > CAST(50 AS DECIMAL(3,0))
|     mem-estimate=16.00MB mem-reservation=256.00KB thread-reservation=0
|     tuple-ids=4 row-size=12B cardinality=1.80K cost=68211
|     in pipelines: 05(GETNEXT)
|
07:HASH JOIN [LEFT OUTER JOIN, BROADCAST]
|  hash-table-id=04
|  hash predicates: ss_item_sk = sr_item_sk, ss_ticket_number = sr_ticket_number
|  fk/pk conjuncts: ss_item_sk = sr_item_sk, ss_ticket_number = sr_ticket_number
|  mem-estimate=0B mem-reservation=0B spill-buffer=1.00MB thread-reservation=0
|  tuple-ids=0,1N row-size=60B cardinality=288.44K(filtered from 2.88M) cost=576882
|  in pipelines: 01(GETNEXT), 02(OPEN)
|
|--F28:PLAN FRAGMENT [RANDOM] hosts=3 instances=3
|  |  Per-Instance Resources: mem-estimate=74.91MB mem-reservation=68.00MB thread-reservation=1
|  |  max-parallelism=3 segment-costs=[598614]
|  JOIN BUILD
|  |  join-table-id=04 plan-id=05 cohort-id=01
|  |  build expressions: sr_item_sk, sr_ticket_number
|  |  mem-estimate=68.00MB mem-reservation=68.00MB spill-buffer=1.00MB thread-reservation=0 cost=575028
|  |
|  40:EXCHANGE [BROADCAST]
|  |  mem-estimate=6.91MB mem-reservation=0B thread-reservation=0
|  |  tuple-ids=1 row-size=24B cardinality=287.51K cost=23586
|  |  in pipelines: 02(GETNEXT)
|  |
|  F01:PLAN FRAGMENT [RANDOM] hosts=3 instances=12 (adjusted from 48)
|  Per-Host Shared Resources: mem-estimate=1.00MB mem-reservation=1.00MB thread-reservation=0 runtime-filters-memory=1.00MB
|  Per-Instance Resources: mem-estimate=16.11MB mem-reservation=256.00KB thread-reservation=1
|  max-parallelism=12 segment-costs=[100214598]
|  02:SCAN HDFS [tpcds_partitioned_parquet_snap.store_returns, RANDOM]
|     HDFS partitions=2004/2004 files=2004 size=33.80MB
|     runtime filters: RF007[min_max] -> tpcds_partitioned_parquet_snap.store_returns.sr_item_sk, RF006[bloom] -> tpcds_partitioned_parquet_snap.store_returns.sr_item_sk
|     stored statistics:
|       table: rows=287.51K size=33.80MB
|       partitions: 2004/2004 rows=287.51K
|       columns: all
|     extrapolated-rows=disabled max-scan-range-rows=10.01K
|     mem-estimate=16.00MB mem-reservation=256.00KB thread-reservation=0
|     tuple-ids=1 row-size=24B cardinality=287.51K cost=100206736
|     in pipelines: 02(GETNEXT)
|
01:SCAN HDFS [tpcds_partitioned_parquet_snap.store_sales, RANDOM]
   HDFS partitions=1824/1824 files=1824 size=199.36MB
   runtime filters: RF007[min_max] -> ss_item_sk, RF005[min_max] -> ss_promo_sk, RF001[min_max] -> ss_store_sk, RF006[bloom] -> ss_item_sk, RF004[bloom] -> ss_promo_sk, RF000[bloom] -> ss_store_sk, RF002[bloom] -> ss_sold_date_sk
   stored statistics:
     table: rows=2.88M size=199.36MB
     partitions: 1824/1824 rows=2.88M
     columns: all
   extrapolated-rows=disabled max-scan-range-rows=130.09K
   mem-estimate=16.00MB mem-reservation=4.00MB thread-reservation=0
   tuple-ids=0 row-size=36B cardinality=288.44K(filtered from 2.88M) cost=91210136
   in pipelines: 01(GETNEXT)
---- PARALLELPLANS
Max Per-Host Resource Reservation: Memory=335.50MB Threads=58
Per-Host Resource Estimates: Memory=1.23GB
F23:PLAN FRAGMENT [UNPARTITIONED] hosts=1 instances=1
|  Per-Instance Resources: mem-estimate=4.05MB mem-reservation=4.00MB thread-reservation=1
|  max-parallelism=1 segment-costs=[508] cpu-comparison-result=93 [max(1 (self) vs 93 (sum children))]
PLAN-ROOT SINK
|  output exprs: CASE valid_tid(26,27,28) WHEN 26 THEN channel WHEN 27 THEN channel WHEN 28 THEN NULL END, CASE valid_tid(26,27,28) WHEN 26 THEN id WHEN 27 THEN NULL WHEN 28 THEN NULL END, aggif(valid_tid(26,27,28) IN (26, 27, 28), CASE valid_tid(26,27,28) WHEN 26 THEN sum(sales) WHEN 27 THEN sum(sales) WHEN 28 THEN sum(sales) END), aggif(valid_tid(26,27,28) IN (26, 27, 28), CASE valid_tid(26,27,28) WHEN 26 THEN sum(`returns`) WHEN 27 THEN sum(`returns`) WHEN 28 THEN sum(`returns`) END), aggif(valid_tid(26,27,28) IN (26, 27, 28), CASE valid_tid(26,27,28) WHEN 26 THEN sum(profit) WHEN 27 THEN sum(profit) WHEN 28 THEN sum(profit) END)
|  mem-estimate=4.00MB mem-reservation=4.00MB spill-buffer=2.00MB thread-reservation=0 cost=500
|
63:MERGING-EXCHANGE [UNPARTITIONED]
|  order by: CASE valid_tid(26,27,28) WHEN 26 THEN channel WHEN 27 THEN channel WHEN 28 THEN NULL END ASC, CASE valid_tid(26,27,28) WHEN 26 THEN id WHEN 27 THEN NULL WHEN 28 THEN NULL END ASC
|  limit: 100
|  mem-estimate=46.88KB mem-reservation=0B thread-reservation=0
|  tuple-ids=30 row-size=72B cardinality=100 cost=8
|  in pipelines: 39(GETNEXT)
|
F22:PLAN FRAGMENT [HASH(CASE valid_tid(26,27,28) WHEN 26 THEN murmur_hash(channel) WHEN 27 THEN murmur_hash(channel) WHEN 28 THEN murmur_hash(NULL) END,CASE valid_tid(26,27,28) WHEN 26 THEN murmur_hash(id) WHEN 27 THEN murmur_hash(NULL) WHEN 28 THEN murmur_hash(NULL) END)] hosts=3 instances=6 (adjusted from 48)
Per-Instance Resources: mem-estimate=40.00MB mem-reservation=7.75MB thread-reservation=1
max-parallelism=6 segment-costs=[60395, 69384, 200, 8] cpu-comparison-result=93 [max(6 (self) vs 93 (sum children))]
39:TOP-N [LIMIT=100]
|  order by: CASE valid_tid(26,27,28) WHEN 26 THEN channel WHEN 27 THEN channel WHEN 28 THEN NULL END ASC, CASE valid_tid(26,27,28) WHEN 26 THEN id WHEN 27 THEN NULL WHEN 28 THEN NULL END ASC
|  mem-estimate=7.03KB mem-reservation=0B thread-reservation=0
|  tuple-ids=30 row-size=72B cardinality=100 cost=200
|  in pipelines: 39(GETNEXT), 38(OPEN)
|
38:AGGREGATE [FINALIZE]
|  output: aggif(valid_tid(26,27,28) IN (CAST(26 AS INT), CAST(27 AS INT), CAST(28 AS INT)), CASE valid_tid(26,27,28) WHEN CAST(26 AS INT) THEN sum(sales) WHEN CAST(27 AS INT) THEN sum(sales) WHEN CAST(28 AS INT) THEN sum(sales) END), aggif(valid_tid(26,27,28) IN (CAST(26 AS INT), CAST(27 AS INT), CAST(28 AS INT)), CASE valid_tid(26,27,28) WHEN CAST(26 AS INT) THEN sum(`returns`) WHEN CAST(27 AS INT) THEN sum(`returns`) WHEN CAST(28 AS INT) THEN sum(`returns`) END), aggif(valid_tid(26,27,28) IN (CAST(26 AS INT), CAST(27 AS INT), CAST(28 AS INT)), CASE valid_tid(26,27,28) WHEN CAST(26 AS INT) THEN sum(profit) WHEN CAST(27 AS INT) THEN sum(profit) WHEN CAST(28 AS INT) THEN sum(profit) END)
|  group by: CASE valid_tid(26,27,28) WHEN CAST(26 AS INT) THEN channel WHEN CAST(27 AS INT) THEN channel WHEN CAST(28 AS INT) THEN NULL END, CASE valid_tid(26,27,28) WHEN CAST(26 AS INT) THEN id WHEN CAST(27 AS INT) THEN NULL WHEN CAST(28 AS INT) THEN NULL END, CASE valid_tid(26,27,28) WHEN CAST(26 AS INT) THEN CAST(26 AS INT) WHEN CAST(27 AS INT) THEN CAST(27 AS INT) WHEN CAST(28 AS INT) THEN CAST(28 AS INT) END
|  mem-estimate=10.00MB mem-reservation=1.94MB spill-buffer=64.00KB thread-reservation=0
|  tuple-ids=29 row-size=76B cardinality=11.56K cost=69384
|  in pipelines: 38(GETNEXT), 62(OPEN)
|
62:AGGREGATE [FINALIZE]
|  Class 0
|    output: sum:merge(sales), sum:merge(`returns`), sum:merge(profit)
|    group by: channel, id
|  Class 1
|    output: sum:merge(sales), sum:merge(`returns`), sum:merge(profit)
|    group by: channel, NULL
|  Class 2
|    output: sum:merge(sales), sum:merge(`returns`), sum:merge(profit)
|    group by: NULL, NULL
|  mem-estimate=30.00MB mem-reservation=5.81MB thread-reservation=0
|  tuple-ids=26N,27N,28N row-size=216B cardinality=11.56K cost=57820
|  in pipelines: 62(GETNEXT), 46(OPEN), 53(OPEN), 60(OPEN)
|
61:EXCHANGE [HASH(CASE valid_tid(26,27,28) WHEN 26 THEN murmur_hash(channel) WHEN 27 THEN murmur_hash(channel) WHEN 28 THEN murmur_hash(NULL) END,CASE valid_tid(26,27,28) WHEN 26 THEN murmur_hash(id) WHEN 27 THEN murmur_hash(NULL) WHEN 28 THEN murmur_hash(NULL) END)]
|  mem-estimate=3.47MB mem-reservation=0B thread-reservation=0
|  tuple-ids=26N,27N,28N row-size=216B cardinality=11.56K cost=2575
|  in pipelines: 46(GETNEXT), 53(GETNEXT), 60(GETNEXT)
|
F21:PLAN FRAGMENT [RANDOM] hosts=3 instances=12 (adjusted from 48)
Per-Instance Resources: mem-estimate=46.56MB mem-reservation=7.94MB thread-reservation=1
max-parallelism=12 segment-costs=[25, 47058, 62, 346800, 2575] cpu-comparison-result=93 [max(12 (self) vs 93 (sum children))]
37:AGGREGATE [STREAMING]
|  Class 0
|    output: sum(sales), sum(returns), sum(profit)
|    group by: channel, id
|  Class 1
|    output: sum(sales), sum(returns), sum(profit)
|    group by: channel, NULL
|  Class 2
|    output: sum(sales), sum(returns), sum(profit)
|    group by: NULL, NULL
|  mem-estimate=30.00MB mem-reservation=6.00MB thread-reservation=0
|  tuple-ids=26N,27N,28N row-size=216B cardinality=11.56K cost=173400
|  in pipelines: 46(GETNEXT), 53(GETNEXT), 60(GETNEXT)
|
00:UNION
|  mem-estimate=0B mem-reservation=0B thread-reservation=0
|  tuple-ids=24 row-size=72B cardinality=11.56K cost=173400
|  in pipelines: 46(GETNEXT), 53(GETNEXT), 60(GETNEXT)
|
|--60:AGGREGATE [FINALIZE]
|  |  output: sum:merge(ws_ext_sales_price), sum:merge(coalesce(wr_return_amt, 0)), sum:merge(ws_net_profit - coalesce(wr_net_loss, 0))
|  |  group by: web_site_id
|  |  mem-estimate=10.00MB mem-reservation=1.94MB spill-buffer=64.00KB thread-reservation=0
|  |  tuple-ids=22 row-size=76B cardinality=15 cost=60
|  |  in pipelines: 60(GETNEXT), 25(OPEN)
|  |
|  59:EXCHANGE [HASH(web_site_id)]
|  |  mem-estimate=16.00KB mem-reservation=0B thread-reservation=0
|  |  tuple-ids=22 row-size=76B cardinality=15 cost=2
|  |  in pipelines: 25(GETNEXT)
|  |
|  F14:PLAN FRAGMENT [RANDOM] hosts=3 instances=12 (adjusted from 48)
|  Per-Host Shared Resources: mem-estimate=2.00MB mem-reservation=2.00MB thread-reservation=0 runtime-filters-memory=2.00MB
|  Per-Instance Resources: mem-estimate=29.75MB mem-reservation=2.12MB thread-reservation=1
|  max-parallelism=12 segment-costs=[91910793, 2] cpu-comparison-result=31 [max(12 (self) vs 31 (sum children))]
|  36:AGGREGATE [STREAMING]
|  |  output: sum(ws_ext_sales_price), sum(coalesce(wr_return_amt, CAST(0 AS DECIMAL(7,2)))), sum(ws_net_profit - coalesce(wr_net_loss, CAST(0 AS DECIMAL(7,2))))
|  |  group by: web_site_id
|  |  mem-estimate=10.00MB mem-reservation=2.00MB spill-buffer=64.00KB thread-reservation=0
|  |  tuple-ids=22 row-size=76B cardinality=15 cost=280136
|  |  in pipelines: 25(GETNEXT)
|  |
|  35:HASH JOIN [INNER JOIN, BROADCAST]
|  |  hash-table-id=10
|  |  hash predicates: ws_web_site_sk = web_site_sk
|  |  fk/pk conjuncts: ws_web_site_sk = web_site_sk
|  |  mem-estimate=0B mem-reservation=0B spill-buffer=64.00KB thread-reservation=0
|  |  tuple-ids=16,17N,20,21,18,19 row-size=147B cardinality=70.03K cost=70034
|  |  in pipelines: 25(GETNEXT), 28(OPEN)
|  |
|  |--F34:PLAN FRAGMENT [RANDOM] hosts=3 instances=3
|  |  |  Per-Instance Resources: mem-estimate=7.77MB mem-reservation=7.75MB thread-reservation=1
|  |  |  max-parallelism=3 segment-costs=[36]
|  |  JOIN BUILD
|  |  |  join-table-id=10 plan-id=11 cohort-id=03
|  |  |  build expressions: web_site_sk
|  |  |  runtime filters: RF017[min_max] <- web_site_sk
|  |  |  mem-estimate=7.75MB mem-reservation=7.75MB spill-buffer=64.00KB thread-reservation=0 cost=30
|  |  |
|  |  58:EXCHANGE [BROADCAST]
|  |  |  mem-estimate=16.00KB mem-reservation=0B thread-reservation=0
|  |  |  tuple-ids=19 row-size=32B cardinality=30 cost=6
|  |  |  in pipelines: 28(GETNEXT)
|  |  |
|  |  F19:PLAN FRAGMENT [RANDOM] hosts=1 instances=1
|  |  Per-Instance Resources: mem-estimate=16.14MB mem-reservation=16.00KB thread-reservation=1
|  |  max-parallelism=1 segment-costs=[50003]
|  |  28:SCAN HDFS [tpcds_partitioned_parquet_snap.web_site, RANDOM]
|  |     HDFS partitions=1/1 files=1 size=11.91KB
|  |     stored statistics:
|  |       table: rows=30 size=11.91KB
|  |       columns: all
|  |     extrapolated-rows=disabled max-scan-range-rows=30
|  |     mem-estimate=16.00MB mem-reservation=16.00KB thread-reservation=0
|  |     tuple-ids=19 row-size=32B cardinality=30 cost=50001
|  |     in pipelines: 28(GETNEXT)
|  |
|  34:HASH JOIN [INNER JOIN, BROADCAST]
|  |  hash-table-id=11
|  |  hash predicates: ws_sold_date_sk = d_date_sk
|  |  fk/pk conjuncts: ws_sold_date_sk = d_date_sk
|  |  mem-estimate=0B mem-reservation=0B spill-buffer=64.00KB thread-reservation=0
|  |  tuple-ids=16,17N,20,21,18 row-size=115B cardinality=70.03K cost=70034
|  |  in pipelines: 25(GETNEXT), 27(OPEN)
|  |
|  |--F35:PLAN FRAGMENT [RANDOM] hosts=3 instances=3
|  |  |  Per-Instance Resources: mem-estimate=7.96MB mem-reservation=7.75MB thread-reservation=1
|  |  |  max-parallelism=3 segment-costs=[7950]
|  |  JOIN BUILD
|  |  |  join-table-id=11 plan-id=12 cohort-id=03
|  |  |  build expressions: d_date_sk
|  |  |  mem-estimate=7.75MB mem-reservation=7.75MB spill-buffer=64.00KB thread-reservation=0 cost=7305
|  |  |
|  |  57:EXCHANGE [BROADCAST]
|  |  |  mem-estimate=215.48KB mem-reservation=0B thread-reservation=0
|  |  |  tuple-ids=18 row-size=26B cardinality=7.30K cost=645
|  |  |  in pipelines: 27(GETNEXT)
|  |  |
|  |  F18:PLAN FRAGMENT [RANDOM] hosts=1 instances=1
|  |  Per-Instance Resources: mem-estimate=16.12MB mem-reservation=1.00MB thread-reservation=1
|  |  max-parallelism=1 segment-costs=[198168]
|  |  27:SCAN HDFS [tpcds_partitioned_parquet_snap.date_dim, RANDOM]
|  |     HDFS partitions=1/1 files=1 size=2.15MB
|  |     predicates: CAST(d_date AS DATE) <= DATE '1998-09-03', CAST(d_date AS DATE) >= DATE '1998-08-04'
|  |     stored statistics:
|  |       table: rows=73.05K size=2.15MB
|  |       columns: all
|  |     extrapolated-rows=disabled max-scan-range-rows=73.05K
|  |     parquet statistics predicates: CAST(d_date AS DATE) <= DATE '1998-09-03', CAST(d_date AS DATE) >= DATE '1998-08-04'
|  |     parquet dictionary predicates: CAST(d_date AS DATE) <= DATE '1998-09-03', CAST(d_date AS DATE) >= DATE '1998-08-04'
|  |     mem-estimate=16.00MB mem-reservation=1.00MB thread-reservation=0
|  |     tuple-ids=18 row-size=26B cardinality=7.30K cost=197953
|  |     in pipelines: 27(GETNEXT)
|  |
|  33:HASH JOIN [INNER JOIN, BROADCAST]
|  |  hash-table-id=12
|  |  hash predicates: ws_promo_sk = p_promo_sk
|  |  fk/pk conjuncts: ws_promo_sk = p_promo_sk
|  |  mem-estimate=0B mem-reservation=0B spill-buffer=64.00KB thread-reservation=0
|  |  tuple-ids=16,17N,20,21 row-size=89B cardinality=70.03K cost=71939
|  |  in pipelines: 25(GETNEXT), 30(OPEN)
|  |
|  |--F36:PLAN FRAGMENT [RANDOM] hosts=3 instances=3
|  |  |  Per-Instance Resources: mem-estimate=8.77MB mem-reservation=8.75MB thread-reservation=1 runtime-filters-memory=1.00MB
|  |  |  max-parallelism=3 segment-costs=[315]
|  |  JOIN BUILD
|  |  |  join-table-id=12 plan-id=13 cohort-id=03
|  |  |  build expressions: p_promo_sk
|  |  |  runtime filters: RF020[bloom] <- p_promo_sk, RF021[min_max] <- p_promo_sk
|  |  |  mem-estimate=7.75MB mem-reservation=7.75MB spill-buffer=64.00KB thread-reservation=0 cost=294
|  |  |
|  |  56:EXCHANGE [BROADCAST]
|  |  |  mem-estimate=16.00KB mem-reservation=0B thread-reservation=0
|  |  |  tuple-ids=21 row-size=17B cardinality=294 cost=21
|  |  |  in pipelines: 30(GETNEXT)
|  |  |
|  |  F17:PLAN FRAGMENT [RANDOM] hosts=1 instances=1
|  |  Per-Instance Resources: mem-estimate=16.08MB mem-reservation=32.00KB thread-reservation=1
|  |  max-parallelism=1 segment-costs=[50312]
|  |  30:SCAN HDFS [tpcds_partitioned_parquet_snap.promotion, RANDOM]
|  |     HDFS partitions=1/1 files=1 size=23.30KB
|  |     predicates: p_channel_tv = 'N'
|  |     stored statistics:
|  |       table: rows=300 size=23.30KB
|  |       columns: all
|  |     extrapolated-rows=disabled max-scan-range-rows=300
|  |     parquet statistics predicates: p_channel_tv = 'N'
|  |     parquet dictionary predicates: p_channel_tv = 'N'
|  |     mem-estimate=16.00MB mem-reservation=32.00KB thread-reservation=0
|  |     tuple-ids=21 row-size=17B cardinality=294 cost=50305
|  |     in pipelines: 30(GETNEXT)
|  |
|  32:HASH JOIN [INNER JOIN, BROADCAST]
|  |  hash-table-id=13
|  |  hash predicates: ws_item_sk = i_item_sk
|  |  fk/pk conjuncts: ws_item_sk = i_item_sk
|  |  mem-estimate=0B mem-reservation=0B spill-buffer=64.00KB thread-reservation=0
|  |  tuple-ids=16,17N,20 row-size=72B cardinality=71.94K cost=72038
|  |  in pipelines: 25(GETNEXT), 29(OPEN)
|  |
|  |--F37:PLAN FRAGMENT [RANDOM] hosts=3 instances=3
|  |  |  Per-Instance Resources: mem-estimate=8.79MB mem-reservation=8.75MB thread-reservation=1 runtime-filters-memory=1.00MB
|  |  |  max-parallelism=3 segment-costs=[1887]
|  |  JOIN BUILD
|  |  |  join-table-id=13 plan-id=14 cohort-id=03
|  |  |  build expressions: i_item_sk
|  |  |  runtime filters: RF022[bloom] <- i_item_sk, RF023[min_max] <- i_item_sk
|  |  |  mem-estimate=7.75MB mem-reservation=7.75MB spill-buffer=64.00KB thread-reservation=0 cost=1800
|  |  |
|  |  55:EXCHANGE [BROADCAST]
|  |  |  mem-estimate=37.09KB mem-reservation=0B thread-reservation=0
|  |  |  tuple-ids=20 row-size=12B cardinality=1.80K cost=87
|  |  |  in pipelines: 29(GETNEXT)
|  |  |
|  |  F16:PLAN FRAGMENT [RANDOM] hosts=1 instances=1
|  |  Per-Instance Resources: mem-estimate=16.06MB mem-reservation=256.00KB thread-reservation=1
|  |  max-parallelism=1 segment-costs=[68240]
|  |  29:SCAN HDFS [tpcds_partitioned_parquet_snap.item, RANDOM]
|  |     HDFS partitions=1/1 files=1 size=1.73MB
|  |     predicates: i_current_price > CAST(50 AS DECIMAL(3,0))
|  |     stored statistics:
|  |       table: rows=18.00K size=1.73MB
|  |       columns: all
|  |     extrapolated-rows=disabled max-scan-range-rows=18.00K
|  |     parquet statistics predicates: i_current_price > CAST(50 AS DECIMAL(3,0))
|  |     parquet dictionary predicates: i_current_price > CAST(50 AS DECIMAL(3,0))
|  |     mem-estimate=16.00MB mem-reservation=256.00KB thread-reservation=0
|  |     tuple-ids=20 row-size=12B cardinality=1.80K cost=68211
|  |     in pipelines: 29(GETNEXT)
|  |
|  31:HASH JOIN [LEFT OUTER JOIN, BROADCAST]
|  |  hash-table-id=14
|  |  hash predicates: ws_item_sk = wr_item_sk, ws_order_number = wr_order_number
|  |  fk/pk conjuncts: ws_item_sk = wr_item_sk, ws_order_number = wr_order_number
|  |  mem-estimate=0B mem-reservation=0B spill-buffer=256.00KB thread-reservation=0
|  |  tuple-ids=16,17N row-size=60B cardinality=72.04K(filtered from 719.38K) cost=144076
|  |  in pipelines: 25(GETNEXT), 26(OPEN)
|  |
|  |--F38:PLAN FRAGMENT [RANDOM] hosts=3 instances=3
|  |  |  Per-Instance Resources: mem-estimate=20.97MB mem-reservation=19.00MB thread-reservation=1
|  |  |  max-parallelism=3 segment-costs=[149415]
|  |  JOIN BUILD
|  |  |  join-table-id=14 plan-id=15 cohort-id=03
|  |  |  build expressions: wr_item_sk, wr_order_number
|  |  |  mem-estimate=19.00MB mem-reservation=19.00MB spill-buffer=256.00KB thread-reservation=0 cost=143526
|  |  |
|  |  54:EXCHANGE [BROADCAST]
|  |  |  mem-estimate=1.97MB mem-reservation=0B thread-reservation=0
|  |  |  tuple-ids=17 row-size=24B cardinality=71.76K cost=5889
|  |  |  in pipelines: 26(GETNEXT)
|  |  |
|  |  F15:PLAN FRAGMENT [RANDOM] hosts=3 instances=12 (adjusted from 48)
|  |  Per-Host Shared Resources: mem-estimate=1.00MB mem-reservation=1.00MB thread-reservation=0 runtime-filters-memory=1.00MB
|  |  Per-Instance Resources: mem-estimate=16.11MB mem-reservation=128.00KB thread-reservation=1
|  |  max-parallelism=12 segment-costs=[105703651]
|  |  26:SCAN HDFS [tpcds_partitioned_parquet_snap.web_returns, RANDOM]
|  |     HDFS partitions=2114/2114 files=2114 size=20.82MB
|  |     runtime filters: RF023[min_max] -> tpcds_partitioned_parquet_snap.web_returns.wr_item_sk, RF022[bloom] -> tpcds_partitioned_parquet_snap.web_returns.wr_item_sk
|  |     stored statistics:
|  |       table: rows=71.76K size=20.82MB
|  |       partitions: 2114/2114 rows=71.76K
|  |       columns: all
|  |     extrapolated-rows=disabled max-scan-range-rows=3.13K
|  |     mem-estimate=16.00MB mem-reservation=128.00KB thread-reservation=0
|  |     tuple-ids=17 row-size=24B cardinality=71.76K cost=105701688
|  |     in pipelines: 26(GETNEXT)
|  |
|  25:SCAN HDFS [tpcds_partitioned_parquet_snap.web_sales, RANDOM]
|     HDFS partitions=1824/1824 files=1824 size=84.20MB
|     runtime filters: RF023[min_max] -> ws_item_sk, RF021[min_max] -> ws_promo_sk, RF017[min_max] -> ws_web_site_sk, RF022[bloom] -> ws_item_sk, RF020[bloom] -> ws_promo_sk
|     stored statistics:
|       table: rows=719.38K size=84.20MB
|       partitions: 1824/1824 rows=719.38K
|       columns: all
|     extrapolated-rows=disabled max-scan-range-rows=1.12K
|     mem-estimate=16.00MB mem-reservation=128.00KB thread-reservation=0
|     tuple-ids=16 row-size=36B cardinality=72.04K(filtered from 719.38K) cost=91202536
|     in pipelines: 25(GETNEXT)
|
|--53:AGGREGATE [FINALIZE]
|  |  output: sum:merge(cs_ext_sales_price), sum:merge(coalesce(cr_return_amount, 0)), sum:merge(cs_net_profit - coalesce(cr_net_loss, 0))
|  |  group by: cp_catalog_page_id
|  |  mem-estimate=10.00MB mem-reservation=1.94MB spill-buffer=64.00KB thread-reservation=0
|  |  tuple-ids=14 row-size=76B cardinality=11.54K cost=46156
|  |  in pipelines: 53(GETNEXT), 13(OPEN)
|  |
|  52:EXCHANGE [HASH(cp_catalog_page_id)]
|  |  mem-estimate=1.22MB mem-reservation=0B thread-reservation=0
|  |  tuple-ids=14 row-size=76B cardinality=11.54K cost=902
|  |  in pipelines: 13(GETNEXT)
|  |
|  F07:PLAN FRAGMENT [RANDOM] hosts=3 instances=12 (adjusted from 48)
|  Per-Host Shared Resources: mem-estimate=4.00MB mem-reservation=4.00MB thread-reservation=0 runtime-filters-memory=4.00MB
|  Per-Instance Resources: mem-estimate=29.75MB mem-reservation=2.25MB thread-reservation=1
|  max-parallelism=12 segment-costs=[92974322, 902] cpu-comparison-result=31 [max(12 (self) vs 31 (sum children))]
|  24:AGGREGATE [STREAMING]
|  |  output: sum(cs_ext_sales_price), sum(coalesce(cr_return_amount, CAST(0 AS DECIMAL(7,2)))), sum(cs_net_profit - coalesce(cr_net_loss, CAST(0 AS DECIMAL(7,2))))
|  |  group by: cp_catalog_page_id
|  |  mem-estimate=10.00MB mem-reservation=2.00MB spill-buffer=64.00KB thread-reservation=0
|  |  tuple-ids=14 row-size=76B cardinality=11.54K cost=561348
|  |  in pipelines: 13(GETNEXT)
|  |
|  23:HASH JOIN [INNER JOIN, BROADCAST]
|  |  hash-table-id=05
|  |  hash predicates: cs_catalog_page_sk = cp_catalog_page_sk
|  |  fk/pk conjuncts: cs_catalog_page_sk = cp_catalog_page_sk
|  |  mem-estimate=0B mem-reservation=0B spill-buffer=64.00KB thread-reservation=0
|  |  tuple-ids=8,9N,12,13,10,11 row-size=147B cardinality=140.34K cost=140337
|  |  in pipelines: 13(GETNEXT), 16(OPEN)
|  |
|  |--F29:PLAN FRAGMENT [RANDOM] hosts=3 instances=3
|  |  |  Per-Instance Resources: mem-estimate=9.14MB mem-reservation=8.75MB thread-reservation=1 runtime-filters-memory=1.00MB
|  |  |  max-parallelism=3 segment-costs=[12954]
|  |  JOIN BUILD
|  |  |  join-table-id=05 plan-id=06 cohort-id=02
|  |  |  build expressions: cp_catalog_page_sk
|  |  |  runtime filters: RF008[bloom] <- cp_catalog_page_sk, RF009[min_max] <- cp_catalog_page_sk
|  |  |  mem-estimate=7.75MB mem-reservation=7.75MB spill-buffer=64.00KB thread-reservation=0 cost=11718
|  |  |
|  |  51:EXCHANGE [BROADCAST]
|  |  |  mem-estimate=402.19KB mem-reservation=0B thread-reservation=0
|  |  |  tuple-ids=11 row-size=32B cardinality=11.72K cost=1236
|  |  |  in pipelines: 16(GETNEXT)
|  |  |
|  |  F12:PLAN FRAGMENT [RANDOM] hosts=1 instances=1
|  |  Per-Instance Resources: mem-estimate=16.14MB mem-reservation=256.00KB thread-reservation=1
|  |  max-parallelism=1 segment-costs=[50779]
|  |  16:SCAN HDFS [tpcds_partitioned_parquet_snap.catalog_page, RANDOM]
|  |     HDFS partitions=1/1 files=1 size=739.17KB
|  |     stored statistics:
|  |       table: rows=11.72K size=739.17KB
|  |       columns: all
|  |     extrapolated-rows=disabled max-scan-range-rows=11.72K
|  |     mem-estimate=16.00MB mem-reservation=256.00KB thread-reservation=0
|  |     tuple-ids=11 row-size=32B cardinality=11.72K cost=50367
|  |     in pipelines: 16(GETNEXT)
|  |
|  22:HASH JOIN [INNER JOIN, BROADCAST]
|  |  hash-table-id=06
|  |  hash predicates: cs_sold_date_sk = d_date_sk
|  |  fk/pk conjuncts: cs_sold_date_sk = d_date_sk
|  |  mem-estimate=0B mem-reservation=0B spill-buffer=64.00KB thread-reservation=0
|  |  tuple-ids=8,9N,12,13,10 row-size=115B cardinality=140.34K cost=140337
|  |  in pipelines: 13(GETNEXT), 15(OPEN)
|  |
|  |--F30:PLAN FRAGMENT [RANDOM] hosts=3 instances=3
|  |  |  Per-Instance Resources: mem-estimate=8.96MB mem-reservation=8.75MB thread-reservation=1 runtime-filters-memory=1.00MB
|  |  |  max-parallelism=3 segment-costs=[7950]
|  |  JOIN BUILD
|  |  |  join-table-id=06 plan-id=07 cohort-id=02
|  |  |  build expressions: d_date_sk
|  |  |  runtime filters: RF010[bloom] <- d_date_sk
|  |  |  mem-estimate=7.75MB mem-reservation=7.75MB spill-buffer=64.00KB thread-reservation=0 cost=7305
|  |  |
|  |  50:EXCHANGE [BROADCAST]
|  |  |  mem-estimate=215.48KB mem-reservation=0B thread-reservation=0
|  |  |  tuple-ids=10 row-size=26B cardinality=7.30K cost=645
|  |  |  in pipelines: 15(GETNEXT)
|  |  |
|  |  F11:PLAN FRAGMENT [RANDOM] hosts=1 instances=1
|  |  Per-Instance Resources: mem-estimate=16.12MB mem-reservation=1.00MB thread-reservation=1
|  |  max-parallelism=1 segment-costs=[198168]
|  |  15:SCAN HDFS [tpcds_partitioned_parquet_snap.date_dim, RANDOM]
|  |     HDFS partitions=1/1 files=1 size=2.15MB
|  |     predicates: CAST(d_date AS DATE) <= DATE '1998-09-03', CAST(d_date AS DATE) >= DATE '1998-08-04'
|  |     stored statistics:
|  |       table: rows=73.05K size=2.15MB
|  |       columns: all
|  |     extrapolated-rows=disabled max-scan-range-rows=73.05K
|  |     parquet statistics predicates: CAST(d_date AS DATE) <= DATE '1998-09-03', CAST(d_date AS DATE) >= DATE '1998-08-04'
|  |     parquet dictionary predicates: CAST(d_date AS DATE) <= DATE '1998-09-03', CAST(d_date AS DATE) >= DATE '1998-08-04'
|  |     mem-estimate=16.00MB mem-reservation=1.00MB thread-reservation=0
|  |     tuple-ids=10 row-size=26B cardinality=7.30K cost=197953
|  |     in pipelines: 15(GETNEXT)
|  |
|  21:HASH JOIN [INNER JOIN, BROADCAST]
|  |  hash-table-id=07
|  |  hash predicates: cs_promo_sk = p_promo_sk
|  |  fk/pk conjuncts: cs_promo_sk = p_promo_sk
|  |  mem-estimate=0B mem-reservation=0B spill-buffer=64.00KB thread-reservation=0
|  |  tuple-ids=8,9N,12,13 row-size=89B cardinality=140.34K cost=144155
|  |  in pipelines: 13(GETNEXT), 18(OPEN)
|  |
|  |--F31:PLAN FRAGMENT [RANDOM] hosts=3 instances=3
|  |  |  Per-Instance Resources: mem-estimate=8.77MB mem-reservation=8.75MB thread-reservation=1 runtime-filters-memory=1.00MB
|  |  |  max-parallelism=3 segment-costs=[315]
|  |  JOIN BUILD
|  |  |  join-table-id=07 plan-id=08 cohort-id=02
|  |  |  build expressions: p_promo_sk
|  |  |  runtime filters: RF012[bloom] <- p_promo_sk, RF013[min_max] <- p_promo_sk
|  |  |  mem-estimate=7.75MB mem-reservation=7.75MB spill-buffer=64.00KB thread-reservation=0 cost=294
|  |  |
|  |  49:EXCHANGE [BROADCAST]
|  |  |  mem-estimate=16.00KB mem-reservation=0B thread-reservation=0
|  |  |  tuple-ids=13 row-size=17B cardinality=294 cost=21
|  |  |  in pipelines: 18(GETNEXT)
|  |  |
|  |  F10:PLAN FRAGMENT [RANDOM] hosts=1 instances=1
|  |  Per-Instance Resources: mem-estimate=16.08MB mem-reservation=32.00KB thread-reservation=1
|  |  max-parallelism=1 segment-costs=[50312]
|  |  18:SCAN HDFS [tpcds_partitioned_parquet_snap.promotion, RANDOM]
|  |     HDFS partitions=1/1 files=1 size=23.30KB
|  |     predicates: p_channel_tv = 'N'
|  |     stored statistics:
|  |       table: rows=300 size=23.30KB
|  |       columns: all
|  |     extrapolated-rows=disabled max-scan-range-rows=300
|  |     parquet statistics predicates: p_channel_tv = 'N'
|  |     parquet dictionary predicates: p_channel_tv = 'N'
|  |     mem-estimate=16.00MB mem-reservation=32.00KB thread-reservation=0
|  |     tuple-ids=13 row-size=17B cardinality=294 cost=50305
|  |     in pipelines: 18(GETNEXT)
|  |
|  20:HASH JOIN [INNER JOIN, BROADCAST]
|  |  hash-table-id=08
|  |  hash predicates: cs_item_sk = i_item_sk
|  |  fk/pk conjuncts: cs_item_sk = i_item_sk
|  |  mem-estimate=0B mem-reservation=0B spill-buffer=64.00KB thread-reservation=0
|  |  tuple-ids=8,9N,12 row-size=72B cardinality=144.16K cost=144355
|  |  in pipelines: 13(GETNEXT), 17(OPEN)
|  |
|  |--F32:PLAN FRAGMENT [RANDOM] hosts=3 instances=3
|  |  |  Per-Instance Resources: mem-estimate=8.79MB mem-reservation=8.75MB thread-reservation=1 runtime-filters-memory=1.00MB
|  |  |  max-parallelism=3 segment-costs=[1887]
|  |  JOIN BUILD
|  |  |  join-table-id=08 plan-id=09 cohort-id=02
|  |  |  build expressions: i_item_sk
|  |  |  runtime filters: RF014[bloom] <- i_item_sk, RF015[min_max] <- i_item_sk
|  |  |  mem-estimate=7.75MB mem-reservation=7.75MB spill-buffer=64.00KB thread-reservation=0 cost=1800
|  |  |
|  |  48:EXCHANGE [BROADCAST]
|  |  |  mem-estimate=37.09KB mem-reservation=0B thread-reservation=0
|  |  |  tuple-ids=12 row-size=12B cardinality=1.80K cost=87
|  |  |  in pipelines: 17(GETNEXT)
|  |  |
|  |  F09:PLAN FRAGMENT [RANDOM] hosts=1 instances=1
|  |  Per-Instance Resources: mem-estimate=16.06MB mem-reservation=256.00KB thread-reservation=1
|  |  max-parallelism=1 segment-costs=[68240]
|  |  17:SCAN HDFS [tpcds_partitioned_parquet_snap.item, RANDOM]
|  |     HDFS partitions=1/1 files=1 size=1.73MB
|  |     predicates: i_current_price > CAST(50 AS DECIMAL(3,0))
|  |     stored statistics:
|  |       table: rows=18.00K size=1.73MB
|  |       columns: all
|  |     extrapolated-rows=disabled max-scan-range-rows=18.00K
|  |     parquet statistics predicates: i_current_price > CAST(50 AS DECIMAL(3,0))
|  |     parquet dictionary predicates: i_current_price > CAST(50 AS DECIMAL(3,0))
|  |     mem-estimate=16.00MB mem-reservation=256.00KB thread-reservation=0
|  |     tuple-ids=12 row-size=12B cardinality=1.80K cost=68211
|  |     in pipelines: 17(GETNEXT)
|  |
|  19:HASH JOIN [LEFT OUTER JOIN, BROADCAST]
|  |  hash-table-id=09
|  |  hash predicates: cs_item_sk = cr_item_sk, cs_order_number = cr_order_number
|  |  fk/pk conjuncts: cs_item_sk = cr_item_sk, cs_order_number = cr_order_number
|  |  mem-estimate=0B mem-reservation=0B spill-buffer=512.00KB thread-reservation=0
|  |  tuple-ids=8,9N row-size=60B cardinality=144.35K(filtered from 1.44M) cost=288710
|  |  in pipelines: 13(GETNEXT), 14(OPEN)
|  |
|  |--F33:PLAN FRAGMENT [RANDOM] hosts=3 instances=3
|  |  |  Per-Instance Resources: mem-estimate=37.63MB mem-reservation=34.00MB thread-reservation=1
|  |  |  max-parallelism=3 segment-costs=[299954]
|  |  JOIN BUILD
|  |  |  join-table-id=09 plan-id=10 cohort-id=02
|  |  |  build expressions: cr_item_sk, cr_order_number
|  |  |  mem-estimate=34.00MB mem-reservation=34.00MB spill-buffer=512.00KB thread-reservation=0 cost=288134
|  |  |
|  |  47:EXCHANGE [BROADCAST]
|  |  |  mem-estimate=3.63MB mem-reservation=0B thread-reservation=0
|  |  |  tuple-ids=9 row-size=24B cardinality=144.07K cost=11820
|  |  |  in pipelines: 14(GETNEXT)
|  |  |
|  |  F08:PLAN FRAGMENT [RANDOM] hosts=3 instances=12 (adjusted from 48)
|  |  Per-Host Shared Resources: mem-estimate=1.00MB mem-reservation=1.00MB thread-reservation=0 runtime-filters-memory=1.00MB
|  |  Per-Instance Resources: mem-estimate=16.11MB mem-reservation=32.00KB thread-reservation=1
|  |  max-parallelism=12 segment-costs=[103007316]
|  |  14:SCAN HDFS [tpcds_partitioned_parquet_snap.catalog_returns, RANDOM]
|  |     HDFS partitions=2060/2060 files=2060 size=30.62MB
|  |     runtime filters: RF015[min_max] -> tpcds_partitioned_parquet_snap.catalog_returns.cr_item_sk, RF014[bloom] -> tpcds_partitioned_parquet_snap.catalog_returns.cr_item_sk
|  |     stored statistics:
|  |       table: rows=144.07K size=30.62MB
|  |       partitions: 2060/2060 rows=144.07K
|  |       columns: all
|  |     extrapolated-rows=disabled max-scan-range-rows=139
|  |     mem-estimate=16.00MB mem-reservation=32.00KB thread-reservation=0
|  |     tuple-ids=9 row-size=24B cardinality=144.07K cost=103003376
|  |     in pipelines: 14(GETNEXT)
|  |
|  13:SCAN HDFS [tpcds_partitioned_parquet_snap.catalog_sales, RANDOM]
|     HDFS partitions=1831/1831 files=1831 size=151.13MB
|     runtime filters: RF015[min_max] -> cs_item_sk, RF013[min_max] -> cs_promo_sk, RF009[min_max] -> cs_catalog_page_sk, RF014[bloom] -> cs_item_sk, RF012[bloom] -> cs_promo_sk, RF008[bloom] -> cs_catalog_page_sk, RF010[bloom] -> cs_sold_date_sk
|     stored statistics:
|       table: rows=1.44M size=151.13MB
|       partitions: 1831/1831 rows=1.44M
|       columns: all
|     extrapolated-rows=disabled max-scan-range-rows=7.18K
|     mem-estimate=16.00MB mem-reservation=256.00KB thread-reservation=0
|     tuple-ids=8 row-size=36B cardinality=144.35K(filtered from 1.44M) cost=91555080
|     in pipelines: 13(GETNEXT)
|
46:AGGREGATE [FINALIZE]
|  output: sum:merge(ss_ext_sales_price), sum:merge(coalesce(sr_return_amt, 0)), sum:merge(ss_net_profit - coalesce(sr_net_loss, 0))
|  group by: s_store_id
|  mem-estimate=10.00MB mem-reservation=1.94MB spill-buffer=64.00KB thread-reservation=0
|  tuple-ids=6 row-size=76B cardinality=6 cost=24
|  in pipelines: 46(GETNEXT), 01(OPEN)
|
45:EXCHANGE [HASH(s_store_id)]
|  mem-estimate=16.00KB mem-reservation=0B thread-reservation=0
|  tuple-ids=6 row-size=76B cardinality=6 cost=1
|  in pipelines: 01(GETNEXT)
|
F00:PLAN FRAGMENT [RANDOM] hosts=3 instances=12 (adjusted from 48)
Per-Host Shared Resources: mem-estimate=4.00MB mem-reservation=4.00MB thread-reservation=0 runtime-filters-memory=4.00MB
Per-Instance Resources: mem-estimate=29.75MB mem-reservation=6.00MB thread-reservation=1
max-parallelism=12 segment-costs=[94045966, 1] cpu-comparison-result=31 [max(12 (self) vs 31 (sum children))]
12:AGGREGATE [STREAMING]
|  output: sum(ss_ext_sales_price), sum(coalesce(sr_return_amt, CAST(0 AS DECIMAL(7,2)))), sum(ss_net_profit - coalesce(sr_net_loss, CAST(0 AS DECIMAL(7,2))))
|  group by: s_store_id
|  mem-estimate=10.00MB mem-reservation=2.00MB spill-buffer=64.00KB thread-reservation=0
|  tuple-ids=6 row-size=76B cardinality=6 cost=1121644
|  in pipelines: 01(GETNEXT)
|
11:HASH JOIN [INNER JOIN, BROADCAST]
|  hash-table-id=00
|  hash predicates: ss_store_sk = s_store_sk
|  fk/pk conjuncts: ss_store_sk = s_store_sk
|  mem-estimate=0B mem-reservation=0B spill-buffer=64.00KB thread-reservation=0
|  tuple-ids=0,1N,4,5,2,3 row-size=147B cardinality=280.41K cost=280411
|  in pipelines: 01(GETNEXT), 04(OPEN)
|
|--F24:PLAN FRAGMENT [RANDOM] hosts=3 instances=3
|  |  Per-Instance Resources: mem-estimate=8.77MB mem-reservation=8.75MB thread-reservation=1 runtime-filters-memory=1.00MB
|  |  max-parallelism=3 segment-costs=[15]
|  JOIN BUILD
|  |  join-table-id=00 plan-id=01 cohort-id=01
|  |  build expressions: s_store_sk
|  |  runtime filters: RF000[bloom] <- s_store_sk, RF001[min_max] <- s_store_sk
|  |  mem-estimate=7.75MB mem-reservation=7.75MB spill-buffer=64.00KB thread-reservation=0 cost=12
|  |
|  44:EXCHANGE [BROADCAST]
|  |  mem-estimate=16.00KB mem-reservation=0B thread-reservation=0
|  |  tuple-ids=3 row-size=32B cardinality=12 cost=3
|  |  in pipelines: 04(GETNEXT)
|  |
|  F05:PLAN FRAGMENT [RANDOM] hosts=1 instances=1
|  Per-Instance Resources: mem-estimate=16.14MB mem-reservation=16.00KB thread-reservation=1
|  max-parallelism=1 segment-costs=[50002]
|  04:SCAN HDFS [tpcds_partitioned_parquet_snap.store, RANDOM]
|     HDFS partitions=1/1 files=1 size=9.93KB
|     stored statistics:
|       table: rows=12 size=9.93KB
|       columns: all
|     extrapolated-rows=disabled max-scan-range-rows=12
|     mem-estimate=16.00MB mem-reservation=16.00KB thread-reservation=0
|     tuple-ids=3 row-size=32B cardinality=12 cost=50001
|     in pipelines: 04(GETNEXT)
|
10:HASH JOIN [INNER JOIN, BROADCAST]
|  hash-table-id=01
|  hash predicates: ss_sold_date_sk = d_date_sk
|  fk/pk conjuncts: ss_sold_date_sk = d_date_sk
|  mem-estimate=0B mem-reservation=0B spill-buffer=64.00KB thread-reservation=0
|  tuple-ids=0,1N,4,5,2 row-size=115B cardinality=280.41K cost=280411
|  in pipelines: 01(GETNEXT), 03(OPEN)
|
|--F25:PLAN FRAGMENT [RANDOM] hosts=3 instances=3
|  |  Per-Instance Resources: mem-estimate=8.96MB mem-reservation=8.75MB thread-reservation=1 runtime-filters-memory=1.00MB
|  |  max-parallelism=3 segment-costs=[7950]
|  JOIN BUILD
|  |  join-table-id=01 plan-id=02 cohort-id=01
|  |  build expressions: d_date_sk
|  |  runtime filters: RF002[bloom] <- d_date_sk
|  |  mem-estimate=7.75MB mem-reservation=7.75MB spill-buffer=64.00KB thread-reservation=0 cost=7305
|  |
|  43:EXCHANGE [BROADCAST]
|  |  mem-estimate=215.48KB mem-reservation=0B thread-reservation=0
|  |  tuple-ids=2 row-size=26B cardinality=7.30K cost=645
|  |  in pipelines: 03(GETNEXT)
|  |
|  F04:PLAN FRAGMENT [RANDOM] hosts=1 instances=1
|  Per-Instance Resources: mem-estimate=16.12MB mem-reservation=1.00MB thread-reservation=1
|  max-parallelism=1 segment-costs=[198168]
|  03:SCAN HDFS [tpcds_partitioned_parquet_snap.date_dim, RANDOM]
|     HDFS partitions=1/1 files=1 size=2.15MB
|     predicates: CAST(d_date AS DATE) <= DATE '1998-09-03', CAST(d_date AS DATE) >= DATE '1998-08-04'
|     stored statistics:
|       table: rows=73.05K size=2.15MB
|       columns: all
|     extrapolated-rows=disabled max-scan-range-rows=73.05K
|     parquet statistics predicates: CAST(d_date AS DATE) <= DATE '1998-09-03', CAST(d_date AS DATE) >= DATE '1998-08-04'
|     parquet dictionary predicates: CAST(d_date AS DATE) <= DATE '1998-09-03', CAST(d_date AS DATE) >= DATE '1998-08-04'
|     mem-estimate=16.00MB mem-reservation=1.00MB thread-reservation=0
|     tuple-ids=2 row-size=26B cardinality=7.30K cost=197953
|     in pipelines: 03(GETNEXT)
|
09:HASH JOIN [INNER JOIN, BROADCAST]
|  hash-table-id=02
|  hash predicates: ss_promo_sk = p_promo_sk
|  fk/pk conjuncts: ss_promo_sk = p_promo_sk
|  mem-estimate=0B mem-reservation=0B spill-buffer=64.00KB thread-reservation=0
|  tuple-ids=0,1N,4,5 row-size=89B cardinality=280.41K cost=288041
|  in pipelines: 01(GETNEXT), 06(OPEN)
|
|--F26:PLAN FRAGMENT [RANDOM] hosts=3 instances=3
|  |  Per-Instance Resources: mem-estimate=8.77MB mem-reservation=8.75MB thread-reservation=1 runtime-filters-memory=1.00MB
|  |  max-parallelism=3 segment-costs=[315]
|  JOIN BUILD
|  |  join-table-id=02 plan-id=03 cohort-id=01
|  |  build expressions: p_promo_sk
|  |  runtime filters: RF004[bloom] <- p_promo_sk, RF005[min_max] <- p_promo_sk
|  |  mem-estimate=7.75MB mem-reservation=7.75MB spill-buffer=64.00KB thread-reservation=0 cost=294
|  |
|  42:EXCHANGE [BROADCAST]
|  |  mem-estimate=16.00KB mem-reservation=0B thread-reservation=0
|  |  tuple-ids=5 row-size=17B cardinality=294 cost=21
|  |  in pipelines: 06(GETNEXT)
|  |
|  F03:PLAN FRAGMENT [RANDOM] hosts=1 instances=1
|  Per-Instance Resources: mem-estimate=16.08MB mem-reservation=32.00KB thread-reservation=1
|  max-parallelism=1 segment-costs=[50312]
|  06:SCAN HDFS [tpcds_partitioned_parquet_snap.promotion, RANDOM]
|     HDFS partitions=1/1 files=1 size=23.30KB
|     predicates: p_channel_tv = 'N'
|     stored statistics:
|       table: rows=300 size=23.30KB
|       columns: all
|     extrapolated-rows=disabled max-scan-range-rows=300
|     parquet statistics predicates: p_channel_tv = 'N'
|     parquet dictionary predicates: p_channel_tv = 'N'
|     mem-estimate=16.00MB mem-reservation=32.00KB thread-reservation=0
|     tuple-ids=5 row-size=17B cardinality=294 cost=50305
|     in pipelines: 06(GETNEXT)
|
08:HASH JOIN [INNER JOIN, BROADCAST]
|  hash-table-id=03
|  hash predicates: ss_item_sk = i_item_sk
|  fk/pk conjuncts: ss_item_sk = i_item_sk
|  mem-estimate=0B mem-reservation=0B spill-buffer=64.00KB thread-reservation=0
|  tuple-ids=0,1N,4 row-size=72B cardinality=288.04K cost=288441
|  in pipelines: 01(GETNEXT), 05(OPEN)
|
|--F27:PLAN FRAGMENT [RANDOM] hosts=3 instances=3
|  |  Per-Instance Resources: mem-estimate=8.79MB mem-reservation=8.75MB thread-reservation=1 runtime-filters-memory=1.00MB
|  |  max-parallelism=3 segment-costs=[1887]
|  JOIN BUILD
|  |  join-table-id=03 plan-id=04 cohort-id=01
|  |  build expressions: i_item_sk
|  |  runtime filters: RF006[bloom] <- i_item_sk, RF007[min_max] <- i_item_sk
|  |  mem-estimate=7.75MB mem-reservation=7.75MB spill-buffer=64.00KB thread-reservation=0 cost=1800
|  |
|  41:EXCHANGE [BROADCAST]
|  |  mem-estimate=37.09KB mem-reservation=0B thread-reservation=0
|  |  tuple-ids=4 row-size=12B cardinality=1.80K cost=87
|  |  in pipelines: 05(GETNEXT)
|  |
|  F02:PLAN FRAGMENT [RANDOM] hosts=1 instances=1
|  Per-Instance Resources: mem-estimate=16.06MB mem-reservation=256.00KB thread-reservation=1
|  max-parallelism=1 segment-costs=[68240]
|  05:SCAN HDFS [tpcds_partitioned_parquet_snap.item, RANDOM]
|     HDFS partitions=1/1 files=1 size=1.73MB
|     predicates: i_current_price > CAST(50 AS DECIMAL(3,0))
|     stored statistics:
|       table: rows=18.00K size=1.73MB
|       columns: all
|     extrapolated-rows=disabled max-scan-range-rows=18.00K
|     parquet statistics predicates: i_current_price > CAST(50 AS DECIMAL(3,0))
|     parquet dictionary predicates: i_current_price > CAST(50 AS DECIMAL(3,0))
|     mem-estimate=16.00MB mem-reservation=256.00KB thread-reservation=0
|     tuple-ids=4 row-size=12B cardinality=1.80K cost=68211
|     in pipelines: 05(GETNEXT)
|
07:HASH JOIN [LEFT OUTER JOIN, BROADCAST]
|  hash-table-id=04
|  hash predicates: ss_item_sk = sr_item_sk, ss_ticket_number = sr_ticket_number
|  fk/pk conjuncts: ss_item_sk = sr_item_sk, ss_ticket_number = sr_ticket_number
|  mem-estimate=0B mem-reservation=0B spill-buffer=1.00MB thread-reservation=0
|  tuple-ids=0,1N row-size=60B cardinality=288.44K(filtered from 2.88M) cost=576882
|  in pipelines: 01(GETNEXT), 02(OPEN)
|
|--F28:PLAN FRAGMENT [RANDOM] hosts=3 instances=3
|  |  Per-Instance Resources: mem-estimate=74.91MB mem-reservation=68.00MB thread-reservation=1
|  |  max-parallelism=3 segment-costs=[598614]
|  JOIN BUILD
|  |  join-table-id=04 plan-id=05 cohort-id=01
|  |  build expressions: sr_item_sk, sr_ticket_number
|  |  mem-estimate=68.00MB mem-reservation=68.00MB spill-buffer=1.00MB thread-reservation=0 cost=575028
|  |
|  40:EXCHANGE [BROADCAST]
|  |  mem-estimate=6.91MB mem-reservation=0B thread-reservation=0
|  |  tuple-ids=1 row-size=24B cardinality=287.51K cost=23586
|  |  in pipelines: 02(GETNEXT)
|  |
|  F01:PLAN FRAGMENT [RANDOM] hosts=3 instances=12 (adjusted from 48)
|  Per-Host Shared Resources: mem-estimate=1.00MB mem-reservation=1.00MB thread-reservation=0 runtime-filters-memory=1.00MB
|  Per-Instance Resources: mem-estimate=16.11MB mem-reservation=256.00KB thread-reservation=1
|  max-parallelism=12 segment-costs=[100214598]
|  02:SCAN HDFS [tpcds_partitioned_parquet_snap.store_returns, RANDOM]
|     HDFS partitions=2004/2004 files=2004 size=33.80MB
|     runtime filters: RF007[min_max] -> tpcds_partitioned_parquet_snap.store_returns.sr_item_sk, RF006[bloom] -> tpcds_partitioned_parquet_snap.store_returns.sr_item_sk
|     stored statistics:
|       table: rows=287.51K size=33.80MB
|       partitions: 2004/2004 rows=287.51K
|       columns: all
|     extrapolated-rows=disabled max-scan-range-rows=10.01K
|     mem-estimate=16.00MB mem-reservation=256.00KB thread-reservation=0
|     tuple-ids=1 row-size=24B cardinality=287.51K cost=100206736
|     in pipelines: 02(GETNEXT)
|
01:SCAN HDFS [tpcds_partitioned_parquet_snap.store_sales, RANDOM]
   HDFS partitions=1824/1824 files=1824 size=199.36MB
   runtime filters: RF007[min_max] -> ss_item_sk, RF005[min_max] -> ss_promo_sk, RF001[min_max] -> ss_store_sk, RF006[bloom] -> ss_item_sk, RF004[bloom] -> ss_promo_sk, RF000[bloom] -> ss_store_sk, RF002[bloom] -> ss_sold_date_sk
   stored statistics:
     table: rows=2.88M size=199.36MB
     partitions: 1824/1824 rows=2.88M
     columns: all
   extrapolated-rows=disabled max-scan-range-rows=130.09K
   mem-estimate=16.00MB mem-reservation=4.00MB thread-reservation=0
   tuple-ids=0 row-size=36B cardinality=288.44K(filtered from 2.88M) cost=91210136
   in pipelines: 01(GETNEXT)
====
