# TPCDS-Q45
SELECT ca_zip,
       ca_city,
       sum(ws_sales_price)
FROM web_sales,
     customer,
     customer_address,
     date_dim,
     item
WHERE ws_bill_customer_sk = c_customer_sk
  AND c_current_addr_sk = ca_address_sk
  AND ws_item_sk = i_item_sk
  AND (SUBSTRING(ca_zip,1,5) IN ('85669',
                              '86197',
                              '88274',
                              '83405',
                              '86475',
                              '85392',
                              '85460',
                              '80348',
                              '81792')
       OR i_item_id IN
         (SELECT i_item_id
          FROM item
          WHERE i_item_sk IN (2,
                              3,
                              5,
                              7,
                              11,
                              13,
                              17,
                              19,
                              23,
                              29) ))
  AND ws_sold_date_sk = d_date_sk
  AND d_qoy = 2
  AND d_year = 2001
GROUP BY ca_zip,
         ca_city
ORDER BY ca_zip,
         ca_city
LIMIT 100;
---- PLAN
Max Per-Host Resource Reservation: Memory=27.94MB Threads=1
Per-Host Resource Estimates: Memory=123MB
F00:PLAN FRAGMENT [UNPARTITIONED] hosts=1 instances=1
|  Per-Instance Resources: mem-estimate=123.38MB mem-reservation=27.94MB thread-reservation=1 runtime-filters-memory=4.00MB
|  max-parallelism=1 segment-costs=[68643, 10456919, 200, 300]
PLAN-ROOT SINK
|  output exprs: ca_zip, ca_city, sum(ws_sales_price)
|  mem-estimate=4.00MB mem-reservation=4.00MB spill-buffer=2.00MB thread-reservation=0 cost=300
|
13:TOP-N [LIMIT=100]
|  order by: ca_zip ASC, ca_city ASC
|  mem-estimate=5.27KB mem-reservation=0B thread-reservation=0
|  tuple-ids=9 row-size=54B cardinality=100 cost=200
|  in pipelines: 13(GETNEXT), 12(OPEN)
|
12:AGGREGATE [FINALIZE]
|  output: sum(ws_sales_price)
|  group by: ca_zip, ca_city
|  mem-estimate=10.00MB mem-reservation=8.50MB spill-buffer=512.00KB thread-reservation=0
|  tuple-ids=8 row-size=54B cardinality=73.36K cost=220077
|  in pipelines: 12(GETNEXT), 00(OPEN)
|
11:HASH JOIN [LEFT OUTER JOIN]
|  hash predicates: i_item_id = i_item_id
|  fk/pk conjuncts: none
|  other predicates: (substring(ca_zip, CAST(1 AS BIGINT), CAST(5 AS BIGINT)) IN ('85669', '86197', '88274', '83405', '86475', '85392', '85460', '80348', '81792') OR i_item_id IS NOT NULL)
|  mem-estimate=1.94MB mem-reservation=1.94MB spill-buffer=64.00KB thread-reservation=0
|  tuple-ids=0,3,1,2,4,6N row-size=146B cardinality=73.36K cost=73369
|  in pipelines: 00(GETNEXT), 06(OPEN)
|
|--06:AGGREGATE [FINALIZE]
|  |  group by: i_item_id
|  |  mem-estimate=10.00MB mem-reservation=1.94MB spill-buffer=64.00KB thread-reservation=0
|  |  tuple-ids=6 row-size=28B cardinality=10 cost=10
|  |  in pipelines: 06(GETNEXT), 05(OPEN)
|  |
|  05:SCAN HDFS [tpcds_partitioned_parquet_snap.item]
|     HDFS partitions=1/1 files=1 size=1.73MB
|     predicates: i_item_sk IN (CAST(2 AS BIGINT), CAST(3 AS BIGINT), CAST(5 AS BIGINT), CAST(7 AS BIGINT), CAST(11 AS BIGINT), CAST(13 AS BIGINT), CAST(17 AS BIGINT), CAST(19 AS BIGINT), CAST(23 AS BIGINT), CAST(29 AS BIGINT))
|     stored statistics:
|       table: rows=18.00K size=1.73MB
|       columns: all
|     extrapolated-rows=disabled max-scan-range-rows=18.00K
|     parquet statistics predicates: i_item_sk IN (CAST(2 AS BIGINT), CAST(3 AS BIGINT), CAST(5 AS BIGINT), CAST(7 AS BIGINT), CAST(11 AS BIGINT), CAST(13 AS BIGINT), CAST(17 AS BIGINT), CAST(19 AS BIGINT), CAST(23 AS BIGINT), CAST(29 AS BIGINT))
|     parquet dictionary predicates: i_item_sk IN (CAST(2 AS BIGINT), CAST(3 AS BIGINT), CAST(5 AS BIGINT), CAST(7 AS BIGINT), CAST(11 AS BIGINT), CAST(13 AS BIGINT), CAST(17 AS BIGINT), CAST(19 AS BIGINT), CAST(23 AS BIGINT), CAST(29 AS BIGINT))
|     mem-estimate=16.00MB mem-reservation=512.00KB thread-reservation=0
|     tuple-ids=5 row-size=36B cardinality=10 cost=68633
|     in pipelines: 05(GETNEXT)
|
10:HASH JOIN [INNER JOIN]
|  hash predicates: ws_item_sk = i_item_sk
|  fk/pk conjuncts: ws_item_sk = i_item_sk
|  runtime filters: RF000[bloom] <- i_item_sk, RF001[min_max] <- i_item_sk
|  mem-estimate=1.94MB mem-reservation=1.94MB spill-buffer=64.00KB thread-reservation=0
|  tuple-ids=0,3,1,2,4 row-size=118B cardinality=73.36K cost=91359
|  in pipelines: 00(GETNEXT), 04(OPEN)
|
|--04:SCAN HDFS [tpcds_partitioned_parquet_snap.item]
|     HDFS partitions=1/1 files=1 size=1.73MB
|     stored statistics:
|       table: rows=18.00K size=1.73MB
|       columns: all
|     extrapolated-rows=disabled max-scan-range-rows=18.00K
|     mem-estimate=16.00MB mem-reservation=512.00KB thread-reservation=0
|     tuple-ids=4 row-size=36B cardinality=18.00K cost=50633
|     in pipelines: 04(GETNEXT)
|
09:HASH JOIN [INNER JOIN]
|  hash predicates: c_current_addr_sk = ca_address_sk
|  fk/pk conjuncts: c_current_addr_sk = ca_address_sk
|  runtime filters: RF002[bloom] <- ca_address_sk, RF003[min_max] <- ca_address_sk
|  mem-estimate=4.75MB mem-reservation=4.75MB spill-buffer=256.00KB thread-reservation=0
|  tuple-ids=0,3,1,2 row-size=82B cardinality=73.36K cost=123359
|  in pipelines: 00(GETNEXT), 02(OPEN)
|
|--02:SCAN HDFS [tpcds_partitioned_parquet_snap.customer_address]
|     HDFS partitions=1/1 files=1 size=1.16MB
|     stored statistics:
|       table: rows=50.00K size=1.16MB
|       columns: all
|     extrapolated-rows=disabled max-scan-range-rows=50.00K
|     mem-estimate=16.00MB mem-reservation=512.00KB thread-reservation=0
|     tuple-ids=2 row-size=42B cardinality=50.00K cost=52048
|     in pipelines: 02(GETNEXT)
|
08:HASH JOIN [INNER JOIN]
|  hash predicates: ws_bill_customer_sk = c_customer_sk
|  fk/pk conjuncts: ws_bill_customer_sk = c_customer_sk
|  runtime filters: RF004[bloom] <- c_customer_sk, RF005[min_max] <- c_customer_sk
|  mem-estimate=4.75MB mem-reservation=4.75MB spill-buffer=256.00KB thread-reservation=0
|  tuple-ids=0,3,1 row-size=40B cardinality=73.36K cost=173359
|  in pipelines: 00(GETNEXT), 01(OPEN)
|
|--01:SCAN HDFS [tpcds_partitioned_parquet_snap.customer]
|     HDFS partitions=1/1 files=1 size=5.49MB
|     runtime filters: RF003[min_max] -> c_current_addr_sk, RF002[bloom] -> c_current_addr_sk
|     stored statistics:
|       table: rows=100.00K size=5.49MB
|       columns: all
|     extrapolated-rows=disabled max-scan-range-rows=100.00K
|     mem-estimate=16.00MB mem-reservation=1.00MB thread-reservation=0
|     tuple-ids=1 row-size=8B cardinality=100.00K cost=50782
|     in pipelines: 01(GETNEXT)
|
07:HASH JOIN [INNER JOIN]
|  hash predicates: ws_sold_date_sk = d_date_sk
|  fk/pk conjuncts: ws_sold_date_sk = d_date_sk
|  runtime filters: RF006[bloom] <- d_date_sk
|  mem-estimate=1.94MB mem-reservation=1.94MB spill-buffer=64.00KB thread-reservation=0
|  tuple-ids=0,3 row-size=32B cardinality=73.36K cost=73545
|  in pipelines: 00(GETNEXT), 03(OPEN)
|
|--03:SCAN HDFS [tpcds_partitioned_parquet_snap.date_dim]
|     HDFS partitions=1/1 files=1 size=2.15MB
|     predicates: d_year = CAST(2001 AS INT), d_qoy = CAST(2 AS INT)
|     stored statistics:
|       table: rows=73.05K size=2.15MB
|       columns: all
|     extrapolated-rows=disabled max-scan-range-rows=73.05K
|     parquet statistics predicates: d_year = CAST(2001 AS INT), d_qoy = CAST(2 AS INT)
|     parquet dictionary predicates: d_year = CAST(2001 AS INT), d_qoy = CAST(2 AS INT)
|     mem-estimate=16.00MB mem-reservation=512.00KB thread-reservation=0
|     tuple-ids=3 row-size=12B cardinality=186 cost=196955
|     in pipelines: 03(GETNEXT)
|
00:SCAN HDFS [tpcds_partitioned_parquet_snap.web_sales]
   HDFS partitions=1824/1824 files=1824 size=84.20MB
   runtime filters: RF001[min_max] -> ws_item_sk, RF005[min_max] -> ws_bill_customer_sk, RF000[bloom] -> ws_item_sk, RF004[bloom] -> ws_bill_customer_sk, RF006[bloom] -> ws_sold_date_sk
   stored statistics:
     table: rows=719.38K size=84.20MB
     partitions: 1824/1824 rows=719.38K
     columns: all
   extrapolated-rows=disabled max-scan-range-rows=1.12K est-scan-range=187(filtered from 1824)
   mem-estimate=16.00MB mem-reservation=128.00KB thread-reservation=0
   tuple-ids=0 row-size=20B cardinality=73.36K(filtered from 719.38K) cost=9351433
   in pipelines: 00(GETNEXT)
---- DISTRIBUTEDPLAN
Max Per-Host Resource Reservation: Memory=50.38MB Threads=23
Per-Host Resource Estimates: Memory=238MB
F10:PLAN FRAGMENT [UNPARTITIONED] hosts=1 instances=1
|  Per-Instance Resources: mem-estimate=4.03MB mem-reservation=4.00MB thread-reservation=1
|  max-parallelism=1 segment-costs=[306] cpu-comparison-result=25 [max(1 (self) vs 25 (sum children))]
PLAN-ROOT SINK
|  output exprs: ca_zip, ca_city, sum(ws_sales_price)
|  mem-estimate=4.00MB mem-reservation=4.00MB spill-buffer=2.00MB thread-reservation=0 cost=300
|
25:MERGING-EXCHANGE [UNPARTITIONED]
|  order by: ca_zip ASC, ca_city ASC
|  limit: 100
|  mem-estimate=35.71KB mem-reservation=0B thread-reservation=0
|  tuple-ids=9 row-size=54B cardinality=100 cost=6
|  in pipelines: 13(GETNEXT)
|
F09:PLAN FRAGMENT [HASH(ca_zip,ca_city)] hosts=3 instances=6 (adjusted from 48)
Per-Instance Resources: mem-estimate=11.60MB mem-reservation=1.94MB thread-reservation=1
max-parallelism=6 segment-costs=[224229, 200, 6] cpu-comparison-result=25 [max(6 (self) vs 25 (sum children))]
13:TOP-N [LIMIT=100]
|  order by: ca_zip ASC, ca_city ASC
|  mem-estimate=5.27KB mem-reservation=0B thread-reservation=0
|  tuple-ids=9 row-size=54B cardinality=100 cost=200
|  in pipelines: 13(GETNEXT), 24(OPEN)
|
24:AGGREGATE [FINALIZE]
|  output: sum:merge(ws_sales_price)
|  group by: ca_zip, ca_city
|  mem-estimate=10.00MB mem-reservation=1.94MB spill-buffer=64.00KB thread-reservation=0
|  tuple-ids=8 row-size=54B cardinality=73.36K cost=220077
|  in pipelines: 24(GETNEXT), 00(OPEN)
|
23:EXCHANGE [HASH(ca_zip,ca_city)]
|  mem-estimate=1.60MB mem-reservation=0B thread-reservation=0
|  tuple-ids=8 row-size=54B cardinality=73.36K cost=4152
|  in pipelines: 00(GETNEXT)
|
F05:PLAN FRAGMENT [HASH(c_current_addr_sk)] hosts=3 instances=6 (adjusted from 48)
Per-Instance Resources: mem-estimate=12.60MB mem-reservation=2.00MB thread-reservation=1
max-parallelism=6 segment-costs=[443880, 4152] cpu-comparison-result=25 [max(18 (self) vs 25 (sum children))]
12:AGGREGATE [STREAMING]
|  output: sum(ws_sales_price)
|  group by: ca_zip, ca_city
|  mem-estimate=10.00MB mem-reservation=2.00MB spill-buffer=64.00KB thread-reservation=0
|  tuple-ids=8 row-size=54B cardinality=73.36K cost=220077
|  in pipelines: 00(GETNEXT)
|
11:HASH JOIN [LEFT OUTER JOIN, BROADCAST]
|  hash-table-id=00
|  hash predicates: i_item_id = i_item_id
|  fk/pk conjuncts: none
|  other predicates: (substring(ca_zip, CAST(1 AS BIGINT), CAST(5 AS BIGINT)) IN ('85669', '86197', '88274', '83405', '86475', '85392', '85460', '80348', '81792') OR i_item_id IS NOT NULL)
|  mem-estimate=0B mem-reservation=0B spill-buffer=64.00KB thread-reservation=0
|  tuple-ids=0,3,1,2,4,6N row-size=146B cardinality=73.36K cost=73359
|  in pipelines: 00(GETNEXT), 21(OPEN)
|
|--F11:PLAN FRAGMENT [HASH(c_current_addr_sk)] hosts=3 instances=3
|  |  Per-Instance Resources: mem-estimate=3.89MB mem-reservation=3.88MB thread-reservation=1
|  |  max-parallelism=3 segment-costs=[13] cpu-comparison-result=3 [max(3 (self) vs 2 (sum children))]
|  JOIN BUILD
|  |  join-table-id=00 plan-id=01 cohort-id=01
|  |  build expressions: i_item_id
|  |  mem-estimate=3.88MB mem-reservation=3.88MB spill-buffer=64.00KB thread-reservation=0 cost=10
|  |
|  22:EXCHANGE [BROADCAST]
|  |  mem-estimate=16.00KB mem-reservation=0B thread-reservation=0
|  |  tuple-ids=6 row-size=28B cardinality=10 cost=3
|  |  in pipelines: 21(GETNEXT)
|  |
|  F08:PLAN FRAGMENT [HASH(i_item_id)] hosts=1 instances=2 (adjusted from 1)
|  Per-Instance Resources: mem-estimate=10.12MB mem-reservation=1.94MB thread-reservation=1
|  max-parallelism=2 segment-costs=[11, 1] cpu-comparison-result=2 [max(2 (self) vs 1 (sum children))]
|  21:AGGREGATE [FINALIZE]
|  |  group by: i_item_id
|  |  mem-estimate=10.00MB mem-reservation=1.94MB spill-buffer=64.00KB thread-reservation=0
|  |  tuple-ids=6 row-size=28B cardinality=10 cost=10
|  |  in pipelines: 21(GETNEXT), 05(OPEN)
|  |
|  20:EXCHANGE [HASH(i_item_id)]
|  |  mem-estimate=16.00KB mem-reservation=0B thread-reservation=0
|  |  tuple-ids=6 row-size=28B cardinality=10 cost=1
|  |  in pipelines: 05(GETNEXT)
|  |
|  F07:PLAN FRAGMENT [RANDOM] hosts=1 instances=1
|  Per-Instance Resources: mem-estimate=26.25MB mem-reservation=2.50MB thread-reservation=1
|  max-parallelism=1 segment-costs=[68643, 1]
|  06:AGGREGATE [STREAMING]
|  |  group by: i_item_id
|  |  mem-estimate=10.00MB mem-reservation=2.00MB spill-buffer=64.00KB thread-reservation=0
|  |  tuple-ids=6 row-size=28B cardinality=10 cost=10
|  |  in pipelines: 05(GETNEXT)
|  |
|  05:SCAN HDFS [tpcds_partitioned_parquet_snap.item, RANDOM]
|     HDFS partitions=1/1 files=1 size=1.73MB
|     predicates: i_item_sk IN (CAST(2 AS BIGINT), CAST(3 AS BIGINT), CAST(5 AS BIGINT), CAST(7 AS BIGINT), CAST(11 AS BIGINT), CAST(13 AS BIGINT), CAST(17 AS BIGINT), CAST(19 AS BIGINT), CAST(23 AS BIGINT), CAST(29 AS BIGINT))
|     stored statistics:
|       table: rows=18.00K size=1.73MB
|       columns: all
|     extrapolated-rows=disabled max-scan-range-rows=18.00K
|     parquet statistics predicates: i_item_sk IN (CAST(2 AS BIGINT), CAST(3 AS BIGINT), CAST(5 AS BIGINT), CAST(7 AS BIGINT), CAST(11 AS BIGINT), CAST(13 AS BIGINT), CAST(17 AS BIGINT), CAST(19 AS BIGINT), CAST(23 AS BIGINT), CAST(29 AS BIGINT))
|     parquet dictionary predicates: i_item_sk IN (CAST(2 AS BIGINT), CAST(3 AS BIGINT), CAST(5 AS BIGINT), CAST(7 AS BIGINT), CAST(11 AS BIGINT), CAST(13 AS BIGINT), CAST(17 AS BIGINT), CAST(19 AS BIGINT), CAST(23 AS BIGINT), CAST(29 AS BIGINT))
|     mem-estimate=16.00MB mem-reservation=512.00KB thread-reservation=0
|     tuple-ids=5 row-size=36B cardinality=10 cost=68633
|     in pipelines: 05(GETNEXT)
|
10:HASH JOIN [INNER JOIN, BROADCAST]
|  hash-table-id=01
|  hash predicates: ws_item_sk = i_item_sk
|  fk/pk conjuncts: ws_item_sk = i_item_sk
|  mem-estimate=0B mem-reservation=0B spill-buffer=64.00KB thread-reservation=0
|  tuple-ids=0,3,1,2,4 row-size=118B cardinality=73.36K cost=73359
|  in pipelines: 00(GETNEXT), 04(OPEN)
|
|--F12:PLAN FRAGMENT [HASH(c_current_addr_sk)] hosts=3 instances=3
|  |  Per-Instance Resources: mem-estimate=5.53MB mem-reservation=4.88MB thread-reservation=1 runtime-filters-memory=1.00MB
|  |  max-parallelism=3 segment-costs=[20112]
|  JOIN BUILD
|  |  join-table-id=01 plan-id=02 cohort-id=01
|  |  build expressions: i_item_sk
|  |  runtime filters: RF000[bloom] <- i_item_sk, RF001[min_max] <- i_item_sk
|  |  mem-estimate=3.88MB mem-reservation=3.88MB spill-buffer=64.00KB thread-reservation=0 cost=18000
|  |
|  19:EXCHANGE [BROADCAST]
|  |  mem-estimate=672.81KB mem-reservation=0B thread-reservation=0
|  |  tuple-ids=4 row-size=36B cardinality=18.00K cost=2112
|  |  in pipelines: 04(GETNEXT)
|  |
|  F06:PLAN FRAGMENT [RANDOM] hosts=1 instances=1
|  Per-Instance Resources: mem-estimate=16.16MB mem-reservation=512.00KB thread-reservation=1
|  max-parallelism=1 segment-costs=[51337]
|  04:SCAN HDFS [tpcds_partitioned_parquet_snap.item, RANDOM]
|     HDFS partitions=1/1 files=1 size=1.73MB
|     stored statistics:
|       table: rows=18.00K size=1.73MB
|       columns: all
|     extrapolated-rows=disabled max-scan-range-rows=18.00K
|     mem-estimate=16.00MB mem-reservation=512.00KB thread-reservation=0
|     tuple-ids=4 row-size=36B cardinality=18.00K cost=50633
|     in pipelines: 04(GETNEXT)
|
09:HASH JOIN [INNER JOIN, PARTITIONED]
|  hash-table-id=02
|  hash predicates: c_current_addr_sk = ca_address_sk
|  fk/pk conjuncts: c_current_addr_sk = ca_address_sk
|  mem-estimate=0B mem-reservation=0B spill-buffer=64.00KB thread-reservation=0
|  tuple-ids=0,3,1,2 row-size=82B cardinality=73.36K cost=73359
|  in pipelines: 00(GETNEXT), 02(OPEN)
|
|--F13:PLAN FRAGMENT [HASH(c_current_addr_sk)] hosts=3 instances=6 (adjusted from 48)
|  |  Per-Instance Resources: mem-estimate=4.98MB mem-reservation=2.94MB thread-reservation=1 runtime-filters-memory=1.00MB
|  |  max-parallelism=6 segment-costs=[52244]
|  JOIN BUILD
|  |  join-table-id=02 plan-id=03 cohort-id=01
|  |  build expressions: ca_address_sk
|  |  runtime filters: RF002[bloom] <- ca_address_sk, RF003[min_max] <- ca_address_sk
|  |  mem-estimate=1.94MB mem-reservation=1.94MB spill-buffer=64.00KB thread-reservation=0 cost=50000
|  |
|  18:EXCHANGE [HASH(ca_address_sk)]
|  |  mem-estimate=2.04MB mem-reservation=0B thread-reservation=0
|  |  tuple-ids=2 row-size=42B cardinality=50.00K cost=2244
|  |  in pipelines: 02(GETNEXT)
|  |
|  F04:PLAN FRAGMENT [RANDOM] hosts=1 instances=1
|  Per-Instance Resources: mem-estimate=17.08MB mem-reservation=512.00KB thread-reservation=1
|  max-parallelism=1 segment-costs=[54292]
|  02:SCAN HDFS [tpcds_partitioned_parquet_snap.customer_address, RANDOM]
|     HDFS partitions=1/1 files=1 size=1.16MB
|     stored statistics:
|       table: rows=50.00K size=1.16MB
|       columns: all
|     extrapolated-rows=disabled max-scan-range-rows=50.00K
|     mem-estimate=16.00MB mem-reservation=512.00KB thread-reservation=0
|     tuple-ids=2 row-size=42B cardinality=50.00K cost=52048
|     in pipelines: 02(GETNEXT)
|
17:EXCHANGE [HASH(c_current_addr_sk)]
|  mem-estimate=1.24MB mem-reservation=0B thread-reservation=0
|  tuple-ids=0,3,1 row-size=40B cardinality=73.36K cost=3726
|  in pipelines: 00(GETNEXT)
|
F03:PLAN FRAGMENT [HASH(ws_bill_customer_sk)] hosts=3 instances=6 (adjusted from 48)
Per-Instance Resources: mem-estimate=2.20MB mem-reservation=0B thread-reservation=1
max-parallelism=6 segment-costs=[79951]
08:HASH JOIN [INNER JOIN, PARTITIONED]
|  hash-table-id=03
|  hash predicates: ws_bill_customer_sk = c_customer_sk
|  fk/pk conjuncts: ws_bill_customer_sk = c_customer_sk
|  mem-estimate=0B mem-reservation=0B spill-buffer=64.00KB thread-reservation=0
|  tuple-ids=0,3,1 row-size=40B cardinality=73.36K cost=73359
|  in pipelines: 00(GETNEXT), 01(OPEN)
|
|--F14:PLAN FRAGMENT [HASH(ws_bill_customer_sk)] hosts=3 instances=6 (adjusted from 48)
|  |  Per-Instance Resources: mem-estimate=3.71MB mem-reservation=2.94MB thread-reservation=1 runtime-filters-memory=1.00MB
|  |  max-parallelism=6 segment-costs=[101172]
|  JOIN BUILD
|  |  join-table-id=03 plan-id=04 cohort-id=01
|  |  build expressions: c_customer_sk
|  |  runtime filters: RF004[bloom] <- c_customer_sk, RF005[min_max] <- c_customer_sk
|  |  mem-estimate=1.94MB mem-reservation=1.94MB spill-buffer=64.00KB thread-reservation=0 cost=100000
|  |
|  16:EXCHANGE [HASH(c_customer_sk)]
|  |  mem-estimate=793.25KB mem-reservation=0B thread-reservation=0
|  |  tuple-ids=1 row-size=8B cardinality=100.00K cost=1172
|  |  in pipelines: 01(GETNEXT)
|  |
|  F02:PLAN FRAGMENT [RANDOM] hosts=1 instances=1
|  Per-Host Shared Resources: mem-estimate=1.00MB mem-reservation=1.00MB thread-reservation=0 runtime-filters-memory=1.00MB
|  Per-Instance Resources: mem-estimate=16.28MB mem-reservation=1.00MB thread-reservation=1
|  max-parallelism=1 segment-costs=[51954]
|  01:SCAN HDFS [tpcds_partitioned_parquet_snap.customer, RANDOM]
|     HDFS partitions=1/1 files=1 size=5.49MB
|     runtime filters: RF003[min_max] -> c_current_addr_sk, RF002[bloom] -> c_current_addr_sk
|     stored statistics:
|       table: rows=100.00K size=5.49MB
|       columns: all
|     extrapolated-rows=disabled max-scan-range-rows=100.00K
|     mem-estimate=16.00MB mem-reservation=1.00MB thread-reservation=0
|     tuple-ids=1 row-size=8B cardinality=100.00K cost=50782
|     in pipelines: 01(GETNEXT)
|
15:EXCHANGE [HASH(ws_bill_customer_sk)]
|  mem-estimate=1004.16KB mem-reservation=0B thread-reservation=0
|  tuple-ids=0,3 row-size=32B cardinality=73.36K cost=2866
|  in pipelines: 00(GETNEXT)
|
F00:PLAN FRAGMENT [RANDOM] hosts=3 instances=6 (adjusted from 48)
Per-Host Shared Resources: mem-estimate=3.00MB mem-reservation=3.00MB thread-reservation=0 runtime-filters-memory=3.00MB
Per-Instance Resources: mem-estimate=16.94MB mem-reservation=128.00KB thread-reservation=1
max-parallelism=6 segment-costs=[9427658]
07:HASH JOIN [INNER JOIN, BROADCAST]
|  hash-table-id=04
|  hash predicates: ws_sold_date_sk = d_date_sk
|  fk/pk conjuncts: ws_sold_date_sk = d_date_sk
|  mem-estimate=0B mem-reservation=0B spill-buffer=64.00KB thread-reservation=0
|  tuple-ids=0,3 row-size=32B cardinality=73.36K cost=73359
|  in pipelines: 00(GETNEXT), 03(OPEN)
|
|--F15:PLAN FRAGMENT [RANDOM] hosts=3 instances=3
|  |  Per-Instance Resources: mem-estimate=4.89MB mem-reservation=4.88MB thread-reservation=1 runtime-filters-memory=1.00MB
|  |  max-parallelism=3 segment-costs=[195]
|  JOIN BUILD
|  |  join-table-id=04 plan-id=05 cohort-id=01
|  |  build expressions: d_date_sk
|  |  runtime filters: RF006[bloom] <- d_date_sk
|  |  mem-estimate=3.88MB mem-reservation=3.88MB spill-buffer=64.00KB thread-reservation=0 cost=186
|  |
|  14:EXCHANGE [BROADCAST]
|  |  mem-estimate=16.00KB mem-reservation=0B thread-reservation=0
|  |  tuple-ids=3 row-size=12B cardinality=186 cost=9
|  |  in pipelines: 03(GETNEXT)
|  |
|  F01:PLAN FRAGMENT [RANDOM] hosts=1 instances=1
|  Per-Instance Resources: mem-estimate=16.06MB mem-reservation=512.00KB thread-reservation=1
|  max-parallelism=1 segment-costs=[196958]
|  03:SCAN HDFS [tpcds_partitioned_parquet_snap.date_dim, RANDOM]
|     HDFS partitions=1/1 files=1 size=2.15MB
|     predicates: d_year = CAST(2001 AS INT), d_qoy = CAST(2 AS INT)
|     stored statistics:
|       table: rows=73.05K size=2.15MB
|       columns: all
|     extrapolated-rows=disabled max-scan-range-rows=73.05K
|     parquet statistics predicates: d_year = CAST(2001 AS INT), d_qoy = CAST(2 AS INT)
|     parquet dictionary predicates: d_year = CAST(2001 AS INT), d_qoy = CAST(2 AS INT)
|     mem-estimate=16.00MB mem-reservation=512.00KB thread-reservation=0
|     tuple-ids=3 row-size=12B cardinality=186 cost=196955
|     in pipelines: 03(GETNEXT)
|
00:SCAN HDFS [tpcds_partitioned_parquet_snap.web_sales, RANDOM]
   HDFS partitions=1824/1824 files=1824 size=84.20MB
   runtime filters: RF001[min_max] -> ws_item_sk, RF005[min_max] -> ws_bill_customer_sk, RF000[bloom] -> ws_item_sk, RF004[bloom] -> ws_bill_customer_sk, RF006[bloom] -> ws_sold_date_sk
   stored statistics:
     table: rows=719.38K size=84.20MB
     partitions: 1824/1824 rows=719.38K
     columns: all
   extrapolated-rows=disabled max-scan-range-rows=1.12K est-scan-range=187(filtered from 1824)
   mem-estimate=16.00MB mem-reservation=128.00KB thread-reservation=0
   tuple-ids=0 row-size=20B cardinality=73.36K(filtered from 719.38K) cost=9351433
   in pipelines: 00(GETNEXT)
---- PARALLELPLANS
Max Per-Host Resource Reservation: Memory=51.38MB Threads=26
Per-Host Resource Estimates: Memory=250MB
F11:PLAN FRAGMENT [UNPARTITIONED] hosts=1 instances=1
|  Per-Instance Resources: mem-estimate=4.03MB mem-reservation=4.00MB thread-reservation=1
|  max-parallelism=1 segment-costs=[306] cpu-comparison-result=28 [max(1 (self) vs 28 (sum children))]
PLAN-ROOT SINK
|  output exprs: ca_zip, ca_city, sum(ws_sales_price)
|  mem-estimate=4.00MB mem-reservation=4.00MB spill-buffer=2.00MB thread-reservation=0 cost=300
|
26:MERGING-EXCHANGE [UNPARTITIONED]
|  order by: ca_zip ASC, ca_city ASC
|  limit: 100
|  mem-estimate=35.71KB mem-reservation=0B thread-reservation=0
|  tuple-ids=9 row-size=54B cardinality=100 cost=6
|  in pipelines: 13(GETNEXT)
|
F10:PLAN FRAGMENT [HASH(ca_zip,ca_city)] hosts=3 instances=6 (adjusted from 48)
Per-Instance Resources: mem-estimate=11.60MB mem-reservation=1.94MB thread-reservation=1
max-parallelism=6 segment-costs=[224229, 200, 6] cpu-comparison-result=28 [max(6 (self) vs 28 (sum children))]
13:TOP-N [LIMIT=100]
|  order by: ca_zip ASC, ca_city ASC
|  mem-estimate=5.27KB mem-reservation=0B thread-reservation=0
|  tuple-ids=9 row-size=54B cardinality=100 cost=200
|  in pipelines: 13(GETNEXT), 25(OPEN)
|
25:AGGREGATE [FINALIZE]
|  output: sum:merge(ws_sales_price)
|  group by: ca_zip, ca_city
|  mem-estimate=10.00MB mem-reservation=1.94MB spill-buffer=64.00KB thread-reservation=0
|  tuple-ids=8 row-size=54B cardinality=73.36K cost=220077
|  in pipelines: 25(GETNEXT), 00(OPEN)
|
24:EXCHANGE [HASH(ca_zip,ca_city)]
|  mem-estimate=1.60MB mem-reservation=0B thread-reservation=0
|  tuple-ids=8 row-size=54B cardinality=73.36K cost=4152
|  in pipelines: 00(GETNEXT)
|
F07:PLAN FRAGMENT [HASH(ws_item_sk)] hosts=3 instances=6 (adjusted from 48)
Per-Instance Resources: mem-estimate=13.84MB mem-reservation=2.00MB thread-reservation=1
max-parallelism=6 segment-costs=[373812, 4152] cpu-comparison-result=28 [max(24 (self) vs 28 (sum children))]
12:AGGREGATE [STREAMING]
|  output: sum(ws_sales_price)
|  group by: ca_zip, ca_city
|  mem-estimate=10.00MB mem-reservation=2.00MB spill-buffer=64.00KB thread-reservation=0
|  tuple-ids=8 row-size=54B cardinality=73.36K cost=220077
|  in pipelines: 00(GETNEXT)
|
11:HASH JOIN [LEFT OUTER JOIN, BROADCAST]
|  hash-table-id=00
|  hash predicates: i_item_id = i_item_id
|  fk/pk conjuncts: none
|  other predicates: (substring(ca_zip, CAST(1 AS BIGINT), CAST(5 AS BIGINT)) IN ('85669', '86197', '88274', '83405', '86475', '85392', '85460', '80348', '81792') OR i_item_id IS NOT NULL)
|  mem-estimate=0B mem-reservation=0B spill-buffer=64.00KB thread-reservation=0
|  tuple-ids=0,3,1,2,4,6N row-size=146B cardinality=73.36K cost=73359
|  in pipelines: 00(GETNEXT), 22(OPEN)
|
|--F12:PLAN FRAGMENT [HASH(ws_item_sk)] hosts=3 instances=3
|  |  Per-Instance Resources: mem-estimate=3.89MB mem-reservation=3.88MB thread-reservation=1
|  |  max-parallelism=3 segment-costs=[13] cpu-comparison-result=3 [max(3 (self) vs 2 (sum children))]
|  JOIN BUILD
|  |  join-table-id=00 plan-id=01 cohort-id=01
|  |  build expressions: i_item_id
|  |  mem-estimate=3.88MB mem-reservation=3.88MB spill-buffer=64.00KB thread-reservation=0 cost=10
|  |
|  23:EXCHANGE [BROADCAST]
|  |  mem-estimate=16.00KB mem-reservation=0B thread-reservation=0
|  |  tuple-ids=6 row-size=28B cardinality=10 cost=3
|  |  in pipelines: 22(GETNEXT)
|  |
|  F09:PLAN FRAGMENT [HASH(i_item_id)] hosts=1 instances=2 (adjusted from 1)
|  Per-Instance Resources: mem-estimate=10.12MB mem-reservation=1.94MB thread-reservation=1
|  max-parallelism=2 segment-costs=[11, 1] cpu-comparison-result=2 [max(2 (self) vs 1 (sum children))]
|  22:AGGREGATE [FINALIZE]
|  |  group by: i_item_id
|  |  mem-estimate=10.00MB mem-reservation=1.94MB spill-buffer=64.00KB thread-reservation=0
|  |  tuple-ids=6 row-size=28B cardinality=10 cost=10
|  |  in pipelines: 22(GETNEXT), 05(OPEN)
|  |
|  21:EXCHANGE [HASH(i_item_id)]
|  |  mem-estimate=16.00KB mem-reservation=0B thread-reservation=0
|  |  tuple-ids=6 row-size=28B cardinality=10 cost=1
|  |  in pipelines: 05(GETNEXT)
|  |
|  F08:PLAN FRAGMENT [RANDOM] hosts=1 instances=1
|  Per-Instance Resources: mem-estimate=26.25MB mem-reservation=2.50MB thread-reservation=1
|  max-parallelism=1 segment-costs=[68643, 1]
|  06:AGGREGATE [STREAMING]
|  |  group by: i_item_id
|  |  mem-estimate=10.00MB mem-reservation=2.00MB spill-buffer=64.00KB thread-reservation=0
|  |  tuple-ids=6 row-size=28B cardinality=10 cost=10
|  |  in pipelines: 05(GETNEXT)
|  |
|  05:SCAN HDFS [tpcds_partitioned_parquet_snap.item, RANDOM]
|     HDFS partitions=1/1 files=1 size=1.73MB
|     predicates: i_item_sk IN (CAST(2 AS BIGINT), CAST(3 AS BIGINT), CAST(5 AS BIGINT), CAST(7 AS BIGINT), CAST(11 AS BIGINT), CAST(13 AS BIGINT), CAST(17 AS BIGINT), CAST(19 AS BIGINT), CAST(23 AS BIGINT), CAST(29 AS BIGINT))
|     stored statistics:
|       table: rows=18.00K size=1.73MB
|       columns: all
|     extrapolated-rows=disabled max-scan-range-rows=18.00K
|     parquet statistics predicates: i_item_sk IN (CAST(2 AS BIGINT), CAST(3 AS BIGINT), CAST(5 AS BIGINT), CAST(7 AS BIGINT), CAST(11 AS BIGINT), CAST(13 AS BIGINT), CAST(17 AS BIGINT), CAST(19 AS BIGINT), CAST(23 AS BIGINT), CAST(29 AS BIGINT))
|     parquet dictionary predicates: i_item_sk IN (CAST(2 AS BIGINT), CAST(3 AS BIGINT), CAST(5 AS BIGINT), CAST(7 AS BIGINT), CAST(11 AS BIGINT), CAST(13 AS BIGINT), CAST(17 AS BIGINT), CAST(19 AS BIGINT), CAST(23 AS BIGINT), CAST(29 AS BIGINT))
|     mem-estimate=16.00MB mem-reservation=512.00KB thread-reservation=0
|     tuple-ids=5 row-size=36B cardinality=10 cost=68633
|     in pipelines: 05(GETNEXT)
|
10:HASH JOIN [INNER JOIN, PARTITIONED]
|  hash-table-id=01
|  hash predicates: ws_item_sk = i_item_sk
|  fk/pk conjuncts: ws_item_sk = i_item_sk
|  mem-estimate=0B mem-reservation=0B spill-buffer=64.00KB thread-reservation=0
|  tuple-ids=0,3,1,2,4 row-size=118B cardinality=73.36K cost=73359
|  in pipelines: 00(GETNEXT), 04(OPEN)
|
|--F13:PLAN FRAGMENT [HASH(ws_item_sk)] hosts=3 instances=6 (adjusted from 48)
|  |  Per-Instance Resources: mem-estimate=3.59MB mem-reservation=2.94MB thread-reservation=1 runtime-filters-memory=1.00MB
|  |  max-parallelism=6 segment-costs=[18704]
|  JOIN BUILD
|  |  join-table-id=01 plan-id=02 cohort-id=01
|  |  build expressions: i_item_sk
|  |  runtime filters: RF000[bloom] <- i_item_sk, RF001[min_max] <- i_item_sk
|  |  mem-estimate=1.94MB mem-reservation=1.94MB spill-buffer=64.00KB thread-reservation=0 cost=18000
|  |
|  20:EXCHANGE [HASH(i_item_sk)]
|  |  mem-estimate=672.81KB mem-reservation=0B thread-reservation=0
|  |  tuple-ids=4 row-size=36B cardinality=18.00K cost=704
|  |  in pipelines: 04(GETNEXT)
|  |
|  F06:PLAN FRAGMENT [RANDOM] hosts=1 instances=1
|  Per-Instance Resources: mem-estimate=16.94MB mem-reservation=512.00KB thread-reservation=1
|  max-parallelism=1 segment-costs=[51337]
|  04:SCAN HDFS [tpcds_partitioned_parquet_snap.item, RANDOM]
|     HDFS partitions=1/1 files=1 size=1.73MB
|     stored statistics:
|       table: rows=18.00K size=1.73MB
|       columns: all
|     extrapolated-rows=disabled max-scan-range-rows=18.00K
|     mem-estimate=16.00MB mem-reservation=512.00KB thread-reservation=0
|     tuple-ids=4 row-size=36B cardinality=18.00K cost=50633
|     in pipelines: 04(GETNEXT)
|
19:EXCHANGE [HASH(ws_item_sk)]
|  mem-estimate=2.48MB mem-reservation=0B thread-reservation=0
|  tuple-ids=0,3,1,2 row-size=82B cardinality=73.36K cost=7017
|  in pipelines: 00(GETNEXT)
|
F05:PLAN FRAGMENT [HASH(c_current_addr_sk)] hosts=3 instances=6 (adjusted from 48)
Per-Instance Resources: mem-estimate=3.53MB mem-reservation=0B thread-reservation=1
max-parallelism=6 segment-costs=[84102]
09:HASH JOIN [INNER JOIN, PARTITIONED]
|  hash-table-id=02
|  hash predicates: c_current_addr_sk = ca_address_sk
|  fk/pk conjuncts: c_current_addr_sk = ca_address_sk
|  mem-estimate=0B mem-reservation=0B spill-buffer=64.00KB thread-reservation=0
|  tuple-ids=0,3,1,2 row-size=82B cardinality=73.36K cost=73359
|  in pipelines: 00(GETNEXT), 02(OPEN)
|
|--F14:PLAN FRAGMENT [HASH(c_current_addr_sk)] hosts=3 instances=6 (adjusted from 48)
|  |  Per-Instance Resources: mem-estimate=4.98MB mem-reservation=2.94MB thread-reservation=1 runtime-filters-memory=1.00MB
|  |  max-parallelism=6 segment-costs=[52244]
|  JOIN BUILD
|  |  join-table-id=02 plan-id=03 cohort-id=01
|  |  build expressions: ca_address_sk
|  |  runtime filters: RF002[bloom] <- ca_address_sk, RF003[min_max] <- ca_address_sk
|  |  mem-estimate=1.94MB mem-reservation=1.94MB spill-buffer=64.00KB thread-reservation=0 cost=50000
|  |
|  18:EXCHANGE [HASH(ca_address_sk)]
|  |  mem-estimate=2.04MB mem-reservation=0B thread-reservation=0
|  |  tuple-ids=2 row-size=42B cardinality=50.00K cost=2244
|  |  in pipelines: 02(GETNEXT)
|  |
|  F04:PLAN FRAGMENT [RANDOM] hosts=1 instances=1
|  Per-Instance Resources: mem-estimate=17.08MB mem-reservation=512.00KB thread-reservation=1
|  max-parallelism=1 segment-costs=[54292]
|  02:SCAN HDFS [tpcds_partitioned_parquet_snap.customer_address, RANDOM]
|     HDFS partitions=1/1 files=1 size=1.16MB
|     stored statistics:
|       table: rows=50.00K size=1.16MB
|       columns: all
|     extrapolated-rows=disabled max-scan-range-rows=50.00K
|     mem-estimate=16.00MB mem-reservation=512.00KB thread-reservation=0
|     tuple-ids=2 row-size=42B cardinality=50.00K cost=52048
|     in pipelines: 02(GETNEXT)
|
17:EXCHANGE [HASH(c_current_addr_sk)]
|  mem-estimate=1.24MB mem-reservation=0B thread-reservation=0
|  tuple-ids=0,3,1 row-size=40B cardinality=73.36K cost=3726
|  in pipelines: 00(GETNEXT)
|
F03:PLAN FRAGMENT [HASH(ws_bill_customer_sk)] hosts=3 instances=6 (adjusted from 48)
Per-Instance Resources: mem-estimate=2.20MB mem-reservation=0B thread-reservation=1
max-parallelism=6 segment-costs=[79951]
08:HASH JOIN [INNER JOIN, PARTITIONED]
|  hash-table-id=03
|  hash predicates: ws_bill_customer_sk = c_customer_sk
|  fk/pk conjuncts: ws_bill_customer_sk = c_customer_sk
|  mem-estimate=0B mem-reservation=0B spill-buffer=64.00KB thread-reservation=0
|  tuple-ids=0,3,1 row-size=40B cardinality=73.36K cost=73359
|  in pipelines: 00(GETNEXT), 01(OPEN)
|
|--F15:PLAN FRAGMENT [HASH(ws_bill_customer_sk)] hosts=3 instances=6 (adjusted from 48)
|  |  Per-Instance Resources: mem-estimate=3.71MB mem-reservation=2.94MB thread-reservation=1 runtime-filters-memory=1.00MB
|  |  max-parallelism=6 segment-costs=[101172]
|  JOIN BUILD
|  |  join-table-id=03 plan-id=04 cohort-id=01
|  |  build expressions: c_customer_sk
|  |  runtime filters: RF004[bloom] <- c_customer_sk, RF005[min_max] <- c_customer_sk
|  |  mem-estimate=1.94MB mem-reservation=1.94MB spill-buffer=64.00KB thread-reservation=0 cost=100000
|  |
|  16:EXCHANGE [HASH(c_customer_sk)]
|  |  mem-estimate=793.25KB mem-reservation=0B thread-reservation=0
|  |  tuple-ids=1 row-size=8B cardinality=100.00K cost=1172
|  |  in pipelines: 01(GETNEXT)
|  |
|  F02:PLAN FRAGMENT [RANDOM] hosts=1 instances=1
|  Per-Host Shared Resources: mem-estimate=1.00MB mem-reservation=1.00MB thread-reservation=0 runtime-filters-memory=1.00MB
|  Per-Instance Resources: mem-estimate=16.28MB mem-reservation=1.00MB thread-reservation=1
|  max-parallelism=1 segment-costs=[51954]
|  01:SCAN HDFS [tpcds_partitioned_parquet_snap.customer, RANDOM]
|     HDFS partitions=1/1 files=1 size=5.49MB
|     runtime filters: RF003[min_max] -> c_current_addr_sk, RF002[bloom] -> c_current_addr_sk
|     stored statistics:
|       table: rows=100.00K size=5.49MB
|       columns: all
|     extrapolated-rows=disabled max-scan-range-rows=100.00K
|     mem-estimate=16.00MB mem-reservation=1.00MB thread-reservation=0
|     tuple-ids=1 row-size=8B cardinality=100.00K cost=50782
|     in pipelines: 01(GETNEXT)
|
15:EXCHANGE [HASH(ws_bill_customer_sk)]
|  mem-estimate=1004.16KB mem-reservation=0B thread-reservation=0
|  tuple-ids=0,3 row-size=32B cardinality=73.36K cost=2866
|  in pipelines: 00(GETNEXT)
|
F00:PLAN FRAGMENT [RANDOM] hosts=3 instances=6 (adjusted from 48)
Per-Host Shared Resources: mem-estimate=3.00MB mem-reservation=3.00MB thread-reservation=0 runtime-filters-memory=3.00MB
Per-Instance Resources: mem-estimate=16.94MB mem-reservation=128.00KB thread-reservation=1
max-parallelism=6 segment-costs=[9427658]
07:HASH JOIN [INNER JOIN, BROADCAST]
|  hash-table-id=04
|  hash predicates: ws_sold_date_sk = d_date_sk
|  fk/pk conjuncts: ws_sold_date_sk = d_date_sk
|  mem-estimate=0B mem-reservation=0B spill-buffer=64.00KB thread-reservation=0
|  tuple-ids=0,3 row-size=32B cardinality=73.36K cost=73359
|  in pipelines: 00(GETNEXT), 03(OPEN)
|
|--F16:PLAN FRAGMENT [RANDOM] hosts=3 instances=3
|  |  Per-Instance Resources: mem-estimate=4.89MB mem-reservation=4.88MB thread-reservation=1 runtime-filters-memory=1.00MB
|  |  max-parallelism=3 segment-costs=[195]
|  JOIN BUILD
|  |  join-table-id=04 plan-id=05 cohort-id=01
|  |  build expressions: d_date_sk
|  |  runtime filters: RF006[bloom] <- d_date_sk
|  |  mem-estimate=3.88MB mem-reservation=3.88MB spill-buffer=64.00KB thread-reservation=0 cost=186
|  |
|  14:EXCHANGE [BROADCAST]
|  |  mem-estimate=16.00KB mem-reservation=0B thread-reservation=0
|  |  tuple-ids=3 row-size=12B cardinality=186 cost=9
|  |  in pipelines: 03(GETNEXT)
|  |
|  F01:PLAN FRAGMENT [RANDOM] hosts=1 instances=1
|  Per-Instance Resources: mem-estimate=16.06MB mem-reservation=512.00KB thread-reservation=1
|  max-parallelism=1 segment-costs=[196958]
|  03:SCAN HDFS [tpcds_partitioned_parquet_snap.date_dim, RANDOM]
|     HDFS partitions=1/1 files=1 size=2.15MB
|     predicates: d_year = CAST(2001 AS INT), d_qoy = CAST(2 AS INT)
|     stored statistics:
|       table: rows=73.05K size=2.15MB
|       columns: all
|     extrapolated-rows=disabled max-scan-range-rows=73.05K
|     parquet statistics predicates: d_year = CAST(2001 AS INT), d_qoy = CAST(2 AS INT)
|     parquet dictionary predicates: d_year = CAST(2001 AS INT), d_qoy = CAST(2 AS INT)
|     mem-estimate=16.00MB mem-reservation=512.00KB thread-reservation=0
|     tuple-ids=3 row-size=12B cardinality=186 cost=196955
|     in pipelines: 03(GETNEXT)
|
00:SCAN HDFS [tpcds_partitioned_parquet_snap.web_sales, RANDOM]
   HDFS partitions=1824/1824 files=1824 size=84.20MB
   runtime filters: RF001[min_max] -> ws_item_sk, RF005[min_max] -> ws_bill_customer_sk, RF000[bloom] -> ws_item_sk, RF004[bloom] -> ws_bill_customer_sk, RF006[bloom] -> ws_sold_date_sk
   stored statistics:
     table: rows=719.38K size=84.20MB
     partitions: 1824/1824 rows=719.38K
     columns: all
   extrapolated-rows=disabled max-scan-range-rows=1.12K est-scan-range=187(filtered from 1824)
   mem-estimate=16.00MB mem-reservation=128.00KB thread-reservation=0
   tuple-ids=0 row-size=20B cardinality=73.36K(filtered from 719.38K) cost=9351433
   in pipelines: 00(GETNEXT)
====
