# TPCDS-Q74
WITH year_total AS
  (SELECT c_customer_id customer_id,
          c_first_name customer_first_name,
          c_last_name customer_last_name,
          d_year AS year_,
          sum(ss_net_paid) year_total,
          's' sale_type
   FROM customer,
        store_sales,
        date_dim
   WHERE c_customer_sk = ss_customer_sk
     AND ss_sold_date_sk = d_date_sk
     AND d_year IN (2001,
                    2001+1)
   GROUP BY c_customer_id,
            c_first_name,
            c_last_name,
            d_year
   UNION ALL SELECT c_customer_id customer_id,
                    c_first_name customer_first_name,
                    c_last_name customer_last_name,
                    d_year AS year_,
                    sum(ws_net_paid) year_total,
                    'w' sale_type
   FROM customer,
        web_sales,
        date_dim
   WHERE c_customer_sk = ws_bill_customer_sk
     AND ws_sold_date_sk = d_date_sk
     AND d_year IN (2001,
                    2001+1)
   GROUP BY c_customer_id,
            c_first_name,
            c_last_name,
            d_year)
SELECT t_s_secyear.customer_id,
       t_s_secyear.customer_first_name,
       t_s_secyear.customer_last_name
FROM year_total t_s_firstyear,
     year_total t_s_secyear,
     year_total t_w_firstyear,
     year_total t_w_secyear
WHERE t_s_secyear.customer_id = t_s_firstyear.customer_id
  AND t_s_firstyear.customer_id = t_w_secyear.customer_id
  AND t_s_firstyear.customer_id = t_w_firstyear.customer_id
  AND t_s_firstyear.sale_type = 's'
  AND t_w_firstyear.sale_type = 'w'
  AND t_s_secyear.sale_type = 's'
  AND t_w_secyear.sale_type = 'w'
  AND t_s_firstyear.year_ = 2001
  AND t_s_secyear.year_ = 2001+1
  AND t_w_firstyear.year_ = 2001
  AND t_w_secyear.year_ = 2001+1
  AND t_s_firstyear.year_total > 0
  AND t_w_firstyear.year_total > 0
  AND CASE
          WHEN t_w_firstyear.year_total > 0 THEN t_w_secyear.year_total / t_w_firstyear.year_total
          ELSE NULL
      END > CASE
                WHEN t_s_firstyear.year_total > 0 THEN t_s_secyear.year_total / t_s_firstyear.year_total
                ELSE NULL
            END
ORDER BY 1
LIMIT 100;

---- PLAN
Max Per-Host Resource Reservation: Memory=200.56MB Threads=1
Per-Host Resource Estimates: Memory=311MB
F00:PLAN FRAGMENT [UNPARTITIONED] hosts=1 instances=1
|  Per-Instance Resources: mem-estimate=311.25MB mem-reservation=200.56MB thread-reservation=1 runtime-filters-memory=10.00MB
|  max-parallelism=1 segment-costs=[23110745, 20012132, 23110745, 20012132, 5813940, 300]
PLAN-ROOT SINK
|  output exprs: customer_id, customer_first_name, customer_last_name
|  mem-estimate=4.00MB mem-reservation=4.00MB spill-buffer=2.00MB thread-reservation=0 cost=300
|
31:TOP-N [LIMIT=100]
|  order by: customer_id ASC
|  mem-estimate=6.25KB mem-reservation=0B thread-reservation=0
|  tuple-ids=40 row-size=64B cardinality=100 cost=100
|  in pipelines: 31(GETNEXT), 13(OPEN)
|
30:HASH JOIN [INNER JOIN]
|  hash predicates: customer_id = customer_id
|  fk/pk conjuncts: assumed fk/pk
|  other predicates: CASE WHEN year_total > CAST(0 AS DECIMAL(3,0)) THEN year_total / year_total ELSE NULL END > CASE WHEN year_total > CAST(0 AS DECIMAL(3,0)) THEN year_total / year_total ELSE NULL END
|  runtime filters: RF001[min_max] <- customer_id
|  mem-estimate=17.00MB mem-reservation=17.00MB spill-buffer=1.00MB thread-reservation=0
|  tuple-ids=18,28,8,38 row-size=212B cardinality=86.65K cost=206014
|  in pipelines: 13(GETNEXT), 27(OPEN)
|
|--21:UNION
|  |  mem-estimate=0B mem-reservation=0B thread-reservation=0
|  |  tuple-ids=38 row-size=44B cardinality=147.11K cost=882666
|  |  in pipelines: 27(GETNEXT)
|  |
|  27:AGGREGATE [FINALIZE]
|  |  output: sum(ws_net_paid)
|  |  group by: c_customer_id, c_first_name, c_last_name, d_year
|  |  mem-estimate=17.00MB mem-reservation=17.00MB spill-buffer=1.00MB thread-reservation=0
|  |  tuple-ids=37 row-size=84B cardinality=147.11K cost=735555
|  |  in pipelines: 27(GETNEXT), 22(OPEN)
|  |
|  26:HASH JOIN [INNER JOIN]
|  |  hash predicates: c_customer_sk = ws_bill_customer_sk
|  |  fk/pk conjuncts: c_customer_sk = ws_bill_customer_sk
|  |  runtime filters: RF018[bloom] <- ws_bill_customer_sk, RF019[min_max] <- ws_bill_customer_sk
|  |  mem-estimate=8.50MB mem-reservation=8.50MB spill-buffer=512.00KB thread-reservation=0
|  |  tuple-ids=34,35,36 row-size=88B cardinality=147.11K cost=247111
|  |  in pipelines: 22(GETNEXT), 23(OPEN)
|  |
|  |--25:HASH JOIN [INNER JOIN]
|  |  |  hash predicates: ws_sold_date_sk = d_date_sk
|  |  |  fk/pk conjuncts: ws_sold_date_sk = d_date_sk
|  |  |  runtime filters: RF020[bloom] <- d_date_sk
|  |  |  mem-estimate=1.94MB mem-reservation=1.94MB spill-buffer=64.00KB thread-reservation=0
|  |  |  tuple-ids=35,36 row-size=20B cardinality=147.11K cost=147484
|  |  |  in pipelines: 23(GETNEXT), 24(OPEN)
|  |  |
|  |  |--24:SCAN HDFS [tpcds_partitioned_parquet_snap.date_dim]
|  |  |     HDFS partitions=1/1 files=1 size=2.15MB
|  |  |     predicates: tpcds_partitioned_parquet_snap.date_dim.d_year = CAST(2002 AS INT)
|  |  |     stored statistics:
|  |  |       table: rows=73.05K size=2.15MB
|  |  |       columns: all
|  |  |     extrapolated-rows=disabled max-scan-range-rows=73.05K
|  |  |     parquet statistics predicates: tpcds_partitioned_parquet_snap.date_dim.d_year = CAST(2002 AS INT)
|  |  |     parquet dictionary predicates: tpcds_partitioned_parquet_snap.date_dim.d_year = CAST(2002 AS INT)
|  |  |     mem-estimate=16.00MB mem-reservation=512.00KB thread-reservation=0
|  |  |     tuple-ids=36 row-size=8B cardinality=373 cost=123620
|  |  |     in pipelines: 24(GETNEXT)
|  |  |
|  |  23:SCAN HDFS [tpcds_partitioned_parquet_snap.web_sales]
|  |     HDFS partitions=1824/1824 files=1824 size=84.20MB
|  |     runtime filters: RF020[bloom] -> ws_sold_date_sk
|  |     stored statistics:
|  |       table: rows=719.38K size=84.20MB
|  |       partitions: 1824/1824 rows=719.38K
|  |       columns: all
|  |     extrapolated-rows=disabled max-scan-range-rows=1.12K est-scan-range=374(filtered from 1824)
|  |     mem-estimate=16.00MB mem-reservation=128.00KB thread-reservation=0
|  |     tuple-ids=35 row-size=12B cardinality=147.11K(filtered from 719.38K) cost=18701724
|  |     in pipelines: 23(GETNEXT)
|  |
|  22:SCAN HDFS [tpcds_partitioned_parquet_snap.customer]
|     HDFS partitions=1/1 files=1 size=5.49MB
|     runtime filters: RF019[min_max] -> c_customer_sk, RF018[bloom] -> c_customer_sk
|     stored statistics:
|       table: rows=100.00K size=5.49MB
|       columns: all
|     extrapolated-rows=disabled max-scan-range-rows=100.00K
|     mem-estimate=16.00MB mem-reservation=4.00MB thread-reservation=0
|     tuple-ids=34 row-size=68B cardinality=100.00K cost=56638
|     in pipelines: 22(GETNEXT)
|
29:HASH JOIN [INNER JOIN]
|  hash predicates: customer_id = customer_id
|  fk/pk conjuncts: assumed fk/pk
|  runtime filters: RF002[bloom] <- customer_id, RF003[min_max] <- customer_id
|  mem-estimate=4.75MB mem-reservation=4.75MB spill-buffer=256.00KB thread-reservation=0
|  tuple-ids=18,28,8 row-size=168B cardinality=58.90K cost=145555
|  in pipelines: 13(GETNEXT), 06(OPEN)
|
|--00:UNION
|  |  mem-estimate=0B mem-reservation=0B thread-reservation=0
|  |  tuple-ids=8 row-size=44B cardinality=58.90K cost=353418
|  |  in pipelines: 06(GETNEXT)
|  |
|  06:AGGREGATE [FINALIZE]
|  |  output: sum(ss_net_paid)
|  |  group by: c_customer_id, c_first_name, c_last_name, d_year
|  |  having: sum(ss_net_paid) > CAST(0 AS DECIMAL(3,0))
|  |  mem-estimate=53.91MB mem-reservation=34.00MB spill-buffer=2.00MB thread-reservation=0
|  |  tuple-ids=3 row-size=84B cardinality=58.90K cost=2945150
|  |  in pipelines: 06(GETNEXT), 02(OPEN)
|  |
|  05:HASH JOIN [INNER JOIN]
|  |  hash predicates: ss_customer_sk = c_customer_sk
|  |  fk/pk conjuncts: ss_customer_sk = c_customer_sk
|  |  runtime filters: RF014[bloom] <- c_customer_sk, RF015[min_max] <- c_customer_sk
|  |  mem-estimate=17.00MB mem-reservation=17.00MB spill-buffer=1.00MB thread-reservation=0
|  |  tuple-ids=1,2,0 row-size=88B cardinality=589.03K cost=689030
|  |  in pipelines: 02(GETNEXT), 01(OPEN)
|  |
|  |--01:SCAN HDFS [tpcds_partitioned_parquet_snap.customer]
|  |     HDFS partitions=1/1 files=1 size=5.49MB
|  |     runtime filters: RF001[min_max] -> tpcds_partitioned_parquet_snap.customer.c_customer_id
|  |     stored statistics:
|  |       table: rows=100.00K size=5.49MB
|  |       columns: all
|  |     extrapolated-rows=disabled max-scan-range-rows=100.00K
|  |     mem-estimate=16.00MB mem-reservation=4.00MB thread-reservation=0
|  |     tuple-ids=0 row-size=68B cardinality=100.00K cost=56638
|  |     in pipelines: 01(GETNEXT)
|  |
|  04:HASH JOIN [INNER JOIN]
|  |  hash predicates: ss_sold_date_sk = d_date_sk
|  |  fk/pk conjuncts: ss_sold_date_sk = d_date_sk
|  |  runtime filters: RF016[bloom] <- d_date_sk
|  |  mem-estimate=1.94MB mem-reservation=1.94MB spill-buffer=64.00KB thread-reservation=0
|  |  tuple-ids=1,2 row-size=20B cardinality=589.03K cost=589403
|  |  in pipelines: 02(GETNEXT), 03(OPEN)
|  |
|  |--03:SCAN HDFS [tpcds_partitioned_parquet_snap.date_dim]
|  |     HDFS partitions=1/1 files=1 size=2.15MB
|  |     predicates: tpcds_partitioned_parquet_snap.date_dim.d_year = CAST(2001 AS INT)
|  |     stored statistics:
|  |       table: rows=73.05K size=2.15MB
|  |       columns: all
|  |     extrapolated-rows=disabled max-scan-range-rows=73.05K
|  |     parquet statistics predicates: tpcds_partitioned_parquet_snap.date_dim.d_year = CAST(2001 AS INT)
|  |     parquet dictionary predicates: tpcds_partitioned_parquet_snap.date_dim.d_year = CAST(2001 AS INT)
|  |     mem-estimate=16.00MB mem-reservation=512.00KB thread-reservation=0
|  |     tuple-ids=2 row-size=8B cardinality=373 cost=123620
|  |     in pipelines: 03(GETNEXT)
|  |
|  02:SCAN HDFS [tpcds_partitioned_parquet_snap.store_sales]
|     HDFS partitions=1824/1824 files=1824 size=199.36MB
|     runtime filters: RF015[min_max] -> ss_customer_sk, RF016[bloom] -> ss_sold_date_sk, RF014[bloom] -> ss_customer_sk
|     stored statistics:
|       table: rows=2.88M size=199.36MB
|       partitions: 1824/1824 rows=2.88M
|       columns: all
|     extrapolated-rows=disabled max-scan-range-rows=130.09K est-scan-range=374(filtered from 1824)
|     mem-estimate=16.00MB mem-reservation=1.00MB thread-reservation=0
|     tuple-ids=1 row-size=12B cardinality=589.03K(filtered from 2.88M) cost=18706904
|     in pipelines: 02(GETNEXT)
|
28:HASH JOIN [INNER JOIN]
|  hash predicates: customer_id = customer_id
|  fk/pk conjuncts: assumed fk/pk
|  runtime filters: RF004[bloom] <- customer_id, RF005[min_max] <- customer_id
|  mem-estimate=1.94MB mem-reservation=1.94MB spill-buffer=64.00KB thread-reservation=0
|  tuple-ids=18,28 row-size=124B cardinality=86.65K cost=603741
|  in pipelines: 13(GETNEXT), 20(OPEN)
|
|--14:UNION
|  |  mem-estimate=0B mem-reservation=0B thread-reservation=0
|  |  tuple-ids=28 row-size=44B cardinality=14.71K cost=88266
|  |  in pipelines: 20(GETNEXT)
|  |
|  20:AGGREGATE [FINALIZE]
|  |  output: sum(ws_net_paid)
|  |  group by: c_customer_id, c_first_name, c_last_name, d_year
|  |  having: sum(ws_net_paid) > CAST(0 AS DECIMAL(3,0))
|  |  mem-estimate=17.00MB mem-reservation=17.00MB spill-buffer=1.00MB thread-reservation=0
|  |  tuple-ids=27 row-size=84B cardinality=14.71K cost=735555
|  |  in pipelines: 20(GETNEXT), 15(OPEN)
|  |
|  19:HASH JOIN [INNER JOIN]
|  |  hash predicates: c_customer_sk = ws_bill_customer_sk
|  |  fk/pk conjuncts: c_customer_sk = ws_bill_customer_sk
|  |  runtime filters: RF010[bloom] <- ws_bill_customer_sk, RF011[min_max] <- ws_bill_customer_sk
|  |  mem-estimate=8.50MB mem-reservation=8.50MB spill-buffer=512.00KB thread-reservation=0
|  |  tuple-ids=24,25,26 row-size=88B cardinality=147.11K cost=247111
|  |  in pipelines: 15(GETNEXT), 16(OPEN)
|  |
|  |--18:HASH JOIN [INNER JOIN]
|  |  |  hash predicates: ws_sold_date_sk = d_date_sk
|  |  |  fk/pk conjuncts: ws_sold_date_sk = d_date_sk
|  |  |  runtime filters: RF012[bloom] <- d_date_sk
|  |  |  mem-estimate=1.94MB mem-reservation=1.94MB spill-buffer=64.00KB thread-reservation=0
|  |  |  tuple-ids=25,26 row-size=20B cardinality=147.11K cost=147484
|  |  |  in pipelines: 16(GETNEXT), 17(OPEN)
|  |  |
|  |  |--17:SCAN HDFS [tpcds_partitioned_parquet_snap.date_dim]
|  |  |     HDFS partitions=1/1 files=1 size=2.15MB
|  |  |     predicates: tpcds_partitioned_parquet_snap.date_dim.d_year = CAST(2001 AS INT)
|  |  |     stored statistics:
|  |  |       table: rows=73.05K size=2.15MB
|  |  |       columns: all
|  |  |     extrapolated-rows=disabled max-scan-range-rows=73.05K
|  |  |     parquet statistics predicates: tpcds_partitioned_parquet_snap.date_dim.d_year = CAST(2001 AS INT)
|  |  |     parquet dictionary predicates: tpcds_partitioned_parquet_snap.date_dim.d_year = CAST(2001 AS INT)
|  |  |     mem-estimate=16.00MB mem-reservation=512.00KB thread-reservation=0
|  |  |     tuple-ids=26 row-size=8B cardinality=373 cost=123620
|  |  |     in pipelines: 17(GETNEXT)
|  |  |
|  |  16:SCAN HDFS [tpcds_partitioned_parquet_snap.web_sales]
|  |     HDFS partitions=1824/1824 files=1824 size=84.20MB
|  |     runtime filters: RF012[bloom] -> ws_sold_date_sk
|  |     stored statistics:
|  |       table: rows=719.38K size=84.20MB
|  |       partitions: 1824/1824 rows=719.38K
|  |       columns: all
|  |     extrapolated-rows=disabled max-scan-range-rows=1.12K est-scan-range=374(filtered from 1824)
|  |     mem-estimate=16.00MB mem-reservation=128.00KB thread-reservation=0
|  |     tuple-ids=25 row-size=12B cardinality=147.11K(filtered from 719.38K) cost=18701724
|  |     in pipelines: 16(GETNEXT)
|  |
|  15:SCAN HDFS [tpcds_partitioned_parquet_snap.customer]
|     HDFS partitions=1/1 files=1 size=5.49MB
|     runtime filters: RF003[min_max] -> tpcds_partitioned_parquet_snap.customer.c_customer_id, RF011[min_max] -> c_customer_sk, RF001[min_max] -> tpcds_partitioned_parquet_snap.customer.c_customer_id, RF002[bloom] -> tpcds_partitioned_parquet_snap.customer.c_customer_id, RF010[bloom] -> c_customer_sk
|     stored statistics:
|       table: rows=100.00K size=5.49MB
|       columns: all
|     extrapolated-rows=disabled max-scan-range-rows=100.00K
|     mem-estimate=16.00MB mem-reservation=4.00MB thread-reservation=0
|     tuple-ids=24 row-size=68B cardinality=100.00K cost=56638
|     in pipelines: 15(GETNEXT)
|
07:UNION
|  mem-estimate=0B mem-reservation=0B thread-reservation=0
|  tuple-ids=18 row-size=80B cardinality=589.03K cost=3534180
|  in pipelines: 13(GETNEXT)
|
13:AGGREGATE [FINALIZE]
|  output: sum(ss_net_paid)
|  group by: c_customer_id, c_first_name, c_last_name, d_year
|  mem-estimate=53.91MB mem-reservation=34.00MB spill-buffer=2.00MB thread-reservation=0
|  tuple-ids=13 row-size=84B cardinality=589.03K cost=2945150
|  in pipelines: 13(GETNEXT), 09(OPEN)
|
12:HASH JOIN [INNER JOIN]
|  hash predicates: ss_customer_sk = c_customer_sk
|  fk/pk conjuncts: ss_customer_sk = c_customer_sk
|  runtime filters: RF006[bloom] <- c_customer_sk, RF007[min_max] <- c_customer_sk
|  mem-estimate=17.00MB mem-reservation=17.00MB spill-buffer=1.00MB thread-reservation=0
|  tuple-ids=11,12,10 row-size=88B cardinality=589.03K cost=689030
|  in pipelines: 09(GETNEXT), 08(OPEN)
|
|--08:SCAN HDFS [tpcds_partitioned_parquet_snap.customer]
|     HDFS partitions=1/1 files=1 size=5.49MB
|     runtime filters: RF005[min_max] -> tpcds_partitioned_parquet_snap.customer.c_customer_id, RF003[min_max] -> tpcds_partitioned_parquet_snap.customer.c_customer_id, RF001[min_max] -> tpcds_partitioned_parquet_snap.customer.c_customer_id, RF004[bloom] -> tpcds_partitioned_parquet_snap.customer.c_customer_id, RF002[bloom] -> tpcds_partitioned_parquet_snap.customer.c_customer_id
|     stored statistics:
|       table: rows=100.00K size=5.49MB
|       columns: all
|     extrapolated-rows=disabled max-scan-range-rows=100.00K
|     mem-estimate=16.00MB mem-reservation=4.00MB thread-reservation=0
|     tuple-ids=10 row-size=68B cardinality=100.00K cost=56638
|     in pipelines: 08(GETNEXT)
|
11:HASH JOIN [INNER JOIN]
|  hash predicates: ss_sold_date_sk = d_date_sk
|  fk/pk conjuncts: ss_sold_date_sk = d_date_sk
|  runtime filters: RF008[bloom] <- d_date_sk
|  mem-estimate=1.94MB mem-reservation=1.94MB spill-buffer=64.00KB thread-reservation=0
|  tuple-ids=11,12 row-size=20B cardinality=589.03K cost=589403
|  in pipelines: 09(GETNEXT), 10(OPEN)
|
|--10:SCAN HDFS [tpcds_partitioned_parquet_snap.date_dim]
|     HDFS partitions=1/1 files=1 size=2.15MB
|     predicates: tpcds_partitioned_parquet_snap.date_dim.d_year = CAST(2002 AS INT)
|     stored statistics:
|       table: rows=73.05K size=2.15MB
|       columns: all
|     extrapolated-rows=disabled max-scan-range-rows=73.05K
|     parquet statistics predicates: tpcds_partitioned_parquet_snap.date_dim.d_year = CAST(2002 AS INT)
|     parquet dictionary predicates: tpcds_partitioned_parquet_snap.date_dim.d_year = CAST(2002 AS INT)
|     mem-estimate=16.00MB mem-reservation=512.00KB thread-reservation=0
|     tuple-ids=12 row-size=8B cardinality=373 cost=123620
|     in pipelines: 10(GETNEXT)
|
09:SCAN HDFS [tpcds_partitioned_parquet_snap.store_sales]
   HDFS partitions=1824/1824 files=1824 size=199.36MB
   runtime filters: RF007[min_max] -> ss_customer_sk, RF008[bloom] -> ss_sold_date_sk, RF006[bloom] -> ss_customer_sk
   stored statistics:
     table: rows=2.88M size=199.36MB
     partitions: 1824/1824 rows=2.88M
     columns: all
   extrapolated-rows=disabled max-scan-range-rows=130.09K est-scan-range=374(filtered from 1824)
   mem-estimate=16.00MB mem-reservation=1.00MB thread-reservation=0
   tuple-ids=11 row-size=12B cardinality=589.03K(filtered from 2.88M) cost=18706904
   in pipelines: 09(GETNEXT)
---- DISTRIBUTEDPLAN
Max Per-Host Resource Reservation: Memory=244.12MB Threads=51
Per-Host Resource Estimates: Memory=720MB
F25:PLAN FRAGMENT [UNPARTITIONED] hosts=1 instances=1
|  Per-Instance Resources: mem-estimate=4.04MB mem-reservation=4.00MB thread-reservation=1
|  max-parallelism=1 segment-costs=[307] cpu-comparison-result=48 [max(1 (self) vs 48 (sum children))]
PLAN-ROOT SINK
|  output exprs: customer_id, customer_first_name, customer_last_name
|  mem-estimate=4.00MB mem-reservation=4.00MB spill-buffer=2.00MB thread-reservation=0 cost=300
|
56:MERGING-EXCHANGE [UNPARTITIONED]
|  order by: customer_id ASC
|  limit: 100
|  mem-estimate=41.91KB mem-reservation=0B thread-reservation=0
|  tuple-ids=40 row-size=64B cardinality=100 cost=7
|  in pipelines: 31(GETNEXT)
|
F24:PLAN FRAGMENT [HASH(customer_id)] hosts=3 instances=6 (adjusted from 48)
Per-Instance Resources: mem-estimate=4.21MB mem-reservation=0B thread-reservation=1
max-parallelism=6 segment-costs=[69355, 7] cpu-comparison-result=48 [max(6 (self) vs 48 (sum children))]
31:TOP-N [LIMIT=100]
|  order by: customer_id ASC
|  mem-estimate=6.25KB mem-reservation=0B thread-reservation=0
|  tuple-ids=40 row-size=64B cardinality=100 cost=100
|  in pipelines: 31(GETNEXT), 36(OPEN)
|
30:HASH JOIN [INNER JOIN, PARTITIONED]
|  hash-table-id=00
|  hash predicates: customer_id = customer_id
|  fk/pk conjuncts: assumed fk/pk
|  other predicates: CASE WHEN year_total > CAST(0 AS DECIMAL(3,0)) THEN year_total / year_total ELSE NULL END > CASE WHEN year_total > CAST(0 AS DECIMAL(3,0)) THEN year_total / year_total ELSE NULL END
|  mem-estimate=0B mem-reservation=0B spill-buffer=128.00KB thread-reservation=0
|  tuple-ids=18,28,8,38 row-size=212B cardinality=86.65K cost=58903
|  in pipelines: 36(GETNEXT), 53(OPEN)
|
|--F26:PLAN FRAGMENT [HASH(customer_id)] hosts=3 instances=6 (adjusted from 48)
|  |  Per-Instance Resources: mem-estimate=5.21MB mem-reservation=2.88MB thread-reservation=1
|  |  max-parallelism=6 segment-costs=[154007] cpu-comparison-result=12 [max(6 (self) vs 12 (sum children))]
|  JOIN BUILD
|  |  join-table-id=00 plan-id=01 cohort-id=01
|  |  build expressions: customer_id
|  |  runtime filters: RF001[min_max] <- customer_id
|  |  mem-estimate=2.88MB mem-reservation=2.88MB spill-buffer=128.00KB thread-reservation=0 cost=147111
|  |
|  55:EXCHANGE [HASH(customer_id)]
|  |  mem-estimate=2.34MB mem-reservation=0B thread-reservation=0
|  |  tuple-ids=38 row-size=44B cardinality=147.11K cost=6896
|  |  in pipelines: 53(GETNEXT)
|  |
|  F23:PLAN FRAGMENT [RANDOM] hosts=3 instances=6 (adjusted from 48)
|  Per-Instance Resources: mem-estimate=15.57MB mem-reservation=4.75MB thread-reservation=1
|  max-parallelism=6 segment-costs=[748193, 889562] cpu-comparison-result=12 [max(6 (self) vs 12 (sum children))]
|  21:UNION
|  |  mem-estimate=0B mem-reservation=0B thread-reservation=0
|  |  tuple-ids=38 row-size=44B cardinality=147.11K cost=882666
|  |  in pipelines: 53(GETNEXT)
|  |
|  53:AGGREGATE [FINALIZE]
|  |  output: sum:merge(ws_net_paid)
|  |  group by: c_customer_id, c_first_name, c_last_name, d_year
|  |  mem-estimate=10.00MB mem-reservation=4.75MB spill-buffer=256.00KB thread-reservation=0
|  |  tuple-ids=37 row-size=84B cardinality=147.11K cost=735555
|  |  in pipelines: 53(GETNEXT), 23(OPEN)
|  |
|  52:EXCHANGE [HASH(c_customer_id,c_first_name,c_last_name,d_year)]
|  |  mem-estimate=4.44MB mem-reservation=0B thread-reservation=0
|  |  tuple-ids=37 row-size=84B cardinality=147.11K cost=12638
|  |  in pipelines: 23(GETNEXT)
|  |
|  F21:PLAN FRAGMENT [HASH(ws_bill_customer_sk)] hosts=3 instances=6 (adjusted from 48)
|  Per-Instance Resources: mem-estimate=13.16MB mem-reservation=3.00MB thread-reservation=1
|  max-parallelism=6 segment-costs=[886689, 12638] cpu-comparison-result=12 [max(12 (self) vs 11 (sum children))]
|  27:AGGREGATE [STREAMING]
|  |  output: sum(ws_net_paid)
|  |  group by: c_customer_id, c_first_name, c_last_name, d_year
|  |  mem-estimate=10.00MB mem-reservation=3.00MB spill-buffer=128.00KB thread-reservation=0
|  |  tuple-ids=37 row-size=84B cardinality=147.11K cost=735555
|  |  in pipelines: 23(GETNEXT)
|  |
|  26:HASH JOIN [INNER JOIN, PARTITIONED]
|  |  hash-table-id=01
|  |  hash predicates: ws_bill_customer_sk = c_customer_sk
|  |  fk/pk conjuncts: ws_bill_customer_sk = c_customer_sk
|  |  mem-estimate=0B mem-reservation=0B spill-buffer=128.00KB thread-reservation=0
|  |  tuple-ids=35,36,34 row-size=88B cardinality=147.11K cost=147111
|  |  in pipelines: 23(GETNEXT), 22(OPEN)
|  |
|  |--F27:PLAN FRAGMENT [HASH(ws_bill_customer_sk)] hosts=3 instances=6 (adjusted from 48)
|  |  |  Per-Instance Resources: mem-estimate=10.43MB mem-reservation=3.88MB thread-reservation=1 runtime-filters-memory=1.00MB
|  |  |  max-parallelism=6 segment-costs=[107028]
|  |  JOIN BUILD
|  |  |  join-table-id=01 plan-id=02 cohort-id=02
|  |  |  build expressions: c_customer_sk
|  |  |  runtime filters: RF018[bloom] <- c_customer_sk, RF019[min_max] <- c_customer_sk
|  |  |  mem-estimate=2.88MB mem-reservation=2.88MB spill-buffer=128.00KB thread-reservation=0 cost=100000
|  |  |
|  |  51:EXCHANGE [HASH(c_customer_sk)]
|  |  |  mem-estimate=6.55MB mem-reservation=0B thread-reservation=0
|  |  |  tuple-ids=34 row-size=68B cardinality=100.00K cost=7028
|  |  |  in pipelines: 22(GETNEXT)
|  |  |
|  |  F20:PLAN FRAGMENT [RANDOM] hosts=1 instances=1
|  |  Per-Instance Resources: mem-estimate=17.69MB mem-reservation=4.00MB thread-reservation=1
|  |  max-parallelism=1 segment-costs=[63666]
|  |  22:SCAN HDFS [tpcds_partitioned_parquet_snap.customer, RANDOM]
|  |     HDFS partitions=1/1 files=1 size=5.49MB
|  |     stored statistics:
|  |       table: rows=100.00K size=5.49MB
|  |       columns: all
|  |     extrapolated-rows=disabled max-scan-range-rows=100.00K
|  |     mem-estimate=16.00MB mem-reservation=4.00MB thread-reservation=0
|  |     tuple-ids=34 row-size=68B cardinality=100.00K cost=56638
|  |     in pipelines: 22(GETNEXT)
|  |
|  50:EXCHANGE [HASH(ws_bill_customer_sk)]
|  |  mem-estimate=1.10MB mem-reservation=0B thread-reservation=0
|  |  tuple-ids=35,36 row-size=20B cardinality=147.11K cost=4023
|  |  in pipelines: 23(GETNEXT)
|  |
|  F18:PLAN FRAGMENT [RANDOM] hosts=3 instances=6 (adjusted from 48)
|  Per-Host Shared Resources: mem-estimate=2.00MB mem-reservation=2.00MB thread-reservation=0 runtime-filters-memory=2.00MB
|  Per-Instance Resources: mem-estimate=16.66MB mem-reservation=128.00KB thread-reservation=1
|  max-parallelism=6 segment-costs=[18852858]
|  25:HASH JOIN [INNER JOIN, BROADCAST]
|  |  hash-table-id=02
|  |  hash predicates: ws_sold_date_sk = d_date_sk
|  |  fk/pk conjuncts: ws_sold_date_sk = d_date_sk
|  |  mem-estimate=0B mem-reservation=0B spill-buffer=64.00KB thread-reservation=0
|  |  tuple-ids=35,36 row-size=20B cardinality=147.11K cost=147111
|  |  in pipelines: 23(GETNEXT), 24(OPEN)
|  |
|  |--F28:PLAN FRAGMENT [RANDOM] hosts=3 instances=3
|  |  |  Per-Instance Resources: mem-estimate=4.89MB mem-reservation=4.88MB thread-reservation=1 runtime-filters-memory=1.00MB
|  |  |  max-parallelism=3 segment-costs=[388]
|  |  JOIN BUILD
|  |  |  join-table-id=02 plan-id=03 cohort-id=02
|  |  |  build expressions: d_date_sk
|  |  |  runtime filters: RF020[bloom] <- d_date_sk
|  |  |  mem-estimate=3.88MB mem-reservation=3.88MB spill-buffer=64.00KB thread-reservation=0 cost=373
|  |  |
|  |  49:EXCHANGE [BROADCAST]
|  |  |  mem-estimate=16.00KB mem-reservation=0B thread-reservation=0
|  |  |  tuple-ids=36 row-size=8B cardinality=373 cost=15
|  |  |  in pipelines: 24(GETNEXT)
|  |  |
|  |  F19:PLAN FRAGMENT [RANDOM] hosts=1 instances=1
|  |  Per-Instance Resources: mem-estimate=16.05MB mem-reservation=512.00KB thread-reservation=1
|  |  max-parallelism=1 segment-costs=[123625]
|  |  24:SCAN HDFS [tpcds_partitioned_parquet_snap.date_dim, RANDOM]
|  |     HDFS partitions=1/1 files=1 size=2.15MB
|  |     predicates: tpcds_partitioned_parquet_snap.date_dim.d_year = CAST(2002 AS INT)
|  |     stored statistics:
|  |       table: rows=73.05K size=2.15MB
|  |       columns: all
|  |     extrapolated-rows=disabled max-scan-range-rows=73.05K
|  |     parquet statistics predicates: tpcds_partitioned_parquet_snap.date_dim.d_year = CAST(2002 AS INT)
|  |     parquet dictionary predicates: tpcds_partitioned_parquet_snap.date_dim.d_year = CAST(2002 AS INT)
|  |     mem-estimate=16.00MB mem-reservation=512.00KB thread-reservation=0
|  |     tuple-ids=36 row-size=8B cardinality=373 cost=123620
|  |     in pipelines: 24(GETNEXT)
|  |
|  23:SCAN HDFS [tpcds_partitioned_parquet_snap.web_sales, RANDOM]
|     HDFS partitions=1824/1824 files=1824 size=84.20MB
|     runtime filters: RF019[min_max] -> ws_bill_customer_sk, RF020[bloom] -> ws_sold_date_sk, RF018[bloom] -> ws_bill_customer_sk
|     stored statistics:
|       table: rows=719.38K size=84.20MB
|       partitions: 1824/1824 rows=719.38K
|       columns: all
|     extrapolated-rows=disabled max-scan-range-rows=1.12K est-scan-range=374(filtered from 1824)
|     mem-estimate=16.00MB mem-reservation=128.00KB thread-reservation=0
|     tuple-ids=35 row-size=12B cardinality=147.11K(filtered from 719.38K) cost=18701724
|     in pipelines: 23(GETNEXT)
|
54:EXCHANGE [HASH(customer_id)]
|  mem-estimate=4.20MB mem-reservation=0B thread-reservation=0
|  tuple-ids=18,28,8 row-size=168B cardinality=58.90K cost=10352
|  in pipelines: 36(GETNEXT)
|
F05:PLAN FRAGMENT [RANDOM] hosts=3 instances=6 (adjusted from 48)
Per-Instance Resources: mem-estimate=31.73MB mem-reservation=17.00MB thread-reservation=1
max-parallelism=6 segment-costs=[2995750, 4220214] cpu-comparison-result=36 [max(6 (self) vs 36 (sum children))]
29:HASH JOIN [INNER JOIN, BROADCAST]
|  hash-table-id=03
|  hash predicates: customer_id = customer_id
|  fk/pk conjuncts: assumed fk/pk
|  mem-estimate=0B mem-reservation=0B spill-buffer=256.00KB thread-reservation=0
|  tuple-ids=18,28,8 row-size=168B cardinality=58.90K cost=86652
|  in pipelines: 36(GETNEXT), 47(OPEN)
|
|--F29:PLAN FRAGMENT [RANDOM] hosts=3 instances=3
|  |  Per-Instance Resources: mem-estimate=13.25MB mem-reservation=10.50MB thread-reservation=1 runtime-filters-memory=1.00MB
|  |  max-parallelism=3 segment-costs=[67189] cpu-comparison-result=12 [max(3 (self) vs 12 (sum children))]
|  JOIN BUILD
|  |  join-table-id=03 plan-id=04 cohort-id=01
|  |  build expressions: customer_id
|  |  runtime filters: RF002[bloom] <- customer_id, RF003[min_max] <- customer_id
|  |  mem-estimate=9.50MB mem-reservation=9.50MB spill-buffer=256.00KB thread-reservation=0 cost=58903
|  |
|  48:EXCHANGE [BROADCAST]
|  |  mem-estimate=2.75MB mem-reservation=0B thread-reservation=0
|  |  tuple-ids=8 row-size=44B cardinality=58.90K cost=8286
|  |  in pipelines: 47(GETNEXT)
|  |
|  F17:PLAN FRAGMENT [RANDOM] hosts=3 instances=6 (adjusted from 48)
|  Per-Instance Resources: mem-estimate=27.70MB mem-reservation=17.00MB thread-reservation=1
|  max-parallelism=6 segment-costs=[2995750, 356180] cpu-comparison-result=12 [max(6 (self) vs 12 (sum children))]
|  00:UNION
|  |  mem-estimate=0B mem-reservation=0B thread-reservation=0
|  |  tuple-ids=8 row-size=44B cardinality=58.90K cost=353418
|  |  in pipelines: 47(GETNEXT)
|  |
|  47:AGGREGATE [FINALIZE]
|  |  output: sum:merge(ss_net_paid)
|  |  group by: c_customer_id, c_first_name, c_last_name, d_year
|  |  having: sum(ss_net_paid) > CAST(0 AS DECIMAL(3,0))
|  |  mem-estimate=17.00MB mem-reservation=17.00MB spill-buffer=1.00MB thread-reservation=0
|  |  tuple-ids=3 row-size=84B cardinality=58.90K cost=2945150
|  |  in pipelines: 47(GETNEXT), 02(OPEN)
|  |
|  46:EXCHANGE [HASH(c_customer_id,c_first_name,c_last_name,d_year)]
|  |  mem-estimate=10.52MB mem-reservation=0B thread-reservation=0
|  |  tuple-ids=3 row-size=84B cardinality=589.03K cost=50600
|  |  in pipelines: 02(GETNEXT)
|  |
|  F15:PLAN FRAGMENT [HASH(ss_customer_sk)] hosts=3 instances=6 (adjusted from 48)
|  Per-Instance Resources: mem-estimate=15.97MB mem-reservation=9.00MB thread-reservation=1
|  max-parallelism=6 segment-costs=[3550287, 50600] cpu-comparison-result=12 [max(12 (self) vs 11 (sum children))]
|  06:AGGREGATE [STREAMING]
|  |  output: sum(ss_net_paid)
|  |  group by: c_customer_id, c_first_name, c_last_name, d_year
|  |  mem-estimate=10.00MB mem-reservation=9.00MB spill-buffer=512.00KB thread-reservation=0
|  |  tuple-ids=3 row-size=84B cardinality=589.03K cost=2945150
|  |  in pipelines: 02(GETNEXT)
|  |
|  05:HASH JOIN [INNER JOIN, PARTITIONED]
|  |  hash-table-id=04
|  |  hash predicates: ss_customer_sk = c_customer_sk
|  |  fk/pk conjuncts: ss_customer_sk = c_customer_sk
|  |  mem-estimate=0B mem-reservation=0B spill-buffer=128.00KB thread-reservation=0
|  |  tuple-ids=1,2,0 row-size=88B cardinality=589.03K cost=589030
|  |  in pipelines: 02(GETNEXT), 01(OPEN)
|  |
|  |--F30:PLAN FRAGMENT [HASH(ss_customer_sk)] hosts=3 instances=6 (adjusted from 48)
|  |  |  Per-Instance Resources: mem-estimate=10.43MB mem-reservation=3.88MB thread-reservation=1 runtime-filters-memory=1.00MB
|  |  |  max-parallelism=6 segment-costs=[107028]
|  |  JOIN BUILD
|  |  |  join-table-id=04 plan-id=05 cohort-id=03
|  |  |  build expressions: c_customer_sk
|  |  |  runtime filters: RF014[bloom] <- c_customer_sk, RF015[min_max] <- c_customer_sk
|  |  |  mem-estimate=2.88MB mem-reservation=2.88MB spill-buffer=128.00KB thread-reservation=0 cost=100000
|  |  |
|  |  45:EXCHANGE [HASH(c_customer_sk)]
|  |  |  mem-estimate=6.55MB mem-reservation=0B thread-reservation=0
|  |  |  tuple-ids=0 row-size=68B cardinality=100.00K cost=7028
|  |  |  in pipelines: 01(GETNEXT)
|  |  |
|  |  F14:PLAN FRAGMENT [RANDOM] hosts=1 instances=1
|  |  Per-Instance Resources: mem-estimate=17.69MB mem-reservation=4.00MB thread-reservation=1
|  |  max-parallelism=1 segment-costs=[63666]
|  |  01:SCAN HDFS [tpcds_partitioned_parquet_snap.customer, RANDOM]
|  |     HDFS partitions=1/1 files=1 size=5.49MB
|  |     runtime filters: RF001[min_max] -> tpcds_partitioned_parquet_snap.customer.c_customer_id
|  |     stored statistics:
|  |       table: rows=100.00K size=5.49MB
|  |       columns: all
|  |     extrapolated-rows=disabled max-scan-range-rows=100.00K
|  |     mem-estimate=16.00MB mem-reservation=4.00MB thread-reservation=0
|  |     tuple-ids=0 row-size=68B cardinality=100.00K cost=56638
|  |     in pipelines: 01(GETNEXT)
|  |
|  44:EXCHANGE [HASH(ss_customer_sk)]
|  |  mem-estimate=3.91MB mem-reservation=0B thread-reservation=0
|  |  tuple-ids=1,2 row-size=20B cardinality=589.03K cost=16107
|  |  in pipelines: 02(GETNEXT)
|  |
|  F12:PLAN FRAGMENT [RANDOM] hosts=3 instances=6 (adjusted from 48)
|  Per-Host Shared Resources: mem-estimate=2.00MB mem-reservation=2.00MB thread-reservation=0 runtime-filters-memory=2.00MB
|  Per-Instance Resources: mem-estimate=16.66MB mem-reservation=1.00MB thread-reservation=1
|  max-parallelism=6 segment-costs=[19312041]
|  04:HASH JOIN [INNER JOIN, BROADCAST]
|  |  hash-table-id=05
|  |  hash predicates: ss_sold_date_sk = d_date_sk
|  |  fk/pk conjuncts: ss_sold_date_sk = d_date_sk
|  |  mem-estimate=0B mem-reservation=0B spill-buffer=64.00KB thread-reservation=0
|  |  tuple-ids=1,2 row-size=20B cardinality=589.03K cost=589030
|  |  in pipelines: 02(GETNEXT), 03(OPEN)
|  |
|  |--F31:PLAN FRAGMENT [RANDOM] hosts=3 instances=3
|  |  |  Per-Instance Resources: mem-estimate=4.89MB mem-reservation=4.88MB thread-reservation=1 runtime-filters-memory=1.00MB
|  |  |  max-parallelism=3 segment-costs=[388]
|  |  JOIN BUILD
|  |  |  join-table-id=05 plan-id=06 cohort-id=03
|  |  |  build expressions: d_date_sk
|  |  |  runtime filters: RF016[bloom] <- d_date_sk
|  |  |  mem-estimate=3.88MB mem-reservation=3.88MB spill-buffer=64.00KB thread-reservation=0 cost=373
|  |  |
|  |  43:EXCHANGE [BROADCAST]
|  |  |  mem-estimate=16.00KB mem-reservation=0B thread-reservation=0
|  |  |  tuple-ids=2 row-size=8B cardinality=373 cost=15
|  |  |  in pipelines: 03(GETNEXT)
|  |  |
|  |  F13:PLAN FRAGMENT [RANDOM] hosts=1 instances=1
|  |  Per-Instance Resources: mem-estimate=16.05MB mem-reservation=512.00KB thread-reservation=1
|  |  max-parallelism=1 segment-costs=[123625]
|  |  03:SCAN HDFS [tpcds_partitioned_parquet_snap.date_dim, RANDOM]
|  |     HDFS partitions=1/1 files=1 size=2.15MB
|  |     predicates: tpcds_partitioned_parquet_snap.date_dim.d_year = CAST(2001 AS INT)
|  |     stored statistics:
|  |       table: rows=73.05K size=2.15MB
|  |       columns: all
|  |     extrapolated-rows=disabled max-scan-range-rows=73.05K
|  |     parquet statistics predicates: tpcds_partitioned_parquet_snap.date_dim.d_year = CAST(2001 AS INT)
|  |     parquet dictionary predicates: tpcds_partitioned_parquet_snap.date_dim.d_year = CAST(2001 AS INT)
|  |     mem-estimate=16.00MB mem-reservation=512.00KB thread-reservation=0
|  |     tuple-ids=2 row-size=8B cardinality=373 cost=123620
|  |     in pipelines: 03(GETNEXT)
|  |
|  02:SCAN HDFS [tpcds_partitioned_parquet_snap.store_sales, RANDOM]
|     HDFS partitions=1824/1824 files=1824 size=199.36MB
|     runtime filters: RF015[min_max] -> ss_customer_sk, RF016[bloom] -> ss_sold_date_sk, RF014[bloom] -> ss_customer_sk
|     stored statistics:
|       table: rows=2.88M size=199.36MB
|       partitions: 1824/1824 rows=2.88M
|       columns: all
|     extrapolated-rows=disabled max-scan-range-rows=130.09K est-scan-range=374(filtered from 1824)
|     mem-estimate=16.00MB mem-reservation=1.00MB thread-reservation=0
|     tuple-ids=1 row-size=12B cardinality=589.03K(filtered from 2.88M) cost=18706904
|     in pipelines: 02(GETNEXT)
|
28:HASH JOIN [INNER JOIN, BROADCAST]
|  hash-table-id=06
|  hash predicates: customer_id = customer_id
|  fk/pk conjuncts: assumed fk/pk
|  mem-estimate=0B mem-reservation=0B spill-buffer=64.00KB thread-reservation=0
|  tuple-ids=18,28 row-size=124B cardinality=86.65K cost=589030
|  in pipelines: 36(GETNEXT), 41(OPEN)
|
|--F32:PLAN FRAGMENT [RANDOM] hosts=3 instances=3
|  |  Per-Instance Resources: mem-estimate=5.77MB mem-reservation=4.88MB thread-reservation=1 runtime-filters-memory=1.00MB
|  |  max-parallelism=3 segment-costs=[16781] cpu-comparison-result=12 [max(3 (self) vs 12 (sum children))]
|  JOIN BUILD
|  |  join-table-id=06 plan-id=07 cohort-id=01
|  |  build expressions: customer_id
|  |  runtime filters: RF004[bloom] <- customer_id, RF005[min_max] <- customer_id
|  |  mem-estimate=3.88MB mem-reservation=3.88MB spill-buffer=64.00KB thread-reservation=0 cost=14711
|  |
|  42:EXCHANGE [BROADCAST]
|  |  mem-estimate=920.11KB mem-reservation=0B thread-reservation=0
|  |  tuple-ids=28 row-size=44B cardinality=14.71K cost=2070
|  |  in pipelines: 41(GETNEXT)
|  |
|  F11:PLAN FRAGMENT [RANDOM] hosts=3 instances=6 (adjusted from 48)
|  Per-Instance Resources: mem-estimate=14.63MB mem-reservation=4.75MB thread-reservation=1
|  max-parallelism=6 segment-costs=[748193, 88956] cpu-comparison-result=12 [max(6 (self) vs 12 (sum children))]
|  14:UNION
|  |  mem-estimate=0B mem-reservation=0B thread-reservation=0
|  |  tuple-ids=28 row-size=44B cardinality=14.71K cost=88266
|  |  in pipelines: 41(GETNEXT)
|  |
|  41:AGGREGATE [FINALIZE]
|  |  output: sum:merge(ws_net_paid)
|  |  group by: c_customer_id, c_first_name, c_last_name, d_year
|  |  having: sum(ws_net_paid) > CAST(0 AS DECIMAL(3,0))
|  |  mem-estimate=10.00MB mem-reservation=4.75MB spill-buffer=256.00KB thread-reservation=0
|  |  tuple-ids=27 row-size=84B cardinality=14.71K cost=735555
|  |  in pipelines: 41(GETNEXT), 16(OPEN)
|  |
|  40:EXCHANGE [HASH(c_customer_id,c_first_name,c_last_name,d_year)]
|  |  mem-estimate=4.44MB mem-reservation=0B thread-reservation=0
|  |  tuple-ids=27 row-size=84B cardinality=147.11K cost=12638
|  |  in pipelines: 16(GETNEXT)
|  |
|  F09:PLAN FRAGMENT [HASH(ws_bill_customer_sk)] hosts=3 instances=6 (adjusted from 48)
|  Per-Instance Resources: mem-estimate=13.16MB mem-reservation=3.00MB thread-reservation=1
|  max-parallelism=6 segment-costs=[886689, 12638] cpu-comparison-result=12 [max(12 (self) vs 11 (sum children))]
|  20:AGGREGATE [STREAMING]
|  |  output: sum(ws_net_paid)
|  |  group by: c_customer_id, c_first_name, c_last_name, d_year
|  |  mem-estimate=10.00MB mem-reservation=3.00MB spill-buffer=128.00KB thread-reservation=0
|  |  tuple-ids=27 row-size=84B cardinality=147.11K cost=735555
|  |  in pipelines: 16(GETNEXT)
|  |
|  19:HASH JOIN [INNER JOIN, PARTITIONED]
|  |  hash-table-id=07
|  |  hash predicates: ws_bill_customer_sk = c_customer_sk
|  |  fk/pk conjuncts: ws_bill_customer_sk = c_customer_sk
|  |  mem-estimate=0B mem-reservation=0B spill-buffer=128.00KB thread-reservation=0
|  |  tuple-ids=25,26,24 row-size=88B cardinality=147.11K cost=147111
|  |  in pipelines: 16(GETNEXT), 15(OPEN)
|  |
|  |--F33:PLAN FRAGMENT [HASH(ws_bill_customer_sk)] hosts=3 instances=6 (adjusted from 48)
|  |  |  Per-Instance Resources: mem-estimate=10.43MB mem-reservation=3.88MB thread-reservation=1 runtime-filters-memory=1.00MB
|  |  |  max-parallelism=6 segment-costs=[107028]
|  |  JOIN BUILD
|  |  |  join-table-id=07 plan-id=08 cohort-id=04
|  |  |  build expressions: c_customer_sk
|  |  |  runtime filters: RF010[bloom] <- c_customer_sk, RF011[min_max] <- c_customer_sk
|  |  |  mem-estimate=2.88MB mem-reservation=2.88MB spill-buffer=128.00KB thread-reservation=0 cost=100000
|  |  |
|  |  39:EXCHANGE [HASH(c_customer_sk)]
|  |  |  mem-estimate=6.55MB mem-reservation=0B thread-reservation=0
|  |  |  tuple-ids=24 row-size=68B cardinality=100.00K cost=7028
|  |  |  in pipelines: 15(GETNEXT)
|  |  |
|  |  F08:PLAN FRAGMENT [RANDOM] hosts=1 instances=1
|  |  Per-Host Shared Resources: mem-estimate=1.00MB mem-reservation=1.00MB thread-reservation=0 runtime-filters-memory=1.00MB
|  |  Per-Instance Resources: mem-estimate=17.69MB mem-reservation=4.00MB thread-reservation=1
|  |  max-parallelism=1 segment-costs=[63666]
|  |  15:SCAN HDFS [tpcds_partitioned_parquet_snap.customer, RANDOM]
|  |     HDFS partitions=1/1 files=1 size=5.49MB
|  |     runtime filters: RF003[min_max] -> tpcds_partitioned_parquet_snap.customer.c_customer_id, RF001[min_max] -> tpcds_partitioned_parquet_snap.customer.c_customer_id, RF002[bloom] -> tpcds_partitioned_parquet_snap.customer.c_customer_id
|  |     stored statistics:
|  |       table: rows=100.00K size=5.49MB
|  |       columns: all
|  |     extrapolated-rows=disabled max-scan-range-rows=100.00K
|  |     mem-estimate=16.00MB mem-reservation=4.00MB thread-reservation=0
|  |     tuple-ids=24 row-size=68B cardinality=100.00K cost=56638
|  |     in pipelines: 15(GETNEXT)
|  |
|  38:EXCHANGE [HASH(ws_bill_customer_sk)]
|  |  mem-estimate=1.10MB mem-reservation=0B thread-reservation=0
|  |  tuple-ids=25,26 row-size=20B cardinality=147.11K cost=4023
|  |  in pipelines: 16(GETNEXT)
|  |
|  F06:PLAN FRAGMENT [RANDOM] hosts=3 instances=6 (adjusted from 48)
|  Per-Host Shared Resources: mem-estimate=2.00MB mem-reservation=2.00MB thread-reservation=0 runtime-filters-memory=2.00MB
|  Per-Instance Resources: mem-estimate=16.66MB mem-reservation=128.00KB thread-reservation=1
|  max-parallelism=6 segment-costs=[18852858]
|  18:HASH JOIN [INNER JOIN, BROADCAST]
|  |  hash-table-id=08
|  |  hash predicates: ws_sold_date_sk = d_date_sk
|  |  fk/pk conjuncts: ws_sold_date_sk = d_date_sk
|  |  mem-estimate=0B mem-reservation=0B spill-buffer=64.00KB thread-reservation=0
|  |  tuple-ids=25,26 row-size=20B cardinality=147.11K cost=147111
|  |  in pipelines: 16(GETNEXT), 17(OPEN)
|  |
|  |--F34:PLAN FRAGMENT [RANDOM] hosts=3 instances=3
|  |  |  Per-Instance Resources: mem-estimate=4.89MB mem-reservation=4.88MB thread-reservation=1 runtime-filters-memory=1.00MB
|  |  |  max-parallelism=3 segment-costs=[388]
|  |  JOIN BUILD
|  |  |  join-table-id=08 plan-id=09 cohort-id=04
|  |  |  build expressions: d_date_sk
|  |  |  runtime filters: RF012[bloom] <- d_date_sk
|  |  |  mem-estimate=3.88MB mem-reservation=3.88MB spill-buffer=64.00KB thread-reservation=0 cost=373
|  |  |
|  |  37:EXCHANGE [BROADCAST]
|  |  |  mem-estimate=16.00KB mem-reservation=0B thread-reservation=0
|  |  |  tuple-ids=26 row-size=8B cardinality=373 cost=15
|  |  |  in pipelines: 17(GETNEXT)
|  |  |
|  |  F07:PLAN FRAGMENT [RANDOM] hosts=1 instances=1
|  |  Per-Instance Resources: mem-estimate=16.05MB mem-reservation=512.00KB thread-reservation=1
|  |  max-parallelism=1 segment-costs=[123625]
|  |  17:SCAN HDFS [tpcds_partitioned_parquet_snap.date_dim, RANDOM]
|  |     HDFS partitions=1/1 files=1 size=2.15MB
|  |     predicates: tpcds_partitioned_parquet_snap.date_dim.d_year = CAST(2001 AS INT)
|  |     stored statistics:
|  |       table: rows=73.05K size=2.15MB
|  |       columns: all
|  |     extrapolated-rows=disabled max-scan-range-rows=73.05K
|  |     parquet statistics predicates: tpcds_partitioned_parquet_snap.date_dim.d_year = CAST(2001 AS INT)
|  |     parquet dictionary predicates: tpcds_partitioned_parquet_snap.date_dim.d_year = CAST(2001 AS INT)
|  |     mem-estimate=16.00MB mem-reservation=512.00KB thread-reservation=0
|  |     tuple-ids=26 row-size=8B cardinality=373 cost=123620
|  |     in pipelines: 17(GETNEXT)
|  |
|  16:SCAN HDFS [tpcds_partitioned_parquet_snap.web_sales, RANDOM]
|     HDFS partitions=1824/1824 files=1824 size=84.20MB
|     runtime filters: RF011[min_max] -> ws_bill_customer_sk, RF012[bloom] -> ws_sold_date_sk, RF010[bloom] -> ws_bill_customer_sk
|     stored statistics:
|       table: rows=719.38K size=84.20MB
|       partitions: 1824/1824 rows=719.38K
|       columns: all
|     extrapolated-rows=disabled max-scan-range-rows=1.12K est-scan-range=374(filtered from 1824)
|     mem-estimate=16.00MB mem-reservation=128.00KB thread-reservation=0
|     tuple-ids=25 row-size=12B cardinality=147.11K(filtered from 719.38K) cost=18701724
|     in pipelines: 16(GETNEXT)
|
07:UNION
|  mem-estimate=0B mem-reservation=0B thread-reservation=0
|  tuple-ids=18 row-size=80B cardinality=589.03K cost=3534180
|  in pipelines: 36(GETNEXT)
|
36:AGGREGATE [FINALIZE]
|  output: sum:merge(ss_net_paid)
|  group by: c_customer_id, c_first_name, c_last_name, d_year
|  mem-estimate=17.00MB mem-reservation=17.00MB spill-buffer=1.00MB thread-reservation=0
|  tuple-ids=13 row-size=84B cardinality=589.03K cost=2945150
|  in pipelines: 36(GETNEXT), 09(OPEN)
|
35:EXCHANGE [HASH(c_customer_id,c_first_name,c_last_name,d_year)]
|  mem-estimate=10.52MB mem-reservation=0B thread-reservation=0
|  tuple-ids=13 row-size=84B cardinality=589.03K cost=50600
|  in pipelines: 09(GETNEXT)
|
F03:PLAN FRAGMENT [HASH(ss_customer_sk)] hosts=3 instances=6 (adjusted from 48)
Per-Instance Resources: mem-estimate=15.97MB mem-reservation=9.00MB thread-reservation=1
max-parallelism=6 segment-costs=[3550287, 50600] cpu-comparison-result=12 [max(12 (self) vs 11 (sum children))]
13:AGGREGATE [STREAMING]
|  output: sum(ss_net_paid)
|  group by: c_customer_id, c_first_name, c_last_name, d_year
|  mem-estimate=10.00MB mem-reservation=9.00MB spill-buffer=512.00KB thread-reservation=0
|  tuple-ids=13 row-size=84B cardinality=589.03K cost=2945150
|  in pipelines: 09(GETNEXT)
|
12:HASH JOIN [INNER JOIN, PARTITIONED]
|  hash-table-id=09
|  hash predicates: ss_customer_sk = c_customer_sk
|  fk/pk conjuncts: ss_customer_sk = c_customer_sk
|  mem-estimate=0B mem-reservation=0B spill-buffer=128.00KB thread-reservation=0
|  tuple-ids=11,12,10 row-size=88B cardinality=589.03K cost=589030
|  in pipelines: 09(GETNEXT), 08(OPEN)
|
|--F35:PLAN FRAGMENT [HASH(ss_customer_sk)] hosts=3 instances=6 (adjusted from 48)
|  |  Per-Instance Resources: mem-estimate=10.43MB mem-reservation=3.88MB thread-reservation=1 runtime-filters-memory=1.00MB
|  |  max-parallelism=6 segment-costs=[107028]
|  JOIN BUILD
|  |  join-table-id=09 plan-id=10 cohort-id=01
|  |  build expressions: c_customer_sk
|  |  runtime filters: RF006[bloom] <- c_customer_sk, RF007[min_max] <- c_customer_sk
|  |  mem-estimate=2.88MB mem-reservation=2.88MB spill-buffer=128.00KB thread-reservation=0 cost=100000
|  |
|  34:EXCHANGE [HASH(c_customer_sk)]
|  |  mem-estimate=6.55MB mem-reservation=0B thread-reservation=0
|  |  tuple-ids=10 row-size=68B cardinality=100.00K cost=7028
|  |  in pipelines: 08(GETNEXT)
|  |
|  F02:PLAN FRAGMENT [RANDOM] hosts=1 instances=1
|  Per-Host Shared Resources: mem-estimate=2.00MB mem-reservation=2.00MB thread-reservation=0 runtime-filters-memory=2.00MB
|  Per-Instance Resources: mem-estimate=17.69MB mem-reservation=4.00MB thread-reservation=1
|  max-parallelism=1 segment-costs=[63666]
|  08:SCAN HDFS [tpcds_partitioned_parquet_snap.customer, RANDOM]
|     HDFS partitions=1/1 files=1 size=5.49MB
|     runtime filters: RF005[min_max] -> tpcds_partitioned_parquet_snap.customer.c_customer_id, RF003[min_max] -> tpcds_partitioned_parquet_snap.customer.c_customer_id, RF001[min_max] -> tpcds_partitioned_parquet_snap.customer.c_customer_id, RF004[bloom] -> tpcds_partitioned_parquet_snap.customer.c_customer_id, RF002[bloom] -> tpcds_partitioned_parquet_snap.customer.c_customer_id
|     stored statistics:
|       table: rows=100.00K size=5.49MB
|       columns: all
|     extrapolated-rows=disabled max-scan-range-rows=100.00K
|     mem-estimate=16.00MB mem-reservation=4.00MB thread-reservation=0
|     tuple-ids=10 row-size=68B cardinality=100.00K cost=56638
|     in pipelines: 08(GETNEXT)
|
33:EXCHANGE [HASH(ss_customer_sk)]
|  mem-estimate=3.91MB mem-reservation=0B thread-reservation=0
|  tuple-ids=11,12 row-size=20B cardinality=589.03K cost=16107
|  in pipelines: 09(GETNEXT)
|
F00:PLAN FRAGMENT [RANDOM] hosts=3 instances=6 (adjusted from 48)
Per-Host Shared Resources: mem-estimate=2.00MB mem-reservation=2.00MB thread-reservation=0 runtime-filters-memory=2.00MB
Per-Instance Resources: mem-estimate=16.66MB mem-reservation=1.00MB thread-reservation=1
max-parallelism=6 segment-costs=[19312041]
11:HASH JOIN [INNER JOIN, BROADCAST]
|  hash-table-id=10
|  hash predicates: ss_sold_date_sk = d_date_sk
|  fk/pk conjuncts: ss_sold_date_sk = d_date_sk
|  mem-estimate=0B mem-reservation=0B spill-buffer=64.00KB thread-reservation=0
|  tuple-ids=11,12 row-size=20B cardinality=589.03K cost=589030
|  in pipelines: 09(GETNEXT), 10(OPEN)
|
|--F36:PLAN FRAGMENT [RANDOM] hosts=3 instances=3
|  |  Per-Instance Resources: mem-estimate=4.89MB mem-reservation=4.88MB thread-reservation=1 runtime-filters-memory=1.00MB
|  |  max-parallelism=3 segment-costs=[388]
|  JOIN BUILD
|  |  join-table-id=10 plan-id=11 cohort-id=01
|  |  build expressions: d_date_sk
|  |  runtime filters: RF008[bloom] <- d_date_sk
|  |  mem-estimate=3.88MB mem-reservation=3.88MB spill-buffer=64.00KB thread-reservation=0 cost=373
|  |
|  32:EXCHANGE [BROADCAST]
|  |  mem-estimate=16.00KB mem-reservation=0B thread-reservation=0
|  |  tuple-ids=12 row-size=8B cardinality=373 cost=15
|  |  in pipelines: 10(GETNEXT)
|  |
|  F01:PLAN FRAGMENT [RANDOM] hosts=1 instances=1
|  Per-Instance Resources: mem-estimate=16.05MB mem-reservation=512.00KB thread-reservation=1
|  max-parallelism=1 segment-costs=[123625]
|  10:SCAN HDFS [tpcds_partitioned_parquet_snap.date_dim, RANDOM]
|     HDFS partitions=1/1 files=1 size=2.15MB
|     predicates: tpcds_partitioned_parquet_snap.date_dim.d_year = CAST(2002 AS INT)
|     stored statistics:
|       table: rows=73.05K size=2.15MB
|       columns: all
|     extrapolated-rows=disabled max-scan-range-rows=73.05K
|     parquet statistics predicates: tpcds_partitioned_parquet_snap.date_dim.d_year = CAST(2002 AS INT)
|     parquet dictionary predicates: tpcds_partitioned_parquet_snap.date_dim.d_year = CAST(2002 AS INT)
|     mem-estimate=16.00MB mem-reservation=512.00KB thread-reservation=0
|     tuple-ids=12 row-size=8B cardinality=373 cost=123620
|     in pipelines: 10(GETNEXT)
|
09:SCAN HDFS [tpcds_partitioned_parquet_snap.store_sales, RANDOM]
   HDFS partitions=1824/1824 files=1824 size=199.36MB
   runtime filters: RF007[min_max] -> ss_customer_sk, RF008[bloom] -> ss_sold_date_sk, RF006[bloom] -> ss_customer_sk
   stored statistics:
     table: rows=2.88M size=199.36MB
     partitions: 1824/1824 rows=2.88M
     columns: all
   extrapolated-rows=disabled max-scan-range-rows=130.09K est-scan-range=374(filtered from 1824)
   mem-estimate=16.00MB mem-reservation=1.00MB thread-reservation=0
   tuple-ids=11 row-size=12B cardinality=589.03K(filtered from 2.88M) cost=18706904
   in pipelines: 09(GETNEXT)
---- PARALLELPLANS
Max Per-Host Resource Reservation: Memory=239.50MB Threads=52
Per-Host Resource Estimates: Memory=714MB
F25:PLAN FRAGMENT [UNPARTITIONED] hosts=1 instances=1
|  Per-Instance Resources: mem-estimate=4.04MB mem-reservation=4.00MB thread-reservation=1
|  max-parallelism=1 segment-costs=[307] cpu-comparison-result=48 [max(1 (self) vs 48 (sum children))]
PLAN-ROOT SINK
|  output exprs: customer_id, customer_first_name, customer_last_name
|  mem-estimate=4.00MB mem-reservation=4.00MB spill-buffer=2.00MB thread-reservation=0 cost=300
|
56:MERGING-EXCHANGE [UNPARTITIONED]
|  order by: customer_id ASC
|  limit: 100
|  mem-estimate=41.91KB mem-reservation=0B thread-reservation=0
|  tuple-ids=40 row-size=64B cardinality=100 cost=7
|  in pipelines: 31(GETNEXT)
|
F18:PLAN FRAGMENT [HASH(customer_id)] hosts=3 instances=6 (adjusted from 48)
Per-Instance Resources: mem-estimate=4.19MB mem-reservation=0B thread-reservation=1
max-parallelism=6 segment-costs=[156822, 7] cpu-comparison-result=48 [max(6 (self) vs 48 (sum children))]
31:TOP-N [LIMIT=100]
|  order by: customer_id ASC
|  mem-estimate=6.25KB mem-reservation=0B thread-reservation=0
|  tuple-ids=40 row-size=64B cardinality=100 cost=100
|  in pipelines: 31(GETNEXT), 36(OPEN)
|
30:HASH JOIN [INNER JOIN, PARTITIONED]
|  hash-table-id=00
|  hash predicates: customer_id = customer_id
|  fk/pk conjuncts: assumed fk/pk
|  other predicates: CASE WHEN year_total > CAST(0 AS DECIMAL(3,0)) THEN year_total / year_total ELSE NULL END > CASE WHEN year_total > CAST(0 AS DECIMAL(3,0)) THEN year_total / year_total ELSE NULL END
|  mem-estimate=0B mem-reservation=0B spill-buffer=128.00KB thread-reservation=0
|  tuple-ids=18,28,8,38 row-size=212B cardinality=86.65K cost=58903
|  in pipelines: 36(GETNEXT), 54(OPEN)
|
|--F26:PLAN FRAGMENT [HASH(customer_id)] hosts=3 instances=6 (adjusted from 48)
|  |  Per-Instance Resources: mem-estimate=5.21MB mem-reservation=2.88MB thread-reservation=1
|  |  max-parallelism=6 segment-costs=[154007] cpu-comparison-result=12 [max(6 (self) vs 12 (sum children))]
|  JOIN BUILD
|  |  join-table-id=00 plan-id=01 cohort-id=01
|  |  build expressions: customer_id
|  |  runtime filters: RF001[min_max] <- customer_id
|  |  mem-estimate=2.88MB mem-reservation=2.88MB spill-buffer=128.00KB thread-reservation=0 cost=147111
|  |
|  55:EXCHANGE [HASH(customer_id)]
|  |  mem-estimate=2.34MB mem-reservation=0B thread-reservation=0
|  |  tuple-ids=38 row-size=44B cardinality=147.11K cost=6896
|  |  in pipelines: 54(GETNEXT)
|  |
|  F24:PLAN FRAGMENT [RANDOM] hosts=3 instances=6 (adjusted from 48)
|  Per-Instance Resources: mem-estimate=15.57MB mem-reservation=4.75MB thread-reservation=1
|  max-parallelism=6 segment-costs=[748193, 889562] cpu-comparison-result=12 [max(6 (self) vs 12 (sum children))]
|  21:UNION
|  |  mem-estimate=0B mem-reservation=0B thread-reservation=0
|  |  tuple-ids=38 row-size=44B cardinality=147.11K cost=882666
|  |  in pipelines: 54(GETNEXT)
|  |
|  54:AGGREGATE [FINALIZE]
|  |  output: sum:merge(ws_net_paid)
|  |  group by: c_customer_id, c_first_name, c_last_name, d_year
|  |  mem-estimate=10.00MB mem-reservation=4.75MB spill-buffer=256.00KB thread-reservation=0
|  |  tuple-ids=37 row-size=84B cardinality=147.11K cost=735555
|  |  in pipelines: 54(GETNEXT), 23(OPEN)
|  |
|  53:EXCHANGE [HASH(c_customer_id,c_first_name,c_last_name,d_year)]
|  |  mem-estimate=4.44MB mem-reservation=0B thread-reservation=0
|  |  tuple-ids=37 row-size=84B cardinality=147.11K cost=12638
|  |  in pipelines: 23(GETNEXT)
|  |
|  F22:PLAN FRAGMENT [HASH(ws_bill_customer_sk)] hosts=3 instances=6 (adjusted from 48)
|  Per-Instance Resources: mem-estimate=13.16MB mem-reservation=3.00MB thread-reservation=1
|  max-parallelism=6 segment-costs=[886689, 12638] cpu-comparison-result=12 [max(12 (self) vs 11 (sum children))]
|  27:AGGREGATE [STREAMING]
|  |  output: sum(ws_net_paid)
|  |  group by: c_customer_id, c_first_name, c_last_name, d_year
|  |  mem-estimate=10.00MB mem-reservation=3.00MB spill-buffer=128.00KB thread-reservation=0
|  |  tuple-ids=37 row-size=84B cardinality=147.11K cost=735555
|  |  in pipelines: 23(GETNEXT)
|  |
|  26:HASH JOIN [INNER JOIN, PARTITIONED]
|  |  hash-table-id=01
|  |  hash predicates: ws_bill_customer_sk = c_customer_sk
|  |  fk/pk conjuncts: ws_bill_customer_sk = c_customer_sk
|  |  mem-estimate=0B mem-reservation=0B spill-buffer=128.00KB thread-reservation=0
|  |  tuple-ids=35,36,34 row-size=88B cardinality=147.11K cost=147111
|  |  in pipelines: 23(GETNEXT), 22(OPEN)
|  |
|  |--F27:PLAN FRAGMENT [HASH(ws_bill_customer_sk)] hosts=3 instances=6 (adjusted from 48)
|  |  |  Per-Instance Resources: mem-estimate=10.43MB mem-reservation=3.88MB thread-reservation=1 runtime-filters-memory=1.00MB
|  |  |  max-parallelism=6 segment-costs=[107028]
|  |  JOIN BUILD
|  |  |  join-table-id=01 plan-id=02 cohort-id=02
|  |  |  build expressions: c_customer_sk
|  |  |  runtime filters: RF018[bloom] <- c_customer_sk, RF019[min_max] <- c_customer_sk
|  |  |  mem-estimate=2.88MB mem-reservation=2.88MB spill-buffer=128.00KB thread-reservation=0 cost=100000
|  |  |
|  |  52:EXCHANGE [HASH(c_customer_sk)]
|  |  |  mem-estimate=6.55MB mem-reservation=0B thread-reservation=0
|  |  |  tuple-ids=34 row-size=68B cardinality=100.00K cost=7028
|  |  |  in pipelines: 22(GETNEXT)
|  |  |
|  |  F21:PLAN FRAGMENT [RANDOM] hosts=1 instances=1
|  |  Per-Instance Resources: mem-estimate=17.69MB mem-reservation=4.00MB thread-reservation=1
|  |  max-parallelism=1 segment-costs=[63666]
|  |  22:SCAN HDFS [tpcds_partitioned_parquet_snap.customer, RANDOM]
|  |     HDFS partitions=1/1 files=1 size=5.49MB
|  |     stored statistics:
|  |       table: rows=100.00K size=5.49MB
|  |       columns: all
|  |     extrapolated-rows=disabled max-scan-range-rows=100.00K
|  |     mem-estimate=16.00MB mem-reservation=4.00MB thread-reservation=0
|  |     tuple-ids=34 row-size=68B cardinality=100.00K cost=56638
|  |     in pipelines: 22(GETNEXT)
|  |
|  51:EXCHANGE [HASH(ws_bill_customer_sk)]
|  |  mem-estimate=1.10MB mem-reservation=0B thread-reservation=0
|  |  tuple-ids=35,36 row-size=20B cardinality=147.11K cost=4023
|  |  in pipelines: 23(GETNEXT)
|  |
|  F19:PLAN FRAGMENT [RANDOM] hosts=3 instances=6 (adjusted from 48)
|  Per-Host Shared Resources: mem-estimate=2.00MB mem-reservation=2.00MB thread-reservation=0 runtime-filters-memory=2.00MB
|  Per-Instance Resources: mem-estimate=16.66MB mem-reservation=128.00KB thread-reservation=1
|  max-parallelism=6 segment-costs=[18852858]
|  25:HASH JOIN [INNER JOIN, BROADCAST]
|  |  hash-table-id=02
|  |  hash predicates: ws_sold_date_sk = d_date_sk
|  |  fk/pk conjuncts: ws_sold_date_sk = d_date_sk
|  |  mem-estimate=0B mem-reservation=0B spill-buffer=64.00KB thread-reservation=0
|  |  tuple-ids=35,36 row-size=20B cardinality=147.11K cost=147111
|  |  in pipelines: 23(GETNEXT), 24(OPEN)
|  |
|  |--F28:PLAN FRAGMENT [RANDOM] hosts=3 instances=3
|  |  |  Per-Instance Resources: mem-estimate=4.89MB mem-reservation=4.88MB thread-reservation=1 runtime-filters-memory=1.00MB
|  |  |  max-parallelism=3 segment-costs=[388]
|  |  JOIN BUILD
|  |  |  join-table-id=02 plan-id=03 cohort-id=02
|  |  |  build expressions: d_date_sk
|  |  |  runtime filters: RF020[bloom] <- d_date_sk
|  |  |  mem-estimate=3.88MB mem-reservation=3.88MB spill-buffer=64.00KB thread-reservation=0 cost=373
|  |  |
|  |  50:EXCHANGE [BROADCAST]
|  |  |  mem-estimate=16.00KB mem-reservation=0B thread-reservation=0
|  |  |  tuple-ids=36 row-size=8B cardinality=373 cost=15
|  |  |  in pipelines: 24(GETNEXT)
|  |  |
|  |  F20:PLAN FRAGMENT [RANDOM] hosts=1 instances=1
|  |  Per-Instance Resources: mem-estimate=16.05MB mem-reservation=512.00KB thread-reservation=1
|  |  max-parallelism=1 segment-costs=[123625]
|  |  24:SCAN HDFS [tpcds_partitioned_parquet_snap.date_dim, RANDOM]
|  |     HDFS partitions=1/1 files=1 size=2.15MB
|  |     predicates: tpcds_partitioned_parquet_snap.date_dim.d_year = CAST(2002 AS INT)
|  |     stored statistics:
|  |       table: rows=73.05K size=2.15MB
|  |       columns: all
|  |     extrapolated-rows=disabled max-scan-range-rows=73.05K
|  |     parquet statistics predicates: tpcds_partitioned_parquet_snap.date_dim.d_year = CAST(2002 AS INT)
|  |     parquet dictionary predicates: tpcds_partitioned_parquet_snap.date_dim.d_year = CAST(2002 AS INT)
|  |     mem-estimate=16.00MB mem-reservation=512.00KB thread-reservation=0
|  |     tuple-ids=36 row-size=8B cardinality=373 cost=123620
|  |     in pipelines: 24(GETNEXT)
|  |
|  23:SCAN HDFS [tpcds_partitioned_parquet_snap.web_sales, RANDOM]
|     HDFS partitions=1824/1824 files=1824 size=84.20MB
|     runtime filters: RF019[min_max] -> ws_bill_customer_sk, RF020[bloom] -> ws_sold_date_sk, RF018[bloom] -> ws_bill_customer_sk
|     stored statistics:
|       table: rows=719.38K size=84.20MB
|       partitions: 1824/1824 rows=719.38K
|       columns: all
|     extrapolated-rows=disabled max-scan-range-rows=1.12K est-scan-range=374(filtered from 1824)
|     mem-estimate=16.00MB mem-reservation=128.00KB thread-reservation=0
|     tuple-ids=35 row-size=12B cardinality=147.11K(filtered from 719.38K) cost=18701724
|     in pipelines: 23(GETNEXT)
|
29:HASH JOIN [INNER JOIN, PARTITIONED]
|  hash-table-id=03
|  hash predicates: customer_id = customer_id
|  fk/pk conjuncts: assumed fk/pk
|  mem-estimate=0B mem-reservation=0B spill-buffer=64.00KB thread-reservation=0
|  tuple-ids=18,28,8 row-size=168B cardinality=58.90K cost=86652
|  in pipelines: 36(GETNEXT), 47(OPEN)
|
|--F29:PLAN FRAGMENT [HASH(customer_id)] hosts=3 instances=6 (adjusted from 48)
|  |  Per-Instance Resources: mem-estimate=4.04MB mem-reservation=2.94MB thread-reservation=1 runtime-filters-memory=1.00MB
|  |  max-parallelism=6 segment-costs=[61665] cpu-comparison-result=12 [max(6 (self) vs 12 (sum children))]
|  JOIN BUILD
|  |  join-table-id=03 plan-id=04 cohort-id=01
|  |  build expressions: customer_id
|  |  runtime filters: RF002[bloom] <- customer_id, RF003[min_max] <- customer_id
|  |  mem-estimate=1.94MB mem-reservation=1.94MB spill-buffer=64.00KB thread-reservation=0 cost=58903
|  |
|  49:EXCHANGE [HASH(customer_id)]
|  |  mem-estimate=1.11MB mem-reservation=0B thread-reservation=0
|  |  tuple-ids=8 row-size=44B cardinality=58.90K cost=2762
|  |  in pipelines: 47(GETNEXT)
|  |
|  F17:PLAN FRAGMENT [RANDOM] hosts=3 instances=6 (adjusted from 48)
|  Per-Instance Resources: mem-estimate=28.64MB mem-reservation=17.00MB thread-reservation=1
|  max-parallelism=6 segment-costs=[2995750, 356180] cpu-comparison-result=12 [max(6 (self) vs 12 (sum children))]
|  00:UNION
|  |  mem-estimate=0B mem-reservation=0B thread-reservation=0
|  |  tuple-ids=8 row-size=44B cardinality=58.90K cost=353418
|  |  in pipelines: 47(GETNEXT)
|  |
|  47:AGGREGATE [FINALIZE]
|  |  output: sum:merge(ss_net_paid)
|  |  group by: c_customer_id, c_first_name, c_last_name, d_year
|  |  having: sum(ss_net_paid) > CAST(0 AS DECIMAL(3,0))
|  |  mem-estimate=17.00MB mem-reservation=17.00MB spill-buffer=1.00MB thread-reservation=0
|  |  tuple-ids=3 row-size=84B cardinality=58.90K cost=2945150
|  |  in pipelines: 47(GETNEXT), 02(OPEN)
|  |
|  46:EXCHANGE [HASH(c_customer_id,c_first_name,c_last_name,d_year)]
|  |  mem-estimate=10.52MB mem-reservation=0B thread-reservation=0
|  |  tuple-ids=3 row-size=84B cardinality=589.03K cost=50600
|  |  in pipelines: 02(GETNEXT)
|  |
|  F15:PLAN FRAGMENT [HASH(ss_customer_sk)] hosts=3 instances=6 (adjusted from 48)
|  Per-Instance Resources: mem-estimate=15.97MB mem-reservation=9.00MB thread-reservation=1
|  max-parallelism=6 segment-costs=[3550287, 50600] cpu-comparison-result=12 [max(12 (self) vs 11 (sum children))]
|  06:AGGREGATE [STREAMING]
|  |  output: sum(ss_net_paid)
|  |  group by: c_customer_id, c_first_name, c_last_name, d_year
|  |  mem-estimate=10.00MB mem-reservation=9.00MB spill-buffer=512.00KB thread-reservation=0
|  |  tuple-ids=3 row-size=84B cardinality=589.03K cost=2945150
|  |  in pipelines: 02(GETNEXT)
|  |
|  05:HASH JOIN [INNER JOIN, PARTITIONED]
|  |  hash-table-id=04
|  |  hash predicates: ss_customer_sk = c_customer_sk
|  |  fk/pk conjuncts: ss_customer_sk = c_customer_sk
|  |  mem-estimate=0B mem-reservation=0B spill-buffer=128.00KB thread-reservation=0
|  |  tuple-ids=1,2,0 row-size=88B cardinality=589.03K cost=589030
|  |  in pipelines: 02(GETNEXT), 01(OPEN)
|  |
|  |--F30:PLAN FRAGMENT [HASH(ss_customer_sk)] hosts=3 instances=6 (adjusted from 48)
|  |  |  Per-Instance Resources: mem-estimate=10.43MB mem-reservation=3.88MB thread-reservation=1 runtime-filters-memory=1.00MB
|  |  |  max-parallelism=6 segment-costs=[107028]
|  |  JOIN BUILD
|  |  |  join-table-id=04 plan-id=05 cohort-id=03
|  |  |  build expressions: c_customer_sk
|  |  |  runtime filters: RF014[bloom] <- c_customer_sk, RF015[min_max] <- c_customer_sk
|  |  |  mem-estimate=2.88MB mem-reservation=2.88MB spill-buffer=128.00KB thread-reservation=0 cost=100000
|  |  |
|  |  45:EXCHANGE [HASH(c_customer_sk)]
|  |  |  mem-estimate=6.55MB mem-reservation=0B thread-reservation=0
|  |  |  tuple-ids=0 row-size=68B cardinality=100.00K cost=7028
|  |  |  in pipelines: 01(GETNEXT)
|  |  |
|  |  F14:PLAN FRAGMENT [RANDOM] hosts=1 instances=1
|  |  Per-Instance Resources: mem-estimate=17.69MB mem-reservation=4.00MB thread-reservation=1
|  |  max-parallelism=1 segment-costs=[63666]
|  |  01:SCAN HDFS [tpcds_partitioned_parquet_snap.customer, RANDOM]
|  |     HDFS partitions=1/1 files=1 size=5.49MB
|  |     runtime filters: RF001[min_max] -> tpcds_partitioned_parquet_snap.customer.c_customer_id
|  |     stored statistics:
|  |       table: rows=100.00K size=5.49MB
|  |       columns: all
|  |     extrapolated-rows=disabled max-scan-range-rows=100.00K
|  |     mem-estimate=16.00MB mem-reservation=4.00MB thread-reservation=0
|  |     tuple-ids=0 row-size=68B cardinality=100.00K cost=56638
|  |     in pipelines: 01(GETNEXT)
|  |
|  44:EXCHANGE [HASH(ss_customer_sk)]
|  |  mem-estimate=3.91MB mem-reservation=0B thread-reservation=0
|  |  tuple-ids=1,2 row-size=20B cardinality=589.03K cost=16107
|  |  in pipelines: 02(GETNEXT)
|  |
|  F12:PLAN FRAGMENT [RANDOM] hosts=3 instances=6 (adjusted from 48)
|  Per-Host Shared Resources: mem-estimate=2.00MB mem-reservation=2.00MB thread-reservation=0 runtime-filters-memory=2.00MB
|  Per-Instance Resources: mem-estimate=16.66MB mem-reservation=1.00MB thread-reservation=1
|  max-parallelism=6 segment-costs=[19312041]
|  04:HASH JOIN [INNER JOIN, BROADCAST]
|  |  hash-table-id=05
|  |  hash predicates: ss_sold_date_sk = d_date_sk
|  |  fk/pk conjuncts: ss_sold_date_sk = d_date_sk
|  |  mem-estimate=0B mem-reservation=0B spill-buffer=64.00KB thread-reservation=0
|  |  tuple-ids=1,2 row-size=20B cardinality=589.03K cost=589030
|  |  in pipelines: 02(GETNEXT), 03(OPEN)
|  |
|  |--F31:PLAN FRAGMENT [RANDOM] hosts=3 instances=3
|  |  |  Per-Instance Resources: mem-estimate=4.89MB mem-reservation=4.88MB thread-reservation=1 runtime-filters-memory=1.00MB
|  |  |  max-parallelism=3 segment-costs=[388]
|  |  JOIN BUILD
|  |  |  join-table-id=05 plan-id=06 cohort-id=03
|  |  |  build expressions: d_date_sk
|  |  |  runtime filters: RF016[bloom] <- d_date_sk
|  |  |  mem-estimate=3.88MB mem-reservation=3.88MB spill-buffer=64.00KB thread-reservation=0 cost=373
|  |  |
|  |  43:EXCHANGE [BROADCAST]
|  |  |  mem-estimate=16.00KB mem-reservation=0B thread-reservation=0
|  |  |  tuple-ids=2 row-size=8B cardinality=373 cost=15
|  |  |  in pipelines: 03(GETNEXT)
|  |  |
|  |  F13:PLAN FRAGMENT [RANDOM] hosts=1 instances=1
|  |  Per-Instance Resources: mem-estimate=16.05MB mem-reservation=512.00KB thread-reservation=1
|  |  max-parallelism=1 segment-costs=[123625]
|  |  03:SCAN HDFS [tpcds_partitioned_parquet_snap.date_dim, RANDOM]
|  |     HDFS partitions=1/1 files=1 size=2.15MB
|  |     predicates: tpcds_partitioned_parquet_snap.date_dim.d_year = CAST(2001 AS INT)
|  |     stored statistics:
|  |       table: rows=73.05K size=2.15MB
|  |       columns: all
|  |     extrapolated-rows=disabled max-scan-range-rows=73.05K
|  |     parquet statistics predicates: tpcds_partitioned_parquet_snap.date_dim.d_year = CAST(2001 AS INT)
|  |     parquet dictionary predicates: tpcds_partitioned_parquet_snap.date_dim.d_year = CAST(2001 AS INT)
|  |     mem-estimate=16.00MB mem-reservation=512.00KB thread-reservation=0
|  |     tuple-ids=2 row-size=8B cardinality=373 cost=123620
|  |     in pipelines: 03(GETNEXT)
|  |
|  02:SCAN HDFS [tpcds_partitioned_parquet_snap.store_sales, RANDOM]
|     HDFS partitions=1824/1824 files=1824 size=199.36MB
|     runtime filters: RF015[min_max] -> ss_customer_sk, RF016[bloom] -> ss_sold_date_sk, RF014[bloom] -> ss_customer_sk
|     stored statistics:
|       table: rows=2.88M size=199.36MB
|       partitions: 1824/1824 rows=2.88M
|       columns: all
|     extrapolated-rows=disabled max-scan-range-rows=130.09K est-scan-range=374(filtered from 1824)
|     mem-estimate=16.00MB mem-reservation=1.00MB thread-reservation=0
|     tuple-ids=1 row-size=12B cardinality=589.03K(filtered from 2.88M) cost=18706904
|     in pipelines: 02(GETNEXT)
|
48:EXCHANGE [HASH(customer_id)]
|  mem-estimate=4.19MB mem-reservation=0B thread-reservation=0
|  tuple-ids=18,28 row-size=124B cardinality=86.65K cost=11167
|  in pipelines: 36(GETNEXT)
|
F05:PLAN FRAGMENT [RANDOM] hosts=3 instances=6 (adjusted from 48)
Per-Instance Resources: mem-estimate=30.61MB mem-reservation=17.00MB thread-reservation=1
max-parallelism=6 segment-costs=[2995750, 4134377] cpu-comparison-result=24 [max(6 (self) vs 24 (sum children))]
28:HASH JOIN [INNER JOIN, BROADCAST]
|  hash-table-id=06
|  hash predicates: customer_id = customer_id
|  fk/pk conjuncts: assumed fk/pk
|  mem-estimate=0B mem-reservation=0B spill-buffer=64.00KB thread-reservation=0
|  tuple-ids=18,28 row-size=124B cardinality=86.65K cost=589030
|  in pipelines: 36(GETNEXT), 41(OPEN)
|
|--F32:PLAN FRAGMENT [RANDOM] hosts=3 instances=3
|  |  Per-Instance Resources: mem-estimate=5.77MB mem-reservation=4.88MB thread-reservation=1 runtime-filters-memory=1.00MB
|  |  max-parallelism=3 segment-costs=[16781] cpu-comparison-result=12 [max(3 (self) vs 12 (sum children))]
|  JOIN BUILD
|  |  join-table-id=06 plan-id=07 cohort-id=01
|  |  build expressions: customer_id
|  |  runtime filters: RF004[bloom] <- customer_id, RF005[min_max] <- customer_id
|  |  mem-estimate=3.88MB mem-reservation=3.88MB spill-buffer=64.00KB thread-reservation=0 cost=14711
|  |
|  42:EXCHANGE [BROADCAST]
|  |  mem-estimate=920.11KB mem-reservation=0B thread-reservation=0
|  |  tuple-ids=28 row-size=44B cardinality=14.71K cost=2070
|  |  in pipelines: 41(GETNEXT)
|  |
|  F11:PLAN FRAGMENT [RANDOM] hosts=3 instances=6 (adjusted from 48)
|  Per-Instance Resources: mem-estimate=14.63MB mem-reservation=4.75MB thread-reservation=1
|  max-parallelism=6 segment-costs=[748193, 88956] cpu-comparison-result=12 [max(6 (self) vs 12 (sum children))]
|  14:UNION
|  |  mem-estimate=0B mem-reservation=0B thread-reservation=0
|  |  tuple-ids=28 row-size=44B cardinality=14.71K cost=88266
|  |  in pipelines: 41(GETNEXT)
|  |
|  41:AGGREGATE [FINALIZE]
|  |  output: sum:merge(ws_net_paid)
|  |  group by: c_customer_id, c_first_name, c_last_name, d_year
|  |  having: sum(ws_net_paid) > CAST(0 AS DECIMAL(3,0))
|  |  mem-estimate=10.00MB mem-reservation=4.75MB spill-buffer=256.00KB thread-reservation=0
|  |  tuple-ids=27 row-size=84B cardinality=14.71K cost=735555
|  |  in pipelines: 41(GETNEXT), 16(OPEN)
|  |
|  40:EXCHANGE [HASH(c_customer_id,c_first_name,c_last_name,d_year)]
|  |  mem-estimate=4.44MB mem-reservation=0B thread-reservation=0
|  |  tuple-ids=27 row-size=84B cardinality=147.11K cost=12638
|  |  in pipelines: 16(GETNEXT)
|  |
|  F09:PLAN FRAGMENT [HASH(ws_bill_customer_sk)] hosts=3 instances=6 (adjusted from 48)
|  Per-Instance Resources: mem-estimate=13.16MB mem-reservation=3.00MB thread-reservation=1
|  max-parallelism=6 segment-costs=[886689, 12638] cpu-comparison-result=12 [max(12 (self) vs 11 (sum children))]
|  20:AGGREGATE [STREAMING]
|  |  output: sum(ws_net_paid)
|  |  group by: c_customer_id, c_first_name, c_last_name, d_year
|  |  mem-estimate=10.00MB mem-reservation=3.00MB spill-buffer=128.00KB thread-reservation=0
|  |  tuple-ids=27 row-size=84B cardinality=147.11K cost=735555
|  |  in pipelines: 16(GETNEXT)
|  |
|  19:HASH JOIN [INNER JOIN, PARTITIONED]
|  |  hash-table-id=07
|  |  hash predicates: ws_bill_customer_sk = c_customer_sk
|  |  fk/pk conjuncts: ws_bill_customer_sk = c_customer_sk
|  |  mem-estimate=0B mem-reservation=0B spill-buffer=128.00KB thread-reservation=0
|  |  tuple-ids=25,26,24 row-size=88B cardinality=147.11K cost=147111
|  |  in pipelines: 16(GETNEXT), 15(OPEN)
|  |
|  |--F33:PLAN FRAGMENT [HASH(ws_bill_customer_sk)] hosts=3 instances=6 (adjusted from 48)
|  |  |  Per-Instance Resources: mem-estimate=10.43MB mem-reservation=3.88MB thread-reservation=1 runtime-filters-memory=1.00MB
|  |  |  max-parallelism=6 segment-costs=[107028]
|  |  JOIN BUILD
|  |  |  join-table-id=07 plan-id=08 cohort-id=04
|  |  |  build expressions: c_customer_sk
|  |  |  runtime filters: RF010[bloom] <- c_customer_sk, RF011[min_max] <- c_customer_sk
|  |  |  mem-estimate=2.88MB mem-reservation=2.88MB spill-buffer=128.00KB thread-reservation=0 cost=100000
|  |  |
|  |  39:EXCHANGE [HASH(c_customer_sk)]
|  |  |  mem-estimate=6.55MB mem-reservation=0B thread-reservation=0
|  |  |  tuple-ids=24 row-size=68B cardinality=100.00K cost=7028
|  |  |  in pipelines: 15(GETNEXT)
|  |  |
|  |  F08:PLAN FRAGMENT [RANDOM] hosts=1 instances=1
|  |  Per-Host Shared Resources: mem-estimate=1.00MB mem-reservation=1.00MB thread-reservation=0 runtime-filters-memory=1.00MB
|  |  Per-Instance Resources: mem-estimate=17.69MB mem-reservation=4.00MB thread-reservation=1
|  |  max-parallelism=1 segment-costs=[63666]
|  |  15:SCAN HDFS [tpcds_partitioned_parquet_snap.customer, RANDOM]
|  |     HDFS partitions=1/1 files=1 size=5.49MB
|  |     runtime filters: RF003[min_max] -> tpcds_partitioned_parquet_snap.customer.c_customer_id, RF001[min_max] -> tpcds_partitioned_parquet_snap.customer.c_customer_id, RF002[bloom] -> tpcds_partitioned_parquet_snap.customer.c_customer_id
|  |     stored statistics:
|  |       table: rows=100.00K size=5.49MB
|  |       columns: all
|  |     extrapolated-rows=disabled max-scan-range-rows=100.00K
|  |     mem-estimate=16.00MB mem-reservation=4.00MB thread-reservation=0
|  |     tuple-ids=24 row-size=68B cardinality=100.00K cost=56638
|  |     in pipelines: 15(GETNEXT)
|  |
|  38:EXCHANGE [HASH(ws_bill_customer_sk)]
|  |  mem-estimate=1.10MB mem-reservation=0B thread-reservation=0
|  |  tuple-ids=25,26 row-size=20B cardinality=147.11K cost=4023
|  |  in pipelines: 16(GETNEXT)
|  |
|  F06:PLAN FRAGMENT [RANDOM] hosts=3 instances=6 (adjusted from 48)
|  Per-Host Shared Resources: mem-estimate=2.00MB mem-reservation=2.00MB thread-reservation=0 runtime-filters-memory=2.00MB
|  Per-Instance Resources: mem-estimate=16.66MB mem-reservation=128.00KB thread-reservation=1
|  max-parallelism=6 segment-costs=[18852858]
|  18:HASH JOIN [INNER JOIN, BROADCAST]
|  |  hash-table-id=08
|  |  hash predicates: ws_sold_date_sk = d_date_sk
|  |  fk/pk conjuncts: ws_sold_date_sk = d_date_sk
|  |  mem-estimate=0B mem-reservation=0B spill-buffer=64.00KB thread-reservation=0
|  |  tuple-ids=25,26 row-size=20B cardinality=147.11K cost=147111
|  |  in pipelines: 16(GETNEXT), 17(OPEN)
|  |
|  |--F34:PLAN FRAGMENT [RANDOM] hosts=3 instances=3
|  |  |  Per-Instance Resources: mem-estimate=4.89MB mem-reservation=4.88MB thread-reservation=1 runtime-filters-memory=1.00MB
|  |  |  max-parallelism=3 segment-costs=[388]
|  |  JOIN BUILD
|  |  |  join-table-id=08 plan-id=09 cohort-id=04
|  |  |  build expressions: d_date_sk
|  |  |  runtime filters: RF012[bloom] <- d_date_sk
|  |  |  mem-estimate=3.88MB mem-reservation=3.88MB spill-buffer=64.00KB thread-reservation=0 cost=373
|  |  |
|  |  37:EXCHANGE [BROADCAST]
|  |  |  mem-estimate=16.00KB mem-reservation=0B thread-reservation=0
|  |  |  tuple-ids=26 row-size=8B cardinality=373 cost=15
|  |  |  in pipelines: 17(GETNEXT)
|  |  |
|  |  F07:PLAN FRAGMENT [RANDOM] hosts=1 instances=1
|  |  Per-Instance Resources: mem-estimate=16.05MB mem-reservation=512.00KB thread-reservation=1
|  |  max-parallelism=1 segment-costs=[123625]
|  |  17:SCAN HDFS [tpcds_partitioned_parquet_snap.date_dim, RANDOM]
|  |     HDFS partitions=1/1 files=1 size=2.15MB
|  |     predicates: tpcds_partitioned_parquet_snap.date_dim.d_year = CAST(2001 AS INT)
|  |     stored statistics:
|  |       table: rows=73.05K size=2.15MB
|  |       columns: all
|  |     extrapolated-rows=disabled max-scan-range-rows=73.05K
|  |     parquet statistics predicates: tpcds_partitioned_parquet_snap.date_dim.d_year = CAST(2001 AS INT)
|  |     parquet dictionary predicates: tpcds_partitioned_parquet_snap.date_dim.d_year = CAST(2001 AS INT)
|  |     mem-estimate=16.00MB mem-reservation=512.00KB thread-reservation=0
|  |     tuple-ids=26 row-size=8B cardinality=373 cost=123620
|  |     in pipelines: 17(GETNEXT)
|  |
|  16:SCAN HDFS [tpcds_partitioned_parquet_snap.web_sales, RANDOM]
|     HDFS partitions=1824/1824 files=1824 size=84.20MB
|     runtime filters: RF011[min_max] -> ws_bill_customer_sk, RF012[bloom] -> ws_sold_date_sk, RF010[bloom] -> ws_bill_customer_sk
|     stored statistics:
|       table: rows=719.38K size=84.20MB
|       partitions: 1824/1824 rows=719.38K
|       columns: all
|     extrapolated-rows=disabled max-scan-range-rows=1.12K est-scan-range=374(filtered from 1824)
|     mem-estimate=16.00MB mem-reservation=128.00KB thread-reservation=0
|     tuple-ids=25 row-size=12B cardinality=147.11K(filtered from 719.38K) cost=18701724
|     in pipelines: 16(GETNEXT)
|
07:UNION
|  mem-estimate=0B mem-reservation=0B thread-reservation=0
|  tuple-ids=18 row-size=80B cardinality=589.03K cost=3534180
|  in pipelines: 36(GETNEXT)
|
36:AGGREGATE [FINALIZE]
|  output: sum:merge(ss_net_paid)
|  group by: c_customer_id, c_first_name, c_last_name, d_year
|  mem-estimate=17.00MB mem-reservation=17.00MB spill-buffer=1.00MB thread-reservation=0
|  tuple-ids=13 row-size=84B cardinality=589.03K cost=2945150
|  in pipelines: 36(GETNEXT), 09(OPEN)
|
35:EXCHANGE [HASH(c_customer_id,c_first_name,c_last_name,d_year)]
|  mem-estimate=10.52MB mem-reservation=0B thread-reservation=0
|  tuple-ids=13 row-size=84B cardinality=589.03K cost=50600
|  in pipelines: 09(GETNEXT)
|
F03:PLAN FRAGMENT [HASH(ss_customer_sk)] hosts=3 instances=6 (adjusted from 48)
Per-Instance Resources: mem-estimate=15.97MB mem-reservation=9.00MB thread-reservation=1
max-parallelism=6 segment-costs=[3550287, 50600] cpu-comparison-result=12 [max(12 (self) vs 11 (sum children))]
13:AGGREGATE [STREAMING]
|  output: sum(ss_net_paid)
|  group by: c_customer_id, c_first_name, c_last_name, d_year
|  mem-estimate=10.00MB mem-reservation=9.00MB spill-buffer=512.00KB thread-reservation=0
|  tuple-ids=13 row-size=84B cardinality=589.03K cost=2945150
|  in pipelines: 09(GETNEXT)
|
12:HASH JOIN [INNER JOIN, PARTITIONED]
|  hash-table-id=09
|  hash predicates: ss_customer_sk = c_customer_sk
|  fk/pk conjuncts: ss_customer_sk = c_customer_sk
|  mem-estimate=0B mem-reservation=0B spill-buffer=128.00KB thread-reservation=0
|  tuple-ids=11,12,10 row-size=88B cardinality=589.03K cost=589030
|  in pipelines: 09(GETNEXT), 08(OPEN)
|
|--F35:PLAN FRAGMENT [HASH(ss_customer_sk)] hosts=3 instances=6 (adjusted from 48)
|  |  Per-Instance Resources: mem-estimate=10.43MB mem-reservation=3.88MB thread-reservation=1 runtime-filters-memory=1.00MB
|  |  max-parallelism=6 segment-costs=[107028]
|  JOIN BUILD
|  |  join-table-id=09 plan-id=10 cohort-id=01
|  |  build expressions: c_customer_sk
|  |  runtime filters: RF006[bloom] <- c_customer_sk, RF007[min_max] <- c_customer_sk
|  |  mem-estimate=2.88MB mem-reservation=2.88MB spill-buffer=128.00KB thread-reservation=0 cost=100000
|  |
|  34:EXCHANGE [HASH(c_customer_sk)]
|  |  mem-estimate=6.55MB mem-reservation=0B thread-reservation=0
|  |  tuple-ids=10 row-size=68B cardinality=100.00K cost=7028
|  |  in pipelines: 08(GETNEXT)
|  |
|  F02:PLAN FRAGMENT [RANDOM] hosts=1 instances=1
|  Per-Host Shared Resources: mem-estimate=2.00MB mem-reservation=2.00MB thread-reservation=0 runtime-filters-memory=2.00MB
|  Per-Instance Resources: mem-estimate=17.69MB mem-reservation=4.00MB thread-reservation=1
|  max-parallelism=1 segment-costs=[63666]
|  08:SCAN HDFS [tpcds_partitioned_parquet_snap.customer, RANDOM]
|     HDFS partitions=1/1 files=1 size=5.49MB
|     runtime filters: RF005[min_max] -> tpcds_partitioned_parquet_snap.customer.c_customer_id, RF003[min_max] -> tpcds_partitioned_parquet_snap.customer.c_customer_id, RF001[min_max] -> tpcds_partitioned_parquet_snap.customer.c_customer_id, RF004[bloom] -> tpcds_partitioned_parquet_snap.customer.c_customer_id, RF002[bloom] -> tpcds_partitioned_parquet_snap.customer.c_customer_id
|     stored statistics:
|       table: rows=100.00K size=5.49MB
|       columns: all
|     extrapolated-rows=disabled max-scan-range-rows=100.00K
|     mem-estimate=16.00MB mem-reservation=4.00MB thread-reservation=0
|     tuple-ids=10 row-size=68B cardinality=100.00K cost=56638
|     in pipelines: 08(GETNEXT)
|
33:EXCHANGE [HASH(ss_customer_sk)]
|  mem-estimate=3.91MB mem-reservation=0B thread-reservation=0
|  tuple-ids=11,12 row-size=20B cardinality=589.03K cost=16107
|  in pipelines: 09(GETNEXT)
|
F00:PLAN FRAGMENT [RANDOM] hosts=3 instances=6 (adjusted from 48)
Per-Host Shared Resources: mem-estimate=2.00MB mem-reservation=2.00MB thread-reservation=0 runtime-filters-memory=2.00MB
Per-Instance Resources: mem-estimate=16.66MB mem-reservation=1.00MB thread-reservation=1
max-parallelism=6 segment-costs=[19312041]
11:HASH JOIN [INNER JOIN, BROADCAST]
|  hash-table-id=10
|  hash predicates: ss_sold_date_sk = d_date_sk
|  fk/pk conjuncts: ss_sold_date_sk = d_date_sk
|  mem-estimate=0B mem-reservation=0B spill-buffer=64.00KB thread-reservation=0
|  tuple-ids=11,12 row-size=20B cardinality=589.03K cost=589030
|  in pipelines: 09(GETNEXT), 10(OPEN)
|
|--F36:PLAN FRAGMENT [RANDOM] hosts=3 instances=3
|  |  Per-Instance Resources: mem-estimate=4.89MB mem-reservation=4.88MB thread-reservation=1 runtime-filters-memory=1.00MB
|  |  max-parallelism=3 segment-costs=[388]
|  JOIN BUILD
|  |  join-table-id=10 plan-id=11 cohort-id=01
|  |  build expressions: d_date_sk
|  |  runtime filters: RF008[bloom] <- d_date_sk
|  |  mem-estimate=3.88MB mem-reservation=3.88MB spill-buffer=64.00KB thread-reservation=0 cost=373
|  |
|  32:EXCHANGE [BROADCAST]
|  |  mem-estimate=16.00KB mem-reservation=0B thread-reservation=0
|  |  tuple-ids=12 row-size=8B cardinality=373 cost=15
|  |  in pipelines: 10(GETNEXT)
|  |
|  F01:PLAN FRAGMENT [RANDOM] hosts=1 instances=1
|  Per-Instance Resources: mem-estimate=16.05MB mem-reservation=512.00KB thread-reservation=1
|  max-parallelism=1 segment-costs=[123625]
|  10:SCAN HDFS [tpcds_partitioned_parquet_snap.date_dim, RANDOM]
|     HDFS partitions=1/1 files=1 size=2.15MB
|     predicates: tpcds_partitioned_parquet_snap.date_dim.d_year = CAST(2002 AS INT)
|     stored statistics:
|       table: rows=73.05K size=2.15MB
|       columns: all
|     extrapolated-rows=disabled max-scan-range-rows=73.05K
|     parquet statistics predicates: tpcds_partitioned_parquet_snap.date_dim.d_year = CAST(2002 AS INT)
|     parquet dictionary predicates: tpcds_partitioned_parquet_snap.date_dim.d_year = CAST(2002 AS INT)
|     mem-estimate=16.00MB mem-reservation=512.00KB thread-reservation=0
|     tuple-ids=12 row-size=8B cardinality=373 cost=123620
|     in pipelines: 10(GETNEXT)
|
09:SCAN HDFS [tpcds_partitioned_parquet_snap.store_sales, RANDOM]
   HDFS partitions=1824/1824 files=1824 size=199.36MB
   runtime filters: RF007[min_max] -> ss_customer_sk, RF008[bloom] -> ss_sold_date_sk, RF006[bloom] -> ss_customer_sk
   stored statistics:
     table: rows=2.88M size=199.36MB
     partitions: 1824/1824 rows=2.88M
     columns: all
   extrapolated-rows=disabled max-scan-range-rows=130.09K est-scan-range=374(filtered from 1824)
   mem-estimate=16.00MB mem-reservation=1.00MB thread-reservation=0
   tuple-ids=11 row-size=12B cardinality=589.03K(filtered from 2.88M) cost=18706904
   in pipelines: 09(GETNEXT)
====
