# TPCDS-Q25

SELECT i_item_id ,
       i_item_desc ,
       s_store_id ,
       s_store_name ,
       sum(ss_net_profit) AS store_sales_profit ,
       sum(sr_net_loss) AS store_returns_loss ,
       sum(cs_net_profit) AS catalog_sales_profit
FROM store_sales ,
     store_returns ,
     catalog_sales ,
     date_dim d1 ,
     date_dim d2 ,
     date_dim d3 ,
     store ,
     item
WHERE d1.d_moy = 4
  AND d1.d_year = 2001
  AND d1.d_date_sk = ss_sold_date_sk
  AND i_item_sk = ss_item_sk
  AND s_store_sk = ss_store_sk
  AND ss_customer_sk = sr_customer_sk
  AND ss_item_sk = sr_item_sk
  AND ss_ticket_number = sr_ticket_number
  AND sr_returned_date_sk = d2.d_date_sk
  AND d2.d_moy BETWEEN 4 AND 10
  AND d2.d_year = 2001
  AND sr_customer_sk = cs_bill_customer_sk
  AND sr_item_sk = cs_item_sk
  AND cs_sold_date_sk = d3.d_date_sk
  AND d3.d_moy BETWEEN 4 AND 10
  AND d3.d_year = 2001
GROUP BY i_item_id ,
         i_item_desc ,
         s_store_id ,
         s_store_name
ORDER BY i_item_id ,
         i_item_desc ,
         s_store_id ,
         s_store_name
LIMIT 100;
---- PLAN
Max Per-Host Resource Reservation: Memory=42.15MB Threads=1
Per-Host Resource Estimates: Memory=147MB
F00:PLAN FRAGMENT [UNPARTITIONED] hosts=1 instances=1
|  Per-Instance Resources: mem-estimate=146.75MB mem-reservation=42.15MB thread-reservation=1 runtime-filters-memory=10.00MB
|  max-parallelism=1 segment-costs=[19056841, 400, 700]
PLAN-ROOT SINK
|  output exprs: i_item_id, i_item_desc, s_store_id, s_store_name, sum(ss_net_profit), sum(sr_net_loss), sum(cs_net_profit)
|  mem-estimate=4.00MB mem-reservation=4.00MB spill-buffer=2.00MB thread-reservation=0 cost=700
|
16:TOP-N [LIMIT=100]
|  order by: i_item_id ASC, i_item_desc ASC, s_store_id ASC, s_store_name ASC
|  mem-estimate=22.72KB mem-reservation=0B thread-reservation=0
|  tuple-ids=9 row-size=233B cardinality=100 cost=400
|  in pipelines: 16(GETNEXT), 15(OPEN)
|
15:AGGREGATE [FINALIZE]
|  output: sum(ss_net_profit), sum(sr_net_loss), sum(cs_net_profit)
|  group by: i_item_id, i_item_desc, s_store_id, s_store_name
|  mem-estimate=10.00MB mem-reservation=1.94MB spill-buffer=64.00KB thread-reservation=0
|  tuple-ids=8 row-size=233B cardinality=445 cost=3115
|  in pipelines: 15(GETNEXT), 07(OPEN)
|
14:HASH JOIN [INNER JOIN]
|  hash predicates: i_item_sk = ss_item_sk
|  fk/pk conjuncts: i_item_sk = ss_item_sk
|  runtime filters: RF000[bloom] <- ss_item_sk, RF001[min_max] <- ss_item_sk
|  mem-estimate=1.94MB mem-reservation=1.94MB spill-buffer=64.00KB thread-reservation=0
|  tuple-ids=7,2,1,0,3,4,5,6 row-size=313B cardinality=445 cost=891
|  in pipelines: 07(GETNEXT), 02(OPEN)
|
|--13:HASH JOIN [INNER JOIN]
|  |  hash predicates: ss_store_sk = s_store_sk
|  |  fk/pk conjuncts: ss_store_sk = s_store_sk
|  |  runtime filters: RF002[bloom] <- s_store_sk, RF003[min_max] <- s_store_sk
|  |  mem-estimate=1.94MB mem-reservation=1.94MB spill-buffer=64.00KB thread-reservation=0
|  |  tuple-ids=2,1,0,3,4,5,6 row-size=164B cardinality=445 cost=457
|  |  in pipelines: 02(GETNEXT), 06(OPEN)
|  |
|  |--06:SCAN HDFS [tpcds_partitioned_parquet_snap.store]
|  |     HDFS partitions=1/1 files=1 size=9.93KB
|  |     stored statistics:
|  |       table: rows=12 size=9.93KB
|  |       columns: all
|  |     extrapolated-rows=disabled max-scan-range-rows=12
|  |     mem-estimate=16.00MB mem-reservation=24.00KB thread-reservation=0
|  |     tuple-ids=6 row-size=48B cardinality=12 cost=50001
|  |     in pipelines: 06(GETNEXT)
|  |
|  12:HASH JOIN [INNER JOIN]
|  |  hash predicates: cs_sold_date_sk = d3.d_date_sk
|  |  fk/pk conjuncts: cs_sold_date_sk = d3.d_date_sk
|  |  runtime filters: RF004[bloom] <- d3.d_date_sk
|  |  mem-estimate=1.94MB mem-reservation=1.94MB spill-buffer=64.00KB thread-reservation=0
|  |  tuple-ids=2,1,0,3,4,5 row-size=116B cardinality=445 cost=7019
|  |  in pipelines: 02(GETNEXT), 05(OPEN)
|  |
|  |--05:SCAN HDFS [tpcds_partitioned_parquet_snap.date_dim d3]
|  |     HDFS partitions=1/1 files=1 size=2.15MB
|  |     predicates: d3.d_year = CAST(2001 AS INT), d3.d_moy <= CAST(10 AS INT), d3.d_moy >= CAST(4 AS INT)
|  |     stored statistics:
|  |       table: rows=73.05K size=2.15MB
|  |       columns: all
|  |     extrapolated-rows=disabled max-scan-range-rows=73.05K
|  |     parquet statistics predicates: d3.d_year = CAST(2001 AS INT), d3.d_moy <= CAST(10 AS INT), d3.d_moy >= CAST(4 AS INT)
|  |     parquet dictionary predicates: d3.d_year = CAST(2001 AS INT), d3.d_moy <= CAST(10 AS INT), d3.d_moy >= CAST(4 AS INT)
|  |     mem-estimate=16.00MB mem-reservation=512.00KB thread-reservation=0
|  |     tuple-ids=5 row-size=12B cardinality=118 cost=270004
|  |     in pipelines: 05(GETNEXT)
|  |
|  11:HASH JOIN [INNER JOIN]
|  |  hash predicates: cs_bill_customer_sk = sr_customer_sk, cs_item_sk = sr_item_sk
|  |  fk/pk conjuncts: cs_bill_customer_sk = sr_customer_sk, cs_item_sk = sr_item_sk
|  |  runtime filters: RF006[bloom] <- sr_customer_sk, RF007[bloom] <- sr_item_sk, RF008[min_max] <- sr_customer_sk, RF009[min_max] <- sr_item_sk
|  |  mem-estimate=1.94MB mem-reservation=1.94MB spill-buffer=64.00KB thread-reservation=0
|  |  tuple-ids=2,1,0,3,4 row-size=104B cardinality=6.90K cost=200576
|  |  in pipelines: 02(GETNEXT), 01(OPEN)
|  |
|  |--10:HASH JOIN [INNER JOIN]
|  |  |  hash predicates: sr_returned_date_sk = d2.d_date_sk
|  |  |  fk/pk conjuncts: sr_returned_date_sk = d2.d_date_sk
|  |  |  runtime filters: RF010[bloom] <- d2.d_date_sk
|  |  |  mem-estimate=1.94MB mem-reservation=1.94MB spill-buffer=64.00KB thread-reservation=0
|  |  |  tuple-ids=1,0,3,4 row-size=84B cardinality=7.39K cost=17047
|  |  |  in pipelines: 01(GETNEXT), 04(OPEN)
|  |  |
|  |  |--04:SCAN HDFS [tpcds_partitioned_parquet_snap.date_dim d2]
|  |  |     HDFS partitions=1/1 files=1 size=2.15MB
|  |  |     predicates: d2.d_year = CAST(2001 AS INT), d2.d_moy <= CAST(10 AS INT), d2.d_moy >= CAST(4 AS INT)
|  |  |     stored statistics:
|  |  |       table: rows=73.05K size=2.15MB
|  |  |       columns: all
|  |  |     extrapolated-rows=disabled max-scan-range-rows=73.05K
|  |  |     parquet statistics predicates: d2.d_year = CAST(2001 AS INT), d2.d_moy <= CAST(10 AS INT), d2.d_moy >= CAST(4 AS INT)
|  |  |     parquet dictionary predicates: d2.d_year = CAST(2001 AS INT), d2.d_moy <= CAST(10 AS INT), d2.d_moy >= CAST(4 AS INT)
|  |  |     mem-estimate=16.00MB mem-reservation=512.00KB thread-reservation=0
|  |  |     tuple-ids=4 row-size=12B cardinality=118 cost=270004
|  |  |     in pipelines: 04(GETNEXT)
|  |  |
|  |  09:HASH JOIN [INNER JOIN]
|  |  |  hash predicates: sr_customer_sk = ss_customer_sk, sr_item_sk = ss_item_sk, sr_ticket_number = ss_ticket_number
|  |  |  fk/pk conjuncts: sr_customer_sk = ss_customer_sk, sr_item_sk = ss_item_sk, sr_ticket_number = ss_ticket_number
|  |  |  runtime filters: RF012[bloom] <- ss_customer_sk, RF013[bloom] <- ss_item_sk, RF014[bloom] <- ss_ticket_number, RF015[min_max] <- ss_customer_sk, RF016[min_max] <- ss_item_sk, RF017[min_max] <- ss_ticket_number
|  |  |  mem-estimate=17.00MB mem-reservation=17.00MB spill-buffer=1.00MB thread-reservation=0
|  |  |  tuple-ids=1,0,3 row-size=72B cardinality=16.93K(filtered from 125.43K) cost=562440
|  |  |  in pipelines: 01(GETNEXT), 00(OPEN)
|  |  |
|  |  |--08:HASH JOIN [INNER JOIN]
|  |  |  |  hash predicates: ss_sold_date_sk = d1.d_date_sk
|  |  |  |  fk/pk conjuncts: ss_sold_date_sk = d1.d_date_sk
|  |  |  |  runtime filters: RF018[bloom] <- d1.d_date_sk
|  |  |  |  mem-estimate=1.94MB mem-reservation=1.94MB spill-buffer=64.00KB thread-reservation=0
|  |  |  |  tuple-ids=0,3 row-size=44B cardinality=170.55K cost=170659
|  |  |  |  in pipelines: 00(GETNEXT), 03(OPEN)
|  |  |  |
|  |  |  |--03:SCAN HDFS [tpcds_partitioned_parquet_snap.date_dim d1]
|  |  |  |     HDFS partitions=1/1 files=1 size=2.15MB
|  |  |  |     predicates: d1.d_year = CAST(2001 AS INT), d1.d_moy = CAST(4 AS INT)
|  |  |  |     stored statistics:
|  |  |  |       table: rows=73.05K size=2.15MB
|  |  |  |       columns: all
|  |  |  |     extrapolated-rows=disabled max-scan-range-rows=73.05K
|  |  |  |     parquet statistics predicates: d1.d_year = CAST(2001 AS INT), d1.d_moy = CAST(4 AS INT)
|  |  |  |     parquet dictionary predicates: d1.d_year = CAST(2001 AS INT), d1.d_moy = CAST(4 AS INT)
|  |  |  |     mem-estimate=16.00MB mem-reservation=512.00KB thread-reservation=0
|  |  |  |     tuple-ids=3 row-size=12B cardinality=108 cost=196955
|  |  |  |     in pipelines: 03(GETNEXT)
|  |  |  |
|  |  |  00:SCAN HDFS [tpcds_partitioned_parquet_snap.store_sales]
|  |  |     HDFS partitions=1824/1824 files=1824 size=199.36MB
|  |  |     runtime filters: RF003[min_max] -> ss_store_sk, RF018[bloom] -> ss_sold_date_sk, RF002[bloom] -> ss_store_sk
|  |  |     stored statistics:
|  |  |       table: rows=2.88M size=199.36MB
|  |  |       partitions: 1824/1824 rows=2.88M
|  |  |       columns: all
|  |  |     extrapolated-rows=disabled max-scan-range-rows=130.09K est-scan-range=109(filtered from 1824)
|  |  |     mem-estimate=16.00MB mem-reservation=4.00MB thread-reservation=0
|  |  |     tuple-ids=0 row-size=32B cardinality=170.55K(filtered from 2.88M) cost=5455330
|  |  |     in pipelines: 00(GETNEXT)
|  |  |
|  |  01:SCAN HDFS [tpcds_partitioned_parquet_snap.store_returns]
|  |     HDFS partitions=2004/2004 files=2004 size=33.80MB
|  |     runtime filters: RF015[min_max] -> sr_customer_sk, RF016[min_max] -> sr_item_sk, RF017[min_max] -> sr_ticket_number, RF010[bloom] -> sr_returned_date_sk, RF012[bloom] -> sr_customer_sk, RF013[bloom] -> sr_item_sk, RF014[bloom] -> sr_ticket_number
|  |     stored statistics:
|  |       table: rows=287.51K size=33.80MB
|  |       partitions: 2004/2004 rows=287.51K
|  |       columns: all
|  |     extrapolated-rows=disabled max-scan-range-rows=10.01K est-scan-range=118(filtered from 2004)
|  |     mem-estimate=16.00MB mem-reservation=256.00KB thread-reservation=0
|  |     tuple-ids=1 row-size=28B cardinality=16.93K(filtered from 287.51K) cost=5900463
|  |     in pipelines: 01(GETNEXT)
|  |
|  02:SCAN HDFS [tpcds_partitioned_parquet_snap.catalog_sales]
|     HDFS partitions=1831/1831 files=1831 size=151.13MB
|     runtime filters: RF008[min_max] -> cs_bill_customer_sk, RF009[min_max] -> cs_item_sk, RF006[bloom] -> cs_bill_customer_sk, RF007[bloom] -> cs_item_sk, RF004[bloom] -> cs_sold_date_sk
|     stored statistics:
|       table: rows=1.44M size=151.13MB
|       partitions: 1831/1831 rows=1.44M
|       columns: all
|     extrapolated-rows=disabled max-scan-range-rows=7.18K est-scan-range=118(filtered from 1831)
|     mem-estimate=16.00MB mem-reservation=128.00KB thread-reservation=0
|     tuple-ids=2 row-size=20B cardinality=92.90K(filtered from 1.44M) cost=5901815
|     in pipelines: 02(GETNEXT)
|
07:SCAN HDFS [tpcds_partitioned_parquet_snap.item]
   HDFS partitions=1/1 files=1 size=1.73MB
   runtime filters: RF001[min_max] -> i_item_sk, RF000[bloom] -> i_item_sk
   stored statistics:
     table: rows=18.00K size=1.73MB
     columns: all
   extrapolated-rows=disabled max-scan-range-rows=18.00K
   mem-estimate=16.00MB mem-reservation=2.00MB thread-reservation=0
   tuple-ids=7 row-size=148B cardinality=446(filtered from 18.00K) cost=50065
   in pipelines: 07(GETNEXT)
---- DISTRIBUTEDPLAN
Max Per-Host Resource Reservation: Memory=79.15MB Threads=27
Per-Host Resource Estimates: Memory=324MB
F11:PLAN FRAGMENT [UNPARTITIONED] hosts=1 instances=1
|  Per-Instance Resources: mem-estimate=4.14MB mem-reservation=4.00MB thread-reservation=1
|  max-parallelism=1 segment-costs=[724] cpu-comparison-result=31 [max(1 (self) vs 31 (sum children))]
PLAN-ROOT SINK
|  output exprs: i_item_id, i_item_desc, s_store_id, s_store_name, sum(ss_net_profit), sum(sr_net_loss), sum(cs_net_profit)
|  mem-estimate=4.00MB mem-reservation=4.00MB spill-buffer=2.00MB thread-reservation=0 cost=700
|
28:MERGING-EXCHANGE [UNPARTITIONED]
|  order by: i_item_id ASC, i_item_desc ASC, s_store_id ASC, s_store_name ASC
|  limit: 100
|  mem-estimate=146.26KB mem-reservation=0B thread-reservation=0
|  tuple-ids=9 row-size=233B cardinality=100 cost=24
|  in pipelines: 16(GETNEXT)
|
F10:PLAN FRAGMENT [HASH(i_item_id,i_item_desc,s_store_id,s_store_name)] hosts=3 instances=6 (adjusted from 48)
Per-Instance Resources: mem-estimate=10.64MB mem-reservation=1.94MB thread-reservation=1
max-parallelism=6 segment-costs=[3218, 400, 24] cpu-comparison-result=31 [max(6 (self) vs 31 (sum children))]
16:TOP-N [LIMIT=100]
|  order by: i_item_id ASC, i_item_desc ASC, s_store_id ASC, s_store_name ASC
|  mem-estimate=22.72KB mem-reservation=0B thread-reservation=0
|  tuple-ids=9 row-size=233B cardinality=100 cost=400
|  in pipelines: 16(GETNEXT), 27(OPEN)
|
27:AGGREGATE [FINALIZE]
|  output: sum:merge(ss_net_profit), sum:merge(sr_net_loss), sum:merge(cs_net_profit)
|  group by: i_item_id, i_item_desc, s_store_id, s_store_name
|  mem-estimate=10.00MB mem-reservation=1.94MB spill-buffer=64.00KB thread-reservation=0
|  tuple-ids=8 row-size=233B cardinality=445 cost=3115
|  in pipelines: 27(GETNEXT), 02(OPEN)
|
26:EXCHANGE [HASH(i_item_id,i_item_desc,s_store_id,s_store_name)]
|  mem-estimate=650.84KB mem-reservation=0B thread-reservation=0
|  tuple-ids=8 row-size=233B cardinality=445 cost=103
|  in pipelines: 02(GETNEXT)
|
F09:PLAN FRAGMENT [HASH(ss_item_sk)] hosts=3 instances=6 (adjusted from 48)
Per-Instance Resources: mem-estimate=16.06MB mem-reservation=2.00MB thread-reservation=1
max-parallelism=6 segment-costs=[3644, 103] cpu-comparison-result=31 [max(12 (self) vs 31 (sum children))]
15:AGGREGATE [STREAMING]
|  output: sum(ss_net_profit), sum(sr_net_loss), sum(cs_net_profit)
|  group by: i_item_id, i_item_desc, s_store_id, s_store_name
|  mem-estimate=10.00MB mem-reservation=2.00MB spill-buffer=64.00KB thread-reservation=0
|  tuple-ids=8 row-size=233B cardinality=445 cost=3115
|  in pipelines: 02(GETNEXT)
|
14:HASH JOIN [INNER JOIN, PARTITIONED]
|  hash-table-id=00
|  hash predicates: ss_item_sk = i_item_sk
|  fk/pk conjuncts: ss_item_sk = i_item_sk
|  mem-estimate=0B mem-reservation=0B spill-buffer=64.00KB thread-reservation=0
|  tuple-ids=2,1,0,3,4,5,6,7 row-size=313B cardinality=445 cost=445
|  in pipelines: 02(GETNEXT), 07(OPEN)
|
|--F12:PLAN FRAGMENT [HASH(ss_item_sk)] hosts=3 instances=6 (adjusted from 48)
|  |  Per-Instance Resources: mem-estimate=5.63MB mem-reservation=2.94MB thread-reservation=1 runtime-filters-memory=1.00MB
|  |  max-parallelism=6 segment-costs=[20680]
|  JOIN BUILD
|  |  join-table-id=00 plan-id=01 cohort-id=01
|  |  build expressions: i_item_sk
|  |  runtime filters: RF000[bloom] <- i_item_sk, RF001[min_max] <- i_item_sk
|  |  mem-estimate=1.94MB mem-reservation=1.94MB spill-buffer=64.00KB thread-reservation=0 cost=18000
|  |
|  25:EXCHANGE [HASH(i_item_sk)]
|  |  mem-estimate=2.70MB mem-reservation=0B thread-reservation=0
|  |  tuple-ids=7 row-size=148B cardinality=18.00K cost=2680
|  |  in pipelines: 07(GETNEXT)
|  |
|  F08:PLAN FRAGMENT [RANDOM] hosts=1 instances=1
|  Per-Instance Resources: mem-estimate=19.57MB mem-reservation=2.00MB thread-reservation=1
|  max-parallelism=1 segment-costs=[55290]
|  07:SCAN HDFS [tpcds_partitioned_parquet_snap.item, RANDOM]
|     HDFS partitions=1/1 files=1 size=1.73MB
|     stored statistics:
|       table: rows=18.00K size=1.73MB
|       columns: all
|     extrapolated-rows=disabled max-scan-range-rows=18.00K
|     mem-estimate=16.00MB mem-reservation=2.00MB thread-reservation=0
|     tuple-ids=7 row-size=148B cardinality=18.00K cost=52610
|     in pipelines: 07(GETNEXT)
|
24:EXCHANGE [HASH(ss_item_sk)]
|  mem-estimate=525.07KB mem-reservation=0B thread-reservation=0
|  tuple-ids=2,1,0,3,4,5,6 row-size=164B cardinality=445 cost=84
|  in pipelines: 02(GETNEXT)
|
F00:PLAN FRAGMENT [RANDOM] hosts=3 instances=6 (adjusted from 48)
Per-Host Shared Resources: mem-estimate=4.00MB mem-reservation=4.00MB thread-reservation=0 runtime-filters-memory=4.00MB
Per-Instance Resources: mem-estimate=20.51MB mem-reservation=128.00KB thread-reservation=1
max-parallelism=6 segment-costs=[6095049]
13:HASH JOIN [INNER JOIN, BROADCAST]
|  hash-table-id=01
|  hash predicates: ss_store_sk = s_store_sk
|  fk/pk conjuncts: ss_store_sk = s_store_sk
|  mem-estimate=0B mem-reservation=0B spill-buffer=64.00KB thread-reservation=0
|  tuple-ids=2,1,0,3,4,5,6 row-size=164B cardinality=445 cost=445
|  in pipelines: 02(GETNEXT), 06(OPEN)
|
|--F13:PLAN FRAGMENT [RANDOM] hosts=3 instances=3
|  |  Per-Instance Resources: mem-estimate=4.89MB mem-reservation=4.88MB thread-reservation=1 runtime-filters-memory=1.00MB
|  |  max-parallelism=3 segment-costs=[15]
|  JOIN BUILD
|  |  join-table-id=01 plan-id=02 cohort-id=01
|  |  build expressions: s_store_sk
|  |  runtime filters: RF002[bloom] <- s_store_sk, RF003[min_max] <- s_store_sk
|  |  mem-estimate=3.88MB mem-reservation=3.88MB spill-buffer=64.00KB thread-reservation=0 cost=12
|  |
|  23:EXCHANGE [BROADCAST]
|  |  mem-estimate=16.00KB mem-reservation=0B thread-reservation=0
|  |  tuple-ids=6 row-size=48B cardinality=12 cost=3
|  |  in pipelines: 06(GETNEXT)
|  |
|  F07:PLAN FRAGMENT [RANDOM] hosts=1 instances=1
|  Per-Instance Resources: mem-estimate=16.20MB mem-reservation=24.00KB thread-reservation=1
|  max-parallelism=1 segment-costs=[50002]
|  06:SCAN HDFS [tpcds_partitioned_parquet_snap.store, RANDOM]
|     HDFS partitions=1/1 files=1 size=9.93KB
|     stored statistics:
|       table: rows=12 size=9.93KB
|       columns: all
|     extrapolated-rows=disabled max-scan-range-rows=12
|     mem-estimate=16.00MB mem-reservation=24.00KB thread-reservation=0
|     tuple-ids=6 row-size=48B cardinality=12 cost=50001
|     in pipelines: 06(GETNEXT)
|
12:HASH JOIN [INNER JOIN, BROADCAST]
|  hash-table-id=02
|  hash predicates: cs_sold_date_sk = d3.d_date_sk
|  fk/pk conjuncts: cs_sold_date_sk = d3.d_date_sk
|  mem-estimate=0B mem-reservation=0B spill-buffer=64.00KB thread-reservation=0
|  tuple-ids=2,1,0,3,4,5 row-size=116B cardinality=445 cost=6901
|  in pipelines: 02(GETNEXT), 05(OPEN)
|
|--F14:PLAN FRAGMENT [RANDOM] hosts=3 instances=3
|  |  Per-Instance Resources: mem-estimate=4.89MB mem-reservation=4.88MB thread-reservation=1 runtime-filters-memory=1.00MB
|  |  max-parallelism=3 segment-costs=[124]
|  JOIN BUILD
|  |  join-table-id=02 plan-id=03 cohort-id=01
|  |  build expressions: d3.d_date_sk
|  |  runtime filters: RF004[bloom] <- d3.d_date_sk
|  |  mem-estimate=3.88MB mem-reservation=3.88MB spill-buffer=64.00KB thread-reservation=0 cost=118
|  |
|  22:EXCHANGE [BROADCAST]
|  |  mem-estimate=16.00KB mem-reservation=0B thread-reservation=0
|  |  tuple-ids=5 row-size=12B cardinality=118 cost=6
|  |  in pipelines: 05(GETNEXT)
|  |
|  F06:PLAN FRAGMENT [RANDOM] hosts=1 instances=1
|  Per-Instance Resources: mem-estimate=16.06MB mem-reservation=512.00KB thread-reservation=1
|  max-parallelism=1 segment-costs=[270006]
|  05:SCAN HDFS [tpcds_partitioned_parquet_snap.date_dim d3, RANDOM]
|     HDFS partitions=1/1 files=1 size=2.15MB
|     predicates: d3.d_year = CAST(2001 AS INT), d3.d_moy <= CAST(10 AS INT), d3.d_moy >= CAST(4 AS INT)
|     stored statistics:
|       table: rows=73.05K size=2.15MB
|       columns: all
|     extrapolated-rows=disabled max-scan-range-rows=73.05K
|     parquet statistics predicates: d3.d_year = CAST(2001 AS INT), d3.d_moy <= CAST(10 AS INT), d3.d_moy >= CAST(4 AS INT)
|     parquet dictionary predicates: d3.d_year = CAST(2001 AS INT), d3.d_moy <= CAST(10 AS INT), d3.d_moy >= CAST(4 AS INT)
|     mem-estimate=16.00MB mem-reservation=512.00KB thread-reservation=0
|     tuple-ids=5 row-size=12B cardinality=118 cost=270004
|     in pipelines: 05(GETNEXT)
|
11:HASH JOIN [INNER JOIN, BROADCAST]
|  hash-table-id=03
|  hash predicates: cs_bill_customer_sk = sr_customer_sk, cs_item_sk = sr_item_sk
|  fk/pk conjuncts: cs_bill_customer_sk = sr_customer_sk, cs_item_sk = sr_item_sk
|  mem-estimate=0B mem-reservation=0B spill-buffer=64.00KB thread-reservation=0
|  tuple-ids=2,1,0,3,4 row-size=104B cardinality=6.90K cost=185804
|  in pipelines: 02(GETNEXT), 01(OPEN)
|
|--F15:PLAN FRAGMENT [RANDOM] hosts=3 instances=3
|  |  Per-Instance Resources: mem-estimate=7.05MB mem-reservation=5.88MB thread-reservation=1 runtime-filters-memory=2.00MB
|  |  max-parallelism=3 segment-costs=[16938] cpu-comparison-result=16 [max(15 (self) vs 16 (sum children))]
|  JOIN BUILD
|  |  join-table-id=03 plan-id=04 cohort-id=01
|  |  build expressions: sr_customer_sk, sr_item_sk
|  |  runtime filters: RF006[bloom] <- sr_customer_sk, RF007[bloom] <- sr_item_sk, RF008[min_max] <- sr_customer_sk, RF009[min_max] <- sr_item_sk
|  |  mem-estimate=3.88MB mem-reservation=3.88MB spill-buffer=64.00KB thread-reservation=0 cost=14772
|  |
|  21:EXCHANGE [BROADCAST]
|  |  mem-estimate=1.18MB mem-reservation=0B thread-reservation=0
|  |  tuple-ids=1,0,3,4 row-size=84B cardinality=7.39K cost=2166
|  |  in pipelines: 01(GETNEXT)
|  |
|  F04:PLAN FRAGMENT [HASH(sr_customer_sk,sr_item_sk,sr_ticket_number)] hosts=3 instances=6 (adjusted from 48)
|  Per-Instance Resources: mem-estimate=3.14MB mem-reservation=0B thread-reservation=1
|  max-parallelism=6 segment-costs=[68968]
|  10:HASH JOIN [INNER JOIN, BROADCAST]
|  |  hash-table-id=04
|  |  hash predicates: sr_returned_date_sk = d2.d_date_sk
|  |  fk/pk conjuncts: sr_returned_date_sk = d2.d_date_sk
|  |  mem-estimate=0B mem-reservation=0B spill-buffer=64.00KB thread-reservation=0
|  |  tuple-ids=1,0,3,4 row-size=84B cardinality=7.39K cost=16929
|  |  in pipelines: 01(GETNEXT), 04(OPEN)
|  |
|  |--F16:PLAN FRAGMENT [HASH(sr_customer_sk,sr_item_sk,sr_ticket_number)] hosts=3 instances=3
|  |  |  Per-Instance Resources: mem-estimate=4.89MB mem-reservation=4.88MB thread-reservation=1 runtime-filters-memory=1.00MB
|  |  |  max-parallelism=3 segment-costs=[124]
|  |  JOIN BUILD
|  |  |  join-table-id=04 plan-id=05 cohort-id=02
|  |  |  build expressions: d2.d_date_sk
|  |  |  runtime filters: RF010[bloom] <- d2.d_date_sk
|  |  |  mem-estimate=3.88MB mem-reservation=3.88MB spill-buffer=64.00KB thread-reservation=0 cost=118
|  |  |
|  |  20:EXCHANGE [BROADCAST]
|  |  |  mem-estimate=16.00KB mem-reservation=0B thread-reservation=0
|  |  |  tuple-ids=4 row-size=12B cardinality=118 cost=6
|  |  |  in pipelines: 04(GETNEXT)
|  |  |
|  |  F05:PLAN FRAGMENT [RANDOM] hosts=1 instances=1
|  |  Per-Instance Resources: mem-estimate=16.06MB mem-reservation=512.00KB thread-reservation=1
|  |  max-parallelism=1 segment-costs=[270006]
|  |  04:SCAN HDFS [tpcds_partitioned_parquet_snap.date_dim d2, RANDOM]
|  |     HDFS partitions=1/1 files=1 size=2.15MB
|  |     predicates: d2.d_year = CAST(2001 AS INT), d2.d_moy <= CAST(10 AS INT), d2.d_moy >= CAST(4 AS INT)
|  |     stored statistics:
|  |       table: rows=73.05K size=2.15MB
|  |       columns: all
|  |     extrapolated-rows=disabled max-scan-range-rows=73.05K
|  |     parquet statistics predicates: d2.d_year = CAST(2001 AS INT), d2.d_moy <= CAST(10 AS INT), d2.d_moy >= CAST(4 AS INT)
|  |     parquet dictionary predicates: d2.d_year = CAST(2001 AS INT), d2.d_moy <= CAST(10 AS INT), d2.d_moy >= CAST(4 AS INT)
|  |     mem-estimate=16.00MB mem-reservation=512.00KB thread-reservation=0
|  |     tuple-ids=4 row-size=12B cardinality=118 cost=270004
|  |     in pipelines: 04(GETNEXT)
|  |
|  09:HASH JOIN [INNER JOIN, PARTITIONED]
|  |  hash-table-id=05
|  |  hash predicates: sr_customer_sk = ss_customer_sk, sr_item_sk = ss_item_sk, sr_ticket_number = ss_ticket_number
|  |  fk/pk conjuncts: sr_customer_sk = ss_customer_sk, sr_item_sk = ss_item_sk, sr_ticket_number = ss_ticket_number
|  |  mem-estimate=0B mem-reservation=0B spill-buffer=128.00KB thread-reservation=0
|  |  tuple-ids=1,0,3 row-size=72B cardinality=16.93K(filtered from 125.43K) cost=50787
|  |  in pipelines: 01(GETNEXT), 00(OPEN)
|  |
|  |--F17:PLAN FRAGMENT [HASH(sr_customer_sk,sr_item_sk,sr_ticket_number)] hosts=3 instances=6 (adjusted from 48)
|  |  |  Per-Instance Resources: mem-estimate=8.57MB mem-reservation=5.88MB thread-reservation=1 runtime-filters-memory=3.00MB
|  |  |  max-parallelism=6 segment-costs=[520314] cpu-comparison-result=12 [max(12 (self) vs 4 (sum children))]
|  |  JOIN BUILD
|  |  |  join-table-id=05 plan-id=06 cohort-id=02
|  |  |  build expressions: ss_customer_sk, ss_item_sk, ss_ticket_number
|  |  |  runtime filters: RF012[bloom] <- ss_customer_sk, RF013[bloom] <- ss_item_sk, RF014[bloom] <- ss_ticket_number, RF015[min_max] <- ss_customer_sk, RF016[min_max] <- ss_item_sk, RF017[min_max] <- ss_ticket_number
|  |  |  mem-estimate=2.88MB mem-reservation=2.88MB spill-buffer=128.00KB thread-reservation=0 cost=511653
|  |  |
|  |  19:EXCHANGE [HASH(ss_customer_sk,ss_item_sk,ss_ticket_number)]
|  |  |  mem-estimate=2.69MB mem-reservation=0B thread-reservation=0
|  |  |  tuple-ids=0,3 row-size=44B cardinality=170.55K cost=8661
|  |  |  in pipelines: 00(GETNEXT)
|  |  |
|  |  F02:PLAN FRAGMENT [RANDOM] hosts=3 instances=6 (adjusted from 48)
|  |  Per-Host Shared Resources: mem-estimate=3.00MB mem-reservation=3.00MB thread-reservation=0 runtime-filters-memory=3.00MB
|  |  Per-Instance Resources: mem-estimate=17.22MB mem-reservation=4.00MB thread-reservation=1
|  |  max-parallelism=6 segment-costs=[5634542]
|  |  08:HASH JOIN [INNER JOIN, BROADCAST]
|  |  |  hash-table-id=06
|  |  |  hash predicates: ss_sold_date_sk = d1.d_date_sk
|  |  |  fk/pk conjuncts: ss_sold_date_sk = d1.d_date_sk
|  |  |  mem-estimate=0B mem-reservation=0B spill-buffer=64.00KB thread-reservation=0
|  |  |  tuple-ids=0,3 row-size=44B cardinality=170.55K cost=170551
|  |  |  in pipelines: 00(GETNEXT), 03(OPEN)
|  |  |
|  |  |--F18:PLAN FRAGMENT [RANDOM] hosts=3 instances=3
|  |  |  |  Per-Instance Resources: mem-estimate=4.89MB mem-reservation=4.88MB thread-reservation=1 runtime-filters-memory=1.00MB
|  |  |  |  max-parallelism=3 segment-costs=[114]
|  |  |  JOIN BUILD
|  |  |  |  join-table-id=06 plan-id=07 cohort-id=03
|  |  |  |  build expressions: d1.d_date_sk
|  |  |  |  runtime filters: RF018[bloom] <- d1.d_date_sk
|  |  |  |  mem-estimate=3.88MB mem-reservation=3.88MB spill-buffer=64.00KB thread-reservation=0 cost=108
|  |  |  |
|  |  |  17:EXCHANGE [BROADCAST]
|  |  |  |  mem-estimate=16.00KB mem-reservation=0B thread-reservation=0
|  |  |  |  tuple-ids=3 row-size=12B cardinality=108 cost=6
|  |  |  |  in pipelines: 03(GETNEXT)
|  |  |  |
|  |  |  F03:PLAN FRAGMENT [RANDOM] hosts=1 instances=1
|  |  |  Per-Instance Resources: mem-estimate=16.06MB mem-reservation=512.00KB thread-reservation=1
|  |  |  max-parallelism=1 segment-costs=[196957]
|  |  |  03:SCAN HDFS [tpcds_partitioned_parquet_snap.date_dim d1, RANDOM]
|  |  |     HDFS partitions=1/1 files=1 size=2.15MB
|  |  |     predicates: d1.d_year = CAST(2001 AS INT), d1.d_moy = CAST(4 AS INT)
|  |  |     stored statistics:
|  |  |       table: rows=73.05K size=2.15MB
|  |  |       columns: all
|  |  |     extrapolated-rows=disabled max-scan-range-rows=73.05K
|  |  |     parquet statistics predicates: d1.d_year = CAST(2001 AS INT), d1.d_moy = CAST(4 AS INT)
|  |  |     parquet dictionary predicates: d1.d_year = CAST(2001 AS INT), d1.d_moy = CAST(4 AS INT)
|  |  |     mem-estimate=16.00MB mem-reservation=512.00KB thread-reservation=0
|  |  |     tuple-ids=3 row-size=12B cardinality=108 cost=196955
|  |  |     in pipelines: 03(GETNEXT)
|  |  |
|  |  00:SCAN HDFS [tpcds_partitioned_parquet_snap.store_sales, RANDOM]
|  |     HDFS partitions=1824/1824 files=1824 size=199.36MB
|  |     runtime filters: RF001[min_max] -> ss_item_sk, RF003[min_max] -> ss_store_sk, RF018[bloom] -> ss_sold_date_sk, RF000[bloom] -> ss_item_sk, RF002[bloom] -> ss_store_sk
|  |     stored statistics:
|  |       table: rows=2.88M size=199.36MB
|  |       partitions: 1824/1824 rows=2.88M
|  |       columns: all
|  |     extrapolated-rows=disabled max-scan-range-rows=130.09K est-scan-range=109(filtered from 1824)
|  |     mem-estimate=16.00MB mem-reservation=4.00MB thread-reservation=0
|  |     tuple-ids=0 row-size=32B cardinality=170.55K(filtered from 2.88M) cost=5455330
|  |     in pipelines: 00(GETNEXT)
|  |
|  18:EXCHANGE [HASH(sr_customer_sk,sr_item_sk,sr_ticket_number)]
|  |  mem-estimate=2.75MB mem-reservation=0B thread-reservation=0
|  |  tuple-ids=1 row-size=28B cardinality=16.93K(filtered from 287.51K) cost=530
|  |  in pipelines: 01(GETNEXT)
|  |
|  F01:PLAN FRAGMENT [RANDOM] hosts=3 instances=6 (adjusted from 48)
|  Per-Host Shared Resources: mem-estimate=5.00MB mem-reservation=5.00MB thread-reservation=0 runtime-filters-memory=5.00MB
|  Per-Instance Resources: mem-estimate=16.75MB mem-reservation=256.00KB thread-reservation=1
|  max-parallelism=6 segment-costs=[5900993]
|  01:SCAN HDFS [tpcds_partitioned_parquet_snap.store_returns, RANDOM]
|     HDFS partitions=2004/2004 files=2004 size=33.80MB
|     runtime filters: RF015[min_max] -> sr_customer_sk, RF016[min_max] -> sr_item_sk, RF017[min_max] -> sr_ticket_number, RF001[min_max] -> tpcds_partitioned_parquet_snap.store_returns.sr_item_sk, RF010[bloom] -> sr_returned_date_sk, RF012[bloom] -> sr_customer_sk, RF013[bloom] -> sr_item_sk, RF014[bloom] -> sr_ticket_number, RF000[bloom] -> tpcds_partitioned_parquet_snap.store_returns.sr_item_sk
|     stored statistics:
|       table: rows=287.51K size=33.80MB
|       partitions: 2004/2004 rows=287.51K
|       columns: all
|     extrapolated-rows=disabled max-scan-range-rows=10.01K est-scan-range=118(filtered from 2004)
|     mem-estimate=16.00MB mem-reservation=256.00KB thread-reservation=0
|     tuple-ids=1 row-size=28B cardinality=16.93K(filtered from 287.51K) cost=5900463
|     in pipelines: 01(GETNEXT)
|
02:SCAN HDFS [tpcds_partitioned_parquet_snap.catalog_sales, RANDOM]
   HDFS partitions=1831/1831 files=1831 size=151.13MB
   runtime filters: RF008[min_max] -> cs_bill_customer_sk, RF009[min_max] -> cs_item_sk, RF001[min_max] -> tpcds_partitioned_parquet_snap.catalog_sales.cs_item_sk, RF006[bloom] -> cs_bill_customer_sk, RF007[bloom] -> cs_item_sk, RF004[bloom] -> cs_sold_date_sk, RF000[bloom] -> tpcds_partitioned_parquet_snap.catalog_sales.cs_item_sk
   stored statistics:
     table: rows=1.44M size=151.13MB
     partitions: 1831/1831 rows=1.44M
     columns: all
   extrapolated-rows=disabled max-scan-range-rows=7.18K est-scan-range=118(filtered from 1831)
   mem-estimate=16.00MB mem-reservation=128.00KB thread-reservation=0
   tuple-ids=2 row-size=20B cardinality=92.90K(filtered from 1.44M) cost=5901815
   in pipelines: 02(GETNEXT)
---- PARALLELPLANS
Max Per-Host Resource Reservation: Memory=79.15MB Threads=27
Per-Host Resource Estimates: Memory=324MB
F11:PLAN FRAGMENT [UNPARTITIONED] hosts=1 instances=1
|  Per-Instance Resources: mem-estimate=4.14MB mem-reservation=4.00MB thread-reservation=1
|  max-parallelism=1 segment-costs=[724] cpu-comparison-result=31 [max(1 (self) vs 31 (sum children))]
PLAN-ROOT SINK
|  output exprs: i_item_id, i_item_desc, s_store_id, s_store_name, sum(ss_net_profit), sum(sr_net_loss), sum(cs_net_profit)
|  mem-estimate=4.00MB mem-reservation=4.00MB spill-buffer=2.00MB thread-reservation=0 cost=700
|
28:MERGING-EXCHANGE [UNPARTITIONED]
|  order by: i_item_id ASC, i_item_desc ASC, s_store_id ASC, s_store_name ASC
|  limit: 100
|  mem-estimate=146.26KB mem-reservation=0B thread-reservation=0
|  tuple-ids=9 row-size=233B cardinality=100 cost=24
|  in pipelines: 16(GETNEXT)
|
F10:PLAN FRAGMENT [HASH(i_item_id,i_item_desc,s_store_id,s_store_name)] hosts=3 instances=6 (adjusted from 48)
Per-Instance Resources: mem-estimate=10.64MB mem-reservation=1.94MB thread-reservation=1
max-parallelism=6 segment-costs=[3218, 400, 24] cpu-comparison-result=31 [max(6 (self) vs 31 (sum children))]
16:TOP-N [LIMIT=100]
|  order by: i_item_id ASC, i_item_desc ASC, s_store_id ASC, s_store_name ASC
|  mem-estimate=22.72KB mem-reservation=0B thread-reservation=0
|  tuple-ids=9 row-size=233B cardinality=100 cost=400
|  in pipelines: 16(GETNEXT), 27(OPEN)
|
27:AGGREGATE [FINALIZE]
|  output: sum:merge(ss_net_profit), sum:merge(sr_net_loss), sum:merge(cs_net_profit)
|  group by: i_item_id, i_item_desc, s_store_id, s_store_name
|  mem-estimate=10.00MB mem-reservation=1.94MB spill-buffer=64.00KB thread-reservation=0
|  tuple-ids=8 row-size=233B cardinality=445 cost=3115
|  in pipelines: 27(GETNEXT), 02(OPEN)
|
26:EXCHANGE [HASH(i_item_id,i_item_desc,s_store_id,s_store_name)]
|  mem-estimate=650.84KB mem-reservation=0B thread-reservation=0
|  tuple-ids=8 row-size=233B cardinality=445 cost=103
|  in pipelines: 02(GETNEXT)
|
F09:PLAN FRAGMENT [HASH(ss_item_sk)] hosts=3 instances=6 (adjusted from 48)
Per-Instance Resources: mem-estimate=16.06MB mem-reservation=2.00MB thread-reservation=1
max-parallelism=6 segment-costs=[3644, 103] cpu-comparison-result=31 [max(12 (self) vs 31 (sum children))]
15:AGGREGATE [STREAMING]
|  output: sum(ss_net_profit), sum(sr_net_loss), sum(cs_net_profit)
|  group by: i_item_id, i_item_desc, s_store_id, s_store_name
|  mem-estimate=10.00MB mem-reservation=2.00MB spill-buffer=64.00KB thread-reservation=0
|  tuple-ids=8 row-size=233B cardinality=445 cost=3115
|  in pipelines: 02(GETNEXT)
|
14:HASH JOIN [INNER JOIN, PARTITIONED]
|  hash-table-id=00
|  hash predicates: ss_item_sk = i_item_sk
|  fk/pk conjuncts: ss_item_sk = i_item_sk
|  mem-estimate=0B mem-reservation=0B spill-buffer=64.00KB thread-reservation=0
|  tuple-ids=2,1,0,3,4,5,6,7 row-size=313B cardinality=445 cost=445
|  in pipelines: 02(GETNEXT), 07(OPEN)
|
|--F12:PLAN FRAGMENT [HASH(ss_item_sk)] hosts=3 instances=6 (adjusted from 48)
|  |  Per-Instance Resources: mem-estimate=5.63MB mem-reservation=2.94MB thread-reservation=1 runtime-filters-memory=1.00MB
|  |  max-parallelism=6 segment-costs=[20680]
|  JOIN BUILD
|  |  join-table-id=00 plan-id=01 cohort-id=01
|  |  build expressions: i_item_sk
|  |  runtime filters: RF000[bloom] <- i_item_sk, RF001[min_max] <- i_item_sk
|  |  mem-estimate=1.94MB mem-reservation=1.94MB spill-buffer=64.00KB thread-reservation=0 cost=18000
|  |
|  25:EXCHANGE [HASH(i_item_sk)]
|  |  mem-estimate=2.70MB mem-reservation=0B thread-reservation=0
|  |  tuple-ids=7 row-size=148B cardinality=18.00K cost=2680
|  |  in pipelines: 07(GETNEXT)
|  |
|  F08:PLAN FRAGMENT [RANDOM] hosts=1 instances=1
|  Per-Instance Resources: mem-estimate=19.57MB mem-reservation=2.00MB thread-reservation=1
|  max-parallelism=1 segment-costs=[55290]
|  07:SCAN HDFS [tpcds_partitioned_parquet_snap.item, RANDOM]
|     HDFS partitions=1/1 files=1 size=1.73MB
|     stored statistics:
|       table: rows=18.00K size=1.73MB
|       columns: all
|     extrapolated-rows=disabled max-scan-range-rows=18.00K
|     mem-estimate=16.00MB mem-reservation=2.00MB thread-reservation=0
|     tuple-ids=7 row-size=148B cardinality=18.00K cost=52610
|     in pipelines: 07(GETNEXT)
|
24:EXCHANGE [HASH(ss_item_sk)]
|  mem-estimate=525.07KB mem-reservation=0B thread-reservation=0
|  tuple-ids=2,1,0,3,4,5,6 row-size=164B cardinality=445 cost=84
|  in pipelines: 02(GETNEXT)
|
F00:PLAN FRAGMENT [RANDOM] hosts=3 instances=6 (adjusted from 48)
Per-Host Shared Resources: mem-estimate=4.00MB mem-reservation=4.00MB thread-reservation=0 runtime-filters-memory=4.00MB
Per-Instance Resources: mem-estimate=20.51MB mem-reservation=128.00KB thread-reservation=1
max-parallelism=6 segment-costs=[6095049]
13:HASH JOIN [INNER JOIN, BROADCAST]
|  hash-table-id=01
|  hash predicates: ss_store_sk = s_store_sk
|  fk/pk conjuncts: ss_store_sk = s_store_sk
|  mem-estimate=0B mem-reservation=0B spill-buffer=64.00KB thread-reservation=0
|  tuple-ids=2,1,0,3,4,5,6 row-size=164B cardinality=445 cost=445
|  in pipelines: 02(GETNEXT), 06(OPEN)
|
|--F13:PLAN FRAGMENT [RANDOM] hosts=3 instances=3
|  |  Per-Instance Resources: mem-estimate=4.89MB mem-reservation=4.88MB thread-reservation=1 runtime-filters-memory=1.00MB
|  |  max-parallelism=3 segment-costs=[15]
|  JOIN BUILD
|  |  join-table-id=01 plan-id=02 cohort-id=01
|  |  build expressions: s_store_sk
|  |  runtime filters: RF002[bloom] <- s_store_sk, RF003[min_max] <- s_store_sk
|  |  mem-estimate=3.88MB mem-reservation=3.88MB spill-buffer=64.00KB thread-reservation=0 cost=12
|  |
|  23:EXCHANGE [BROADCAST]
|  |  mem-estimate=16.00KB mem-reservation=0B thread-reservation=0
|  |  tuple-ids=6 row-size=48B cardinality=12 cost=3
|  |  in pipelines: 06(GETNEXT)
|  |
|  F07:PLAN FRAGMENT [RANDOM] hosts=1 instances=1
|  Per-Instance Resources: mem-estimate=16.20MB mem-reservation=24.00KB thread-reservation=1
|  max-parallelism=1 segment-costs=[50002]
|  06:SCAN HDFS [tpcds_partitioned_parquet_snap.store, RANDOM]
|     HDFS partitions=1/1 files=1 size=9.93KB
|     stored statistics:
|       table: rows=12 size=9.93KB
|       columns: all
|     extrapolated-rows=disabled max-scan-range-rows=12
|     mem-estimate=16.00MB mem-reservation=24.00KB thread-reservation=0
|     tuple-ids=6 row-size=48B cardinality=12 cost=50001
|     in pipelines: 06(GETNEXT)
|
12:HASH JOIN [INNER JOIN, BROADCAST]
|  hash-table-id=02
|  hash predicates: cs_sold_date_sk = d3.d_date_sk
|  fk/pk conjuncts: cs_sold_date_sk = d3.d_date_sk
|  mem-estimate=0B mem-reservation=0B spill-buffer=64.00KB thread-reservation=0
|  tuple-ids=2,1,0,3,4,5 row-size=116B cardinality=445 cost=6901
|  in pipelines: 02(GETNEXT), 05(OPEN)
|
|--F14:PLAN FRAGMENT [RANDOM] hosts=3 instances=3
|  |  Per-Instance Resources: mem-estimate=4.89MB mem-reservation=4.88MB thread-reservation=1 runtime-filters-memory=1.00MB
|  |  max-parallelism=3 segment-costs=[124]
|  JOIN BUILD
|  |  join-table-id=02 plan-id=03 cohort-id=01
|  |  build expressions: d3.d_date_sk
|  |  runtime filters: RF004[bloom] <- d3.d_date_sk
|  |  mem-estimate=3.88MB mem-reservation=3.88MB spill-buffer=64.00KB thread-reservation=0 cost=118
|  |
|  22:EXCHANGE [BROADCAST]
|  |  mem-estimate=16.00KB mem-reservation=0B thread-reservation=0
|  |  tuple-ids=5 row-size=12B cardinality=118 cost=6
|  |  in pipelines: 05(GETNEXT)
|  |
|  F06:PLAN FRAGMENT [RANDOM] hosts=1 instances=1
|  Per-Instance Resources: mem-estimate=16.06MB mem-reservation=512.00KB thread-reservation=1
|  max-parallelism=1 segment-costs=[270006]
|  05:SCAN HDFS [tpcds_partitioned_parquet_snap.date_dim d3, RANDOM]
|     HDFS partitions=1/1 files=1 size=2.15MB
|     predicates: d3.d_year = CAST(2001 AS INT), d3.d_moy <= CAST(10 AS INT), d3.d_moy >= CAST(4 AS INT)
|     stored statistics:
|       table: rows=73.05K size=2.15MB
|       columns: all
|     extrapolated-rows=disabled max-scan-range-rows=73.05K
|     parquet statistics predicates: d3.d_year = CAST(2001 AS INT), d3.d_moy <= CAST(10 AS INT), d3.d_moy >= CAST(4 AS INT)
|     parquet dictionary predicates: d3.d_year = CAST(2001 AS INT), d3.d_moy <= CAST(10 AS INT), d3.d_moy >= CAST(4 AS INT)
|     mem-estimate=16.00MB mem-reservation=512.00KB thread-reservation=0
|     tuple-ids=5 row-size=12B cardinality=118 cost=270004
|     in pipelines: 05(GETNEXT)
|
11:HASH JOIN [INNER JOIN, BROADCAST]
|  hash-table-id=03
|  hash predicates: cs_bill_customer_sk = sr_customer_sk, cs_item_sk = sr_item_sk
|  fk/pk conjuncts: cs_bill_customer_sk = sr_customer_sk, cs_item_sk = sr_item_sk
|  mem-estimate=0B mem-reservation=0B spill-buffer=64.00KB thread-reservation=0
|  tuple-ids=2,1,0,3,4 row-size=104B cardinality=6.90K cost=185804
|  in pipelines: 02(GETNEXT), 01(OPEN)
|
|--F15:PLAN FRAGMENT [RANDOM] hosts=3 instances=3
|  |  Per-Instance Resources: mem-estimate=7.05MB mem-reservation=5.88MB thread-reservation=1 runtime-filters-memory=2.00MB
|  |  max-parallelism=3 segment-costs=[16938] cpu-comparison-result=16 [max(15 (self) vs 16 (sum children))]
|  JOIN BUILD
|  |  join-table-id=03 plan-id=04 cohort-id=01
|  |  build expressions: sr_customer_sk, sr_item_sk
|  |  runtime filters: RF006[bloom] <- sr_customer_sk, RF007[bloom] <- sr_item_sk, RF008[min_max] <- sr_customer_sk, RF009[min_max] <- sr_item_sk
|  |  mem-estimate=3.88MB mem-reservation=3.88MB spill-buffer=64.00KB thread-reservation=0 cost=14772
|  |
|  21:EXCHANGE [BROADCAST]
|  |  mem-estimate=1.18MB mem-reservation=0B thread-reservation=0
|  |  tuple-ids=1,0,3,4 row-size=84B cardinality=7.39K cost=2166
|  |  in pipelines: 01(GETNEXT)
|  |
|  F04:PLAN FRAGMENT [HASH(sr_customer_sk,sr_item_sk,sr_ticket_number)] hosts=3 instances=6 (adjusted from 48)
|  Per-Instance Resources: mem-estimate=3.14MB mem-reservation=0B thread-reservation=1
|  max-parallelism=6 segment-costs=[68968]
|  10:HASH JOIN [INNER JOIN, BROADCAST]
|  |  hash-table-id=04
|  |  hash predicates: sr_returned_date_sk = d2.d_date_sk
|  |  fk/pk conjuncts: sr_returned_date_sk = d2.d_date_sk
|  |  mem-estimate=0B mem-reservation=0B spill-buffer=64.00KB thread-reservation=0
|  |  tuple-ids=1,0,3,4 row-size=84B cardinality=7.39K cost=16929
|  |  in pipelines: 01(GETNEXT), 04(OPEN)
|  |
|  |--F16:PLAN FRAGMENT [HASH(sr_customer_sk,sr_item_sk,sr_ticket_number)] hosts=3 instances=3
|  |  |  Per-Instance Resources: mem-estimate=4.89MB mem-reservation=4.88MB thread-reservation=1 runtime-filters-memory=1.00MB
|  |  |  max-parallelism=3 segment-costs=[124]
|  |  JOIN BUILD
|  |  |  join-table-id=04 plan-id=05 cohort-id=02
|  |  |  build expressions: d2.d_date_sk
|  |  |  runtime filters: RF010[bloom] <- d2.d_date_sk
|  |  |  mem-estimate=3.88MB mem-reservation=3.88MB spill-buffer=64.00KB thread-reservation=0 cost=118
|  |  |
|  |  20:EXCHANGE [BROADCAST]
|  |  |  mem-estimate=16.00KB mem-reservation=0B thread-reservation=0
|  |  |  tuple-ids=4 row-size=12B cardinality=118 cost=6
|  |  |  in pipelines: 04(GETNEXT)
|  |  |
|  |  F05:PLAN FRAGMENT [RANDOM] hosts=1 instances=1
|  |  Per-Instance Resources: mem-estimate=16.06MB mem-reservation=512.00KB thread-reservation=1
|  |  max-parallelism=1 segment-costs=[270006]
|  |  04:SCAN HDFS [tpcds_partitioned_parquet_snap.date_dim d2, RANDOM]
|  |     HDFS partitions=1/1 files=1 size=2.15MB
|  |     predicates: d2.d_year = CAST(2001 AS INT), d2.d_moy <= CAST(10 AS INT), d2.d_moy >= CAST(4 AS INT)
|  |     stored statistics:
|  |       table: rows=73.05K size=2.15MB
|  |       columns: all
|  |     extrapolated-rows=disabled max-scan-range-rows=73.05K
|  |     parquet statistics predicates: d2.d_year = CAST(2001 AS INT), d2.d_moy <= CAST(10 AS INT), d2.d_moy >= CAST(4 AS INT)
|  |     parquet dictionary predicates: d2.d_year = CAST(2001 AS INT), d2.d_moy <= CAST(10 AS INT), d2.d_moy >= CAST(4 AS INT)
|  |     mem-estimate=16.00MB mem-reservation=512.00KB thread-reservation=0
|  |     tuple-ids=4 row-size=12B cardinality=118 cost=270004
|  |     in pipelines: 04(GETNEXT)
|  |
|  09:HASH JOIN [INNER JOIN, PARTITIONED]
|  |  hash-table-id=05
|  |  hash predicates: sr_customer_sk = ss_customer_sk, sr_item_sk = ss_item_sk, sr_ticket_number = ss_ticket_number
|  |  fk/pk conjuncts: sr_customer_sk = ss_customer_sk, sr_item_sk = ss_item_sk, sr_ticket_number = ss_ticket_number
|  |  mem-estimate=0B mem-reservation=0B spill-buffer=128.00KB thread-reservation=0
|  |  tuple-ids=1,0,3 row-size=72B cardinality=16.93K(filtered from 125.43K) cost=50787
|  |  in pipelines: 01(GETNEXT), 00(OPEN)
|  |
|  |--F17:PLAN FRAGMENT [HASH(sr_customer_sk,sr_item_sk,sr_ticket_number)] hosts=3 instances=6 (adjusted from 48)
|  |  |  Per-Instance Resources: mem-estimate=8.57MB mem-reservation=5.88MB thread-reservation=1 runtime-filters-memory=3.00MB
|  |  |  max-parallelism=6 segment-costs=[520314] cpu-comparison-result=12 [max(12 (self) vs 4 (sum children))]
|  |  JOIN BUILD
|  |  |  join-table-id=05 plan-id=06 cohort-id=02
|  |  |  build expressions: ss_customer_sk, ss_item_sk, ss_ticket_number
|  |  |  runtime filters: RF012[bloom] <- ss_customer_sk, RF013[bloom] <- ss_item_sk, RF014[bloom] <- ss_ticket_number, RF015[min_max] <- ss_customer_sk, RF016[min_max] <- ss_item_sk, RF017[min_max] <- ss_ticket_number
|  |  |  mem-estimate=2.88MB mem-reservation=2.88MB spill-buffer=128.00KB thread-reservation=0 cost=511653
|  |  |
|  |  19:EXCHANGE [HASH(ss_customer_sk,ss_item_sk,ss_ticket_number)]
|  |  |  mem-estimate=2.69MB mem-reservation=0B thread-reservation=0
|  |  |  tuple-ids=0,3 row-size=44B cardinality=170.55K cost=8661
|  |  |  in pipelines: 00(GETNEXT)
|  |  |
|  |  F02:PLAN FRAGMENT [RANDOM] hosts=3 instances=6 (adjusted from 48)
|  |  Per-Host Shared Resources: mem-estimate=3.00MB mem-reservation=3.00MB thread-reservation=0 runtime-filters-memory=3.00MB
|  |  Per-Instance Resources: mem-estimate=17.22MB mem-reservation=4.00MB thread-reservation=1
|  |  max-parallelism=6 segment-costs=[5634542]
|  |  08:HASH JOIN [INNER JOIN, BROADCAST]
|  |  |  hash-table-id=06
|  |  |  hash predicates: ss_sold_date_sk = d1.d_date_sk
|  |  |  fk/pk conjuncts: ss_sold_date_sk = d1.d_date_sk
|  |  |  mem-estimate=0B mem-reservation=0B spill-buffer=64.00KB thread-reservation=0
|  |  |  tuple-ids=0,3 row-size=44B cardinality=170.55K cost=170551
|  |  |  in pipelines: 00(GETNEXT), 03(OPEN)
|  |  |
|  |  |--F18:PLAN FRAGMENT [RANDOM] hosts=3 instances=3
|  |  |  |  Per-Instance Resources: mem-estimate=4.89MB mem-reservation=4.88MB thread-reservation=1 runtime-filters-memory=1.00MB
|  |  |  |  max-parallelism=3 segment-costs=[114]
|  |  |  JOIN BUILD
|  |  |  |  join-table-id=06 plan-id=07 cohort-id=03
|  |  |  |  build expressions: d1.d_date_sk
|  |  |  |  runtime filters: RF018[bloom] <- d1.d_date_sk
|  |  |  |  mem-estimate=3.88MB mem-reservation=3.88MB spill-buffer=64.00KB thread-reservation=0 cost=108
|  |  |  |
|  |  |  17:EXCHANGE [BROADCAST]
|  |  |  |  mem-estimate=16.00KB mem-reservation=0B thread-reservation=0
|  |  |  |  tuple-ids=3 row-size=12B cardinality=108 cost=6
|  |  |  |  in pipelines: 03(GETNEXT)
|  |  |  |
|  |  |  F03:PLAN FRAGMENT [RANDOM] hosts=1 instances=1
|  |  |  Per-Instance Resources: mem-estimate=16.06MB mem-reservation=512.00KB thread-reservation=1
|  |  |  max-parallelism=1 segment-costs=[196957]
|  |  |  03:SCAN HDFS [tpcds_partitioned_parquet_snap.date_dim d1, RANDOM]
|  |  |     HDFS partitions=1/1 files=1 size=2.15MB
|  |  |     predicates: d1.d_year = CAST(2001 AS INT), d1.d_moy = CAST(4 AS INT)
|  |  |     stored statistics:
|  |  |       table: rows=73.05K size=2.15MB
|  |  |       columns: all
|  |  |     extrapolated-rows=disabled max-scan-range-rows=73.05K
|  |  |     parquet statistics predicates: d1.d_year = CAST(2001 AS INT), d1.d_moy = CAST(4 AS INT)
|  |  |     parquet dictionary predicates: d1.d_year = CAST(2001 AS INT), d1.d_moy = CAST(4 AS INT)
|  |  |     mem-estimate=16.00MB mem-reservation=512.00KB thread-reservation=0
|  |  |     tuple-ids=3 row-size=12B cardinality=108 cost=196955
|  |  |     in pipelines: 03(GETNEXT)
|  |  |
|  |  00:SCAN HDFS [tpcds_partitioned_parquet_snap.store_sales, RANDOM]
|  |     HDFS partitions=1824/1824 files=1824 size=199.36MB
|  |     runtime filters: RF001[min_max] -> ss_item_sk, RF003[min_max] -> ss_store_sk, RF018[bloom] -> ss_sold_date_sk, RF000[bloom] -> ss_item_sk, RF002[bloom] -> ss_store_sk
|  |     stored statistics:
|  |       table: rows=2.88M size=199.36MB
|  |       partitions: 1824/1824 rows=2.88M
|  |       columns: all
|  |     extrapolated-rows=disabled max-scan-range-rows=130.09K est-scan-range=109(filtered from 1824)
|  |     mem-estimate=16.00MB mem-reservation=4.00MB thread-reservation=0
|  |     tuple-ids=0 row-size=32B cardinality=170.55K(filtered from 2.88M) cost=5455330
|  |     in pipelines: 00(GETNEXT)
|  |
|  18:EXCHANGE [HASH(sr_customer_sk,sr_item_sk,sr_ticket_number)]
|  |  mem-estimate=2.75MB mem-reservation=0B thread-reservation=0
|  |  tuple-ids=1 row-size=28B cardinality=16.93K(filtered from 287.51K) cost=530
|  |  in pipelines: 01(GETNEXT)
|  |
|  F01:PLAN FRAGMENT [RANDOM] hosts=3 instances=6 (adjusted from 48)
|  Per-Host Shared Resources: mem-estimate=5.00MB mem-reservation=5.00MB thread-reservation=0 runtime-filters-memory=5.00MB
|  Per-Instance Resources: mem-estimate=16.75MB mem-reservation=256.00KB thread-reservation=1
|  max-parallelism=6 segment-costs=[5900993]
|  01:SCAN HDFS [tpcds_partitioned_parquet_snap.store_returns, RANDOM]
|     HDFS partitions=2004/2004 files=2004 size=33.80MB
|     runtime filters: RF015[min_max] -> sr_customer_sk, RF016[min_max] -> sr_item_sk, RF017[min_max] -> sr_ticket_number, RF001[min_max] -> tpcds_partitioned_parquet_snap.store_returns.sr_item_sk, RF010[bloom] -> sr_returned_date_sk, RF012[bloom] -> sr_customer_sk, RF013[bloom] -> sr_item_sk, RF014[bloom] -> sr_ticket_number, RF000[bloom] -> tpcds_partitioned_parquet_snap.store_returns.sr_item_sk
|     stored statistics:
|       table: rows=287.51K size=33.80MB
|       partitions: 2004/2004 rows=287.51K
|       columns: all
|     extrapolated-rows=disabled max-scan-range-rows=10.01K est-scan-range=118(filtered from 2004)
|     mem-estimate=16.00MB mem-reservation=256.00KB thread-reservation=0
|     tuple-ids=1 row-size=28B cardinality=16.93K(filtered from 287.51K) cost=5900463
|     in pipelines: 01(GETNEXT)
|
02:SCAN HDFS [tpcds_partitioned_parquet_snap.catalog_sales, RANDOM]
   HDFS partitions=1831/1831 files=1831 size=151.13MB
   runtime filters: RF008[min_max] -> cs_bill_customer_sk, RF009[min_max] -> cs_item_sk, RF001[min_max] -> tpcds_partitioned_parquet_snap.catalog_sales.cs_item_sk, RF006[bloom] -> cs_bill_customer_sk, RF007[bloom] -> cs_item_sk, RF004[bloom] -> cs_sold_date_sk, RF000[bloom] -> tpcds_partitioned_parquet_snap.catalog_sales.cs_item_sk
   stored statistics:
     table: rows=1.44M size=151.13MB
     partitions: 1831/1831 rows=1.44M
     columns: all
   extrapolated-rows=disabled max-scan-range-rows=7.18K est-scan-range=118(filtered from 1831)
   mem-estimate=16.00MB mem-reservation=128.00KB thread-reservation=0
   tuple-ids=2 row-size=20B cardinality=92.90K(filtered from 1.44M) cost=5901815
   in pipelines: 02(GETNEXT)
====
