# TPCDS-Q60
with ss as (
 select
          i_item_id,sum(ss_ext_sales_price) total_sales
 from
  store_sales,
  date_dim,
         customer_address,
         item
 where
         i_item_id in (select
  i_item_id
from
 item
where i_category in ('Music'))
 and     ss_item_sk              = i_item_sk
 and     ss_sold_date_sk         = d_date_sk
 and     d_year                  = 1998
 and     d_moy                   = 9
 and     ss_addr_sk              = ca_address_sk
 and     ca_gmt_offset           = -5
 group by i_item_id),
 cs as (
 select
          i_item_id,sum(cs_ext_sales_price) total_sales
 from
  catalog_sales,
  date_dim,
         customer_address,
         item
 where
         i_item_id               in (select
  i_item_id
from
 item
where i_category in ('Music'))
 and     cs_item_sk              = i_item_sk
 and     cs_sold_date_sk         = d_date_sk
 and     d_year                  = 1998
 and     d_moy                   = 9
 and     cs_bill_addr_sk         = ca_address_sk
 and     ca_gmt_offset           = -5
 group by i_item_id),
 ws as (
 select
          i_item_id,sum(ws_ext_sales_price) total_sales
 from
  web_sales,
  date_dim,
         customer_address,
         item
 where
         i_item_id               in (select
  i_item_id
from
 item
where i_category in ('Music'))
 and     ws_item_sk              = i_item_sk
 and     ws_sold_date_sk         = d_date_sk
 and     d_year                  = 1998
 and     d_moy                   = 9
 and     ws_bill_addr_sk         = ca_address_sk
 and     ca_gmt_offset           = -5
 group by i_item_id)
  select
  i_item_id
,sum(total_sales) total_sales
 from  (select * from ss
        union all
        select * from cs
        union all
        select * from ws) tmp1
 group by i_item_id
 order by i_item_id
      ,total_sales
 limit 100;
---- PLAN
Max Per-Host Resource Reservation: Memory=23.62MB Threads=1
Per-Host Resource Estimates: Memory=108MB
F00:PLAN FRAGMENT [UNPARTITIONED] hosts=1 instances=1
|  Per-Instance Resources: mem-estimate=107.75MB mem-reservation=23.62MB thread-reservation=1 runtime-filters-memory=10.00MB
|  max-parallelism=1 segment-costs=[6305666, 6075419, 5982895, 83552, 200, 200]
PLAN-ROOT SINK
|  output exprs: i_item_id, sum(total_sales)
|  mem-estimate=4.00MB mem-reservation=4.00MB spill-buffer=2.00MB thread-reservation=0 cost=200
|
32:TOP-N [LIMIT=100]
|  order by: i_item_id ASC, sum(total_sales) ASC
|  mem-estimate=4.30KB mem-reservation=0B thread-reservation=0
|  tuple-ids=27 row-size=44B cardinality=100 cost=200
|  in pipelines: 32(GETNEXT), 31(OPEN)
|
31:AGGREGATE [FINALIZE]
|  output: sum(total_sales)
|  group by: i_item_id
|  mem-estimate=10.00MB mem-reservation=1.94MB spill-buffer=64.00KB thread-reservation=0
|  tuple-ids=26 row-size=44B cardinality=8.85K cost=20888
|  in pipelines: 31(GETNEXT), 10(OPEN), 20(OPEN), 30(OPEN)
|
00:UNION
|  mem-estimate=0B mem-reservation=0B thread-reservation=0
|  tuple-ids=24 row-size=44B cardinality=10.44K cost=62664
|  in pipelines: 10(GETNEXT), 20(GETNEXT), 30(GETNEXT)
|
|--30:AGGREGATE [FINALIZE]
|  |  output: sum(ws_ext_sales_price)
|  |  group by: i_item_id
|  |  mem-estimate=10.00MB mem-reservation=1.94MB spill-buffer=64.00KB thread-reservation=0
|  |  tuple-ids=22 row-size=44B cardinality=1.92K cost=3842
|  |  in pipelines: 30(GETNEXT), 24(OPEN)
|  |
|  29:HASH JOIN [LEFT SEMI JOIN]
|  |  hash predicates: i_item_id = i_item_id
|  |  runtime filters: RF016[bloom] <- i_item_id, RF017[min_max] <- i_item_id
|  |  mem-estimate=1.94MB mem-reservation=1.94MB spill-buffer=64.00KB thread-reservation=0
|  |  tuple-ids=19,16,17,18 row-size=76B cardinality=1.92K cost=5459
|  |  in pipelines: 24(GETNEXT), 25(OPEN)
|  |
|  |--25:SCAN HDFS [tpcds_partitioned_parquet_snap.item]
|  |     HDFS partitions=1/1 files=1 size=1.73MB
|  |     predicates: i_category IN ('Music')
|  |     stored statistics:
|  |       table: rows=18.00K size=1.73MB
|  |       columns: all
|  |     extrapolated-rows=disabled max-scan-range-rows=18.00K
|  |     parquet statistics predicates: i_category IN ('Music')
|  |     parquet dictionary predicates: i_category IN ('Music')
|  |     mem-estimate=16.00MB mem-reservation=256.00KB thread-reservation=0
|  |     tuple-ids=20 row-size=46B cardinality=1.80K cost=68807
|  |     in pipelines: 25(GETNEXT)
|  |
|  28:HASH JOIN [INNER JOIN]
|  |  hash predicates: i_item_sk = ws_item_sk
|  |  fk/pk conjuncts: i_item_sk = ws_item_sk
|  |  runtime filters: RF018[bloom] <- ws_item_sk, RF019[min_max] <- ws_item_sk
|  |  mem-estimate=1.94MB mem-reservation=1.94MB spill-buffer=64.00KB thread-reservation=0
|  |  tuple-ids=19,16,17,18 row-size=76B cardinality=3.66K(filtered from 9.45K) cost=13108
|  |  in pipelines: 24(GETNEXT), 21(OPEN)
|  |
|  |--27:HASH JOIN [INNER JOIN]
|  |  |  hash predicates: ws_bill_addr_sk = ca_address_sk
|  |  |  fk/pk conjuncts: ws_bill_addr_sk = ca_address_sk
|  |  |  runtime filters: RF020[bloom] <- ca_address_sk, RF021[min_max] <- ca_address_sk
|  |  |  mem-estimate=1.94MB mem-reservation=1.94MB spill-buffer=64.00KB thread-reservation=0
|  |  |  tuple-ids=16,17,18 row-size=40B cardinality=9.45K cost=50669
|  |  |  in pipelines: 21(GETNEXT), 23(OPEN)
|  |  |
|  |  |--23:SCAN HDFS [tpcds_partitioned_parquet_snap.customer_address]
|  |  |     HDFS partitions=1/1 files=1 size=1.16MB
|  |  |     predicates: ca_gmt_offset = CAST(-5 AS DECIMAL(3,0))
|  |  |     stored statistics:
|  |  |       table: rows=50.00K size=1.16MB
|  |  |       columns: all
|  |  |     extrapolated-rows=disabled max-scan-range-rows=50.00K
|  |  |     parquet statistics predicates: ca_gmt_offset = CAST(-5 AS DECIMAL(3,0))
|  |  |     parquet dictionary predicates: ca_gmt_offset = CAST(-5 AS DECIMAL(3,0))
|  |  |     mem-estimate=16.00MB mem-reservation=256.00KB thread-reservation=0
|  |  |     tuple-ids=18 row-size=8B cardinality=8.07K cost=100391
|  |  |     in pipelines: 23(GETNEXT)
|  |  |
|  |  26:HASH JOIN [INNER JOIN]
|  |  |  hash predicates: ws_sold_date_sk = d_date_sk
|  |  |  fk/pk conjuncts: ws_sold_date_sk = d_date_sk
|  |  |  runtime filters: RF022[bloom] <- d_date_sk
|  |  |  mem-estimate=1.94MB mem-reservation=1.94MB spill-buffer=64.00KB thread-reservation=0
|  |  |  tuple-ids=16,17 row-size=32B cardinality=42.59K(filtered from 42.60K) cost=42703
|  |  |  in pipelines: 21(GETNEXT), 22(OPEN)
|  |  |
|  |  |--22:SCAN HDFS [tpcds_partitioned_parquet_snap.date_dim]
|  |  |     HDFS partitions=1/1 files=1 size=2.15MB
|  |  |     predicates: d_year = CAST(1998 AS INT), d_moy = CAST(9 AS INT)
|  |  |     stored statistics:
|  |  |       table: rows=73.05K size=2.15MB
|  |  |       columns: all
|  |  |     extrapolated-rows=disabled max-scan-range-rows=73.05K
|  |  |     parquet statistics predicates: d_year = CAST(1998 AS INT), d_moy = CAST(9 AS INT)
|  |  |     parquet dictionary predicates: d_year = CAST(1998 AS INT), d_moy = CAST(9 AS INT)
|  |  |     mem-estimate=16.00MB mem-reservation=512.00KB thread-reservation=0
|  |  |     tuple-ids=17 row-size=12B cardinality=108 cost=196955
|  |  |     in pipelines: 22(GETNEXT)
|  |  |
|  |  21:SCAN HDFS [tpcds_partitioned_parquet_snap.web_sales]
|  |     HDFS partitions=1824/1824 files=1824 size=84.20MB
|  |     runtime filters: RF021[min_max] -> ws_bill_addr_sk, RF022[bloom] -> ws_sold_date_sk, RF020[bloom] -> ws_bill_addr_sk
|  |     stored statistics:
|  |       table: rows=719.38K size=84.20MB
|  |       partitions: 1824/1824 rows=719.38K
|  |       columns: all
|  |     extrapolated-rows=disabled max-scan-range-rows=1.12K est-scan-range=109(filtered from 1824)
|  |     mem-estimate=16.00MB mem-reservation=128.00KB thread-reservation=0
|  |     tuple-ids=16 row-size=20B cardinality=42.59K(filtered from 719.38K) cost=5450832
|  |     in pipelines: 21(GETNEXT)
|  |
|  24:SCAN HDFS [tpcds_partitioned_parquet_snap.item]
|     HDFS partitions=1/1 files=1 size=1.73MB
|     runtime filters: RF017[min_max] -> i_item_id, RF019[min_max] -> i_item_sk, RF016[bloom] -> i_item_id, RF018[bloom] -> i_item_sk
|     stored statistics:
|       table: rows=18.00K size=1.73MB
|       columns: all
|     extrapolated-rows=disabled max-scan-range-rows=18.00K
|     mem-estimate=16.00MB mem-reservation=512.00KB thread-reservation=0
|     tuple-ids=19 row-size=36B cardinality=3.66K(filtered from 18.00K) cost=50129
|     in pipelines: 24(GETNEXT)
|
|--20:AGGREGATE [FINALIZE]
|  |  output: sum(cs_ext_sales_price)
|  |  group by: i_item_id
|  |  mem-estimate=10.00MB mem-reservation=1.94MB spill-buffer=64.00KB thread-reservation=0
|  |  tuple-ids=14 row-size=44B cardinality=2.91K cost=5816
|  |  in pipelines: 20(GETNEXT), 14(OPEN)
|  |
|  19:HASH JOIN [LEFT SEMI JOIN]
|  |  hash predicates: i_item_id = i_item_id
|  |  runtime filters: RF008[bloom] <- i_item_id, RF009[min_max] <- i_item_id
|  |  mem-estimate=1.94MB mem-reservation=1.94MB spill-buffer=64.00KB thread-reservation=0
|  |  tuple-ids=11,8,9,10 row-size=76B cardinality=2.91K cost=5459
|  |  in pipelines: 14(GETNEXT), 15(OPEN)
|  |
|  |--15:SCAN HDFS [tpcds_partitioned_parquet_snap.item]
|  |     HDFS partitions=1/1 files=1 size=1.73MB
|  |     predicates: i_category IN ('Music')
|  |     stored statistics:
|  |       table: rows=18.00K size=1.73MB
|  |       columns: all
|  |     extrapolated-rows=disabled max-scan-range-rows=18.00K
|  |     parquet statistics predicates: i_category IN ('Music')
|  |     parquet dictionary predicates: i_category IN ('Music')
|  |     mem-estimate=16.00MB mem-reservation=256.00KB thread-reservation=0
|  |     tuple-ids=12 row-size=46B cardinality=1.80K cost=68807
|  |     in pipelines: 15(GETNEXT)
|  |
|  18:HASH JOIN [INNER JOIN]
|  |  hash predicates: i_item_sk = cs_item_sk
|  |  fk/pk conjuncts: i_item_sk = cs_item_sk
|  |  runtime filters: RF011[min_max] <- cs_item_sk
|  |  mem-estimate=1.94MB mem-reservation=1.94MB spill-buffer=64.00KB thread-reservation=0
|  |  tuple-ids=11,8,9,10 row-size=76B cardinality=3.66K(filtered from 14.30K) cost=17961
|  |  in pipelines: 14(GETNEXT), 11(OPEN)
|  |
|  |--17:HASH JOIN [INNER JOIN]
|  |  |  hash predicates: cs_bill_addr_sk = ca_address_sk
|  |  |  fk/pk conjuncts: cs_bill_addr_sk = ca_address_sk
|  |  |  runtime filters: RF012[bloom] <- ca_address_sk, RF013[min_max] <- ca_address_sk
|  |  |  mem-estimate=1.94MB mem-reservation=1.94MB spill-buffer=64.00KB thread-reservation=0
|  |  |  tuple-ids=8,9,10 row-size=40B cardinality=14.30K cost=93103
|  |  |  in pipelines: 11(GETNEXT), 13(OPEN)
|  |  |
|  |  |--13:SCAN HDFS [tpcds_partitioned_parquet_snap.customer_address]
|  |  |     HDFS partitions=1/1 files=1 size=1.16MB
|  |  |     predicates: ca_gmt_offset = CAST(-5 AS DECIMAL(3,0))
|  |  |     stored statistics:
|  |  |       table: rows=50.00K size=1.16MB
|  |  |       columns: all
|  |  |     extrapolated-rows=disabled max-scan-range-rows=50.00K
|  |  |     parquet statistics predicates: ca_gmt_offset = CAST(-5 AS DECIMAL(3,0))
|  |  |     parquet dictionary predicates: ca_gmt_offset = CAST(-5 AS DECIMAL(3,0))
|  |  |     mem-estimate=16.00MB mem-reservation=256.00KB thread-reservation=0
|  |  |     tuple-ids=10 row-size=8B cardinality=8.07K cost=100391
|  |  |     in pipelines: 13(GETNEXT)
|  |  |
|  |  16:HASH JOIN [INNER JOIN]
|  |  |  hash predicates: cs_sold_date_sk = d_date_sk
|  |  |  fk/pk conjuncts: cs_sold_date_sk = d_date_sk
|  |  |  runtime filters: RF014[bloom] <- d_date_sk
|  |  |  mem-estimate=1.94MB mem-reservation=1.94MB spill-buffer=64.00KB thread-reservation=0
|  |  |  tuple-ids=8,9 row-size=32B cardinality=85.03K cost=85137
|  |  |  in pipelines: 11(GETNEXT), 12(OPEN)
|  |  |
|  |  |--12:SCAN HDFS [tpcds_partitioned_parquet_snap.date_dim]
|  |  |     HDFS partitions=1/1 files=1 size=2.15MB
|  |  |     predicates: d_year = CAST(1998 AS INT), d_moy = CAST(9 AS INT)
|  |  |     stored statistics:
|  |  |       table: rows=73.05K size=2.15MB
|  |  |       columns: all
|  |  |     extrapolated-rows=disabled max-scan-range-rows=73.05K
|  |  |     parquet statistics predicates: d_year = CAST(1998 AS INT), d_moy = CAST(9 AS INT)
|  |  |     parquet dictionary predicates: d_year = CAST(1998 AS INT), d_moy = CAST(9 AS INT)
|  |  |     mem-estimate=16.00MB mem-reservation=512.00KB thread-reservation=0
|  |  |     tuple-ids=9 row-size=12B cardinality=108 cost=196955
|  |  |     in pipelines: 12(GETNEXT)
|  |  |
|  |  11:SCAN HDFS [tpcds_partitioned_parquet_snap.catalog_sales]
|  |     HDFS partitions=1831/1831 files=1831 size=151.13MB
|  |     runtime filters: RF013[min_max] -> cs_bill_addr_sk, RF014[bloom] -> cs_sold_date_sk, RF012[bloom] -> cs_bill_addr_sk
|  |     stored statistics:
|  |       table: rows=1.44M size=151.13MB
|  |       partitions: 1831/1831 rows=1.44M
|  |       columns: all
|  |     extrapolated-rows=disabled max-scan-range-rows=7.18K est-scan-range=109(filtered from 1831)
|  |     mem-estimate=16.00MB mem-reservation=128.00KB thread-reservation=0
|  |     tuple-ids=8 row-size=20B cardinality=85.03K(filtered from 1.44M) cost=5451661
|  |     in pipelines: 11(GETNEXT)
|  |
|  14:SCAN HDFS [tpcds_partitioned_parquet_snap.item]
|     HDFS partitions=1/1 files=1 size=1.73MB
|     runtime filters: RF009[min_max] -> i_item_id, RF011[min_max] -> i_item_sk, RF008[bloom] -> i_item_id
|     stored statistics:
|       table: rows=18.00K size=1.73MB
|       columns: all
|     extrapolated-rows=disabled max-scan-range-rows=18.00K
|     mem-estimate=16.00MB mem-reservation=512.00KB thread-reservation=0
|     tuple-ids=11 row-size=36B cardinality=3.66K(filtered from 18.00K) cost=50129
|     in pipelines: 14(GETNEXT)
|
10:AGGREGATE [FINALIZE]
|  output: sum(ss_ext_sales_price)
|  group by: i_item_id
|  mem-estimate=10.00MB mem-reservation=1.94MB spill-buffer=64.00KB thread-reservation=0
|  tuple-ids=6 row-size=44B cardinality=5.62K cost=11230
|  in pipelines: 10(GETNEXT), 01(OPEN)
|
09:HASH JOIN [LEFT SEMI JOIN]
|  hash predicates: i_item_id = i_item_id
|  runtime filters: RF000[bloom] <- i_item_id, RF001[min_max] <- i_item_id
|  mem-estimate=1.94MB mem-reservation=1.94MB spill-buffer=64.00KB thread-reservation=0
|  tuple-ids=0,1,2,3 row-size=76B cardinality=5.62K cost=29418
|  in pipelines: 01(GETNEXT), 05(OPEN)
|
|--05:SCAN HDFS [tpcds_partitioned_parquet_snap.item]
|     HDFS partitions=1/1 files=1 size=1.73MB
|     predicates: i_category IN ('Music')
|     stored statistics:
|       table: rows=18.00K size=1.73MB
|       columns: all
|     extrapolated-rows=disabled max-scan-range-rows=18.00K
|     parquet statistics predicates: i_category IN ('Music')
|     parquet dictionary predicates: i_category IN ('Music')
|     mem-estimate=16.00MB mem-reservation=256.00KB thread-reservation=0
|     tuple-ids=4 row-size=46B cardinality=1.80K cost=68807
|     in pipelines: 05(GETNEXT)
|
08:HASH JOIN [INNER JOIN]
|  hash predicates: ss_item_sk = i_item_sk
|  fk/pk conjuncts: ss_item_sk = i_item_sk
|  runtime filters: RF003[min_max] <- i_item_sk
|  mem-estimate=1.94MB mem-reservation=1.94MB spill-buffer=64.00KB thread-reservation=0
|  tuple-ids=0,1,2,3 row-size=76B cardinality=27.62K cost=45618
|  in pipelines: 01(GETNEXT), 04(OPEN)
|
|--04:SCAN HDFS [tpcds_partitioned_parquet_snap.item]
|     HDFS partitions=1/1 files=1 size=1.73MB
|     runtime filters: RF001[min_max] -> i_item_id, RF000[bloom] -> i_item_id
|     stored statistics:
|       table: rows=18.00K size=1.73MB
|       columns: all
|     extrapolated-rows=disabled max-scan-range-rows=18.00K
|     mem-estimate=16.00MB mem-reservation=512.00KB thread-reservation=0
|     tuple-ids=3 row-size=36B cardinality=18.00K cost=50633
|     in pipelines: 04(GETNEXT)
|
07:HASH JOIN [INNER JOIN]
|  hash predicates: ss_addr_sk = ca_address_sk
|  fk/pk conjuncts: ss_addr_sk = ca_address_sk
|  runtime filters: RF004[bloom] <- ca_address_sk, RF005[min_max] <- ca_address_sk
|  mem-estimate=1.94MB mem-reservation=1.94MB spill-buffer=64.00KB thread-reservation=0
|  tuple-ids=0,1,2 row-size=40B cardinality=27.62K cost=178624
|  in pipelines: 01(GETNEXT), 03(OPEN)
|
|--03:SCAN HDFS [tpcds_partitioned_parquet_snap.customer_address]
|     HDFS partitions=1/1 files=1 size=1.16MB
|     predicates: ca_gmt_offset = CAST(-5 AS DECIMAL(3,0))
|     stored statistics:
|       table: rows=50.00K size=1.16MB
|       columns: all
|     extrapolated-rows=disabled max-scan-range-rows=50.00K
|     parquet statistics predicates: ca_gmt_offset = CAST(-5 AS DECIMAL(3,0))
|     parquet dictionary predicates: ca_gmt_offset = CAST(-5 AS DECIMAL(3,0))
|     mem-estimate=16.00MB mem-reservation=256.00KB thread-reservation=0
|     tuple-ids=2 row-size=8B cardinality=8.07K cost=100391
|     in pipelines: 03(GETNEXT)
|
06:HASH JOIN [INNER JOIN]
|  hash predicates: ss_sold_date_sk = d_date_sk
|  fk/pk conjuncts: ss_sold_date_sk = d_date_sk
|  runtime filters: RF006[bloom] <- d_date_sk
|  mem-estimate=1.94MB mem-reservation=1.94MB spill-buffer=64.00KB thread-reservation=0
|  tuple-ids=0,1 row-size=32B cardinality=170.55K(filtered from 170.55K) cost=170658
|  in pipelines: 01(GETNEXT), 02(OPEN)
|
|--02:SCAN HDFS [tpcds_partitioned_parquet_snap.date_dim]
|     HDFS partitions=1/1 files=1 size=2.15MB
|     predicates: d_year = CAST(1998 AS INT), d_moy = CAST(9 AS INT)
|     stored statistics:
|       table: rows=73.05K size=2.15MB
|       columns: all
|     extrapolated-rows=disabled max-scan-range-rows=73.05K
|     parquet statistics predicates: d_year = CAST(1998 AS INT), d_moy = CAST(9 AS INT)
|     parquet dictionary predicates: d_year = CAST(1998 AS INT), d_moy = CAST(9 AS INT)
|     mem-estimate=16.00MB mem-reservation=512.00KB thread-reservation=0
|     tuple-ids=1 row-size=12B cardinality=108 cost=196955
|     in pipelines: 02(GETNEXT)
|
01:SCAN HDFS [tpcds_partitioned_parquet_snap.store_sales]
   HDFS partitions=1824/1824 files=1824 size=199.36MB
   runtime filters: RF005[min_max] -> ss_addr_sk, RF003[min_max] -> ss_item_sk, RF006[bloom] -> ss_sold_date_sk, RF004[bloom] -> ss_addr_sk
   stored statistics:
     table: rows=2.88M size=199.36MB
     partitions: 1824/1824 rows=2.88M
     columns: all
   extrapolated-rows=disabled max-scan-range-rows=130.09K est-scan-range=109(filtered from 1824)
   mem-estimate=16.00MB mem-reservation=2.00MB thread-reservation=0
   tuple-ids=0 row-size=20B cardinality=170.55K(filtered from 2.88M) cost=5453332
   in pipelines: 01(GETNEXT)
---- DISTRIBUTEDPLAN
Max Per-Host Resource Reservation: Memory=104.25MB Threads=44
Per-Host Resource Estimates: Memory=509MB
F23:PLAN FRAGMENT [UNPARTITIONED] hosts=1 instances=1
|  Per-Instance Resources: mem-estimate=4.03MB mem-reservation=4.00MB thread-reservation=1
|  max-parallelism=1 segment-costs=[205] cpu-comparison-result=57 [max(1 (self) vs 57 (sum children))]
PLAN-ROOT SINK
|  output exprs: i_item_id, sum(total_sales)
|  mem-estimate=4.00MB mem-reservation=4.00MB spill-buffer=2.00MB thread-reservation=0 cost=200
|
56:MERGING-EXCHANGE [UNPARTITIONED]
|  order by: i_item_id ASC, sum(total_sales) ASC
|  limit: 100
|  mem-estimate=29.56KB mem-reservation=0B thread-reservation=0
|  tuple-ids=27 row-size=44B cardinality=100 cost=5
|  in pipelines: 32(GETNEXT)
|
F22:PLAN FRAGMENT [HASH(i_item_id)] hosts=3 instances=6 (adjusted from 48)
Per-Instance Resources: mem-estimate=10.41MB mem-reservation=1.94MB thread-reservation=1
max-parallelism=6 segment-costs=[18124, 200, 5] cpu-comparison-result=57 [max(6 (self) vs 57 (sum children))]
32:TOP-N [LIMIT=100]
|  order by: i_item_id ASC, sum(total_sales) ASC
|  mem-estimate=4.30KB mem-reservation=0B thread-reservation=0
|  tuple-ids=27 row-size=44B cardinality=100 cost=200
|  in pipelines: 32(GETNEXT), 55(OPEN)
|
55:AGGREGATE [FINALIZE]
|  output: sum:merge(total_sales)
|  group by: i_item_id
|  mem-estimate=10.00MB mem-reservation=1.94MB spill-buffer=64.00KB thread-reservation=0
|  tuple-ids=26 row-size=44B cardinality=8.85K cost=17708
|  in pipelines: 55(GETNEXT), 39(OPEN), 46(OPEN), 53(OPEN)
|
54:EXCHANGE [HASH(i_item_id)]
|  mem-estimate=414.81KB mem-reservation=0B thread-reservation=0
|  tuple-ids=26 row-size=44B cardinality=8.85K cost=416
|  in pipelines: 39(GETNEXT), 46(GETNEXT), 53(GETNEXT)
|
F21:PLAN FRAGMENT [RANDOM] hosts=3 instances=6 (adjusted from 48)
Per-Instance Resources: mem-estimate=21.48MB mem-reservation=3.94MB thread-reservation=1
max-parallelism=6 segment-costs=[11494, 5953, 3933, 83552, 416] cpu-comparison-result=57 [max(6 (self) vs 57 (sum children))]
31:AGGREGATE [STREAMING]
|  output: sum(total_sales)
|  group by: i_item_id
|  mem-estimate=10.00MB mem-reservation=2.00MB spill-buffer=64.00KB thread-reservation=0
|  tuple-ids=26 row-size=44B cardinality=8.85K cost=20888
|  in pipelines: 39(GETNEXT), 46(GETNEXT), 53(GETNEXT)
|
00:UNION
|  mem-estimate=0B mem-reservation=0B thread-reservation=0
|  tuple-ids=24 row-size=44B cardinality=10.44K cost=62664
|  in pipelines: 39(GETNEXT), 46(GETNEXT), 53(GETNEXT)
|
|--53:AGGREGATE [FINALIZE]
|  |  output: sum:merge(ws_ext_sales_price)
|  |  group by: i_item_id
|  |  mem-estimate=10.00MB mem-reservation=1.94MB spill-buffer=64.00KB thread-reservation=0
|  |  tuple-ids=22 row-size=44B cardinality=1.92K cost=3842
|  |  in pipelines: 53(GETNEXT), 21(OPEN)
|  |
|  52:EXCHANGE [HASH(i_item_id)]
|  |  mem-estimate=315.51KB mem-reservation=0B thread-reservation=0
|  |  tuple-ids=22 row-size=44B cardinality=1.92K cost=91
|  |  in pipelines: 21(GETNEXT)
|  |
|  F18:PLAN FRAGMENT [HASH(ws_item_sk)] hosts=3 instances=6 (adjusted from 48)
|  Per-Instance Resources: mem-estimate=11.55MB mem-reservation=2.00MB thread-reservation=1
|  max-parallelism=6 segment-costs=[23220, 91] cpu-comparison-result=19 [max(12 (self) vs 19 (sum children))]
|  30:AGGREGATE [STREAMING]
|  |  output: sum(ws_ext_sales_price)
|  |  group by: i_item_id
|  |  mem-estimate=10.00MB mem-reservation=2.00MB spill-buffer=64.00KB thread-reservation=0
|  |  tuple-ids=22 row-size=44B cardinality=1.92K cost=3842
|  |  in pipelines: 21(GETNEXT)
|  |
|  29:HASH JOIN [LEFT SEMI JOIN, BROADCAST]
|  |  hash-table-id=08
|  |  hash predicates: i_item_id = i_item_id
|  |  mem-estimate=0B mem-reservation=0B spill-buffer=64.00KB thread-reservation=0
|  |  tuple-ids=16,17,18,19 row-size=76B cardinality=1.92K cost=9449
|  |  in pipelines: 21(GETNEXT), 25(OPEN)
|  |
|  |--F32:PLAN FRAGMENT [HASH(ws_item_sk)] hosts=3 instances=3
|  |  |  Per-Instance Resources: mem-estimate=5.00MB mem-reservation=4.88MB thread-reservation=1 runtime-filters-memory=1.00MB
|  |  |  max-parallelism=3 segment-costs=[2064]
|  |  JOIN BUILD
|  |  |  join-table-id=08 plan-id=09 cohort-id=03
|  |  |  build expressions: i_item_id
|  |  |  runtime filters: RF016[bloom] <- i_item_id, RF017[min_max] <- i_item_id
|  |  |  mem-estimate=3.88MB mem-reservation=3.88MB spill-buffer=64.00KB thread-reservation=0 cost=1800
|  |  |
|  |  51:EXCHANGE [BROADCAST]
|  |  |  mem-estimate=130.57KB mem-reservation=0B thread-reservation=0
|  |  |  tuple-ids=20 row-size=46B cardinality=1.80K cost=264
|  |  |  in pipelines: 25(GETNEXT)
|  |  |
|  |  F19:PLAN FRAGMENT [RANDOM] hosts=1 instances=1
|  |  Per-Instance Resources: mem-estimate=16.19MB mem-reservation=256.00KB thread-reservation=1
|  |  max-parallelism=1 segment-costs=[68895]
|  |  25:SCAN HDFS [tpcds_partitioned_parquet_snap.item, RANDOM]
|  |     HDFS partitions=1/1 files=1 size=1.73MB
|  |     predicates: i_category IN ('Music')
|  |     stored statistics:
|  |       table: rows=18.00K size=1.73MB
|  |       columns: all
|  |     extrapolated-rows=disabled max-scan-range-rows=18.00K
|  |     parquet statistics predicates: i_category IN ('Music')
|  |     parquet dictionary predicates: i_category IN ('Music')
|  |     mem-estimate=16.00MB mem-reservation=256.00KB thread-reservation=0
|  |     tuple-ids=20 row-size=46B cardinality=1.80K cost=68807
|  |     in pipelines: 25(GETNEXT)
|  |
|  28:HASH JOIN [INNER JOIN, PARTITIONED]
|  |  hash-table-id=09
|  |  hash predicates: ws_item_sk = i_item_sk
|  |  fk/pk conjuncts: ws_item_sk = i_item_sk
|  |  mem-estimate=0B mem-reservation=0B spill-buffer=64.00KB thread-reservation=0
|  |  tuple-ids=16,17,18,19 row-size=76B cardinality=9.45K cost=9449
|  |  in pipelines: 21(GETNEXT), 24(OPEN)
|  |
|  |--F33:PLAN FRAGMENT [HASH(ws_item_sk)] hosts=3 instances=6 (adjusted from 48)
|  |  |  Per-Instance Resources: mem-estimate=2.59MB mem-reservation=1.94MB thread-reservation=1
|  |  |  max-parallelism=6 segment-costs=[18704]
|  |  JOIN BUILD
|  |  |  join-table-id=09 plan-id=10 cohort-id=03
|  |  |  build expressions: i_item_sk
|  |  |  runtime filters: RF019[min_max] <- i_item_sk
|  |  |  mem-estimate=1.94MB mem-reservation=1.94MB spill-buffer=64.00KB thread-reservation=0 cost=18000
|  |  |
|  |  50:EXCHANGE [HASH(i_item_sk)]
|  |  |  mem-estimate=672.81KB mem-reservation=0B thread-reservation=0
|  |  |  tuple-ids=19 row-size=36B cardinality=18.00K cost=704
|  |  |  in pipelines: 24(GETNEXT)
|  |  |
|  |  F17:PLAN FRAGMENT [RANDOM] hosts=1 instances=1
|  |  Per-Host Shared Resources: mem-estimate=1.00MB mem-reservation=1.00MB thread-reservation=0 runtime-filters-memory=1.00MB
|  |  Per-Instance Resources: mem-estimate=16.94MB mem-reservation=512.00KB thread-reservation=1
|  |  max-parallelism=1 segment-costs=[51337]
|  |  24:SCAN HDFS [tpcds_partitioned_parquet_snap.item, RANDOM]
|  |     HDFS partitions=1/1 files=1 size=1.73MB
|  |     runtime filters: RF017[min_max] -> i_item_id, RF016[bloom] -> i_item_id
|  |     stored statistics:
|  |       table: rows=18.00K size=1.73MB
|  |       columns: all
|  |     extrapolated-rows=disabled max-scan-range-rows=18.00K
|  |     mem-estimate=16.00MB mem-reservation=512.00KB thread-reservation=0
|  |     tuple-ids=19 row-size=36B cardinality=18.00K cost=50633
|  |     in pipelines: 24(GETNEXT)
|  |
|  49:EXCHANGE [HASH(ws_item_sk)]
|  |  mem-estimate=435.03KB mem-reservation=0B thread-reservation=0
|  |  tuple-ids=16,17,18 row-size=40B cardinality=9.45K cost=480
|  |  in pipelines: 21(GETNEXT)
|  |
|  F14:PLAN FRAGMENT [RANDOM] hosts=3 instances=6 (adjusted from 48)
|  Per-Host Shared Resources: mem-estimate=2.00MB mem-reservation=2.00MB thread-reservation=0 runtime-filters-memory=2.00MB
|  Per-Instance Resources: mem-estimate=17.22MB mem-reservation=128.00KB thread-reservation=1
|  max-parallelism=6 segment-costs=[5536502]
|  27:HASH JOIN [INNER JOIN, BROADCAST]
|  |  hash-table-id=10
|  |  hash predicates: ws_bill_addr_sk = ca_address_sk
|  |  fk/pk conjuncts: ws_bill_addr_sk = ca_address_sk
|  |  mem-estimate=0B mem-reservation=0B spill-buffer=64.00KB thread-reservation=0
|  |  tuple-ids=16,17,18 row-size=40B cardinality=9.45K cost=42595
|  |  in pipelines: 21(GETNEXT), 23(OPEN)
|  |
|  |--F34:PLAN FRAGMENT [RANDOM] hosts=3 instances=3
|  |  |  Per-Instance Resources: mem-estimate=4.95MB mem-reservation=4.88MB thread-reservation=1 runtime-filters-memory=1.00MB
|  |  |  max-parallelism=3 segment-costs=[8359]
|  |  JOIN BUILD
|  |  |  join-table-id=10 plan-id=11 cohort-id=03
|  |  |  build expressions: ca_address_sk
|  |  |  runtime filters: RF020[bloom] <- ca_address_sk, RF021[min_max] <- ca_address_sk
|  |  |  mem-estimate=3.88MB mem-reservation=3.88MB spill-buffer=64.00KB thread-reservation=0 cost=8074
|  |  |
|  |  48:EXCHANGE [BROADCAST]
|  |  |  mem-estimate=75.08KB mem-reservation=0B thread-reservation=0
|  |  |  tuple-ids=18 row-size=8B cardinality=8.07K cost=285
|  |  |  in pipelines: 23(GETNEXT)
|  |  |
|  |  F16:PLAN FRAGMENT [RANDOM] hosts=1 instances=1
|  |  Per-Instance Resources: mem-estimate=16.05MB mem-reservation=256.00KB thread-reservation=1
|  |  max-parallelism=1 segment-costs=[100486]
|  |  23:SCAN HDFS [tpcds_partitioned_parquet_snap.customer_address, RANDOM]
|  |     HDFS partitions=1/1 files=1 size=1.16MB
|  |     predicates: ca_gmt_offset = CAST(-5 AS DECIMAL(3,0))
|  |     stored statistics:
|  |       table: rows=50.00K size=1.16MB
|  |       columns: all
|  |     extrapolated-rows=disabled max-scan-range-rows=50.00K
|  |     parquet statistics predicates: ca_gmt_offset = CAST(-5 AS DECIMAL(3,0))
|  |     parquet dictionary predicates: ca_gmt_offset = CAST(-5 AS DECIMAL(3,0))
|  |     mem-estimate=16.00MB mem-reservation=256.00KB thread-reservation=0
|  |     tuple-ids=18 row-size=8B cardinality=8.07K cost=100391
|  |     in pipelines: 23(GETNEXT)
|  |
|  26:HASH JOIN [INNER JOIN, BROADCAST]
|  |  hash-table-id=11
|  |  hash predicates: ws_sold_date_sk = d_date_sk
|  |  fk/pk conjuncts: ws_sold_date_sk = d_date_sk
|  |  mem-estimate=0B mem-reservation=0B spill-buffer=64.00KB thread-reservation=0
|  |  tuple-ids=16,17 row-size=32B cardinality=42.59K(filtered from 42.60K) cost=42595
|  |  in pipelines: 21(GETNEXT), 22(OPEN)
|  |
|  |--F35:PLAN FRAGMENT [RANDOM] hosts=3 instances=3
|  |  |  Per-Instance Resources: mem-estimate=4.89MB mem-reservation=4.88MB thread-reservation=1 runtime-filters-memory=1.00MB
|  |  |  max-parallelism=3 segment-costs=[114]
|  |  JOIN BUILD
|  |  |  join-table-id=11 plan-id=12 cohort-id=03
|  |  |  build expressions: d_date_sk
|  |  |  runtime filters: RF022[bloom] <- d_date_sk
|  |  |  mem-estimate=3.88MB mem-reservation=3.88MB spill-buffer=64.00KB thread-reservation=0 cost=108
|  |  |
|  |  47:EXCHANGE [BROADCAST]
|  |  |  mem-estimate=16.00KB mem-reservation=0B thread-reservation=0
|  |  |  tuple-ids=17 row-size=12B cardinality=108 cost=6
|  |  |  in pipelines: 22(GETNEXT)
|  |  |
|  |  F15:PLAN FRAGMENT [RANDOM] hosts=1 instances=1
|  |  Per-Instance Resources: mem-estimate=16.06MB mem-reservation=512.00KB thread-reservation=1
|  |  max-parallelism=1 segment-costs=[196957]
|  |  22:SCAN HDFS [tpcds_partitioned_parquet_snap.date_dim, RANDOM]
|  |     HDFS partitions=1/1 files=1 size=2.15MB
|  |     predicates: d_year = CAST(1998 AS INT), d_moy = CAST(9 AS INT)
|  |     stored statistics:
|  |       table: rows=73.05K size=2.15MB
|  |       columns: all
|  |     extrapolated-rows=disabled max-scan-range-rows=73.05K
|  |     parquet statistics predicates: d_year = CAST(1998 AS INT), d_moy = CAST(9 AS INT)
|  |     parquet dictionary predicates: d_year = CAST(1998 AS INT), d_moy = CAST(9 AS INT)
|  |     mem-estimate=16.00MB mem-reservation=512.00KB thread-reservation=0
|  |     tuple-ids=17 row-size=12B cardinality=108 cost=196955
|  |     in pipelines: 22(GETNEXT)
|  |
|  21:SCAN HDFS [tpcds_partitioned_parquet_snap.web_sales, RANDOM]
|     HDFS partitions=1824/1824 files=1824 size=84.20MB
|     runtime filters: RF021[min_max] -> ws_bill_addr_sk, RF019[min_max] -> ws_item_sk, RF022[bloom] -> ws_sold_date_sk, RF020[bloom] -> ws_bill_addr_sk
|     stored statistics:
|       table: rows=719.38K size=84.20MB
|       partitions: 1824/1824 rows=719.38K
|       columns: all
|     extrapolated-rows=disabled max-scan-range-rows=1.12K est-scan-range=109(filtered from 1824)
|     mem-estimate=16.00MB mem-reservation=128.00KB thread-reservation=0
|     tuple-ids=16 row-size=20B cardinality=42.59K(filtered from 719.38K) cost=5450832
|     in pipelines: 21(GETNEXT)
|
|--46:AGGREGATE [FINALIZE]
|  |  output: sum:merge(cs_ext_sales_price)
|  |  group by: i_item_id
|  |  mem-estimate=10.00MB mem-reservation=1.94MB spill-buffer=64.00KB thread-reservation=0
|  |  tuple-ids=14 row-size=44B cardinality=2.91K cost=5816
|  |  in pipelines: 46(GETNEXT), 11(OPEN)
|  |
|  45:EXCHANGE [HASH(i_item_id)]
|  |  mem-estimate=329.65KB mem-reservation=0B thread-reservation=0
|  |  tuple-ids=14 row-size=44B cardinality=2.91K cost=137
|  |  in pipelines: 11(GETNEXT)
|  |
|  F11:PLAN FRAGMENT [HASH(cs_item_sk)] hosts=3 instances=6 (adjusted from 48)
|  Per-Instance Resources: mem-estimate=11.61MB mem-reservation=2.00MB thread-reservation=1
|  max-parallelism=6 segment-costs=[35147, 137] cpu-comparison-result=19 [max(12 (self) vs 19 (sum children))]
|  20:AGGREGATE [STREAMING]
|  |  output: sum(cs_ext_sales_price)
|  |  group by: i_item_id
|  |  mem-estimate=10.00MB mem-reservation=2.00MB spill-buffer=64.00KB thread-reservation=0
|  |  tuple-ids=14 row-size=44B cardinality=2.91K cost=5816
|  |  in pipelines: 11(GETNEXT)
|  |
|  19:HASH JOIN [LEFT SEMI JOIN, BROADCAST]
|  |  hash-table-id=04
|  |  hash predicates: i_item_id = i_item_id
|  |  mem-estimate=0B mem-reservation=0B spill-buffer=64.00KB thread-reservation=0
|  |  tuple-ids=8,9,10,11 row-size=76B cardinality=2.91K cost=14302
|  |  in pipelines: 11(GETNEXT), 15(OPEN)
|  |
|  |--F28:PLAN FRAGMENT [HASH(cs_item_sk)] hosts=3 instances=3
|  |  |  Per-Instance Resources: mem-estimate=5.00MB mem-reservation=4.88MB thread-reservation=1 runtime-filters-memory=1.00MB
|  |  |  max-parallelism=3 segment-costs=[2064]
|  |  JOIN BUILD
|  |  |  join-table-id=04 plan-id=05 cohort-id=02
|  |  |  build expressions: i_item_id
|  |  |  runtime filters: RF008[bloom] <- i_item_id, RF009[min_max] <- i_item_id
|  |  |  mem-estimate=3.88MB mem-reservation=3.88MB spill-buffer=64.00KB thread-reservation=0 cost=1800
|  |  |
|  |  44:EXCHANGE [BROADCAST]
|  |  |  mem-estimate=130.57KB mem-reservation=0B thread-reservation=0
|  |  |  tuple-ids=12 row-size=46B cardinality=1.80K cost=264
|  |  |  in pipelines: 15(GETNEXT)
|  |  |
|  |  F12:PLAN FRAGMENT [RANDOM] hosts=1 instances=1
|  |  Per-Instance Resources: mem-estimate=16.19MB mem-reservation=256.00KB thread-reservation=1
|  |  max-parallelism=1 segment-costs=[68895]
|  |  15:SCAN HDFS [tpcds_partitioned_parquet_snap.item, RANDOM]
|  |     HDFS partitions=1/1 files=1 size=1.73MB
|  |     predicates: i_category IN ('Music')
|  |     stored statistics:
|  |       table: rows=18.00K size=1.73MB
|  |       columns: all
|  |     extrapolated-rows=disabled max-scan-range-rows=18.00K
|  |     parquet statistics predicates: i_category IN ('Music')
|  |     parquet dictionary predicates: i_category IN ('Music')
|  |     mem-estimate=16.00MB mem-reservation=256.00KB thread-reservation=0
|  |     tuple-ids=12 row-size=46B cardinality=1.80K cost=68807
|  |     in pipelines: 15(GETNEXT)
|  |
|  18:HASH JOIN [INNER JOIN, PARTITIONED]
|  |  hash-table-id=05
|  |  hash predicates: cs_item_sk = i_item_sk
|  |  fk/pk conjuncts: cs_item_sk = i_item_sk
|  |  mem-estimate=0B mem-reservation=0B spill-buffer=64.00KB thread-reservation=0
|  |  tuple-ids=8,9,10,11 row-size=76B cardinality=14.30K cost=14302
|  |  in pipelines: 11(GETNEXT), 14(OPEN)
|  |
|  |--F29:PLAN FRAGMENT [HASH(cs_item_sk)] hosts=3 instances=6 (adjusted from 48)
|  |  |  Per-Instance Resources: mem-estimate=2.59MB mem-reservation=1.94MB thread-reservation=1
|  |  |  max-parallelism=6 segment-costs=[18704]
|  |  JOIN BUILD
|  |  |  join-table-id=05 plan-id=06 cohort-id=02
|  |  |  build expressions: i_item_sk
|  |  |  runtime filters: RF011[min_max] <- i_item_sk
|  |  |  mem-estimate=1.94MB mem-reservation=1.94MB spill-buffer=64.00KB thread-reservation=0 cost=18000
|  |  |
|  |  43:EXCHANGE [HASH(i_item_sk)]
|  |  |  mem-estimate=672.81KB mem-reservation=0B thread-reservation=0
|  |  |  tuple-ids=11 row-size=36B cardinality=18.00K cost=704
|  |  |  in pipelines: 14(GETNEXT)
|  |  |
|  |  F10:PLAN FRAGMENT [RANDOM] hosts=1 instances=1
|  |  Per-Host Shared Resources: mem-estimate=1.00MB mem-reservation=1.00MB thread-reservation=0 runtime-filters-memory=1.00MB
|  |  Per-Instance Resources: mem-estimate=16.94MB mem-reservation=512.00KB thread-reservation=1
|  |  max-parallelism=1 segment-costs=[51337]
|  |  14:SCAN HDFS [tpcds_partitioned_parquet_snap.item, RANDOM]
|  |     HDFS partitions=1/1 files=1 size=1.73MB
|  |     runtime filters: RF009[min_max] -> i_item_id, RF008[bloom] -> i_item_id
|  |     stored statistics:
|  |       table: rows=18.00K size=1.73MB
|  |       columns: all
|  |     extrapolated-rows=disabled max-scan-range-rows=18.00K
|  |     mem-estimate=16.00MB mem-reservation=512.00KB thread-reservation=0
|  |     tuple-ids=11 row-size=36B cardinality=18.00K cost=50633
|  |     in pipelines: 14(GETNEXT)
|  |
|  42:EXCHANGE [HASH(cs_item_sk)]
|  |  mem-estimate=498.22KB mem-reservation=0B thread-reservation=0
|  |  tuple-ids=8,9,10 row-size=40B cardinality=14.30K cost=727
|  |  in pipelines: 11(GETNEXT)
|  |
|  F07:PLAN FRAGMENT [RANDOM] hosts=3 instances=6 (adjusted from 48)
|  Per-Host Shared Resources: mem-estimate=2.00MB mem-reservation=2.00MB thread-reservation=0 runtime-filters-memory=2.00MB
|  Per-Instance Resources: mem-estimate=17.22MB mem-reservation=128.00KB thread-reservation=1
|  max-parallelism=6 segment-costs=[5622446]
|  17:HASH JOIN [INNER JOIN, BROADCAST]
|  |  hash-table-id=06
|  |  hash predicates: cs_bill_addr_sk = ca_address_sk
|  |  fk/pk conjuncts: cs_bill_addr_sk = ca_address_sk
|  |  mem-estimate=0B mem-reservation=0B spill-buffer=64.00KB thread-reservation=0
|  |  tuple-ids=8,9,10 row-size=40B cardinality=14.30K cost=85029
|  |  in pipelines: 11(GETNEXT), 13(OPEN)
|  |
|  |--F30:PLAN FRAGMENT [RANDOM] hosts=3 instances=3
|  |  |  Per-Instance Resources: mem-estimate=4.95MB mem-reservation=4.88MB thread-reservation=1 runtime-filters-memory=1.00MB
|  |  |  max-parallelism=3 segment-costs=[8359]
|  |  JOIN BUILD
|  |  |  join-table-id=06 plan-id=07 cohort-id=02
|  |  |  build expressions: ca_address_sk
|  |  |  runtime filters: RF012[bloom] <- ca_address_sk, RF013[min_max] <- ca_address_sk
|  |  |  mem-estimate=3.88MB mem-reservation=3.88MB spill-buffer=64.00KB thread-reservation=0 cost=8074
|  |  |
|  |  41:EXCHANGE [BROADCAST]
|  |  |  mem-estimate=75.08KB mem-reservation=0B thread-reservation=0
|  |  |  tuple-ids=10 row-size=8B cardinality=8.07K cost=285
|  |  |  in pipelines: 13(GETNEXT)
|  |  |
|  |  F09:PLAN FRAGMENT [RANDOM] hosts=1 instances=1
|  |  Per-Instance Resources: mem-estimate=16.05MB mem-reservation=256.00KB thread-reservation=1
|  |  max-parallelism=1 segment-costs=[100486]
|  |  13:SCAN HDFS [tpcds_partitioned_parquet_snap.customer_address, RANDOM]
|  |     HDFS partitions=1/1 files=1 size=1.16MB
|  |     predicates: ca_gmt_offset = CAST(-5 AS DECIMAL(3,0))
|  |     stored statistics:
|  |       table: rows=50.00K size=1.16MB
|  |       columns: all
|  |     extrapolated-rows=disabled max-scan-range-rows=50.00K
|  |     parquet statistics predicates: ca_gmt_offset = CAST(-5 AS DECIMAL(3,0))
|  |     parquet dictionary predicates: ca_gmt_offset = CAST(-5 AS DECIMAL(3,0))
|  |     mem-estimate=16.00MB mem-reservation=256.00KB thread-reservation=0
|  |     tuple-ids=10 row-size=8B cardinality=8.07K cost=100391
|  |     in pipelines: 13(GETNEXT)
|  |
|  16:HASH JOIN [INNER JOIN, BROADCAST]
|  |  hash-table-id=07
|  |  hash predicates: cs_sold_date_sk = d_date_sk
|  |  fk/pk conjuncts: cs_sold_date_sk = d_date_sk
|  |  mem-estimate=0B mem-reservation=0B spill-buffer=64.00KB thread-reservation=0
|  |  tuple-ids=8,9 row-size=32B cardinality=85.03K cost=85029
|  |  in pipelines: 11(GETNEXT), 12(OPEN)
|  |
|  |--F31:PLAN FRAGMENT [RANDOM] hosts=3 instances=3
|  |  |  Per-Instance Resources: mem-estimate=4.89MB mem-reservation=4.88MB thread-reservation=1 runtime-filters-memory=1.00MB
|  |  |  max-parallelism=3 segment-costs=[114]
|  |  JOIN BUILD
|  |  |  join-table-id=07 plan-id=08 cohort-id=02
|  |  |  build expressions: d_date_sk
|  |  |  runtime filters: RF014[bloom] <- d_date_sk
|  |  |  mem-estimate=3.88MB mem-reservation=3.88MB spill-buffer=64.00KB thread-reservation=0 cost=108
|  |  |
|  |  40:EXCHANGE [BROADCAST]
|  |  |  mem-estimate=16.00KB mem-reservation=0B thread-reservation=0
|  |  |  tuple-ids=9 row-size=12B cardinality=108 cost=6
|  |  |  in pipelines: 12(GETNEXT)
|  |  |
|  |  F08:PLAN FRAGMENT [RANDOM] hosts=1 instances=1
|  |  Per-Instance Resources: mem-estimate=16.06MB mem-reservation=512.00KB thread-reservation=1
|  |  max-parallelism=1 segment-costs=[196957]
|  |  12:SCAN HDFS [tpcds_partitioned_parquet_snap.date_dim, RANDOM]
|  |     HDFS partitions=1/1 files=1 size=2.15MB
|  |     predicates: d_year = CAST(1998 AS INT), d_moy = CAST(9 AS INT)
|  |     stored statistics:
|  |       table: rows=73.05K size=2.15MB
|  |       columns: all
|  |     extrapolated-rows=disabled max-scan-range-rows=73.05K
|  |     parquet statistics predicates: d_year = CAST(1998 AS INT), d_moy = CAST(9 AS INT)
|  |     parquet dictionary predicates: d_year = CAST(1998 AS INT), d_moy = CAST(9 AS INT)
|  |     mem-estimate=16.00MB mem-reservation=512.00KB thread-reservation=0
|  |     tuple-ids=9 row-size=12B cardinality=108 cost=196955
|  |     in pipelines: 12(GETNEXT)
|  |
|  11:SCAN HDFS [tpcds_partitioned_parquet_snap.catalog_sales, RANDOM]
|     HDFS partitions=1831/1831 files=1831 size=151.13MB
|     runtime filters: RF013[min_max] -> cs_bill_addr_sk, RF011[min_max] -> cs_item_sk, RF014[bloom] -> cs_sold_date_sk, RF012[bloom] -> cs_bill_addr_sk
|     stored statistics:
|       table: rows=1.44M size=151.13MB
|       partitions: 1831/1831 rows=1.44M
|       columns: all
|     extrapolated-rows=disabled max-scan-range-rows=7.18K est-scan-range=109(filtered from 1831)
|     mem-estimate=16.00MB mem-reservation=128.00KB thread-reservation=0
|     tuple-ids=8 row-size=20B cardinality=85.03K(filtered from 1.44M) cost=5451661
|     in pipelines: 11(GETNEXT)
|
39:AGGREGATE [FINALIZE]
|  output: sum:merge(ss_ext_sales_price)
|  group by: i_item_id
|  mem-estimate=10.00MB mem-reservation=1.94MB spill-buffer=64.00KB thread-reservation=0
|  tuple-ids=6 row-size=44B cardinality=5.62K cost=11230
|  in pipelines: 39(GETNEXT), 01(OPEN)
|
38:EXCHANGE [HASH(i_item_id)]
|  mem-estimate=368.42KB mem-reservation=0B thread-reservation=0
|  tuple-ids=6 row-size=44B cardinality=5.62K cost=264
|  in pipelines: 01(GETNEXT)
|
F04:PLAN FRAGMENT [HASH(ss_item_sk)] hosts=3 instances=6 (adjusted from 48)
Per-Instance Resources: mem-estimate=11.78MB mem-reservation=2.00MB thread-reservation=1
max-parallelism=6 segment-costs=[67869, 264] cpu-comparison-result=19 [max(12 (self) vs 19 (sum children))]
10:AGGREGATE [STREAMING]
|  output: sum(ss_ext_sales_price)
|  group by: i_item_id
|  mem-estimate=10.00MB mem-reservation=2.00MB spill-buffer=64.00KB thread-reservation=0
|  tuple-ids=6 row-size=44B cardinality=5.62K cost=11230
|  in pipelines: 01(GETNEXT)
|
09:HASH JOIN [LEFT SEMI JOIN, BROADCAST]
|  hash-table-id=00
|  hash predicates: i_item_id = i_item_id
|  mem-estimate=0B mem-reservation=0B spill-buffer=64.00KB thread-reservation=0
|  tuple-ids=0,1,2,3 row-size=76B cardinality=5.62K cost=27618
|  in pipelines: 01(GETNEXT), 05(OPEN)
|
|--F24:PLAN FRAGMENT [HASH(ss_item_sk)] hosts=3 instances=3
|  |  Per-Instance Resources: mem-estimate=5.00MB mem-reservation=4.88MB thread-reservation=1 runtime-filters-memory=1.00MB
|  |  max-parallelism=3 segment-costs=[2064]
|  JOIN BUILD
|  |  join-table-id=00 plan-id=01 cohort-id=01
|  |  build expressions: i_item_id
|  |  runtime filters: RF000[bloom] <- i_item_id, RF001[min_max] <- i_item_id
|  |  mem-estimate=3.88MB mem-reservation=3.88MB spill-buffer=64.00KB thread-reservation=0 cost=1800
|  |
|  37:EXCHANGE [BROADCAST]
|  |  mem-estimate=130.57KB mem-reservation=0B thread-reservation=0
|  |  tuple-ids=4 row-size=46B cardinality=1.80K cost=264
|  |  in pipelines: 05(GETNEXT)
|  |
|  F05:PLAN FRAGMENT [RANDOM] hosts=1 instances=1
|  Per-Instance Resources: mem-estimate=16.19MB mem-reservation=256.00KB thread-reservation=1
|  max-parallelism=1 segment-costs=[68895]
|  05:SCAN HDFS [tpcds_partitioned_parquet_snap.item, RANDOM]
|     HDFS partitions=1/1 files=1 size=1.73MB
|     predicates: i_category IN ('Music')
|     stored statistics:
|       table: rows=18.00K size=1.73MB
|       columns: all
|     extrapolated-rows=disabled max-scan-range-rows=18.00K
|     parquet statistics predicates: i_category IN ('Music')
|     parquet dictionary predicates: i_category IN ('Music')
|     mem-estimate=16.00MB mem-reservation=256.00KB thread-reservation=0
|     tuple-ids=4 row-size=46B cardinality=1.80K cost=68807
|     in pipelines: 05(GETNEXT)
|
08:HASH JOIN [INNER JOIN, PARTITIONED]
|  hash-table-id=01
|  hash predicates: ss_item_sk = i_item_sk
|  fk/pk conjuncts: ss_item_sk = i_item_sk
|  mem-estimate=0B mem-reservation=0B spill-buffer=64.00KB thread-reservation=0
|  tuple-ids=0,1,2,3 row-size=76B cardinality=27.62K cost=27618
|  in pipelines: 01(GETNEXT), 04(OPEN)
|
|--F25:PLAN FRAGMENT [HASH(ss_item_sk)] hosts=3 instances=6 (adjusted from 48)
|  |  Per-Instance Resources: mem-estimate=3.59MB mem-reservation=2.94MB thread-reservation=1 runtime-filters-memory=1.00MB
|  |  max-parallelism=6 segment-costs=[18704]
|  JOIN BUILD
|  |  join-table-id=01 plan-id=02 cohort-id=01
|  |  build expressions: i_item_sk
|  |  runtime filters: RF002[bloom] <- i_item_sk, RF003[min_max] <- i_item_sk
|  |  mem-estimate=1.94MB mem-reservation=1.94MB spill-buffer=64.00KB thread-reservation=0 cost=18000
|  |
|  36:EXCHANGE [HASH(i_item_sk)]
|  |  mem-estimate=672.81KB mem-reservation=0B thread-reservation=0
|  |  tuple-ids=3 row-size=36B cardinality=18.00K cost=704
|  |  in pipelines: 04(GETNEXT)
|  |
|  F03:PLAN FRAGMENT [RANDOM] hosts=1 instances=1
|  Per-Host Shared Resources: mem-estimate=1.00MB mem-reservation=1.00MB thread-reservation=0 runtime-filters-memory=1.00MB
|  Per-Instance Resources: mem-estimate=16.94MB mem-reservation=512.00KB thread-reservation=1
|  max-parallelism=1 segment-costs=[51337]
|  04:SCAN HDFS [tpcds_partitioned_parquet_snap.item, RANDOM]
|     HDFS partitions=1/1 files=1 size=1.73MB
|     runtime filters: RF001[min_max] -> i_item_id, RF000[bloom] -> i_item_id
|     stored statistics:
|       table: rows=18.00K size=1.73MB
|       columns: all
|     extrapolated-rows=disabled max-scan-range-rows=18.00K
|     mem-estimate=16.00MB mem-reservation=512.00KB thread-reservation=0
|     tuple-ids=3 row-size=36B cardinality=18.00K cost=50633
|     in pipelines: 04(GETNEXT)
|
35:EXCHANGE [HASH(ss_item_sk)]
|  mem-estimate=671.61KB mem-reservation=0B thread-reservation=0
|  tuple-ids=0,1,2 row-size=40B cardinality=27.62K cost=1403
|  in pipelines: 01(GETNEXT)
|
F00:PLAN FRAGMENT [RANDOM] hosts=3 instances=6 (adjusted from 48)
Per-Host Shared Resources: mem-estimate=3.00MB mem-reservation=3.00MB thread-reservation=0 runtime-filters-memory=3.00MB
Per-Instance Resources: mem-estimate=17.22MB mem-reservation=2.00MB thread-reservation=1
max-parallelism=6 segment-costs=[5795835]
07:HASH JOIN [INNER JOIN, BROADCAST]
|  hash-table-id=02
|  hash predicates: ss_addr_sk = ca_address_sk
|  fk/pk conjuncts: ss_addr_sk = ca_address_sk
|  mem-estimate=0B mem-reservation=0B spill-buffer=64.00KB thread-reservation=0
|  tuple-ids=0,1,2 row-size=40B cardinality=27.62K cost=170550
|  in pipelines: 01(GETNEXT), 03(OPEN)
|
|--F26:PLAN FRAGMENT [RANDOM] hosts=3 instances=3
|  |  Per-Instance Resources: mem-estimate=4.95MB mem-reservation=4.88MB thread-reservation=1 runtime-filters-memory=1.00MB
|  |  max-parallelism=3 segment-costs=[8359]
|  JOIN BUILD
|  |  join-table-id=02 plan-id=03 cohort-id=01
|  |  build expressions: ca_address_sk
|  |  runtime filters: RF004[bloom] <- ca_address_sk, RF005[min_max] <- ca_address_sk
|  |  mem-estimate=3.88MB mem-reservation=3.88MB spill-buffer=64.00KB thread-reservation=0 cost=8074
|  |
|  34:EXCHANGE [BROADCAST]
|  |  mem-estimate=75.08KB mem-reservation=0B thread-reservation=0
|  |  tuple-ids=2 row-size=8B cardinality=8.07K cost=285
|  |  in pipelines: 03(GETNEXT)
|  |
|  F02:PLAN FRAGMENT [RANDOM] hosts=1 instances=1
|  Per-Instance Resources: mem-estimate=16.05MB mem-reservation=256.00KB thread-reservation=1
|  max-parallelism=1 segment-costs=[100486]
|  03:SCAN HDFS [tpcds_partitioned_parquet_snap.customer_address, RANDOM]
|     HDFS partitions=1/1 files=1 size=1.16MB
|     predicates: ca_gmt_offset = CAST(-5 AS DECIMAL(3,0))
|     stored statistics:
|       table: rows=50.00K size=1.16MB
|       columns: all
|     extrapolated-rows=disabled max-scan-range-rows=50.00K
|     parquet statistics predicates: ca_gmt_offset = CAST(-5 AS DECIMAL(3,0))
|     parquet dictionary predicates: ca_gmt_offset = CAST(-5 AS DECIMAL(3,0))
|     mem-estimate=16.00MB mem-reservation=256.00KB thread-reservation=0
|     tuple-ids=2 row-size=8B cardinality=8.07K cost=100391
|     in pipelines: 03(GETNEXT)
|
06:HASH JOIN [INNER JOIN, BROADCAST]
|  hash-table-id=03
|  hash predicates: ss_sold_date_sk = d_date_sk
|  fk/pk conjuncts: ss_sold_date_sk = d_date_sk
|  mem-estimate=0B mem-reservation=0B spill-buffer=64.00KB thread-reservation=0
|  tuple-ids=0,1 row-size=32B cardinality=170.55K(filtered from 170.55K) cost=170550
|  in pipelines: 01(GETNEXT), 02(OPEN)
|
|--F27:PLAN FRAGMENT [RANDOM] hosts=3 instances=3
|  |  Per-Instance Resources: mem-estimate=4.89MB mem-reservation=4.88MB thread-reservation=1 runtime-filters-memory=1.00MB
|  |  max-parallelism=3 segment-costs=[114]
|  JOIN BUILD
|  |  join-table-id=03 plan-id=04 cohort-id=01
|  |  build expressions: d_date_sk
|  |  runtime filters: RF006[bloom] <- d_date_sk
|  |  mem-estimate=3.88MB mem-reservation=3.88MB spill-buffer=64.00KB thread-reservation=0 cost=108
|  |
|  33:EXCHANGE [BROADCAST]
|  |  mem-estimate=16.00KB mem-reservation=0B thread-reservation=0
|  |  tuple-ids=1 row-size=12B cardinality=108 cost=6
|  |  in pipelines: 02(GETNEXT)
|  |
|  F01:PLAN FRAGMENT [RANDOM] hosts=1 instances=1
|  Per-Instance Resources: mem-estimate=16.06MB mem-reservation=512.00KB thread-reservation=1
|  max-parallelism=1 segment-costs=[196957]
|  02:SCAN HDFS [tpcds_partitioned_parquet_snap.date_dim, RANDOM]
|     HDFS partitions=1/1 files=1 size=2.15MB
|     predicates: d_year = CAST(1998 AS INT), d_moy = CAST(9 AS INT)
|     stored statistics:
|       table: rows=73.05K size=2.15MB
|       columns: all
|     extrapolated-rows=disabled max-scan-range-rows=73.05K
|     parquet statistics predicates: d_year = CAST(1998 AS INT), d_moy = CAST(9 AS INT)
|     parquet dictionary predicates: d_year = CAST(1998 AS INT), d_moy = CAST(9 AS INT)
|     mem-estimate=16.00MB mem-reservation=512.00KB thread-reservation=0
|     tuple-ids=1 row-size=12B cardinality=108 cost=196955
|     in pipelines: 02(GETNEXT)
|
01:SCAN HDFS [tpcds_partitioned_parquet_snap.store_sales, RANDOM]
   HDFS partitions=1824/1824 files=1824 size=199.36MB
   runtime filters: RF005[min_max] -> ss_addr_sk, RF003[min_max] -> ss_item_sk, RF006[bloom] -> ss_sold_date_sk, RF004[bloom] -> ss_addr_sk, RF002[bloom] -> ss_item_sk
   stored statistics:
     table: rows=2.88M size=199.36MB
     partitions: 1824/1824 rows=2.88M
     columns: all
   extrapolated-rows=disabled max-scan-range-rows=130.09K est-scan-range=109(filtered from 1824)
   mem-estimate=16.00MB mem-reservation=2.00MB thread-reservation=0
   tuple-ids=0 row-size=20B cardinality=170.55K(filtered from 2.88M) cost=5453332
   in pipelines: 01(GETNEXT)
---- PARALLELPLANS
Max Per-Host Resource Reservation: Memory=101.25MB Threads=45
Per-Host Resource Estimates: Memory=494MB
F23:PLAN FRAGMENT [UNPARTITIONED] hosts=1 instances=1
|  Per-Instance Resources: mem-estimate=4.03MB mem-reservation=4.00MB thread-reservation=1
|  max-parallelism=1 segment-costs=[205] cpu-comparison-result=60 [max(1 (self) vs 60 (sum children))]
PLAN-ROOT SINK
|  output exprs: i_item_id, sum(total_sales)
|  mem-estimate=4.00MB mem-reservation=4.00MB spill-buffer=2.00MB thread-reservation=0 cost=200
|
55:MERGING-EXCHANGE [UNPARTITIONED]
|  order by: i_item_id ASC, sum(total_sales) ASC
|  limit: 100
|  mem-estimate=29.56KB mem-reservation=0B thread-reservation=0
|  tuple-ids=27 row-size=44B cardinality=100 cost=5
|  in pipelines: 32(GETNEXT)
|
F22:PLAN FRAGMENT [HASH(i_item_id)] hosts=3 instances=6 (adjusted from 48)
Per-Instance Resources: mem-estimate=10.41MB mem-reservation=1.94MB thread-reservation=1
max-parallelism=6 segment-costs=[18124, 200, 5] cpu-comparison-result=60 [max(6 (self) vs 60 (sum children))]
32:TOP-N [LIMIT=100]
|  order by: i_item_id ASC, sum(total_sales) ASC
|  mem-estimate=4.30KB mem-reservation=0B thread-reservation=0
|  tuple-ids=27 row-size=44B cardinality=100 cost=200
|  in pipelines: 32(GETNEXT), 54(OPEN)
|
54:AGGREGATE [FINALIZE]
|  output: sum:merge(total_sales)
|  group by: i_item_id
|  mem-estimate=10.00MB mem-reservation=1.94MB spill-buffer=64.00KB thread-reservation=0
|  tuple-ids=26 row-size=44B cardinality=8.85K cost=17708
|  in pipelines: 54(GETNEXT), 39(OPEN), 46(OPEN), 30(OPEN)
|
53:EXCHANGE [HASH(i_item_id)]
|  mem-estimate=414.81KB mem-reservation=0B thread-reservation=0
|  tuple-ids=26 row-size=44B cardinality=8.85K cost=416
|  in pipelines: 39(GETNEXT), 46(GETNEXT), 30(GETNEXT)
|
F21:PLAN FRAGMENT [RANDOM] hosts=3 instances=6 (adjusted from 48)
Per-Instance Resources: mem-estimate=21.89MB mem-reservation=3.94MB thread-reservation=1
max-parallelism=6 segment-costs=[11494, 5953, 14140, 83552, 416] cpu-comparison-result=60 [max(18 (self) vs 60 (sum children))]
31:AGGREGATE [STREAMING]
|  output: sum(total_sales)
|  group by: i_item_id
|  mem-estimate=10.00MB mem-reservation=2.00MB spill-buffer=64.00KB thread-reservation=0
|  tuple-ids=26 row-size=44B cardinality=8.85K cost=20888
|  in pipelines: 39(GETNEXT), 46(GETNEXT), 30(GETNEXT)
|
00:UNION
|  mem-estimate=0B mem-reservation=0B thread-reservation=0
|  tuple-ids=24 row-size=44B cardinality=10.44K cost=62664
|  in pipelines: 39(GETNEXT), 46(GETNEXT), 30(GETNEXT)
|
|--30:AGGREGATE [FINALIZE]
|  |  output: sum(ws_ext_sales_price)
|  |  group by: i_item_id
|  |  mem-estimate=10.00MB mem-reservation=1.94MB spill-buffer=64.00KB thread-reservation=0
|  |  tuple-ids=22 row-size=44B cardinality=1.92K cost=3842
|  |  in pipelines: 30(GETNEXT), 21(OPEN)
|  |
|  29:HASH JOIN [LEFT SEMI JOIN, PARTITIONED]
|  |  hash-table-id=00
|  |  hash predicates: i_item_id = i_item_id
|  |  mem-estimate=0B mem-reservation=0B spill-buffer=64.00KB thread-reservation=0
|  |  tuple-ids=16,17,18,19 row-size=76B cardinality=1.92K cost=9449
|  |  in pipelines: 21(GETNEXT), 25(OPEN)
|  |
|  |--F24:PLAN FRAGMENT [RANDOM] hosts=3 instances=6 (adjusted from 48)
|  |  |  Per-Instance Resources: mem-estimate=3.07MB mem-reservation=2.94MB thread-reservation=1 runtime-filters-memory=1.00MB
|  |  |  max-parallelism=6 segment-costs=[1888]
|  |  JOIN BUILD
|  |  |  join-table-id=00 plan-id=01 cohort-id=01
|  |  |  build expressions: i_item_id
|  |  |  runtime filters: RF016[bloom] <- i_item_id, RF017[min_max] <- i_item_id
|  |  |  mem-estimate=1.94MB mem-reservation=1.94MB spill-buffer=64.00KB thread-reservation=0 cost=1800
|  |  |
|  |  52:EXCHANGE [HASH(i_item_id)]
|  |  |  mem-estimate=130.57KB mem-reservation=0B thread-reservation=0
|  |  |  tuple-ids=20 row-size=46B cardinality=1.80K cost=88
|  |  |  in pipelines: 25(GETNEXT)
|  |  |
|  |  F19:PLAN FRAGMENT [RANDOM] hosts=1 instances=1
|  |  Per-Instance Resources: mem-estimate=17.17MB mem-reservation=256.00KB thread-reservation=1
|  |  max-parallelism=1 segment-costs=[68895]
|  |  25:SCAN HDFS [tpcds_partitioned_parquet_snap.item, RANDOM]
|  |     HDFS partitions=1/1 files=1 size=1.73MB
|  |     predicates: i_category IN ('Music')
|  |     stored statistics:
|  |       table: rows=18.00K size=1.73MB
|  |       columns: all
|  |     extrapolated-rows=disabled max-scan-range-rows=18.00K
|  |     parquet statistics predicates: i_category IN ('Music')
|  |     parquet dictionary predicates: i_category IN ('Music')
|  |     mem-estimate=16.00MB mem-reservation=256.00KB thread-reservation=0
|  |     tuple-ids=20 row-size=46B cardinality=1.80K cost=68807
|  |     in pipelines: 25(GETNEXT)
|  |
|  51:EXCHANGE [HASH(i_item_id)]
|  |  mem-estimate=785.76KB mem-reservation=0B thread-reservation=0
|  |  tuple-ids=16,17,18,19 row-size=76B cardinality=9.45K cost=849
|  |  in pipelines: 21(GETNEXT)
|  |
|  F18:PLAN FRAGMENT [HASH(ws_item_sk)] hosts=3 instances=6 (adjusted from 48)
|  Per-Instance Resources: mem-estimate=2.58MB mem-reservation=0B thread-reservation=1
|  max-parallelism=6 segment-costs=[10778]
|  28:HASH JOIN [INNER JOIN, PARTITIONED]
|  |  hash-table-id=09
|  |  hash predicates: ws_item_sk = i_item_sk
|  |  fk/pk conjuncts: ws_item_sk = i_item_sk
|  |  mem-estimate=0B mem-reservation=0B spill-buffer=64.00KB thread-reservation=0
|  |  tuple-ids=16,17,18,19 row-size=76B cardinality=9.45K cost=9449
|  |  in pipelines: 21(GETNEXT), 24(OPEN)
|  |
|  |--F33:PLAN FRAGMENT [HASH(ws_item_sk)] hosts=3 instances=6 (adjusted from 48)
|  |  |  Per-Instance Resources: mem-estimate=2.59MB mem-reservation=1.94MB thread-reservation=1
|  |  |  max-parallelism=6 segment-costs=[18704]
|  |  JOIN BUILD
|  |  |  join-table-id=09 plan-id=10 cohort-id=01
|  |  |  build expressions: i_item_sk
|  |  |  runtime filters: RF019[min_max] <- i_item_sk
|  |  |  mem-estimate=1.94MB mem-reservation=1.94MB spill-buffer=64.00KB thread-reservation=0 cost=18000
|  |  |
|  |  50:EXCHANGE [HASH(i_item_sk)]
|  |  |  mem-estimate=672.81KB mem-reservation=0B thread-reservation=0
|  |  |  tuple-ids=19 row-size=36B cardinality=18.00K cost=704
|  |  |  in pipelines: 24(GETNEXT)
|  |  |
|  |  F17:PLAN FRAGMENT [RANDOM] hosts=1 instances=1
|  |  Per-Host Shared Resources: mem-estimate=1.00MB mem-reservation=1.00MB thread-reservation=0 runtime-filters-memory=1.00MB
|  |  Per-Instance Resources: mem-estimate=16.94MB mem-reservation=512.00KB thread-reservation=1
|  |  max-parallelism=1 segment-costs=[51337]
|  |  24:SCAN HDFS [tpcds_partitioned_parquet_snap.item, RANDOM]
|  |     HDFS partitions=1/1 files=1 size=1.73MB
|  |     runtime filters: RF017[min_max] -> i_item_id, RF016[bloom] -> i_item_id
|  |     stored statistics:
|  |       table: rows=18.00K size=1.73MB
|  |       columns: all
|  |     extrapolated-rows=disabled max-scan-range-rows=18.00K
|  |     mem-estimate=16.00MB mem-reservation=512.00KB thread-reservation=0
|  |     tuple-ids=19 row-size=36B cardinality=18.00K cost=50633
|  |     in pipelines: 24(GETNEXT)
|  |
|  49:EXCHANGE [HASH(ws_item_sk)]
|  |  mem-estimate=435.03KB mem-reservation=0B thread-reservation=0
|  |  tuple-ids=16,17,18 row-size=40B cardinality=9.45K cost=480
|  |  in pipelines: 21(GETNEXT)
|  |
|  F14:PLAN FRAGMENT [RANDOM] hosts=3 instances=6 (adjusted from 48)
|  Per-Host Shared Resources: mem-estimate=2.00MB mem-reservation=2.00MB thread-reservation=0 runtime-filters-memory=2.00MB
|  Per-Instance Resources: mem-estimate=17.22MB mem-reservation=128.00KB thread-reservation=1
|  max-parallelism=6 segment-costs=[5536502]
|  27:HASH JOIN [INNER JOIN, BROADCAST]
|  |  hash-table-id=10
|  |  hash predicates: ws_bill_addr_sk = ca_address_sk
|  |  fk/pk conjuncts: ws_bill_addr_sk = ca_address_sk
|  |  mem-estimate=0B mem-reservation=0B spill-buffer=64.00KB thread-reservation=0
|  |  tuple-ids=16,17,18 row-size=40B cardinality=9.45K cost=42595
|  |  in pipelines: 21(GETNEXT), 23(OPEN)
|  |
|  |--F34:PLAN FRAGMENT [RANDOM] hosts=3 instances=3
|  |  |  Per-Instance Resources: mem-estimate=4.95MB mem-reservation=4.88MB thread-reservation=1 runtime-filters-memory=1.00MB
|  |  |  max-parallelism=3 segment-costs=[8359]
|  |  JOIN BUILD
|  |  |  join-table-id=10 plan-id=11 cohort-id=01
|  |  |  build expressions: ca_address_sk
|  |  |  runtime filters: RF020[bloom] <- ca_address_sk, RF021[min_max] <- ca_address_sk
|  |  |  mem-estimate=3.88MB mem-reservation=3.88MB spill-buffer=64.00KB thread-reservation=0 cost=8074
|  |  |
|  |  48:EXCHANGE [BROADCAST]
|  |  |  mem-estimate=75.08KB mem-reservation=0B thread-reservation=0
|  |  |  tuple-ids=18 row-size=8B cardinality=8.07K cost=285
|  |  |  in pipelines: 23(GETNEXT)
|  |  |
|  |  F16:PLAN FRAGMENT [RANDOM] hosts=1 instances=1
|  |  Per-Instance Resources: mem-estimate=16.05MB mem-reservation=256.00KB thread-reservation=1
|  |  max-parallelism=1 segment-costs=[100486]
|  |  23:SCAN HDFS [tpcds_partitioned_parquet_snap.customer_address, RANDOM]
|  |     HDFS partitions=1/1 files=1 size=1.16MB
|  |     predicates: ca_gmt_offset = CAST(-5 AS DECIMAL(3,0))
|  |     stored statistics:
|  |       table: rows=50.00K size=1.16MB
|  |       columns: all
|  |     extrapolated-rows=disabled max-scan-range-rows=50.00K
|  |     parquet statistics predicates: ca_gmt_offset = CAST(-5 AS DECIMAL(3,0))
|  |     parquet dictionary predicates: ca_gmt_offset = CAST(-5 AS DECIMAL(3,0))
|  |     mem-estimate=16.00MB mem-reservation=256.00KB thread-reservation=0
|  |     tuple-ids=18 row-size=8B cardinality=8.07K cost=100391
|  |     in pipelines: 23(GETNEXT)
|  |
|  26:HASH JOIN [INNER JOIN, BROADCAST]
|  |  hash-table-id=11
|  |  hash predicates: ws_sold_date_sk = d_date_sk
|  |  fk/pk conjuncts: ws_sold_date_sk = d_date_sk
|  |  mem-estimate=0B mem-reservation=0B spill-buffer=64.00KB thread-reservation=0
|  |  tuple-ids=16,17 row-size=32B cardinality=42.59K(filtered from 42.60K) cost=42595
|  |  in pipelines: 21(GETNEXT), 22(OPEN)
|  |
|  |--F35:PLAN FRAGMENT [RANDOM] hosts=3 instances=3
|  |  |  Per-Instance Resources: mem-estimate=4.89MB mem-reservation=4.88MB thread-reservation=1 runtime-filters-memory=1.00MB
|  |  |  max-parallelism=3 segment-costs=[114]
|  |  JOIN BUILD
|  |  |  join-table-id=11 plan-id=12 cohort-id=01
|  |  |  build expressions: d_date_sk
|  |  |  runtime filters: RF022[bloom] <- d_date_sk
|  |  |  mem-estimate=3.88MB mem-reservation=3.88MB spill-buffer=64.00KB thread-reservation=0 cost=108
|  |  |
|  |  47:EXCHANGE [BROADCAST]
|  |  |  mem-estimate=16.00KB mem-reservation=0B thread-reservation=0
|  |  |  tuple-ids=17 row-size=12B cardinality=108 cost=6
|  |  |  in pipelines: 22(GETNEXT)
|  |  |
|  |  F15:PLAN FRAGMENT [RANDOM] hosts=1 instances=1
|  |  Per-Instance Resources: mem-estimate=16.06MB mem-reservation=512.00KB thread-reservation=1
|  |  max-parallelism=1 segment-costs=[196957]
|  |  22:SCAN HDFS [tpcds_partitioned_parquet_snap.date_dim, RANDOM]
|  |     HDFS partitions=1/1 files=1 size=2.15MB
|  |     predicates: d_year = CAST(1998 AS INT), d_moy = CAST(9 AS INT)
|  |     stored statistics:
|  |       table: rows=73.05K size=2.15MB
|  |       columns: all
|  |     extrapolated-rows=disabled max-scan-range-rows=73.05K
|  |     parquet statistics predicates: d_year = CAST(1998 AS INT), d_moy = CAST(9 AS INT)
|  |     parquet dictionary predicates: d_year = CAST(1998 AS INT), d_moy = CAST(9 AS INT)
|  |     mem-estimate=16.00MB mem-reservation=512.00KB thread-reservation=0
|  |     tuple-ids=17 row-size=12B cardinality=108 cost=196955
|  |     in pipelines: 22(GETNEXT)
|  |
|  21:SCAN HDFS [tpcds_partitioned_parquet_snap.web_sales, RANDOM]
|     HDFS partitions=1824/1824 files=1824 size=84.20MB
|     runtime filters: RF021[min_max] -> ws_bill_addr_sk, RF019[min_max] -> ws_item_sk, RF022[bloom] -> ws_sold_date_sk, RF020[bloom] -> ws_bill_addr_sk
|     stored statistics:
|       table: rows=719.38K size=84.20MB
|       partitions: 1824/1824 rows=719.38K
|       columns: all
|     extrapolated-rows=disabled max-scan-range-rows=1.12K est-scan-range=109(filtered from 1824)
|     mem-estimate=16.00MB mem-reservation=128.00KB thread-reservation=0
|     tuple-ids=16 row-size=20B cardinality=42.59K(filtered from 719.38K) cost=5450832
|     in pipelines: 21(GETNEXT)
|
|--46:AGGREGATE [FINALIZE]
|  |  output: sum:merge(cs_ext_sales_price)
|  |  group by: i_item_id
|  |  mem-estimate=10.00MB mem-reservation=1.94MB spill-buffer=64.00KB thread-reservation=0
|  |  tuple-ids=14 row-size=44B cardinality=2.91K cost=5816
|  |  in pipelines: 46(GETNEXT), 11(OPEN)
|  |
|  45:EXCHANGE [HASH(i_item_id)]
|  |  mem-estimate=329.65KB mem-reservation=0B thread-reservation=0
|  |  tuple-ids=14 row-size=44B cardinality=2.91K cost=137
|  |  in pipelines: 11(GETNEXT)
|  |
|  F11:PLAN FRAGMENT [HASH(cs_item_sk)] hosts=3 instances=6 (adjusted from 48)
|  Per-Instance Resources: mem-estimate=11.61MB mem-reservation=2.00MB thread-reservation=1
|  max-parallelism=6 segment-costs=[35147, 137] cpu-comparison-result=19 [max(12 (self) vs 19 (sum children))]
|  20:AGGREGATE [STREAMING]
|  |  output: sum(cs_ext_sales_price)
|  |  group by: i_item_id
|  |  mem-estimate=10.00MB mem-reservation=2.00MB spill-buffer=64.00KB thread-reservation=0
|  |  tuple-ids=14 row-size=44B cardinality=2.91K cost=5816
|  |  in pipelines: 11(GETNEXT)
|  |
|  19:HASH JOIN [LEFT SEMI JOIN, BROADCAST]
|  |  hash-table-id=05
|  |  hash predicates: i_item_id = i_item_id
|  |  mem-estimate=0B mem-reservation=0B spill-buffer=64.00KB thread-reservation=0
|  |  tuple-ids=8,9,10,11 row-size=76B cardinality=2.91K cost=14302
|  |  in pipelines: 11(GETNEXT), 15(OPEN)
|  |
|  |--F29:PLAN FRAGMENT [HASH(cs_item_sk)] hosts=3 instances=3
|  |  |  Per-Instance Resources: mem-estimate=5.00MB mem-reservation=4.88MB thread-reservation=1 runtime-filters-memory=1.00MB
|  |  |  max-parallelism=3 segment-costs=[2064]
|  |  JOIN BUILD
|  |  |  join-table-id=05 plan-id=06 cohort-id=01
|  |  |  build expressions: i_item_id
|  |  |  runtime filters: RF008[bloom] <- i_item_id, RF009[min_max] <- i_item_id
|  |  |  mem-estimate=3.88MB mem-reservation=3.88MB spill-buffer=64.00KB thread-reservation=0 cost=1800
|  |  |
|  |  44:EXCHANGE [BROADCAST]
|  |  |  mem-estimate=130.57KB mem-reservation=0B thread-reservation=0
|  |  |  tuple-ids=12 row-size=46B cardinality=1.80K cost=264
|  |  |  in pipelines: 15(GETNEXT)
|  |  |
|  |  F12:PLAN FRAGMENT [RANDOM] hosts=1 instances=1
|  |  Per-Instance Resources: mem-estimate=16.19MB mem-reservation=256.00KB thread-reservation=1
|  |  max-parallelism=1 segment-costs=[68895]
|  |  15:SCAN HDFS [tpcds_partitioned_parquet_snap.item, RANDOM]
|  |     HDFS partitions=1/1 files=1 size=1.73MB
|  |     predicates: i_category IN ('Music')
|  |     stored statistics:
|  |       table: rows=18.00K size=1.73MB
|  |       columns: all
|  |     extrapolated-rows=disabled max-scan-range-rows=18.00K
|  |     parquet statistics predicates: i_category IN ('Music')
|  |     parquet dictionary predicates: i_category IN ('Music')
|  |     mem-estimate=16.00MB mem-reservation=256.00KB thread-reservation=0
|  |     tuple-ids=12 row-size=46B cardinality=1.80K cost=68807
|  |     in pipelines: 15(GETNEXT)
|  |
|  18:HASH JOIN [INNER JOIN, PARTITIONED]
|  |  hash-table-id=06
|  |  hash predicates: cs_item_sk = i_item_sk
|  |  fk/pk conjuncts: cs_item_sk = i_item_sk
|  |  mem-estimate=0B mem-reservation=0B spill-buffer=64.00KB thread-reservation=0
|  |  tuple-ids=8,9,10,11 row-size=76B cardinality=14.30K cost=14302
|  |  in pipelines: 11(GETNEXT), 14(OPEN)
|  |
|  |--F30:PLAN FRAGMENT [HASH(cs_item_sk)] hosts=3 instances=6 (adjusted from 48)
|  |  |  Per-Instance Resources: mem-estimate=2.59MB mem-reservation=1.94MB thread-reservation=1
|  |  |  max-parallelism=6 segment-costs=[18704]
|  |  JOIN BUILD
|  |  |  join-table-id=06 plan-id=07 cohort-id=01
|  |  |  build expressions: i_item_sk
|  |  |  runtime filters: RF011[min_max] <- i_item_sk
|  |  |  mem-estimate=1.94MB mem-reservation=1.94MB spill-buffer=64.00KB thread-reservation=0 cost=18000
|  |  |
|  |  43:EXCHANGE [HASH(i_item_sk)]
|  |  |  mem-estimate=672.81KB mem-reservation=0B thread-reservation=0
|  |  |  tuple-ids=11 row-size=36B cardinality=18.00K cost=704
|  |  |  in pipelines: 14(GETNEXT)
|  |  |
|  |  F10:PLAN FRAGMENT [RANDOM] hosts=1 instances=1
|  |  Per-Host Shared Resources: mem-estimate=1.00MB mem-reservation=1.00MB thread-reservation=0 runtime-filters-memory=1.00MB
|  |  Per-Instance Resources: mem-estimate=16.94MB mem-reservation=512.00KB thread-reservation=1
|  |  max-parallelism=1 segment-costs=[51337]
|  |  14:SCAN HDFS [tpcds_partitioned_parquet_snap.item, RANDOM]
|  |     HDFS partitions=1/1 files=1 size=1.73MB
|  |     runtime filters: RF009[min_max] -> i_item_id, RF008[bloom] -> i_item_id
|  |     stored statistics:
|  |       table: rows=18.00K size=1.73MB
|  |       columns: all
|  |     extrapolated-rows=disabled max-scan-range-rows=18.00K
|  |     mem-estimate=16.00MB mem-reservation=512.00KB thread-reservation=0
|  |     tuple-ids=11 row-size=36B cardinality=18.00K cost=50633
|  |     in pipelines: 14(GETNEXT)
|  |
|  42:EXCHANGE [HASH(cs_item_sk)]
|  |  mem-estimate=498.22KB mem-reservation=0B thread-reservation=0
|  |  tuple-ids=8,9,10 row-size=40B cardinality=14.30K cost=727
|  |  in pipelines: 11(GETNEXT)
|  |
|  F07:PLAN FRAGMENT [RANDOM] hosts=3 instances=6 (adjusted from 48)
|  Per-Host Shared Resources: mem-estimate=2.00MB mem-reservation=2.00MB thread-reservation=0 runtime-filters-memory=2.00MB
|  Per-Instance Resources: mem-estimate=17.22MB mem-reservation=128.00KB thread-reservation=1
|  max-parallelism=6 segment-costs=[5622446]
|  17:HASH JOIN [INNER JOIN, BROADCAST]
|  |  hash-table-id=07
|  |  hash predicates: cs_bill_addr_sk = ca_address_sk
|  |  fk/pk conjuncts: cs_bill_addr_sk = ca_address_sk
|  |  mem-estimate=0B mem-reservation=0B spill-buffer=64.00KB thread-reservation=0
|  |  tuple-ids=8,9,10 row-size=40B cardinality=14.30K cost=85029
|  |  in pipelines: 11(GETNEXT), 13(OPEN)
|  |
|  |--F31:PLAN FRAGMENT [RANDOM] hosts=3 instances=3
|  |  |  Per-Instance Resources: mem-estimate=4.95MB mem-reservation=4.88MB thread-reservation=1 runtime-filters-memory=1.00MB
|  |  |  max-parallelism=3 segment-costs=[8359]
|  |  JOIN BUILD
|  |  |  join-table-id=07 plan-id=08 cohort-id=01
|  |  |  build expressions: ca_address_sk
|  |  |  runtime filters: RF012[bloom] <- ca_address_sk, RF013[min_max] <- ca_address_sk
|  |  |  mem-estimate=3.88MB mem-reservation=3.88MB spill-buffer=64.00KB thread-reservation=0 cost=8074
|  |  |
|  |  41:EXCHANGE [BROADCAST]
|  |  |  mem-estimate=75.08KB mem-reservation=0B thread-reservation=0
|  |  |  tuple-ids=10 row-size=8B cardinality=8.07K cost=285
|  |  |  in pipelines: 13(GETNEXT)
|  |  |
|  |  F09:PLAN FRAGMENT [RANDOM] hosts=1 instances=1
|  |  Per-Instance Resources: mem-estimate=16.05MB mem-reservation=256.00KB thread-reservation=1
|  |  max-parallelism=1 segment-costs=[100486]
|  |  13:SCAN HDFS [tpcds_partitioned_parquet_snap.customer_address, RANDOM]
|  |     HDFS partitions=1/1 files=1 size=1.16MB
|  |     predicates: ca_gmt_offset = CAST(-5 AS DECIMAL(3,0))
|  |     stored statistics:
|  |       table: rows=50.00K size=1.16MB
|  |       columns: all
|  |     extrapolated-rows=disabled max-scan-range-rows=50.00K
|  |     parquet statistics predicates: ca_gmt_offset = CAST(-5 AS DECIMAL(3,0))
|  |     parquet dictionary predicates: ca_gmt_offset = CAST(-5 AS DECIMAL(3,0))
|  |     mem-estimate=16.00MB mem-reservation=256.00KB thread-reservation=0
|  |     tuple-ids=10 row-size=8B cardinality=8.07K cost=100391
|  |     in pipelines: 13(GETNEXT)
|  |
|  16:HASH JOIN [INNER JOIN, BROADCAST]
|  |  hash-table-id=08
|  |  hash predicates: cs_sold_date_sk = d_date_sk
|  |  fk/pk conjuncts: cs_sold_date_sk = d_date_sk
|  |  mem-estimate=0B mem-reservation=0B spill-buffer=64.00KB thread-reservation=0
|  |  tuple-ids=8,9 row-size=32B cardinality=85.03K cost=85029
|  |  in pipelines: 11(GETNEXT), 12(OPEN)
|  |
|  |--F32:PLAN FRAGMENT [RANDOM] hosts=3 instances=3
|  |  |  Per-Instance Resources: mem-estimate=4.89MB mem-reservation=4.88MB thread-reservation=1 runtime-filters-memory=1.00MB
|  |  |  max-parallelism=3 segment-costs=[114]
|  |  JOIN BUILD
|  |  |  join-table-id=08 plan-id=09 cohort-id=01
|  |  |  build expressions: d_date_sk
|  |  |  runtime filters: RF014[bloom] <- d_date_sk
|  |  |  mem-estimate=3.88MB mem-reservation=3.88MB spill-buffer=64.00KB thread-reservation=0 cost=108
|  |  |
|  |  40:EXCHANGE [BROADCAST]
|  |  |  mem-estimate=16.00KB mem-reservation=0B thread-reservation=0
|  |  |  tuple-ids=9 row-size=12B cardinality=108 cost=6
|  |  |  in pipelines: 12(GETNEXT)
|  |  |
|  |  F08:PLAN FRAGMENT [RANDOM] hosts=1 instances=1
|  |  Per-Instance Resources: mem-estimate=16.06MB mem-reservation=512.00KB thread-reservation=1
|  |  max-parallelism=1 segment-costs=[196957]
|  |  12:SCAN HDFS [tpcds_partitioned_parquet_snap.date_dim, RANDOM]
|  |     HDFS partitions=1/1 files=1 size=2.15MB
|  |     predicates: d_year = CAST(1998 AS INT), d_moy = CAST(9 AS INT)
|  |     stored statistics:
|  |       table: rows=73.05K size=2.15MB
|  |       columns: all
|  |     extrapolated-rows=disabled max-scan-range-rows=73.05K
|  |     parquet statistics predicates: d_year = CAST(1998 AS INT), d_moy = CAST(9 AS INT)
|  |     parquet dictionary predicates: d_year = CAST(1998 AS INT), d_moy = CAST(9 AS INT)
|  |     mem-estimate=16.00MB mem-reservation=512.00KB thread-reservation=0
|  |     tuple-ids=9 row-size=12B cardinality=108 cost=196955
|  |     in pipelines: 12(GETNEXT)
|  |
|  11:SCAN HDFS [tpcds_partitioned_parquet_snap.catalog_sales, RANDOM]
|     HDFS partitions=1831/1831 files=1831 size=151.13MB
|     runtime filters: RF013[min_max] -> cs_bill_addr_sk, RF011[min_max] -> cs_item_sk, RF014[bloom] -> cs_sold_date_sk, RF012[bloom] -> cs_bill_addr_sk
|     stored statistics:
|       table: rows=1.44M size=151.13MB
|       partitions: 1831/1831 rows=1.44M
|       columns: all
|     extrapolated-rows=disabled max-scan-range-rows=7.18K est-scan-range=109(filtered from 1831)
|     mem-estimate=16.00MB mem-reservation=128.00KB thread-reservation=0
|     tuple-ids=8 row-size=20B cardinality=85.03K(filtered from 1.44M) cost=5451661
|     in pipelines: 11(GETNEXT)
|
39:AGGREGATE [FINALIZE]
|  output: sum:merge(ss_ext_sales_price)
|  group by: i_item_id
|  mem-estimate=10.00MB mem-reservation=1.94MB spill-buffer=64.00KB thread-reservation=0
|  tuple-ids=6 row-size=44B cardinality=5.62K cost=11230
|  in pipelines: 39(GETNEXT), 01(OPEN)
|
38:EXCHANGE [HASH(i_item_id)]
|  mem-estimate=368.42KB mem-reservation=0B thread-reservation=0
|  tuple-ids=6 row-size=44B cardinality=5.62K cost=264
|  in pipelines: 01(GETNEXT)
|
F04:PLAN FRAGMENT [HASH(ss_item_sk)] hosts=3 instances=6 (adjusted from 48)
Per-Instance Resources: mem-estimate=11.78MB mem-reservation=2.00MB thread-reservation=1
max-parallelism=6 segment-costs=[67869, 264] cpu-comparison-result=19 [max(12 (self) vs 19 (sum children))]
10:AGGREGATE [STREAMING]
|  output: sum(ss_ext_sales_price)
|  group by: i_item_id
|  mem-estimate=10.00MB mem-reservation=2.00MB spill-buffer=64.00KB thread-reservation=0
|  tuple-ids=6 row-size=44B cardinality=5.62K cost=11230
|  in pipelines: 01(GETNEXT)
|
09:HASH JOIN [LEFT SEMI JOIN, BROADCAST]
|  hash-table-id=01
|  hash predicates: i_item_id = i_item_id
|  mem-estimate=0B mem-reservation=0B spill-buffer=64.00KB thread-reservation=0
|  tuple-ids=0,1,2,3 row-size=76B cardinality=5.62K cost=27618
|  in pipelines: 01(GETNEXT), 05(OPEN)
|
|--F25:PLAN FRAGMENT [HASH(ss_item_sk)] hosts=3 instances=3
|  |  Per-Instance Resources: mem-estimate=5.00MB mem-reservation=4.88MB thread-reservation=1 runtime-filters-memory=1.00MB
|  |  max-parallelism=3 segment-costs=[2064]
|  JOIN BUILD
|  |  join-table-id=01 plan-id=02 cohort-id=01
|  |  build expressions: i_item_id
|  |  runtime filters: RF000[bloom] <- i_item_id, RF001[min_max] <- i_item_id
|  |  mem-estimate=3.88MB mem-reservation=3.88MB spill-buffer=64.00KB thread-reservation=0 cost=1800
|  |
|  37:EXCHANGE [BROADCAST]
|  |  mem-estimate=130.57KB mem-reservation=0B thread-reservation=0
|  |  tuple-ids=4 row-size=46B cardinality=1.80K cost=264
|  |  in pipelines: 05(GETNEXT)
|  |
|  F05:PLAN FRAGMENT [RANDOM] hosts=1 instances=1
|  Per-Instance Resources: mem-estimate=16.19MB mem-reservation=256.00KB thread-reservation=1
|  max-parallelism=1 segment-costs=[68895]
|  05:SCAN HDFS [tpcds_partitioned_parquet_snap.item, RANDOM]
|     HDFS partitions=1/1 files=1 size=1.73MB
|     predicates: i_category IN ('Music')
|     stored statistics:
|       table: rows=18.00K size=1.73MB
|       columns: all
|     extrapolated-rows=disabled max-scan-range-rows=18.00K
|     parquet statistics predicates: i_category IN ('Music')
|     parquet dictionary predicates: i_category IN ('Music')
|     mem-estimate=16.00MB mem-reservation=256.00KB thread-reservation=0
|     tuple-ids=4 row-size=46B cardinality=1.80K cost=68807
|     in pipelines: 05(GETNEXT)
|
08:HASH JOIN [INNER JOIN, PARTITIONED]
|  hash-table-id=02
|  hash predicates: ss_item_sk = i_item_sk
|  fk/pk conjuncts: ss_item_sk = i_item_sk
|  mem-estimate=0B mem-reservation=0B spill-buffer=64.00KB thread-reservation=0
|  tuple-ids=0,1,2,3 row-size=76B cardinality=27.62K cost=27618
|  in pipelines: 01(GETNEXT), 04(OPEN)
|
|--F26:PLAN FRAGMENT [HASH(ss_item_sk)] hosts=3 instances=6 (adjusted from 48)
|  |  Per-Instance Resources: mem-estimate=3.59MB mem-reservation=2.94MB thread-reservation=1 runtime-filters-memory=1.00MB
|  |  max-parallelism=6 segment-costs=[18704]
|  JOIN BUILD
|  |  join-table-id=02 plan-id=03 cohort-id=01
|  |  build expressions: i_item_sk
|  |  runtime filters: RF002[bloom] <- i_item_sk, RF003[min_max] <- i_item_sk
|  |  mem-estimate=1.94MB mem-reservation=1.94MB spill-buffer=64.00KB thread-reservation=0 cost=18000
|  |
|  36:EXCHANGE [HASH(i_item_sk)]
|  |  mem-estimate=672.81KB mem-reservation=0B thread-reservation=0
|  |  tuple-ids=3 row-size=36B cardinality=18.00K cost=704
|  |  in pipelines: 04(GETNEXT)
|  |
|  F03:PLAN FRAGMENT [RANDOM] hosts=1 instances=1
|  Per-Host Shared Resources: mem-estimate=1.00MB mem-reservation=1.00MB thread-reservation=0 runtime-filters-memory=1.00MB
|  Per-Instance Resources: mem-estimate=16.94MB mem-reservation=512.00KB thread-reservation=1
|  max-parallelism=1 segment-costs=[51337]
|  04:SCAN HDFS [tpcds_partitioned_parquet_snap.item, RANDOM]
|     HDFS partitions=1/1 files=1 size=1.73MB
|     runtime filters: RF001[min_max] -> i_item_id, RF000[bloom] -> i_item_id
|     stored statistics:
|       table: rows=18.00K size=1.73MB
|       columns: all
|     extrapolated-rows=disabled max-scan-range-rows=18.00K
|     mem-estimate=16.00MB mem-reservation=512.00KB thread-reservation=0
|     tuple-ids=3 row-size=36B cardinality=18.00K cost=50633
|     in pipelines: 04(GETNEXT)
|
35:EXCHANGE [HASH(ss_item_sk)]
|  mem-estimate=671.61KB mem-reservation=0B thread-reservation=0
|  tuple-ids=0,1,2 row-size=40B cardinality=27.62K cost=1403
|  in pipelines: 01(GETNEXT)
|
F00:PLAN FRAGMENT [RANDOM] hosts=3 instances=6 (adjusted from 48)
Per-Host Shared Resources: mem-estimate=3.00MB mem-reservation=3.00MB thread-reservation=0 runtime-filters-memory=3.00MB
Per-Instance Resources: mem-estimate=17.22MB mem-reservation=2.00MB thread-reservation=1
max-parallelism=6 segment-costs=[5795835]
07:HASH JOIN [INNER JOIN, BROADCAST]
|  hash-table-id=03
|  hash predicates: ss_addr_sk = ca_address_sk
|  fk/pk conjuncts: ss_addr_sk = ca_address_sk
|  mem-estimate=0B mem-reservation=0B spill-buffer=64.00KB thread-reservation=0
|  tuple-ids=0,1,2 row-size=40B cardinality=27.62K cost=170550
|  in pipelines: 01(GETNEXT), 03(OPEN)
|
|--F27:PLAN FRAGMENT [RANDOM] hosts=3 instances=3
|  |  Per-Instance Resources: mem-estimate=4.95MB mem-reservation=4.88MB thread-reservation=1 runtime-filters-memory=1.00MB
|  |  max-parallelism=3 segment-costs=[8359]
|  JOIN BUILD
|  |  join-table-id=03 plan-id=04 cohort-id=01
|  |  build expressions: ca_address_sk
|  |  runtime filters: RF004[bloom] <- ca_address_sk, RF005[min_max] <- ca_address_sk
|  |  mem-estimate=3.88MB mem-reservation=3.88MB spill-buffer=64.00KB thread-reservation=0 cost=8074
|  |
|  34:EXCHANGE [BROADCAST]
|  |  mem-estimate=75.08KB mem-reservation=0B thread-reservation=0
|  |  tuple-ids=2 row-size=8B cardinality=8.07K cost=285
|  |  in pipelines: 03(GETNEXT)
|  |
|  F02:PLAN FRAGMENT [RANDOM] hosts=1 instances=1
|  Per-Instance Resources: mem-estimate=16.05MB mem-reservation=256.00KB thread-reservation=1
|  max-parallelism=1 segment-costs=[100486]
|  03:SCAN HDFS [tpcds_partitioned_parquet_snap.customer_address, RANDOM]
|     HDFS partitions=1/1 files=1 size=1.16MB
|     predicates: ca_gmt_offset = CAST(-5 AS DECIMAL(3,0))
|     stored statistics:
|       table: rows=50.00K size=1.16MB
|       columns: all
|     extrapolated-rows=disabled max-scan-range-rows=50.00K
|     parquet statistics predicates: ca_gmt_offset = CAST(-5 AS DECIMAL(3,0))
|     parquet dictionary predicates: ca_gmt_offset = CAST(-5 AS DECIMAL(3,0))
|     mem-estimate=16.00MB mem-reservation=256.00KB thread-reservation=0
|     tuple-ids=2 row-size=8B cardinality=8.07K cost=100391
|     in pipelines: 03(GETNEXT)
|
06:HASH JOIN [INNER JOIN, BROADCAST]
|  hash-table-id=04
|  hash predicates: ss_sold_date_sk = d_date_sk
|  fk/pk conjuncts: ss_sold_date_sk = d_date_sk
|  mem-estimate=0B mem-reservation=0B spill-buffer=64.00KB thread-reservation=0
|  tuple-ids=0,1 row-size=32B cardinality=170.55K(filtered from 170.55K) cost=170550
|  in pipelines: 01(GETNEXT), 02(OPEN)
|
|--F28:PLAN FRAGMENT [RANDOM] hosts=3 instances=3
|  |  Per-Instance Resources: mem-estimate=4.89MB mem-reservation=4.88MB thread-reservation=1 runtime-filters-memory=1.00MB
|  |  max-parallelism=3 segment-costs=[114]
|  JOIN BUILD
|  |  join-table-id=04 plan-id=05 cohort-id=01
|  |  build expressions: d_date_sk
|  |  runtime filters: RF006[bloom] <- d_date_sk
|  |  mem-estimate=3.88MB mem-reservation=3.88MB spill-buffer=64.00KB thread-reservation=0 cost=108
|  |
|  33:EXCHANGE [BROADCAST]
|  |  mem-estimate=16.00KB mem-reservation=0B thread-reservation=0
|  |  tuple-ids=1 row-size=12B cardinality=108 cost=6
|  |  in pipelines: 02(GETNEXT)
|  |
|  F01:PLAN FRAGMENT [RANDOM] hosts=1 instances=1
|  Per-Instance Resources: mem-estimate=16.06MB mem-reservation=512.00KB thread-reservation=1
|  max-parallelism=1 segment-costs=[196957]
|  02:SCAN HDFS [tpcds_partitioned_parquet_snap.date_dim, RANDOM]
|     HDFS partitions=1/1 files=1 size=2.15MB
|     predicates: d_year = CAST(1998 AS INT), d_moy = CAST(9 AS INT)
|     stored statistics:
|       table: rows=73.05K size=2.15MB
|       columns: all
|     extrapolated-rows=disabled max-scan-range-rows=73.05K
|     parquet statistics predicates: d_year = CAST(1998 AS INT), d_moy = CAST(9 AS INT)
|     parquet dictionary predicates: d_year = CAST(1998 AS INT), d_moy = CAST(9 AS INT)
|     mem-estimate=16.00MB mem-reservation=512.00KB thread-reservation=0
|     tuple-ids=1 row-size=12B cardinality=108 cost=196955
|     in pipelines: 02(GETNEXT)
|
01:SCAN HDFS [tpcds_partitioned_parquet_snap.store_sales, RANDOM]
   HDFS partitions=1824/1824 files=1824 size=199.36MB
   runtime filters: RF005[min_max] -> ss_addr_sk, RF003[min_max] -> ss_item_sk, RF006[bloom] -> ss_sold_date_sk, RF004[bloom] -> ss_addr_sk, RF002[bloom] -> ss_item_sk
   stored statistics:
     table: rows=2.88M size=199.36MB
     partitions: 1824/1824 rows=2.88M
     columns: all
   extrapolated-rows=disabled max-scan-range-rows=130.09K est-scan-range=109(filtered from 1824)
   mem-estimate=16.00MB mem-reservation=2.00MB thread-reservation=0
   tuple-ids=0 row-size=20B cardinality=170.55K(filtered from 2.88M) cost=5453332
   in pipelines: 01(GETNEXT)
====
