# TPCDS-Q31
WITH ss AS
  (SELECT ca_county,
          d_qoy,
          d_year,
          sum(ss_ext_sales_price) AS store_sales
   FROM store_sales,
        date_dim,
        customer_address
   WHERE ss_sold_date_sk = d_date_sk
     AND ss_addr_sk=ca_address_sk
   GROUP BY ca_county,
            d_qoy,
            d_year),
     ws AS
  (SELECT ca_county,
          d_qoy,
          d_year,
          sum(ws_ext_sales_price) AS web_sales
   FROM web_sales,
        date_dim,
        customer_address
   WHERE ws_sold_date_sk = d_date_sk
     AND ws_bill_addr_sk=ca_address_sk
   GROUP BY ca_county,
            d_qoy,
            d_year)
SELECT ss1.ca_county ,
       ss1.d_year ,
       (ws2.web_sales*1.0000)/ws1.web_sales web_q1_q2_increase ,
       (ss2.store_sales*1.0000)/ss1.store_sales store_q1_q2_increase ,
       (ws3.web_sales*1.0000)/ws2.web_sales web_q2_q3_increase ,
       (ss3.store_sales*1.0000)/ss2.store_sales store_q2_q3_increase
FROM ss ss1 ,
     ss ss2 ,
     ss ss3 ,
     ws ws1 ,
     ws ws2 ,
     ws ws3
WHERE ss1.d_qoy = 1
  AND ss1.d_year = 2000
  AND ss1.ca_county = ss2.ca_county
  AND ss2.d_qoy = 2
  AND ss2.d_year = 2000
  AND ss2.ca_county = ss3.ca_county
  AND ss3.d_qoy = 3
  AND ss3.d_year = 2000
  AND ss1.ca_county = ws1.ca_county
  AND ws1.d_qoy = 1
  AND ws1.d_year = 2000
  AND ws1.ca_county = ws2.ca_county
  AND ws2.d_qoy = 2
  AND ws2.d_year = 2000
  AND ws1.ca_county = ws3.ca_county
  AND ws3.d_qoy = 3
  AND ws3.d_year = 2000
  AND CASE
          WHEN ws1.web_sales > 0 THEN (ws2.web_sales*1.0000)/ws1.web_sales
          ELSE NULL
      END > CASE
                WHEN ss1.store_sales > 0 THEN (ss2.store_sales*1.0000)/ss1.store_sales
                ELSE NULL
            END
  AND CASE
          WHEN ws2.web_sales > 0 THEN (ws3.web_sales*1.0000)/ws2.web_sales
          ELSE NULL
      END > CASE
                WHEN ss2.store_sales > 0 THEN (ss3.store_sales*1.0000)/ss2.store_sales
                ELSE NULL
            END
ORDER BY ss1.ca_county;
---- PLAN
Max Per-Host Resource Reservation: Memory=238.69MB Threads=1
Per-Host Resource Estimates: Memory=55.28PB
F00:PLAN FRAGMENT [UNPARTITIONED] hosts=1 instances=1
|  Per-Instance Resources: mem-estimate=55.28PB mem-reservation=238.69MB thread-reservation=1 runtime-filters-memory=10.00MB
|  max-parallelism=1 segment-costs=[11414402, 10089618, 10089618, 10089618, 11414402, 11414402, 497256174536267, 2964997386797056]
PLAN-ROOT SINK
|  output exprs: ca_county, d_year, (web_sales * CAST(1.0000 AS DECIMAL(5,4))) / web_sales, (store_sales * CAST(1.0000 AS DECIMAL(5,4))) / store_sales, (web_sales * CAST(1.0000 AS DECIMAL(5,4))) / web_sales, (store_sales * CAST(1.0000 AS DECIMAL(5,4))) / store_sales
|  mem-estimate=100.00MB mem-reservation=4.00MB spill-buffer=2.00MB thread-reservation=0 cost=2964997386797056
|
41:SORT
|  order by: ca_county ASC
|  mem-estimate=55.28PB mem-reservation=12.00MB spill-buffer=2.00MB thread-reservation=0
|  tuple-ids=30 row-size=126B cardinality=494.17T cost=494166219948032
|  in pipelines: 41(GETNEXT), 05(OPEN)
|
40:HASH JOIN [INNER JOIN]
|  hash predicates: ca_county = ca_county
|  fk/pk conjuncts: none
|  other predicates: CASE WHEN sum(ws_ext_sales_price) > CAST(0 AS DECIMAL(3,0)) THEN (sum(ws_ext_sales_price) * CAST(1.0000 AS DECIMAL(5,4))) / sum(ws_ext_sales_price) ELSE NULL END > CASE WHEN sum(ss_ext_sales_price) > CAST(0 AS DECIMAL(3,0)) THEN (sum(ss_ext_sales_price) * CAST(1.0000 AS DECIMAL(5,4))) / sum(ss_ext_sales_price) ELSE NULL END
|  runtime filters: RF001[min_max] <- ca_county
|  mem-estimate=34.00MB mem-reservation=34.00MB spill-buffer=2.00MB thread-reservation=0
|  tuple-ids=3,18,23,28,8,13 row-size=300B cardinality=494.17T cost=3070390205278
|  in pipelines: 05(GETNEXT), 17(OPEN)
|
|--17:AGGREGATE [FINALIZE]
|  |  output: sum(ss_ext_sales_price)
|  |  group by: ca_county, d_qoy, d_year
|  |  mem-estimate=34.00MB mem-reservation=34.00MB spill-buffer=2.00MB thread-reservation=0
|  |  tuple-ids=13 row-size=50B cardinality=293.73K cost=1174904
|  |  in pipelines: 17(GETNEXT), 12(OPEN)
|  |
|  16:HASH JOIN [INNER JOIN]
|  |  hash predicates: ss_addr_sk = ca_address_sk
|  |  fk/pk conjuncts: ss_addr_sk = ca_address_sk
|  |  runtime filters: RF031[min_max] <- ca_address_sk
|  |  mem-estimate=4.75MB mem-reservation=4.75MB spill-buffer=256.00KB thread-reservation=0
|  |  tuple-ids=10,11,12 row-size=54B cardinality=293.73K cost=343726
|  |  in pipelines: 12(GETNEXT), 14(OPEN)
|  |
|  |--14:SCAN HDFS [tpcds_partitioned_parquet_snap.customer_address]
|  |     HDFS partitions=1/1 files=1 size=1.16MB
|  |     stored statistics:
|  |       table: rows=50.00K size=1.16MB
|  |       columns: all
|  |     extrapolated-rows=disabled max-scan-range-rows=50.00K
|  |     mem-estimate=16.00MB mem-reservation=512.00KB thread-reservation=0
|  |     tuple-ids=12 row-size=30B cardinality=50.00K cost=51463
|  |     in pipelines: 14(GETNEXT)
|  |
|  15:HASH JOIN [INNER JOIN]
|  |  hash predicates: ss_sold_date_sk = d_date_sk
|  |  fk/pk conjuncts: ss_sold_date_sk = d_date_sk
|  |  runtime filters: RF032[bloom] <- d_date_sk
|  |  mem-estimate=1.94MB mem-reservation=1.94MB spill-buffer=64.00KB thread-reservation=0
|  |  tuple-ids=10,11 row-size=24B cardinality=293.73K cost=293912
|  |  in pipelines: 12(GETNEXT), 13(OPEN)
|  |
|  |--13:SCAN HDFS [tpcds_partitioned_parquet_snap.date_dim]
|  |     HDFS partitions=1/1 files=1 size=2.15MB
|  |     predicates: tpcds_partitioned_parquet_snap.date_dim.d_year = CAST(2000 AS INT), tpcds_partitioned_parquet_snap.date_dim.d_qoy = CAST(3 AS INT)
|  |     stored statistics:
|  |       table: rows=73.05K size=2.15MB
|  |       columns: all
|  |     extrapolated-rows=disabled max-scan-range-rows=73.05K
|  |     parquet statistics predicates: tpcds_partitioned_parquet_snap.date_dim.d_year = CAST(2000 AS INT), tpcds_partitioned_parquet_snap.date_dim.d_qoy = CAST(3 AS INT)
|  |     parquet dictionary predicates: tpcds_partitioned_parquet_snap.date_dim.d_year = CAST(2000 AS INT), tpcds_partitioned_parquet_snap.date_dim.d_qoy = CAST(3 AS INT)
|  |     mem-estimate=16.00MB mem-reservation=512.00KB thread-reservation=0
|  |     tuple-ids=11 row-size=12B cardinality=186 cost=196955
|  |     in pipelines: 13(GETNEXT)
|  |
|  12:SCAN HDFS [tpcds_partitioned_parquet_snap.store_sales]
|     HDFS partitions=1824/1824 files=1824 size=199.36MB
|     runtime filters: RF031[min_max] -> ss_addr_sk, RF032[bloom] -> ss_sold_date_sk
|     stored statistics:
|       table: rows=2.88M size=199.36MB
|       partitions: 1824/1824 rows=2.88M
|       columns: all
|     extrapolated-rows=disabled max-scan-range-rows=130.09K est-scan-range=187(filtered from 1824)
|     mem-estimate=16.00MB mem-reservation=1.00MB thread-reservation=0
|     tuple-ids=10 row-size=12B cardinality=293.73K(filtered from 2.88M) cost=9353442
|     in pipelines: 12(GETNEXT)
|
39:HASH JOIN [INNER JOIN]
|  hash predicates: ca_county = ca_county
|  fk/pk conjuncts: none
|  other predicates: CASE WHEN sum(ws_ext_sales_price) > CAST(0 AS DECIMAL(3,0)) THEN (sum(ws_ext_sales_price) * CAST(1.0000 AS DECIMAL(5,4))) / sum(ws_ext_sales_price) ELSE NULL END > CASE WHEN sum(ss_ext_sales_price) > CAST(0 AS DECIMAL(3,0)) THEN (sum(ss_ext_sales_price) * CAST(1.0000 AS DECIMAL(5,4))) / sum(ss_ext_sales_price) ELSE NULL END
|  runtime filters: RF003[min_max] <- ca_county
|  mem-estimate=34.00MB mem-reservation=34.00MB spill-buffer=2.00MB thread-reservation=0
|  tuple-ids=3,18,23,28,8 row-size=250B cardinality=3.07T cost=19077466974
|  in pipelines: 05(GETNEXT), 11(OPEN)
|
|--11:AGGREGATE [FINALIZE]
|  |  output: sum(ss_ext_sales_price)
|  |  group by: ca_county, d_qoy, d_year
|  |  mem-estimate=34.00MB mem-reservation=34.00MB spill-buffer=2.00MB thread-reservation=0
|  |  tuple-ids=8 row-size=50B cardinality=293.73K cost=1174904
|  |  in pipelines: 11(GETNEXT), 06(OPEN)
|  |
|  10:HASH JOIN [INNER JOIN]
|  |  hash predicates: ss_addr_sk = ca_address_sk
|  |  fk/pk conjuncts: ss_addr_sk = ca_address_sk
|  |  runtime filters: RF027[min_max] <- ca_address_sk
|  |  mem-estimate=4.75MB mem-reservation=4.75MB spill-buffer=256.00KB thread-reservation=0
|  |  tuple-ids=5,6,7 row-size=54B cardinality=293.73K cost=343726
|  |  in pipelines: 06(GETNEXT), 08(OPEN)
|  |
|  |--08:SCAN HDFS [tpcds_partitioned_parquet_snap.customer_address]
|  |     HDFS partitions=1/1 files=1 size=1.16MB
|  |     runtime filters: RF001[min_max] -> tpcds_partitioned_parquet_snap.customer_address.ca_county
|  |     stored statistics:
|  |       table: rows=50.00K size=1.16MB
|  |       columns: all
|  |     extrapolated-rows=disabled max-scan-range-rows=50.00K
|  |     mem-estimate=16.00MB mem-reservation=512.00KB thread-reservation=0
|  |     tuple-ids=7 row-size=30B cardinality=50.00K cost=51463
|  |     in pipelines: 08(GETNEXT)
|  |
|  09:HASH JOIN [INNER JOIN]
|  |  hash predicates: ss_sold_date_sk = d_date_sk
|  |  fk/pk conjuncts: ss_sold_date_sk = d_date_sk
|  |  runtime filters: RF028[bloom] <- d_date_sk
|  |  mem-estimate=1.94MB mem-reservation=1.94MB spill-buffer=64.00KB thread-reservation=0
|  |  tuple-ids=5,6 row-size=24B cardinality=293.73K cost=293912
|  |  in pipelines: 06(GETNEXT), 07(OPEN)
|  |
|  |--07:SCAN HDFS [tpcds_partitioned_parquet_snap.date_dim]
|  |     HDFS partitions=1/1 files=1 size=2.15MB
|  |     predicates: tpcds_partitioned_parquet_snap.date_dim.d_year = CAST(2000 AS INT), tpcds_partitioned_parquet_snap.date_dim.d_qoy = CAST(2 AS INT)
|  |     stored statistics:
|  |       table: rows=73.05K size=2.15MB
|  |       columns: all
|  |     extrapolated-rows=disabled max-scan-range-rows=73.05K
|  |     parquet statistics predicates: tpcds_partitioned_parquet_snap.date_dim.d_year = CAST(2000 AS INT), tpcds_partitioned_parquet_snap.date_dim.d_qoy = CAST(2 AS INT)
|  |     parquet dictionary predicates: tpcds_partitioned_parquet_snap.date_dim.d_year = CAST(2000 AS INT), tpcds_partitioned_parquet_snap.date_dim.d_qoy = CAST(2 AS INT)
|  |     mem-estimate=16.00MB mem-reservation=512.00KB thread-reservation=0
|  |     tuple-ids=6 row-size=12B cardinality=186 cost=196955
|  |     in pipelines: 07(GETNEXT)
|  |
|  06:SCAN HDFS [tpcds_partitioned_parquet_snap.store_sales]
|     HDFS partitions=1824/1824 files=1824 size=199.36MB
|     runtime filters: RF027[min_max] -> ss_addr_sk, RF028[bloom] -> ss_sold_date_sk
|     stored statistics:
|       table: rows=2.88M size=199.36MB
|       partitions: 1824/1824 rows=2.88M
|       columns: all
|     extrapolated-rows=disabled max-scan-range-rows=130.09K est-scan-range=187(filtered from 1824)
|     mem-estimate=16.00MB mem-reservation=1.00MB thread-reservation=0
|     tuple-ids=5 row-size=12B cardinality=293.73K(filtered from 2.88M) cost=9353442
|     in pipelines: 06(GETNEXT)
|
38:HASH JOIN [INNER JOIN]
|  hash predicates: ca_county = ca_county
|  fk/pk conjuncts: none
|  runtime filters: RF005[min_max] <- ca_county
|  mem-estimate=8.50MB mem-reservation=8.50MB spill-buffer=512.00KB thread-reservation=0
|  tuple-ids=3,18,23,28 row-size=200B cardinality=19.08G cost=474668719
|  in pipelines: 05(GETNEXT), 35(OPEN)
|
|--35:AGGREGATE [FINALIZE]
|  |  output: sum(ws_ext_sales_price)
|  |  group by: ca_county, d_qoy, d_year
|  |  mem-estimate=10.00MB mem-reservation=8.50MB spill-buffer=512.00KB thread-reservation=0
|  |  tuple-ids=28 row-size=50B cardinality=73.36K cost=293436
|  |  in pipelines: 35(GETNEXT), 30(OPEN)
|  |
|  34:HASH JOIN [INNER JOIN]
|  |  hash predicates: ws_bill_addr_sk = ca_address_sk
|  |  fk/pk conjuncts: ws_bill_addr_sk = ca_address_sk
|  |  runtime filters: RF022[bloom] <- ca_address_sk, RF023[min_max] <- ca_address_sk
|  |  mem-estimate=4.75MB mem-reservation=4.75MB spill-buffer=256.00KB thread-reservation=0
|  |  tuple-ids=25,26,27 row-size=54B cardinality=73.36K cost=123359
|  |  in pipelines: 30(GETNEXT), 32(OPEN)
|  |
|  |--32:SCAN HDFS [tpcds_partitioned_parquet_snap.customer_address]
|  |     HDFS partitions=1/1 files=1 size=1.16MB
|  |     runtime filters: RF003[min_max] -> tpcds_partitioned_parquet_snap.customer_address.ca_county, RF001[min_max] -> tpcds_partitioned_parquet_snap.customer_address.ca_county
|  |     stored statistics:
|  |       table: rows=50.00K size=1.16MB
|  |       columns: all
|  |     extrapolated-rows=disabled max-scan-range-rows=50.00K
|  |     mem-estimate=16.00MB mem-reservation=512.00KB thread-reservation=0
|  |     tuple-ids=27 row-size=30B cardinality=50.00K cost=51463
|  |     in pipelines: 32(GETNEXT)
|  |
|  33:HASH JOIN [INNER JOIN]
|  |  hash predicates: ws_sold_date_sk = d_date_sk
|  |  fk/pk conjuncts: ws_sold_date_sk = d_date_sk
|  |  runtime filters: RF024[bloom] <- d_date_sk
|  |  mem-estimate=1.94MB mem-reservation=1.94MB spill-buffer=64.00KB thread-reservation=0
|  |  tuple-ids=25,26 row-size=24B cardinality=73.36K cost=73545
|  |  in pipelines: 30(GETNEXT), 31(OPEN)
|  |
|  |--31:SCAN HDFS [tpcds_partitioned_parquet_snap.date_dim]
|  |     HDFS partitions=1/1 files=1 size=2.15MB
|  |     predicates: tpcds_partitioned_parquet_snap.date_dim.d_year = CAST(2000 AS INT), tpcds_partitioned_parquet_snap.date_dim.d_qoy = CAST(3 AS INT)
|  |     stored statistics:
|  |       table: rows=73.05K size=2.15MB
|  |       columns: all
|  |     extrapolated-rows=disabled max-scan-range-rows=73.05K
|  |     parquet statistics predicates: tpcds_partitioned_parquet_snap.date_dim.d_year = CAST(2000 AS INT), tpcds_partitioned_parquet_snap.date_dim.d_qoy = CAST(3 AS INT)
|  |     parquet dictionary predicates: tpcds_partitioned_parquet_snap.date_dim.d_year = CAST(2000 AS INT), tpcds_partitioned_parquet_snap.date_dim.d_qoy = CAST(3 AS INT)
|  |     mem-estimate=16.00MB mem-reservation=512.00KB thread-reservation=0
|  |     tuple-ids=26 row-size=12B cardinality=186 cost=196955
|  |     in pipelines: 31(GETNEXT)
|  |
|  30:SCAN HDFS [tpcds_partitioned_parquet_snap.web_sales]
|     HDFS partitions=1824/1824 files=1824 size=84.20MB
|     runtime filters: RF023[min_max] -> ws_bill_addr_sk, RF024[bloom] -> ws_sold_date_sk, RF022[bloom] -> ws_bill_addr_sk
|     stored statistics:
|       table: rows=719.38K size=84.20MB
|       partitions: 1824/1824 rows=719.38K
|       columns: all
|     extrapolated-rows=disabled max-scan-range-rows=1.12K est-scan-range=187(filtered from 1824)
|     mem-estimate=16.00MB mem-reservation=128.00KB thread-reservation=0
|     tuple-ids=25 row-size=12B cardinality=73.36K(filtered from 719.38K) cost=9350860
|     in pipelines: 30(GETNEXT)
|
37:HASH JOIN [INNER JOIN]
|  hash predicates: ca_county = ca_county
|  fk/pk conjuncts: none
|  runtime filters: RF007[min_max] <- ca_county
|  mem-estimate=8.50MB mem-reservation=8.50MB spill-buffer=512.00KB thread-reservation=0
|  tuple-ids=3,18,23 row-size=150B cardinality=474.60M cost=11880179
|  in pipelines: 05(GETNEXT), 29(OPEN)
|
|--29:AGGREGATE [FINALIZE]
|  |  output: sum(ws_ext_sales_price)
|  |  group by: ca_county, d_qoy, d_year
|  |  mem-estimate=10.00MB mem-reservation=8.50MB spill-buffer=512.00KB thread-reservation=0
|  |  tuple-ids=23 row-size=50B cardinality=73.36K cost=293436
|  |  in pipelines: 29(GETNEXT), 24(OPEN)
|  |
|  28:HASH JOIN [INNER JOIN]
|  |  hash predicates: ws_bill_addr_sk = ca_address_sk
|  |  fk/pk conjuncts: ws_bill_addr_sk = ca_address_sk
|  |  runtime filters: RF018[bloom] <- ca_address_sk, RF019[min_max] <- ca_address_sk
|  |  mem-estimate=4.75MB mem-reservation=4.75MB spill-buffer=256.00KB thread-reservation=0
|  |  tuple-ids=20,21,22 row-size=54B cardinality=73.36K cost=123359
|  |  in pipelines: 24(GETNEXT), 26(OPEN)
|  |
|  |--26:SCAN HDFS [tpcds_partitioned_parquet_snap.customer_address]
|  |     HDFS partitions=1/1 files=1 size=1.16MB
|  |     runtime filters: RF005[min_max] -> tpcds_partitioned_parquet_snap.customer_address.ca_county, RF003[min_max] -> tpcds_partitioned_parquet_snap.customer_address.ca_county, RF001[min_max] -> tpcds_partitioned_parquet_snap.customer_address.ca_county
|  |     stored statistics:
|  |       table: rows=50.00K size=1.16MB
|  |       columns: all
|  |     extrapolated-rows=disabled max-scan-range-rows=50.00K
|  |     mem-estimate=16.00MB mem-reservation=512.00KB thread-reservation=0
|  |     tuple-ids=22 row-size=30B cardinality=50.00K cost=51463
|  |     in pipelines: 26(GETNEXT)
|  |
|  27:HASH JOIN [INNER JOIN]
|  |  hash predicates: ws_sold_date_sk = d_date_sk
|  |  fk/pk conjuncts: ws_sold_date_sk = d_date_sk
|  |  runtime filters: RF020[bloom] <- d_date_sk
|  |  mem-estimate=1.94MB mem-reservation=1.94MB spill-buffer=64.00KB thread-reservation=0
|  |  tuple-ids=20,21 row-size=24B cardinality=73.36K cost=73545
|  |  in pipelines: 24(GETNEXT), 25(OPEN)
|  |
|  |--25:SCAN HDFS [tpcds_partitioned_parquet_snap.date_dim]
|  |     HDFS partitions=1/1 files=1 size=2.15MB
|  |     predicates: tpcds_partitioned_parquet_snap.date_dim.d_year = CAST(2000 AS INT), tpcds_partitioned_parquet_snap.date_dim.d_qoy = CAST(2 AS INT)
|  |     stored statistics:
|  |       table: rows=73.05K size=2.15MB
|  |       columns: all
|  |     extrapolated-rows=disabled max-scan-range-rows=73.05K
|  |     parquet statistics predicates: tpcds_partitioned_parquet_snap.date_dim.d_year = CAST(2000 AS INT), tpcds_partitioned_parquet_snap.date_dim.d_qoy = CAST(2 AS INT)
|  |     parquet dictionary predicates: tpcds_partitioned_parquet_snap.date_dim.d_year = CAST(2000 AS INT), tpcds_partitioned_parquet_snap.date_dim.d_qoy = CAST(2 AS INT)
|  |     mem-estimate=16.00MB mem-reservation=512.00KB thread-reservation=0
|  |     tuple-ids=21 row-size=12B cardinality=186 cost=196955
|  |     in pipelines: 25(GETNEXT)
|  |
|  24:SCAN HDFS [tpcds_partitioned_parquet_snap.web_sales]
|     HDFS partitions=1824/1824 files=1824 size=84.20MB
|     runtime filters: RF019[min_max] -> ws_bill_addr_sk, RF020[bloom] -> ws_sold_date_sk, RF018[bloom] -> ws_bill_addr_sk
|     stored statistics:
|       table: rows=719.38K size=84.20MB
|       partitions: 1824/1824 rows=719.38K
|       columns: all
|     extrapolated-rows=disabled max-scan-range-rows=1.12K est-scan-range=187(filtered from 1824)
|     mem-estimate=16.00MB mem-reservation=128.00KB thread-reservation=0
|     tuple-ids=20 row-size=12B cardinality=73.36K(filtered from 719.38K) cost=9350860
|     in pipelines: 24(GETNEXT)
|
36:HASH JOIN [INNER JOIN]
|  hash predicates: ca_county = ca_county
|  fk/pk conjuncts: none
|  runtime filters: RF009[min_max] <- ca_county
|  mem-estimate=8.50MB mem-reservation=8.50MB spill-buffer=512.00KB thread-reservation=0
|  tuple-ids=3,18 row-size=100B cardinality=11.81M cost=367085
|  in pipelines: 05(GETNEXT), 23(OPEN)
|
|--23:AGGREGATE [FINALIZE]
|  |  output: sum(ws_ext_sales_price)
|  |  group by: ca_county, d_qoy, d_year
|  |  mem-estimate=10.00MB mem-reservation=8.50MB spill-buffer=512.00KB thread-reservation=0
|  |  tuple-ids=18 row-size=50B cardinality=73.36K cost=293436
|  |  in pipelines: 23(GETNEXT), 18(OPEN)
|  |
|  22:HASH JOIN [INNER JOIN]
|  |  hash predicates: ws_bill_addr_sk = ca_address_sk
|  |  fk/pk conjuncts: ws_bill_addr_sk = ca_address_sk
|  |  runtime filters: RF014[bloom] <- ca_address_sk, RF015[min_max] <- ca_address_sk
|  |  mem-estimate=4.75MB mem-reservation=4.75MB spill-buffer=256.00KB thread-reservation=0
|  |  tuple-ids=15,16,17 row-size=54B cardinality=73.36K cost=123359
|  |  in pipelines: 18(GETNEXT), 20(OPEN)
|  |
|  |--20:SCAN HDFS [tpcds_partitioned_parquet_snap.customer_address]
|  |     HDFS partitions=1/1 files=1 size=1.16MB
|  |     runtime filters: RF007[min_max] -> tpcds_partitioned_parquet_snap.customer_address.ca_county, RF005[min_max] -> tpcds_partitioned_parquet_snap.customer_address.ca_county, RF003[min_max] -> tpcds_partitioned_parquet_snap.customer_address.ca_county, RF001[min_max] -> tpcds_partitioned_parquet_snap.customer_address.ca_county
|  |     stored statistics:
|  |       table: rows=50.00K size=1.16MB
|  |       columns: all
|  |     extrapolated-rows=disabled max-scan-range-rows=50.00K
|  |     mem-estimate=16.00MB mem-reservation=512.00KB thread-reservation=0
|  |     tuple-ids=17 row-size=30B cardinality=50.00K cost=51463
|  |     in pipelines: 20(GETNEXT)
|  |
|  21:HASH JOIN [INNER JOIN]
|  |  hash predicates: ws_sold_date_sk = d_date_sk
|  |  fk/pk conjuncts: ws_sold_date_sk = d_date_sk
|  |  runtime filters: RF016[bloom] <- d_date_sk
|  |  mem-estimate=1.94MB mem-reservation=1.94MB spill-buffer=64.00KB thread-reservation=0
|  |  tuple-ids=15,16 row-size=24B cardinality=73.36K cost=73545
|  |  in pipelines: 18(GETNEXT), 19(OPEN)
|  |
|  |--19:SCAN HDFS [tpcds_partitioned_parquet_snap.date_dim]
|  |     HDFS partitions=1/1 files=1 size=2.15MB
|  |     predicates: tpcds_partitioned_parquet_snap.date_dim.d_year = CAST(2000 AS INT), tpcds_partitioned_parquet_snap.date_dim.d_qoy = CAST(1 AS INT)
|  |     stored statistics:
|  |       table: rows=73.05K size=2.15MB
|  |       columns: all
|  |     extrapolated-rows=disabled max-scan-range-rows=73.05K
|  |     parquet statistics predicates: tpcds_partitioned_parquet_snap.date_dim.d_year = CAST(2000 AS INT), tpcds_partitioned_parquet_snap.date_dim.d_qoy = CAST(1 AS INT)
|  |     parquet dictionary predicates: tpcds_partitioned_parquet_snap.date_dim.d_year = CAST(2000 AS INT), tpcds_partitioned_parquet_snap.date_dim.d_qoy = CAST(1 AS INT)
|  |     mem-estimate=16.00MB mem-reservation=512.00KB thread-reservation=0
|  |     tuple-ids=16 row-size=12B cardinality=186 cost=196955
|  |     in pipelines: 19(GETNEXT)
|  |
|  18:SCAN HDFS [tpcds_partitioned_parquet_snap.web_sales]
|     HDFS partitions=1824/1824 files=1824 size=84.20MB
|     runtime filters: RF015[min_max] -> ws_bill_addr_sk, RF016[bloom] -> ws_sold_date_sk, RF014[bloom] -> ws_bill_addr_sk
|     stored statistics:
|       table: rows=719.38K size=84.20MB
|       partitions: 1824/1824 rows=719.38K
|       columns: all
|     extrapolated-rows=disabled max-scan-range-rows=1.12K est-scan-range=187(filtered from 1824)
|     mem-estimate=16.00MB mem-reservation=128.00KB thread-reservation=0
|     tuple-ids=15 row-size=12B cardinality=73.36K(filtered from 719.38K) cost=9350860
|     in pipelines: 18(GETNEXT)
|
05:AGGREGATE [FINALIZE]
|  output: sum(ss_ext_sales_price)
|  group by: ca_county, d_qoy, d_year
|  mem-estimate=34.00MB mem-reservation=34.00MB spill-buffer=2.00MB thread-reservation=0
|  tuple-ids=3 row-size=50B cardinality=293.73K cost=1174904
|  in pipelines: 05(GETNEXT), 00(OPEN)
|
04:HASH JOIN [INNER JOIN]
|  hash predicates: ss_addr_sk = ca_address_sk
|  fk/pk conjuncts: ss_addr_sk = ca_address_sk
|  runtime filters: RF010[bloom] <- ca_address_sk, RF011[min_max] <- ca_address_sk
|  mem-estimate=4.75MB mem-reservation=4.75MB spill-buffer=256.00KB thread-reservation=0
|  tuple-ids=0,1,2 row-size=54B cardinality=293.73K cost=343726
|  in pipelines: 00(GETNEXT), 02(OPEN)
|
|--02:SCAN HDFS [tpcds_partitioned_parquet_snap.customer_address]
|     HDFS partitions=1/1 files=1 size=1.16MB
|     runtime filters: RF007[min_max] -> tpcds_partitioned_parquet_snap.customer_address.ca_county, RF005[min_max] -> tpcds_partitioned_parquet_snap.customer_address.ca_county, RF009[min_max] -> tpcds_partitioned_parquet_snap.customer_address.ca_county, RF003[min_max] -> tpcds_partitioned_parquet_snap.customer_address.ca_county, RF001[min_max] -> tpcds_partitioned_parquet_snap.customer_address.ca_county
|     stored statistics:
|       table: rows=50.00K size=1.16MB
|       columns: all
|     extrapolated-rows=disabled max-scan-range-rows=50.00K
|     mem-estimate=16.00MB mem-reservation=512.00KB thread-reservation=0
|     tuple-ids=2 row-size=30B cardinality=50.00K cost=51463
|     in pipelines: 02(GETNEXT)
|
03:HASH JOIN [INNER JOIN]
|  hash predicates: ss_sold_date_sk = d_date_sk
|  fk/pk conjuncts: ss_sold_date_sk = d_date_sk
|  runtime filters: RF012[bloom] <- d_date_sk
|  mem-estimate=1.94MB mem-reservation=1.94MB spill-buffer=64.00KB thread-reservation=0
|  tuple-ids=0,1 row-size=24B cardinality=293.73K cost=293912
|  in pipelines: 00(GETNEXT), 01(OPEN)
|
|--01:SCAN HDFS [tpcds_partitioned_parquet_snap.date_dim]
|     HDFS partitions=1/1 files=1 size=2.15MB
|     predicates: tpcds_partitioned_parquet_snap.date_dim.d_year = CAST(2000 AS INT), tpcds_partitioned_parquet_snap.date_dim.d_qoy = CAST(1 AS INT)
|     stored statistics:
|       table: rows=73.05K size=2.15MB
|       columns: all
|     extrapolated-rows=disabled max-scan-range-rows=73.05K
|     parquet statistics predicates: tpcds_partitioned_parquet_snap.date_dim.d_year = CAST(2000 AS INT), tpcds_partitioned_parquet_snap.date_dim.d_qoy = CAST(1 AS INT)
|     parquet dictionary predicates: tpcds_partitioned_parquet_snap.date_dim.d_year = CAST(2000 AS INT), tpcds_partitioned_parquet_snap.date_dim.d_qoy = CAST(1 AS INT)
|     mem-estimate=16.00MB mem-reservation=512.00KB thread-reservation=0
|     tuple-ids=1 row-size=12B cardinality=186 cost=196955
|     in pipelines: 01(GETNEXT)
|
00:SCAN HDFS [tpcds_partitioned_parquet_snap.store_sales]
   HDFS partitions=1824/1824 files=1824 size=199.36MB
   runtime filters: RF011[min_max] -> ss_addr_sk, RF012[bloom] -> ss_sold_date_sk, RF010[bloom] -> ss_addr_sk
   stored statistics:
     table: rows=2.88M size=199.36MB
     partitions: 1824/1824 rows=2.88M
     columns: all
   extrapolated-rows=disabled max-scan-range-rows=130.09K est-scan-range=187(filtered from 1824)
   mem-estimate=16.00MB mem-reservation=1.00MB thread-reservation=0
   tuple-ids=0 row-size=12B cardinality=293.73K(filtered from 2.88M) cost=9353442
   in pipelines: 00(GETNEXT)
---- DISTRIBUTEDPLAN
Max Per-Host Resource Reservation: Memory=1.85GB Threads=77
Per-Host Resource Estimates: Memory=18.43PB
F27:PLAN FRAGMENT [UNPARTITIONED] hosts=1 instances=1
|  Per-Instance Resources: mem-estimate=586.09MB mem-reservation=4.00MB thread-reservation=1
|  max-parallelism=1 segment-costs=[3027714093088768] cpu-comparison-result=60 [max(1 (self) vs 60 (sum children))]
PLAN-ROOT SINK
|  output exprs: ca_county, d_year, (web_sales * CAST(1.0000 AS DECIMAL(5,4))) / web_sales, (store_sales * CAST(1.0000 AS DECIMAL(5,4))) / store_sales, (web_sales * CAST(1.0000 AS DECIMAL(5,4))) / web_sales, (store_sales * CAST(1.0000 AS DECIMAL(5,4))) / store_sales
|  mem-estimate=100.00MB mem-reservation=4.00MB spill-buffer=2.00MB thread-reservation=0 cost=2964997386797056
|
74:MERGING-EXCHANGE [UNPARTITIONED]
|  order by: ca_county ASC
|  mem-estimate=486.09MB mem-reservation=0B thread-reservation=0
|  tuple-ids=30 row-size=126B cardinality=494.17T cost=62716706291712
|  in pipelines: 41(GETNEXT)
|
F03:PLAN FRAGMENT [HASH(ca_county,d_qoy,d_year)] hosts=3 instances=48
Per-Instance Resources: mem-estimate=1.15PB mem-reservation=13.94MB thread-reservation=1
max-parallelism=49725618 segment-costs=[1190383, 497256173728738, 62716706291712] cpu-comparison-result=60 [max(48 (self) vs 60 (sum children))]
41:SORT
|  order by: ca_county ASC
|  mem-estimate=1.15PB mem-reservation=12.00MB spill-buffer=2.00MB thread-reservation=0
|  tuple-ids=30 row-size=126B cardinality=494.17T cost=494166219948032
|  in pipelines: 41(GETNEXT), 45(OPEN)
|
40:HASH JOIN [INNER JOIN, BROADCAST]
|  hash-table-id=00
|  hash predicates: ca_county = ca_county
|  fk/pk conjuncts: none
|  other predicates: CASE WHEN sum(ws_ext_sales_price) > CAST(0 AS DECIMAL(3,0)) THEN (sum(ws_ext_sales_price) * CAST(1.0000 AS DECIMAL(5,4))) / sum(ws_ext_sales_price) ELSE NULL END > CASE WHEN sum(ss_ext_sales_price) > CAST(0 AS DECIMAL(3,0)) THEN (sum(ss_ext_sales_price) * CAST(1.0000 AS DECIMAL(5,4))) / sum(ss_ext_sales_price) ELSE NULL END
|  mem-estimate=0B mem-reservation=0B spill-buffer=2.00MB thread-reservation=0
|  tuple-ids=3,18,23,28,8,13 row-size=300B cardinality=494.17T cost=3070389911552
|  in pipelines: 45(GETNEXT), 72(OPEN)
|
|--F28:PLAN FRAGMENT [HASH(ca_county,d_qoy,d_year)] hosts=3 instances=3
|  |  Per-Instance Resources: mem-estimate=554.32MB mem-reservation=544.00MB thread-reservation=1
|  |  max-parallelism=3 segment-costs=[340163] cpu-comparison-result=8 [max(3 (self) vs 8 (sum children))]
|  JOIN BUILD
|  |  join-table-id=00 plan-id=01 cohort-id=01
|  |  build expressions: ca_county
|  |  runtime filters: RF001[min_max] <- ca_county
|  |  mem-estimate=544.00MB mem-reservation=544.00MB spill-buffer=2.00MB thread-reservation=0 cost=293726
|  |
|  73:EXCHANGE [BROADCAST]
|  |  mem-estimate=10.32MB mem-reservation=0B thread-reservation=0
|  |  tuple-ids=13 row-size=50B cardinality=293.73K cost=46437
|  |  in pipelines: 72(GETNEXT)
|  |
|  F26:PLAN FRAGMENT [HASH(ca_county,d_qoy,d_year)] hosts=3 instances=6 (adjusted from 48)
|  Per-Instance Resources: mem-estimate=14.98MB mem-reservation=4.75MB thread-reservation=1
|  max-parallelism=6 segment-costs=[1190383, 15479] cpu-comparison-result=8 [max(6 (self) vs 8 (sum children))]
|  72:AGGREGATE [FINALIZE]
|  |  output: sum:merge(ss_ext_sales_price)
|  |  group by: ca_county, d_qoy, d_year
|  |  mem-estimate=10.00MB mem-reservation=4.75MB spill-buffer=256.00KB thread-reservation=0
|  |  tuple-ids=13 row-size=50B cardinality=293.73K cost=1174904
|  |  in pipelines: 72(GETNEXT), 12(OPEN)
|  |
|  71:EXCHANGE [HASH(ca_county,d_qoy,d_year)]
|  |  mem-estimate=4.98MB mem-reservation=0B thread-reservation=0
|  |  tuple-ids=13 row-size=50B cardinality=293.73K cost=15479
|  |  in pipelines: 12(GETNEXT)
|  |
|  F23:PLAN FRAGMENT [RANDOM] hosts=3 instances=6 (adjusted from 48)
|  Per-Host Shared Resources: mem-estimate=1.00MB mem-reservation=1.00MB thread-reservation=0 runtime-filters-memory=1.00MB
|  Per-Instance Resources: mem-estimate=27.26MB mem-reservation=6.00MB thread-reservation=1
|  max-parallelism=6 segment-costs=[11115798, 15479] cpu-comparison-result=8 [max(6 (self) vs 8 (sum children))]
|  17:AGGREGATE [STREAMING]
|  |  output: sum(ss_ext_sales_price)
|  |  group by: ca_county, d_qoy, d_year
|  |  mem-estimate=10.00MB mem-reservation=5.00MB spill-buffer=256.00KB thread-reservation=0
|  |  tuple-ids=13 row-size=50B cardinality=293.73K cost=1174904
|  |  in pipelines: 12(GETNEXT)
|  |
|  16:HASH JOIN [INNER JOIN, BROADCAST]
|  |  hash-table-id=01
|  |  hash predicates: ss_addr_sk = ca_address_sk
|  |  fk/pk conjuncts: ss_addr_sk = ca_address_sk
|  |  mem-estimate=0B mem-reservation=0B spill-buffer=256.00KB thread-reservation=0
|  |  tuple-ids=10,11,12 row-size=54B cardinality=293.73K cost=293726
|  |  in pipelines: 12(GETNEXT), 14(OPEN)
|  |
|  |--F29:PLAN FRAGMENT [RANDOM] hosts=3 instances=3
|  |  |  Per-Instance Resources: mem-estimate=10.96MB mem-reservation=9.50MB thread-reservation=1
|  |  |  max-parallelism=3 segment-costs=[54977]
|  |  JOIN BUILD
|  |  |  join-table-id=01 plan-id=02 cohort-id=02
|  |  |  build expressions: ca_address_sk
|  |  |  runtime filters: RF031[min_max] <- ca_address_sk
|  |  |  mem-estimate=9.50MB mem-reservation=9.50MB spill-buffer=256.00KB thread-reservation=0 cost=50000
|  |  |
|  |  70:EXCHANGE [BROADCAST]
|  |  |  mem-estimate=1.46MB mem-reservation=0B thread-reservation=0
|  |  |  tuple-ids=12 row-size=30B cardinality=50.00K cost=4977
|  |  |  in pipelines: 14(GETNEXT)
|  |  |
|  |  F25:PLAN FRAGMENT [RANDOM] hosts=1 instances=1
|  |  Per-Instance Resources: mem-estimate=16.13MB mem-reservation=512.00KB thread-reservation=1
|  |  max-parallelism=1 segment-costs=[53122]
|  |  14:SCAN HDFS [tpcds_partitioned_parquet_snap.customer_address, RANDOM]
|  |     HDFS partitions=1/1 files=1 size=1.16MB
|  |     stored statistics:
|  |       table: rows=50.00K size=1.16MB
|  |       columns: all
|  |     extrapolated-rows=disabled max-scan-range-rows=50.00K
|  |     mem-estimate=16.00MB mem-reservation=512.00KB thread-reservation=0
|  |     tuple-ids=12 row-size=30B cardinality=50.00K cost=51463
|  |     in pipelines: 14(GETNEXT)
|  |
|  15:HASH JOIN [INNER JOIN, BROADCAST]
|  |  hash-table-id=02
|  |  hash predicates: ss_sold_date_sk = d_date_sk
|  |  fk/pk conjuncts: ss_sold_date_sk = d_date_sk
|  |  mem-estimate=0B mem-reservation=0B spill-buffer=64.00KB thread-reservation=0
|  |  tuple-ids=10,11 row-size=24B cardinality=293.73K cost=293726
|  |  in pipelines: 12(GETNEXT), 13(OPEN)
|  |
|  |--F30:PLAN FRAGMENT [RANDOM] hosts=3 instances=3
|  |  |  Per-Instance Resources: mem-estimate=4.89MB mem-reservation=4.88MB thread-reservation=1 runtime-filters-memory=1.00MB
|  |  |  max-parallelism=3 segment-costs=[195]
|  |  JOIN BUILD
|  |  |  join-table-id=02 plan-id=03 cohort-id=02
|  |  |  build expressions: d_date_sk
|  |  |  runtime filters: RF032[bloom] <- d_date_sk
|  |  |  mem-estimate=3.88MB mem-reservation=3.88MB spill-buffer=64.00KB thread-reservation=0 cost=186
|  |  |
|  |  69:EXCHANGE [BROADCAST]
|  |  |  mem-estimate=16.00KB mem-reservation=0B thread-reservation=0
|  |  |  tuple-ids=11 row-size=12B cardinality=186 cost=9
|  |  |  in pipelines: 13(GETNEXT)
|  |  |
|  |  F24:PLAN FRAGMENT [RANDOM] hosts=1 instances=1
|  |  Per-Instance Resources: mem-estimate=16.06MB mem-reservation=512.00KB thread-reservation=1
|  |  max-parallelism=1 segment-costs=[196958]
|  |  13:SCAN HDFS [tpcds_partitioned_parquet_snap.date_dim, RANDOM]
|  |     HDFS partitions=1/1 files=1 size=2.15MB
|  |     predicates: tpcds_partitioned_parquet_snap.date_dim.d_year = CAST(2000 AS INT), tpcds_partitioned_parquet_snap.date_dim.d_qoy = CAST(3 AS INT)
|  |     stored statistics:
|  |       table: rows=73.05K size=2.15MB
|  |       columns: all
|  |     extrapolated-rows=disabled max-scan-range-rows=73.05K
|  |     parquet statistics predicates: tpcds_partitioned_parquet_snap.date_dim.d_year = CAST(2000 AS INT), tpcds_partitioned_parquet_snap.date_dim.d_qoy = CAST(3 AS INT)
|  |     parquet dictionary predicates: tpcds_partitioned_parquet_snap.date_dim.d_year = CAST(2000 AS INT), tpcds_partitioned_parquet_snap.date_dim.d_qoy = CAST(3 AS INT)
|  |     mem-estimate=16.00MB mem-reservation=512.00KB thread-reservation=0
|  |     tuple-ids=11 row-size=12B cardinality=186 cost=196955
|  |     in pipelines: 13(GETNEXT)
|  |
|  12:SCAN HDFS [tpcds_partitioned_parquet_snap.store_sales, RANDOM]
|     HDFS partitions=1824/1824 files=1824 size=199.36MB
|     runtime filters: RF031[min_max] -> ss_addr_sk, RF032[bloom] -> ss_sold_date_sk
|     stored statistics:
|       table: rows=2.88M size=199.36MB
|       partitions: 1824/1824 rows=2.88M
|       columns: all
|     extrapolated-rows=disabled max-scan-range-rows=130.09K est-scan-range=187(filtered from 1824)
|     mem-estimate=16.00MB mem-reservation=1.00MB thread-reservation=0
|     tuple-ids=10 row-size=12B cardinality=293.73K(filtered from 2.88M) cost=9353442
|     in pipelines: 12(GETNEXT)
|
39:HASH JOIN [INNER JOIN, BROADCAST]
|  hash-table-id=03
|  hash predicates: ca_county = ca_county
|  fk/pk conjuncts: none
|  other predicates: CASE WHEN sum(ws_ext_sales_price) > CAST(0 AS DECIMAL(3,0)) THEN (sum(ws_ext_sales_price) * CAST(1.0000 AS DECIMAL(5,4))) / sum(ws_ext_sales_price) ELSE NULL END > CASE WHEN sum(ss_ext_sales_price) > CAST(0 AS DECIMAL(3,0)) THEN (sum(ss_ext_sales_price) * CAST(1.0000 AS DECIMAL(5,4))) / sum(ss_ext_sales_price) ELSE NULL END
|  mem-estimate=0B mem-reservation=0B spill-buffer=2.00MB thread-reservation=0
|  tuple-ids=3,18,23,28,8 row-size=250B cardinality=3.07T cost=19077173248
|  in pipelines: 45(GETNEXT), 67(OPEN)
|
|--F31:PLAN FRAGMENT [HASH(ca_county,d_qoy,d_year)] hosts=3 instances=3
|  |  Per-Instance Resources: mem-estimate=554.32MB mem-reservation=544.00MB thread-reservation=1
|  |  max-parallelism=3 segment-costs=[340163] cpu-comparison-result=8 [max(3 (self) vs 8 (sum children))]
|  JOIN BUILD
|  |  join-table-id=03 plan-id=04 cohort-id=01
|  |  build expressions: ca_county
|  |  runtime filters: RF003[min_max] <- ca_county
|  |  mem-estimate=544.00MB mem-reservation=544.00MB spill-buffer=2.00MB thread-reservation=0 cost=293726
|  |
|  68:EXCHANGE [BROADCAST]
|  |  mem-estimate=10.32MB mem-reservation=0B thread-reservation=0
|  |  tuple-ids=8 row-size=50B cardinality=293.73K cost=46437
|  |  in pipelines: 67(GETNEXT)
|  |
|  F22:PLAN FRAGMENT [HASH(ca_county,d_qoy,d_year)] hosts=3 instances=6 (adjusted from 48)
|  Per-Instance Resources: mem-estimate=14.98MB mem-reservation=4.75MB thread-reservation=1
|  max-parallelism=6 segment-costs=[1190383, 15479] cpu-comparison-result=8 [max(6 (self) vs 8 (sum children))]
|  67:AGGREGATE [FINALIZE]
|  |  output: sum:merge(ss_ext_sales_price)
|  |  group by: ca_county, d_qoy, d_year
|  |  mem-estimate=10.00MB mem-reservation=4.75MB spill-buffer=256.00KB thread-reservation=0
|  |  tuple-ids=8 row-size=50B cardinality=293.73K cost=1174904
|  |  in pipelines: 67(GETNEXT), 06(OPEN)
|  |
|  66:EXCHANGE [HASH(ca_county,d_qoy,d_year)]
|  |  mem-estimate=4.98MB mem-reservation=0B thread-reservation=0
|  |  tuple-ids=8 row-size=50B cardinality=293.73K cost=15479
|  |  in pipelines: 06(GETNEXT)
|  |
|  F19:PLAN FRAGMENT [RANDOM] hosts=3 instances=6 (adjusted from 48)
|  Per-Host Shared Resources: mem-estimate=1.00MB mem-reservation=1.00MB thread-reservation=0 runtime-filters-memory=1.00MB
|  Per-Instance Resources: mem-estimate=27.26MB mem-reservation=6.00MB thread-reservation=1
|  max-parallelism=6 segment-costs=[11115798, 15479] cpu-comparison-result=8 [max(6 (self) vs 8 (sum children))]
|  11:AGGREGATE [STREAMING]
|  |  output: sum(ss_ext_sales_price)
|  |  group by: ca_county, d_qoy, d_year
|  |  mem-estimate=10.00MB mem-reservation=5.00MB spill-buffer=256.00KB thread-reservation=0
|  |  tuple-ids=8 row-size=50B cardinality=293.73K cost=1174904
|  |  in pipelines: 06(GETNEXT)
|  |
|  10:HASH JOIN [INNER JOIN, BROADCAST]
|  |  hash-table-id=04
|  |  hash predicates: ss_addr_sk = ca_address_sk
|  |  fk/pk conjuncts: ss_addr_sk = ca_address_sk
|  |  mem-estimate=0B mem-reservation=0B spill-buffer=256.00KB thread-reservation=0
|  |  tuple-ids=5,6,7 row-size=54B cardinality=293.73K cost=293726
|  |  in pipelines: 06(GETNEXT), 08(OPEN)
|  |
|  |--F32:PLAN FRAGMENT [RANDOM] hosts=3 instances=3
|  |  |  Per-Instance Resources: mem-estimate=10.96MB mem-reservation=9.50MB thread-reservation=1
|  |  |  max-parallelism=3 segment-costs=[54977]
|  |  JOIN BUILD
|  |  |  join-table-id=04 plan-id=05 cohort-id=03
|  |  |  build expressions: ca_address_sk
|  |  |  runtime filters: RF027[min_max] <- ca_address_sk
|  |  |  mem-estimate=9.50MB mem-reservation=9.50MB spill-buffer=256.00KB thread-reservation=0 cost=50000
|  |  |
|  |  65:EXCHANGE [BROADCAST]
|  |  |  mem-estimate=1.46MB mem-reservation=0B thread-reservation=0
|  |  |  tuple-ids=7 row-size=30B cardinality=50.00K cost=4977
|  |  |  in pipelines: 08(GETNEXT)
|  |  |
|  |  F21:PLAN FRAGMENT [RANDOM] hosts=1 instances=1
|  |  Per-Instance Resources: mem-estimate=16.13MB mem-reservation=512.00KB thread-reservation=1
|  |  max-parallelism=1 segment-costs=[53122]
|  |  08:SCAN HDFS [tpcds_partitioned_parquet_snap.customer_address, RANDOM]
|  |     HDFS partitions=1/1 files=1 size=1.16MB
|  |     runtime filters: RF001[min_max] -> tpcds_partitioned_parquet_snap.customer_address.ca_county
|  |     stored statistics:
|  |       table: rows=50.00K size=1.16MB
|  |       columns: all
|  |     extrapolated-rows=disabled max-scan-range-rows=50.00K
|  |     mem-estimate=16.00MB mem-reservation=512.00KB thread-reservation=0
|  |     tuple-ids=7 row-size=30B cardinality=50.00K cost=51463
|  |     in pipelines: 08(GETNEXT)
|  |
|  09:HASH JOIN [INNER JOIN, BROADCAST]
|  |  hash-table-id=05
|  |  hash predicates: ss_sold_date_sk = d_date_sk
|  |  fk/pk conjuncts: ss_sold_date_sk = d_date_sk
|  |  mem-estimate=0B mem-reservation=0B spill-buffer=64.00KB thread-reservation=0
|  |  tuple-ids=5,6 row-size=24B cardinality=293.73K cost=293726
|  |  in pipelines: 06(GETNEXT), 07(OPEN)
|  |
|  |--F33:PLAN FRAGMENT [RANDOM] hosts=3 instances=3
|  |  |  Per-Instance Resources: mem-estimate=4.89MB mem-reservation=4.88MB thread-reservation=1 runtime-filters-memory=1.00MB
|  |  |  max-parallelism=3 segment-costs=[195]
|  |  JOIN BUILD
|  |  |  join-table-id=05 plan-id=06 cohort-id=03
|  |  |  build expressions: d_date_sk
|  |  |  runtime filters: RF028[bloom] <- d_date_sk
|  |  |  mem-estimate=3.88MB mem-reservation=3.88MB spill-buffer=64.00KB thread-reservation=0 cost=186
|  |  |
|  |  64:EXCHANGE [BROADCAST]
|  |  |  mem-estimate=16.00KB mem-reservation=0B thread-reservation=0
|  |  |  tuple-ids=6 row-size=12B cardinality=186 cost=9
|  |  |  in pipelines: 07(GETNEXT)
|  |  |
|  |  F20:PLAN FRAGMENT [RANDOM] hosts=1 instances=1
|  |  Per-Instance Resources: mem-estimate=16.06MB mem-reservation=512.00KB thread-reservation=1
|  |  max-parallelism=1 segment-costs=[196958]
|  |  07:SCAN HDFS [tpcds_partitioned_parquet_snap.date_dim, RANDOM]
|  |     HDFS partitions=1/1 files=1 size=2.15MB
|  |     predicates: tpcds_partitioned_parquet_snap.date_dim.d_year = CAST(2000 AS INT), tpcds_partitioned_parquet_snap.date_dim.d_qoy = CAST(2 AS INT)
|  |     stored statistics:
|  |       table: rows=73.05K size=2.15MB
|  |       columns: all
|  |     extrapolated-rows=disabled max-scan-range-rows=73.05K
|  |     parquet statistics predicates: tpcds_partitioned_parquet_snap.date_dim.d_year = CAST(2000 AS INT), tpcds_partitioned_parquet_snap.date_dim.d_qoy = CAST(2 AS INT)
|  |     parquet dictionary predicates: tpcds_partitioned_parquet_snap.date_dim.d_year = CAST(2000 AS INT), tpcds_partitioned_parquet_snap.date_dim.d_qoy = CAST(2 AS INT)
|  |     mem-estimate=16.00MB mem-reservation=512.00KB thread-reservation=0
|  |     tuple-ids=6 row-size=12B cardinality=186 cost=196955
|  |     in pipelines: 07(GETNEXT)
|  |
|  06:SCAN HDFS [tpcds_partitioned_parquet_snap.store_sales, RANDOM]
|     HDFS partitions=1824/1824 files=1824 size=199.36MB
|     runtime filters: RF027[min_max] -> ss_addr_sk, RF028[bloom] -> ss_sold_date_sk
|     stored statistics:
|       table: rows=2.88M size=199.36MB
|       partitions: 1824/1824 rows=2.88M
|       columns: all
|     extrapolated-rows=disabled max-scan-range-rows=130.09K est-scan-range=187(filtered from 1824)
|     mem-estimate=16.00MB mem-reservation=1.00MB thread-reservation=0
|     tuple-ids=5 row-size=12B cardinality=293.73K(filtered from 2.88M) cost=9353442
|     in pipelines: 06(GETNEXT)
|
38:HASH JOIN [INNER JOIN, BROADCAST]
|  hash-table-id=06
|  hash predicates: ca_county = ca_county
|  fk/pk conjuncts: none
|  mem-estimate=0B mem-reservation=0B spill-buffer=512.00KB thread-reservation=0
|  tuple-ids=3,18,23,28 row-size=200B cardinality=19.08G cost=474595360
|  in pipelines: 45(GETNEXT), 62(OPEN)
|
|--F34:PLAN FRAGMENT [HASH(ca_county,d_qoy,d_year)] hosts=3 instances=3
|  |  Per-Instance Resources: mem-estimate=139.81MB mem-reservation=136.00MB thread-reservation=1
|  |  max-parallelism=3 segment-costs=[84957] cpu-comparison-result=12 [max(3 (self) vs 12 (sum children))]
|  JOIN BUILD
|  |  join-table-id=06 plan-id=07 cohort-id=01
|  |  build expressions: ca_county
|  |  runtime filters: RF005[min_max] <- ca_county
|  |  mem-estimate=136.00MB mem-reservation=136.00MB spill-buffer=512.00KB thread-reservation=0 cost=73359
|  |
|  63:EXCHANGE [BROADCAST]
|  |  mem-estimate=3.81MB mem-reservation=0B thread-reservation=0
|  |  tuple-ids=28 row-size=50B cardinality=73.36K cost=11598
|  |  in pipelines: 62(GETNEXT)
|  |
|  F18:PLAN FRAGMENT [HASH(ca_county,d_qoy,d_year)] hosts=3 instances=6 (adjusted from 48)
|  Per-Instance Resources: mem-estimate=11.48MB mem-reservation=1.94MB thread-reservation=1
|  max-parallelism=6 segment-costs=[297302, 3866] cpu-comparison-result=12 [max(6 (self) vs 12 (sum children))]
|  62:AGGREGATE [FINALIZE]
|  |  output: sum:merge(ws_ext_sales_price)
|  |  group by: ca_county, d_qoy, d_year
|  |  mem-estimate=10.00MB mem-reservation=1.94MB spill-buffer=64.00KB thread-reservation=0
|  |  tuple-ids=28 row-size=50B cardinality=73.36K cost=293436
|  |  in pipelines: 62(GETNEXT), 30(OPEN)
|  |
|  61:EXCHANGE [HASH(ca_county,d_qoy,d_year)]
|  |  mem-estimate=1.48MB mem-reservation=0B thread-reservation=0
|  |  tuple-ids=28 row-size=50B cardinality=73.36K cost=3866
|  |  in pipelines: 30(GETNEXT)
|  |
|  F17:PLAN FRAGMENT [HASH(ws_bill_addr_sk)] hosts=3 instances=6 (adjusted from 48)
|  Per-Instance Resources: mem-estimate=12.01MB mem-reservation=2.00MB thread-reservation=1
|  max-parallelism=6 segment-costs=[369088, 3866] cpu-comparison-result=12 [max(12 (self) vs 11 (sum children))]
|  35:AGGREGATE [STREAMING]
|  |  output: sum(ws_ext_sales_price)
|  |  group by: ca_county, d_qoy, d_year
|  |  mem-estimate=10.00MB mem-reservation=2.00MB spill-buffer=64.00KB thread-reservation=0
|  |  tuple-ids=28 row-size=50B cardinality=73.36K cost=293436
|  |  in pipelines: 30(GETNEXT)
|  |
|  34:HASH JOIN [INNER JOIN, PARTITIONED]
|  |  hash-table-id=07
|  |  hash predicates: ws_bill_addr_sk = ca_address_sk
|  |  fk/pk conjuncts: ws_bill_addr_sk = ca_address_sk
|  |  mem-estimate=0B mem-reservation=0B spill-buffer=64.00KB thread-reservation=0
|  |  tuple-ids=25,26,27 row-size=54B cardinality=73.36K cost=73359
|  |  in pipelines: 30(GETNEXT), 32(OPEN)
|  |
|  |--F35:PLAN FRAGMENT [HASH(ws_bill_addr_sk)] hosts=3 instances=6 (adjusted from 48)
|  |  |  Per-Instance Resources: mem-estimate=4.40MB mem-reservation=2.94MB thread-reservation=1 runtime-filters-memory=1.00MB
|  |  |  max-parallelism=6 segment-costs=[51659]
|  |  JOIN BUILD
|  |  |  join-table-id=07 plan-id=08 cohort-id=04
|  |  |  build expressions: ca_address_sk
|  |  |  runtime filters: RF022[bloom] <- ca_address_sk, RF023[min_max] <- ca_address_sk
|  |  |  mem-estimate=1.94MB mem-reservation=1.94MB spill-buffer=64.00KB thread-reservation=0 cost=50000
|  |  |
|  |  60:EXCHANGE [HASH(ca_address_sk)]
|  |  |  mem-estimate=1.46MB mem-reservation=0B thread-reservation=0
|  |  |  tuple-ids=27 row-size=30B cardinality=50.00K cost=1659
|  |  |  in pipelines: 32(GETNEXT)
|  |  |
|  |  F16:PLAN FRAGMENT [RANDOM] hosts=1 instances=1
|  |  Per-Instance Resources: mem-estimate=16.80MB mem-reservation=512.00KB thread-reservation=1
|  |  max-parallelism=1 segment-costs=[53122]
|  |  32:SCAN HDFS [tpcds_partitioned_parquet_snap.customer_address, RANDOM]
|  |     HDFS partitions=1/1 files=1 size=1.16MB
|  |     runtime filters: RF003[min_max] -> tpcds_partitioned_parquet_snap.customer_address.ca_county, RF001[min_max] -> tpcds_partitioned_parquet_snap.customer_address.ca_county
|  |     stored statistics:
|  |       table: rows=50.00K size=1.16MB
|  |       columns: all
|  |     extrapolated-rows=disabled max-scan-range-rows=50.00K
|  |     mem-estimate=16.00MB mem-reservation=512.00KB thread-reservation=0
|  |     tuple-ids=27 row-size=30B cardinality=50.00K cost=51463
|  |     in pipelines: 32(GETNEXT)
|  |
|  59:EXCHANGE [HASH(ws_bill_addr_sk)]
|  |  mem-estimate=765.12KB mem-reservation=0B thread-reservation=0
|  |  tuple-ids=25,26 row-size=24B cardinality=73.36K cost=2293
|  |  in pipelines: 30(GETNEXT)
|  |
|  F14:PLAN FRAGMENT [RANDOM] hosts=3 instances=6 (adjusted from 48)
|  Per-Host Shared Resources: mem-estimate=2.00MB mem-reservation=2.00MB thread-reservation=0 runtime-filters-memory=2.00MB
|  Per-Instance Resources: mem-estimate=16.75MB mem-reservation=128.00KB thread-reservation=1
|  max-parallelism=6 segment-costs=[9426512]
|  33:HASH JOIN [INNER JOIN, BROADCAST]
|  |  hash-table-id=08
|  |  hash predicates: ws_sold_date_sk = d_date_sk
|  |  fk/pk conjuncts: ws_sold_date_sk = d_date_sk
|  |  mem-estimate=0B mem-reservation=0B spill-buffer=64.00KB thread-reservation=0
|  |  tuple-ids=25,26 row-size=24B cardinality=73.36K cost=73359
|  |  in pipelines: 30(GETNEXT), 31(OPEN)
|  |
|  |--F36:PLAN FRAGMENT [RANDOM] hosts=3 instances=3
|  |  |  Per-Instance Resources: mem-estimate=4.89MB mem-reservation=4.88MB thread-reservation=1 runtime-filters-memory=1.00MB
|  |  |  max-parallelism=3 segment-costs=[195]
|  |  JOIN BUILD
|  |  |  join-table-id=08 plan-id=09 cohort-id=04
|  |  |  build expressions: d_date_sk
|  |  |  runtime filters: RF024[bloom] <- d_date_sk
|  |  |  mem-estimate=3.88MB mem-reservation=3.88MB spill-buffer=64.00KB thread-reservation=0 cost=186
|  |  |
|  |  58:EXCHANGE [BROADCAST]
|  |  |  mem-estimate=16.00KB mem-reservation=0B thread-reservation=0
|  |  |  tuple-ids=26 row-size=12B cardinality=186 cost=9
|  |  |  in pipelines: 31(GETNEXT)
|  |  |
|  |  F15:PLAN FRAGMENT [RANDOM] hosts=1 instances=1
|  |  Per-Instance Resources: mem-estimate=16.06MB mem-reservation=512.00KB thread-reservation=1
|  |  max-parallelism=1 segment-costs=[196958]
|  |  31:SCAN HDFS [tpcds_partitioned_parquet_snap.date_dim, RANDOM]
|  |     HDFS partitions=1/1 files=1 size=2.15MB
|  |     predicates: tpcds_partitioned_parquet_snap.date_dim.d_year = CAST(2000 AS INT), tpcds_partitioned_parquet_snap.date_dim.d_qoy = CAST(3 AS INT)
|  |     stored statistics:
|  |       table: rows=73.05K size=2.15MB
|  |       columns: all
|  |     extrapolated-rows=disabled max-scan-range-rows=73.05K
|  |     parquet statistics predicates: tpcds_partitioned_parquet_snap.date_dim.d_year = CAST(2000 AS INT), tpcds_partitioned_parquet_snap.date_dim.d_qoy = CAST(3 AS INT)
|  |     parquet dictionary predicates: tpcds_partitioned_parquet_snap.date_dim.d_year = CAST(2000 AS INT), tpcds_partitioned_parquet_snap.date_dim.d_qoy = CAST(3 AS INT)
|  |     mem-estimate=16.00MB mem-reservation=512.00KB thread-reservation=0
|  |     tuple-ids=26 row-size=12B cardinality=186 cost=196955
|  |     in pipelines: 31(GETNEXT)
|  |
|  30:SCAN HDFS [tpcds_partitioned_parquet_snap.web_sales, RANDOM]
|     HDFS partitions=1824/1824 files=1824 size=84.20MB
|     runtime filters: RF023[min_max] -> ws_bill_addr_sk, RF024[bloom] -> ws_sold_date_sk, RF022[bloom] -> ws_bill_addr_sk
|     stored statistics:
|       table: rows=719.38K size=84.20MB
|       partitions: 1824/1824 rows=719.38K
|       columns: all
|     extrapolated-rows=disabled max-scan-range-rows=1.12K est-scan-range=187(filtered from 1824)
|     mem-estimate=16.00MB mem-reservation=128.00KB thread-reservation=0
|     tuple-ids=25 row-size=12B cardinality=73.36K(filtered from 719.38K) cost=9350860
|     in pipelines: 30(GETNEXT)
|
37:HASH JOIN [INNER JOIN, BROADCAST]
|  hash-table-id=09
|  hash predicates: ca_county = ca_county
|  fk/pk conjuncts: none
|  mem-estimate=0B mem-reservation=0B spill-buffer=512.00KB thread-reservation=0
|  tuple-ids=3,18,23 row-size=150B cardinality=474.60M cost=11806820
|  in pipelines: 45(GETNEXT), 56(OPEN)
|
|--F37:PLAN FRAGMENT [HASH(ca_county,d_qoy,d_year)] hosts=3 instances=3
|  |  Per-Instance Resources: mem-estimate=139.81MB mem-reservation=136.00MB thread-reservation=1
|  |  max-parallelism=3 segment-costs=[84957] cpu-comparison-result=12 [max(3 (self) vs 12 (sum children))]
|  JOIN BUILD
|  |  join-table-id=09 plan-id=10 cohort-id=01
|  |  build expressions: ca_county
|  |  runtime filters: RF007[min_max] <- ca_county
|  |  mem-estimate=136.00MB mem-reservation=136.00MB spill-buffer=512.00KB thread-reservation=0 cost=73359
|  |
|  57:EXCHANGE [BROADCAST]
|  |  mem-estimate=3.81MB mem-reservation=0B thread-reservation=0
|  |  tuple-ids=23 row-size=50B cardinality=73.36K cost=11598
|  |  in pipelines: 56(GETNEXT)
|  |
|  F13:PLAN FRAGMENT [HASH(ca_county,d_qoy,d_year)] hosts=3 instances=6 (adjusted from 48)
|  Per-Instance Resources: mem-estimate=11.48MB mem-reservation=1.94MB thread-reservation=1
|  max-parallelism=6 segment-costs=[297302, 3866] cpu-comparison-result=12 [max(6 (self) vs 12 (sum children))]
|  56:AGGREGATE [FINALIZE]
|  |  output: sum:merge(ws_ext_sales_price)
|  |  group by: ca_county, d_qoy, d_year
|  |  mem-estimate=10.00MB mem-reservation=1.94MB spill-buffer=64.00KB thread-reservation=0
|  |  tuple-ids=23 row-size=50B cardinality=73.36K cost=293436
|  |  in pipelines: 56(GETNEXT), 24(OPEN)
|  |
|  55:EXCHANGE [HASH(ca_county,d_qoy,d_year)]
|  |  mem-estimate=1.48MB mem-reservation=0B thread-reservation=0
|  |  tuple-ids=23 row-size=50B cardinality=73.36K cost=3866
|  |  in pipelines: 24(GETNEXT)
|  |
|  F12:PLAN FRAGMENT [HASH(ws_bill_addr_sk)] hosts=3 instances=6 (adjusted from 48)
|  Per-Instance Resources: mem-estimate=12.01MB mem-reservation=2.00MB thread-reservation=1
|  max-parallelism=6 segment-costs=[369088, 3866] cpu-comparison-result=12 [max(12 (self) vs 11 (sum children))]
|  29:AGGREGATE [STREAMING]
|  |  output: sum(ws_ext_sales_price)
|  |  group by: ca_county, d_qoy, d_year
|  |  mem-estimate=10.00MB mem-reservation=2.00MB spill-buffer=64.00KB thread-reservation=0
|  |  tuple-ids=23 row-size=50B cardinality=73.36K cost=293436
|  |  in pipelines: 24(GETNEXT)
|  |
|  28:HASH JOIN [INNER JOIN, PARTITIONED]
|  |  hash-table-id=10
|  |  hash predicates: ws_bill_addr_sk = ca_address_sk
|  |  fk/pk conjuncts: ws_bill_addr_sk = ca_address_sk
|  |  mem-estimate=0B mem-reservation=0B spill-buffer=64.00KB thread-reservation=0
|  |  tuple-ids=20,21,22 row-size=54B cardinality=73.36K cost=73359
|  |  in pipelines: 24(GETNEXT), 26(OPEN)
|  |
|  |--F38:PLAN FRAGMENT [HASH(ws_bill_addr_sk)] hosts=3 instances=6 (adjusted from 48)
|  |  |  Per-Instance Resources: mem-estimate=4.40MB mem-reservation=2.94MB thread-reservation=1 runtime-filters-memory=1.00MB
|  |  |  max-parallelism=6 segment-costs=[51659]
|  |  JOIN BUILD
|  |  |  join-table-id=10 plan-id=11 cohort-id=05
|  |  |  build expressions: ca_address_sk
|  |  |  runtime filters: RF018[bloom] <- ca_address_sk, RF019[min_max] <- ca_address_sk
|  |  |  mem-estimate=1.94MB mem-reservation=1.94MB spill-buffer=64.00KB thread-reservation=0 cost=50000
|  |  |
|  |  54:EXCHANGE [HASH(ca_address_sk)]
|  |  |  mem-estimate=1.46MB mem-reservation=0B thread-reservation=0
|  |  |  tuple-ids=22 row-size=30B cardinality=50.00K cost=1659
|  |  |  in pipelines: 26(GETNEXT)
|  |  |
|  |  F11:PLAN FRAGMENT [RANDOM] hosts=1 instances=1
|  |  Per-Instance Resources: mem-estimate=16.80MB mem-reservation=512.00KB thread-reservation=1
|  |  max-parallelism=1 segment-costs=[53122]
|  |  26:SCAN HDFS [tpcds_partitioned_parquet_snap.customer_address, RANDOM]
|  |     HDFS partitions=1/1 files=1 size=1.16MB
|  |     runtime filters: RF005[min_max] -> tpcds_partitioned_parquet_snap.customer_address.ca_county, RF003[min_max] -> tpcds_partitioned_parquet_snap.customer_address.ca_county, RF001[min_max] -> tpcds_partitioned_parquet_snap.customer_address.ca_county
|  |     stored statistics:
|  |       table: rows=50.00K size=1.16MB
|  |       columns: all
|  |     extrapolated-rows=disabled max-scan-range-rows=50.00K
|  |     mem-estimate=16.00MB mem-reservation=512.00KB thread-reservation=0
|  |     tuple-ids=22 row-size=30B cardinality=50.00K cost=51463
|  |     in pipelines: 26(GETNEXT)
|  |
|  53:EXCHANGE [HASH(ws_bill_addr_sk)]
|  |  mem-estimate=765.12KB mem-reservation=0B thread-reservation=0
|  |  tuple-ids=20,21 row-size=24B cardinality=73.36K cost=2293
|  |  in pipelines: 24(GETNEXT)
|  |
|  F09:PLAN FRAGMENT [RANDOM] hosts=3 instances=6 (adjusted from 48)
|  Per-Host Shared Resources: mem-estimate=2.00MB mem-reservation=2.00MB thread-reservation=0 runtime-filters-memory=2.00MB
|  Per-Instance Resources: mem-estimate=16.75MB mem-reservation=128.00KB thread-reservation=1
|  max-parallelism=6 segment-costs=[9426512]
|  27:HASH JOIN [INNER JOIN, BROADCAST]
|  |  hash-table-id=11
|  |  hash predicates: ws_sold_date_sk = d_date_sk
|  |  fk/pk conjuncts: ws_sold_date_sk = d_date_sk
|  |  mem-estimate=0B mem-reservation=0B spill-buffer=64.00KB thread-reservation=0
|  |  tuple-ids=20,21 row-size=24B cardinality=73.36K cost=73359
|  |  in pipelines: 24(GETNEXT), 25(OPEN)
|  |
|  |--F39:PLAN FRAGMENT [RANDOM] hosts=3 instances=3
|  |  |  Per-Instance Resources: mem-estimate=4.89MB mem-reservation=4.88MB thread-reservation=1 runtime-filters-memory=1.00MB
|  |  |  max-parallelism=3 segment-costs=[195]
|  |  JOIN BUILD
|  |  |  join-table-id=11 plan-id=12 cohort-id=05
|  |  |  build expressions: d_date_sk
|  |  |  runtime filters: RF020[bloom] <- d_date_sk
|  |  |  mem-estimate=3.88MB mem-reservation=3.88MB spill-buffer=64.00KB thread-reservation=0 cost=186
|  |  |
|  |  52:EXCHANGE [BROADCAST]
|  |  |  mem-estimate=16.00KB mem-reservation=0B thread-reservation=0
|  |  |  tuple-ids=21 row-size=12B cardinality=186 cost=9
|  |  |  in pipelines: 25(GETNEXT)
|  |  |
|  |  F10:PLAN FRAGMENT [RANDOM] hosts=1 instances=1
|  |  Per-Instance Resources: mem-estimate=16.06MB mem-reservation=512.00KB thread-reservation=1
|  |  max-parallelism=1 segment-costs=[196958]
|  |  25:SCAN HDFS [tpcds_partitioned_parquet_snap.date_dim, RANDOM]
|  |     HDFS partitions=1/1 files=1 size=2.15MB
|  |     predicates: tpcds_partitioned_parquet_snap.date_dim.d_year = CAST(2000 AS INT), tpcds_partitioned_parquet_snap.date_dim.d_qoy = CAST(2 AS INT)
|  |     stored statistics:
|  |       table: rows=73.05K size=2.15MB
|  |       columns: all
|  |     extrapolated-rows=disabled max-scan-range-rows=73.05K
|  |     parquet statistics predicates: tpcds_partitioned_parquet_snap.date_dim.d_year = CAST(2000 AS INT), tpcds_partitioned_parquet_snap.date_dim.d_qoy = CAST(2 AS INT)
|  |     parquet dictionary predicates: tpcds_partitioned_parquet_snap.date_dim.d_year = CAST(2000 AS INT), tpcds_partitioned_parquet_snap.date_dim.d_qoy = CAST(2 AS INT)
|  |     mem-estimate=16.00MB mem-reservation=512.00KB thread-reservation=0
|  |     tuple-ids=21 row-size=12B cardinality=186 cost=196955
|  |     in pipelines: 25(GETNEXT)
|  |
|  24:SCAN HDFS [tpcds_partitioned_parquet_snap.web_sales, RANDOM]
|     HDFS partitions=1824/1824 files=1824 size=84.20MB
|     runtime filters: RF019[min_max] -> ws_bill_addr_sk, RF020[bloom] -> ws_sold_date_sk, RF018[bloom] -> ws_bill_addr_sk
|     stored statistics:
|       table: rows=719.38K size=84.20MB
|       partitions: 1824/1824 rows=719.38K
|       columns: all
|     extrapolated-rows=disabled max-scan-range-rows=1.12K est-scan-range=187(filtered from 1824)
|     mem-estimate=16.00MB mem-reservation=128.00KB thread-reservation=0
|     tuple-ids=20 row-size=12B cardinality=73.36K(filtered from 719.38K) cost=9350860
|     in pipelines: 24(GETNEXT)
|
36:HASH JOIN [INNER JOIN, BROADCAST]
|  hash-table-id=12
|  hash predicates: ca_county = ca_county
|  fk/pk conjuncts: none
|  mem-estimate=0B mem-reservation=0B spill-buffer=512.00KB thread-reservation=0
|  tuple-ids=3,18 row-size=100B cardinality=11.81M cost=293726
|  in pipelines: 45(GETNEXT), 50(OPEN)
|
|--F40:PLAN FRAGMENT [HASH(ca_county,d_qoy,d_year)] hosts=3 instances=3
|  |  Per-Instance Resources: mem-estimate=139.81MB mem-reservation=136.00MB thread-reservation=1
|  |  max-parallelism=3 segment-costs=[84957] cpu-comparison-result=12 [max(3 (self) vs 12 (sum children))]
|  JOIN BUILD
|  |  join-table-id=12 plan-id=13 cohort-id=01
|  |  build expressions: ca_county
|  |  runtime filters: RF009[min_max] <- ca_county
|  |  mem-estimate=136.00MB mem-reservation=136.00MB spill-buffer=512.00KB thread-reservation=0 cost=73359
|  |
|  51:EXCHANGE [BROADCAST]
|  |  mem-estimate=3.81MB mem-reservation=0B thread-reservation=0
|  |  tuple-ids=18 row-size=50B cardinality=73.36K cost=11598
|  |  in pipelines: 50(GETNEXT)
|  |
|  F08:PLAN FRAGMENT [HASH(ca_county,d_qoy,d_year)] hosts=3 instances=6 (adjusted from 48)
|  Per-Instance Resources: mem-estimate=11.48MB mem-reservation=1.94MB thread-reservation=1
|  max-parallelism=6 segment-costs=[297302, 3866] cpu-comparison-result=12 [max(6 (self) vs 12 (sum children))]
|  50:AGGREGATE [FINALIZE]
|  |  output: sum:merge(ws_ext_sales_price)
|  |  group by: ca_county, d_qoy, d_year
|  |  mem-estimate=10.00MB mem-reservation=1.94MB spill-buffer=64.00KB thread-reservation=0
|  |  tuple-ids=18 row-size=50B cardinality=73.36K cost=293436
|  |  in pipelines: 50(GETNEXT), 18(OPEN)
|  |
|  49:EXCHANGE [HASH(ca_county,d_qoy,d_year)]
|  |  mem-estimate=1.48MB mem-reservation=0B thread-reservation=0
|  |  tuple-ids=18 row-size=50B cardinality=73.36K cost=3866
|  |  in pipelines: 18(GETNEXT)
|  |
|  F07:PLAN FRAGMENT [HASH(ws_bill_addr_sk)] hosts=3 instances=6 (adjusted from 48)
|  Per-Instance Resources: mem-estimate=12.01MB mem-reservation=2.00MB thread-reservation=1
|  max-parallelism=6 segment-costs=[369088, 3866] cpu-comparison-result=12 [max(12 (self) vs 11 (sum children))]
|  23:AGGREGATE [STREAMING]
|  |  output: sum(ws_ext_sales_price)
|  |  group by: ca_county, d_qoy, d_year
|  |  mem-estimate=10.00MB mem-reservation=2.00MB spill-buffer=64.00KB thread-reservation=0
|  |  tuple-ids=18 row-size=50B cardinality=73.36K cost=293436
|  |  in pipelines: 18(GETNEXT)
|  |
|  22:HASH JOIN [INNER JOIN, PARTITIONED]
|  |  hash-table-id=13
|  |  hash predicates: ws_bill_addr_sk = ca_address_sk
|  |  fk/pk conjuncts: ws_bill_addr_sk = ca_address_sk
|  |  mem-estimate=0B mem-reservation=0B spill-buffer=64.00KB thread-reservation=0
|  |  tuple-ids=15,16,17 row-size=54B cardinality=73.36K cost=73359
|  |  in pipelines: 18(GETNEXT), 20(OPEN)
|  |
|  |--F41:PLAN FRAGMENT [HASH(ws_bill_addr_sk)] hosts=3 instances=6 (adjusted from 48)
|  |  |  Per-Instance Resources: mem-estimate=4.40MB mem-reservation=2.94MB thread-reservation=1 runtime-filters-memory=1.00MB
|  |  |  max-parallelism=6 segment-costs=[51659]
|  |  JOIN BUILD
|  |  |  join-table-id=13 plan-id=14 cohort-id=06
|  |  |  build expressions: ca_address_sk
|  |  |  runtime filters: RF014[bloom] <- ca_address_sk, RF015[min_max] <- ca_address_sk
|  |  |  mem-estimate=1.94MB mem-reservation=1.94MB spill-buffer=64.00KB thread-reservation=0 cost=50000
|  |  |
|  |  48:EXCHANGE [HASH(ca_address_sk)]
|  |  |  mem-estimate=1.46MB mem-reservation=0B thread-reservation=0
|  |  |  tuple-ids=17 row-size=30B cardinality=50.00K cost=1659
|  |  |  in pipelines: 20(GETNEXT)
|  |  |
|  |  F06:PLAN FRAGMENT [RANDOM] hosts=1 instances=1
|  |  Per-Instance Resources: mem-estimate=16.80MB mem-reservation=512.00KB thread-reservation=1
|  |  max-parallelism=1 segment-costs=[53122]
|  |  20:SCAN HDFS [tpcds_partitioned_parquet_snap.customer_address, RANDOM]
|  |     HDFS partitions=1/1 files=1 size=1.16MB
|  |     runtime filters: RF007[min_max] -> tpcds_partitioned_parquet_snap.customer_address.ca_county, RF005[min_max] -> tpcds_partitioned_parquet_snap.customer_address.ca_county, RF003[min_max] -> tpcds_partitioned_parquet_snap.customer_address.ca_county, RF001[min_max] -> tpcds_partitioned_parquet_snap.customer_address.ca_county
|  |     stored statistics:
|  |       table: rows=50.00K size=1.16MB
|  |       columns: all
|  |     extrapolated-rows=disabled max-scan-range-rows=50.00K
|  |     mem-estimate=16.00MB mem-reservation=512.00KB thread-reservation=0
|  |     tuple-ids=17 row-size=30B cardinality=50.00K cost=51463
|  |     in pipelines: 20(GETNEXT)
|  |
|  47:EXCHANGE [HASH(ws_bill_addr_sk)]
|  |  mem-estimate=765.12KB mem-reservation=0B thread-reservation=0
|  |  tuple-ids=15,16 row-size=24B cardinality=73.36K cost=2293
|  |  in pipelines: 18(GETNEXT)
|  |
|  F04:PLAN FRAGMENT [RANDOM] hosts=3 instances=6 (adjusted from 48)
|  Per-Host Shared Resources: mem-estimate=2.00MB mem-reservation=2.00MB thread-reservation=0 runtime-filters-memory=2.00MB
|  Per-Instance Resources: mem-estimate=16.75MB mem-reservation=128.00KB thread-reservation=1
|  max-parallelism=6 segment-costs=[9426512]
|  21:HASH JOIN [INNER JOIN, BROADCAST]
|  |  hash-table-id=14
|  |  hash predicates: ws_sold_date_sk = d_date_sk
|  |  fk/pk conjuncts: ws_sold_date_sk = d_date_sk
|  |  mem-estimate=0B mem-reservation=0B spill-buffer=64.00KB thread-reservation=0
|  |  tuple-ids=15,16 row-size=24B cardinality=73.36K cost=73359
|  |  in pipelines: 18(GETNEXT), 19(OPEN)
|  |
|  |--F42:PLAN FRAGMENT [RANDOM] hosts=3 instances=3
|  |  |  Per-Instance Resources: mem-estimate=4.89MB mem-reservation=4.88MB thread-reservation=1 runtime-filters-memory=1.00MB
|  |  |  max-parallelism=3 segment-costs=[195]
|  |  JOIN BUILD
|  |  |  join-table-id=14 plan-id=15 cohort-id=06
|  |  |  build expressions: d_date_sk
|  |  |  runtime filters: RF016[bloom] <- d_date_sk
|  |  |  mem-estimate=3.88MB mem-reservation=3.88MB spill-buffer=64.00KB thread-reservation=0 cost=186
|  |  |
|  |  46:EXCHANGE [BROADCAST]
|  |  |  mem-estimate=16.00KB mem-reservation=0B thread-reservation=0
|  |  |  tuple-ids=16 row-size=12B cardinality=186 cost=9
|  |  |  in pipelines: 19(GETNEXT)
|  |  |
|  |  F05:PLAN FRAGMENT [RANDOM] hosts=1 instances=1
|  |  Per-Instance Resources: mem-estimate=16.06MB mem-reservation=512.00KB thread-reservation=1
|  |  max-parallelism=1 segment-costs=[196958]
|  |  19:SCAN HDFS [tpcds_partitioned_parquet_snap.date_dim, RANDOM]
|  |     HDFS partitions=1/1 files=1 size=2.15MB
|  |     predicates: tpcds_partitioned_parquet_snap.date_dim.d_year = CAST(2000 AS INT), tpcds_partitioned_parquet_snap.date_dim.d_qoy = CAST(1 AS INT)
|  |     stored statistics:
|  |       table: rows=73.05K size=2.15MB
|  |       columns: all
|  |     extrapolated-rows=disabled max-scan-range-rows=73.05K
|  |     parquet statistics predicates: tpcds_partitioned_parquet_snap.date_dim.d_year = CAST(2000 AS INT), tpcds_partitioned_parquet_snap.date_dim.d_qoy = CAST(1 AS INT)
|  |     parquet dictionary predicates: tpcds_partitioned_parquet_snap.date_dim.d_year = CAST(2000 AS INT), tpcds_partitioned_parquet_snap.date_dim.d_qoy = CAST(1 AS INT)
|  |     mem-estimate=16.00MB mem-reservation=512.00KB thread-reservation=0
|  |     tuple-ids=16 row-size=12B cardinality=186 cost=196955
|  |     in pipelines: 19(GETNEXT)
|  |
|  18:SCAN HDFS [tpcds_partitioned_parquet_snap.web_sales, RANDOM]
|     HDFS partitions=1824/1824 files=1824 size=84.20MB
|     runtime filters: RF015[min_max] -> ws_bill_addr_sk, RF016[bloom] -> ws_sold_date_sk, RF014[bloom] -> ws_bill_addr_sk
|     stored statistics:
|       table: rows=719.38K size=84.20MB
|       partitions: 1824/1824 rows=719.38K
|       columns: all
|     extrapolated-rows=disabled max-scan-range-rows=1.12K est-scan-range=187(filtered from 1824)
|     mem-estimate=16.00MB mem-reservation=128.00KB thread-reservation=0
|     tuple-ids=15 row-size=12B cardinality=73.36K(filtered from 719.38K) cost=9350860
|     in pipelines: 18(GETNEXT)
|
45:AGGREGATE [FINALIZE]
|  output: sum:merge(ss_ext_sales_price)
|  group by: ca_county, d_qoy, d_year
|  mem-estimate=10.00MB mem-reservation=1.94MB spill-buffer=64.00KB thread-reservation=0
|  tuple-ids=3 row-size=50B cardinality=293.73K cost=1174904
|  in pipelines: 45(GETNEXT), 00(OPEN)
|
44:EXCHANGE [HASH(ca_county,d_qoy,d_year)]
|  mem-estimate=4.98MB mem-reservation=0B thread-reservation=0
|  tuple-ids=3 row-size=50B cardinality=293.73K cost=15479
|  in pipelines: 00(GETNEXT)
|
F00:PLAN FRAGMENT [RANDOM] hosts=3 instances=6 (adjusted from 48)
Per-Host Shared Resources: mem-estimate=2.00MB mem-reservation=2.00MB thread-reservation=0 runtime-filters-memory=2.00MB
Per-Instance Resources: mem-estimate=36.12MB mem-reservation=6.00MB thread-reservation=1
max-parallelism=6 segment-costs=[11115798, 15479] cpu-comparison-result=8 [max(6 (self) vs 8 (sum children))]
05:AGGREGATE [STREAMING]
|  output: sum(ss_ext_sales_price)
|  group by: ca_county, d_qoy, d_year
|  mem-estimate=10.00MB mem-reservation=5.00MB spill-buffer=256.00KB thread-reservation=0
|  tuple-ids=3 row-size=50B cardinality=293.73K cost=1174904
|  in pipelines: 00(GETNEXT)
|
04:HASH JOIN [INNER JOIN, BROADCAST]
|  hash-table-id=15
|  hash predicates: ss_addr_sk = ca_address_sk
|  fk/pk conjuncts: ss_addr_sk = ca_address_sk
|  mem-estimate=0B mem-reservation=0B spill-buffer=256.00KB thread-reservation=0
|  tuple-ids=0,1,2 row-size=54B cardinality=293.73K cost=293726
|  in pipelines: 00(GETNEXT), 02(OPEN)
|
|--F43:PLAN FRAGMENT [RANDOM] hosts=3 instances=3
|  |  Per-Instance Resources: mem-estimate=11.96MB mem-reservation=10.50MB thread-reservation=1 runtime-filters-memory=1.00MB
|  |  max-parallelism=3 segment-costs=[54977]
|  JOIN BUILD
|  |  join-table-id=15 plan-id=16 cohort-id=01
|  |  build expressions: ca_address_sk
|  |  runtime filters: RF010[bloom] <- ca_address_sk, RF011[min_max] <- ca_address_sk
|  |  mem-estimate=9.50MB mem-reservation=9.50MB spill-buffer=256.00KB thread-reservation=0 cost=50000
|  |
|  43:EXCHANGE [BROADCAST]
|  |  mem-estimate=1.46MB mem-reservation=0B thread-reservation=0
|  |  tuple-ids=2 row-size=30B cardinality=50.00K cost=4977
|  |  in pipelines: 02(GETNEXT)
|  |
|  F02:PLAN FRAGMENT [RANDOM] hosts=1 instances=1
|  Per-Instance Resources: mem-estimate=16.13MB mem-reservation=512.00KB thread-reservation=1
|  max-parallelism=1 segment-costs=[53122]
|  02:SCAN HDFS [tpcds_partitioned_parquet_snap.customer_address, RANDOM]
|     HDFS partitions=1/1 files=1 size=1.16MB
|     runtime filters: RF007[min_max] -> tpcds_partitioned_parquet_snap.customer_address.ca_county, RF005[min_max] -> tpcds_partitioned_parquet_snap.customer_address.ca_county, RF009[min_max] -> tpcds_partitioned_parquet_snap.customer_address.ca_county, RF003[min_max] -> tpcds_partitioned_parquet_snap.customer_address.ca_county, RF001[min_max] -> tpcds_partitioned_parquet_snap.customer_address.ca_county
|     stored statistics:
|       table: rows=50.00K size=1.16MB
|       columns: all
|     extrapolated-rows=disabled max-scan-range-rows=50.00K
|     mem-estimate=16.00MB mem-reservation=512.00KB thread-reservation=0
|     tuple-ids=2 row-size=30B cardinality=50.00K cost=51463
|     in pipelines: 02(GETNEXT)
|
03:HASH JOIN [INNER JOIN, BROADCAST]
|  hash-table-id=16
|  hash predicates: ss_sold_date_sk = d_date_sk
|  fk/pk conjuncts: ss_sold_date_sk = d_date_sk
|  mem-estimate=0B mem-reservation=0B spill-buffer=64.00KB thread-reservation=0
|  tuple-ids=0,1 row-size=24B cardinality=293.73K cost=293726
|  in pipelines: 00(GETNEXT), 01(OPEN)
|
|--F44:PLAN FRAGMENT [RANDOM] hosts=3 instances=3
|  |  Per-Instance Resources: mem-estimate=4.89MB mem-reservation=4.88MB thread-reservation=1 runtime-filters-memory=1.00MB
|  |  max-parallelism=3 segment-costs=[195]
|  JOIN BUILD
|  |  join-table-id=16 plan-id=17 cohort-id=01
|  |  build expressions: d_date_sk
|  |  runtime filters: RF012[bloom] <- d_date_sk
|  |  mem-estimate=3.88MB mem-reservation=3.88MB spill-buffer=64.00KB thread-reservation=0 cost=186
|  |
|  42:EXCHANGE [BROADCAST]
|  |  mem-estimate=16.00KB mem-reservation=0B thread-reservation=0
|  |  tuple-ids=1 row-size=12B cardinality=186 cost=9
|  |  in pipelines: 01(GETNEXT)
|  |
|  F01:PLAN FRAGMENT [RANDOM] hosts=1 instances=1
|  Per-Instance Resources: mem-estimate=16.06MB mem-reservation=512.00KB thread-reservation=1
|  max-parallelism=1 segment-costs=[196958]
|  01:SCAN HDFS [tpcds_partitioned_parquet_snap.date_dim, RANDOM]
|     HDFS partitions=1/1 files=1 size=2.15MB
|     predicates: tpcds_partitioned_parquet_snap.date_dim.d_year = CAST(2000 AS INT), tpcds_partitioned_parquet_snap.date_dim.d_qoy = CAST(1 AS INT)
|     stored statistics:
|       table: rows=73.05K size=2.15MB
|       columns: all
|     extrapolated-rows=disabled max-scan-range-rows=73.05K
|     parquet statistics predicates: tpcds_partitioned_parquet_snap.date_dim.d_year = CAST(2000 AS INT), tpcds_partitioned_parquet_snap.date_dim.d_qoy = CAST(1 AS INT)
|     parquet dictionary predicates: tpcds_partitioned_parquet_snap.date_dim.d_year = CAST(2000 AS INT), tpcds_partitioned_parquet_snap.date_dim.d_qoy = CAST(1 AS INT)
|     mem-estimate=16.00MB mem-reservation=512.00KB thread-reservation=0
|     tuple-ids=1 row-size=12B cardinality=186 cost=196955
|     in pipelines: 01(GETNEXT)
|
00:SCAN HDFS [tpcds_partitioned_parquet_snap.store_sales, RANDOM]
   HDFS partitions=1824/1824 files=1824 size=199.36MB
   runtime filters: RF011[min_max] -> ss_addr_sk, RF012[bloom] -> ss_sold_date_sk, RF010[bloom] -> ss_addr_sk
   stored statistics:
     table: rows=2.88M size=199.36MB
     partitions: 1824/1824 rows=2.88M
     columns: all
   extrapolated-rows=disabled max-scan-range-rows=130.09K est-scan-range=187(filtered from 1824)
   mem-estimate=16.00MB mem-reservation=1.00MB thread-reservation=0
   tuple-ids=0 row-size=12B cardinality=293.73K(filtered from 2.88M) cost=9353442
   in pipelines: 00(GETNEXT)
---- PARALLELPLANS
Max Per-Host Resource Reservation: Memory=516.38MB Threads=163
Per-Host Resource Estimates: Memory=18.43PB
F31:PLAN FRAGMENT [UNPARTITIONED] hosts=1 instances=1
|  Per-Instance Resources: mem-estimate=586.09MB mem-reservation=4.00MB thread-reservation=1
|  max-parallelism=1 segment-costs=[3027714093088768] cpu-comparison-result=252 [max(1 (self) vs 252 (sum children))]
PLAN-ROOT SINK
|  output exprs: ca_county, d_year, (web_sales * CAST(1.0000 AS DECIMAL(5,4))) / web_sales, (store_sales * CAST(1.0000 AS DECIMAL(5,4))) / store_sales, (web_sales * CAST(1.0000 AS DECIMAL(5,4))) / web_sales, (store_sales * CAST(1.0000 AS DECIMAL(5,4))) / store_sales
|  mem-estimate=100.00MB mem-reservation=4.00MB spill-buffer=2.00MB thread-reservation=0 cost=2964997386797056
|
78:MERGING-EXCHANGE [UNPARTITIONED]
|  order by: ca_county ASC
|  mem-estimate=486.09MB mem-reservation=0B thread-reservation=0
|  tuple-ids=30 row-size=126B cardinality=494.17T cost=62716706291712
|  in pipelines: 41(GETNEXT)
|
F10:PLAN FRAGMENT [HASH(ca_county)] hosts=3 instances=48
Per-Instance Resources: mem-estimate=1.15PB mem-reservation=12.00MB thread-reservation=1
max-parallelism=49725618 segment-costs=[497256173744217, 62716706291712] cpu-comparison-result=252 [max(48 (self) vs 252 (sum children))]
41:SORT
|  order by: ca_county ASC
|  mem-estimate=1.15PB mem-reservation=12.00MB spill-buffer=2.00MB thread-reservation=0
|  tuple-ids=30 row-size=126B cardinality=494.17T cost=494166219948032
|  in pipelines: 41(GETNEXT), 46(OPEN)
|
40:HASH JOIN [INNER JOIN, PARTITIONED]
|  hash-table-id=00
|  hash predicates: ca_county = ca_county
|  fk/pk conjuncts: none
|  other predicates: CASE WHEN sum(ws_ext_sales_price) > CAST(0 AS DECIMAL(3,0)) THEN (sum(ws_ext_sales_price) * CAST(1.0000 AS DECIMAL(5,4))) / sum(ws_ext_sales_price) ELSE NULL END > CASE WHEN sum(ss_ext_sales_price) > CAST(0 AS DECIMAL(3,0)) THEN (sum(ss_ext_sales_price) * CAST(1.0000 AS DECIMAL(5,4))) / sum(ss_ext_sales_price) ELSE NULL END
|  mem-estimate=0B mem-reservation=0B spill-buffer=64.00KB thread-reservation=0
|  tuple-ids=3,18,23,28,8,13 row-size=300B cardinality=494.17T cost=3070389911552
|  in pipelines: 46(GETNEXT), 76(OPEN)
|
|--F32:PLAN FRAGMENT [HASH(ca_county)] hosts=3 instances=48
|  |  Per-Instance Resources: mem-estimate=6.92MB mem-reservation=1.94MB thread-reservation=1
|  |  max-parallelism=48 segment-costs=[309205] cpu-comparison-result=48 [max(48 (self) vs 12 (sum children))]
|  JOIN BUILD
|  |  join-table-id=00 plan-id=01 cohort-id=01
|  |  build expressions: ca_county
|  |  runtime filters: RF001[min_max] <- ca_county
|  |  mem-estimate=1.94MB mem-reservation=1.94MB spill-buffer=64.00KB thread-reservation=0 cost=293726
|  |
|  77:EXCHANGE [HASH(ca_county)]
|  |  mem-estimate=4.98MB mem-reservation=0B thread-reservation=0
|  |  tuple-ids=13 row-size=50B cardinality=293.73K cost=15479
|  |  in pipelines: 76(GETNEXT)
|  |
|  F30:PLAN FRAGMENT [HASH(ca_county,d_qoy,d_year)] hosts=3 instances=6 (adjusted from 48)
|  Per-Instance Resources: mem-estimate=20.12MB mem-reservation=4.75MB thread-reservation=1
|  max-parallelism=6 segment-costs=[1190383, 15479] cpu-comparison-result=12 [max(6 (self) vs 12 (sum children))]
|  76:AGGREGATE [FINALIZE]
|  |  output: sum:merge(ss_ext_sales_price)
|  |  group by: ca_county, d_qoy, d_year
|  |  mem-estimate=10.00MB mem-reservation=4.75MB spill-buffer=256.00KB thread-reservation=0
|  |  tuple-ids=13 row-size=50B cardinality=293.73K cost=1174904
|  |  in pipelines: 76(GETNEXT), 12(OPEN)
|  |
|  75:EXCHANGE [HASH(ca_county,d_qoy,d_year)]
|  |  mem-estimate=4.98MB mem-reservation=0B thread-reservation=0
|  |  tuple-ids=13 row-size=50B cardinality=293.73K cost=15479
|  |  in pipelines: 12(GETNEXT)
|  |
|  F29:PLAN FRAGMENT [HASH(ss_addr_sk)] hosts=3 instances=6 (adjusted from 48)
|  Per-Instance Resources: mem-estimate=13.69MB mem-reservation=5.00MB thread-reservation=1
|  max-parallelism=6 segment-costs=[1477809, 15479] cpu-comparison-result=12 [max(12 (self) vs 11 (sum children))]
|  17:AGGREGATE [STREAMING]
|  |  output: sum(ss_ext_sales_price)
|  |  group by: ca_county, d_qoy, d_year
|  |  mem-estimate=10.00MB mem-reservation=5.00MB spill-buffer=256.00KB thread-reservation=0
|  |  tuple-ids=13 row-size=50B cardinality=293.73K cost=1174904
|  |  in pipelines: 12(GETNEXT)
|  |
|  16:HASH JOIN [INNER JOIN, PARTITIONED]
|  |  hash-table-id=01
|  |  hash predicates: ss_addr_sk = ca_address_sk
|  |  fk/pk conjuncts: ss_addr_sk = ca_address_sk
|  |  mem-estimate=0B mem-reservation=0B spill-buffer=64.00KB thread-reservation=0
|  |  tuple-ids=10,11,12 row-size=54B cardinality=293.73K cost=293726
|  |  in pipelines: 12(GETNEXT), 14(OPEN)
|  |
|  |--F33:PLAN FRAGMENT [HASH(ss_addr_sk)] hosts=3 instances=6 (adjusted from 48)
|  |  |  Per-Instance Resources: mem-estimate=3.40MB mem-reservation=1.94MB thread-reservation=1
|  |  |  max-parallelism=6 segment-costs=[51659]
|  |  JOIN BUILD
|  |  |  join-table-id=01 plan-id=02 cohort-id=02
|  |  |  build expressions: ca_address_sk
|  |  |  runtime filters: RF031[min_max] <- ca_address_sk
|  |  |  mem-estimate=1.94MB mem-reservation=1.94MB spill-buffer=64.00KB thread-reservation=0 cost=50000
|  |  |
|  |  74:EXCHANGE [HASH(ca_address_sk)]
|  |  |  mem-estimate=1.46MB mem-reservation=0B thread-reservation=0
|  |  |  tuple-ids=12 row-size=30B cardinality=50.00K cost=1659
|  |  |  in pipelines: 14(GETNEXT)
|  |  |
|  |  F28:PLAN FRAGMENT [RANDOM] hosts=1 instances=1
|  |  Per-Instance Resources: mem-estimate=16.80MB mem-reservation=512.00KB thread-reservation=1
|  |  max-parallelism=1 segment-costs=[53122]
|  |  14:SCAN HDFS [tpcds_partitioned_parquet_snap.customer_address, RANDOM]
|  |     HDFS partitions=1/1 files=1 size=1.16MB
|  |     stored statistics:
|  |       table: rows=50.00K size=1.16MB
|  |       columns: all
|  |     extrapolated-rows=disabled max-scan-range-rows=50.00K
|  |     mem-estimate=16.00MB mem-reservation=512.00KB thread-reservation=0
|  |     tuple-ids=12 row-size=30B cardinality=50.00K cost=51463
|  |     in pipelines: 14(GETNEXT)
|  |
|  73:EXCHANGE [HASH(ss_addr_sk)]
|  |  mem-estimate=2.43MB mem-reservation=0B thread-reservation=0
|  |  tuple-ids=10,11 row-size=24B cardinality=293.73K cost=9179
|  |  in pipelines: 12(GETNEXT)
|  |
|  F26:PLAN FRAGMENT [RANDOM] hosts=3 instances=6 (adjusted from 48)
|  Per-Host Shared Resources: mem-estimate=1.00MB mem-reservation=1.00MB thread-reservation=0 runtime-filters-memory=1.00MB
|  Per-Instance Resources: mem-estimate=16.75MB mem-reservation=1.00MB thread-reservation=1
|  max-parallelism=6 segment-costs=[9656347]
|  15:HASH JOIN [INNER JOIN, BROADCAST]
|  |  hash-table-id=02
|  |  hash predicates: ss_sold_date_sk = d_date_sk
|  |  fk/pk conjuncts: ss_sold_date_sk = d_date_sk
|  |  mem-estimate=0B mem-reservation=0B spill-buffer=64.00KB thread-reservation=0
|  |  tuple-ids=10,11 row-size=24B cardinality=293.73K cost=293726
|  |  in pipelines: 12(GETNEXT), 13(OPEN)
|  |
|  |--F34:PLAN FRAGMENT [RANDOM] hosts=3 instances=3
|  |  |  Per-Instance Resources: mem-estimate=4.89MB mem-reservation=4.88MB thread-reservation=1 runtime-filters-memory=1.00MB
|  |  |  max-parallelism=3 segment-costs=[195]
|  |  JOIN BUILD
|  |  |  join-table-id=02 plan-id=03 cohort-id=02
|  |  |  build expressions: d_date_sk
|  |  |  runtime filters: RF032[bloom] <- d_date_sk
|  |  |  mem-estimate=3.88MB mem-reservation=3.88MB spill-buffer=64.00KB thread-reservation=0 cost=186
|  |  |
|  |  72:EXCHANGE [BROADCAST]
|  |  |  mem-estimate=16.00KB mem-reservation=0B thread-reservation=0
|  |  |  tuple-ids=11 row-size=12B cardinality=186 cost=9
|  |  |  in pipelines: 13(GETNEXT)
|  |  |
|  |  F27:PLAN FRAGMENT [RANDOM] hosts=1 instances=1
|  |  Per-Instance Resources: mem-estimate=16.06MB mem-reservation=512.00KB thread-reservation=1
|  |  max-parallelism=1 segment-costs=[196958]
|  |  13:SCAN HDFS [tpcds_partitioned_parquet_snap.date_dim, RANDOM]
|  |     HDFS partitions=1/1 files=1 size=2.15MB
|  |     predicates: tpcds_partitioned_parquet_snap.date_dim.d_year = CAST(2000 AS INT), tpcds_partitioned_parquet_snap.date_dim.d_qoy = CAST(3 AS INT)
|  |     stored statistics:
|  |       table: rows=73.05K size=2.15MB
|  |       columns: all
|  |     extrapolated-rows=disabled max-scan-range-rows=73.05K
|  |     parquet statistics predicates: tpcds_partitioned_parquet_snap.date_dim.d_year = CAST(2000 AS INT), tpcds_partitioned_parquet_snap.date_dim.d_qoy = CAST(3 AS INT)
|  |     parquet dictionary predicates: tpcds_partitioned_parquet_snap.date_dim.d_year = CAST(2000 AS INT), tpcds_partitioned_parquet_snap.date_dim.d_qoy = CAST(3 AS INT)
|  |     mem-estimate=16.00MB mem-reservation=512.00KB thread-reservation=0
|  |     tuple-ids=11 row-size=12B cardinality=186 cost=196955
|  |     in pipelines: 13(GETNEXT)
|  |
|  12:SCAN HDFS [tpcds_partitioned_parquet_snap.store_sales, RANDOM]
|     HDFS partitions=1824/1824 files=1824 size=199.36MB
|     runtime filters: RF031[min_max] -> ss_addr_sk, RF032[bloom] -> ss_sold_date_sk
|     stored statistics:
|       table: rows=2.88M size=199.36MB
|       partitions: 1824/1824 rows=2.88M
|       columns: all
|     extrapolated-rows=disabled max-scan-range-rows=130.09K est-scan-range=187(filtered from 1824)
|     mem-estimate=16.00MB mem-reservation=1.00MB thread-reservation=0
|     tuple-ids=10 row-size=12B cardinality=293.73K(filtered from 2.88M) cost=9353442
|     in pipelines: 12(GETNEXT)
|
39:HASH JOIN [INNER JOIN, PARTITIONED]
|  hash-table-id=03
|  hash predicates: ca_county = ca_county
|  fk/pk conjuncts: none
|  other predicates: CASE WHEN sum(ws_ext_sales_price) > CAST(0 AS DECIMAL(3,0)) THEN (sum(ws_ext_sales_price) * CAST(1.0000 AS DECIMAL(5,4))) / sum(ws_ext_sales_price) ELSE NULL END > CASE WHEN sum(ss_ext_sales_price) > CAST(0 AS DECIMAL(3,0)) THEN (sum(ss_ext_sales_price) * CAST(1.0000 AS DECIMAL(5,4))) / sum(ss_ext_sales_price) ELSE NULL END
|  mem-estimate=0B mem-reservation=0B spill-buffer=64.00KB thread-reservation=0
|  tuple-ids=3,18,23,28,8 row-size=250B cardinality=3.07T cost=19077173248
|  in pipelines: 46(GETNEXT), 70(OPEN)
|
|--F35:PLAN FRAGMENT [HASH(ca_county)] hosts=3 instances=48
|  |  Per-Instance Resources: mem-estimate=6.92MB mem-reservation=1.94MB thread-reservation=1
|  |  max-parallelism=48 segment-costs=[309205] cpu-comparison-result=48 [max(48 (self) vs 12 (sum children))]
|  JOIN BUILD
|  |  join-table-id=03 plan-id=04 cohort-id=01
|  |  build expressions: ca_county
|  |  runtime filters: RF003[min_max] <- ca_county
|  |  mem-estimate=1.94MB mem-reservation=1.94MB spill-buffer=64.00KB thread-reservation=0 cost=293726
|  |
|  71:EXCHANGE [HASH(ca_county)]
|  |  mem-estimate=4.98MB mem-reservation=0B thread-reservation=0
|  |  tuple-ids=8 row-size=50B cardinality=293.73K cost=15479
|  |  in pipelines: 70(GETNEXT)
|  |
|  F25:PLAN FRAGMENT [HASH(ca_county,d_qoy,d_year)] hosts=3 instances=6 (adjusted from 48)
|  Per-Instance Resources: mem-estimate=20.12MB mem-reservation=4.75MB thread-reservation=1
|  max-parallelism=6 segment-costs=[1190383, 15479] cpu-comparison-result=12 [max(6 (self) vs 12 (sum children))]
|  70:AGGREGATE [FINALIZE]
|  |  output: sum:merge(ss_ext_sales_price)
|  |  group by: ca_county, d_qoy, d_year
|  |  mem-estimate=10.00MB mem-reservation=4.75MB spill-buffer=256.00KB thread-reservation=0
|  |  tuple-ids=8 row-size=50B cardinality=293.73K cost=1174904
|  |  in pipelines: 70(GETNEXT), 06(OPEN)
|  |
|  69:EXCHANGE [HASH(ca_county,d_qoy,d_year)]
|  |  mem-estimate=4.98MB mem-reservation=0B thread-reservation=0
|  |  tuple-ids=8 row-size=50B cardinality=293.73K cost=15479
|  |  in pipelines: 06(GETNEXT)
|  |
|  F24:PLAN FRAGMENT [HASH(ss_addr_sk)] hosts=3 instances=6 (adjusted from 48)
|  Per-Instance Resources: mem-estimate=13.69MB mem-reservation=5.00MB thread-reservation=1
|  max-parallelism=6 segment-costs=[1477809, 15479] cpu-comparison-result=12 [max(12 (self) vs 11 (sum children))]
|  11:AGGREGATE [STREAMING]
|  |  output: sum(ss_ext_sales_price)
|  |  group by: ca_county, d_qoy, d_year
|  |  mem-estimate=10.00MB mem-reservation=5.00MB spill-buffer=256.00KB thread-reservation=0
|  |  tuple-ids=8 row-size=50B cardinality=293.73K cost=1174904
|  |  in pipelines: 06(GETNEXT)
|  |
|  10:HASH JOIN [INNER JOIN, PARTITIONED]
|  |  hash-table-id=04
|  |  hash predicates: ss_addr_sk = ca_address_sk
|  |  fk/pk conjuncts: ss_addr_sk = ca_address_sk
|  |  mem-estimate=0B mem-reservation=0B spill-buffer=64.00KB thread-reservation=0
|  |  tuple-ids=5,6,7 row-size=54B cardinality=293.73K cost=293726
|  |  in pipelines: 06(GETNEXT), 08(OPEN)
|  |
|  |--F36:PLAN FRAGMENT [HASH(ss_addr_sk)] hosts=3 instances=6 (adjusted from 48)
|  |  |  Per-Instance Resources: mem-estimate=3.40MB mem-reservation=1.94MB thread-reservation=1
|  |  |  max-parallelism=6 segment-costs=[51659]
|  |  JOIN BUILD
|  |  |  join-table-id=04 plan-id=05 cohort-id=03
|  |  |  build expressions: ca_address_sk
|  |  |  runtime filters: RF027[min_max] <- ca_address_sk
|  |  |  mem-estimate=1.94MB mem-reservation=1.94MB spill-buffer=64.00KB thread-reservation=0 cost=50000
|  |  |
|  |  68:EXCHANGE [HASH(ca_address_sk)]
|  |  |  mem-estimate=1.46MB mem-reservation=0B thread-reservation=0
|  |  |  tuple-ids=7 row-size=30B cardinality=50.00K cost=1659
|  |  |  in pipelines: 08(GETNEXT)
|  |  |
|  |  F23:PLAN FRAGMENT [RANDOM] hosts=1 instances=1
|  |  Per-Instance Resources: mem-estimate=16.80MB mem-reservation=512.00KB thread-reservation=1
|  |  max-parallelism=1 segment-costs=[53122]
|  |  08:SCAN HDFS [tpcds_partitioned_parquet_snap.customer_address, RANDOM]
|  |     HDFS partitions=1/1 files=1 size=1.16MB
|  |     runtime filters: RF001[min_max] -> tpcds_partitioned_parquet_snap.customer_address.ca_county
|  |     stored statistics:
|  |       table: rows=50.00K size=1.16MB
|  |       columns: all
|  |     extrapolated-rows=disabled max-scan-range-rows=50.00K
|  |     mem-estimate=16.00MB mem-reservation=512.00KB thread-reservation=0
|  |     tuple-ids=7 row-size=30B cardinality=50.00K cost=51463
|  |     in pipelines: 08(GETNEXT)
|  |
|  67:EXCHANGE [HASH(ss_addr_sk)]
|  |  mem-estimate=2.43MB mem-reservation=0B thread-reservation=0
|  |  tuple-ids=5,6 row-size=24B cardinality=293.73K cost=9179
|  |  in pipelines: 06(GETNEXT)
|  |
|  F21:PLAN FRAGMENT [RANDOM] hosts=3 instances=6 (adjusted from 48)
|  Per-Host Shared Resources: mem-estimate=1.00MB mem-reservation=1.00MB thread-reservation=0 runtime-filters-memory=1.00MB
|  Per-Instance Resources: mem-estimate=16.75MB mem-reservation=1.00MB thread-reservation=1
|  max-parallelism=6 segment-costs=[9656347]
|  09:HASH JOIN [INNER JOIN, BROADCAST]
|  |  hash-table-id=05
|  |  hash predicates: ss_sold_date_sk = d_date_sk
|  |  fk/pk conjuncts: ss_sold_date_sk = d_date_sk
|  |  mem-estimate=0B mem-reservation=0B spill-buffer=64.00KB thread-reservation=0
|  |  tuple-ids=5,6 row-size=24B cardinality=293.73K cost=293726
|  |  in pipelines: 06(GETNEXT), 07(OPEN)
|  |
|  |--F37:PLAN FRAGMENT [RANDOM] hosts=3 instances=3
|  |  |  Per-Instance Resources: mem-estimate=4.89MB mem-reservation=4.88MB thread-reservation=1 runtime-filters-memory=1.00MB
|  |  |  max-parallelism=3 segment-costs=[195]
|  |  JOIN BUILD
|  |  |  join-table-id=05 plan-id=06 cohort-id=03
|  |  |  build expressions: d_date_sk
|  |  |  runtime filters: RF028[bloom] <- d_date_sk
|  |  |  mem-estimate=3.88MB mem-reservation=3.88MB spill-buffer=64.00KB thread-reservation=0 cost=186
|  |  |
|  |  66:EXCHANGE [BROADCAST]
|  |  |  mem-estimate=16.00KB mem-reservation=0B thread-reservation=0
|  |  |  tuple-ids=6 row-size=12B cardinality=186 cost=9
|  |  |  in pipelines: 07(GETNEXT)
|  |  |
|  |  F22:PLAN FRAGMENT [RANDOM] hosts=1 instances=1
|  |  Per-Instance Resources: mem-estimate=16.06MB mem-reservation=512.00KB thread-reservation=1
|  |  max-parallelism=1 segment-costs=[196958]
|  |  07:SCAN HDFS [tpcds_partitioned_parquet_snap.date_dim, RANDOM]
|  |     HDFS partitions=1/1 files=1 size=2.15MB
|  |     predicates: tpcds_partitioned_parquet_snap.date_dim.d_year = CAST(2000 AS INT), tpcds_partitioned_parquet_snap.date_dim.d_qoy = CAST(2 AS INT)
|  |     stored statistics:
|  |       table: rows=73.05K size=2.15MB
|  |       columns: all
|  |     extrapolated-rows=disabled max-scan-range-rows=73.05K
|  |     parquet statistics predicates: tpcds_partitioned_parquet_snap.date_dim.d_year = CAST(2000 AS INT), tpcds_partitioned_parquet_snap.date_dim.d_qoy = CAST(2 AS INT)
|  |     parquet dictionary predicates: tpcds_partitioned_parquet_snap.date_dim.d_year = CAST(2000 AS INT), tpcds_partitioned_parquet_snap.date_dim.d_qoy = CAST(2 AS INT)
|  |     mem-estimate=16.00MB mem-reservation=512.00KB thread-reservation=0
|  |     tuple-ids=6 row-size=12B cardinality=186 cost=196955
|  |     in pipelines: 07(GETNEXT)
|  |
|  06:SCAN HDFS [tpcds_partitioned_parquet_snap.store_sales, RANDOM]
|     HDFS partitions=1824/1824 files=1824 size=199.36MB
|     runtime filters: RF027[min_max] -> ss_addr_sk, RF028[bloom] -> ss_sold_date_sk
|     stored statistics:
|       table: rows=2.88M size=199.36MB
|       partitions: 1824/1824 rows=2.88M
|       columns: all
|     extrapolated-rows=disabled max-scan-range-rows=130.09K est-scan-range=187(filtered from 1824)
|     mem-estimate=16.00MB mem-reservation=1.00MB thread-reservation=0
|     tuple-ids=5 row-size=12B cardinality=293.73K(filtered from 2.88M) cost=9353442
|     in pipelines: 06(GETNEXT)
|
38:HASH JOIN [INNER JOIN, PARTITIONED]
|  hash-table-id=06
|  hash predicates: ca_county = ca_county
|  fk/pk conjuncts: none
|  mem-estimate=0B mem-reservation=0B spill-buffer=64.00KB thread-reservation=0
|  tuple-ids=3,18,23,28 row-size=200B cardinality=19.08G cost=474595360
|  in pipelines: 46(GETNEXT), 64(OPEN)
|
|--F38:PLAN FRAGMENT [HASH(ca_county)] hosts=3 instances=48
|  |  Per-Instance Resources: mem-estimate=3.42MB mem-reservation=1.94MB thread-reservation=1
|  |  max-parallelism=48 segment-costs=[77225] cpu-comparison-result=48 [max(48 (self) vs 12 (sum children))]
|  JOIN BUILD
|  |  join-table-id=06 plan-id=07 cohort-id=01
|  |  build expressions: ca_county
|  |  runtime filters: RF005[min_max] <- ca_county
|  |  mem-estimate=1.94MB mem-reservation=1.94MB spill-buffer=64.00KB thread-reservation=0 cost=73359
|  |
|  65:EXCHANGE [HASH(ca_county)]
|  |  mem-estimate=1.48MB mem-reservation=0B thread-reservation=0
|  |  tuple-ids=28 row-size=50B cardinality=73.36K cost=3866
|  |  in pipelines: 64(GETNEXT)
|  |
|  F20:PLAN FRAGMENT [HASH(ca_county,d_qoy,d_year)] hosts=3 instances=6 (adjusted from 48)
|  Per-Instance Resources: mem-estimate=20.12MB mem-reservation=1.94MB thread-reservation=1
|  max-parallelism=6 segment-costs=[297302, 3866] cpu-comparison-result=12 [max(6 (self) vs 12 (sum children))]
|  64:AGGREGATE [FINALIZE]
|  |  output: sum:merge(ws_ext_sales_price)
|  |  group by: ca_county, d_qoy, d_year
|  |  mem-estimate=10.00MB mem-reservation=1.94MB spill-buffer=64.00KB thread-reservation=0
|  |  tuple-ids=28 row-size=50B cardinality=73.36K cost=293436
|  |  in pipelines: 64(GETNEXT), 30(OPEN)
|  |
|  63:EXCHANGE [HASH(ca_county,d_qoy,d_year)]
|  |  mem-estimate=1.48MB mem-reservation=0B thread-reservation=0
|  |  tuple-ids=28 row-size=50B cardinality=73.36K cost=3866
|  |  in pipelines: 30(GETNEXT)
|  |
|  F19:PLAN FRAGMENT [HASH(ws_bill_addr_sk)] hosts=3 instances=6 (adjusted from 48)
|  Per-Instance Resources: mem-estimate=12.01MB mem-reservation=2.00MB thread-reservation=1
|  max-parallelism=6 segment-costs=[369088, 3866] cpu-comparison-result=12 [max(12 (self) vs 11 (sum children))]
|  35:AGGREGATE [STREAMING]
|  |  output: sum(ws_ext_sales_price)
|  |  group by: ca_county, d_qoy, d_year
|  |  mem-estimate=10.00MB mem-reservation=2.00MB spill-buffer=64.00KB thread-reservation=0
|  |  tuple-ids=28 row-size=50B cardinality=73.36K cost=293436
|  |  in pipelines: 30(GETNEXT)
|  |
|  34:HASH JOIN [INNER JOIN, PARTITIONED]
|  |  hash-table-id=07
|  |  hash predicates: ws_bill_addr_sk = ca_address_sk
|  |  fk/pk conjuncts: ws_bill_addr_sk = ca_address_sk
|  |  mem-estimate=0B mem-reservation=0B spill-buffer=64.00KB thread-reservation=0
|  |  tuple-ids=25,26,27 row-size=54B cardinality=73.36K cost=73359
|  |  in pipelines: 30(GETNEXT), 32(OPEN)
|  |
|  |--F39:PLAN FRAGMENT [HASH(ws_bill_addr_sk)] hosts=3 instances=6 (adjusted from 48)
|  |  |  Per-Instance Resources: mem-estimate=4.40MB mem-reservation=2.94MB thread-reservation=1 runtime-filters-memory=1.00MB
|  |  |  max-parallelism=6 segment-costs=[51659]
|  |  JOIN BUILD
|  |  |  join-table-id=07 plan-id=08 cohort-id=04
|  |  |  build expressions: ca_address_sk
|  |  |  runtime filters: RF022[bloom] <- ca_address_sk, RF023[min_max] <- ca_address_sk
|  |  |  mem-estimate=1.94MB mem-reservation=1.94MB spill-buffer=64.00KB thread-reservation=0 cost=50000
|  |  |
|  |  62:EXCHANGE [HASH(ca_address_sk)]
|  |  |  mem-estimate=1.46MB mem-reservation=0B thread-reservation=0
|  |  |  tuple-ids=27 row-size=30B cardinality=50.00K cost=1659
|  |  |  in pipelines: 32(GETNEXT)
|  |  |
|  |  F18:PLAN FRAGMENT [RANDOM] hosts=1 instances=1
|  |  Per-Instance Resources: mem-estimate=16.80MB mem-reservation=512.00KB thread-reservation=1
|  |  max-parallelism=1 segment-costs=[53122]
|  |  32:SCAN HDFS [tpcds_partitioned_parquet_snap.customer_address, RANDOM]
|  |     HDFS partitions=1/1 files=1 size=1.16MB
|  |     runtime filters: RF003[min_max] -> tpcds_partitioned_parquet_snap.customer_address.ca_county, RF001[min_max] -> tpcds_partitioned_parquet_snap.customer_address.ca_county
|  |     stored statistics:
|  |       table: rows=50.00K size=1.16MB
|  |       columns: all
|  |     extrapolated-rows=disabled max-scan-range-rows=50.00K
|  |     mem-estimate=16.00MB mem-reservation=512.00KB thread-reservation=0
|  |     tuple-ids=27 row-size=30B cardinality=50.00K cost=51463
|  |     in pipelines: 32(GETNEXT)
|  |
|  61:EXCHANGE [HASH(ws_bill_addr_sk)]
|  |  mem-estimate=765.12KB mem-reservation=0B thread-reservation=0
|  |  tuple-ids=25,26 row-size=24B cardinality=73.36K cost=2293
|  |  in pipelines: 30(GETNEXT)
|  |
|  F16:PLAN FRAGMENT [RANDOM] hosts=3 instances=6 (adjusted from 48)
|  Per-Host Shared Resources: mem-estimate=2.00MB mem-reservation=2.00MB thread-reservation=0 runtime-filters-memory=2.00MB
|  Per-Instance Resources: mem-estimate=16.75MB mem-reservation=128.00KB thread-reservation=1
|  max-parallelism=6 segment-costs=[9426512]
|  33:HASH JOIN [INNER JOIN, BROADCAST]
|  |  hash-table-id=08
|  |  hash predicates: ws_sold_date_sk = d_date_sk
|  |  fk/pk conjuncts: ws_sold_date_sk = d_date_sk
|  |  mem-estimate=0B mem-reservation=0B spill-buffer=64.00KB thread-reservation=0
|  |  tuple-ids=25,26 row-size=24B cardinality=73.36K cost=73359
|  |  in pipelines: 30(GETNEXT), 31(OPEN)
|  |
|  |--F40:PLAN FRAGMENT [RANDOM] hosts=3 instances=3
|  |  |  Per-Instance Resources: mem-estimate=4.89MB mem-reservation=4.88MB thread-reservation=1 runtime-filters-memory=1.00MB
|  |  |  max-parallelism=3 segment-costs=[195]
|  |  JOIN BUILD
|  |  |  join-table-id=08 plan-id=09 cohort-id=04
|  |  |  build expressions: d_date_sk
|  |  |  runtime filters: RF024[bloom] <- d_date_sk
|  |  |  mem-estimate=3.88MB mem-reservation=3.88MB spill-buffer=64.00KB thread-reservation=0 cost=186
|  |  |
|  |  60:EXCHANGE [BROADCAST]
|  |  |  mem-estimate=16.00KB mem-reservation=0B thread-reservation=0
|  |  |  tuple-ids=26 row-size=12B cardinality=186 cost=9
|  |  |  in pipelines: 31(GETNEXT)
|  |  |
|  |  F17:PLAN FRAGMENT [RANDOM] hosts=1 instances=1
|  |  Per-Instance Resources: mem-estimate=16.06MB mem-reservation=512.00KB thread-reservation=1
|  |  max-parallelism=1 segment-costs=[196958]
|  |  31:SCAN HDFS [tpcds_partitioned_parquet_snap.date_dim, RANDOM]
|  |     HDFS partitions=1/1 files=1 size=2.15MB
|  |     predicates: tpcds_partitioned_parquet_snap.date_dim.d_year = CAST(2000 AS INT), tpcds_partitioned_parquet_snap.date_dim.d_qoy = CAST(3 AS INT)
|  |     stored statistics:
|  |       table: rows=73.05K size=2.15MB
|  |       columns: all
|  |     extrapolated-rows=disabled max-scan-range-rows=73.05K
|  |     parquet statistics predicates: tpcds_partitioned_parquet_snap.date_dim.d_year = CAST(2000 AS INT), tpcds_partitioned_parquet_snap.date_dim.d_qoy = CAST(3 AS INT)
|  |     parquet dictionary predicates: tpcds_partitioned_parquet_snap.date_dim.d_year = CAST(2000 AS INT), tpcds_partitioned_parquet_snap.date_dim.d_qoy = CAST(3 AS INT)
|  |     mem-estimate=16.00MB mem-reservation=512.00KB thread-reservation=0
|  |     tuple-ids=26 row-size=12B cardinality=186 cost=196955
|  |     in pipelines: 31(GETNEXT)
|  |
|  30:SCAN HDFS [tpcds_partitioned_parquet_snap.web_sales, RANDOM]
|     HDFS partitions=1824/1824 files=1824 size=84.20MB
|     runtime filters: RF023[min_max] -> ws_bill_addr_sk, RF024[bloom] -> ws_sold_date_sk, RF022[bloom] -> ws_bill_addr_sk
|     stored statistics:
|       table: rows=719.38K size=84.20MB
|       partitions: 1824/1824 rows=719.38K
|       columns: all
|     extrapolated-rows=disabled max-scan-range-rows=1.12K est-scan-range=187(filtered from 1824)
|     mem-estimate=16.00MB mem-reservation=128.00KB thread-reservation=0
|     tuple-ids=25 row-size=12B cardinality=73.36K(filtered from 719.38K) cost=9350860
|     in pipelines: 30(GETNEXT)
|
37:HASH JOIN [INNER JOIN, PARTITIONED]
|  hash-table-id=09
|  hash predicates: ca_county = ca_county
|  fk/pk conjuncts: none
|  mem-estimate=0B mem-reservation=0B spill-buffer=64.00KB thread-reservation=0
|  tuple-ids=3,18,23 row-size=150B cardinality=474.60M cost=11806820
|  in pipelines: 46(GETNEXT), 58(OPEN)
|
|--F41:PLAN FRAGMENT [HASH(ca_county)] hosts=3 instances=48
|  |  Per-Instance Resources: mem-estimate=3.42MB mem-reservation=1.94MB thread-reservation=1
|  |  max-parallelism=48 segment-costs=[77225] cpu-comparison-result=48 [max(48 (self) vs 12 (sum children))]
|  JOIN BUILD
|  |  join-table-id=09 plan-id=10 cohort-id=01
|  |  build expressions: ca_county
|  |  runtime filters: RF007[min_max] <- ca_county
|  |  mem-estimate=1.94MB mem-reservation=1.94MB spill-buffer=64.00KB thread-reservation=0 cost=73359
|  |
|  59:EXCHANGE [HASH(ca_county)]
|  |  mem-estimate=1.48MB mem-reservation=0B thread-reservation=0
|  |  tuple-ids=23 row-size=50B cardinality=73.36K cost=3866
|  |  in pipelines: 58(GETNEXT)
|  |
|  F15:PLAN FRAGMENT [HASH(ca_county,d_qoy,d_year)] hosts=3 instances=6 (adjusted from 48)
|  Per-Instance Resources: mem-estimate=20.12MB mem-reservation=1.94MB thread-reservation=1
|  max-parallelism=6 segment-costs=[297302, 3866] cpu-comparison-result=12 [max(6 (self) vs 12 (sum children))]
|  58:AGGREGATE [FINALIZE]
|  |  output: sum:merge(ws_ext_sales_price)
|  |  group by: ca_county, d_qoy, d_year
|  |  mem-estimate=10.00MB mem-reservation=1.94MB spill-buffer=64.00KB thread-reservation=0
|  |  tuple-ids=23 row-size=50B cardinality=73.36K cost=293436
|  |  in pipelines: 58(GETNEXT), 24(OPEN)
|  |
|  57:EXCHANGE [HASH(ca_county,d_qoy,d_year)]
|  |  mem-estimate=1.48MB mem-reservation=0B thread-reservation=0
|  |  tuple-ids=23 row-size=50B cardinality=73.36K cost=3866
|  |  in pipelines: 24(GETNEXT)
|  |
|  F14:PLAN FRAGMENT [HASH(ws_bill_addr_sk)] hosts=3 instances=6 (adjusted from 48)
|  Per-Instance Resources: mem-estimate=12.01MB mem-reservation=2.00MB thread-reservation=1
|  max-parallelism=6 segment-costs=[369088, 3866] cpu-comparison-result=12 [max(12 (self) vs 11 (sum children))]
|  29:AGGREGATE [STREAMING]
|  |  output: sum(ws_ext_sales_price)
|  |  group by: ca_county, d_qoy, d_year
|  |  mem-estimate=10.00MB mem-reservation=2.00MB spill-buffer=64.00KB thread-reservation=0
|  |  tuple-ids=23 row-size=50B cardinality=73.36K cost=293436
|  |  in pipelines: 24(GETNEXT)
|  |
|  28:HASH JOIN [INNER JOIN, PARTITIONED]
|  |  hash-table-id=10
|  |  hash predicates: ws_bill_addr_sk = ca_address_sk
|  |  fk/pk conjuncts: ws_bill_addr_sk = ca_address_sk
|  |  mem-estimate=0B mem-reservation=0B spill-buffer=64.00KB thread-reservation=0
|  |  tuple-ids=20,21,22 row-size=54B cardinality=73.36K cost=73359
|  |  in pipelines: 24(GETNEXT), 26(OPEN)
|  |
|  |--F42:PLAN FRAGMENT [HASH(ws_bill_addr_sk)] hosts=3 instances=6 (adjusted from 48)
|  |  |  Per-Instance Resources: mem-estimate=4.40MB mem-reservation=2.94MB thread-reservation=1 runtime-filters-memory=1.00MB
|  |  |  max-parallelism=6 segment-costs=[51659]
|  |  JOIN BUILD
|  |  |  join-table-id=10 plan-id=11 cohort-id=05
|  |  |  build expressions: ca_address_sk
|  |  |  runtime filters: RF018[bloom] <- ca_address_sk, RF019[min_max] <- ca_address_sk
|  |  |  mem-estimate=1.94MB mem-reservation=1.94MB spill-buffer=64.00KB thread-reservation=0 cost=50000
|  |  |
|  |  56:EXCHANGE [HASH(ca_address_sk)]
|  |  |  mem-estimate=1.46MB mem-reservation=0B thread-reservation=0
|  |  |  tuple-ids=22 row-size=30B cardinality=50.00K cost=1659
|  |  |  in pipelines: 26(GETNEXT)
|  |  |
|  |  F13:PLAN FRAGMENT [RANDOM] hosts=1 instances=1
|  |  Per-Instance Resources: mem-estimate=16.80MB mem-reservation=512.00KB thread-reservation=1
|  |  max-parallelism=1 segment-costs=[53122]
|  |  26:SCAN HDFS [tpcds_partitioned_parquet_snap.customer_address, RANDOM]
|  |     HDFS partitions=1/1 files=1 size=1.16MB
|  |     runtime filters: RF005[min_max] -> tpcds_partitioned_parquet_snap.customer_address.ca_county, RF003[min_max] -> tpcds_partitioned_parquet_snap.customer_address.ca_county, RF001[min_max] -> tpcds_partitioned_parquet_snap.customer_address.ca_county
|  |     stored statistics:
|  |       table: rows=50.00K size=1.16MB
|  |       columns: all
|  |     extrapolated-rows=disabled max-scan-range-rows=50.00K
|  |     mem-estimate=16.00MB mem-reservation=512.00KB thread-reservation=0
|  |     tuple-ids=22 row-size=30B cardinality=50.00K cost=51463
|  |     in pipelines: 26(GETNEXT)
|  |
|  55:EXCHANGE [HASH(ws_bill_addr_sk)]
|  |  mem-estimate=765.12KB mem-reservation=0B thread-reservation=0
|  |  tuple-ids=20,21 row-size=24B cardinality=73.36K cost=2293
|  |  in pipelines: 24(GETNEXT)
|  |
|  F11:PLAN FRAGMENT [RANDOM] hosts=3 instances=6 (adjusted from 48)
|  Per-Host Shared Resources: mem-estimate=2.00MB mem-reservation=2.00MB thread-reservation=0 runtime-filters-memory=2.00MB
|  Per-Instance Resources: mem-estimate=16.75MB mem-reservation=128.00KB thread-reservation=1
|  max-parallelism=6 segment-costs=[9426512]
|  27:HASH JOIN [INNER JOIN, BROADCAST]
|  |  hash-table-id=11
|  |  hash predicates: ws_sold_date_sk = d_date_sk
|  |  fk/pk conjuncts: ws_sold_date_sk = d_date_sk
|  |  mem-estimate=0B mem-reservation=0B spill-buffer=64.00KB thread-reservation=0
|  |  tuple-ids=20,21 row-size=24B cardinality=73.36K cost=73359
|  |  in pipelines: 24(GETNEXT), 25(OPEN)
|  |
|  |--F43:PLAN FRAGMENT [RANDOM] hosts=3 instances=3
|  |  |  Per-Instance Resources: mem-estimate=4.89MB mem-reservation=4.88MB thread-reservation=1 runtime-filters-memory=1.00MB
|  |  |  max-parallelism=3 segment-costs=[195]
|  |  JOIN BUILD
|  |  |  join-table-id=11 plan-id=12 cohort-id=05
|  |  |  build expressions: d_date_sk
|  |  |  runtime filters: RF020[bloom] <- d_date_sk
|  |  |  mem-estimate=3.88MB mem-reservation=3.88MB spill-buffer=64.00KB thread-reservation=0 cost=186
|  |  |
|  |  54:EXCHANGE [BROADCAST]
|  |  |  mem-estimate=16.00KB mem-reservation=0B thread-reservation=0
|  |  |  tuple-ids=21 row-size=12B cardinality=186 cost=9
|  |  |  in pipelines: 25(GETNEXT)
|  |  |
|  |  F12:PLAN FRAGMENT [RANDOM] hosts=1 instances=1
|  |  Per-Instance Resources: mem-estimate=16.06MB mem-reservation=512.00KB thread-reservation=1
|  |  max-parallelism=1 segment-costs=[196958]
|  |  25:SCAN HDFS [tpcds_partitioned_parquet_snap.date_dim, RANDOM]
|  |     HDFS partitions=1/1 files=1 size=2.15MB
|  |     predicates: tpcds_partitioned_parquet_snap.date_dim.d_year = CAST(2000 AS INT), tpcds_partitioned_parquet_snap.date_dim.d_qoy = CAST(2 AS INT)
|  |     stored statistics:
|  |       table: rows=73.05K size=2.15MB
|  |       columns: all
|  |     extrapolated-rows=disabled max-scan-range-rows=73.05K
|  |     parquet statistics predicates: tpcds_partitioned_parquet_snap.date_dim.d_year = CAST(2000 AS INT), tpcds_partitioned_parquet_snap.date_dim.d_qoy = CAST(2 AS INT)
|  |     parquet dictionary predicates: tpcds_partitioned_parquet_snap.date_dim.d_year = CAST(2000 AS INT), tpcds_partitioned_parquet_snap.date_dim.d_qoy = CAST(2 AS INT)
|  |     mem-estimate=16.00MB mem-reservation=512.00KB thread-reservation=0
|  |     tuple-ids=21 row-size=12B cardinality=186 cost=196955
|  |     in pipelines: 25(GETNEXT)
|  |
|  24:SCAN HDFS [tpcds_partitioned_parquet_snap.web_sales, RANDOM]
|     HDFS partitions=1824/1824 files=1824 size=84.20MB
|     runtime filters: RF019[min_max] -> ws_bill_addr_sk, RF020[bloom] -> ws_sold_date_sk, RF018[bloom] -> ws_bill_addr_sk
|     stored statistics:
|       table: rows=719.38K size=84.20MB
|       partitions: 1824/1824 rows=719.38K
|       columns: all
|     extrapolated-rows=disabled max-scan-range-rows=1.12K est-scan-range=187(filtered from 1824)
|     mem-estimate=16.00MB mem-reservation=128.00KB thread-reservation=0
|     tuple-ids=20 row-size=12B cardinality=73.36K(filtered from 719.38K) cost=9350860
|     in pipelines: 24(GETNEXT)
|
36:HASH JOIN [INNER JOIN, PARTITIONED]
|  hash-table-id=12
|  hash predicates: ca_county = ca_county
|  fk/pk conjuncts: none
|  mem-estimate=0B mem-reservation=0B spill-buffer=64.00KB thread-reservation=0
|  tuple-ids=3,18 row-size=100B cardinality=11.81M cost=293726
|  in pipelines: 46(GETNEXT), 51(OPEN)
|
|--F44:PLAN FRAGMENT [HASH(ca_county)] hosts=3 instances=48
|  |  Per-Instance Resources: mem-estimate=3.42MB mem-reservation=1.94MB thread-reservation=1
|  |  max-parallelism=48 segment-costs=[77225] cpu-comparison-result=48 [max(48 (self) vs 12 (sum children))]
|  JOIN BUILD
|  |  join-table-id=12 plan-id=13 cohort-id=01
|  |  build expressions: ca_county
|  |  runtime filters: RF009[min_max] <- ca_county
|  |  mem-estimate=1.94MB mem-reservation=1.94MB spill-buffer=64.00KB thread-reservation=0 cost=73359
|  |
|  53:EXCHANGE [HASH(ca_county)]
|  |  mem-estimate=1.48MB mem-reservation=0B thread-reservation=0
|  |  tuple-ids=18 row-size=50B cardinality=73.36K cost=3866
|  |  in pipelines: 51(GETNEXT)
|  |
|  F09:PLAN FRAGMENT [HASH(ca_county,d_qoy,d_year)] hosts=3 instances=6 (adjusted from 48)
|  Per-Instance Resources: mem-estimate=20.12MB mem-reservation=1.94MB thread-reservation=1
|  max-parallelism=6 segment-costs=[297302, 3866] cpu-comparison-result=12 [max(6 (self) vs 12 (sum children))]
|  51:AGGREGATE [FINALIZE]
|  |  output: sum:merge(ws_ext_sales_price)
|  |  group by: ca_county, d_qoy, d_year
|  |  mem-estimate=10.00MB mem-reservation=1.94MB spill-buffer=64.00KB thread-reservation=0
|  |  tuple-ids=18 row-size=50B cardinality=73.36K cost=293436
|  |  in pipelines: 51(GETNEXT), 18(OPEN)
|  |
|  50:EXCHANGE [HASH(ca_county,d_qoy,d_year)]
|  |  mem-estimate=1.48MB mem-reservation=0B thread-reservation=0
|  |  tuple-ids=18 row-size=50B cardinality=73.36K cost=3866
|  |  in pipelines: 18(GETNEXT)
|  |
|  F08:PLAN FRAGMENT [HASH(ws_bill_addr_sk)] hosts=3 instances=6 (adjusted from 48)
|  Per-Instance Resources: mem-estimate=12.01MB mem-reservation=2.00MB thread-reservation=1
|  max-parallelism=6 segment-costs=[369088, 3866] cpu-comparison-result=12 [max(12 (self) vs 11 (sum children))]
|  23:AGGREGATE [STREAMING]
|  |  output: sum(ws_ext_sales_price)
|  |  group by: ca_county, d_qoy, d_year
|  |  mem-estimate=10.00MB mem-reservation=2.00MB spill-buffer=64.00KB thread-reservation=0
|  |  tuple-ids=18 row-size=50B cardinality=73.36K cost=293436
|  |  in pipelines: 18(GETNEXT)
|  |
|  22:HASH JOIN [INNER JOIN, PARTITIONED]
|  |  hash-table-id=13
|  |  hash predicates: ws_bill_addr_sk = ca_address_sk
|  |  fk/pk conjuncts: ws_bill_addr_sk = ca_address_sk
|  |  mem-estimate=0B mem-reservation=0B spill-buffer=64.00KB thread-reservation=0
|  |  tuple-ids=15,16,17 row-size=54B cardinality=73.36K cost=73359
|  |  in pipelines: 18(GETNEXT), 20(OPEN)
|  |
|  |--F45:PLAN FRAGMENT [HASH(ws_bill_addr_sk)] hosts=3 instances=6 (adjusted from 48)
|  |  |  Per-Instance Resources: mem-estimate=4.40MB mem-reservation=2.94MB thread-reservation=1 runtime-filters-memory=1.00MB
|  |  |  max-parallelism=6 segment-costs=[51659]
|  |  JOIN BUILD
|  |  |  join-table-id=13 plan-id=14 cohort-id=06
|  |  |  build expressions: ca_address_sk
|  |  |  runtime filters: RF014[bloom] <- ca_address_sk, RF015[min_max] <- ca_address_sk
|  |  |  mem-estimate=1.94MB mem-reservation=1.94MB spill-buffer=64.00KB thread-reservation=0 cost=50000
|  |  |
|  |  49:EXCHANGE [HASH(ca_address_sk)]
|  |  |  mem-estimate=1.46MB mem-reservation=0B thread-reservation=0
|  |  |  tuple-ids=17 row-size=30B cardinality=50.00K cost=1659
|  |  |  in pipelines: 20(GETNEXT)
|  |  |
|  |  F07:PLAN FRAGMENT [RANDOM] hosts=1 instances=1
|  |  Per-Instance Resources: mem-estimate=16.80MB mem-reservation=512.00KB thread-reservation=1
|  |  max-parallelism=1 segment-costs=[53122]
|  |  20:SCAN HDFS [tpcds_partitioned_parquet_snap.customer_address, RANDOM]
|  |     HDFS partitions=1/1 files=1 size=1.16MB
|  |     runtime filters: RF007[min_max] -> tpcds_partitioned_parquet_snap.customer_address.ca_county, RF005[min_max] -> tpcds_partitioned_parquet_snap.customer_address.ca_county, RF003[min_max] -> tpcds_partitioned_parquet_snap.customer_address.ca_county, RF001[min_max] -> tpcds_partitioned_parquet_snap.customer_address.ca_county
|  |     stored statistics:
|  |       table: rows=50.00K size=1.16MB
|  |       columns: all
|  |     extrapolated-rows=disabled max-scan-range-rows=50.00K
|  |     mem-estimate=16.00MB mem-reservation=512.00KB thread-reservation=0
|  |     tuple-ids=17 row-size=30B cardinality=50.00K cost=51463
|  |     in pipelines: 20(GETNEXT)
|  |
|  48:EXCHANGE [HASH(ws_bill_addr_sk)]
|  |  mem-estimate=765.12KB mem-reservation=0B thread-reservation=0
|  |  tuple-ids=15,16 row-size=24B cardinality=73.36K cost=2293
|  |  in pipelines: 18(GETNEXT)
|  |
|  F05:PLAN FRAGMENT [RANDOM] hosts=3 instances=6 (adjusted from 48)
|  Per-Host Shared Resources: mem-estimate=2.00MB mem-reservation=2.00MB thread-reservation=0 runtime-filters-memory=2.00MB
|  Per-Instance Resources: mem-estimate=16.75MB mem-reservation=128.00KB thread-reservation=1
|  max-parallelism=6 segment-costs=[9426512]
|  21:HASH JOIN [INNER JOIN, BROADCAST]
|  |  hash-table-id=14
|  |  hash predicates: ws_sold_date_sk = d_date_sk
|  |  fk/pk conjuncts: ws_sold_date_sk = d_date_sk
|  |  mem-estimate=0B mem-reservation=0B spill-buffer=64.00KB thread-reservation=0
|  |  tuple-ids=15,16 row-size=24B cardinality=73.36K cost=73359
|  |  in pipelines: 18(GETNEXT), 19(OPEN)
|  |
|  |--F46:PLAN FRAGMENT [RANDOM] hosts=3 instances=3
|  |  |  Per-Instance Resources: mem-estimate=4.89MB mem-reservation=4.88MB thread-reservation=1 runtime-filters-memory=1.00MB
|  |  |  max-parallelism=3 segment-costs=[195]
|  |  JOIN BUILD
|  |  |  join-table-id=14 plan-id=15 cohort-id=06
|  |  |  build expressions: d_date_sk
|  |  |  runtime filters: RF016[bloom] <- d_date_sk
|  |  |  mem-estimate=3.88MB mem-reservation=3.88MB spill-buffer=64.00KB thread-reservation=0 cost=186
|  |  |
|  |  47:EXCHANGE [BROADCAST]
|  |  |  mem-estimate=16.00KB mem-reservation=0B thread-reservation=0
|  |  |  tuple-ids=16 row-size=12B cardinality=186 cost=9
|  |  |  in pipelines: 19(GETNEXT)
|  |  |
|  |  F06:PLAN FRAGMENT [RANDOM] hosts=1 instances=1
|  |  Per-Instance Resources: mem-estimate=16.06MB mem-reservation=512.00KB thread-reservation=1
|  |  max-parallelism=1 segment-costs=[196958]
|  |  19:SCAN HDFS [tpcds_partitioned_parquet_snap.date_dim, RANDOM]
|  |     HDFS partitions=1/1 files=1 size=2.15MB
|  |     predicates: tpcds_partitioned_parquet_snap.date_dim.d_year = CAST(2000 AS INT), tpcds_partitioned_parquet_snap.date_dim.d_qoy = CAST(1 AS INT)
|  |     stored statistics:
|  |       table: rows=73.05K size=2.15MB
|  |       columns: all
|  |     extrapolated-rows=disabled max-scan-range-rows=73.05K
|  |     parquet statistics predicates: tpcds_partitioned_parquet_snap.date_dim.d_year = CAST(2000 AS INT), tpcds_partitioned_parquet_snap.date_dim.d_qoy = CAST(1 AS INT)
|  |     parquet dictionary predicates: tpcds_partitioned_parquet_snap.date_dim.d_year = CAST(2000 AS INT), tpcds_partitioned_parquet_snap.date_dim.d_qoy = CAST(1 AS INT)
|  |     mem-estimate=16.00MB mem-reservation=512.00KB thread-reservation=0
|  |     tuple-ids=16 row-size=12B cardinality=186 cost=196955
|  |     in pipelines: 19(GETNEXT)
|  |
|  18:SCAN HDFS [tpcds_partitioned_parquet_snap.web_sales, RANDOM]
|     HDFS partitions=1824/1824 files=1824 size=84.20MB
|     runtime filters: RF015[min_max] -> ws_bill_addr_sk, RF016[bloom] -> ws_sold_date_sk, RF014[bloom] -> ws_bill_addr_sk
|     stored statistics:
|       table: rows=719.38K size=84.20MB
|       partitions: 1824/1824 rows=719.38K
|       columns: all
|     extrapolated-rows=disabled max-scan-range-rows=1.12K est-scan-range=187(filtered from 1824)
|     mem-estimate=16.00MB mem-reservation=128.00KB thread-reservation=0
|     tuple-ids=15 row-size=12B cardinality=73.36K(filtered from 719.38K) cost=9350860
|     in pipelines: 18(GETNEXT)
|
52:EXCHANGE [HASH(ca_county)]
|  mem-estimate=4.98MB mem-reservation=0B thread-reservation=0
|  tuple-ids=3 row-size=50B cardinality=293.73K cost=15479
|  in pipelines: 46(GETNEXT)
|
F04:PLAN FRAGMENT [HASH(ca_county,d_qoy,d_year)] hosts=3 instances=6 (adjusted from 48)
Per-Instance Resources: mem-estimate=20.12MB mem-reservation=4.75MB thread-reservation=1
max-parallelism=6 segment-costs=[1190383, 15479] cpu-comparison-result=12 [max(6 (self) vs 12 (sum children))]
46:AGGREGATE [FINALIZE]
|  output: sum:merge(ss_ext_sales_price)
|  group by: ca_county, d_qoy, d_year
|  mem-estimate=10.00MB mem-reservation=4.75MB spill-buffer=256.00KB thread-reservation=0
|  tuple-ids=3 row-size=50B cardinality=293.73K cost=1174904
|  in pipelines: 46(GETNEXT), 00(OPEN)
|
45:EXCHANGE [HASH(ca_county,d_qoy,d_year)]
|  mem-estimate=4.98MB mem-reservation=0B thread-reservation=0
|  tuple-ids=3 row-size=50B cardinality=293.73K cost=15479
|  in pipelines: 00(GETNEXT)
|
F03:PLAN FRAGMENT [HASH(ss_addr_sk)] hosts=3 instances=6 (adjusted from 48)
Per-Instance Resources: mem-estimate=13.69MB mem-reservation=5.00MB thread-reservation=1
max-parallelism=6 segment-costs=[1477809, 15479] cpu-comparison-result=12 [max(12 (self) vs 11 (sum children))]
05:AGGREGATE [STREAMING]
|  output: sum(ss_ext_sales_price)
|  group by: ca_county, d_qoy, d_year
|  mem-estimate=10.00MB mem-reservation=5.00MB spill-buffer=256.00KB thread-reservation=0
|  tuple-ids=3 row-size=50B cardinality=293.73K cost=1174904
|  in pipelines: 00(GETNEXT)
|
04:HASH JOIN [INNER JOIN, PARTITIONED]
|  hash-table-id=15
|  hash predicates: ss_addr_sk = ca_address_sk
|  fk/pk conjuncts: ss_addr_sk = ca_address_sk
|  mem-estimate=0B mem-reservation=0B spill-buffer=64.00KB thread-reservation=0
|  tuple-ids=0,1,2 row-size=54B cardinality=293.73K cost=293726
|  in pipelines: 00(GETNEXT), 02(OPEN)
|
|--F47:PLAN FRAGMENT [HASH(ss_addr_sk)] hosts=3 instances=6 (adjusted from 48)
|  |  Per-Instance Resources: mem-estimate=4.40MB mem-reservation=2.94MB thread-reservation=1 runtime-filters-memory=1.00MB
|  |  max-parallelism=6 segment-costs=[51659]
|  JOIN BUILD
|  |  join-table-id=15 plan-id=16 cohort-id=01
|  |  build expressions: ca_address_sk
|  |  runtime filters: RF010[bloom] <- ca_address_sk, RF011[min_max] <- ca_address_sk
|  |  mem-estimate=1.94MB mem-reservation=1.94MB spill-buffer=64.00KB thread-reservation=0 cost=50000
|  |
|  44:EXCHANGE [HASH(ca_address_sk)]
|  |  mem-estimate=1.46MB mem-reservation=0B thread-reservation=0
|  |  tuple-ids=2 row-size=30B cardinality=50.00K cost=1659
|  |  in pipelines: 02(GETNEXT)
|  |
|  F02:PLAN FRAGMENT [RANDOM] hosts=1 instances=1
|  Per-Instance Resources: mem-estimate=16.80MB mem-reservation=512.00KB thread-reservation=1
|  max-parallelism=1 segment-costs=[53122]
|  02:SCAN HDFS [tpcds_partitioned_parquet_snap.customer_address, RANDOM]
|     HDFS partitions=1/1 files=1 size=1.16MB
|     runtime filters: RF007[min_max] -> tpcds_partitioned_parquet_snap.customer_address.ca_county, RF005[min_max] -> tpcds_partitioned_parquet_snap.customer_address.ca_county, RF009[min_max] -> tpcds_partitioned_parquet_snap.customer_address.ca_county, RF003[min_max] -> tpcds_partitioned_parquet_snap.customer_address.ca_county, RF001[min_max] -> tpcds_partitioned_parquet_snap.customer_address.ca_county
|     stored statistics:
|       table: rows=50.00K size=1.16MB
|       columns: all
|     extrapolated-rows=disabled max-scan-range-rows=50.00K
|     mem-estimate=16.00MB mem-reservation=512.00KB thread-reservation=0
|     tuple-ids=2 row-size=30B cardinality=50.00K cost=51463
|     in pipelines: 02(GETNEXT)
|
43:EXCHANGE [HASH(ss_addr_sk)]
|  mem-estimate=2.43MB mem-reservation=0B thread-reservation=0
|  tuple-ids=0,1 row-size=24B cardinality=293.73K cost=9179
|  in pipelines: 00(GETNEXT)
|
F00:PLAN FRAGMENT [RANDOM] hosts=3 instances=6 (adjusted from 48)
Per-Host Shared Resources: mem-estimate=2.00MB mem-reservation=2.00MB thread-reservation=0 runtime-filters-memory=2.00MB
Per-Instance Resources: mem-estimate=16.75MB mem-reservation=1.00MB thread-reservation=1
max-parallelism=6 segment-costs=[9656347]
03:HASH JOIN [INNER JOIN, BROADCAST]
|  hash-table-id=16
|  hash predicates: ss_sold_date_sk = d_date_sk
|  fk/pk conjuncts: ss_sold_date_sk = d_date_sk
|  mem-estimate=0B mem-reservation=0B spill-buffer=64.00KB thread-reservation=0
|  tuple-ids=0,1 row-size=24B cardinality=293.73K cost=293726
|  in pipelines: 00(GETNEXT), 01(OPEN)
|
|--F48:PLAN FRAGMENT [RANDOM] hosts=3 instances=3
|  |  Per-Instance Resources: mem-estimate=4.89MB mem-reservation=4.88MB thread-reservation=1 runtime-filters-memory=1.00MB
|  |  max-parallelism=3 segment-costs=[195]
|  JOIN BUILD
|  |  join-table-id=16 plan-id=17 cohort-id=01
|  |  build expressions: d_date_sk
|  |  runtime filters: RF012[bloom] <- d_date_sk
|  |  mem-estimate=3.88MB mem-reservation=3.88MB spill-buffer=64.00KB thread-reservation=0 cost=186
|  |
|  42:EXCHANGE [BROADCAST]
|  |  mem-estimate=16.00KB mem-reservation=0B thread-reservation=0
|  |  tuple-ids=1 row-size=12B cardinality=186 cost=9
|  |  in pipelines: 01(GETNEXT)
|  |
|  F01:PLAN FRAGMENT [RANDOM] hosts=1 instances=1
|  Per-Instance Resources: mem-estimate=16.06MB mem-reservation=512.00KB thread-reservation=1
|  max-parallelism=1 segment-costs=[196958]
|  01:SCAN HDFS [tpcds_partitioned_parquet_snap.date_dim, RANDOM]
|     HDFS partitions=1/1 files=1 size=2.15MB
|     predicates: tpcds_partitioned_parquet_snap.date_dim.d_year = CAST(2000 AS INT), tpcds_partitioned_parquet_snap.date_dim.d_qoy = CAST(1 AS INT)
|     stored statistics:
|       table: rows=73.05K size=2.15MB
|       columns: all
|     extrapolated-rows=disabled max-scan-range-rows=73.05K
|     parquet statistics predicates: tpcds_partitioned_parquet_snap.date_dim.d_year = CAST(2000 AS INT), tpcds_partitioned_parquet_snap.date_dim.d_qoy = CAST(1 AS INT)
|     parquet dictionary predicates: tpcds_partitioned_parquet_snap.date_dim.d_year = CAST(2000 AS INT), tpcds_partitioned_parquet_snap.date_dim.d_qoy = CAST(1 AS INT)
|     mem-estimate=16.00MB mem-reservation=512.00KB thread-reservation=0
|     tuple-ids=1 row-size=12B cardinality=186 cost=196955
|     in pipelines: 01(GETNEXT)
|
00:SCAN HDFS [tpcds_partitioned_parquet_snap.store_sales, RANDOM]
   HDFS partitions=1824/1824 files=1824 size=199.36MB
   runtime filters: RF011[min_max] -> ss_addr_sk, RF012[bloom] -> ss_sold_date_sk, RF010[bloom] -> ss_addr_sk
   stored statistics:
     table: rows=2.88M size=199.36MB
     partitions: 1824/1824 rows=2.88M
     columns: all
   extrapolated-rows=disabled max-scan-range-rows=130.09K est-scan-range=187(filtered from 1824)
   mem-estimate=16.00MB mem-reservation=1.00MB thread-reservation=0
   tuple-ids=0 row-size=12B cardinality=293.73K(filtered from 2.88M) cost=9353442
   in pipelines: 00(GETNEXT)
====
