# TPCDS-Q75
WITH all_sales AS
  ( SELECT d_year ,
           i_brand_id ,
           i_class_id ,
           i_category_id ,
           i_manufact_id ,
           SUM(sales_cnt) AS sales_cnt ,
           SUM(sales_amt) AS sales_amt
   FROM
     (SELECT d_year ,
             i_brand_id ,
             i_class_id ,
             i_category_id ,
             i_manufact_id ,
             cs_quantity - COALESCE(cr_return_quantity,0) AS sales_cnt ,
             cs_ext_sales_price - COALESCE(cr_return_amount,0.0) AS sales_amt
      FROM catalog_sales
      JOIN item ON i_item_sk=cs_item_sk
      JOIN date_dim ON d_date_sk=cs_sold_date_sk
      LEFT JOIN catalog_returns ON (cs_order_number=cr_order_number
                                    AND cs_item_sk=cr_item_sk)
      WHERE i_category='Books'
      UNION SELECT d_year ,
                   i_brand_id ,
                   i_class_id ,
                   i_category_id ,
                   i_manufact_id ,
                   ss_quantity - COALESCE(sr_return_quantity,0) AS sales_cnt ,
                   ss_ext_sales_price - COALESCE(sr_return_amt,0.0) AS sales_amt
      FROM store_sales
      JOIN item ON i_item_sk=ss_item_sk
      JOIN date_dim ON d_date_sk=ss_sold_date_sk
      LEFT JOIN store_returns ON (ss_ticket_number=sr_ticket_number
                                  AND ss_item_sk=sr_item_sk)
      WHERE i_category='Books'
      UNION SELECT d_year ,
                   i_brand_id ,
                   i_class_id ,
                   i_category_id ,
                   i_manufact_id ,
                   ws_quantity - COALESCE(wr_return_quantity,0) AS sales_cnt ,
                   ws_ext_sales_price - COALESCE(wr_return_amt,0.0) AS sales_amt
      FROM web_sales
      JOIN item ON i_item_sk=ws_item_sk
      JOIN date_dim ON d_date_sk=ws_sold_date_sk
      LEFT JOIN web_returns ON (ws_order_number=wr_order_number
                                AND ws_item_sk=wr_item_sk)
      WHERE i_category='Books') sales_detail
   GROUP BY d_year,
            i_brand_id,
            i_class_id,
            i_category_id,
            i_manufact_id)
SELECT prev_yr.d_year AS prev_year ,
       curr_yr.d_year AS year_ ,
       curr_yr.i_brand_id ,
       curr_yr.i_class_id ,
       curr_yr.i_category_id ,
       curr_yr.i_manufact_id ,
       prev_yr.sales_cnt AS prev_yr_cnt ,
       curr_yr.sales_cnt AS curr_yr_cnt ,
       curr_yr.sales_cnt-prev_yr.sales_cnt AS sales_cnt_diff ,
       curr_yr.sales_amt-prev_yr.sales_amt AS sales_amt_diff
FROM all_sales curr_yr,
     all_sales prev_yr
WHERE curr_yr.i_brand_id=prev_yr.i_brand_id
  AND curr_yr.i_class_id=prev_yr.i_class_id
  AND curr_yr.i_category_id=prev_yr.i_category_id
  AND curr_yr.i_manufact_id=prev_yr.i_manufact_id
  AND curr_yr.d_year=2002
  AND prev_yr.d_year=2002-1
  AND CAST(curr_yr.sales_cnt AS DECIMAL(17,2))/CAST(prev_yr.sales_cnt AS DECIMAL(17,2))<0.9
ORDER BY sales_cnt_diff,
         sales_amt_diff
LIMIT 100;

---- PLAN
Max Per-Host Resource Reservation: Memory=56.25MB Threads=1
Per-Host Resource Estimates: Memory=166MB
F00:PLAN FRAGMENT [UNPARTITIONED] hosts=1 instances=1
|  Per-Instance Resources: mem-estimate=165.75MB mem-reservation=56.25MB thread-reservation=1 runtime-filters-memory=10.00MB
|  max-parallelism=1 segment-costs=[588555182, 719278, 588555182, 719278, 4392, 1000]
PLAN-ROOT SINK
|  output exprs: d_year, d_year, i_brand_id, i_class_id, i_category_id, i_manufact_id, sales_cnt, sales_cnt, sales_cnt - sales_cnt, sales_amt - sales_amt
|  mem-estimate=4.00MB mem-reservation=4.00MB spill-buffer=2.00MB thread-reservation=0 cost=1000
|
49:TOP-N [LIMIT=100]
|  order by: sales_cnt - sales_cnt ASC, sales_amt - sales_amt ASC
|  mem-estimate=7.03KB mem-reservation=0B thread-reservation=0
|  tuple-ids=32 row-size=72B cardinality=100 cost=200
|  in pipelines: 49(GETNEXT), 23(OPEN)
|
48:HASH JOIN [INNER JOIN]
|  hash predicates: i_brand_id = i_brand_id, i_category_id = i_category_id, i_class_id = i_class_id, i_manufact_id = i_manufact_id
|  fk/pk conjuncts: assumed fk/pk
|  other predicates: CAST(sum(sales_cnt) AS DECIMAL(17,2)) / CAST(sum(sales_cnt) AS DECIMAL(17,2)) < CAST(0.9 AS DECIMAL(1,1))
|  runtime filters: RF004[min_max] <- i_brand_id, RF005[min_max] <- i_category_id, RF006[min_max] <- i_class_id, RF007[min_max] <- i_manufact_id
|  mem-estimate=1.94MB mem-reservation=1.94MB spill-buffer=64.00KB thread-reservation=0
|  tuple-ids=14,30 row-size=88B cardinality=524 cost=4192
|  in pipelines: 23(GETNEXT), 47(OPEN)
|
|--47:AGGREGATE [FINALIZE]
|  |  output: sum(sales_cnt), sum(sales_amt)
|  |  group by: d_year, i_brand_id, i_class_id, i_category_id, i_manufact_id
|  |  having: d_year = CAST(2001 AS INT)
|  |  mem-estimate=10.00MB mem-reservation=8.50MB spill-buffer=512.00KB thread-reservation=0
|  |  tuple-ids=30 row-size=44B cardinality=524 cost=719278
|  |  in pipelines: 47(GETNEXT), 46(OPEN)
|  |
|  46:AGGREGATE [FINALIZE]
|  |  group by: d_year, i_brand_id, i_class_id, i_category_id, i_manufact_id, sales_cnt, sales_amt
|  |  mem-estimate=10.00MB mem-reservation=8.50MB spill-buffer=512.00KB thread-reservation=0
|  |  tuple-ids=28 row-size=32B cardinality=102.75K cost=719278
|  |  in pipelines: 46(GETNEXT), 28(OPEN), 35(OPEN), 42(OPEN)
|  |
|  24:UNION
|  |  mem-estimate=0B mem-reservation=0B thread-reservation=0
|  |  tuple-ids=28 row-size=32B cardinality=102.75K cost=2157834
|  |  in pipelines: 28(GETNEXT), 35(GETNEXT), 42(GETNEXT)
|  |
|  |--45:HASH JOIN [RIGHT OUTER JOIN]
|  |  |  hash predicates: wr_item_sk = ws_item_sk, wr_order_number = ws_order_number
|  |  |  fk/pk conjuncts: wr_item_sk = ws_item_sk, wr_order_number = ws_order_number
|  |  |  runtime filters: RF050[min_max] <- ws_item_sk, RF051[min_max] <- ws_order_number
|  |  |  mem-estimate=2.88MB mem-reservation=2.88MB spill-buffer=128.00KB thread-reservation=0
|  |  |  tuple-ids=27N,24,25,26 row-size=102B cardinality=14.68K cost=172884
|  |  |  in pipelines: 42(GETNEXT), 39(OPEN)
|  |  |
|  |  |--44:HASH JOIN [INNER JOIN]
|  |  |  |  hash predicates: ws_sold_date_sk = d_date_sk
|  |  |  |  fk/pk conjuncts: ws_sold_date_sk = d_date_sk
|  |  |  |  mem-estimate=1.94MB mem-reservation=1.94MB spill-buffer=64.00KB thread-reservation=0
|  |  |  |  tuple-ids=24,25,26 row-size=78B cardinality=14.68K cost=72152
|  |  |  |  in pipelines: 39(GETNEXT), 41(OPEN)
|  |  |  |
|  |  |  |--41:SCAN HDFS [tpcds_partitioned_parquet_snap.date_dim]
|  |  |  |     HDFS partitions=1/1 files=1 size=2.15MB
|  |  |  |     predicates: tpcds_partitioned_parquet_snap.date_dim.d_year = CAST(2001 AS INT)
|  |  |  |     stored statistics:
|  |  |  |       table: rows=73.05K size=2.15MB
|  |  |  |       columns: all
|  |  |  |     extrapolated-rows=disabled max-scan-range-rows=73.05K
|  |  |  |     parquet statistics predicates: tpcds_partitioned_parquet_snap.date_dim.d_year = CAST(2001 AS INT)
|  |  |  |     parquet dictionary predicates: tpcds_partitioned_parquet_snap.date_dim.d_year = CAST(2001 AS INT)
|  |  |  |     mem-estimate=16.00MB mem-reservation=512.00KB thread-reservation=0
|  |  |  |     tuple-ids=26 row-size=8B cardinality=373 cost=123620
|  |  |  |     in pipelines: 41(GETNEXT)
|  |  |  |
|  |  |  43:HASH JOIN [INNER JOIN]
|  |  |  |  hash predicates: ws_item_sk = i_item_sk
|  |  |  |  fk/pk conjuncts: ws_item_sk = i_item_sk
|  |  |  |  runtime filters: RF054[bloom] <- i_item_sk, RF055[min_max] <- i_item_sk
|  |  |  |  mem-estimate=1.94MB mem-reservation=1.94MB spill-buffer=64.00KB thread-reservation=0
|  |  |  |  tuple-ids=24,25 row-size=70B cardinality=71.78K cost=73674
|  |  |  |  in pipelines: 39(GETNEXT), 40(OPEN)
|  |  |  |
|  |  |  |--40:SCAN HDFS [tpcds_partitioned_parquet_snap.item]
|  |  |  |     HDFS partitions=1/1 files=1 size=1.73MB
|  |  |  |     predicates: i_category = 'Books'
|  |  |  |     stored statistics:
|  |  |  |       table: rows=18.00K size=1.73MB
|  |  |  |       columns: all
|  |  |  |     extrapolated-rows=disabled max-scan-range-rows=18.00K
|  |  |  |     parquet statistics predicates: i_category = 'Books'
|  |  |  |     parquet dictionary predicates: i_category = 'Books'
|  |  |  |     mem-estimate=16.00MB mem-reservation=256.00KB thread-reservation=0
|  |  |  |     tuple-ids=25 row-size=42B cardinality=1.80K cost=68737
|  |  |  |     in pipelines: 40(GETNEXT)
|  |  |  |
|  |  |  39:SCAN HDFS [tpcds_partitioned_parquet_snap.web_sales]
|  |  |     HDFS partitions=1824/1824 files=1824 size=84.20MB
|  |  |     runtime filters: RF055[min_max] -> ws_item_sk, RF054[bloom] -> ws_item_sk
|  |  |     stored statistics:
|  |  |       table: rows=719.38K size=84.20MB
|  |  |       partitions: 1824/1824 rows=719.38K
|  |  |       columns: all
|  |  |     extrapolated-rows=disabled max-scan-range-rows=1.12K
|  |  |     mem-estimate=16.00MB mem-reservation=128.00KB thread-reservation=0
|  |  |     tuple-ids=24 row-size=28B cardinality=71.88K(filtered from 719.38K) cost=91201968
|  |  |     in pipelines: 39(GETNEXT)
|  |  |
|  |  42:SCAN HDFS [tpcds_partitioned_parquet_snap.web_returns]
|  |     HDFS partitions=2114/2114 files=2114 size=20.82MB
|  |     runtime filters: RF050[min_max] -> wr_item_sk, RF051[min_max] -> wr_order_number
|  |     stored statistics:
|  |       table: rows=71.76K size=20.82MB
|  |       partitions: 2114/2114 rows=71.76K
|  |       columns: all
|  |     extrapolated-rows=disabled max-scan-range-rows=3.13K
|  |     mem-estimate=16.00MB mem-reservation=128.00KB thread-reservation=0
|  |     tuple-ids=27 row-size=24B cardinality=71.76K cost=105701688
|  |     in pipelines: 42(GETNEXT)
|  |
|  |--38:HASH JOIN [RIGHT OUTER JOIN]
|  |  |  hash predicates: sr_item_sk = ss_item_sk, sr_ticket_number = ss_ticket_number
|  |  |  fk/pk conjuncts: sr_item_sk = ss_item_sk, sr_ticket_number = ss_ticket_number
|  |  |  runtime filters: RF042[min_max] <- ss_item_sk, RF043[min_max] <- ss_ticket_number
|  |  |  mem-estimate=8.50MB mem-reservation=8.50MB spill-buffer=512.00KB thread-reservation=0
|  |  |  tuple-ids=23N,20,21,22 row-size=102B cardinality=58.77K cost=692574
|  |  |  in pipelines: 35(GETNEXT), 32(OPEN)
|  |  |
|  |  |--37:HASH JOIN [INNER JOIN]
|  |  |  |  hash predicates: ss_sold_date_sk = d_date_sk
|  |  |  |  fk/pk conjuncts: ss_sold_date_sk = d_date_sk
|  |  |  |  mem-estimate=1.94MB mem-reservation=1.94MB spill-buffer=64.00KB thread-reservation=0
|  |  |  |  tuple-ids=20,21,22 row-size=78B cardinality=58.77K cost=287774
|  |  |  |  in pipelines: 32(GETNEXT), 34(OPEN)
|  |  |  |
|  |  |  |--34:SCAN HDFS [tpcds_partitioned_parquet_snap.date_dim]
|  |  |  |     HDFS partitions=1/1 files=1 size=2.15MB
|  |  |  |     predicates: tpcds_partitioned_parquet_snap.date_dim.d_year = CAST(2001 AS INT)
|  |  |  |     stored statistics:
|  |  |  |       table: rows=73.05K size=2.15MB
|  |  |  |       columns: all
|  |  |  |     extrapolated-rows=disabled max-scan-range-rows=73.05K
|  |  |  |     parquet statistics predicates: tpcds_partitioned_parquet_snap.date_dim.d_year = CAST(2001 AS INT)
|  |  |  |     parquet dictionary predicates: tpcds_partitioned_parquet_snap.date_dim.d_year = CAST(2001 AS INT)
|  |  |  |     mem-estimate=16.00MB mem-reservation=512.00KB thread-reservation=0
|  |  |  |     tuple-ids=22 row-size=8B cardinality=373 cost=123620
|  |  |  |     in pipelines: 34(GETNEXT)
|  |  |  |
|  |  |  36:HASH JOIN [INNER JOIN]
|  |  |  |  hash predicates: ss_item_sk = i_item_sk
|  |  |  |  fk/pk conjuncts: ss_item_sk = i_item_sk
|  |  |  |  runtime filters: RF046[bloom] <- i_item_sk, RF047[min_max] <- i_item_sk
|  |  |  |  mem-estimate=1.94MB mem-reservation=1.94MB spill-buffer=64.00KB thread-reservation=0
|  |  |  |  tuple-ids=20,21 row-size=70B cardinality=287.40K cost=289596
|  |  |  |  in pipelines: 32(GETNEXT), 33(OPEN)
|  |  |  |
|  |  |  |--33:SCAN HDFS [tpcds_partitioned_parquet_snap.item]
|  |  |  |     HDFS partitions=1/1 files=1 size=1.73MB
|  |  |  |     predicates: i_category = 'Books'
|  |  |  |     stored statistics:
|  |  |  |       table: rows=18.00K size=1.73MB
|  |  |  |       columns: all
|  |  |  |     extrapolated-rows=disabled max-scan-range-rows=18.00K
|  |  |  |     parquet statistics predicates: i_category = 'Books'
|  |  |  |     parquet dictionary predicates: i_category = 'Books'
|  |  |  |     mem-estimate=16.00MB mem-reservation=256.00KB thread-reservation=0
|  |  |  |     tuple-ids=21 row-size=42B cardinality=1.80K cost=68737
|  |  |  |     in pipelines: 33(GETNEXT)
|  |  |  |
|  |  |  32:SCAN HDFS [tpcds_partitioned_parquet_snap.store_sales]
|  |  |     HDFS partitions=1824/1824 files=1824 size=199.36MB
|  |  |     runtime filters: RF047[min_max] -> ss_item_sk, RF046[bloom] -> ss_item_sk
|  |  |     stored statistics:
|  |  |       table: rows=2.88M size=199.36MB
|  |  |       partitions: 1824/1824 rows=2.88M
|  |  |       columns: all
|  |  |     extrapolated-rows=disabled max-scan-range-rows=130.09K
|  |  |     mem-estimate=16.00MB mem-reservation=2.00MB thread-reservation=0
|  |  |     tuple-ids=20 row-size=28B cardinality=287.80K(filtered from 2.88M) cost=91207864
|  |  |     in pipelines: 32(GETNEXT)
|  |  |
|  |  35:SCAN HDFS [tpcds_partitioned_parquet_snap.store_returns]
|  |     HDFS partitions=2004/2004 files=2004 size=33.80MB
|  |     runtime filters: RF042[min_max] -> sr_item_sk, RF043[min_max] -> sr_ticket_number
|  |     stored statistics:
|  |       table: rows=287.51K size=33.80MB
|  |       partitions: 2004/2004 rows=287.51K
|  |       columns: all
|  |     extrapolated-rows=disabled max-scan-range-rows=10.01K
|  |     mem-estimate=16.00MB mem-reservation=256.00KB thread-reservation=0
|  |     tuple-ids=23 row-size=24B cardinality=287.51K cost=100206736
|  |     in pipelines: 35(GETNEXT)
|  |
|  31:HASH JOIN [RIGHT OUTER JOIN]
|  |  hash predicates: cr_item_sk = cs_item_sk, cr_order_number = cs_order_number
|  |  fk/pk conjuncts: cr_item_sk = cs_item_sk, cr_order_number = cs_order_number
|  |  runtime filters: RF032[bloom] <- cs_item_sk, RF033[bloom] <- cs_order_number, RF034[min_max] <- cs_item_sk, RF035[min_max] <- cs_order_number
|  |  mem-estimate=4.75MB mem-reservation=4.75MB spill-buffer=256.00KB thread-reservation=0
|  |  tuple-ids=19N,16,17,18 row-size=102B cardinality=29.30K cost=346738
|  |  in pipelines: 28(GETNEXT), 25(OPEN)
|  |
|  |--30:HASH JOIN [INNER JOIN]
|  |  |  hash predicates: cs_sold_date_sk = d_date_sk
|  |  |  fk/pk conjuncts: cs_sold_date_sk = d_date_sk
|  |  |  mem-estimate=1.94MB mem-reservation=1.94MB spill-buffer=64.00KB thread-reservation=0
|  |  |  tuple-ids=16,17,18 row-size=78B cardinality=29.30K cost=144208
|  |  |  in pipelines: 25(GETNEXT), 27(OPEN)
|  |  |
|  |  |--27:SCAN HDFS [tpcds_partitioned_parquet_snap.date_dim]
|  |  |     HDFS partitions=1/1 files=1 size=2.15MB
|  |  |     predicates: tpcds_partitioned_parquet_snap.date_dim.d_year = CAST(2001 AS INT)
|  |  |     stored statistics:
|  |  |       table: rows=73.05K size=2.15MB
|  |  |       columns: all
|  |  |     extrapolated-rows=disabled max-scan-range-rows=73.05K
|  |  |     parquet statistics predicates: tpcds_partitioned_parquet_snap.date_dim.d_year = CAST(2001 AS INT)
|  |  |     parquet dictionary predicates: tpcds_partitioned_parquet_snap.date_dim.d_year = CAST(2001 AS INT)
|  |  |     mem-estimate=16.00MB mem-reservation=512.00KB thread-reservation=0
|  |  |     tuple-ids=18 row-size=8B cardinality=373 cost=123620
|  |  |     in pipelines: 27(GETNEXT)
|  |  |
|  |  29:HASH JOIN [INNER JOIN]
|  |  |  hash predicates: cs_item_sk = i_item_sk
|  |  |  fk/pk conjuncts: cs_item_sk = i_item_sk
|  |  |  runtime filters: RF038[bloom] <- i_item_sk, RF039[min_max] <- i_item_sk
|  |  |  mem-estimate=1.94MB mem-reservation=1.94MB spill-buffer=64.00KB thread-reservation=0
|  |  |  tuple-ids=16,17 row-size=70B cardinality=143.84K cost=145831
|  |  |  in pipelines: 25(GETNEXT), 26(OPEN)
|  |  |
|  |  |--26:SCAN HDFS [tpcds_partitioned_parquet_snap.item]
|  |  |     HDFS partitions=1/1 files=1 size=1.73MB
|  |  |     predicates: i_category = 'Books'
|  |  |     stored statistics:
|  |  |       table: rows=18.00K size=1.73MB
|  |  |       columns: all
|  |  |     extrapolated-rows=disabled max-scan-range-rows=18.00K
|  |  |     parquet statistics predicates: i_category = 'Books'
|  |  |     parquet dictionary predicates: i_category = 'Books'
|  |  |     mem-estimate=16.00MB mem-reservation=256.00KB thread-reservation=0
|  |  |     tuple-ids=17 row-size=42B cardinality=1.80K cost=68737
|  |  |     in pipelines: 26(GETNEXT)
|  |  |
|  |  25:SCAN HDFS [tpcds_partitioned_parquet_snap.catalog_sales]
|  |     HDFS partitions=1831/1831 files=1831 size=151.13MB
|  |     runtime filters: RF039[min_max] -> cs_item_sk, RF038[bloom] -> cs_item_sk
|  |     stored statistics:
|  |       table: rows=1.44M size=151.13MB
|  |       partitions: 1831/1831 rows=1.44M
|  |       columns: all
|  |     extrapolated-rows=disabled max-scan-range-rows=7.18K
|  |     mem-estimate=16.00MB mem-reservation=256.00KB thread-reservation=0
|  |     tuple-ids=16 row-size=28B cardinality=144.03K(filtered from 1.44M) cost=91553936
|  |     in pipelines: 25(GETNEXT)
|  |
|  28:SCAN HDFS [tpcds_partitioned_parquet_snap.catalog_returns]
|     HDFS partitions=2060/2060 files=2060 size=30.62MB
|     runtime filters: RF034[min_max] -> cr_item_sk, RF035[min_max] -> cr_order_number, RF032[bloom] -> cr_item_sk, RF033[bloom] -> cr_order_number
|     stored statistics:
|       table: rows=144.07K size=30.62MB
|       partitions: 2060/2060 rows=144.07K
|       columns: all
|     extrapolated-rows=disabled max-scan-range-rows=139
|     mem-estimate=16.00MB mem-reservation=32.00KB thread-reservation=0
|     tuple-ids=19 row-size=24B cardinality=144.07K cost=103003376
|     in pipelines: 28(GETNEXT)
|
23:AGGREGATE [FINALIZE]
|  output: sum(sales_cnt), sum(sales_amt)
|  group by: d_year, i_brand_id, i_class_id, i_category_id, i_manufact_id
|  having: d_year = CAST(2002 AS INT)
|  mem-estimate=10.00MB mem-reservation=8.50MB spill-buffer=512.00KB thread-reservation=0
|  tuple-ids=14 row-size=44B cardinality=524 cost=719278
|  in pipelines: 23(GETNEXT), 22(OPEN)
|
22:AGGREGATE [FINALIZE]
|  group by: d_year, i_brand_id, i_class_id, i_category_id, i_manufact_id, sales_cnt, sales_amt
|  mem-estimate=10.00MB mem-reservation=8.50MB spill-buffer=512.00KB thread-reservation=0
|  tuple-ids=12 row-size=32B cardinality=102.75K cost=719278
|  in pipelines: 22(GETNEXT), 04(OPEN), 11(OPEN), 18(OPEN)
|
00:UNION
|  mem-estimate=0B mem-reservation=0B thread-reservation=0
|  tuple-ids=12 row-size=32B cardinality=102.75K cost=2157834
|  in pipelines: 04(GETNEXT), 11(GETNEXT), 18(GETNEXT)
|
|--21:HASH JOIN [RIGHT OUTER JOIN]
|  |  hash predicates: wr_item_sk = ws_item_sk, wr_order_number = ws_order_number
|  |  fk/pk conjuncts: wr_item_sk = ws_item_sk, wr_order_number = ws_order_number
|  |  runtime filters: RF026[min_max] <- ws_item_sk, RF027[min_max] <- ws_order_number
|  |  mem-estimate=2.88MB mem-reservation=2.88MB spill-buffer=128.00KB thread-reservation=0
|  |  tuple-ids=11N,8,9,10 row-size=102B cardinality=14.68K cost=172884
|  |  in pipelines: 18(GETNEXT), 15(OPEN)
|  |
|  |--20:HASH JOIN [INNER JOIN]
|  |  |  hash predicates: ws_sold_date_sk = d_date_sk
|  |  |  fk/pk conjuncts: ws_sold_date_sk = d_date_sk
|  |  |  mem-estimate=1.94MB mem-reservation=1.94MB spill-buffer=64.00KB thread-reservation=0
|  |  |  tuple-ids=8,9,10 row-size=78B cardinality=14.68K cost=72152
|  |  |  in pipelines: 15(GETNEXT), 17(OPEN)
|  |  |
|  |  |--17:SCAN HDFS [tpcds_partitioned_parquet_snap.date_dim]
|  |  |     HDFS partitions=1/1 files=1 size=2.15MB
|  |  |     predicates: tpcds_partitioned_parquet_snap.date_dim.d_year = CAST(2002 AS INT)
|  |  |     stored statistics:
|  |  |       table: rows=73.05K size=2.15MB
|  |  |       columns: all
|  |  |     extrapolated-rows=disabled max-scan-range-rows=73.05K
|  |  |     parquet statistics predicates: tpcds_partitioned_parquet_snap.date_dim.d_year = CAST(2002 AS INT)
|  |  |     parquet dictionary predicates: tpcds_partitioned_parquet_snap.date_dim.d_year = CAST(2002 AS INT)
|  |  |     mem-estimate=16.00MB mem-reservation=512.00KB thread-reservation=0
|  |  |     tuple-ids=10 row-size=8B cardinality=373 cost=123620
|  |  |     in pipelines: 17(GETNEXT)
|  |  |
|  |  19:HASH JOIN [INNER JOIN]
|  |  |  hash predicates: ws_item_sk = i_item_sk
|  |  |  fk/pk conjuncts: ws_item_sk = i_item_sk
|  |  |  runtime filters: RF030[bloom] <- i_item_sk, RF031[min_max] <- i_item_sk
|  |  |  mem-estimate=1.94MB mem-reservation=1.94MB spill-buffer=64.00KB thread-reservation=0
|  |  |  tuple-ids=8,9 row-size=70B cardinality=71.78K cost=73674
|  |  |  in pipelines: 15(GETNEXT), 16(OPEN)
|  |  |
|  |  |--16:SCAN HDFS [tpcds_partitioned_parquet_snap.item]
|  |  |     HDFS partitions=1/1 files=1 size=1.73MB
|  |  |     predicates: i_category = 'Books'
|  |  |     runtime filters: RF004[min_max] -> tpcds_partitioned_parquet_snap.item.i_brand_id, RF005[min_max] -> tpcds_partitioned_parquet_snap.item.i_category_id, RF006[min_max] -> tpcds_partitioned_parquet_snap.item.i_class_id, RF007[min_max] -> tpcds_partitioned_parquet_snap.item.i_manufact_id
|  |  |     stored statistics:
|  |  |       table: rows=18.00K size=1.73MB
|  |  |       columns: all
|  |  |     extrapolated-rows=disabled max-scan-range-rows=18.00K
|  |  |     parquet statistics predicates: i_category = 'Books'
|  |  |     parquet dictionary predicates: i_category = 'Books'
|  |  |     mem-estimate=16.00MB mem-reservation=256.00KB thread-reservation=0
|  |  |     tuple-ids=9 row-size=42B cardinality=1.80K cost=68737
|  |  |     in pipelines: 16(GETNEXT)
|  |  |
|  |  15:SCAN HDFS [tpcds_partitioned_parquet_snap.web_sales]
|  |     HDFS partitions=1824/1824 files=1824 size=84.20MB
|  |     runtime filters: RF031[min_max] -> ws_item_sk, RF030[bloom] -> ws_item_sk
|  |     stored statistics:
|  |       table: rows=719.38K size=84.20MB
|  |       partitions: 1824/1824 rows=719.38K
|  |       columns: all
|  |     extrapolated-rows=disabled max-scan-range-rows=1.12K
|  |     mem-estimate=16.00MB mem-reservation=128.00KB thread-reservation=0
|  |     tuple-ids=8 row-size=28B cardinality=71.88K(filtered from 719.38K) cost=91201968
|  |     in pipelines: 15(GETNEXT)
|  |
|  18:SCAN HDFS [tpcds_partitioned_parquet_snap.web_returns]
|     HDFS partitions=2114/2114 files=2114 size=20.82MB
|     runtime filters: RF026[min_max] -> wr_item_sk, RF027[min_max] -> wr_order_number
|     stored statistics:
|       table: rows=71.76K size=20.82MB
|       partitions: 2114/2114 rows=71.76K
|       columns: all
|     extrapolated-rows=disabled max-scan-range-rows=3.13K
|     mem-estimate=16.00MB mem-reservation=128.00KB thread-reservation=0
|     tuple-ids=11 row-size=24B cardinality=71.76K cost=105701688
|     in pipelines: 18(GETNEXT)
|
|--14:HASH JOIN [RIGHT OUTER JOIN]
|  |  hash predicates: sr_item_sk = ss_item_sk, sr_ticket_number = ss_ticket_number
|  |  fk/pk conjuncts: sr_item_sk = ss_item_sk, sr_ticket_number = ss_ticket_number
|  |  runtime filters: RF018[min_max] <- ss_item_sk, RF019[min_max] <- ss_ticket_number
|  |  mem-estimate=8.50MB mem-reservation=8.50MB spill-buffer=512.00KB thread-reservation=0
|  |  tuple-ids=7N,4,5,6 row-size=102B cardinality=58.77K cost=692574
|  |  in pipelines: 11(GETNEXT), 08(OPEN)
|  |
|  |--13:HASH JOIN [INNER JOIN]
|  |  |  hash predicates: ss_sold_date_sk = d_date_sk
|  |  |  fk/pk conjuncts: ss_sold_date_sk = d_date_sk
|  |  |  mem-estimate=1.94MB mem-reservation=1.94MB spill-buffer=64.00KB thread-reservation=0
|  |  |  tuple-ids=4,5,6 row-size=78B cardinality=58.77K cost=287774
|  |  |  in pipelines: 08(GETNEXT), 10(OPEN)
|  |  |
|  |  |--10:SCAN HDFS [tpcds_partitioned_parquet_snap.date_dim]
|  |  |     HDFS partitions=1/1 files=1 size=2.15MB
|  |  |     predicates: tpcds_partitioned_parquet_snap.date_dim.d_year = CAST(2002 AS INT)
|  |  |     stored statistics:
|  |  |       table: rows=73.05K size=2.15MB
|  |  |       columns: all
|  |  |     extrapolated-rows=disabled max-scan-range-rows=73.05K
|  |  |     parquet statistics predicates: tpcds_partitioned_parquet_snap.date_dim.d_year = CAST(2002 AS INT)
|  |  |     parquet dictionary predicates: tpcds_partitioned_parquet_snap.date_dim.d_year = CAST(2002 AS INT)
|  |  |     mem-estimate=16.00MB mem-reservation=512.00KB thread-reservation=0
|  |  |     tuple-ids=6 row-size=8B cardinality=373 cost=123620
|  |  |     in pipelines: 10(GETNEXT)
|  |  |
|  |  12:HASH JOIN [INNER JOIN]
|  |  |  hash predicates: ss_item_sk = i_item_sk
|  |  |  fk/pk conjuncts: ss_item_sk = i_item_sk
|  |  |  runtime filters: RF022[bloom] <- i_item_sk, RF023[min_max] <- i_item_sk
|  |  |  mem-estimate=1.94MB mem-reservation=1.94MB spill-buffer=64.00KB thread-reservation=0
|  |  |  tuple-ids=4,5 row-size=70B cardinality=287.40K cost=289596
|  |  |  in pipelines: 08(GETNEXT), 09(OPEN)
|  |  |
|  |  |--09:SCAN HDFS [tpcds_partitioned_parquet_snap.item]
|  |  |     HDFS partitions=1/1 files=1 size=1.73MB
|  |  |     predicates: i_category = 'Books'
|  |  |     runtime filters: RF004[min_max] -> tpcds_partitioned_parquet_snap.item.i_brand_id, RF005[min_max] -> tpcds_partitioned_parquet_snap.item.i_category_id, RF006[min_max] -> tpcds_partitioned_parquet_snap.item.i_class_id, RF007[min_max] -> tpcds_partitioned_parquet_snap.item.i_manufact_id
|  |  |     stored statistics:
|  |  |       table: rows=18.00K size=1.73MB
|  |  |       columns: all
|  |  |     extrapolated-rows=disabled max-scan-range-rows=18.00K
|  |  |     parquet statistics predicates: i_category = 'Books'
|  |  |     parquet dictionary predicates: i_category = 'Books'
|  |  |     mem-estimate=16.00MB mem-reservation=256.00KB thread-reservation=0
|  |  |     tuple-ids=5 row-size=42B cardinality=1.80K cost=68737
|  |  |     in pipelines: 09(GETNEXT)
|  |  |
|  |  08:SCAN HDFS [tpcds_partitioned_parquet_snap.store_sales]
|  |     HDFS partitions=1824/1824 files=1824 size=199.36MB
|  |     runtime filters: RF023[min_max] -> ss_item_sk, RF022[bloom] -> ss_item_sk
|  |     stored statistics:
|  |       table: rows=2.88M size=199.36MB
|  |       partitions: 1824/1824 rows=2.88M
|  |       columns: all
|  |     extrapolated-rows=disabled max-scan-range-rows=130.09K
|  |     mem-estimate=16.00MB mem-reservation=2.00MB thread-reservation=0
|  |     tuple-ids=4 row-size=28B cardinality=287.80K(filtered from 2.88M) cost=91207864
|  |     in pipelines: 08(GETNEXT)
|  |
|  11:SCAN HDFS [tpcds_partitioned_parquet_snap.store_returns]
|     HDFS partitions=2004/2004 files=2004 size=33.80MB
|     runtime filters: RF018[min_max] -> sr_item_sk, RF019[min_max] -> sr_ticket_number
|     stored statistics:
|       table: rows=287.51K size=33.80MB
|       partitions: 2004/2004 rows=287.51K
|       columns: all
|     extrapolated-rows=disabled max-scan-range-rows=10.01K
|     mem-estimate=16.00MB mem-reservation=256.00KB thread-reservation=0
|     tuple-ids=7 row-size=24B cardinality=287.51K cost=100206736
|     in pipelines: 11(GETNEXT)
|
07:HASH JOIN [RIGHT OUTER JOIN]
|  hash predicates: cr_item_sk = cs_item_sk, cr_order_number = cs_order_number
|  fk/pk conjuncts: cr_item_sk = cs_item_sk, cr_order_number = cs_order_number
|  runtime filters: RF008[bloom] <- cs_item_sk, RF009[bloom] <- cs_order_number, RF010[min_max] <- cs_item_sk, RF011[min_max] <- cs_order_number
|  mem-estimate=4.75MB mem-reservation=4.75MB spill-buffer=256.00KB thread-reservation=0
|  tuple-ids=3N,0,1,2 row-size=102B cardinality=29.30K cost=346738
|  in pipelines: 04(GETNEXT), 01(OPEN)
|
|--06:HASH JOIN [INNER JOIN]
|  |  hash predicates: cs_sold_date_sk = d_date_sk
|  |  fk/pk conjuncts: cs_sold_date_sk = d_date_sk
|  |  mem-estimate=1.94MB mem-reservation=1.94MB spill-buffer=64.00KB thread-reservation=0
|  |  tuple-ids=0,1,2 row-size=78B cardinality=29.30K cost=144208
|  |  in pipelines: 01(GETNEXT), 03(OPEN)
|  |
|  |--03:SCAN HDFS [tpcds_partitioned_parquet_snap.date_dim]
|  |     HDFS partitions=1/1 files=1 size=2.15MB
|  |     predicates: tpcds_partitioned_parquet_snap.date_dim.d_year = CAST(2002 AS INT)
|  |     stored statistics:
|  |       table: rows=73.05K size=2.15MB
|  |       columns: all
|  |     extrapolated-rows=disabled max-scan-range-rows=73.05K
|  |     parquet statistics predicates: tpcds_partitioned_parquet_snap.date_dim.d_year = CAST(2002 AS INT)
|  |     parquet dictionary predicates: tpcds_partitioned_parquet_snap.date_dim.d_year = CAST(2002 AS INT)
|  |     mem-estimate=16.00MB mem-reservation=512.00KB thread-reservation=0
|  |     tuple-ids=2 row-size=8B cardinality=373 cost=123620
|  |     in pipelines: 03(GETNEXT)
|  |
|  05:HASH JOIN [INNER JOIN]
|  |  hash predicates: cs_item_sk = i_item_sk
|  |  fk/pk conjuncts: cs_item_sk = i_item_sk
|  |  runtime filters: RF014[bloom] <- i_item_sk, RF015[min_max] <- i_item_sk
|  |  mem-estimate=1.94MB mem-reservation=1.94MB spill-buffer=64.00KB thread-reservation=0
|  |  tuple-ids=0,1 row-size=70B cardinality=143.84K cost=145831
|  |  in pipelines: 01(GETNEXT), 02(OPEN)
|  |
|  |--02:SCAN HDFS [tpcds_partitioned_parquet_snap.item]
|  |     HDFS partitions=1/1 files=1 size=1.73MB
|  |     predicates: i_category = 'Books'
|  |     runtime filters: RF004[min_max] -> tpcds_partitioned_parquet_snap.item.i_brand_id, RF005[min_max] -> tpcds_partitioned_parquet_snap.item.i_category_id, RF006[min_max] -> tpcds_partitioned_parquet_snap.item.i_class_id, RF007[min_max] -> tpcds_partitioned_parquet_snap.item.i_manufact_id
|  |     stored statistics:
|  |       table: rows=18.00K size=1.73MB
|  |       columns: all
|  |     extrapolated-rows=disabled max-scan-range-rows=18.00K
|  |     parquet statistics predicates: i_category = 'Books'
|  |     parquet dictionary predicates: i_category = 'Books'
|  |     mem-estimate=16.00MB mem-reservation=256.00KB thread-reservation=0
|  |     tuple-ids=1 row-size=42B cardinality=1.80K cost=68737
|  |     in pipelines: 02(GETNEXT)
|  |
|  01:SCAN HDFS [tpcds_partitioned_parquet_snap.catalog_sales]
|     HDFS partitions=1831/1831 files=1831 size=151.13MB
|     runtime filters: RF015[min_max] -> cs_item_sk, RF014[bloom] -> cs_item_sk
|     stored statistics:
|       table: rows=1.44M size=151.13MB
|       partitions: 1831/1831 rows=1.44M
|       columns: all
|     extrapolated-rows=disabled max-scan-range-rows=7.18K
|     mem-estimate=16.00MB mem-reservation=256.00KB thread-reservation=0
|     tuple-ids=0 row-size=28B cardinality=144.03K(filtered from 1.44M) cost=91553936
|     in pipelines: 01(GETNEXT)
|
04:SCAN HDFS [tpcds_partitioned_parquet_snap.catalog_returns]
   HDFS partitions=2060/2060 files=2060 size=30.62MB
   runtime filters: RF010[min_max] -> cr_item_sk, RF011[min_max] -> cr_order_number, RF008[bloom] -> cr_item_sk, RF009[bloom] -> cr_order_number
   stored statistics:
     table: rows=144.07K size=30.62MB
     partitions: 2060/2060 rows=144.07K
     columns: all
   extrapolated-rows=disabled max-scan-range-rows=139
   mem-estimate=16.00MB mem-reservation=32.00KB thread-reservation=0
   tuple-ids=3 row-size=24B cardinality=144.07K cost=103003376
   in pipelines: 04(GETNEXT)
---- DISTRIBUTEDPLAN
Max Per-Host Resource Reservation: Memory=245.62MB Threads=117
Per-Host Resource Estimates: Memory=1.52GB
F37:PLAN FRAGMENT [UNPARTITIONED] hosts=1 instances=1
|  Per-Instance Resources: mem-estimate=4.05MB mem-reservation=4.00MB thread-reservation=1
|  max-parallelism=1 segment-costs=[1008] cpu-comparison-result=144 [max(1 (self) vs 144 (sum children))]
PLAN-ROOT SINK
|  output exprs: d_year, d_year, i_brand_id, i_class_id, i_category_id, i_manufact_id, sales_cnt, sales_cnt, sales_cnt - sales_cnt, sales_amt - sales_amt
|  mem-estimate=4.00MB mem-reservation=4.00MB spill-buffer=2.00MB thread-reservation=0 cost=1000
|
84:MERGING-EXCHANGE [UNPARTITIONED]
|  order by: sales_cnt - sales_cnt ASC, sales_amt - sales_amt ASC
|  limit: 100
|  mem-estimate=46.88KB mem-reservation=0B thread-reservation=0
|  tuple-ids=32 row-size=72B cardinality=100 cost=8
|  in pipelines: 49(GETNEXT)
|
F36:PLAN FRAGMENT [HASH(i_brand_id,i_category_id,i_class_id,i_manufact_id)] hosts=3 instances=6 (adjusted from 48)
Per-Instance Resources: mem-estimate=311.03KB mem-reservation=0B thread-reservation=1
max-parallelism=6 segment-costs=[2321, 8] cpu-comparison-result=144 [max(6 (self) vs 144 (sum children))]
49:TOP-N [LIMIT=100]
|  order by: sales_cnt - sales_cnt ASC, sales_amt - sales_amt ASC
|  mem-estimate=7.03KB mem-reservation=0B thread-reservation=0
|  tuple-ids=32 row-size=72B cardinality=100 cost=200
|  in pipelines: 49(GETNEXT), 65(OPEN)
|
48:HASH JOIN [INNER JOIN, PARTITIONED]
|  hash-table-id=00
|  hash predicates: i_brand_id = i_brand_id, i_category_id = i_category_id, i_class_id = i_class_id, i_manufact_id = i_manufact_id
|  fk/pk conjuncts: assumed fk/pk
|  other predicates: CAST(sum(sales_cnt) AS DECIMAL(17,2)) / CAST(sum(sales_cnt) AS DECIMAL(17,2)) < CAST(0.9 AS DECIMAL(1,1))
|  mem-estimate=0B mem-reservation=0B spill-buffer=64.00KB thread-reservation=0
|  tuple-ids=14,30 row-size=88B cardinality=524 cost=2096
|  in pipelines: 65(GETNEXT), 81(OPEN)
|
|--F38:PLAN FRAGMENT [HASH(i_brand_id,i_category_id,i_class_id,i_manufact_id)] hosts=3 instances=6 (adjusted from 48)
|  |  Per-Instance Resources: mem-estimate=2.09MB mem-reservation=1.94MB thread-reservation=1
|  |  max-parallelism=6 segment-costs=[2121] cpu-comparison-result=72 [max(6 (self) vs 72 (sum children))]
|  JOIN BUILD
|  |  join-table-id=00 plan-id=01 cohort-id=01
|  |  build expressions: i_brand_id, i_category_id, i_class_id, i_manufact_id
|  |  runtime filters: RF004[min_max] <- i_brand_id, RF005[min_max] <- i_category_id, RF006[min_max] <- i_class_id, RF007[min_max] <- i_manufact_id
|  |  mem-estimate=1.94MB mem-reservation=1.94MB spill-buffer=64.00KB thread-reservation=0 cost=2096
|  |
|  83:EXCHANGE [HASH(i_brand_id,i_category_id,i_class_id,i_manufact_id)]
|  |  mem-estimate=154.88KB mem-reservation=0B thread-reservation=0
|  |  tuple-ids=30 row-size=44B cardinality=524 cost=25
|  |  in pipelines: 81(GETNEXT)
|  |
|  F35:PLAN FRAGMENT [HASH(d_year,i_brand_id,i_class_id,i_category_id,i_manufact_id)] hosts=3 instances=6 (adjusted from 48)
|  Per-Instance Resources: mem-estimate=11.72MB mem-reservation=1.94MB thread-reservation=1
|  max-parallelism=6 segment-costs=[724095, 25] cpu-comparison-result=72 [max(6 (self) vs 72 (sum children))]
|  81:AGGREGATE [FINALIZE]
|  |  output: sum:merge(sales_cnt), sum:merge(sales_amt)
|  |  group by: d_year, i_brand_id, i_class_id, i_category_id, i_manufact_id
|  |  having: d_year = CAST(2001 AS INT)
|  |  mem-estimate=10.00MB mem-reservation=1.94MB spill-buffer=64.00KB thread-reservation=0
|  |  tuple-ids=30 row-size=44B cardinality=524 cost=719278
|  |  in pipelines: 81(GETNEXT), 79(OPEN)
|  |
|  80:EXCHANGE [HASH(d_year,i_brand_id,i_class_id,i_category_id,i_manufact_id)]
|  |  mem-estimate=1.72MB mem-reservation=0B thread-reservation=0
|  |  tuple-ids=30 row-size=44B cardinality=102.75K cost=4817
|  |  in pipelines: 79(GETNEXT)
|  |
|  F34:PLAN FRAGMENT [HASH(d_year,i_brand_id,i_class_id,i_category_id,i_manufact_id,sales_cnt,sales_amt)] hosts=3 instances=6 (adjusted from 48)
|  Per-Instance Resources: mem-estimate=21.47MB mem-reservation=3.94MB thread-reservation=1
|  max-parallelism=6 segment-costs=[722891, 719278, 4817] cpu-comparison-result=72 [max(6 (self) vs 72 (sum children))]
|  47:AGGREGATE [STREAMING]
|  |  output: sum(sales_cnt), sum(sales_amt)
|  |  group by: d_year, i_brand_id, i_class_id, i_category_id, i_manufact_id
|  |  mem-estimate=10.00MB mem-reservation=2.00MB spill-buffer=64.00KB thread-reservation=0
|  |  tuple-ids=30 row-size=44B cardinality=102.75K cost=719278
|  |  in pipelines: 79(GETNEXT)
|  |
|  79:AGGREGATE [FINALIZE]
|  |  group by: d_year, i_brand_id, i_class_id, i_category_id, i_manufact_id, sales_cnt, sales_amt
|  |  mem-estimate=10.00MB mem-reservation=1.94MB spill-buffer=64.00KB thread-reservation=0
|  |  tuple-ids=28 row-size=32B cardinality=102.75K cost=719278
|  |  in pipelines: 79(GETNEXT), 28(OPEN), 35(OPEN), 42(OPEN)
|  |
|  78:EXCHANGE [HASH(d_year,i_brand_id,i_class_id,i_category_id,i_manufact_id,sales_cnt,sales_amt)]
|  |  mem-estimate=1.47MB mem-reservation=0B thread-reservation=0
|  |  tuple-ids=28 row-size=32B cardinality=102.75K cost=3613
|  |  in pipelines: 28(GETNEXT), 35(GETNEXT), 42(GETNEXT)
|  |
|  F33:PLAN FRAGMENT [RANDOM] hosts=3 instances=12 (adjusted from 48)
|  Per-Instance Resources: mem-estimate=13.37MB mem-reservation=2.00MB thread-reservation=1
|  max-parallelism=12 segment-costs=[3897565, 3613] cpu-comparison-result=72 [max(48 (self) vs 72 (sum children))]
|  46:AGGREGATE [STREAMING]
|  |  group by: d_year, i_brand_id, i_class_id, i_category_id, i_manufact_id, sales_cnt, sales_amt
|  |  mem-estimate=10.00MB mem-reservation=2.00MB spill-buffer=64.00KB thread-reservation=0
|  |  tuple-ids=28 row-size=32B cardinality=102.75K cost=719278
|  |  in pipelines: 28(GETNEXT), 35(GETNEXT), 42(GETNEXT)
|  |
|  24:UNION
|  |  mem-estimate=0B mem-reservation=0B thread-reservation=0
|  |  tuple-ids=28 row-size=32B cardinality=102.75K cost=2157834
|  |  in pipelines: 28(GETNEXT), 35(GETNEXT), 42(GETNEXT)
|  |
|  |--45:HASH JOIN [RIGHT OUTER JOIN, PARTITIONED]
|  |  |  hash-table-id=07
|  |  |  hash predicates: wr_item_sk = ws_item_sk, wr_order_number = ws_order_number
|  |  |  fk/pk conjuncts: wr_item_sk = ws_item_sk, wr_order_number = ws_order_number
|  |  |  mem-estimate=0B mem-reservation=0B spill-buffer=64.00KB thread-reservation=0
|  |  |  tuple-ids=27N,24,25,26 row-size=102B cardinality=14.68K cost=143526
|  |  |  in pipelines: 42(GETNEXT), 39(OPEN)
|  |  |
|  |  |--F45:PLAN FRAGMENT [RANDOM] hosts=3 instances=12 (adjusted from 48)
|  |  |  |  Per-Instance Resources: mem-estimate=3.35MB mem-reservation=1.94MB thread-reservation=1
|  |  |  |  max-parallelism=12 segment-costs=[30647] cpu-comparison-result=24 [max(24 (self) vs 8 (sum children))]
|  |  |  JOIN BUILD
|  |  |  |  join-table-id=07 plan-id=08 cohort-id=02
|  |  |  |  build expressions: ws_item_sk, ws_order_number
|  |  |  |  runtime filters: RF050[min_max] <- ws_item_sk, RF051[min_max] <- ws_order_number
|  |  |  |  mem-estimate=1.94MB mem-reservation=1.94MB spill-buffer=64.00KB thread-reservation=0 cost=29358
|  |  |  |
|  |  |  77:EXCHANGE [HASH(ws_item_sk,ws_order_number)]
|  |  |  |  mem-estimate=1.42MB mem-reservation=0B thread-reservation=0
|  |  |  |  tuple-ids=24,25,26 row-size=78B cardinality=14.68K cost=1289
|  |  |  |  in pipelines: 39(GETNEXT)
|  |  |  |
|  |  |  F29:PLAN FRAGMENT [RANDOM] hosts=3 instances=12 (adjusted from 48)
|  |  |  Per-Host Shared Resources: mem-estimate=1.00MB mem-reservation=1.00MB thread-reservation=0 runtime-filters-memory=1.00MB
|  |  |  Per-Instance Resources: mem-estimate=20.21MB mem-reservation=128.00KB thread-reservation=1
|  |  |  max-parallelism=12 segment-costs=[91346914]
|  |  |  44:HASH JOIN [INNER JOIN, BROADCAST]
|  |  |  |  hash-table-id=08
|  |  |  |  hash predicates: ws_sold_date_sk = d_date_sk
|  |  |  |  fk/pk conjuncts: ws_sold_date_sk = d_date_sk
|  |  |  |  mem-estimate=0B mem-reservation=0B spill-buffer=64.00KB thread-reservation=0
|  |  |  |  tuple-ids=24,25,26 row-size=78B cardinality=14.68K cost=71779
|  |  |  |  in pipelines: 39(GETNEXT), 41(OPEN)
|  |  |  |
|  |  |  |--F46:PLAN FRAGMENT [RANDOM] hosts=3 instances=3
|  |  |  |  |  Per-Instance Resources: mem-estimate=7.77MB mem-reservation=7.75MB thread-reservation=1
|  |  |  |  |  max-parallelism=3 segment-costs=[388]
|  |  |  |  JOIN BUILD
|  |  |  |  |  join-table-id=08 plan-id=09 cohort-id=05
|  |  |  |  |  build expressions: d_date_sk
|  |  |  |  |  mem-estimate=7.75MB mem-reservation=7.75MB spill-buffer=64.00KB thread-reservation=0 cost=373
|  |  |  |  |
|  |  |  |  75:EXCHANGE [BROADCAST]
|  |  |  |  |  mem-estimate=16.00KB mem-reservation=0B thread-reservation=0
|  |  |  |  |  tuple-ids=26 row-size=8B cardinality=373 cost=15
|  |  |  |  |  in pipelines: 41(GETNEXT)
|  |  |  |  |
|  |  |  |  F31:PLAN FRAGMENT [RANDOM] hosts=1 instances=1
|  |  |  |  Per-Instance Resources: mem-estimate=16.05MB mem-reservation=512.00KB thread-reservation=1
|  |  |  |  max-parallelism=1 segment-costs=[123625]
|  |  |  |  41:SCAN HDFS [tpcds_partitioned_parquet_snap.date_dim, RANDOM]
|  |  |  |     HDFS partitions=1/1 files=1 size=2.15MB
|  |  |  |     predicates: tpcds_partitioned_parquet_snap.date_dim.d_year = CAST(2001 AS INT)
|  |  |  |     stored statistics:
|  |  |  |       table: rows=73.05K size=2.15MB
|  |  |  |       columns: all
|  |  |  |     extrapolated-rows=disabled max-scan-range-rows=73.05K
|  |  |  |     parquet statistics predicates: tpcds_partitioned_parquet_snap.date_dim.d_year = CAST(2001 AS INT)
|  |  |  |     parquet dictionary predicates: tpcds_partitioned_parquet_snap.date_dim.d_year = CAST(2001 AS INT)
|  |  |  |     mem-estimate=16.00MB mem-reservation=512.00KB thread-reservation=0
|  |  |  |     tuple-ids=26 row-size=8B cardinality=373 cost=123620
|  |  |  |     in pipelines: 41(GETNEXT)
|  |  |  |
|  |  |  43:HASH JOIN [INNER JOIN, BROADCAST]
|  |  |  |  hash-table-id=09
|  |  |  |  hash predicates: ws_item_sk = i_item_sk
|  |  |  |  fk/pk conjuncts: ws_item_sk = i_item_sk
|  |  |  |  mem-estimate=0B mem-reservation=0B spill-buffer=64.00KB thread-reservation=0
|  |  |  |  tuple-ids=24,25 row-size=70B cardinality=71.78K cost=71878
|  |  |  |  in pipelines: 39(GETNEXT), 40(OPEN)
|  |  |  |
|  |  |  |--F47:PLAN FRAGMENT [RANDOM] hosts=3 instances=3
|  |  |  |  |  Per-Instance Resources: mem-estimate=8.87MB mem-reservation=8.75MB thread-reservation=1 runtime-filters-memory=1.00MB
|  |  |  |  |  max-parallelism=3 segment-costs=[2039]
|  |  |  |  JOIN BUILD
|  |  |  |  |  join-table-id=09 plan-id=10 cohort-id=05
|  |  |  |  |  build expressions: i_item_sk
|  |  |  |  |  runtime filters: RF054[bloom] <- i_item_sk, RF055[min_max] <- i_item_sk
|  |  |  |  |  mem-estimate=7.75MB mem-reservation=7.75MB spill-buffer=64.00KB thread-reservation=0 cost=1796
|  |  |  |  |
|  |  |  |  74:EXCHANGE [BROADCAST]
|  |  |  |  |  mem-estimate=119.38KB mem-reservation=0B thread-reservation=0
|  |  |  |  |  tuple-ids=25 row-size=42B cardinality=1.80K cost=243
|  |  |  |  |  in pipelines: 40(GETNEXT)
|  |  |  |  |
|  |  |  |  F30:PLAN FRAGMENT [RANDOM] hosts=1 instances=1
|  |  |  |  Per-Instance Resources: mem-estimate=16.18MB mem-reservation=256.00KB thread-reservation=1
|  |  |  |  max-parallelism=1 segment-costs=[68818]
|  |  |  |  40:SCAN HDFS [tpcds_partitioned_parquet_snap.item, RANDOM]
|  |  |  |     HDFS partitions=1/1 files=1 size=1.73MB
|  |  |  |     predicates: i_category = 'Books'
|  |  |  |     stored statistics:
|  |  |  |       table: rows=18.00K size=1.73MB
|  |  |  |       columns: all
|  |  |  |     extrapolated-rows=disabled max-scan-range-rows=18.00K
|  |  |  |     parquet statistics predicates: i_category = 'Books'
|  |  |  |     parquet dictionary predicates: i_category = 'Books'
|  |  |  |     mem-estimate=16.00MB mem-reservation=256.00KB thread-reservation=0
|  |  |  |     tuple-ids=25 row-size=42B cardinality=1.80K cost=68737
|  |  |  |     in pipelines: 40(GETNEXT)
|  |  |  |
|  |  |  39:SCAN HDFS [tpcds_partitioned_parquet_snap.web_sales, RANDOM]
|  |  |     HDFS partitions=1824/1824 files=1824 size=84.20MB
|  |  |     runtime filters: RF055[min_max] -> ws_item_sk, RF054[bloom] -> ws_item_sk
|  |  |     stored statistics:
|  |  |       table: rows=719.38K size=84.20MB
|  |  |       partitions: 1824/1824 rows=719.38K
|  |  |       columns: all
|  |  |     extrapolated-rows=disabled max-scan-range-rows=1.12K
|  |  |     mem-estimate=16.00MB mem-reservation=128.00KB thread-reservation=0
|  |  |     tuple-ids=24 row-size=28B cardinality=71.88K(filtered from 719.38K) cost=91201968
|  |  |     in pipelines: 39(GETNEXT)
|  |  |
|  |  76:EXCHANGE [HASH(wr_item_sk,wr_order_number)]
|  |  |  mem-estimate=896.65KB mem-reservation=0B thread-reservation=0
|  |  |  tuple-ids=27 row-size=24B cardinality=71.76K cost=1963
|  |  |  in pipelines: 42(GETNEXT)
|  |  |
|  |  F28:PLAN FRAGMENT [RANDOM] hosts=3 instances=12 (adjusted from 48)
|  |  Per-Instance Resources: mem-estimate=17.31MB mem-reservation=128.00KB thread-reservation=1
|  |  max-parallelism=12 segment-costs=[105703651]
|  |  42:SCAN HDFS [tpcds_partitioned_parquet_snap.web_returns, RANDOM]
|  |     HDFS partitions=2114/2114 files=2114 size=20.82MB
|  |     runtime filters: RF050[min_max] -> wr_item_sk, RF051[min_max] -> wr_order_number
|  |     stored statistics:
|  |       table: rows=71.76K size=20.82MB
|  |       partitions: 2114/2114 rows=71.76K
|  |       columns: all
|  |     extrapolated-rows=disabled max-scan-range-rows=3.13K
|  |     mem-estimate=16.00MB mem-reservation=128.00KB thread-reservation=0
|  |     tuple-ids=27 row-size=24B cardinality=71.76K cost=105701688
|  |     in pipelines: 42(GETNEXT)
|  |
|  |--38:HASH JOIN [RIGHT OUTER JOIN, PARTITIONED]
|  |  |  hash-table-id=04
|  |  |  hash predicates: sr_item_sk = ss_item_sk, sr_ticket_number = ss_ticket_number
|  |  |  fk/pk conjuncts: sr_item_sk = ss_item_sk, sr_ticket_number = ss_ticket_number
|  |  |  mem-estimate=0B mem-reservation=0B spill-buffer=64.00KB thread-reservation=0
|  |  |  tuple-ids=23N,20,21,22 row-size=102B cardinality=58.77K cost=575028
|  |  |  in pipelines: 35(GETNEXT), 32(OPEN)
|  |  |
|  |  |--F42:PLAN FRAGMENT [RANDOM] hosts=3 instances=12 (adjusted from 48)
|  |  |  |  Per-Instance Resources: mem-estimate=4.45MB mem-reservation=1.94MB thread-reservation=1
|  |  |  |  max-parallelism=12 segment-costs=[122706] cpu-comparison-result=24 [max(24 (self) vs 8 (sum children))]
|  |  |  JOIN BUILD
|  |  |  |  join-table-id=04 plan-id=05 cohort-id=02
|  |  |  |  build expressions: ss_item_sk, ss_ticket_number
|  |  |  |  runtime filters: RF042[min_max] <- ss_item_sk, RF043[min_max] <- ss_ticket_number
|  |  |  |  mem-estimate=1.94MB mem-reservation=1.94MB spill-buffer=64.00KB thread-reservation=0 cost=117546
|  |  |  |
|  |  |  73:EXCHANGE [HASH(ss_item_sk,ss_ticket_number)]
|  |  |  |  mem-estimate=2.51MB mem-reservation=0B thread-reservation=0
|  |  |  |  tuple-ids=20,21,22 row-size=78B cardinality=58.77K cost=5160
|  |  |  |  in pipelines: 32(GETNEXT)
|  |  |  |
|  |  |  F24:PLAN FRAGMENT [RANDOM] hosts=3 instances=12 (adjusted from 48)
|  |  |  Per-Host Shared Resources: mem-estimate=1.00MB mem-reservation=1.00MB thread-reservation=0 runtime-filters-memory=1.00MB
|  |  |  Per-Instance Resources: mem-estimate=20.21MB mem-reservation=2.00MB thread-reservation=1
|  |  |  max-parallelism=12 segment-costs=[91788225]
|  |  |  37:HASH JOIN [INNER JOIN, BROADCAST]
|  |  |  |  hash-table-id=05
|  |  |  |  hash predicates: ss_sold_date_sk = d_date_sk
|  |  |  |  fk/pk conjuncts: ss_sold_date_sk = d_date_sk
|  |  |  |  mem-estimate=0B mem-reservation=0B spill-buffer=64.00KB thread-reservation=0
|  |  |  |  tuple-ids=20,21,22 row-size=78B cardinality=58.77K cost=287401
|  |  |  |  in pipelines: 32(GETNEXT), 34(OPEN)
|  |  |  |
|  |  |  |--F43:PLAN FRAGMENT [RANDOM] hosts=3 instances=3
|  |  |  |  |  Per-Instance Resources: mem-estimate=7.77MB mem-reservation=7.75MB thread-reservation=1
|  |  |  |  |  max-parallelism=3 segment-costs=[388]
|  |  |  |  JOIN BUILD
|  |  |  |  |  join-table-id=05 plan-id=06 cohort-id=04
|  |  |  |  |  build expressions: d_date_sk
|  |  |  |  |  mem-estimate=7.75MB mem-reservation=7.75MB spill-buffer=64.00KB thread-reservation=0 cost=373
|  |  |  |  |
|  |  |  |  71:EXCHANGE [BROADCAST]
|  |  |  |  |  mem-estimate=16.00KB mem-reservation=0B thread-reservation=0
|  |  |  |  |  tuple-ids=22 row-size=8B cardinality=373 cost=15
|  |  |  |  |  in pipelines: 34(GETNEXT)
|  |  |  |  |
|  |  |  |  F26:PLAN FRAGMENT [RANDOM] hosts=1 instances=1
|  |  |  |  Per-Instance Resources: mem-estimate=16.05MB mem-reservation=512.00KB thread-reservation=1
|  |  |  |  max-parallelism=1 segment-costs=[123625]
|  |  |  |  34:SCAN HDFS [tpcds_partitioned_parquet_snap.date_dim, RANDOM]
|  |  |  |     HDFS partitions=1/1 files=1 size=2.15MB
|  |  |  |     predicates: tpcds_partitioned_parquet_snap.date_dim.d_year = CAST(2001 AS INT)
|  |  |  |     stored statistics:
|  |  |  |       table: rows=73.05K size=2.15MB
|  |  |  |       columns: all
|  |  |  |     extrapolated-rows=disabled max-scan-range-rows=73.05K
|  |  |  |     parquet statistics predicates: tpcds_partitioned_parquet_snap.date_dim.d_year = CAST(2001 AS INT)
|  |  |  |     parquet dictionary predicates: tpcds_partitioned_parquet_snap.date_dim.d_year = CAST(2001 AS INT)
|  |  |  |     mem-estimate=16.00MB mem-reservation=512.00KB thread-reservation=0
|  |  |  |     tuple-ids=22 row-size=8B cardinality=373 cost=123620
|  |  |  |     in pipelines: 34(GETNEXT)
|  |  |  |
|  |  |  36:HASH JOIN [INNER JOIN, BROADCAST]
|  |  |  |  hash-table-id=06
|  |  |  |  hash predicates: ss_item_sk = i_item_sk
|  |  |  |  fk/pk conjuncts: ss_item_sk = i_item_sk
|  |  |  |  mem-estimate=0B mem-reservation=0B spill-buffer=64.00KB thread-reservation=0
|  |  |  |  tuple-ids=20,21 row-size=70B cardinality=287.40K cost=287800
|  |  |  |  in pipelines: 32(GETNEXT), 33(OPEN)
|  |  |  |
|  |  |  |--F44:PLAN FRAGMENT [RANDOM] hosts=3 instances=3
|  |  |  |  |  Per-Instance Resources: mem-estimate=8.87MB mem-reservation=8.75MB thread-reservation=1 runtime-filters-memory=1.00MB
|  |  |  |  |  max-parallelism=3 segment-costs=[2039]
|  |  |  |  JOIN BUILD
|  |  |  |  |  join-table-id=06 plan-id=07 cohort-id=04
|  |  |  |  |  build expressions: i_item_sk
|  |  |  |  |  runtime filters: RF046[bloom] <- i_item_sk, RF047[min_max] <- i_item_sk
|  |  |  |  |  mem-estimate=7.75MB mem-reservation=7.75MB spill-buffer=64.00KB thread-reservation=0 cost=1796
|  |  |  |  |
|  |  |  |  70:EXCHANGE [BROADCAST]
|  |  |  |  |  mem-estimate=119.38KB mem-reservation=0B thread-reservation=0
|  |  |  |  |  tuple-ids=21 row-size=42B cardinality=1.80K cost=243
|  |  |  |  |  in pipelines: 33(GETNEXT)
|  |  |  |  |
|  |  |  |  F25:PLAN FRAGMENT [RANDOM] hosts=1 instances=1
|  |  |  |  Per-Instance Resources: mem-estimate=16.18MB mem-reservation=256.00KB thread-reservation=1
|  |  |  |  max-parallelism=1 segment-costs=[68818]
|  |  |  |  33:SCAN HDFS [tpcds_partitioned_parquet_snap.item, RANDOM]
|  |  |  |     HDFS partitions=1/1 files=1 size=1.73MB
|  |  |  |     predicates: i_category = 'Books'
|  |  |  |     stored statistics:
|  |  |  |       table: rows=18.00K size=1.73MB
|  |  |  |       columns: all
|  |  |  |     extrapolated-rows=disabled max-scan-range-rows=18.00K
|  |  |  |     parquet statistics predicates: i_category = 'Books'
|  |  |  |     parquet dictionary predicates: i_category = 'Books'
|  |  |  |     mem-estimate=16.00MB mem-reservation=256.00KB thread-reservation=0
|  |  |  |     tuple-ids=21 row-size=42B cardinality=1.80K cost=68737
|  |  |  |     in pipelines: 33(GETNEXT)
|  |  |  |
|  |  |  32:SCAN HDFS [tpcds_partitioned_parquet_snap.store_sales, RANDOM]
|  |  |     HDFS partitions=1824/1824 files=1824 size=199.36MB
|  |  |     runtime filters: RF047[min_max] -> ss_item_sk, RF046[bloom] -> ss_item_sk
|  |  |     stored statistics:
|  |  |       table: rows=2.88M size=199.36MB
|  |  |       partitions: 1824/1824 rows=2.88M
|  |  |       columns: all
|  |  |     extrapolated-rows=disabled max-scan-range-rows=130.09K
|  |  |     mem-estimate=16.00MB mem-reservation=2.00MB thread-reservation=0
|  |  |     tuple-ids=20 row-size=28B cardinality=287.80K(filtered from 2.88M) cost=91207864
|  |  |     in pipelines: 32(GETNEXT)
|  |  |
|  |  72:EXCHANGE [HASH(sr_item_sk,sr_ticket_number)]
|  |  |  mem-estimate=2.52MB mem-reservation=0B thread-reservation=0
|  |  |  tuple-ids=23 row-size=24B cardinality=287.51K cost=7862
|  |  |  in pipelines: 35(GETNEXT)
|  |  |
|  |  F23:PLAN FRAGMENT [RANDOM] hosts=3 instances=12 (adjusted from 48)
|  |  Per-Instance Resources: mem-estimate=17.31MB mem-reservation=256.00KB thread-reservation=1
|  |  max-parallelism=12 segment-costs=[100214598]
|  |  35:SCAN HDFS [tpcds_partitioned_parquet_snap.store_returns, RANDOM]
|  |     HDFS partitions=2004/2004 files=2004 size=33.80MB
|  |     runtime filters: RF042[min_max] -> sr_item_sk, RF043[min_max] -> sr_ticket_number
|  |     stored statistics:
|  |       table: rows=287.51K size=33.80MB
|  |       partitions: 2004/2004 rows=287.51K
|  |       columns: all
|  |     extrapolated-rows=disabled max-scan-range-rows=10.01K
|  |     mem-estimate=16.00MB mem-reservation=256.00KB thread-reservation=0
|  |     tuple-ids=23 row-size=24B cardinality=287.51K cost=100206736
|  |     in pipelines: 35(GETNEXT)
|  |
|  31:HASH JOIN [RIGHT OUTER JOIN, PARTITIONED]
|  |  hash-table-id=01
|  |  hash predicates: cr_item_sk = cs_item_sk, cr_order_number = cs_order_number
|  |  fk/pk conjuncts: cr_item_sk = cs_item_sk, cr_order_number = cs_order_number
|  |  mem-estimate=0B mem-reservation=0B spill-buffer=64.00KB thread-reservation=0
|  |  tuple-ids=19N,16,17,18 row-size=102B cardinality=29.30K cost=288134
|  |  in pipelines: 28(GETNEXT), 25(OPEN)
|  |
|  |--F39:PLAN FRAGMENT [RANDOM] hosts=3 instances=12 (adjusted from 48)
|  |  |  Per-Instance Resources: mem-estimate=5.72MB mem-reservation=3.94MB thread-reservation=1 runtime-filters-memory=2.00MB
|  |  |  max-parallelism=12 segment-costs=[61177] cpu-comparison-result=24 [max(24 (self) vs 8 (sum children))]
|  |  JOIN BUILD
|  |  |  join-table-id=01 plan-id=02 cohort-id=02
|  |  |  build expressions: cs_item_sk, cs_order_number
|  |  |  runtime filters: RF032[bloom] <- cs_item_sk, RF033[bloom] <- cs_order_number, RF034[min_max] <- cs_item_sk, RF035[min_max] <- cs_order_number
|  |  |  mem-estimate=1.94MB mem-reservation=1.94MB spill-buffer=64.00KB thread-reservation=0 cost=58604
|  |  |
|  |  69:EXCHANGE [HASH(cs_item_sk,cs_order_number)]
|  |  |  mem-estimate=1.78MB mem-reservation=0B thread-reservation=0
|  |  |  tuple-ids=16,17,18 row-size=78B cardinality=29.30K cost=2573
|  |  |  in pipelines: 25(GETNEXT)
|  |  |
|  |  F19:PLAN FRAGMENT [RANDOM] hosts=3 instances=12 (adjusted from 48)
|  |  Per-Host Shared Resources: mem-estimate=1.00MB mem-reservation=1.00MB thread-reservation=0 runtime-filters-memory=1.00MB
|  |  Per-Instance Resources: mem-estimate=20.21MB mem-reservation=256.00KB thread-reservation=1
|  |  max-parallelism=12 segment-costs=[91844379]
|  |  30:HASH JOIN [INNER JOIN, BROADCAST]
|  |  |  hash-table-id=02
|  |  |  hash predicates: cs_sold_date_sk = d_date_sk
|  |  |  fk/pk conjuncts: cs_sold_date_sk = d_date_sk
|  |  |  mem-estimate=0B mem-reservation=0B spill-buffer=64.00KB thread-reservation=0
|  |  |  tuple-ids=16,17,18 row-size=78B cardinality=29.30K cost=143835
|  |  |  in pipelines: 25(GETNEXT), 27(OPEN)
|  |  |
|  |  |--F40:PLAN FRAGMENT [RANDOM] hosts=3 instances=3
|  |  |  |  Per-Instance Resources: mem-estimate=7.77MB mem-reservation=7.75MB thread-reservation=1
|  |  |  |  max-parallelism=3 segment-costs=[388]
|  |  |  JOIN BUILD
|  |  |  |  join-table-id=02 plan-id=03 cohort-id=03
|  |  |  |  build expressions: d_date_sk
|  |  |  |  mem-estimate=7.75MB mem-reservation=7.75MB spill-buffer=64.00KB thread-reservation=0 cost=373
|  |  |  |
|  |  |  67:EXCHANGE [BROADCAST]
|  |  |  |  mem-estimate=16.00KB mem-reservation=0B thread-reservation=0
|  |  |  |  tuple-ids=18 row-size=8B cardinality=373 cost=15
|  |  |  |  in pipelines: 27(GETNEXT)
|  |  |  |
|  |  |  F21:PLAN FRAGMENT [RANDOM] hosts=1 instances=1
|  |  |  Per-Instance Resources: mem-estimate=16.05MB mem-reservation=512.00KB thread-reservation=1
|  |  |  max-parallelism=1 segment-costs=[123625]
|  |  |  27:SCAN HDFS [tpcds_partitioned_parquet_snap.date_dim, RANDOM]
|  |  |     HDFS partitions=1/1 files=1 size=2.15MB
|  |  |     predicates: tpcds_partitioned_parquet_snap.date_dim.d_year = CAST(2001 AS INT)
|  |  |     stored statistics:
|  |  |       table: rows=73.05K size=2.15MB
|  |  |       columns: all
|  |  |     extrapolated-rows=disabled max-scan-range-rows=73.05K
|  |  |     parquet statistics predicates: tpcds_partitioned_parquet_snap.date_dim.d_year = CAST(2001 AS INT)
|  |  |     parquet dictionary predicates: tpcds_partitioned_parquet_snap.date_dim.d_year = CAST(2001 AS INT)
|  |  |     mem-estimate=16.00MB mem-reservation=512.00KB thread-reservation=0
|  |  |     tuple-ids=18 row-size=8B cardinality=373 cost=123620
|  |  |     in pipelines: 27(GETNEXT)
|  |  |
|  |  29:HASH JOIN [INNER JOIN, BROADCAST]
|  |  |  hash-table-id=03
|  |  |  hash predicates: cs_item_sk = i_item_sk
|  |  |  fk/pk conjuncts: cs_item_sk = i_item_sk
|  |  |  mem-estimate=0B mem-reservation=0B spill-buffer=64.00KB thread-reservation=0
|  |  |  tuple-ids=16,17 row-size=70B cardinality=143.84K cost=144035
|  |  |  in pipelines: 25(GETNEXT), 26(OPEN)
|  |  |
|  |  |--F41:PLAN FRAGMENT [RANDOM] hosts=3 instances=3
|  |  |  |  Per-Instance Resources: mem-estimate=8.87MB mem-reservation=8.75MB thread-reservation=1 runtime-filters-memory=1.00MB
|  |  |  |  max-parallelism=3 segment-costs=[2039]
|  |  |  JOIN BUILD
|  |  |  |  join-table-id=03 plan-id=04 cohort-id=03
|  |  |  |  build expressions: i_item_sk
|  |  |  |  runtime filters: RF038[bloom] <- i_item_sk, RF039[min_max] <- i_item_sk
|  |  |  |  mem-estimate=7.75MB mem-reservation=7.75MB spill-buffer=64.00KB thread-reservation=0 cost=1796
|  |  |  |
|  |  |  66:EXCHANGE [BROADCAST]
|  |  |  |  mem-estimate=119.38KB mem-reservation=0B thread-reservation=0
|  |  |  |  tuple-ids=17 row-size=42B cardinality=1.80K cost=243
|  |  |  |  in pipelines: 26(GETNEXT)
|  |  |  |
|  |  |  F20:PLAN FRAGMENT [RANDOM] hosts=1 instances=1
|  |  |  Per-Instance Resources: mem-estimate=16.18MB mem-reservation=256.00KB thread-reservation=1
|  |  |  max-parallelism=1 segment-costs=[68818]
|  |  |  26:SCAN HDFS [tpcds_partitioned_parquet_snap.item, RANDOM]
|  |  |     HDFS partitions=1/1 files=1 size=1.73MB
|  |  |     predicates: i_category = 'Books'
|  |  |     stored statistics:
|  |  |       table: rows=18.00K size=1.73MB
|  |  |       columns: all
|  |  |     extrapolated-rows=disabled max-scan-range-rows=18.00K
|  |  |     parquet statistics predicates: i_category = 'Books'
|  |  |     parquet dictionary predicates: i_category = 'Books'
|  |  |     mem-estimate=16.00MB mem-reservation=256.00KB thread-reservation=0
|  |  |     tuple-ids=17 row-size=42B cardinality=1.80K cost=68737
|  |  |     in pipelines: 26(GETNEXT)
|  |  |
|  |  25:SCAN HDFS [tpcds_partitioned_parquet_snap.catalog_sales, RANDOM]
|  |     HDFS partitions=1831/1831 files=1831 size=151.13MB
|  |     runtime filters: RF039[min_max] -> cs_item_sk, RF038[bloom] -> cs_item_sk
|  |     stored statistics:
|  |       table: rows=1.44M size=151.13MB
|  |       partitions: 1831/1831 rows=1.44M
|  |       columns: all
|  |     extrapolated-rows=disabled max-scan-range-rows=7.18K
|  |     mem-estimate=16.00MB mem-reservation=256.00KB thread-reservation=0
|  |     tuple-ids=16 row-size=28B cardinality=144.03K(filtered from 1.44M) cost=91553936
|  |     in pipelines: 25(GETNEXT)
|  |
|  68:EXCHANGE [HASH(cr_item_sk,cr_order_number)]
|  |  mem-estimate=1.43MB mem-reservation=0B thread-reservation=0
|  |  tuple-ids=19 row-size=24B cardinality=144.07K cost=3940
|  |  in pipelines: 28(GETNEXT)
|  |
|  F18:PLAN FRAGMENT [RANDOM] hosts=3 instances=12 (adjusted from 48)
|  Per-Host Shared Resources: mem-estimate=2.00MB mem-reservation=2.00MB thread-reservation=0 runtime-filters-memory=2.00MB
|  Per-Instance Resources: mem-estimate=17.31MB mem-reservation=32.00KB thread-reservation=1
|  max-parallelism=12 segment-costs=[103007316]
|  28:SCAN HDFS [tpcds_partitioned_parquet_snap.catalog_returns, RANDOM]
|     HDFS partitions=2060/2060 files=2060 size=30.62MB
|     runtime filters: RF034[min_max] -> cr_item_sk, RF035[min_max] -> cr_order_number, RF032[bloom] -> cr_item_sk, RF033[bloom] -> cr_order_number
|     stored statistics:
|       table: rows=144.07K size=30.62MB
|       partitions: 2060/2060 rows=144.07K
|       columns: all
|     extrapolated-rows=disabled max-scan-range-rows=139
|     mem-estimate=16.00MB mem-reservation=32.00KB thread-reservation=0
|     tuple-ids=19 row-size=24B cardinality=144.07K cost=103003376
|     in pipelines: 28(GETNEXT)
|
82:EXCHANGE [HASH(i_brand_id,i_category_id,i_class_id,i_manufact_id)]
|  mem-estimate=154.88KB mem-reservation=0B thread-reservation=0
|  tuple-ids=14 row-size=44B cardinality=524 cost=25
|  in pipelines: 65(GETNEXT)
|
F17:PLAN FRAGMENT [HASH(d_year,i_brand_id,i_class_id,i_category_id,i_manufact_id)] hosts=3 instances=6 (adjusted from 48)
Per-Instance Resources: mem-estimate=11.72MB mem-reservation=1.94MB thread-reservation=1
max-parallelism=6 segment-costs=[724095, 25] cpu-comparison-result=72 [max(6 (self) vs 72 (sum children))]
65:AGGREGATE [FINALIZE]
|  output: sum:merge(sales_cnt), sum:merge(sales_amt)
|  group by: d_year, i_brand_id, i_class_id, i_category_id, i_manufact_id
|  having: d_year = CAST(2002 AS INT)
|  mem-estimate=10.00MB mem-reservation=1.94MB spill-buffer=64.00KB thread-reservation=0
|  tuple-ids=14 row-size=44B cardinality=524 cost=719278
|  in pipelines: 65(GETNEXT), 63(OPEN)
|
64:EXCHANGE [HASH(d_year,i_brand_id,i_class_id,i_category_id,i_manufact_id)]
|  mem-estimate=1.72MB mem-reservation=0B thread-reservation=0
|  tuple-ids=14 row-size=44B cardinality=102.75K cost=4817
|  in pipelines: 63(GETNEXT)
|
F16:PLAN FRAGMENT [HASH(d_year,i_brand_id,i_class_id,i_category_id,i_manufact_id,sales_cnt,sales_amt)] hosts=3 instances=6 (adjusted from 48)
Per-Instance Resources: mem-estimate=21.47MB mem-reservation=3.94MB thread-reservation=1
max-parallelism=6 segment-costs=[722891, 719278, 4817] cpu-comparison-result=72 [max(6 (self) vs 72 (sum children))]
23:AGGREGATE [STREAMING]
|  output: sum(sales_cnt), sum(sales_amt)
|  group by: d_year, i_brand_id, i_class_id, i_category_id, i_manufact_id
|  mem-estimate=10.00MB mem-reservation=2.00MB spill-buffer=64.00KB thread-reservation=0
|  tuple-ids=14 row-size=44B cardinality=102.75K cost=719278
|  in pipelines: 63(GETNEXT)
|
63:AGGREGATE [FINALIZE]
|  group by: d_year, i_brand_id, i_class_id, i_category_id, i_manufact_id, sales_cnt, sales_amt
|  mem-estimate=10.00MB mem-reservation=1.94MB spill-buffer=64.00KB thread-reservation=0
|  tuple-ids=12 row-size=32B cardinality=102.75K cost=719278
|  in pipelines: 63(GETNEXT), 04(OPEN), 11(OPEN), 18(OPEN)
|
62:EXCHANGE [HASH(d_year,i_brand_id,i_class_id,i_category_id,i_manufact_id,sales_cnt,sales_amt)]
|  mem-estimate=1.47MB mem-reservation=0B thread-reservation=0
|  tuple-ids=12 row-size=32B cardinality=102.75K cost=3613
|  in pipelines: 04(GETNEXT), 11(GETNEXT), 18(GETNEXT)
|
F15:PLAN FRAGMENT [RANDOM] hosts=3 instances=12 (adjusted from 48)
Per-Instance Resources: mem-estimate=13.37MB mem-reservation=2.00MB thread-reservation=1
max-parallelism=12 segment-costs=[3897565, 3613] cpu-comparison-result=72 [max(48 (self) vs 72 (sum children))]
22:AGGREGATE [STREAMING]
|  group by: d_year, i_brand_id, i_class_id, i_category_id, i_manufact_id, sales_cnt, sales_amt
|  mem-estimate=10.00MB mem-reservation=2.00MB spill-buffer=64.00KB thread-reservation=0
|  tuple-ids=12 row-size=32B cardinality=102.75K cost=719278
|  in pipelines: 04(GETNEXT), 11(GETNEXT), 18(GETNEXT)
|
00:UNION
|  mem-estimate=0B mem-reservation=0B thread-reservation=0
|  tuple-ids=12 row-size=32B cardinality=102.75K cost=2157834
|  in pipelines: 04(GETNEXT), 11(GETNEXT), 18(GETNEXT)
|
|--21:HASH JOIN [RIGHT OUTER JOIN, PARTITIONED]
|  |  hash-table-id=16
|  |  hash predicates: wr_item_sk = ws_item_sk, wr_order_number = ws_order_number
|  |  fk/pk conjuncts: wr_item_sk = ws_item_sk, wr_order_number = ws_order_number
|  |  mem-estimate=0B mem-reservation=0B spill-buffer=64.00KB thread-reservation=0
|  |  tuple-ids=11N,8,9,10 row-size=102B cardinality=14.68K cost=143526
|  |  in pipelines: 18(GETNEXT), 15(OPEN)
|  |
|  |--F54:PLAN FRAGMENT [RANDOM] hosts=3 instances=12 (adjusted from 48)
|  |  |  Per-Instance Resources: mem-estimate=3.35MB mem-reservation=1.94MB thread-reservation=1
|  |  |  max-parallelism=12 segment-costs=[30647] cpu-comparison-result=24 [max(24 (self) vs 8 (sum children))]
|  |  JOIN BUILD
|  |  |  join-table-id=16 plan-id=17 cohort-id=01
|  |  |  build expressions: ws_item_sk, ws_order_number
|  |  |  runtime filters: RF026[min_max] <- ws_item_sk, RF027[min_max] <- ws_order_number
|  |  |  mem-estimate=1.94MB mem-reservation=1.94MB spill-buffer=64.00KB thread-reservation=0 cost=29358
|  |  |
|  |  61:EXCHANGE [HASH(ws_item_sk,ws_order_number)]
|  |  |  mem-estimate=1.42MB mem-reservation=0B thread-reservation=0
|  |  |  tuple-ids=8,9,10 row-size=78B cardinality=14.68K cost=1289
|  |  |  in pipelines: 15(GETNEXT)
|  |  |
|  |  F11:PLAN FRAGMENT [RANDOM] hosts=3 instances=12 (adjusted from 48)
|  |  Per-Host Shared Resources: mem-estimate=1.00MB mem-reservation=1.00MB thread-reservation=0 runtime-filters-memory=1.00MB
|  |  Per-Instance Resources: mem-estimate=20.21MB mem-reservation=128.00KB thread-reservation=1
|  |  max-parallelism=12 segment-costs=[91346914]
|  |  20:HASH JOIN [INNER JOIN, BROADCAST]
|  |  |  hash-table-id=17
|  |  |  hash predicates: ws_sold_date_sk = d_date_sk
|  |  |  fk/pk conjuncts: ws_sold_date_sk = d_date_sk
|  |  |  mem-estimate=0B mem-reservation=0B spill-buffer=64.00KB thread-reservation=0
|  |  |  tuple-ids=8,9,10 row-size=78B cardinality=14.68K cost=71779
|  |  |  in pipelines: 15(GETNEXT), 17(OPEN)
|  |  |
|  |  |--F55:PLAN FRAGMENT [RANDOM] hosts=3 instances=3
|  |  |  |  Per-Instance Resources: mem-estimate=7.77MB mem-reservation=7.75MB thread-reservation=1
|  |  |  |  max-parallelism=3 segment-costs=[388]
|  |  |  JOIN BUILD
|  |  |  |  join-table-id=17 plan-id=18 cohort-id=08
|  |  |  |  build expressions: d_date_sk
|  |  |  |  mem-estimate=7.75MB mem-reservation=7.75MB spill-buffer=64.00KB thread-reservation=0 cost=373
|  |  |  |
|  |  |  59:EXCHANGE [BROADCAST]
|  |  |  |  mem-estimate=16.00KB mem-reservation=0B thread-reservation=0
|  |  |  |  tuple-ids=10 row-size=8B cardinality=373 cost=15
|  |  |  |  in pipelines: 17(GETNEXT)
|  |  |  |
|  |  |  F13:PLAN FRAGMENT [RANDOM] hosts=1 instances=1
|  |  |  Per-Instance Resources: mem-estimate=16.05MB mem-reservation=512.00KB thread-reservation=1
|  |  |  max-parallelism=1 segment-costs=[123625]
|  |  |  17:SCAN HDFS [tpcds_partitioned_parquet_snap.date_dim, RANDOM]
|  |  |     HDFS partitions=1/1 files=1 size=2.15MB
|  |  |     predicates: tpcds_partitioned_parquet_snap.date_dim.d_year = CAST(2002 AS INT)
|  |  |     stored statistics:
|  |  |       table: rows=73.05K size=2.15MB
|  |  |       columns: all
|  |  |     extrapolated-rows=disabled max-scan-range-rows=73.05K
|  |  |     parquet statistics predicates: tpcds_partitioned_parquet_snap.date_dim.d_year = CAST(2002 AS INT)
|  |  |     parquet dictionary predicates: tpcds_partitioned_parquet_snap.date_dim.d_year = CAST(2002 AS INT)
|  |  |     mem-estimate=16.00MB mem-reservation=512.00KB thread-reservation=0
|  |  |     tuple-ids=10 row-size=8B cardinality=373 cost=123620
|  |  |     in pipelines: 17(GETNEXT)
|  |  |
|  |  19:HASH JOIN [INNER JOIN, BROADCAST]
|  |  |  hash-table-id=18
|  |  |  hash predicates: ws_item_sk = i_item_sk
|  |  |  fk/pk conjuncts: ws_item_sk = i_item_sk
|  |  |  mem-estimate=0B mem-reservation=0B spill-buffer=64.00KB thread-reservation=0
|  |  |  tuple-ids=8,9 row-size=70B cardinality=71.78K cost=71878
|  |  |  in pipelines: 15(GETNEXT), 16(OPEN)
|  |  |
|  |  |--F56:PLAN FRAGMENT [RANDOM] hosts=3 instances=3
|  |  |  |  Per-Instance Resources: mem-estimate=8.87MB mem-reservation=8.75MB thread-reservation=1 runtime-filters-memory=1.00MB
|  |  |  |  max-parallelism=3 segment-costs=[2039]
|  |  |  JOIN BUILD
|  |  |  |  join-table-id=18 plan-id=19 cohort-id=08
|  |  |  |  build expressions: i_item_sk
|  |  |  |  runtime filters: RF030[bloom] <- i_item_sk, RF031[min_max] <- i_item_sk
|  |  |  |  mem-estimate=7.75MB mem-reservation=7.75MB spill-buffer=64.00KB thread-reservation=0 cost=1796
|  |  |  |
|  |  |  58:EXCHANGE [BROADCAST]
|  |  |  |  mem-estimate=119.38KB mem-reservation=0B thread-reservation=0
|  |  |  |  tuple-ids=9 row-size=42B cardinality=1.80K cost=243
|  |  |  |  in pipelines: 16(GETNEXT)
|  |  |  |
|  |  |  F12:PLAN FRAGMENT [RANDOM] hosts=1 instances=1
|  |  |  Per-Instance Resources: mem-estimate=16.18MB mem-reservation=256.00KB thread-reservation=1
|  |  |  max-parallelism=1 segment-costs=[68818]
|  |  |  16:SCAN HDFS [tpcds_partitioned_parquet_snap.item, RANDOM]
|  |  |     HDFS partitions=1/1 files=1 size=1.73MB
|  |  |     predicates: i_category = 'Books'
|  |  |     runtime filters: RF004[min_max] -> tpcds_partitioned_parquet_snap.item.i_brand_id, RF005[min_max] -> tpcds_partitioned_parquet_snap.item.i_category_id, RF006[min_max] -> tpcds_partitioned_parquet_snap.item.i_class_id, RF007[min_max] -> tpcds_partitioned_parquet_snap.item.i_manufact_id
|  |  |     stored statistics:
|  |  |       table: rows=18.00K size=1.73MB
|  |  |       columns: all
|  |  |     extrapolated-rows=disabled max-scan-range-rows=18.00K
|  |  |     parquet statistics predicates: i_category = 'Books'
|  |  |     parquet dictionary predicates: i_category = 'Books'
|  |  |     mem-estimate=16.00MB mem-reservation=256.00KB thread-reservation=0
|  |  |     tuple-ids=9 row-size=42B cardinality=1.80K cost=68737
|  |  |     in pipelines: 16(GETNEXT)
|  |  |
|  |  15:SCAN HDFS [tpcds_partitioned_parquet_snap.web_sales, RANDOM]
|  |     HDFS partitions=1824/1824 files=1824 size=84.20MB
|  |     runtime filters: RF031[min_max] -> ws_item_sk, RF030[bloom] -> ws_item_sk
|  |     stored statistics:
|  |       table: rows=719.38K size=84.20MB
|  |       partitions: 1824/1824 rows=719.38K
|  |       columns: all
|  |     extrapolated-rows=disabled max-scan-range-rows=1.12K
|  |     mem-estimate=16.00MB mem-reservation=128.00KB thread-reservation=0
|  |     tuple-ids=8 row-size=28B cardinality=71.88K(filtered from 719.38K) cost=91201968
|  |     in pipelines: 15(GETNEXT)
|  |
|  60:EXCHANGE [HASH(wr_item_sk,wr_order_number)]
|  |  mem-estimate=896.65KB mem-reservation=0B thread-reservation=0
|  |  tuple-ids=11 row-size=24B cardinality=71.76K cost=1963
|  |  in pipelines: 18(GETNEXT)
|  |
|  F10:PLAN FRAGMENT [RANDOM] hosts=3 instances=12 (adjusted from 48)
|  Per-Instance Resources: mem-estimate=17.31MB mem-reservation=128.00KB thread-reservation=1
|  max-parallelism=12 segment-costs=[105703651]
|  18:SCAN HDFS [tpcds_partitioned_parquet_snap.web_returns, RANDOM]
|     HDFS partitions=2114/2114 files=2114 size=20.82MB
|     runtime filters: RF026[min_max] -> wr_item_sk, RF027[min_max] -> wr_order_number
|     stored statistics:
|       table: rows=71.76K size=20.82MB
|       partitions: 2114/2114 rows=71.76K
|       columns: all
|     extrapolated-rows=disabled max-scan-range-rows=3.13K
|     mem-estimate=16.00MB mem-reservation=128.00KB thread-reservation=0
|     tuple-ids=11 row-size=24B cardinality=71.76K cost=105701688
|     in pipelines: 18(GETNEXT)
|
|--14:HASH JOIN [RIGHT OUTER JOIN, PARTITIONED]
|  |  hash-table-id=13
|  |  hash predicates: sr_item_sk = ss_item_sk, sr_ticket_number = ss_ticket_number
|  |  fk/pk conjuncts: sr_item_sk = ss_item_sk, sr_ticket_number = ss_ticket_number
|  |  mem-estimate=0B mem-reservation=0B spill-buffer=64.00KB thread-reservation=0
|  |  tuple-ids=7N,4,5,6 row-size=102B cardinality=58.77K cost=575028
|  |  in pipelines: 11(GETNEXT), 08(OPEN)
|  |
|  |--F51:PLAN FRAGMENT [RANDOM] hosts=3 instances=12 (adjusted from 48)
|  |  |  Per-Instance Resources: mem-estimate=4.45MB mem-reservation=1.94MB thread-reservation=1
|  |  |  max-parallelism=12 segment-costs=[122706] cpu-comparison-result=24 [max(24 (self) vs 8 (sum children))]
|  |  JOIN BUILD
|  |  |  join-table-id=13 plan-id=14 cohort-id=01
|  |  |  build expressions: ss_item_sk, ss_ticket_number
|  |  |  runtime filters: RF018[min_max] <- ss_item_sk, RF019[min_max] <- ss_ticket_number
|  |  |  mem-estimate=1.94MB mem-reservation=1.94MB spill-buffer=64.00KB thread-reservation=0 cost=117546
|  |  |
|  |  57:EXCHANGE [HASH(ss_item_sk,ss_ticket_number)]
|  |  |  mem-estimate=2.51MB mem-reservation=0B thread-reservation=0
|  |  |  tuple-ids=4,5,6 row-size=78B cardinality=58.77K cost=5160
|  |  |  in pipelines: 08(GETNEXT)
|  |  |
|  |  F06:PLAN FRAGMENT [RANDOM] hosts=3 instances=12 (adjusted from 48)
|  |  Per-Host Shared Resources: mem-estimate=1.00MB mem-reservation=1.00MB thread-reservation=0 runtime-filters-memory=1.00MB
|  |  Per-Instance Resources: mem-estimate=20.21MB mem-reservation=2.00MB thread-reservation=1
|  |  max-parallelism=12 segment-costs=[91788225]
|  |  13:HASH JOIN [INNER JOIN, BROADCAST]
|  |  |  hash-table-id=14
|  |  |  hash predicates: ss_sold_date_sk = d_date_sk
|  |  |  fk/pk conjuncts: ss_sold_date_sk = d_date_sk
|  |  |  mem-estimate=0B mem-reservation=0B spill-buffer=64.00KB thread-reservation=0
|  |  |  tuple-ids=4,5,6 row-size=78B cardinality=58.77K cost=287401
|  |  |  in pipelines: 08(GETNEXT), 10(OPEN)
|  |  |
|  |  |--F52:PLAN FRAGMENT [RANDOM] hosts=3 instances=3
|  |  |  |  Per-Instance Resources: mem-estimate=7.77MB mem-reservation=7.75MB thread-reservation=1
|  |  |  |  max-parallelism=3 segment-costs=[388]
|  |  |  JOIN BUILD
|  |  |  |  join-table-id=14 plan-id=15 cohort-id=07
|  |  |  |  build expressions: d_date_sk
|  |  |  |  mem-estimate=7.75MB mem-reservation=7.75MB spill-buffer=64.00KB thread-reservation=0 cost=373
|  |  |  |
|  |  |  55:EXCHANGE [BROADCAST]
|  |  |  |  mem-estimate=16.00KB mem-reservation=0B thread-reservation=0
|  |  |  |  tuple-ids=6 row-size=8B cardinality=373 cost=15
|  |  |  |  in pipelines: 10(GETNEXT)
|  |  |  |
|  |  |  F08:PLAN FRAGMENT [RANDOM] hosts=1 instances=1
|  |  |  Per-Instance Resources: mem-estimate=16.05MB mem-reservation=512.00KB thread-reservation=1
|  |  |  max-parallelism=1 segment-costs=[123625]
|  |  |  10:SCAN HDFS [tpcds_partitioned_parquet_snap.date_dim, RANDOM]
|  |  |     HDFS partitions=1/1 files=1 size=2.15MB
|  |  |     predicates: tpcds_partitioned_parquet_snap.date_dim.d_year = CAST(2002 AS INT)
|  |  |     stored statistics:
|  |  |       table: rows=73.05K size=2.15MB
|  |  |       columns: all
|  |  |     extrapolated-rows=disabled max-scan-range-rows=73.05K
|  |  |     parquet statistics predicates: tpcds_partitioned_parquet_snap.date_dim.d_year = CAST(2002 AS INT)
|  |  |     parquet dictionary predicates: tpcds_partitioned_parquet_snap.date_dim.d_year = CAST(2002 AS INT)
|  |  |     mem-estimate=16.00MB mem-reservation=512.00KB thread-reservation=0
|  |  |     tuple-ids=6 row-size=8B cardinality=373 cost=123620
|  |  |     in pipelines: 10(GETNEXT)
|  |  |
|  |  12:HASH JOIN [INNER JOIN, BROADCAST]
|  |  |  hash-table-id=15
|  |  |  hash predicates: ss_item_sk = i_item_sk
|  |  |  fk/pk conjuncts: ss_item_sk = i_item_sk
|  |  |  mem-estimate=0B mem-reservation=0B spill-buffer=64.00KB thread-reservation=0
|  |  |  tuple-ids=4,5 row-size=70B cardinality=287.40K cost=287800
|  |  |  in pipelines: 08(GETNEXT), 09(OPEN)
|  |  |
|  |  |--F53:PLAN FRAGMENT [RANDOM] hosts=3 instances=3
|  |  |  |  Per-Instance Resources: mem-estimate=8.87MB mem-reservation=8.75MB thread-reservation=1 runtime-filters-memory=1.00MB
|  |  |  |  max-parallelism=3 segment-costs=[2039]
|  |  |  JOIN BUILD
|  |  |  |  join-table-id=15 plan-id=16 cohort-id=07
|  |  |  |  build expressions: i_item_sk
|  |  |  |  runtime filters: RF022[bloom] <- i_item_sk, RF023[min_max] <- i_item_sk
|  |  |  |  mem-estimate=7.75MB mem-reservation=7.75MB spill-buffer=64.00KB thread-reservation=0 cost=1796
|  |  |  |
|  |  |  54:EXCHANGE [BROADCAST]
|  |  |  |  mem-estimate=119.38KB mem-reservation=0B thread-reservation=0
|  |  |  |  tuple-ids=5 row-size=42B cardinality=1.80K cost=243
|  |  |  |  in pipelines: 09(GETNEXT)
|  |  |  |
|  |  |  F07:PLAN FRAGMENT [RANDOM] hosts=1 instances=1
|  |  |  Per-Instance Resources: mem-estimate=16.18MB mem-reservation=256.00KB thread-reservation=1
|  |  |  max-parallelism=1 segment-costs=[68818]
|  |  |  09:SCAN HDFS [tpcds_partitioned_parquet_snap.item, RANDOM]
|  |  |     HDFS partitions=1/1 files=1 size=1.73MB
|  |  |     predicates: i_category = 'Books'
|  |  |     runtime filters: RF004[min_max] -> tpcds_partitioned_parquet_snap.item.i_brand_id, RF005[min_max] -> tpcds_partitioned_parquet_snap.item.i_category_id, RF006[min_max] -> tpcds_partitioned_parquet_snap.item.i_class_id, RF007[min_max] -> tpcds_partitioned_parquet_snap.item.i_manufact_id
|  |  |     stored statistics:
|  |  |       table: rows=18.00K size=1.73MB
|  |  |       columns: all
|  |  |     extrapolated-rows=disabled max-scan-range-rows=18.00K
|  |  |     parquet statistics predicates: i_category = 'Books'
|  |  |     parquet dictionary predicates: i_category = 'Books'
|  |  |     mem-estimate=16.00MB mem-reservation=256.00KB thread-reservation=0
|  |  |     tuple-ids=5 row-size=42B cardinality=1.80K cost=68737
|  |  |     in pipelines: 09(GETNEXT)
|  |  |
|  |  08:SCAN HDFS [tpcds_partitioned_parquet_snap.store_sales, RANDOM]
|  |     HDFS partitions=1824/1824 files=1824 size=199.36MB
|  |     runtime filters: RF023[min_max] -> ss_item_sk, RF022[bloom] -> ss_item_sk
|  |     stored statistics:
|  |       table: rows=2.88M size=199.36MB
|  |       partitions: 1824/1824 rows=2.88M
|  |       columns: all
|  |     extrapolated-rows=disabled max-scan-range-rows=130.09K
|  |     mem-estimate=16.00MB mem-reservation=2.00MB thread-reservation=0
|  |     tuple-ids=4 row-size=28B cardinality=287.80K(filtered from 2.88M) cost=91207864
|  |     in pipelines: 08(GETNEXT)
|  |
|  56:EXCHANGE [HASH(sr_item_sk,sr_ticket_number)]
|  |  mem-estimate=2.52MB mem-reservation=0B thread-reservation=0
|  |  tuple-ids=7 row-size=24B cardinality=287.51K cost=7862
|  |  in pipelines: 11(GETNEXT)
|  |
|  F05:PLAN FRAGMENT [RANDOM] hosts=3 instances=12 (adjusted from 48)
|  Per-Instance Resources: mem-estimate=17.31MB mem-reservation=256.00KB thread-reservation=1
|  max-parallelism=12 segment-costs=[100214598]
|  11:SCAN HDFS [tpcds_partitioned_parquet_snap.store_returns, RANDOM]
|     HDFS partitions=2004/2004 files=2004 size=33.80MB
|     runtime filters: RF018[min_max] -> sr_item_sk, RF019[min_max] -> sr_ticket_number
|     stored statistics:
|       table: rows=287.51K size=33.80MB
|       partitions: 2004/2004 rows=287.51K
|       columns: all
|     extrapolated-rows=disabled max-scan-range-rows=10.01K
|     mem-estimate=16.00MB mem-reservation=256.00KB thread-reservation=0
|     tuple-ids=7 row-size=24B cardinality=287.51K cost=100206736
|     in pipelines: 11(GETNEXT)
|
07:HASH JOIN [RIGHT OUTER JOIN, PARTITIONED]
|  hash-table-id=10
|  hash predicates: cr_item_sk = cs_item_sk, cr_order_number = cs_order_number
|  fk/pk conjuncts: cr_item_sk = cs_item_sk, cr_order_number = cs_order_number
|  mem-estimate=0B mem-reservation=0B spill-buffer=64.00KB thread-reservation=0
|  tuple-ids=3N,0,1,2 row-size=102B cardinality=29.30K cost=288134
|  in pipelines: 04(GETNEXT), 01(OPEN)
|
|--F48:PLAN FRAGMENT [RANDOM] hosts=3 instances=12 (adjusted from 48)
|  |  Per-Instance Resources: mem-estimate=5.72MB mem-reservation=3.94MB thread-reservation=1 runtime-filters-memory=2.00MB
|  |  max-parallelism=12 segment-costs=[61177] cpu-comparison-result=24 [max(24 (self) vs 8 (sum children))]
|  JOIN BUILD
|  |  join-table-id=10 plan-id=11 cohort-id=01
|  |  build expressions: cs_item_sk, cs_order_number
|  |  runtime filters: RF008[bloom] <- cs_item_sk, RF009[bloom] <- cs_order_number, RF010[min_max] <- cs_item_sk, RF011[min_max] <- cs_order_number
|  |  mem-estimate=1.94MB mem-reservation=1.94MB spill-buffer=64.00KB thread-reservation=0 cost=58604
|  |
|  53:EXCHANGE [HASH(cs_item_sk,cs_order_number)]
|  |  mem-estimate=1.78MB mem-reservation=0B thread-reservation=0
|  |  tuple-ids=0,1,2 row-size=78B cardinality=29.30K cost=2573
|  |  in pipelines: 01(GETNEXT)
|  |
|  F01:PLAN FRAGMENT [RANDOM] hosts=3 instances=12 (adjusted from 48)
|  Per-Host Shared Resources: mem-estimate=1.00MB mem-reservation=1.00MB thread-reservation=0 runtime-filters-memory=1.00MB
|  Per-Instance Resources: mem-estimate=20.21MB mem-reservation=256.00KB thread-reservation=1
|  max-parallelism=12 segment-costs=[91844379]
|  06:HASH JOIN [INNER JOIN, BROADCAST]
|  |  hash-table-id=11
|  |  hash predicates: cs_sold_date_sk = d_date_sk
|  |  fk/pk conjuncts: cs_sold_date_sk = d_date_sk
|  |  mem-estimate=0B mem-reservation=0B spill-buffer=64.00KB thread-reservation=0
|  |  tuple-ids=0,1,2 row-size=78B cardinality=29.30K cost=143835
|  |  in pipelines: 01(GETNEXT), 03(OPEN)
|  |
|  |--F49:PLAN FRAGMENT [RANDOM] hosts=3 instances=3
|  |  |  Per-Instance Resources: mem-estimate=7.77MB mem-reservation=7.75MB thread-reservation=1
|  |  |  max-parallelism=3 segment-costs=[388]
|  |  JOIN BUILD
|  |  |  join-table-id=11 plan-id=12 cohort-id=06
|  |  |  build expressions: d_date_sk
|  |  |  mem-estimate=7.75MB mem-reservation=7.75MB spill-buffer=64.00KB thread-reservation=0 cost=373
|  |  |
|  |  51:EXCHANGE [BROADCAST]
|  |  |  mem-estimate=16.00KB mem-reservation=0B thread-reservation=0
|  |  |  tuple-ids=2 row-size=8B cardinality=373 cost=15
|  |  |  in pipelines: 03(GETNEXT)
|  |  |
|  |  F03:PLAN FRAGMENT [RANDOM] hosts=1 instances=1
|  |  Per-Instance Resources: mem-estimate=16.05MB mem-reservation=512.00KB thread-reservation=1
|  |  max-parallelism=1 segment-costs=[123625]
|  |  03:SCAN HDFS [tpcds_partitioned_parquet_snap.date_dim, RANDOM]
|  |     HDFS partitions=1/1 files=1 size=2.15MB
|  |     predicates: tpcds_partitioned_parquet_snap.date_dim.d_year = CAST(2002 AS INT)
|  |     stored statistics:
|  |       table: rows=73.05K size=2.15MB
|  |       columns: all
|  |     extrapolated-rows=disabled max-scan-range-rows=73.05K
|  |     parquet statistics predicates: tpcds_partitioned_parquet_snap.date_dim.d_year = CAST(2002 AS INT)
|  |     parquet dictionary predicates: tpcds_partitioned_parquet_snap.date_dim.d_year = CAST(2002 AS INT)
|  |     mem-estimate=16.00MB mem-reservation=512.00KB thread-reservation=0
|  |     tuple-ids=2 row-size=8B cardinality=373 cost=123620
|  |     in pipelines: 03(GETNEXT)
|  |
|  05:HASH JOIN [INNER JOIN, BROADCAST]
|  |  hash-table-id=12
|  |  hash predicates: cs_item_sk = i_item_sk
|  |  fk/pk conjuncts: cs_item_sk = i_item_sk
|  |  mem-estimate=0B mem-reservation=0B spill-buffer=64.00KB thread-reservation=0
|  |  tuple-ids=0,1 row-size=70B cardinality=143.84K cost=144035
|  |  in pipelines: 01(GETNEXT), 02(OPEN)
|  |
|  |--F50:PLAN FRAGMENT [RANDOM] hosts=3 instances=3
|  |  |  Per-Instance Resources: mem-estimate=8.87MB mem-reservation=8.75MB thread-reservation=1 runtime-filters-memory=1.00MB
|  |  |  max-parallelism=3 segment-costs=[2039]
|  |  JOIN BUILD
|  |  |  join-table-id=12 plan-id=13 cohort-id=06
|  |  |  build expressions: i_item_sk
|  |  |  runtime filters: RF014[bloom] <- i_item_sk, RF015[min_max] <- i_item_sk
|  |  |  mem-estimate=7.75MB mem-reservation=7.75MB spill-buffer=64.00KB thread-reservation=0 cost=1796
|  |  |
|  |  50:EXCHANGE [BROADCAST]
|  |  |  mem-estimate=119.38KB mem-reservation=0B thread-reservation=0
|  |  |  tuple-ids=1 row-size=42B cardinality=1.80K cost=243
|  |  |  in pipelines: 02(GETNEXT)
|  |  |
|  |  F02:PLAN FRAGMENT [RANDOM] hosts=1 instances=1
|  |  Per-Instance Resources: mem-estimate=16.18MB mem-reservation=256.00KB thread-reservation=1
|  |  max-parallelism=1 segment-costs=[68818]
|  |  02:SCAN HDFS [tpcds_partitioned_parquet_snap.item, RANDOM]
|  |     HDFS partitions=1/1 files=1 size=1.73MB
|  |     predicates: i_category = 'Books'
|  |     runtime filters: RF004[min_max] -> tpcds_partitioned_parquet_snap.item.i_brand_id, RF005[min_max] -> tpcds_partitioned_parquet_snap.item.i_category_id, RF006[min_max] -> tpcds_partitioned_parquet_snap.item.i_class_id, RF007[min_max] -> tpcds_partitioned_parquet_snap.item.i_manufact_id
|  |     stored statistics:
|  |       table: rows=18.00K size=1.73MB
|  |       columns: all
|  |     extrapolated-rows=disabled max-scan-range-rows=18.00K
|  |     parquet statistics predicates: i_category = 'Books'
|  |     parquet dictionary predicates: i_category = 'Books'
|  |     mem-estimate=16.00MB mem-reservation=256.00KB thread-reservation=0
|  |     tuple-ids=1 row-size=42B cardinality=1.80K cost=68737
|  |     in pipelines: 02(GETNEXT)
|  |
|  01:SCAN HDFS [tpcds_partitioned_parquet_snap.catalog_sales, RANDOM]
|     HDFS partitions=1831/1831 files=1831 size=151.13MB
|     runtime filters: RF015[min_max] -> cs_item_sk, RF014[bloom] -> cs_item_sk
|     stored statistics:
|       table: rows=1.44M size=151.13MB
|       partitions: 1831/1831 rows=1.44M
|       columns: all
|     extrapolated-rows=disabled max-scan-range-rows=7.18K
|     mem-estimate=16.00MB mem-reservation=256.00KB thread-reservation=0
|     tuple-ids=0 row-size=28B cardinality=144.03K(filtered from 1.44M) cost=91553936
|     in pipelines: 01(GETNEXT)
|
52:EXCHANGE [HASH(cr_item_sk,cr_order_number)]
|  mem-estimate=1.43MB mem-reservation=0B thread-reservation=0
|  tuple-ids=3 row-size=24B cardinality=144.07K cost=3940
|  in pipelines: 04(GETNEXT)
|
F00:PLAN FRAGMENT [RANDOM] hosts=3 instances=12 (adjusted from 48)
Per-Host Shared Resources: mem-estimate=2.00MB mem-reservation=2.00MB thread-reservation=0 runtime-filters-memory=2.00MB
Per-Instance Resources: mem-estimate=17.31MB mem-reservation=32.00KB thread-reservation=1
max-parallelism=12 segment-costs=[103007316]
04:SCAN HDFS [tpcds_partitioned_parquet_snap.catalog_returns, RANDOM]
   HDFS partitions=2060/2060 files=2060 size=30.62MB
   runtime filters: RF010[min_max] -> cr_item_sk, RF011[min_max] -> cr_order_number, RF008[bloom] -> cr_item_sk, RF009[bloom] -> cr_order_number
   stored statistics:
     table: rows=144.07K size=30.62MB
     partitions: 2060/2060 rows=144.07K
     columns: all
   extrapolated-rows=disabled max-scan-range-rows=139
   mem-estimate=16.00MB mem-reservation=32.00KB thread-reservation=0
   tuple-ids=3 row-size=24B cardinality=144.07K cost=103003376
   in pipelines: 04(GETNEXT)
---- PARALLELPLANS
Max Per-Host Resource Reservation: Memory=245.62MB Threads=117
Per-Host Resource Estimates: Memory=1.52GB
F37:PLAN FRAGMENT [UNPARTITIONED] hosts=1 instances=1
|  Per-Instance Resources: mem-estimate=4.05MB mem-reservation=4.00MB thread-reservation=1
|  max-parallelism=1 segment-costs=[1008] cpu-comparison-result=144 [max(1 (self) vs 144 (sum children))]
PLAN-ROOT SINK
|  output exprs: d_year, d_year, i_brand_id, i_class_id, i_category_id, i_manufact_id, sales_cnt, sales_cnt, sales_cnt - sales_cnt, sales_amt - sales_amt
|  mem-estimate=4.00MB mem-reservation=4.00MB spill-buffer=2.00MB thread-reservation=0 cost=1000
|
84:MERGING-EXCHANGE [UNPARTITIONED]
|  order by: sales_cnt - sales_cnt ASC, sales_amt - sales_amt ASC
|  limit: 100
|  mem-estimate=46.88KB mem-reservation=0B thread-reservation=0
|  tuple-ids=32 row-size=72B cardinality=100 cost=8
|  in pipelines: 49(GETNEXT)
|
F36:PLAN FRAGMENT [HASH(i_brand_id,i_category_id,i_class_id,i_manufact_id)] hosts=3 instances=6 (adjusted from 48)
Per-Instance Resources: mem-estimate=311.03KB mem-reservation=0B thread-reservation=1
max-parallelism=6 segment-costs=[2321, 8] cpu-comparison-result=144 [max(6 (self) vs 144 (sum children))]
49:TOP-N [LIMIT=100]
|  order by: sales_cnt - sales_cnt ASC, sales_amt - sales_amt ASC
|  mem-estimate=7.03KB mem-reservation=0B thread-reservation=0
|  tuple-ids=32 row-size=72B cardinality=100 cost=200
|  in pipelines: 49(GETNEXT), 65(OPEN)
|
48:HASH JOIN [INNER JOIN, PARTITIONED]
|  hash-table-id=00
|  hash predicates: i_brand_id = i_brand_id, i_category_id = i_category_id, i_class_id = i_class_id, i_manufact_id = i_manufact_id
|  fk/pk conjuncts: assumed fk/pk
|  other predicates: CAST(sum(sales_cnt) AS DECIMAL(17,2)) / CAST(sum(sales_cnt) AS DECIMAL(17,2)) < CAST(0.9 AS DECIMAL(1,1))
|  mem-estimate=0B mem-reservation=0B spill-buffer=64.00KB thread-reservation=0
|  tuple-ids=14,30 row-size=88B cardinality=524 cost=2096
|  in pipelines: 65(GETNEXT), 81(OPEN)
|
|--F38:PLAN FRAGMENT [HASH(i_brand_id,i_category_id,i_class_id,i_manufact_id)] hosts=3 instances=6 (adjusted from 48)
|  |  Per-Instance Resources: mem-estimate=2.09MB mem-reservation=1.94MB thread-reservation=1
|  |  max-parallelism=6 segment-costs=[2121] cpu-comparison-result=72 [max(6 (self) vs 72 (sum children))]
|  JOIN BUILD
|  |  join-table-id=00 plan-id=01 cohort-id=01
|  |  build expressions: i_brand_id, i_category_id, i_class_id, i_manufact_id
|  |  runtime filters: RF004[min_max] <- i_brand_id, RF005[min_max] <- i_category_id, RF006[min_max] <- i_class_id, RF007[min_max] <- i_manufact_id
|  |  mem-estimate=1.94MB mem-reservation=1.94MB spill-buffer=64.00KB thread-reservation=0 cost=2096
|  |
|  83:EXCHANGE [HASH(i_brand_id,i_category_id,i_class_id,i_manufact_id)]
|  |  mem-estimate=154.88KB mem-reservation=0B thread-reservation=0
|  |  tuple-ids=30 row-size=44B cardinality=524 cost=25
|  |  in pipelines: 81(GETNEXT)
|  |
|  F35:PLAN FRAGMENT [HASH(d_year,i_brand_id,i_class_id,i_category_id,i_manufact_id)] hosts=3 instances=6 (adjusted from 48)
|  Per-Instance Resources: mem-estimate=11.72MB mem-reservation=1.94MB thread-reservation=1
|  max-parallelism=6 segment-costs=[724095, 25] cpu-comparison-result=72 [max(6 (self) vs 72 (sum children))]
|  81:AGGREGATE [FINALIZE]
|  |  output: sum:merge(sales_cnt), sum:merge(sales_amt)
|  |  group by: d_year, i_brand_id, i_class_id, i_category_id, i_manufact_id
|  |  having: d_year = CAST(2001 AS INT)
|  |  mem-estimate=10.00MB mem-reservation=1.94MB spill-buffer=64.00KB thread-reservation=0
|  |  tuple-ids=30 row-size=44B cardinality=524 cost=719278
|  |  in pipelines: 81(GETNEXT), 79(OPEN)
|  |
|  80:EXCHANGE [HASH(d_year,i_brand_id,i_class_id,i_category_id,i_manufact_id)]
|  |  mem-estimate=1.72MB mem-reservation=0B thread-reservation=0
|  |  tuple-ids=30 row-size=44B cardinality=102.75K cost=4817
|  |  in pipelines: 79(GETNEXT)
|  |
|  F34:PLAN FRAGMENT [HASH(d_year,i_brand_id,i_class_id,i_category_id,i_manufact_id,sales_cnt,sales_amt)] hosts=3 instances=6 (adjusted from 48)
|  Per-Instance Resources: mem-estimate=21.47MB mem-reservation=3.94MB thread-reservation=1
|  max-parallelism=6 segment-costs=[722891, 719278, 4817] cpu-comparison-result=72 [max(6 (self) vs 72 (sum children))]
|  47:AGGREGATE [STREAMING]
|  |  output: sum(sales_cnt), sum(sales_amt)
|  |  group by: d_year, i_brand_id, i_class_id, i_category_id, i_manufact_id
|  |  mem-estimate=10.00MB mem-reservation=2.00MB spill-buffer=64.00KB thread-reservation=0
|  |  tuple-ids=30 row-size=44B cardinality=102.75K cost=719278
|  |  in pipelines: 79(GETNEXT)
|  |
|  79:AGGREGATE [FINALIZE]
|  |  group by: d_year, i_brand_id, i_class_id, i_category_id, i_manufact_id, sales_cnt, sales_amt
|  |  mem-estimate=10.00MB mem-reservation=1.94MB spill-buffer=64.00KB thread-reservation=0
|  |  tuple-ids=28 row-size=32B cardinality=102.75K cost=719278
|  |  in pipelines: 79(GETNEXT), 28(OPEN), 35(OPEN), 42(OPEN)
|  |
|  78:EXCHANGE [HASH(d_year,i_brand_id,i_class_id,i_category_id,i_manufact_id,sales_cnt,sales_amt)]
|  |  mem-estimate=1.47MB mem-reservation=0B thread-reservation=0
|  |  tuple-ids=28 row-size=32B cardinality=102.75K cost=3613
|  |  in pipelines: 28(GETNEXT), 35(GETNEXT), 42(GETNEXT)
|  |
|  F33:PLAN FRAGMENT [RANDOM] hosts=3 instances=12 (adjusted from 48)
|  Per-Instance Resources: mem-estimate=13.37MB mem-reservation=2.00MB thread-reservation=1
|  max-parallelism=12 segment-costs=[3897565, 3613] cpu-comparison-result=72 [max(48 (self) vs 72 (sum children))]
|  46:AGGREGATE [STREAMING]
|  |  group by: d_year, i_brand_id, i_class_id, i_category_id, i_manufact_id, sales_cnt, sales_amt
|  |  mem-estimate=10.00MB mem-reservation=2.00MB spill-buffer=64.00KB thread-reservation=0
|  |  tuple-ids=28 row-size=32B cardinality=102.75K cost=719278
|  |  in pipelines: 28(GETNEXT), 35(GETNEXT), 42(GETNEXT)
|  |
|  24:UNION
|  |  mem-estimate=0B mem-reservation=0B thread-reservation=0
|  |  tuple-ids=28 row-size=32B cardinality=102.75K cost=2157834
|  |  in pipelines: 28(GETNEXT), 35(GETNEXT), 42(GETNEXT)
|  |
|  |--45:HASH JOIN [RIGHT OUTER JOIN, PARTITIONED]
|  |  |  hash-table-id=07
|  |  |  hash predicates: wr_item_sk = ws_item_sk, wr_order_number = ws_order_number
|  |  |  fk/pk conjuncts: wr_item_sk = ws_item_sk, wr_order_number = ws_order_number
|  |  |  mem-estimate=0B mem-reservation=0B spill-buffer=64.00KB thread-reservation=0
|  |  |  tuple-ids=27N,24,25,26 row-size=102B cardinality=14.68K cost=143526
|  |  |  in pipelines: 42(GETNEXT), 39(OPEN)
|  |  |
|  |  |--F45:PLAN FRAGMENT [RANDOM] hosts=3 instances=12 (adjusted from 48)
|  |  |  |  Per-Instance Resources: mem-estimate=3.35MB mem-reservation=1.94MB thread-reservation=1
|  |  |  |  max-parallelism=12 segment-costs=[30647] cpu-comparison-result=24 [max(24 (self) vs 8 (sum children))]
|  |  |  JOIN BUILD
|  |  |  |  join-table-id=07 plan-id=08 cohort-id=02
|  |  |  |  build expressions: ws_item_sk, ws_order_number
|  |  |  |  runtime filters: RF050[min_max] <- ws_item_sk, RF051[min_max] <- ws_order_number
|  |  |  |  mem-estimate=1.94MB mem-reservation=1.94MB spill-buffer=64.00KB thread-reservation=0 cost=29358
|  |  |  |
|  |  |  77:EXCHANGE [HASH(ws_item_sk,ws_order_number)]
|  |  |  |  mem-estimate=1.42MB mem-reservation=0B thread-reservation=0
|  |  |  |  tuple-ids=24,25,26 row-size=78B cardinality=14.68K cost=1289
|  |  |  |  in pipelines: 39(GETNEXT)
|  |  |  |
|  |  |  F29:PLAN FRAGMENT [RANDOM] hosts=3 instances=12 (adjusted from 48)
|  |  |  Per-Host Shared Resources: mem-estimate=1.00MB mem-reservation=1.00MB thread-reservation=0 runtime-filters-memory=1.00MB
|  |  |  Per-Instance Resources: mem-estimate=20.21MB mem-reservation=128.00KB thread-reservation=1
|  |  |  max-parallelism=12 segment-costs=[91346914]
|  |  |  44:HASH JOIN [INNER JOIN, BROADCAST]
|  |  |  |  hash-table-id=08
|  |  |  |  hash predicates: ws_sold_date_sk = d_date_sk
|  |  |  |  fk/pk conjuncts: ws_sold_date_sk = d_date_sk
|  |  |  |  mem-estimate=0B mem-reservation=0B spill-buffer=64.00KB thread-reservation=0
|  |  |  |  tuple-ids=24,25,26 row-size=78B cardinality=14.68K cost=71779
|  |  |  |  in pipelines: 39(GETNEXT), 41(OPEN)
|  |  |  |
|  |  |  |--F46:PLAN FRAGMENT [RANDOM] hosts=3 instances=3
|  |  |  |  |  Per-Instance Resources: mem-estimate=7.77MB mem-reservation=7.75MB thread-reservation=1
|  |  |  |  |  max-parallelism=3 segment-costs=[388]
|  |  |  |  JOIN BUILD
|  |  |  |  |  join-table-id=08 plan-id=09 cohort-id=05
|  |  |  |  |  build expressions: d_date_sk
|  |  |  |  |  mem-estimate=7.75MB mem-reservation=7.75MB spill-buffer=64.00KB thread-reservation=0 cost=373
|  |  |  |  |
|  |  |  |  75:EXCHANGE [BROADCAST]
|  |  |  |  |  mem-estimate=16.00KB mem-reservation=0B thread-reservation=0
|  |  |  |  |  tuple-ids=26 row-size=8B cardinality=373 cost=15
|  |  |  |  |  in pipelines: 41(GETNEXT)
|  |  |  |  |
|  |  |  |  F31:PLAN FRAGMENT [RANDOM] hosts=1 instances=1
|  |  |  |  Per-Instance Resources: mem-estimate=16.05MB mem-reservation=512.00KB thread-reservation=1
|  |  |  |  max-parallelism=1 segment-costs=[123625]
|  |  |  |  41:SCAN HDFS [tpcds_partitioned_parquet_snap.date_dim, RANDOM]
|  |  |  |     HDFS partitions=1/1 files=1 size=2.15MB
|  |  |  |     predicates: tpcds_partitioned_parquet_snap.date_dim.d_year = CAST(2001 AS INT)
|  |  |  |     stored statistics:
|  |  |  |       table: rows=73.05K size=2.15MB
|  |  |  |       columns: all
|  |  |  |     extrapolated-rows=disabled max-scan-range-rows=73.05K
|  |  |  |     parquet statistics predicates: tpcds_partitioned_parquet_snap.date_dim.d_year = CAST(2001 AS INT)
|  |  |  |     parquet dictionary predicates: tpcds_partitioned_parquet_snap.date_dim.d_year = CAST(2001 AS INT)
|  |  |  |     mem-estimate=16.00MB mem-reservation=512.00KB thread-reservation=0
|  |  |  |     tuple-ids=26 row-size=8B cardinality=373 cost=123620
|  |  |  |     in pipelines: 41(GETNEXT)
|  |  |  |
|  |  |  43:HASH JOIN [INNER JOIN, BROADCAST]
|  |  |  |  hash-table-id=09
|  |  |  |  hash predicates: ws_item_sk = i_item_sk
|  |  |  |  fk/pk conjuncts: ws_item_sk = i_item_sk
|  |  |  |  mem-estimate=0B mem-reservation=0B spill-buffer=64.00KB thread-reservation=0
|  |  |  |  tuple-ids=24,25 row-size=70B cardinality=71.78K cost=71878
|  |  |  |  in pipelines: 39(GETNEXT), 40(OPEN)
|  |  |  |
|  |  |  |--F47:PLAN FRAGMENT [RANDOM] hosts=3 instances=3
|  |  |  |  |  Per-Instance Resources: mem-estimate=8.87MB mem-reservation=8.75MB thread-reservation=1 runtime-filters-memory=1.00MB
|  |  |  |  |  max-parallelism=3 segment-costs=[2039]
|  |  |  |  JOIN BUILD
|  |  |  |  |  join-table-id=09 plan-id=10 cohort-id=05
|  |  |  |  |  build expressions: i_item_sk
|  |  |  |  |  runtime filters: RF054[bloom] <- i_item_sk, RF055[min_max] <- i_item_sk
|  |  |  |  |  mem-estimate=7.75MB mem-reservation=7.75MB spill-buffer=64.00KB thread-reservation=0 cost=1796
|  |  |  |  |
|  |  |  |  74:EXCHANGE [BROADCAST]
|  |  |  |  |  mem-estimate=119.38KB mem-reservation=0B thread-reservation=0
|  |  |  |  |  tuple-ids=25 row-size=42B cardinality=1.80K cost=243
|  |  |  |  |  in pipelines: 40(GETNEXT)
|  |  |  |  |
|  |  |  |  F30:PLAN FRAGMENT [RANDOM] hosts=1 instances=1
|  |  |  |  Per-Instance Resources: mem-estimate=16.18MB mem-reservation=256.00KB thread-reservation=1
|  |  |  |  max-parallelism=1 segment-costs=[68818]
|  |  |  |  40:SCAN HDFS [tpcds_partitioned_parquet_snap.item, RANDOM]
|  |  |  |     HDFS partitions=1/1 files=1 size=1.73MB
|  |  |  |     predicates: i_category = 'Books'
|  |  |  |     stored statistics:
|  |  |  |       table: rows=18.00K size=1.73MB
|  |  |  |       columns: all
|  |  |  |     extrapolated-rows=disabled max-scan-range-rows=18.00K
|  |  |  |     parquet statistics predicates: i_category = 'Books'
|  |  |  |     parquet dictionary predicates: i_category = 'Books'
|  |  |  |     mem-estimate=16.00MB mem-reservation=256.00KB thread-reservation=0
|  |  |  |     tuple-ids=25 row-size=42B cardinality=1.80K cost=68737
|  |  |  |     in pipelines: 40(GETNEXT)
|  |  |  |
|  |  |  39:SCAN HDFS [tpcds_partitioned_parquet_snap.web_sales, RANDOM]
|  |  |     HDFS partitions=1824/1824 files=1824 size=84.20MB
|  |  |     runtime filters: RF055[min_max] -> ws_item_sk, RF054[bloom] -> ws_item_sk
|  |  |     stored statistics:
|  |  |       table: rows=719.38K size=84.20MB
|  |  |       partitions: 1824/1824 rows=719.38K
|  |  |       columns: all
|  |  |     extrapolated-rows=disabled max-scan-range-rows=1.12K
|  |  |     mem-estimate=16.00MB mem-reservation=128.00KB thread-reservation=0
|  |  |     tuple-ids=24 row-size=28B cardinality=71.88K(filtered from 719.38K) cost=91201968
|  |  |     in pipelines: 39(GETNEXT)
|  |  |
|  |  76:EXCHANGE [HASH(wr_item_sk,wr_order_number)]
|  |  |  mem-estimate=896.65KB mem-reservation=0B thread-reservation=0
|  |  |  tuple-ids=27 row-size=24B cardinality=71.76K cost=1963
|  |  |  in pipelines: 42(GETNEXT)
|  |  |
|  |  F28:PLAN FRAGMENT [RANDOM] hosts=3 instances=12 (adjusted from 48)
|  |  Per-Instance Resources: mem-estimate=17.31MB mem-reservation=128.00KB thread-reservation=1
|  |  max-parallelism=12 segment-costs=[105703651]
|  |  42:SCAN HDFS [tpcds_partitioned_parquet_snap.web_returns, RANDOM]
|  |     HDFS partitions=2114/2114 files=2114 size=20.82MB
|  |     runtime filters: RF050[min_max] -> wr_item_sk, RF051[min_max] -> wr_order_number
|  |     stored statistics:
|  |       table: rows=71.76K size=20.82MB
|  |       partitions: 2114/2114 rows=71.76K
|  |       columns: all
|  |     extrapolated-rows=disabled max-scan-range-rows=3.13K
|  |     mem-estimate=16.00MB mem-reservation=128.00KB thread-reservation=0
|  |     tuple-ids=27 row-size=24B cardinality=71.76K cost=105701688
|  |     in pipelines: 42(GETNEXT)
|  |
|  |--38:HASH JOIN [RIGHT OUTER JOIN, PARTITIONED]
|  |  |  hash-table-id=04
|  |  |  hash predicates: sr_item_sk = ss_item_sk, sr_ticket_number = ss_ticket_number
|  |  |  fk/pk conjuncts: sr_item_sk = ss_item_sk, sr_ticket_number = ss_ticket_number
|  |  |  mem-estimate=0B mem-reservation=0B spill-buffer=64.00KB thread-reservation=0
|  |  |  tuple-ids=23N,20,21,22 row-size=102B cardinality=58.77K cost=575028
|  |  |  in pipelines: 35(GETNEXT), 32(OPEN)
|  |  |
|  |  |--F42:PLAN FRAGMENT [RANDOM] hosts=3 instances=12 (adjusted from 48)
|  |  |  |  Per-Instance Resources: mem-estimate=4.45MB mem-reservation=1.94MB thread-reservation=1
|  |  |  |  max-parallelism=12 segment-costs=[122706] cpu-comparison-result=24 [max(24 (self) vs 8 (sum children))]
|  |  |  JOIN BUILD
|  |  |  |  join-table-id=04 plan-id=05 cohort-id=02
|  |  |  |  build expressions: ss_item_sk, ss_ticket_number
|  |  |  |  runtime filters: RF042[min_max] <- ss_item_sk, RF043[min_max] <- ss_ticket_number
|  |  |  |  mem-estimate=1.94MB mem-reservation=1.94MB spill-buffer=64.00KB thread-reservation=0 cost=117546
|  |  |  |
|  |  |  73:EXCHANGE [HASH(ss_item_sk,ss_ticket_number)]
|  |  |  |  mem-estimate=2.51MB mem-reservation=0B thread-reservation=0
|  |  |  |  tuple-ids=20,21,22 row-size=78B cardinality=58.77K cost=5160
|  |  |  |  in pipelines: 32(GETNEXT)
|  |  |  |
|  |  |  F24:PLAN FRAGMENT [RANDOM] hosts=3 instances=12 (adjusted from 48)
|  |  |  Per-Host Shared Resources: mem-estimate=1.00MB mem-reservation=1.00MB thread-reservation=0 runtime-filters-memory=1.00MB
|  |  |  Per-Instance Resources: mem-estimate=20.21MB mem-reservation=2.00MB thread-reservation=1
|  |  |  max-parallelism=12 segment-costs=[91788225]
|  |  |  37:HASH JOIN [INNER JOIN, BROADCAST]
|  |  |  |  hash-table-id=05
|  |  |  |  hash predicates: ss_sold_date_sk = d_date_sk
|  |  |  |  fk/pk conjuncts: ss_sold_date_sk = d_date_sk
|  |  |  |  mem-estimate=0B mem-reservation=0B spill-buffer=64.00KB thread-reservation=0
|  |  |  |  tuple-ids=20,21,22 row-size=78B cardinality=58.77K cost=287401
|  |  |  |  in pipelines: 32(GETNEXT), 34(OPEN)
|  |  |  |
|  |  |  |--F43:PLAN FRAGMENT [RANDOM] hosts=3 instances=3
|  |  |  |  |  Per-Instance Resources: mem-estimate=7.77MB mem-reservation=7.75MB thread-reservation=1
|  |  |  |  |  max-parallelism=3 segment-costs=[388]
|  |  |  |  JOIN BUILD
|  |  |  |  |  join-table-id=05 plan-id=06 cohort-id=04
|  |  |  |  |  build expressions: d_date_sk
|  |  |  |  |  mem-estimate=7.75MB mem-reservation=7.75MB spill-buffer=64.00KB thread-reservation=0 cost=373
|  |  |  |  |
|  |  |  |  71:EXCHANGE [BROADCAST]
|  |  |  |  |  mem-estimate=16.00KB mem-reservation=0B thread-reservation=0
|  |  |  |  |  tuple-ids=22 row-size=8B cardinality=373 cost=15
|  |  |  |  |  in pipelines: 34(GETNEXT)
|  |  |  |  |
|  |  |  |  F26:PLAN FRAGMENT [RANDOM] hosts=1 instances=1
|  |  |  |  Per-Instance Resources: mem-estimate=16.05MB mem-reservation=512.00KB thread-reservation=1
|  |  |  |  max-parallelism=1 segment-costs=[123625]
|  |  |  |  34:SCAN HDFS [tpcds_partitioned_parquet_snap.date_dim, RANDOM]
|  |  |  |     HDFS partitions=1/1 files=1 size=2.15MB
|  |  |  |     predicates: tpcds_partitioned_parquet_snap.date_dim.d_year = CAST(2001 AS INT)
|  |  |  |     stored statistics:
|  |  |  |       table: rows=73.05K size=2.15MB
|  |  |  |       columns: all
|  |  |  |     extrapolated-rows=disabled max-scan-range-rows=73.05K
|  |  |  |     parquet statistics predicates: tpcds_partitioned_parquet_snap.date_dim.d_year = CAST(2001 AS INT)
|  |  |  |     parquet dictionary predicates: tpcds_partitioned_parquet_snap.date_dim.d_year = CAST(2001 AS INT)
|  |  |  |     mem-estimate=16.00MB mem-reservation=512.00KB thread-reservation=0
|  |  |  |     tuple-ids=22 row-size=8B cardinality=373 cost=123620
|  |  |  |     in pipelines: 34(GETNEXT)
|  |  |  |
|  |  |  36:HASH JOIN [INNER JOIN, BROADCAST]
|  |  |  |  hash-table-id=06
|  |  |  |  hash predicates: ss_item_sk = i_item_sk
|  |  |  |  fk/pk conjuncts: ss_item_sk = i_item_sk
|  |  |  |  mem-estimate=0B mem-reservation=0B spill-buffer=64.00KB thread-reservation=0
|  |  |  |  tuple-ids=20,21 row-size=70B cardinality=287.40K cost=287800
|  |  |  |  in pipelines: 32(GETNEXT), 33(OPEN)
|  |  |  |
|  |  |  |--F44:PLAN FRAGMENT [RANDOM] hosts=3 instances=3
|  |  |  |  |  Per-Instance Resources: mem-estimate=8.87MB mem-reservation=8.75MB thread-reservation=1 runtime-filters-memory=1.00MB
|  |  |  |  |  max-parallelism=3 segment-costs=[2039]
|  |  |  |  JOIN BUILD
|  |  |  |  |  join-table-id=06 plan-id=07 cohort-id=04
|  |  |  |  |  build expressions: i_item_sk
|  |  |  |  |  runtime filters: RF046[bloom] <- i_item_sk, RF047[min_max] <- i_item_sk
|  |  |  |  |  mem-estimate=7.75MB mem-reservation=7.75MB spill-buffer=64.00KB thread-reservation=0 cost=1796
|  |  |  |  |
|  |  |  |  70:EXCHANGE [BROADCAST]
|  |  |  |  |  mem-estimate=119.38KB mem-reservation=0B thread-reservation=0
|  |  |  |  |  tuple-ids=21 row-size=42B cardinality=1.80K cost=243
|  |  |  |  |  in pipelines: 33(GETNEXT)
|  |  |  |  |
|  |  |  |  F25:PLAN FRAGMENT [RANDOM] hosts=1 instances=1
|  |  |  |  Per-Instance Resources: mem-estimate=16.18MB mem-reservation=256.00KB thread-reservation=1
|  |  |  |  max-parallelism=1 segment-costs=[68818]
|  |  |  |  33:SCAN HDFS [tpcds_partitioned_parquet_snap.item, RANDOM]
|  |  |  |     HDFS partitions=1/1 files=1 size=1.73MB
|  |  |  |     predicates: i_category = 'Books'
|  |  |  |     stored statistics:
|  |  |  |       table: rows=18.00K size=1.73MB
|  |  |  |       columns: all
|  |  |  |     extrapolated-rows=disabled max-scan-range-rows=18.00K
|  |  |  |     parquet statistics predicates: i_category = 'Books'
|  |  |  |     parquet dictionary predicates: i_category = 'Books'
|  |  |  |     mem-estimate=16.00MB mem-reservation=256.00KB thread-reservation=0
|  |  |  |     tuple-ids=21 row-size=42B cardinality=1.80K cost=68737
|  |  |  |     in pipelines: 33(GETNEXT)
|  |  |  |
|  |  |  32:SCAN HDFS [tpcds_partitioned_parquet_snap.store_sales, RANDOM]
|  |  |     HDFS partitions=1824/1824 files=1824 size=199.36MB
|  |  |     runtime filters: RF047[min_max] -> ss_item_sk, RF046[bloom] -> ss_item_sk
|  |  |     stored statistics:
|  |  |       table: rows=2.88M size=199.36MB
|  |  |       partitions: 1824/1824 rows=2.88M
|  |  |       columns: all
|  |  |     extrapolated-rows=disabled max-scan-range-rows=130.09K
|  |  |     mem-estimate=16.00MB mem-reservation=2.00MB thread-reservation=0
|  |  |     tuple-ids=20 row-size=28B cardinality=287.80K(filtered from 2.88M) cost=91207864
|  |  |     in pipelines: 32(GETNEXT)
|  |  |
|  |  72:EXCHANGE [HASH(sr_item_sk,sr_ticket_number)]
|  |  |  mem-estimate=2.52MB mem-reservation=0B thread-reservation=0
|  |  |  tuple-ids=23 row-size=24B cardinality=287.51K cost=7862
|  |  |  in pipelines: 35(GETNEXT)
|  |  |
|  |  F23:PLAN FRAGMENT [RANDOM] hosts=3 instances=12 (adjusted from 48)
|  |  Per-Instance Resources: mem-estimate=17.31MB mem-reservation=256.00KB thread-reservation=1
|  |  max-parallelism=12 segment-costs=[100214598]
|  |  35:SCAN HDFS [tpcds_partitioned_parquet_snap.store_returns, RANDOM]
|  |     HDFS partitions=2004/2004 files=2004 size=33.80MB
|  |     runtime filters: RF042[min_max] -> sr_item_sk, RF043[min_max] -> sr_ticket_number
|  |     stored statistics:
|  |       table: rows=287.51K size=33.80MB
|  |       partitions: 2004/2004 rows=287.51K
|  |       columns: all
|  |     extrapolated-rows=disabled max-scan-range-rows=10.01K
|  |     mem-estimate=16.00MB mem-reservation=256.00KB thread-reservation=0
|  |     tuple-ids=23 row-size=24B cardinality=287.51K cost=100206736
|  |     in pipelines: 35(GETNEXT)
|  |
|  31:HASH JOIN [RIGHT OUTER JOIN, PARTITIONED]
|  |  hash-table-id=01
|  |  hash predicates: cr_item_sk = cs_item_sk, cr_order_number = cs_order_number
|  |  fk/pk conjuncts: cr_item_sk = cs_item_sk, cr_order_number = cs_order_number
|  |  mem-estimate=0B mem-reservation=0B spill-buffer=64.00KB thread-reservation=0
|  |  tuple-ids=19N,16,17,18 row-size=102B cardinality=29.30K cost=288134
|  |  in pipelines: 28(GETNEXT), 25(OPEN)
|  |
|  |--F39:PLAN FRAGMENT [RANDOM] hosts=3 instances=12 (adjusted from 48)
|  |  |  Per-Instance Resources: mem-estimate=5.72MB mem-reservation=3.94MB thread-reservation=1 runtime-filters-memory=2.00MB
|  |  |  max-parallelism=12 segment-costs=[61177] cpu-comparison-result=24 [max(24 (self) vs 8 (sum children))]
|  |  JOIN BUILD
|  |  |  join-table-id=01 plan-id=02 cohort-id=02
|  |  |  build expressions: cs_item_sk, cs_order_number
|  |  |  runtime filters: RF032[bloom] <- cs_item_sk, RF033[bloom] <- cs_order_number, RF034[min_max] <- cs_item_sk, RF035[min_max] <- cs_order_number
|  |  |  mem-estimate=1.94MB mem-reservation=1.94MB spill-buffer=64.00KB thread-reservation=0 cost=58604
|  |  |
|  |  69:EXCHANGE [HASH(cs_item_sk,cs_order_number)]
|  |  |  mem-estimate=1.78MB mem-reservation=0B thread-reservation=0
|  |  |  tuple-ids=16,17,18 row-size=78B cardinality=29.30K cost=2573
|  |  |  in pipelines: 25(GETNEXT)
|  |  |
|  |  F19:PLAN FRAGMENT [RANDOM] hosts=3 instances=12 (adjusted from 48)
|  |  Per-Host Shared Resources: mem-estimate=1.00MB mem-reservation=1.00MB thread-reservation=0 runtime-filters-memory=1.00MB
|  |  Per-Instance Resources: mem-estimate=20.21MB mem-reservation=256.00KB thread-reservation=1
|  |  max-parallelism=12 segment-costs=[91844379]
|  |  30:HASH JOIN [INNER JOIN, BROADCAST]
|  |  |  hash-table-id=02
|  |  |  hash predicates: cs_sold_date_sk = d_date_sk
|  |  |  fk/pk conjuncts: cs_sold_date_sk = d_date_sk
|  |  |  mem-estimate=0B mem-reservation=0B spill-buffer=64.00KB thread-reservation=0
|  |  |  tuple-ids=16,17,18 row-size=78B cardinality=29.30K cost=143835
|  |  |  in pipelines: 25(GETNEXT), 27(OPEN)
|  |  |
|  |  |--F40:PLAN FRAGMENT [RANDOM] hosts=3 instances=3
|  |  |  |  Per-Instance Resources: mem-estimate=7.77MB mem-reservation=7.75MB thread-reservation=1
|  |  |  |  max-parallelism=3 segment-costs=[388]
|  |  |  JOIN BUILD
|  |  |  |  join-table-id=02 plan-id=03 cohort-id=03
|  |  |  |  build expressions: d_date_sk
|  |  |  |  mem-estimate=7.75MB mem-reservation=7.75MB spill-buffer=64.00KB thread-reservation=0 cost=373
|  |  |  |
|  |  |  67:EXCHANGE [BROADCAST]
|  |  |  |  mem-estimate=16.00KB mem-reservation=0B thread-reservation=0
|  |  |  |  tuple-ids=18 row-size=8B cardinality=373 cost=15
|  |  |  |  in pipelines: 27(GETNEXT)
|  |  |  |
|  |  |  F21:PLAN FRAGMENT [RANDOM] hosts=1 instances=1
|  |  |  Per-Instance Resources: mem-estimate=16.05MB mem-reservation=512.00KB thread-reservation=1
|  |  |  max-parallelism=1 segment-costs=[123625]
|  |  |  27:SCAN HDFS [tpcds_partitioned_parquet_snap.date_dim, RANDOM]
|  |  |     HDFS partitions=1/1 files=1 size=2.15MB
|  |  |     predicates: tpcds_partitioned_parquet_snap.date_dim.d_year = CAST(2001 AS INT)
|  |  |     stored statistics:
|  |  |       table: rows=73.05K size=2.15MB
|  |  |       columns: all
|  |  |     extrapolated-rows=disabled max-scan-range-rows=73.05K
|  |  |     parquet statistics predicates: tpcds_partitioned_parquet_snap.date_dim.d_year = CAST(2001 AS INT)
|  |  |     parquet dictionary predicates: tpcds_partitioned_parquet_snap.date_dim.d_year = CAST(2001 AS INT)
|  |  |     mem-estimate=16.00MB mem-reservation=512.00KB thread-reservation=0
|  |  |     tuple-ids=18 row-size=8B cardinality=373 cost=123620
|  |  |     in pipelines: 27(GETNEXT)
|  |  |
|  |  29:HASH JOIN [INNER JOIN, BROADCAST]
|  |  |  hash-table-id=03
|  |  |  hash predicates: cs_item_sk = i_item_sk
|  |  |  fk/pk conjuncts: cs_item_sk = i_item_sk
|  |  |  mem-estimate=0B mem-reservation=0B spill-buffer=64.00KB thread-reservation=0
|  |  |  tuple-ids=16,17 row-size=70B cardinality=143.84K cost=144035
|  |  |  in pipelines: 25(GETNEXT), 26(OPEN)
|  |  |
|  |  |--F41:PLAN FRAGMENT [RANDOM] hosts=3 instances=3
|  |  |  |  Per-Instance Resources: mem-estimate=8.87MB mem-reservation=8.75MB thread-reservation=1 runtime-filters-memory=1.00MB
|  |  |  |  max-parallelism=3 segment-costs=[2039]
|  |  |  JOIN BUILD
|  |  |  |  join-table-id=03 plan-id=04 cohort-id=03
|  |  |  |  build expressions: i_item_sk
|  |  |  |  runtime filters: RF038[bloom] <- i_item_sk, RF039[min_max] <- i_item_sk
|  |  |  |  mem-estimate=7.75MB mem-reservation=7.75MB spill-buffer=64.00KB thread-reservation=0 cost=1796
|  |  |  |
|  |  |  66:EXCHANGE [BROADCAST]
|  |  |  |  mem-estimate=119.38KB mem-reservation=0B thread-reservation=0
|  |  |  |  tuple-ids=17 row-size=42B cardinality=1.80K cost=243
|  |  |  |  in pipelines: 26(GETNEXT)
|  |  |  |
|  |  |  F20:PLAN FRAGMENT [RANDOM] hosts=1 instances=1
|  |  |  Per-Instance Resources: mem-estimate=16.18MB mem-reservation=256.00KB thread-reservation=1
|  |  |  max-parallelism=1 segment-costs=[68818]
|  |  |  26:SCAN HDFS [tpcds_partitioned_parquet_snap.item, RANDOM]
|  |  |     HDFS partitions=1/1 files=1 size=1.73MB
|  |  |     predicates: i_category = 'Books'
|  |  |     stored statistics:
|  |  |       table: rows=18.00K size=1.73MB
|  |  |       columns: all
|  |  |     extrapolated-rows=disabled max-scan-range-rows=18.00K
|  |  |     parquet statistics predicates: i_category = 'Books'
|  |  |     parquet dictionary predicates: i_category = 'Books'
|  |  |     mem-estimate=16.00MB mem-reservation=256.00KB thread-reservation=0
|  |  |     tuple-ids=17 row-size=42B cardinality=1.80K cost=68737
|  |  |     in pipelines: 26(GETNEXT)
|  |  |
|  |  25:SCAN HDFS [tpcds_partitioned_parquet_snap.catalog_sales, RANDOM]
|  |     HDFS partitions=1831/1831 files=1831 size=151.13MB
|  |     runtime filters: RF039[min_max] -> cs_item_sk, RF038[bloom] -> cs_item_sk
|  |     stored statistics:
|  |       table: rows=1.44M size=151.13MB
|  |       partitions: 1831/1831 rows=1.44M
|  |       columns: all
|  |     extrapolated-rows=disabled max-scan-range-rows=7.18K
|  |     mem-estimate=16.00MB mem-reservation=256.00KB thread-reservation=0
|  |     tuple-ids=16 row-size=28B cardinality=144.03K(filtered from 1.44M) cost=91553936
|  |     in pipelines: 25(GETNEXT)
|  |
|  68:EXCHANGE [HASH(cr_item_sk,cr_order_number)]
|  |  mem-estimate=1.43MB mem-reservation=0B thread-reservation=0
|  |  tuple-ids=19 row-size=24B cardinality=144.07K cost=3940
|  |  in pipelines: 28(GETNEXT)
|  |
|  F18:PLAN FRAGMENT [RANDOM] hosts=3 instances=12 (adjusted from 48)
|  Per-Host Shared Resources: mem-estimate=2.00MB mem-reservation=2.00MB thread-reservation=0 runtime-filters-memory=2.00MB
|  Per-Instance Resources: mem-estimate=17.31MB mem-reservation=32.00KB thread-reservation=1
|  max-parallelism=12 segment-costs=[103007316]
|  28:SCAN HDFS [tpcds_partitioned_parquet_snap.catalog_returns, RANDOM]
|     HDFS partitions=2060/2060 files=2060 size=30.62MB
|     runtime filters: RF034[min_max] -> cr_item_sk, RF035[min_max] -> cr_order_number, RF032[bloom] -> cr_item_sk, RF033[bloom] -> cr_order_number
|     stored statistics:
|       table: rows=144.07K size=30.62MB
|       partitions: 2060/2060 rows=144.07K
|       columns: all
|     extrapolated-rows=disabled max-scan-range-rows=139
|     mem-estimate=16.00MB mem-reservation=32.00KB thread-reservation=0
|     tuple-ids=19 row-size=24B cardinality=144.07K cost=103003376
|     in pipelines: 28(GETNEXT)
|
82:EXCHANGE [HASH(i_brand_id,i_category_id,i_class_id,i_manufact_id)]
|  mem-estimate=154.88KB mem-reservation=0B thread-reservation=0
|  tuple-ids=14 row-size=44B cardinality=524 cost=25
|  in pipelines: 65(GETNEXT)
|
F17:PLAN FRAGMENT [HASH(d_year,i_brand_id,i_class_id,i_category_id,i_manufact_id)] hosts=3 instances=6 (adjusted from 48)
Per-Instance Resources: mem-estimate=11.72MB mem-reservation=1.94MB thread-reservation=1
max-parallelism=6 segment-costs=[724095, 25] cpu-comparison-result=72 [max(6 (self) vs 72 (sum children))]
65:AGGREGATE [FINALIZE]
|  output: sum:merge(sales_cnt), sum:merge(sales_amt)
|  group by: d_year, i_brand_id, i_class_id, i_category_id, i_manufact_id
|  having: d_year = CAST(2002 AS INT)
|  mem-estimate=10.00MB mem-reservation=1.94MB spill-buffer=64.00KB thread-reservation=0
|  tuple-ids=14 row-size=44B cardinality=524 cost=719278
|  in pipelines: 65(GETNEXT), 63(OPEN)
|
64:EXCHANGE [HASH(d_year,i_brand_id,i_class_id,i_category_id,i_manufact_id)]
|  mem-estimate=1.72MB mem-reservation=0B thread-reservation=0
|  tuple-ids=14 row-size=44B cardinality=102.75K cost=4817
|  in pipelines: 63(GETNEXT)
|
F16:PLAN FRAGMENT [HASH(d_year,i_brand_id,i_class_id,i_category_id,i_manufact_id,sales_cnt,sales_amt)] hosts=3 instances=6 (adjusted from 48)
Per-Instance Resources: mem-estimate=21.47MB mem-reservation=3.94MB thread-reservation=1
max-parallelism=6 segment-costs=[722891, 719278, 4817] cpu-comparison-result=72 [max(6 (self) vs 72 (sum children))]
23:AGGREGATE [STREAMING]
|  output: sum(sales_cnt), sum(sales_amt)
|  group by: d_year, i_brand_id, i_class_id, i_category_id, i_manufact_id
|  mem-estimate=10.00MB mem-reservation=2.00MB spill-buffer=64.00KB thread-reservation=0
|  tuple-ids=14 row-size=44B cardinality=102.75K cost=719278
|  in pipelines: 63(GETNEXT)
|
63:AGGREGATE [FINALIZE]
|  group by: d_year, i_brand_id, i_class_id, i_category_id, i_manufact_id, sales_cnt, sales_amt
|  mem-estimate=10.00MB mem-reservation=1.94MB spill-buffer=64.00KB thread-reservation=0
|  tuple-ids=12 row-size=32B cardinality=102.75K cost=719278
|  in pipelines: 63(GETNEXT), 04(OPEN), 11(OPEN), 18(OPEN)
|
62:EXCHANGE [HASH(d_year,i_brand_id,i_class_id,i_category_id,i_manufact_id,sales_cnt,sales_amt)]
|  mem-estimate=1.47MB mem-reservation=0B thread-reservation=0
|  tuple-ids=12 row-size=32B cardinality=102.75K cost=3613
|  in pipelines: 04(GETNEXT), 11(GETNEXT), 18(GETNEXT)
|
F15:PLAN FRAGMENT [RANDOM] hosts=3 instances=12 (adjusted from 48)
Per-Instance Resources: mem-estimate=13.37MB mem-reservation=2.00MB thread-reservation=1
max-parallelism=12 segment-costs=[3897565, 3613] cpu-comparison-result=72 [max(48 (self) vs 72 (sum children))]
22:AGGREGATE [STREAMING]
|  group by: d_year, i_brand_id, i_class_id, i_category_id, i_manufact_id, sales_cnt, sales_amt
|  mem-estimate=10.00MB mem-reservation=2.00MB spill-buffer=64.00KB thread-reservation=0
|  tuple-ids=12 row-size=32B cardinality=102.75K cost=719278
|  in pipelines: 04(GETNEXT), 11(GETNEXT), 18(GETNEXT)
|
00:UNION
|  mem-estimate=0B mem-reservation=0B thread-reservation=0
|  tuple-ids=12 row-size=32B cardinality=102.75K cost=2157834
|  in pipelines: 04(GETNEXT), 11(GETNEXT), 18(GETNEXT)
|
|--21:HASH JOIN [RIGHT OUTER JOIN, PARTITIONED]
|  |  hash-table-id=16
|  |  hash predicates: wr_item_sk = ws_item_sk, wr_order_number = ws_order_number
|  |  fk/pk conjuncts: wr_item_sk = ws_item_sk, wr_order_number = ws_order_number
|  |  mem-estimate=0B mem-reservation=0B spill-buffer=64.00KB thread-reservation=0
|  |  tuple-ids=11N,8,9,10 row-size=102B cardinality=14.68K cost=143526
|  |  in pipelines: 18(GETNEXT), 15(OPEN)
|  |
|  |--F54:PLAN FRAGMENT [RANDOM] hosts=3 instances=12 (adjusted from 48)
|  |  |  Per-Instance Resources: mem-estimate=3.35MB mem-reservation=1.94MB thread-reservation=1
|  |  |  max-parallelism=12 segment-costs=[30647] cpu-comparison-result=24 [max(24 (self) vs 8 (sum children))]
|  |  JOIN BUILD
|  |  |  join-table-id=16 plan-id=17 cohort-id=01
|  |  |  build expressions: ws_item_sk, ws_order_number
|  |  |  runtime filters: RF026[min_max] <- ws_item_sk, RF027[min_max] <- ws_order_number
|  |  |  mem-estimate=1.94MB mem-reservation=1.94MB spill-buffer=64.00KB thread-reservation=0 cost=29358
|  |  |
|  |  61:EXCHANGE [HASH(ws_item_sk,ws_order_number)]
|  |  |  mem-estimate=1.42MB mem-reservation=0B thread-reservation=0
|  |  |  tuple-ids=8,9,10 row-size=78B cardinality=14.68K cost=1289
|  |  |  in pipelines: 15(GETNEXT)
|  |  |
|  |  F11:PLAN FRAGMENT [RANDOM] hosts=3 instances=12 (adjusted from 48)
|  |  Per-Host Shared Resources: mem-estimate=1.00MB mem-reservation=1.00MB thread-reservation=0 runtime-filters-memory=1.00MB
|  |  Per-Instance Resources: mem-estimate=20.21MB mem-reservation=128.00KB thread-reservation=1
|  |  max-parallelism=12 segment-costs=[91346914]
|  |  20:HASH JOIN [INNER JOIN, BROADCAST]
|  |  |  hash-table-id=17
|  |  |  hash predicates: ws_sold_date_sk = d_date_sk
|  |  |  fk/pk conjuncts: ws_sold_date_sk = d_date_sk
|  |  |  mem-estimate=0B mem-reservation=0B spill-buffer=64.00KB thread-reservation=0
|  |  |  tuple-ids=8,9,10 row-size=78B cardinality=14.68K cost=71779
|  |  |  in pipelines: 15(GETNEXT), 17(OPEN)
|  |  |
|  |  |--F55:PLAN FRAGMENT [RANDOM] hosts=3 instances=3
|  |  |  |  Per-Instance Resources: mem-estimate=7.77MB mem-reservation=7.75MB thread-reservation=1
|  |  |  |  max-parallelism=3 segment-costs=[388]
|  |  |  JOIN BUILD
|  |  |  |  join-table-id=17 plan-id=18 cohort-id=08
|  |  |  |  build expressions: d_date_sk
|  |  |  |  mem-estimate=7.75MB mem-reservation=7.75MB spill-buffer=64.00KB thread-reservation=0 cost=373
|  |  |  |
|  |  |  59:EXCHANGE [BROADCAST]
|  |  |  |  mem-estimate=16.00KB mem-reservation=0B thread-reservation=0
|  |  |  |  tuple-ids=10 row-size=8B cardinality=373 cost=15
|  |  |  |  in pipelines: 17(GETNEXT)
|  |  |  |
|  |  |  F13:PLAN FRAGMENT [RANDOM] hosts=1 instances=1
|  |  |  Per-Instance Resources: mem-estimate=16.05MB mem-reservation=512.00KB thread-reservation=1
|  |  |  max-parallelism=1 segment-costs=[123625]
|  |  |  17:SCAN HDFS [tpcds_partitioned_parquet_snap.date_dim, RANDOM]
|  |  |     HDFS partitions=1/1 files=1 size=2.15MB
|  |  |     predicates: tpcds_partitioned_parquet_snap.date_dim.d_year = CAST(2002 AS INT)
|  |  |     stored statistics:
|  |  |       table: rows=73.05K size=2.15MB
|  |  |       columns: all
|  |  |     extrapolated-rows=disabled max-scan-range-rows=73.05K
|  |  |     parquet statistics predicates: tpcds_partitioned_parquet_snap.date_dim.d_year = CAST(2002 AS INT)
|  |  |     parquet dictionary predicates: tpcds_partitioned_parquet_snap.date_dim.d_year = CAST(2002 AS INT)
|  |  |     mem-estimate=16.00MB mem-reservation=512.00KB thread-reservation=0
|  |  |     tuple-ids=10 row-size=8B cardinality=373 cost=123620
|  |  |     in pipelines: 17(GETNEXT)
|  |  |
|  |  19:HASH JOIN [INNER JOIN, BROADCAST]
|  |  |  hash-table-id=18
|  |  |  hash predicates: ws_item_sk = i_item_sk
|  |  |  fk/pk conjuncts: ws_item_sk = i_item_sk
|  |  |  mem-estimate=0B mem-reservation=0B spill-buffer=64.00KB thread-reservation=0
|  |  |  tuple-ids=8,9 row-size=70B cardinality=71.78K cost=71878
|  |  |  in pipelines: 15(GETNEXT), 16(OPEN)
|  |  |
|  |  |--F56:PLAN FRAGMENT [RANDOM] hosts=3 instances=3
|  |  |  |  Per-Instance Resources: mem-estimate=8.87MB mem-reservation=8.75MB thread-reservation=1 runtime-filters-memory=1.00MB
|  |  |  |  max-parallelism=3 segment-costs=[2039]
|  |  |  JOIN BUILD
|  |  |  |  join-table-id=18 plan-id=19 cohort-id=08
|  |  |  |  build expressions: i_item_sk
|  |  |  |  runtime filters: RF030[bloom] <- i_item_sk, RF031[min_max] <- i_item_sk
|  |  |  |  mem-estimate=7.75MB mem-reservation=7.75MB spill-buffer=64.00KB thread-reservation=0 cost=1796
|  |  |  |
|  |  |  58:EXCHANGE [BROADCAST]
|  |  |  |  mem-estimate=119.38KB mem-reservation=0B thread-reservation=0
|  |  |  |  tuple-ids=9 row-size=42B cardinality=1.80K cost=243
|  |  |  |  in pipelines: 16(GETNEXT)
|  |  |  |
|  |  |  F12:PLAN FRAGMENT [RANDOM] hosts=1 instances=1
|  |  |  Per-Instance Resources: mem-estimate=16.18MB mem-reservation=256.00KB thread-reservation=1
|  |  |  max-parallelism=1 segment-costs=[68818]
|  |  |  16:SCAN HDFS [tpcds_partitioned_parquet_snap.item, RANDOM]
|  |  |     HDFS partitions=1/1 files=1 size=1.73MB
|  |  |     predicates: i_category = 'Books'
|  |  |     runtime filters: RF004[min_max] -> tpcds_partitioned_parquet_snap.item.i_brand_id, RF005[min_max] -> tpcds_partitioned_parquet_snap.item.i_category_id, RF006[min_max] -> tpcds_partitioned_parquet_snap.item.i_class_id, RF007[min_max] -> tpcds_partitioned_parquet_snap.item.i_manufact_id
|  |  |     stored statistics:
|  |  |       table: rows=18.00K size=1.73MB
|  |  |       columns: all
|  |  |     extrapolated-rows=disabled max-scan-range-rows=18.00K
|  |  |     parquet statistics predicates: i_category = 'Books'
|  |  |     parquet dictionary predicates: i_category = 'Books'
|  |  |     mem-estimate=16.00MB mem-reservation=256.00KB thread-reservation=0
|  |  |     tuple-ids=9 row-size=42B cardinality=1.80K cost=68737
|  |  |     in pipelines: 16(GETNEXT)
|  |  |
|  |  15:SCAN HDFS [tpcds_partitioned_parquet_snap.web_sales, RANDOM]
|  |     HDFS partitions=1824/1824 files=1824 size=84.20MB
|  |     runtime filters: RF031[min_max] -> ws_item_sk, RF030[bloom] -> ws_item_sk
|  |     stored statistics:
|  |       table: rows=719.38K size=84.20MB
|  |       partitions: 1824/1824 rows=719.38K
|  |       columns: all
|  |     extrapolated-rows=disabled max-scan-range-rows=1.12K
|  |     mem-estimate=16.00MB mem-reservation=128.00KB thread-reservation=0
|  |     tuple-ids=8 row-size=28B cardinality=71.88K(filtered from 719.38K) cost=91201968
|  |     in pipelines: 15(GETNEXT)
|  |
|  60:EXCHANGE [HASH(wr_item_sk,wr_order_number)]
|  |  mem-estimate=896.65KB mem-reservation=0B thread-reservation=0
|  |  tuple-ids=11 row-size=24B cardinality=71.76K cost=1963
|  |  in pipelines: 18(GETNEXT)
|  |
|  F10:PLAN FRAGMENT [RANDOM] hosts=3 instances=12 (adjusted from 48)
|  Per-Instance Resources: mem-estimate=17.31MB mem-reservation=128.00KB thread-reservation=1
|  max-parallelism=12 segment-costs=[105703651]
|  18:SCAN HDFS [tpcds_partitioned_parquet_snap.web_returns, RANDOM]
|     HDFS partitions=2114/2114 files=2114 size=20.82MB
|     runtime filters: RF026[min_max] -> wr_item_sk, RF027[min_max] -> wr_order_number
|     stored statistics:
|       table: rows=71.76K size=20.82MB
|       partitions: 2114/2114 rows=71.76K
|       columns: all
|     extrapolated-rows=disabled max-scan-range-rows=3.13K
|     mem-estimate=16.00MB mem-reservation=128.00KB thread-reservation=0
|     tuple-ids=11 row-size=24B cardinality=71.76K cost=105701688
|     in pipelines: 18(GETNEXT)
|
|--14:HASH JOIN [RIGHT OUTER JOIN, PARTITIONED]
|  |  hash-table-id=13
|  |  hash predicates: sr_item_sk = ss_item_sk, sr_ticket_number = ss_ticket_number
|  |  fk/pk conjuncts: sr_item_sk = ss_item_sk, sr_ticket_number = ss_ticket_number
|  |  mem-estimate=0B mem-reservation=0B spill-buffer=64.00KB thread-reservation=0
|  |  tuple-ids=7N,4,5,6 row-size=102B cardinality=58.77K cost=575028
|  |  in pipelines: 11(GETNEXT), 08(OPEN)
|  |
|  |--F51:PLAN FRAGMENT [RANDOM] hosts=3 instances=12 (adjusted from 48)
|  |  |  Per-Instance Resources: mem-estimate=4.45MB mem-reservation=1.94MB thread-reservation=1
|  |  |  max-parallelism=12 segment-costs=[122706] cpu-comparison-result=24 [max(24 (self) vs 8 (sum children))]
|  |  JOIN BUILD
|  |  |  join-table-id=13 plan-id=14 cohort-id=01
|  |  |  build expressions: ss_item_sk, ss_ticket_number
|  |  |  runtime filters: RF018[min_max] <- ss_item_sk, RF019[min_max] <- ss_ticket_number
|  |  |  mem-estimate=1.94MB mem-reservation=1.94MB spill-buffer=64.00KB thread-reservation=0 cost=117546
|  |  |
|  |  57:EXCHANGE [HASH(ss_item_sk,ss_ticket_number)]
|  |  |  mem-estimate=2.51MB mem-reservation=0B thread-reservation=0
|  |  |  tuple-ids=4,5,6 row-size=78B cardinality=58.77K cost=5160
|  |  |  in pipelines: 08(GETNEXT)
|  |  |
|  |  F06:PLAN FRAGMENT [RANDOM] hosts=3 instances=12 (adjusted from 48)
|  |  Per-Host Shared Resources: mem-estimate=1.00MB mem-reservation=1.00MB thread-reservation=0 runtime-filters-memory=1.00MB
|  |  Per-Instance Resources: mem-estimate=20.21MB mem-reservation=2.00MB thread-reservation=1
|  |  max-parallelism=12 segment-costs=[91788225]
|  |  13:HASH JOIN [INNER JOIN, BROADCAST]
|  |  |  hash-table-id=14
|  |  |  hash predicates: ss_sold_date_sk = d_date_sk
|  |  |  fk/pk conjuncts: ss_sold_date_sk = d_date_sk
|  |  |  mem-estimate=0B mem-reservation=0B spill-buffer=64.00KB thread-reservation=0
|  |  |  tuple-ids=4,5,6 row-size=78B cardinality=58.77K cost=287401
|  |  |  in pipelines: 08(GETNEXT), 10(OPEN)
|  |  |
|  |  |--F52:PLAN FRAGMENT [RANDOM] hosts=3 instances=3
|  |  |  |  Per-Instance Resources: mem-estimate=7.77MB mem-reservation=7.75MB thread-reservation=1
|  |  |  |  max-parallelism=3 segment-costs=[388]
|  |  |  JOIN BUILD
|  |  |  |  join-table-id=14 plan-id=15 cohort-id=07
|  |  |  |  build expressions: d_date_sk
|  |  |  |  mem-estimate=7.75MB mem-reservation=7.75MB spill-buffer=64.00KB thread-reservation=0 cost=373
|  |  |  |
|  |  |  55:EXCHANGE [BROADCAST]
|  |  |  |  mem-estimate=16.00KB mem-reservation=0B thread-reservation=0
|  |  |  |  tuple-ids=6 row-size=8B cardinality=373 cost=15
|  |  |  |  in pipelines: 10(GETNEXT)
|  |  |  |
|  |  |  F08:PLAN FRAGMENT [RANDOM] hosts=1 instances=1
|  |  |  Per-Instance Resources: mem-estimate=16.05MB mem-reservation=512.00KB thread-reservation=1
|  |  |  max-parallelism=1 segment-costs=[123625]
|  |  |  10:SCAN HDFS [tpcds_partitioned_parquet_snap.date_dim, RANDOM]
|  |  |     HDFS partitions=1/1 files=1 size=2.15MB
|  |  |     predicates: tpcds_partitioned_parquet_snap.date_dim.d_year = CAST(2002 AS INT)
|  |  |     stored statistics:
|  |  |       table: rows=73.05K size=2.15MB
|  |  |       columns: all
|  |  |     extrapolated-rows=disabled max-scan-range-rows=73.05K
|  |  |     parquet statistics predicates: tpcds_partitioned_parquet_snap.date_dim.d_year = CAST(2002 AS INT)
|  |  |     parquet dictionary predicates: tpcds_partitioned_parquet_snap.date_dim.d_year = CAST(2002 AS INT)
|  |  |     mem-estimate=16.00MB mem-reservation=512.00KB thread-reservation=0
|  |  |     tuple-ids=6 row-size=8B cardinality=373 cost=123620
|  |  |     in pipelines: 10(GETNEXT)
|  |  |
|  |  12:HASH JOIN [INNER JOIN, BROADCAST]
|  |  |  hash-table-id=15
|  |  |  hash predicates: ss_item_sk = i_item_sk
|  |  |  fk/pk conjuncts: ss_item_sk = i_item_sk
|  |  |  mem-estimate=0B mem-reservation=0B spill-buffer=64.00KB thread-reservation=0
|  |  |  tuple-ids=4,5 row-size=70B cardinality=287.40K cost=287800
|  |  |  in pipelines: 08(GETNEXT), 09(OPEN)
|  |  |
|  |  |--F53:PLAN FRAGMENT [RANDOM] hosts=3 instances=3
|  |  |  |  Per-Instance Resources: mem-estimate=8.87MB mem-reservation=8.75MB thread-reservation=1 runtime-filters-memory=1.00MB
|  |  |  |  max-parallelism=3 segment-costs=[2039]
|  |  |  JOIN BUILD
|  |  |  |  join-table-id=15 plan-id=16 cohort-id=07
|  |  |  |  build expressions: i_item_sk
|  |  |  |  runtime filters: RF022[bloom] <- i_item_sk, RF023[min_max] <- i_item_sk
|  |  |  |  mem-estimate=7.75MB mem-reservation=7.75MB spill-buffer=64.00KB thread-reservation=0 cost=1796
|  |  |  |
|  |  |  54:EXCHANGE [BROADCAST]
|  |  |  |  mem-estimate=119.38KB mem-reservation=0B thread-reservation=0
|  |  |  |  tuple-ids=5 row-size=42B cardinality=1.80K cost=243
|  |  |  |  in pipelines: 09(GETNEXT)
|  |  |  |
|  |  |  F07:PLAN FRAGMENT [RANDOM] hosts=1 instances=1
|  |  |  Per-Instance Resources: mem-estimate=16.18MB mem-reservation=256.00KB thread-reservation=1
|  |  |  max-parallelism=1 segment-costs=[68818]
|  |  |  09:SCAN HDFS [tpcds_partitioned_parquet_snap.item, RANDOM]
|  |  |     HDFS partitions=1/1 files=1 size=1.73MB
|  |  |     predicates: i_category = 'Books'
|  |  |     runtime filters: RF004[min_max] -> tpcds_partitioned_parquet_snap.item.i_brand_id, RF005[min_max] -> tpcds_partitioned_parquet_snap.item.i_category_id, RF006[min_max] -> tpcds_partitioned_parquet_snap.item.i_class_id, RF007[min_max] -> tpcds_partitioned_parquet_snap.item.i_manufact_id
|  |  |     stored statistics:
|  |  |       table: rows=18.00K size=1.73MB
|  |  |       columns: all
|  |  |     extrapolated-rows=disabled max-scan-range-rows=18.00K
|  |  |     parquet statistics predicates: i_category = 'Books'
|  |  |     parquet dictionary predicates: i_category = 'Books'
|  |  |     mem-estimate=16.00MB mem-reservation=256.00KB thread-reservation=0
|  |  |     tuple-ids=5 row-size=42B cardinality=1.80K cost=68737
|  |  |     in pipelines: 09(GETNEXT)
|  |  |
|  |  08:SCAN HDFS [tpcds_partitioned_parquet_snap.store_sales, RANDOM]
|  |     HDFS partitions=1824/1824 files=1824 size=199.36MB
|  |     runtime filters: RF023[min_max] -> ss_item_sk, RF022[bloom] -> ss_item_sk
|  |     stored statistics:
|  |       table: rows=2.88M size=199.36MB
|  |       partitions: 1824/1824 rows=2.88M
|  |       columns: all
|  |     extrapolated-rows=disabled max-scan-range-rows=130.09K
|  |     mem-estimate=16.00MB mem-reservation=2.00MB thread-reservation=0
|  |     tuple-ids=4 row-size=28B cardinality=287.80K(filtered from 2.88M) cost=91207864
|  |     in pipelines: 08(GETNEXT)
|  |
|  56:EXCHANGE [HASH(sr_item_sk,sr_ticket_number)]
|  |  mem-estimate=2.52MB mem-reservation=0B thread-reservation=0
|  |  tuple-ids=7 row-size=24B cardinality=287.51K cost=7862
|  |  in pipelines: 11(GETNEXT)
|  |
|  F05:PLAN FRAGMENT [RANDOM] hosts=3 instances=12 (adjusted from 48)
|  Per-Instance Resources: mem-estimate=17.31MB mem-reservation=256.00KB thread-reservation=1
|  max-parallelism=12 segment-costs=[100214598]
|  11:SCAN HDFS [tpcds_partitioned_parquet_snap.store_returns, RANDOM]
|     HDFS partitions=2004/2004 files=2004 size=33.80MB
|     runtime filters: RF018[min_max] -> sr_item_sk, RF019[min_max] -> sr_ticket_number
|     stored statistics:
|       table: rows=287.51K size=33.80MB
|       partitions: 2004/2004 rows=287.51K
|       columns: all
|     extrapolated-rows=disabled max-scan-range-rows=10.01K
|     mem-estimate=16.00MB mem-reservation=256.00KB thread-reservation=0
|     tuple-ids=7 row-size=24B cardinality=287.51K cost=100206736
|     in pipelines: 11(GETNEXT)
|
07:HASH JOIN [RIGHT OUTER JOIN, PARTITIONED]
|  hash-table-id=10
|  hash predicates: cr_item_sk = cs_item_sk, cr_order_number = cs_order_number
|  fk/pk conjuncts: cr_item_sk = cs_item_sk, cr_order_number = cs_order_number
|  mem-estimate=0B mem-reservation=0B spill-buffer=64.00KB thread-reservation=0
|  tuple-ids=3N,0,1,2 row-size=102B cardinality=29.30K cost=288134
|  in pipelines: 04(GETNEXT), 01(OPEN)
|
|--F48:PLAN FRAGMENT [RANDOM] hosts=3 instances=12 (adjusted from 48)
|  |  Per-Instance Resources: mem-estimate=5.72MB mem-reservation=3.94MB thread-reservation=1 runtime-filters-memory=2.00MB
|  |  max-parallelism=12 segment-costs=[61177] cpu-comparison-result=24 [max(24 (self) vs 8 (sum children))]
|  JOIN BUILD
|  |  join-table-id=10 plan-id=11 cohort-id=01
|  |  build expressions: cs_item_sk, cs_order_number
|  |  runtime filters: RF008[bloom] <- cs_item_sk, RF009[bloom] <- cs_order_number, RF010[min_max] <- cs_item_sk, RF011[min_max] <- cs_order_number
|  |  mem-estimate=1.94MB mem-reservation=1.94MB spill-buffer=64.00KB thread-reservation=0 cost=58604
|  |
|  53:EXCHANGE [HASH(cs_item_sk,cs_order_number)]
|  |  mem-estimate=1.78MB mem-reservation=0B thread-reservation=0
|  |  tuple-ids=0,1,2 row-size=78B cardinality=29.30K cost=2573
|  |  in pipelines: 01(GETNEXT)
|  |
|  F01:PLAN FRAGMENT [RANDOM] hosts=3 instances=12 (adjusted from 48)
|  Per-Host Shared Resources: mem-estimate=1.00MB mem-reservation=1.00MB thread-reservation=0 runtime-filters-memory=1.00MB
|  Per-Instance Resources: mem-estimate=20.21MB mem-reservation=256.00KB thread-reservation=1
|  max-parallelism=12 segment-costs=[91844379]
|  06:HASH JOIN [INNER JOIN, BROADCAST]
|  |  hash-table-id=11
|  |  hash predicates: cs_sold_date_sk = d_date_sk
|  |  fk/pk conjuncts: cs_sold_date_sk = d_date_sk
|  |  mem-estimate=0B mem-reservation=0B spill-buffer=64.00KB thread-reservation=0
|  |  tuple-ids=0,1,2 row-size=78B cardinality=29.30K cost=143835
|  |  in pipelines: 01(GETNEXT), 03(OPEN)
|  |
|  |--F49:PLAN FRAGMENT [RANDOM] hosts=3 instances=3
|  |  |  Per-Instance Resources: mem-estimate=7.77MB mem-reservation=7.75MB thread-reservation=1
|  |  |  max-parallelism=3 segment-costs=[388]
|  |  JOIN BUILD
|  |  |  join-table-id=11 plan-id=12 cohort-id=06
|  |  |  build expressions: d_date_sk
|  |  |  mem-estimate=7.75MB mem-reservation=7.75MB spill-buffer=64.00KB thread-reservation=0 cost=373
|  |  |
|  |  51:EXCHANGE [BROADCAST]
|  |  |  mem-estimate=16.00KB mem-reservation=0B thread-reservation=0
|  |  |  tuple-ids=2 row-size=8B cardinality=373 cost=15
|  |  |  in pipelines: 03(GETNEXT)
|  |  |
|  |  F03:PLAN FRAGMENT [RANDOM] hosts=1 instances=1
|  |  Per-Instance Resources: mem-estimate=16.05MB mem-reservation=512.00KB thread-reservation=1
|  |  max-parallelism=1 segment-costs=[123625]
|  |  03:SCAN HDFS [tpcds_partitioned_parquet_snap.date_dim, RANDOM]
|  |     HDFS partitions=1/1 files=1 size=2.15MB
|  |     predicates: tpcds_partitioned_parquet_snap.date_dim.d_year = CAST(2002 AS INT)
|  |     stored statistics:
|  |       table: rows=73.05K size=2.15MB
|  |       columns: all
|  |     extrapolated-rows=disabled max-scan-range-rows=73.05K
|  |     parquet statistics predicates: tpcds_partitioned_parquet_snap.date_dim.d_year = CAST(2002 AS INT)
|  |     parquet dictionary predicates: tpcds_partitioned_parquet_snap.date_dim.d_year = CAST(2002 AS INT)
|  |     mem-estimate=16.00MB mem-reservation=512.00KB thread-reservation=0
|  |     tuple-ids=2 row-size=8B cardinality=373 cost=123620
|  |     in pipelines: 03(GETNEXT)
|  |
|  05:HASH JOIN [INNER JOIN, BROADCAST]
|  |  hash-table-id=12
|  |  hash predicates: cs_item_sk = i_item_sk
|  |  fk/pk conjuncts: cs_item_sk = i_item_sk
|  |  mem-estimate=0B mem-reservation=0B spill-buffer=64.00KB thread-reservation=0
|  |  tuple-ids=0,1 row-size=70B cardinality=143.84K cost=144035
|  |  in pipelines: 01(GETNEXT), 02(OPEN)
|  |
|  |--F50:PLAN FRAGMENT [RANDOM] hosts=3 instances=3
|  |  |  Per-Instance Resources: mem-estimate=8.87MB mem-reservation=8.75MB thread-reservation=1 runtime-filters-memory=1.00MB
|  |  |  max-parallelism=3 segment-costs=[2039]
|  |  JOIN BUILD
|  |  |  join-table-id=12 plan-id=13 cohort-id=06
|  |  |  build expressions: i_item_sk
|  |  |  runtime filters: RF014[bloom] <- i_item_sk, RF015[min_max] <- i_item_sk
|  |  |  mem-estimate=7.75MB mem-reservation=7.75MB spill-buffer=64.00KB thread-reservation=0 cost=1796
|  |  |
|  |  50:EXCHANGE [BROADCAST]
|  |  |  mem-estimate=119.38KB mem-reservation=0B thread-reservation=0
|  |  |  tuple-ids=1 row-size=42B cardinality=1.80K cost=243
|  |  |  in pipelines: 02(GETNEXT)
|  |  |
|  |  F02:PLAN FRAGMENT [RANDOM] hosts=1 instances=1
|  |  Per-Instance Resources: mem-estimate=16.18MB mem-reservation=256.00KB thread-reservation=1
|  |  max-parallelism=1 segment-costs=[68818]
|  |  02:SCAN HDFS [tpcds_partitioned_parquet_snap.item, RANDOM]
|  |     HDFS partitions=1/1 files=1 size=1.73MB
|  |     predicates: i_category = 'Books'
|  |     runtime filters: RF004[min_max] -> tpcds_partitioned_parquet_snap.item.i_brand_id, RF005[min_max] -> tpcds_partitioned_parquet_snap.item.i_category_id, RF006[min_max] -> tpcds_partitioned_parquet_snap.item.i_class_id, RF007[min_max] -> tpcds_partitioned_parquet_snap.item.i_manufact_id
|  |     stored statistics:
|  |       table: rows=18.00K size=1.73MB
|  |       columns: all
|  |     extrapolated-rows=disabled max-scan-range-rows=18.00K
|  |     parquet statistics predicates: i_category = 'Books'
|  |     parquet dictionary predicates: i_category = 'Books'
|  |     mem-estimate=16.00MB mem-reservation=256.00KB thread-reservation=0
|  |     tuple-ids=1 row-size=42B cardinality=1.80K cost=68737
|  |     in pipelines: 02(GETNEXT)
|  |
|  01:SCAN HDFS [tpcds_partitioned_parquet_snap.catalog_sales, RANDOM]
|     HDFS partitions=1831/1831 files=1831 size=151.13MB
|     runtime filters: RF015[min_max] -> cs_item_sk, RF014[bloom] -> cs_item_sk
|     stored statistics:
|       table: rows=1.44M size=151.13MB
|       partitions: 1831/1831 rows=1.44M
|       columns: all
|     extrapolated-rows=disabled max-scan-range-rows=7.18K
|     mem-estimate=16.00MB mem-reservation=256.00KB thread-reservation=0
|     tuple-ids=0 row-size=28B cardinality=144.03K(filtered from 1.44M) cost=91553936
|     in pipelines: 01(GETNEXT)
|
52:EXCHANGE [HASH(cr_item_sk,cr_order_number)]
|  mem-estimate=1.43MB mem-reservation=0B thread-reservation=0
|  tuple-ids=3 row-size=24B cardinality=144.07K cost=3940
|  in pipelines: 04(GETNEXT)
|
F00:PLAN FRAGMENT [RANDOM] hosts=3 instances=12 (adjusted from 48)
Per-Host Shared Resources: mem-estimate=2.00MB mem-reservation=2.00MB thread-reservation=0 runtime-filters-memory=2.00MB
Per-Instance Resources: mem-estimate=17.31MB mem-reservation=32.00KB thread-reservation=1
max-parallelism=12 segment-costs=[103007316]
04:SCAN HDFS [tpcds_partitioned_parquet_snap.catalog_returns, RANDOM]
   HDFS partitions=2060/2060 files=2060 size=30.62MB
   runtime filters: RF010[min_max] -> cr_item_sk, RF011[min_max] -> cr_order_number, RF008[bloom] -> cr_item_sk, RF009[bloom] -> cr_order_number
   stored statistics:
     table: rows=144.07K size=30.62MB
     partitions: 2060/2060 rows=144.07K
     columns: all
   extrapolated-rows=disabled max-scan-range-rows=139
   mem-estimate=16.00MB mem-reservation=32.00KB thread-reservation=0
   tuple-ids=3 row-size=24B cardinality=144.07K cost=103003376
   in pipelines: 04(GETNEXT)
====
