# TPCDS-Q10a Variant for multiple subqueries in OR predicate
select
  cd_gender,
  cd_marital_status,
  cd_education_status,
  count(*) cnt1,
  cd_purchase_estimate,
  count(*) cnt2,
  cd_credit_rating,
  count(*) cnt3,
  cd_dep_count,
  count(*) cnt4,
  cd_dep_employed_count,
  count(*) cnt5,
  cd_dep_college_count,
  count(*) cnt6
 from
  customer c,customer_address ca,customer_demographics
 where
  c.c_current_addr_sk = ca.ca_address_sk and
  ca_county in ('Rush County','Toole County','Jefferson County','Dona Ana County','La Porte County') and
  cd_demo_sk = c.c_current_cdemo_sk and
  exists (select *
          from store_sales,date_dim
          where c.c_customer_sk = ss_customer_sk and
                ss_sold_date_sk = d_date_sk and
                d_year = 2002 and
                d_moy between 1 and 1+3) and
   exists (select *
          from (
             select ws_bill_customer_sk as customer_sk, d_year,d_moy
             from web_sales, date_dim
             where ws_sold_date_sk = d_date_sk and
             d_year = 2002 and
             d_moy between 1 and 1+3
             union all
             select cs_ship_customer_sk as customer_sk, d_year, d_moy
             from catalog_sales, date_dim
             where cs_sold_date_sk = d_date_sk and
             d_year = 2002 and
             d_moy between 1 and 1+3
       ) x
            where c.c_customer_sk = customer_sk)
 group by cd_gender,
          cd_marital_status,
          cd_education_status,
          cd_purchase_estimate,
          cd_credit_rating,
          cd_dep_count,
          cd_dep_employed_count,
          cd_dep_college_count
 order by cd_gender,
          cd_marital_status,
          cd_education_status,
          cd_purchase_estimate,
          cd_credit_rating,
          cd_dep_count,
          cd_dep_employed_count,
          cd_dep_college_count
limit 100;
---- PLAN
Max Per-Host Resource Reservation: Memory=33.44MB Threads=1
Per-Host Resource Estimates: Memory=133MB
F00:PLAN FRAGMENT [UNPARTITIONED] hosts=1 instances=1
|  Per-Instance Resources: mem-estimate=133.31MB mem-reservation=33.44MB thread-reservation=1 runtime-filters-memory=7.00MB
|  max-parallelism=1 segment-costs=[20615857, 800, 1400]
PLAN-ROOT SINK
|  output exprs: cd_gender, cd_marital_status, cd_education_status, count(*), cd_purchase_estimate, count(*), cd_credit_rating, count(*), cd_dep_count, count(*), cd_dep_employed_count, count(*), cd_dep_college_count, count(*)
|  mem-estimate=4.00MB mem-reservation=4.00MB spill-buffer=2.00MB thread-reservation=0 cost=1400
|
18:TOP-N [LIMIT=100]
|  order by: cd_gender ASC, cd_marital_status ASC, cd_education_status ASC, cd_purchase_estimate ASC, cd_credit_rating ASC, cd_dep_count ASC, cd_dep_employed_count ASC, cd_dep_college_count ASC
|  mem-estimate=8.85KB mem-reservation=0B thread-reservation=0
|  tuple-ids=14 row-size=91B cardinality=100 cost=800
|  in pipelines: 18(GETNEXT), 17(OPEN)
|
17:AGGREGATE [FINALIZE]
|  output: count(*)
|  group by: cd_gender, cd_marital_status, cd_education_status, cd_purchase_estimate, cd_credit_rating, cd_dep_count, cd_dep_employed_count, cd_dep_college_count
|  mem-estimate=10.00MB mem-reservation=1.94MB spill-buffer=64.00KB thread-reservation=0
|  tuple-ids=13 row-size=91B cardinality=318 cost=2862
|  in pipelines: 17(GETNEXT), 07(OPEN), 10(OPEN)
|
16:HASH JOIN [RIGHT SEMI JOIN]
|  hash predicates: customer_sk = c.c_customer_sk
|  runtime filters: RF000[bloom] <- c.c_customer_sk, RF001[min_max] <- c.c_customer_sk
|  mem-estimate=1.94MB mem-reservation=1.94MB spill-buffer=64.00KB thread-reservation=0
|  tuple-ids=2,0,1 row-size=129B cardinality=318 cost=139760
|  in pipelines: 07(GETNEXT), 10(GETNEXT), 03(OPEN)
|
|--15:HASH JOIN [RIGHT SEMI JOIN]
|  |  hash predicates: ss_customer_sk = c.c_customer_sk
|  |  runtime filters: RF006[bloom] <- c.c_customer_sk, RF007[min_max] <- c.c_customer_sk
|  |  mem-estimate=1.94MB mem-reservation=1.94MB spill-buffer=64.00KB thread-reservation=0
|  |  tuple-ids=2,0,1 row-size=129B cardinality=318 cost=186660
|  |  in pipelines: 03(GETNEXT), 02(OPEN)
|  |
|  |--14:HASH JOIN [INNER JOIN]
|  |  |  hash predicates: c.c_current_addr_sk = ca.ca_address_sk
|  |  |  fk/pk conjuncts: c.c_current_addr_sk = ca.ca_address_sk
|  |  |  runtime filters: RF010[bloom] <- ca.ca_address_sk, RF011[min_max] <- ca.ca_address_sk
|  |  |  mem-estimate=1.94MB mem-reservation=1.94MB spill-buffer=64.00KB thread-reservation=0
|  |  |  tuple-ids=2,0,1 row-size=129B cardinality=318 cost=100137
|  |  |  in pipelines: 02(GETNEXT), 01(OPEN)
|  |  |
|  |  |--01:SCAN HDFS [tpcds_partitioned_parquet_snap.customer_address ca]
|  |  |     HDFS partitions=1/1 files=1 size=1.16MB
|  |  |     predicates: ca_county IN ('Rush County', 'Toole County', 'Jefferson County', 'Dona Ana County', 'La Porte County')
|  |  |     stored statistics:
|  |  |       table: rows=50.00K size=1.16MB
|  |  |       columns: all
|  |  |     extrapolated-rows=disabled max-scan-range-rows=50.00K
|  |  |     parquet statistics predicates: ca_county IN ('Rush County', 'Toole County', 'Jefferson County', 'Dona Ana County', 'La Porte County')
|  |  |     parquet dictionary predicates: ca_county IN ('Rush County', 'Toole County', 'Jefferson County', 'Dona Ana County', 'La Porte County')
|  |  |     mem-estimate=16.00MB mem-reservation=512.00KB thread-reservation=0
|  |  |     tuple-ids=1 row-size=30B cardinality=137 cost=101463
|  |  |     in pipelines: 01(GETNEXT)
|  |  |
|  |  13:HASH JOIN [INNER JOIN]
|  |  |  hash predicates: cd_demo_sk = c.c_current_cdemo_sk
|  |  |  fk/pk conjuncts: none
|  |  |  runtime filters: RF012[bloom] <- c.c_current_cdemo_sk, RF013[min_max] <- c.c_current_cdemo_sk
|  |  |  mem-estimate=8.50MB mem-reservation=8.50MB spill-buffer=512.00KB thread-reservation=0
|  |  |  tuple-ids=2,0 row-size=99B cardinality=100.00K cost=200000
|  |  |  in pipelines: 02(GETNEXT), 00(OPEN)
|  |  |
|  |  |--00:SCAN HDFS [tpcds_partitioned_parquet_snap.customer c]
|  |  |     HDFS partitions=1/1 files=1 size=5.49MB
|  |  |     runtime filters: RF011[min_max] -> c.c_current_addr_sk, RF010[bloom] -> c.c_current_addr_sk
|  |  |     stored statistics:
|  |  |       table: rows=100.00K size=5.49MB
|  |  |       columns: all
|  |  |     extrapolated-rows=disabled max-scan-range-rows=100.00K
|  |  |     mem-estimate=16.00MB mem-reservation=2.00MB thread-reservation=0
|  |  |     tuple-ids=0 row-size=12B cardinality=100.00K cost=51172
|  |  |     in pipelines: 00(GETNEXT)
|  |  |
|  |  02:SCAN HDFS [tpcds_partitioned_parquet_snap.customer_demographics]
|  |     HDFS partitions=1/1 files=1 size=7.49MB
|  |     runtime filters: RF013[min_max] -> cd_demo_sk, RF012[bloom] -> cd_demo_sk
|  |     stored statistics:
|  |       table: rows=1.92M size=7.49MB
|  |       columns: all
|  |     extrapolated-rows=disabled max-scan-range-rows=1.92M
|  |     mem-estimate=16.00MB mem-reservation=8.00MB thread-reservation=0
|  |     tuple-ids=2 row-size=87B cardinality=100.00K(filtered from 1.92M) cost=58455
|  |     in pipelines: 02(GETNEXT)
|  |
|  05:HASH JOIN [INNER JOIN]
|  |  hash predicates: ss_sold_date_sk = d_date_sk
|  |  fk/pk conjuncts: ss_sold_date_sk = d_date_sk
|  |  runtime filters: RF008[bloom] <- d_date_sk
|  |  mem-estimate=1.94MB mem-reservation=1.94MB spill-buffer=64.00KB thread-reservation=0
|  |  tuple-ids=3,4 row-size=20B cardinality=186.34K cost=186460
|  |  in pipelines: 03(GETNEXT), 04(OPEN)
|  |
|  |--04:SCAN HDFS [tpcds_partitioned_parquet_snap.date_dim]
|  |     HDFS partitions=1/1 files=1 size=2.15MB
|  |     predicates: d_year = CAST(2002 AS INT), d_moy <= CAST(4 AS INT), d_moy >= CAST(1 AS INT)
|  |     stored statistics:
|  |       table: rows=73.05K size=2.15MB
|  |       columns: all
|  |     extrapolated-rows=disabled max-scan-range-rows=73.05K
|  |     parquet statistics predicates: d_year = CAST(2002 AS INT), d_moy <= CAST(4 AS INT), d_moy >= CAST(1 AS INT)
|  |     parquet dictionary predicates: d_year = CAST(2002 AS INT), d_moy <= CAST(4 AS INT), d_moy >= CAST(1 AS INT)
|  |     mem-estimate=16.00MB mem-reservation=512.00KB thread-reservation=0
|  |     tuple-ids=4 row-size=12B cardinality=118 cost=270004
|  |     in pipelines: 04(GETNEXT)
|  |
|  03:SCAN HDFS [tpcds_partitioned_parquet_snap.store_sales]
|     HDFS partitions=1824/1824 files=1824 size=199.36MB
|     runtime filters: RF007[min_max] -> ss_customer_sk, RF006[bloom] -> ss_customer_sk, RF008[bloom] -> ss_sold_date_sk
|     stored statistics:
|       table: rows=2.88M size=199.36MB
|       partitions: 1824/1824 rows=2.88M
|       columns: all
|     extrapolated-rows=disabled max-scan-range-rows=130.09K est-scan-range=119(filtered from 1824)
|     mem-estimate=16.00MB mem-reservation=512.00KB thread-reservation=0
|     tuple-ids=3 row-size=8B cardinality=186.34K(filtered from 2.88M) cost=5951456
|     in pipelines: 03(GETNEXT)
|
06:UNION
|  mem-estimate=0B mem-reservation=0B thread-reservation=0
|  tuple-ids=10 row-size=4B cardinality=139.44K cost=836652
|  in pipelines: 07(GETNEXT), 10(GETNEXT)
|
|--12:HASH JOIN [INNER JOIN]
|  |  hash predicates: cs_sold_date_sk = d_date_sk
|  |  fk/pk conjuncts: cs_sold_date_sk = d_date_sk
|  |  runtime filters: RF004[bloom] <- d_date_sk
|  |  mem-estimate=1.94MB mem-reservation=1.94MB spill-buffer=64.00KB thread-reservation=0
|  |  tuple-ids=8,9 row-size=20B cardinality=92.90K cost=93020
|  |  in pipelines: 10(GETNEXT), 11(OPEN)
|  |
|  |--11:SCAN HDFS [tpcds_partitioned_parquet_snap.date_dim]
|  |     HDFS partitions=1/1 files=1 size=2.15MB
|  |     predicates: d_year = CAST(2002 AS INT), d_moy <= CAST(4 AS INT), d_moy >= CAST(1 AS INT)
|  |     stored statistics:
|  |       table: rows=73.05K size=2.15MB
|  |       columns: all
|  |     extrapolated-rows=disabled max-scan-range-rows=73.05K
|  |     parquet statistics predicates: d_year = CAST(2002 AS INT), d_moy <= CAST(4 AS INT), d_moy >= CAST(1 AS INT)
|  |     parquet dictionary predicates: d_year = CAST(2002 AS INT), d_moy <= CAST(4 AS INT), d_moy >= CAST(1 AS INT)
|  |     mem-estimate=16.00MB mem-reservation=512.00KB thread-reservation=0
|  |     tuple-ids=9 row-size=12B cardinality=118 cost=270004
|  |     in pipelines: 11(GETNEXT)
|  |
|  10:SCAN HDFS [tpcds_partitioned_parquet_snap.catalog_sales]
|     HDFS partitions=1831/1831 files=1831 size=151.13MB
|     runtime filters: RF001[min_max] -> tpcds_partitioned_parquet_snap.catalog_sales.cs_ship_customer_sk, RF000[bloom] -> tpcds_partitioned_parquet_snap.catalog_sales.cs_ship_customer_sk, RF004[bloom] -> cs_sold_date_sk
|     stored statistics:
|       table: rows=1.44M size=151.13MB
|       partitions: 1831/1831 rows=1.44M
|       columns: all
|     extrapolated-rows=disabled max-scan-range-rows=7.18K est-scan-range=118(filtered from 1831)
|     mem-estimate=16.00MB mem-reservation=128.00KB thread-reservation=0
|     tuple-ids=8 row-size=8B cardinality=92.90K(filtered from 1.44M) cost=5900726
|     in pipelines: 10(GETNEXT)
|
09:HASH JOIN [INNER JOIN]
|  hash predicates: ws_sold_date_sk = d_date_sk
|  fk/pk conjuncts: ws_sold_date_sk = d_date_sk
|  runtime filters: RF002[bloom] <- d_date_sk
|  mem-estimate=1.94MB mem-reservation=1.94MB spill-buffer=64.00KB thread-reservation=0
|  tuple-ids=6,7 row-size=20B cardinality=46.54K cost=46658
|  in pipelines: 07(GETNEXT), 08(OPEN)
|
|--08:SCAN HDFS [tpcds_partitioned_parquet_snap.date_dim]
|     HDFS partitions=1/1 files=1 size=2.15MB
|     predicates: d_year = CAST(2002 AS INT), d_moy <= CAST(4 AS INT), d_moy >= CAST(1 AS INT)
|     stored statistics:
|       table: rows=73.05K size=2.15MB
|       columns: all
|     extrapolated-rows=disabled max-scan-range-rows=73.05K
|     parquet statistics predicates: d_year = CAST(2002 AS INT), d_moy <= CAST(4 AS INT), d_moy >= CAST(1 AS INT)
|     parquet dictionary predicates: d_year = CAST(2002 AS INT), d_moy <= CAST(4 AS INT), d_moy >= CAST(1 AS INT)
|     mem-estimate=16.00MB mem-reservation=512.00KB thread-reservation=0
|     tuple-ids=7 row-size=12B cardinality=118 cost=270004
|     in pipelines: 08(GETNEXT)
|
07:SCAN HDFS [tpcds_partitioned_parquet_snap.web_sales]
   HDFS partitions=1824/1824 files=1824 size=84.20MB
   runtime filters: RF001[min_max] -> tpcds_partitioned_parquet_snap.web_sales.ws_bill_customer_sk, RF000[bloom] -> tpcds_partitioned_parquet_snap.web_sales.ws_bill_customer_sk, RF002[bloom] -> ws_sold_date_sk
   stored statistics:
     table: rows=719.38K size=84.20MB
     partitions: 1824/1824 rows=719.38K
     columns: all
   extrapolated-rows=disabled max-scan-range-rows=1.12K est-scan-range=119(filtered from 1824)
   mem-estimate=16.00MB mem-reservation=128.00KB thread-reservation=0
   tuple-ids=6 row-size=8B cardinality=46.54K(filtered from 719.38K) cost=5950364
   in pipelines: 07(GETNEXT)
---- DISTRIBUTEDPLAN
Max Per-Host Resource Reservation: Memory=66.94MB Threads=23
Per-Host Resource Estimates: Memory=244MB
F12:PLAN FRAGMENT [UNPARTITIONED] hosts=1 instances=1
|  Per-Instance Resources: mem-estimate=4.06MB mem-reservation=4.00MB thread-reservation=1
|  max-parallelism=1 segment-costs=[1410] cpu-comparison-result=20 [max(1 (self) vs 20 (sum children))]
PLAN-ROOT SINK
|  output exprs: cd_gender, cd_marital_status, cd_education_status, count(*), cd_purchase_estimate, count(*), cd_credit_rating, count(*), cd_dep_count, count(*), cd_dep_employed_count, count(*), cd_dep_college_count, count(*)
|  mem-estimate=4.00MB mem-reservation=4.00MB spill-buffer=2.00MB thread-reservation=0 cost=1400
|
29:MERGING-EXCHANGE [UNPARTITIONED]
|  order by: cd_gender ASC, cd_marital_status ASC, cd_education_status ASC, cd_purchase_estimate ASC, cd_credit_rating ASC, cd_dep_count ASC, cd_dep_employed_count ASC, cd_dep_college_count ASC
|  limit: 100
|  mem-estimate=58.37KB mem-reservation=0B thread-reservation=0
|  tuple-ids=14 row-size=91B cardinality=100 cost=10
|  in pipelines: 18(GETNEXT)
|
F11:PLAN FRAGMENT [HASH(cd_gender,cd_marital_status,cd_education_status,cd_purchase_estimate,cd_credit_rating,cd_dep_count,cd_dep_employed_count,cd_dep_college_count)] hosts=3 instances=6 (adjusted from 48)
Per-Instance Resources: mem-estimate=10.18MB mem-reservation=1.94MB thread-reservation=1
max-parallelism=6 segment-costs=[2892, 800, 10] cpu-comparison-result=20 [max(6 (self) vs 20 (sum children))]
18:TOP-N [LIMIT=100]
|  order by: cd_gender ASC, cd_marital_status ASC, cd_education_status ASC, cd_purchase_estimate ASC, cd_credit_rating ASC, cd_dep_count ASC, cd_dep_employed_count ASC, cd_dep_college_count ASC
|  mem-estimate=8.85KB mem-reservation=0B thread-reservation=0
|  tuple-ids=14 row-size=91B cardinality=100 cost=800
|  in pipelines: 18(GETNEXT), 28(OPEN)
|
28:AGGREGATE [FINALIZE]
|  output: count:merge(*)
|  group by: cd_gender, cd_marital_status, cd_education_status, cd_purchase_estimate, cd_credit_rating, cd_dep_count, cd_dep_employed_count, cd_dep_college_count
|  mem-estimate=10.00MB mem-reservation=1.94MB spill-buffer=64.00KB thread-reservation=0
|  tuple-ids=13 row-size=91B cardinality=318 cost=2862
|  in pipelines: 28(GETNEXT), 07(OPEN), 10(OPEN)
|
27:EXCHANGE [HASH(cd_gender,cd_marital_status,cd_education_status,cd_purchase_estimate,cd_credit_rating,cd_dep_count,cd_dep_employed_count,cd_dep_college_count)]
|  mem-estimate=185.59KB mem-reservation=0B thread-reservation=0
|  tuple-ids=13 row-size=91B cardinality=318 cost=30
|  in pipelines: 07(GETNEXT), 10(GETNEXT)
|
F10:PLAN FRAGMENT [HASH(c.c_customer_sk)] hosts=3 instances=6 (adjusted from 48)
Per-Instance Resources: mem-estimate=12.42MB mem-reservation=2.00MB thread-reservation=1
max-parallelism=6 segment-costs=[143394, 30] cpu-comparison-result=20 [max(9 (self) vs 20 (sum children))]
17:AGGREGATE [STREAMING]
|  output: count(*)
|  group by: cd_gender, cd_marital_status, cd_education_status, cd_purchase_estimate, cd_credit_rating, cd_dep_count, cd_dep_employed_count, cd_dep_college_count
|  mem-estimate=10.00MB mem-reservation=2.00MB spill-buffer=64.00KB thread-reservation=0
|  tuple-ids=13 row-size=91B cardinality=318 cost=2862
|  in pipelines: 07(GETNEXT), 10(GETNEXT)
|
16:HASH JOIN [RIGHT SEMI JOIN, PARTITIONED]
|  hash-table-id=00
|  hash predicates: customer_sk = c.c_customer_sk
|  mem-estimate=0B mem-reservation=0B spill-buffer=64.00KB thread-reservation=0
|  tuple-ids=2,0,1 row-size=129B cardinality=318 cost=139442
|  in pipelines: 07(GETNEXT), 10(GETNEXT), 03(OPEN)
|
|--F13:PLAN FRAGMENT [HASH(c.c_customer_sk)] hosts=3 instances=6 (adjusted from 48)
|  |  Per-Instance Resources: mem-estimate=4.29MB mem-reservation=2.94MB thread-reservation=1 runtime-filters-memory=1.00MB
|  |  max-parallelism=6 segment-costs=[191756] cpu-comparison-result=12 [max(12 (self) vs 11 (sum children))]
|  JOIN BUILD
|  |  join-table-id=00 plan-id=01 cohort-id=01
|  |  build expressions: c.c_customer_sk
|  |  runtime filters: RF000[bloom] <- c.c_customer_sk, RF001[min_max] <- c.c_customer_sk
|  |  mem-estimate=1.94MB mem-reservation=1.94MB spill-buffer=64.00KB thread-reservation=0 cost=318
|  |
|  15:HASH JOIN [RIGHT SEMI JOIN, PARTITIONED]
|  |  hash-table-id=01
|  |  hash predicates: ss_customer_sk = c.c_customer_sk
|  |  mem-estimate=0B mem-reservation=0B spill-buffer=64.00KB thread-reservation=0
|  |  tuple-ids=2,0,1 row-size=129B cardinality=318 cost=186342
|  |  in pipelines: 03(GETNEXT), 02(OPEN)
|  |
|  |--F14:PLAN FRAGMENT [HASH(c.c_customer_sk)] hosts=3 instances=6 (adjusted from 48)
|  |  |  Per-Instance Resources: mem-estimate=3.02MB mem-reservation=2.94MB thread-reservation=1 runtime-filters-memory=1.00MB
|  |  |  max-parallelism=6 segment-costs=[362] cpu-comparison-result=7 [max(7 (self) vs 4 (sum children))]
|  |  JOIN BUILD
|  |  |  join-table-id=01 plan-id=02 cohort-id=02
|  |  |  build expressions: c.c_customer_sk
|  |  |  runtime filters: RF006[bloom] <- c.c_customer_sk, RF007[min_max] <- c.c_customer_sk
|  |  |  mem-estimate=1.94MB mem-reservation=1.94MB spill-buffer=64.00KB thread-reservation=0 cost=318
|  |  |
|  |  25:EXCHANGE [HASH(c.c_customer_sk)]
|  |  |  mem-estimate=83.56KB mem-reservation=0B thread-reservation=0
|  |  |  tuple-ids=2,0,1 row-size=129B cardinality=318 cost=44
|  |  |  in pipelines: 02(GETNEXT)
|  |  |
|  |  F07:PLAN FRAGMENT [RANDOM] hosts=1 instances=1
|  |  Per-Host Shared Resources: mem-estimate=1.00MB mem-reservation=1.00MB thread-reservation=0 runtime-filters-memory=1.00MB
|  |  Per-Instance Resources: mem-estimate=19.29MB mem-reservation=8.00MB thread-reservation=1
|  |  max-parallelism=1 segment-costs=[258499]
|  |  14:HASH JOIN [INNER JOIN, BROADCAST]
|  |  |  hash-table-id=02
|  |  |  hash predicates: c.c_current_addr_sk = ca.ca_address_sk
|  |  |  fk/pk conjuncts: c.c_current_addr_sk = ca.ca_address_sk
|  |  |  mem-estimate=0B mem-reservation=0B spill-buffer=64.00KB thread-reservation=0
|  |  |  tuple-ids=2,0,1 row-size=129B cardinality=318 cost=100000
|  |  |  in pipelines: 02(GETNEXT), 01(OPEN)
|  |  |
|  |  |--F15:PLAN FRAGMENT [RANDOM] hosts=1 instances=1
|  |  |  |  Per-Instance Resources: mem-estimate=2.95MB mem-reservation=2.94MB thread-reservation=1 runtime-filters-memory=1.00MB
|  |  |  |  max-parallelism=1 segment-costs=[142]
|  |  |  JOIN BUILD
|  |  |  |  join-table-id=02 plan-id=03 cohort-id=03
|  |  |  |  build expressions: ca.ca_address_sk
|  |  |  |  runtime filters: RF010[bloom] <- ca.ca_address_sk, RF011[min_max] <- ca.ca_address_sk
|  |  |  |  mem-estimate=1.94MB mem-reservation=1.94MB spill-buffer=64.00KB thread-reservation=0 cost=137
|  |  |  |
|  |  |  23:EXCHANGE [BROADCAST]
|  |  |  |  mem-estimate=16.00KB mem-reservation=0B thread-reservation=0
|  |  |  |  tuple-ids=1 row-size=30B cardinality=137 cost=5
|  |  |  |  in pipelines: 01(GETNEXT)
|  |  |  |
|  |  |  F09:PLAN FRAGMENT [RANDOM] hosts=1 instances=1
|  |  |  Per-Instance Resources: mem-estimate=16.13MB mem-reservation=512.00KB thread-reservation=1
|  |  |  max-parallelism=1 segment-costs=[101468]
|  |  |  01:SCAN HDFS [tpcds_partitioned_parquet_snap.customer_address ca, RANDOM]
|  |  |     HDFS partitions=1/1 files=1 size=1.16MB
|  |  |     predicates: ca_county IN ('Rush County', 'Toole County', 'Jefferson County', 'Dona Ana County', 'La Porte County')
|  |  |     stored statistics:
|  |  |       table: rows=50.00K size=1.16MB
|  |  |       columns: all
|  |  |     extrapolated-rows=disabled max-scan-range-rows=50.00K
|  |  |     parquet statistics predicates: ca_county IN ('Rush County', 'Toole County', 'Jefferson County', 'Dona Ana County', 'La Porte County')
|  |  |     parquet dictionary predicates: ca_county IN ('Rush County', 'Toole County', 'Jefferson County', 'Dona Ana County', 'La Porte County')
|  |  |     mem-estimate=16.00MB mem-reservation=512.00KB thread-reservation=0
|  |  |     tuple-ids=1 row-size=30B cardinality=137 cost=101463
|  |  |     in pipelines: 01(GETNEXT)
|  |  |
|  |  13:HASH JOIN [INNER JOIN, BROADCAST]
|  |  |  hash-table-id=03
|  |  |  hash predicates: cd_demo_sk = c.c_current_cdemo_sk
|  |  |  fk/pk conjuncts: none
|  |  |  mem-estimate=0B mem-reservation=0B spill-buffer=512.00KB thread-reservation=0
|  |  |  tuple-ids=2,0 row-size=99B cardinality=100.00K cost=100000
|  |  |  in pipelines: 02(GETNEXT), 00(OPEN)
|  |  |
|  |  |--F16:PLAN FRAGMENT [RANDOM] hosts=1 instances=1
|  |  |  |  Per-Instance Resources: mem-estimate=10.66MB mem-reservation=9.50MB thread-reservation=1 runtime-filters-memory=1.00MB
|  |  |  |  max-parallelism=1 segment-costs=[101563]
|  |  |  JOIN BUILD
|  |  |  |  join-table-id=03 plan-id=04 cohort-id=03
|  |  |  |  build expressions: c.c_current_cdemo_sk
|  |  |  |  runtime filters: RF012[bloom] <- c.c_current_cdemo_sk, RF013[min_max] <- c.c_current_cdemo_sk
|  |  |  |  mem-estimate=8.50MB mem-reservation=8.50MB spill-buffer=512.00KB thread-reservation=0 cost=100000
|  |  |  |
|  |  |  22:EXCHANGE [BROADCAST]
|  |  |  |  mem-estimate=1.16MB mem-reservation=0B thread-reservation=0
|  |  |  |  tuple-ids=0 row-size=12B cardinality=100.00K cost=1563
|  |  |  |  in pipelines: 00(GETNEXT)
|  |  |  |
|  |  |  F08:PLAN FRAGMENT [RANDOM] hosts=1 instances=1
|  |  |  Per-Host Shared Resources: mem-estimate=1.00MB mem-reservation=1.00MB thread-reservation=0 runtime-filters-memory=1.00MB
|  |  |  Per-Instance Resources: mem-estimate=16.06MB mem-reservation=2.00MB thread-reservation=1
|  |  |  max-parallelism=1 segment-costs=[52735]
|  |  |  00:SCAN HDFS [tpcds_partitioned_parquet_snap.customer c, RANDOM]
|  |  |     HDFS partitions=1/1 files=1 size=5.49MB
|  |  |     runtime filters: RF011[min_max] -> c.c_current_addr_sk, RF010[bloom] -> c.c_current_addr_sk
|  |  |     stored statistics:
|  |  |       table: rows=100.00K size=5.49MB
|  |  |       columns: all
|  |  |     extrapolated-rows=disabled max-scan-range-rows=100.00K
|  |  |     mem-estimate=16.00MB mem-reservation=2.00MB thread-reservation=0
|  |  |     tuple-ids=0 row-size=12B cardinality=100.00K cost=51172
|  |  |     in pipelines: 00(GETNEXT)
|  |  |
|  |  02:SCAN HDFS [tpcds_partitioned_parquet_snap.customer_demographics, RANDOM]
|  |     HDFS partitions=1/1 files=1 size=7.49MB
|  |     runtime filters: RF013[min_max] -> cd_demo_sk, RF012[bloom] -> cd_demo_sk
|  |     stored statistics:
|  |       table: rows=1.92M size=7.49MB
|  |       columns: all
|  |     extrapolated-rows=disabled max-scan-range-rows=1.92M
|  |     mem-estimate=16.00MB mem-reservation=8.00MB thread-reservation=0
|  |     tuple-ids=2 row-size=87B cardinality=100.00K(filtered from 1.92M) cost=58455
|  |     in pipelines: 02(GETNEXT)
|  |
|  24:EXCHANGE [HASH(ss_customer_sk)]
|  |  mem-estimate=1.35MB mem-reservation=0B thread-reservation=0
|  |  tuple-ids=3,4 row-size=20B cardinality=186.34K cost=5096
|  |  in pipelines: 03(GETNEXT)
|  |
|  F05:PLAN FRAGMENT [RANDOM] hosts=3 instances=6 (adjusted from 48)
|  Per-Host Shared Resources: mem-estimate=2.00MB mem-reservation=2.00MB thread-reservation=0 runtime-filters-memory=2.00MB
|  Per-Instance Resources: mem-estimate=16.66MB mem-reservation=512.00KB thread-reservation=1
|  max-parallelism=6 segment-costs=[6142894]
|  05:HASH JOIN [INNER JOIN, BROADCAST]
|  |  hash-table-id=04
|  |  hash predicates: ss_sold_date_sk = d_date_sk
|  |  fk/pk conjuncts: ss_sold_date_sk = d_date_sk
|  |  mem-estimate=0B mem-reservation=0B spill-buffer=64.00KB thread-reservation=0
|  |  tuple-ids=3,4 row-size=20B cardinality=186.34K cost=186342
|  |  in pipelines: 03(GETNEXT), 04(OPEN)
|  |
|  |--F17:PLAN FRAGMENT [RANDOM] hosts=3 instances=3
|  |  |  Per-Instance Resources: mem-estimate=4.89MB mem-reservation=4.88MB thread-reservation=1 runtime-filters-memory=1.00MB
|  |  |  max-parallelism=3 segment-costs=[124]
|  |  JOIN BUILD
|  |  |  join-table-id=04 plan-id=05 cohort-id=02
|  |  |  build expressions: d_date_sk
|  |  |  runtime filters: RF008[bloom] <- d_date_sk
|  |  |  mem-estimate=3.88MB mem-reservation=3.88MB spill-buffer=64.00KB thread-reservation=0 cost=118
|  |  |
|  |  21:EXCHANGE [BROADCAST]
|  |  |  mem-estimate=16.00KB mem-reservation=0B thread-reservation=0
|  |  |  tuple-ids=4 row-size=12B cardinality=118 cost=6
|  |  |  in pipelines: 04(GETNEXT)
|  |  |
|  |  F06:PLAN FRAGMENT [RANDOM] hosts=1 instances=1
|  |  Per-Instance Resources: mem-estimate=16.06MB mem-reservation=512.00KB thread-reservation=1
|  |  max-parallelism=1 segment-costs=[270006]
|  |  04:SCAN HDFS [tpcds_partitioned_parquet_snap.date_dim, RANDOM]
|  |     HDFS partitions=1/1 files=1 size=2.15MB
|  |     predicates: d_year = CAST(2002 AS INT), d_moy <= CAST(4 AS INT), d_moy >= CAST(1 AS INT)
|  |     stored statistics:
|  |       table: rows=73.05K size=2.15MB
|  |       columns: all
|  |     extrapolated-rows=disabled max-scan-range-rows=73.05K
|  |     parquet statistics predicates: d_year = CAST(2002 AS INT), d_moy <= CAST(4 AS INT), d_moy >= CAST(1 AS INT)
|  |     parquet dictionary predicates: d_year = CAST(2002 AS INT), d_moy <= CAST(4 AS INT), d_moy >= CAST(1 AS INT)
|  |     mem-estimate=16.00MB mem-reservation=512.00KB thread-reservation=0
|  |     tuple-ids=4 row-size=12B cardinality=118 cost=270004
|  |     in pipelines: 04(GETNEXT)
|  |
|  03:SCAN HDFS [tpcds_partitioned_parquet_snap.store_sales, RANDOM]
|     HDFS partitions=1824/1824 files=1824 size=199.36MB
|     runtime filters: RF007[min_max] -> ss_customer_sk, RF006[bloom] -> ss_customer_sk, RF008[bloom] -> ss_sold_date_sk
|     stored statistics:
|       table: rows=2.88M size=199.36MB
|       partitions: 1824/1824 rows=2.88M
|       columns: all
|     extrapolated-rows=disabled max-scan-range-rows=130.09K est-scan-range=119(filtered from 1824)
|     mem-estimate=16.00MB mem-reservation=512.00KB thread-reservation=0
|     tuple-ids=3 row-size=8B cardinality=186.34K(filtered from 2.88M) cost=5951456
|     in pipelines: 03(GETNEXT)
|
26:EXCHANGE [HASH(customer_sk)]
|  mem-estimate=205.56KB mem-reservation=0B thread-reservation=0
|  tuple-ids=10 row-size=4B cardinality=139.44K cost=1090
|  in pipelines: 07(GETNEXT), 10(GETNEXT)
|
F04:PLAN FRAGMENT [RANDOM] hosts=3 instances=3 (adjusted from 48)
Per-Host Shared Resources: mem-estimate=3.00MB mem-reservation=3.00MB thread-reservation=0 runtime-filters-memory=3.00MB
Per-Instance Resources: mem-estimate=16.19MB mem-reservation=128.00KB thread-reservation=1
max-parallelism=3 segment-costs=[12828274]
06:UNION
|  mem-estimate=0B mem-reservation=0B thread-reservation=0
|  tuple-ids=10 row-size=4B cardinality=139.44K cost=836652
|  in pipelines: 07(GETNEXT), 10(GETNEXT)
|
|--12:HASH JOIN [INNER JOIN, BROADCAST]
|  |  hash-table-id=06
|  |  hash predicates: cs_sold_date_sk = d_date_sk
|  |  fk/pk conjuncts: cs_sold_date_sk = d_date_sk
|  |  mem-estimate=0B mem-reservation=0B spill-buffer=64.00KB thread-reservation=0
|  |  tuple-ids=8,9 row-size=20B cardinality=92.90K cost=92902
|  |  in pipelines: 10(GETNEXT), 11(OPEN)
|  |
|  |--F19:PLAN FRAGMENT [RANDOM] hosts=3 instances=3
|  |  |  Per-Instance Resources: mem-estimate=2.95MB mem-reservation=2.94MB thread-reservation=1 runtime-filters-memory=1.00MB
|  |  |  max-parallelism=3 segment-costs=[124]
|  |  JOIN BUILD
|  |  |  join-table-id=06 plan-id=07 cohort-id=01
|  |  |  build expressions: d_date_sk
|  |  |  runtime filters: RF004[bloom] <- d_date_sk
|  |  |  mem-estimate=1.94MB mem-reservation=1.94MB spill-buffer=64.00KB thread-reservation=0 cost=118
|  |  |
|  |  20:EXCHANGE [BROADCAST]
|  |  |  mem-estimate=16.00KB mem-reservation=0B thread-reservation=0
|  |  |  tuple-ids=9 row-size=12B cardinality=118 cost=6
|  |  |  in pipelines: 11(GETNEXT)
|  |  |
|  |  F03:PLAN FRAGMENT [RANDOM] hosts=1 instances=1
|  |  Per-Instance Resources: mem-estimate=16.06MB mem-reservation=512.00KB thread-reservation=1
|  |  max-parallelism=1 segment-costs=[270006]
|  |  11:SCAN HDFS [tpcds_partitioned_parquet_snap.date_dim, RANDOM]
|  |     HDFS partitions=1/1 files=1 size=2.15MB
|  |     predicates: d_year = CAST(2002 AS INT), d_moy <= CAST(4 AS INT), d_moy >= CAST(1 AS INT)
|  |     stored statistics:
|  |       table: rows=73.05K size=2.15MB
|  |       columns: all
|  |     extrapolated-rows=disabled max-scan-range-rows=73.05K
|  |     parquet statistics predicates: d_year = CAST(2002 AS INT), d_moy <= CAST(4 AS INT), d_moy >= CAST(1 AS INT)
|  |     parquet dictionary predicates: d_year = CAST(2002 AS INT), d_moy <= CAST(4 AS INT), d_moy >= CAST(1 AS INT)
|  |     mem-estimate=16.00MB mem-reservation=512.00KB thread-reservation=0
|  |     tuple-ids=9 row-size=12B cardinality=118 cost=270004
|  |     in pipelines: 11(GETNEXT)
|  |
|  10:SCAN HDFS [tpcds_partitioned_parquet_snap.catalog_sales, RANDOM]
|     HDFS partitions=1831/1831 files=1831 size=151.13MB
|     runtime filters: RF001[min_max] -> tpcds_partitioned_parquet_snap.catalog_sales.cs_ship_customer_sk, RF000[bloom] -> tpcds_partitioned_parquet_snap.catalog_sales.cs_ship_customer_sk, RF004[bloom] -> cs_sold_date_sk
|     stored statistics:
|       table: rows=1.44M size=151.13MB
|       partitions: 1831/1831 rows=1.44M
|       columns: all
|     extrapolated-rows=disabled max-scan-range-rows=7.18K est-scan-range=118(filtered from 1831)
|     mem-estimate=16.00MB mem-reservation=128.00KB thread-reservation=0
|     tuple-ids=8 row-size=8B cardinality=92.90K(filtered from 1.44M) cost=5900726
|     in pipelines: 10(GETNEXT)
|
09:HASH JOIN [INNER JOIN, BROADCAST]
|  hash-table-id=05
|  hash predicates: ws_sold_date_sk = d_date_sk
|  fk/pk conjuncts: ws_sold_date_sk = d_date_sk
|  mem-estimate=0B mem-reservation=0B spill-buffer=64.00KB thread-reservation=0
|  tuple-ids=6,7 row-size=20B cardinality=46.54K cost=46540
|  in pipelines: 07(GETNEXT), 08(OPEN)
|
|--F18:PLAN FRAGMENT [RANDOM] hosts=3 instances=3
|  |  Per-Instance Resources: mem-estimate=2.95MB mem-reservation=2.94MB thread-reservation=1 runtime-filters-memory=1.00MB
|  |  max-parallelism=3 segment-costs=[124]
|  JOIN BUILD
|  |  join-table-id=05 plan-id=06 cohort-id=01
|  |  build expressions: d_date_sk
|  |  runtime filters: RF002[bloom] <- d_date_sk
|  |  mem-estimate=1.94MB mem-reservation=1.94MB spill-buffer=64.00KB thread-reservation=0 cost=118
|  |
|  19:EXCHANGE [BROADCAST]
|  |  mem-estimate=16.00KB mem-reservation=0B thread-reservation=0
|  |  tuple-ids=7 row-size=12B cardinality=118 cost=6
|  |  in pipelines: 08(GETNEXT)
|  |
|  F01:PLAN FRAGMENT [RANDOM] hosts=1 instances=1
|  Per-Instance Resources: mem-estimate=16.06MB mem-reservation=512.00KB thread-reservation=1
|  max-parallelism=1 segment-costs=[270006]
|  08:SCAN HDFS [tpcds_partitioned_parquet_snap.date_dim, RANDOM]
|     HDFS partitions=1/1 files=1 size=2.15MB
|     predicates: d_year = CAST(2002 AS INT), d_moy <= CAST(4 AS INT), d_moy >= CAST(1 AS INT)
|     stored statistics:
|       table: rows=73.05K size=2.15MB
|       columns: all
|     extrapolated-rows=disabled max-scan-range-rows=73.05K
|     parquet statistics predicates: d_year = CAST(2002 AS INT), d_moy <= CAST(4 AS INT), d_moy >= CAST(1 AS INT)
|     parquet dictionary predicates: d_year = CAST(2002 AS INT), d_moy <= CAST(4 AS INT), d_moy >= CAST(1 AS INT)
|     mem-estimate=16.00MB mem-reservation=512.00KB thread-reservation=0
|     tuple-ids=7 row-size=12B cardinality=118 cost=270004
|     in pipelines: 08(GETNEXT)
|
07:SCAN HDFS [tpcds_partitioned_parquet_snap.web_sales, RANDOM]
   HDFS partitions=1824/1824 files=1824 size=84.20MB
   runtime filters: RF001[min_max] -> tpcds_partitioned_parquet_snap.web_sales.ws_bill_customer_sk, RF000[bloom] -> tpcds_partitioned_parquet_snap.web_sales.ws_bill_customer_sk, RF002[bloom] -> ws_sold_date_sk
   stored statistics:
     table: rows=719.38K size=84.20MB
     partitions: 1824/1824 rows=719.38K
     columns: all
   extrapolated-rows=disabled max-scan-range-rows=1.12K est-scan-range=119(filtered from 1824)
   mem-estimate=16.00MB mem-reservation=128.00KB thread-reservation=0
   tuple-ids=6 row-size=8B cardinality=46.54K(filtered from 719.38K) cost=5950364
   in pipelines: 07(GETNEXT)
---- PARALLELPLANS
Max Per-Host Resource Reservation: Memory=66.94MB Threads=23
Per-Host Resource Estimates: Memory=244MB
F12:PLAN FRAGMENT [UNPARTITIONED] hosts=1 instances=1
|  Per-Instance Resources: mem-estimate=4.06MB mem-reservation=4.00MB thread-reservation=1
|  max-parallelism=1 segment-costs=[1410] cpu-comparison-result=20 [max(1 (self) vs 20 (sum children))]
PLAN-ROOT SINK
|  output exprs: cd_gender, cd_marital_status, cd_education_status, count(*), cd_purchase_estimate, count(*), cd_credit_rating, count(*), cd_dep_count, count(*), cd_dep_employed_count, count(*), cd_dep_college_count, count(*)
|  mem-estimate=4.00MB mem-reservation=4.00MB spill-buffer=2.00MB thread-reservation=0 cost=1400
|
29:MERGING-EXCHANGE [UNPARTITIONED]
|  order by: cd_gender ASC, cd_marital_status ASC, cd_education_status ASC, cd_purchase_estimate ASC, cd_credit_rating ASC, cd_dep_count ASC, cd_dep_employed_count ASC, cd_dep_college_count ASC
|  limit: 100
|  mem-estimate=58.37KB mem-reservation=0B thread-reservation=0
|  tuple-ids=14 row-size=91B cardinality=100 cost=10
|  in pipelines: 18(GETNEXT)
|
F11:PLAN FRAGMENT [HASH(cd_gender,cd_marital_status,cd_education_status,cd_purchase_estimate,cd_credit_rating,cd_dep_count,cd_dep_employed_count,cd_dep_college_count)] hosts=3 instances=6 (adjusted from 48)
Per-Instance Resources: mem-estimate=10.18MB mem-reservation=1.94MB thread-reservation=1
max-parallelism=6 segment-costs=[2892, 800, 10] cpu-comparison-result=20 [max(6 (self) vs 20 (sum children))]
18:TOP-N [LIMIT=100]
|  order by: cd_gender ASC, cd_marital_status ASC, cd_education_status ASC, cd_purchase_estimate ASC, cd_credit_rating ASC, cd_dep_count ASC, cd_dep_employed_count ASC, cd_dep_college_count ASC
|  mem-estimate=8.85KB mem-reservation=0B thread-reservation=0
|  tuple-ids=14 row-size=91B cardinality=100 cost=800
|  in pipelines: 18(GETNEXT), 28(OPEN)
|
28:AGGREGATE [FINALIZE]
|  output: count:merge(*)
|  group by: cd_gender, cd_marital_status, cd_education_status, cd_purchase_estimate, cd_credit_rating, cd_dep_count, cd_dep_employed_count, cd_dep_college_count
|  mem-estimate=10.00MB mem-reservation=1.94MB spill-buffer=64.00KB thread-reservation=0
|  tuple-ids=13 row-size=91B cardinality=318 cost=2862
|  in pipelines: 28(GETNEXT), 07(OPEN), 10(OPEN)
|
27:EXCHANGE [HASH(cd_gender,cd_marital_status,cd_education_status,cd_purchase_estimate,cd_credit_rating,cd_dep_count,cd_dep_employed_count,cd_dep_college_count)]
|  mem-estimate=185.59KB mem-reservation=0B thread-reservation=0
|  tuple-ids=13 row-size=91B cardinality=318 cost=30
|  in pipelines: 07(GETNEXT), 10(GETNEXT)
|
F10:PLAN FRAGMENT [HASH(c.c_customer_sk)] hosts=3 instances=6 (adjusted from 48)
Per-Instance Resources: mem-estimate=12.42MB mem-reservation=2.00MB thread-reservation=1
max-parallelism=6 segment-costs=[143394, 30] cpu-comparison-result=20 [max(9 (self) vs 20 (sum children))]
17:AGGREGATE [STREAMING]
|  output: count(*)
|  group by: cd_gender, cd_marital_status, cd_education_status, cd_purchase_estimate, cd_credit_rating, cd_dep_count, cd_dep_employed_count, cd_dep_college_count
|  mem-estimate=10.00MB mem-reservation=2.00MB spill-buffer=64.00KB thread-reservation=0
|  tuple-ids=13 row-size=91B cardinality=318 cost=2862
|  in pipelines: 07(GETNEXT), 10(GETNEXT)
|
16:HASH JOIN [RIGHT SEMI JOIN, PARTITIONED]
|  hash-table-id=00
|  hash predicates: customer_sk = c.c_customer_sk
|  mem-estimate=0B mem-reservation=0B spill-buffer=64.00KB thread-reservation=0
|  tuple-ids=2,0,1 row-size=129B cardinality=318 cost=139442
|  in pipelines: 07(GETNEXT), 10(GETNEXT), 03(OPEN)
|
|--F13:PLAN FRAGMENT [HASH(c.c_customer_sk)] hosts=3 instances=6 (adjusted from 48)
|  |  Per-Instance Resources: mem-estimate=4.29MB mem-reservation=2.94MB thread-reservation=1 runtime-filters-memory=1.00MB
|  |  max-parallelism=6 segment-costs=[191756] cpu-comparison-result=12 [max(12 (self) vs 11 (sum children))]
|  JOIN BUILD
|  |  join-table-id=00 plan-id=01 cohort-id=01
|  |  build expressions: c.c_customer_sk
|  |  runtime filters: RF000[bloom] <- c.c_customer_sk, RF001[min_max] <- c.c_customer_sk
|  |  mem-estimate=1.94MB mem-reservation=1.94MB spill-buffer=64.00KB thread-reservation=0 cost=318
|  |
|  15:HASH JOIN [RIGHT SEMI JOIN, PARTITIONED]
|  |  hash-table-id=01
|  |  hash predicates: ss_customer_sk = c.c_customer_sk
|  |  mem-estimate=0B mem-reservation=0B spill-buffer=64.00KB thread-reservation=0
|  |  tuple-ids=2,0,1 row-size=129B cardinality=318 cost=186342
|  |  in pipelines: 03(GETNEXT), 02(OPEN)
|  |
|  |--F14:PLAN FRAGMENT [HASH(c.c_customer_sk)] hosts=3 instances=6 (adjusted from 48)
|  |  |  Per-Instance Resources: mem-estimate=3.02MB mem-reservation=2.94MB thread-reservation=1 runtime-filters-memory=1.00MB
|  |  |  max-parallelism=6 segment-costs=[362] cpu-comparison-result=7 [max(7 (self) vs 4 (sum children))]
|  |  JOIN BUILD
|  |  |  join-table-id=01 plan-id=02 cohort-id=02
|  |  |  build expressions: c.c_customer_sk
|  |  |  runtime filters: RF006[bloom] <- c.c_customer_sk, RF007[min_max] <- c.c_customer_sk
|  |  |  mem-estimate=1.94MB mem-reservation=1.94MB spill-buffer=64.00KB thread-reservation=0 cost=318
|  |  |
|  |  25:EXCHANGE [HASH(c.c_customer_sk)]
|  |  |  mem-estimate=83.56KB mem-reservation=0B thread-reservation=0
|  |  |  tuple-ids=2,0,1 row-size=129B cardinality=318 cost=44
|  |  |  in pipelines: 02(GETNEXT)
|  |  |
|  |  F07:PLAN FRAGMENT [RANDOM] hosts=1 instances=1
|  |  Per-Host Shared Resources: mem-estimate=1.00MB mem-reservation=1.00MB thread-reservation=0 runtime-filters-memory=1.00MB
|  |  Per-Instance Resources: mem-estimate=19.29MB mem-reservation=8.00MB thread-reservation=1
|  |  max-parallelism=1 segment-costs=[258499]
|  |  14:HASH JOIN [INNER JOIN, BROADCAST]
|  |  |  hash-table-id=02
|  |  |  hash predicates: c.c_current_addr_sk = ca.ca_address_sk
|  |  |  fk/pk conjuncts: c.c_current_addr_sk = ca.ca_address_sk
|  |  |  mem-estimate=0B mem-reservation=0B spill-buffer=64.00KB thread-reservation=0
|  |  |  tuple-ids=2,0,1 row-size=129B cardinality=318 cost=100000
|  |  |  in pipelines: 02(GETNEXT), 01(OPEN)
|  |  |
|  |  |--F15:PLAN FRAGMENT [RANDOM] hosts=1 instances=1
|  |  |  |  Per-Instance Resources: mem-estimate=2.95MB mem-reservation=2.94MB thread-reservation=1 runtime-filters-memory=1.00MB
|  |  |  |  max-parallelism=1 segment-costs=[142]
|  |  |  JOIN BUILD
|  |  |  |  join-table-id=02 plan-id=03 cohort-id=03
|  |  |  |  build expressions: ca.ca_address_sk
|  |  |  |  runtime filters: RF010[bloom] <- ca.ca_address_sk, RF011[min_max] <- ca.ca_address_sk
|  |  |  |  mem-estimate=1.94MB mem-reservation=1.94MB spill-buffer=64.00KB thread-reservation=0 cost=137
|  |  |  |
|  |  |  23:EXCHANGE [BROADCAST]
|  |  |  |  mem-estimate=16.00KB mem-reservation=0B thread-reservation=0
|  |  |  |  tuple-ids=1 row-size=30B cardinality=137 cost=5
|  |  |  |  in pipelines: 01(GETNEXT)
|  |  |  |
|  |  |  F09:PLAN FRAGMENT [RANDOM] hosts=1 instances=1
|  |  |  Per-Instance Resources: mem-estimate=16.13MB mem-reservation=512.00KB thread-reservation=1
|  |  |  max-parallelism=1 segment-costs=[101468]
|  |  |  01:SCAN HDFS [tpcds_partitioned_parquet_snap.customer_address ca, RANDOM]
|  |  |     HDFS partitions=1/1 files=1 size=1.16MB
|  |  |     predicates: ca_county IN ('Rush County', 'Toole County', 'Jefferson County', 'Dona Ana County', 'La Porte County')
|  |  |     stored statistics:
|  |  |       table: rows=50.00K size=1.16MB
|  |  |       columns: all
|  |  |     extrapolated-rows=disabled max-scan-range-rows=50.00K
|  |  |     parquet statistics predicates: ca_county IN ('Rush County', 'Toole County', 'Jefferson County', 'Dona Ana County', 'La Porte County')
|  |  |     parquet dictionary predicates: ca_county IN ('Rush County', 'Toole County', 'Jefferson County', 'Dona Ana County', 'La Porte County')
|  |  |     mem-estimate=16.00MB mem-reservation=512.00KB thread-reservation=0
|  |  |     tuple-ids=1 row-size=30B cardinality=137 cost=101463
|  |  |     in pipelines: 01(GETNEXT)
|  |  |
|  |  13:HASH JOIN [INNER JOIN, BROADCAST]
|  |  |  hash-table-id=03
|  |  |  hash predicates: cd_demo_sk = c.c_current_cdemo_sk
|  |  |  fk/pk conjuncts: none
|  |  |  mem-estimate=0B mem-reservation=0B spill-buffer=512.00KB thread-reservation=0
|  |  |  tuple-ids=2,0 row-size=99B cardinality=100.00K cost=100000
|  |  |  in pipelines: 02(GETNEXT), 00(OPEN)
|  |  |
|  |  |--F16:PLAN FRAGMENT [RANDOM] hosts=1 instances=1
|  |  |  |  Per-Instance Resources: mem-estimate=10.66MB mem-reservation=9.50MB thread-reservation=1 runtime-filters-memory=1.00MB
|  |  |  |  max-parallelism=1 segment-costs=[101563]
|  |  |  JOIN BUILD
|  |  |  |  join-table-id=03 plan-id=04 cohort-id=03
|  |  |  |  build expressions: c.c_current_cdemo_sk
|  |  |  |  runtime filters: RF012[bloom] <- c.c_current_cdemo_sk, RF013[min_max] <- c.c_current_cdemo_sk
|  |  |  |  mem-estimate=8.50MB mem-reservation=8.50MB spill-buffer=512.00KB thread-reservation=0 cost=100000
|  |  |  |
|  |  |  22:EXCHANGE [BROADCAST]
|  |  |  |  mem-estimate=1.16MB mem-reservation=0B thread-reservation=0
|  |  |  |  tuple-ids=0 row-size=12B cardinality=100.00K cost=1563
|  |  |  |  in pipelines: 00(GETNEXT)
|  |  |  |
|  |  |  F08:PLAN FRAGMENT [RANDOM] hosts=1 instances=1
|  |  |  Per-Host Shared Resources: mem-estimate=1.00MB mem-reservation=1.00MB thread-reservation=0 runtime-filters-memory=1.00MB
|  |  |  Per-Instance Resources: mem-estimate=16.06MB mem-reservation=2.00MB thread-reservation=1
|  |  |  max-parallelism=1 segment-costs=[52735]
|  |  |  00:SCAN HDFS [tpcds_partitioned_parquet_snap.customer c, RANDOM]
|  |  |     HDFS partitions=1/1 files=1 size=5.49MB
|  |  |     runtime filters: RF011[min_max] -> c.c_current_addr_sk, RF010[bloom] -> c.c_current_addr_sk
|  |  |     stored statistics:
|  |  |       table: rows=100.00K size=5.49MB
|  |  |       columns: all
|  |  |     extrapolated-rows=disabled max-scan-range-rows=100.00K
|  |  |     mem-estimate=16.00MB mem-reservation=2.00MB thread-reservation=0
|  |  |     tuple-ids=0 row-size=12B cardinality=100.00K cost=51172
|  |  |     in pipelines: 00(GETNEXT)
|  |  |
|  |  02:SCAN HDFS [tpcds_partitioned_parquet_snap.customer_demographics, RANDOM]
|  |     HDFS partitions=1/1 files=1 size=7.49MB
|  |     runtime filters: RF013[min_max] -> cd_demo_sk, RF012[bloom] -> cd_demo_sk
|  |     stored statistics:
|  |       table: rows=1.92M size=7.49MB
|  |       columns: all
|  |     extrapolated-rows=disabled max-scan-range-rows=1.92M
|  |     mem-estimate=16.00MB mem-reservation=8.00MB thread-reservation=0
|  |     tuple-ids=2 row-size=87B cardinality=100.00K(filtered from 1.92M) cost=58455
|  |     in pipelines: 02(GETNEXT)
|  |
|  24:EXCHANGE [HASH(ss_customer_sk)]
|  |  mem-estimate=1.35MB mem-reservation=0B thread-reservation=0
|  |  tuple-ids=3,4 row-size=20B cardinality=186.34K cost=5096
|  |  in pipelines: 03(GETNEXT)
|  |
|  F05:PLAN FRAGMENT [RANDOM] hosts=3 instances=6 (adjusted from 48)
|  Per-Host Shared Resources: mem-estimate=2.00MB mem-reservation=2.00MB thread-reservation=0 runtime-filters-memory=2.00MB
|  Per-Instance Resources: mem-estimate=16.66MB mem-reservation=512.00KB thread-reservation=1
|  max-parallelism=6 segment-costs=[6142894]
|  05:HASH JOIN [INNER JOIN, BROADCAST]
|  |  hash-table-id=04
|  |  hash predicates: ss_sold_date_sk = d_date_sk
|  |  fk/pk conjuncts: ss_sold_date_sk = d_date_sk
|  |  mem-estimate=0B mem-reservation=0B spill-buffer=64.00KB thread-reservation=0
|  |  tuple-ids=3,4 row-size=20B cardinality=186.34K cost=186342
|  |  in pipelines: 03(GETNEXT), 04(OPEN)
|  |
|  |--F17:PLAN FRAGMENT [RANDOM] hosts=3 instances=3
|  |  |  Per-Instance Resources: mem-estimate=4.89MB mem-reservation=4.88MB thread-reservation=1 runtime-filters-memory=1.00MB
|  |  |  max-parallelism=3 segment-costs=[124]
|  |  JOIN BUILD
|  |  |  join-table-id=04 plan-id=05 cohort-id=02
|  |  |  build expressions: d_date_sk
|  |  |  runtime filters: RF008[bloom] <- d_date_sk
|  |  |  mem-estimate=3.88MB mem-reservation=3.88MB spill-buffer=64.00KB thread-reservation=0 cost=118
|  |  |
|  |  21:EXCHANGE [BROADCAST]
|  |  |  mem-estimate=16.00KB mem-reservation=0B thread-reservation=0
|  |  |  tuple-ids=4 row-size=12B cardinality=118 cost=6
|  |  |  in pipelines: 04(GETNEXT)
|  |  |
|  |  F06:PLAN FRAGMENT [RANDOM] hosts=1 instances=1
|  |  Per-Instance Resources: mem-estimate=16.06MB mem-reservation=512.00KB thread-reservation=1
|  |  max-parallelism=1 segment-costs=[270006]
|  |  04:SCAN HDFS [tpcds_partitioned_parquet_snap.date_dim, RANDOM]
|  |     HDFS partitions=1/1 files=1 size=2.15MB
|  |     predicates: d_year = CAST(2002 AS INT), d_moy <= CAST(4 AS INT), d_moy >= CAST(1 AS INT)
|  |     stored statistics:
|  |       table: rows=73.05K size=2.15MB
|  |       columns: all
|  |     extrapolated-rows=disabled max-scan-range-rows=73.05K
|  |     parquet statistics predicates: d_year = CAST(2002 AS INT), d_moy <= CAST(4 AS INT), d_moy >= CAST(1 AS INT)
|  |     parquet dictionary predicates: d_year = CAST(2002 AS INT), d_moy <= CAST(4 AS INT), d_moy >= CAST(1 AS INT)
|  |     mem-estimate=16.00MB mem-reservation=512.00KB thread-reservation=0
|  |     tuple-ids=4 row-size=12B cardinality=118 cost=270004
|  |     in pipelines: 04(GETNEXT)
|  |
|  03:SCAN HDFS [tpcds_partitioned_parquet_snap.store_sales, RANDOM]
|     HDFS partitions=1824/1824 files=1824 size=199.36MB
|     runtime filters: RF007[min_max] -> ss_customer_sk, RF006[bloom] -> ss_customer_sk, RF008[bloom] -> ss_sold_date_sk
|     stored statistics:
|       table: rows=2.88M size=199.36MB
|       partitions: 1824/1824 rows=2.88M
|       columns: all
|     extrapolated-rows=disabled max-scan-range-rows=130.09K est-scan-range=119(filtered from 1824)
|     mem-estimate=16.00MB mem-reservation=512.00KB thread-reservation=0
|     tuple-ids=3 row-size=8B cardinality=186.34K(filtered from 2.88M) cost=5951456
|     in pipelines: 03(GETNEXT)
|
26:EXCHANGE [HASH(customer_sk)]
|  mem-estimate=205.56KB mem-reservation=0B thread-reservation=0
|  tuple-ids=10 row-size=4B cardinality=139.44K cost=1090
|  in pipelines: 07(GETNEXT), 10(GETNEXT)
|
F04:PLAN FRAGMENT [RANDOM] hosts=3 instances=3 (adjusted from 48)
Per-Host Shared Resources: mem-estimate=3.00MB mem-reservation=3.00MB thread-reservation=0 runtime-filters-memory=3.00MB
Per-Instance Resources: mem-estimate=16.19MB mem-reservation=128.00KB thread-reservation=1
max-parallelism=3 segment-costs=[12828274]
06:UNION
|  mem-estimate=0B mem-reservation=0B thread-reservation=0
|  tuple-ids=10 row-size=4B cardinality=139.44K cost=836652
|  in pipelines: 07(GETNEXT), 10(GETNEXT)
|
|--12:HASH JOIN [INNER JOIN, BROADCAST]
|  |  hash-table-id=06
|  |  hash predicates: cs_sold_date_sk = d_date_sk
|  |  fk/pk conjuncts: cs_sold_date_sk = d_date_sk
|  |  mem-estimate=0B mem-reservation=0B spill-buffer=64.00KB thread-reservation=0
|  |  tuple-ids=8,9 row-size=20B cardinality=92.90K cost=92902
|  |  in pipelines: 10(GETNEXT), 11(OPEN)
|  |
|  |--F19:PLAN FRAGMENT [RANDOM] hosts=3 instances=3
|  |  |  Per-Instance Resources: mem-estimate=2.95MB mem-reservation=2.94MB thread-reservation=1 runtime-filters-memory=1.00MB
|  |  |  max-parallelism=3 segment-costs=[124]
|  |  JOIN BUILD
|  |  |  join-table-id=06 plan-id=07 cohort-id=01
|  |  |  build expressions: d_date_sk
|  |  |  runtime filters: RF004[bloom] <- d_date_sk
|  |  |  mem-estimate=1.94MB mem-reservation=1.94MB spill-buffer=64.00KB thread-reservation=0 cost=118
|  |  |
|  |  20:EXCHANGE [BROADCAST]
|  |  |  mem-estimate=16.00KB mem-reservation=0B thread-reservation=0
|  |  |  tuple-ids=9 row-size=12B cardinality=118 cost=6
|  |  |  in pipelines: 11(GETNEXT)
|  |  |
|  |  F03:PLAN FRAGMENT [RANDOM] hosts=1 instances=1
|  |  Per-Instance Resources: mem-estimate=16.06MB mem-reservation=512.00KB thread-reservation=1
|  |  max-parallelism=1 segment-costs=[270006]
|  |  11:SCAN HDFS [tpcds_partitioned_parquet_snap.date_dim, RANDOM]
|  |     HDFS partitions=1/1 files=1 size=2.15MB
|  |     predicates: d_year = CAST(2002 AS INT), d_moy <= CAST(4 AS INT), d_moy >= CAST(1 AS INT)
|  |     stored statistics:
|  |       table: rows=73.05K size=2.15MB
|  |       columns: all
|  |     extrapolated-rows=disabled max-scan-range-rows=73.05K
|  |     parquet statistics predicates: d_year = CAST(2002 AS INT), d_moy <= CAST(4 AS INT), d_moy >= CAST(1 AS INT)
|  |     parquet dictionary predicates: d_year = CAST(2002 AS INT), d_moy <= CAST(4 AS INT), d_moy >= CAST(1 AS INT)
|  |     mem-estimate=16.00MB mem-reservation=512.00KB thread-reservation=0
|  |     tuple-ids=9 row-size=12B cardinality=118 cost=270004
|  |     in pipelines: 11(GETNEXT)
|  |
|  10:SCAN HDFS [tpcds_partitioned_parquet_snap.catalog_sales, RANDOM]
|     HDFS partitions=1831/1831 files=1831 size=151.13MB
|     runtime filters: RF001[min_max] -> tpcds_partitioned_parquet_snap.catalog_sales.cs_ship_customer_sk, RF000[bloom] -> tpcds_partitioned_parquet_snap.catalog_sales.cs_ship_customer_sk, RF004[bloom] -> cs_sold_date_sk
|     stored statistics:
|       table: rows=1.44M size=151.13MB
|       partitions: 1831/1831 rows=1.44M
|       columns: all
|     extrapolated-rows=disabled max-scan-range-rows=7.18K est-scan-range=118(filtered from 1831)
|     mem-estimate=16.00MB mem-reservation=128.00KB thread-reservation=0
|     tuple-ids=8 row-size=8B cardinality=92.90K(filtered from 1.44M) cost=5900726
|     in pipelines: 10(GETNEXT)
|
09:HASH JOIN [INNER JOIN, BROADCAST]
|  hash-table-id=05
|  hash predicates: ws_sold_date_sk = d_date_sk
|  fk/pk conjuncts: ws_sold_date_sk = d_date_sk
|  mem-estimate=0B mem-reservation=0B spill-buffer=64.00KB thread-reservation=0
|  tuple-ids=6,7 row-size=20B cardinality=46.54K cost=46540
|  in pipelines: 07(GETNEXT), 08(OPEN)
|
|--F18:PLAN FRAGMENT [RANDOM] hosts=3 instances=3
|  |  Per-Instance Resources: mem-estimate=2.95MB mem-reservation=2.94MB thread-reservation=1 runtime-filters-memory=1.00MB
|  |  max-parallelism=3 segment-costs=[124]
|  JOIN BUILD
|  |  join-table-id=05 plan-id=06 cohort-id=01
|  |  build expressions: d_date_sk
|  |  runtime filters: RF002[bloom] <- d_date_sk
|  |  mem-estimate=1.94MB mem-reservation=1.94MB spill-buffer=64.00KB thread-reservation=0 cost=118
|  |
|  19:EXCHANGE [BROADCAST]
|  |  mem-estimate=16.00KB mem-reservation=0B thread-reservation=0
|  |  tuple-ids=7 row-size=12B cardinality=118 cost=6
|  |  in pipelines: 08(GETNEXT)
|  |
|  F01:PLAN FRAGMENT [RANDOM] hosts=1 instances=1
|  Per-Instance Resources: mem-estimate=16.06MB mem-reservation=512.00KB thread-reservation=1
|  max-parallelism=1 segment-costs=[270006]
|  08:SCAN HDFS [tpcds_partitioned_parquet_snap.date_dim, RANDOM]
|     HDFS partitions=1/1 files=1 size=2.15MB
|     predicates: d_year = CAST(2002 AS INT), d_moy <= CAST(4 AS INT), d_moy >= CAST(1 AS INT)
|     stored statistics:
|       table: rows=73.05K size=2.15MB
|       columns: all
|     extrapolated-rows=disabled max-scan-range-rows=73.05K
|     parquet statistics predicates: d_year = CAST(2002 AS INT), d_moy <= CAST(4 AS INT), d_moy >= CAST(1 AS INT)
|     parquet dictionary predicates: d_year = CAST(2002 AS INT), d_moy <= CAST(4 AS INT), d_moy >= CAST(1 AS INT)
|     mem-estimate=16.00MB mem-reservation=512.00KB thread-reservation=0
|     tuple-ids=7 row-size=12B cardinality=118 cost=270004
|     in pipelines: 08(GETNEXT)
|
07:SCAN HDFS [tpcds_partitioned_parquet_snap.web_sales, RANDOM]
   HDFS partitions=1824/1824 files=1824 size=84.20MB
   runtime filters: RF001[min_max] -> tpcds_partitioned_parquet_snap.web_sales.ws_bill_customer_sk, RF000[bloom] -> tpcds_partitioned_parquet_snap.web_sales.ws_bill_customer_sk, RF002[bloom] -> ws_sold_date_sk
   stored statistics:
     table: rows=719.38K size=84.20MB
     partitions: 1824/1824 rows=719.38K
     columns: all
   extrapolated-rows=disabled max-scan-range-rows=1.12K est-scan-range=119(filtered from 1824)
   mem-estimate=16.00MB mem-reservation=128.00KB thread-reservation=0
   tuple-ids=6 row-size=8B cardinality=46.54K(filtered from 719.38K) cost=5950364
   in pipelines: 07(GETNEXT)
====
