# TPCDS-Q94

SELECT count(DISTINCT ws_order_number) AS "order count" ,
       sum(ws_ext_ship_cost) AS "total shipping cost" ,
       sum(ws_net_profit) AS "total net profit"
FROM web_sales ws1 ,
     date_dim ,
     customer_address ,
     web_site
WHERE d_date BETWEEN '1999-02-01' AND cast('1999-04-02' AS date)
  AND ws1.ws_ship_date_sk = d_date_sk
  AND ws1.ws_ship_addr_sk = ca_address_sk
  AND ca_state = 'IL'
  AND ws1.ws_web_site_sk = web_site_sk
  AND web_company_name = 'pri'
  AND EXISTS
    (SELECT *
     FROM web_sales ws2
     WHERE ws1.ws_order_number = ws2.ws_order_number
       AND ws1.ws_warehouse_sk <> ws2.ws_warehouse_sk)
  AND NOT exists
    (SELECT *
     FROM web_returns wr1
     WHERE ws1.ws_order_number = wr1.wr_order_number)
ORDER BY count(DISTINCT ws_order_number)
LIMIT 100;

---- PLAN
Max Per-Host Resource Reservation: Memory=12.12MB Threads=1
Per-Host Resource Estimates: Memory=106MB
F00:PLAN FRAGMENT [UNPARTITIONED] hosts=1 instances=1
|  Per-Instance Resources: mem-estimate=105.81MB mem-reservation=12.12MB thread-reservation=1 runtime-filters-memory=4.00MB
|  max-parallelism=1 segment-costs=[289318294, 9462, 1, 0]
PLAN-ROOT SINK
|  output exprs: count(ws_order_number), sum(ws_ext_ship_cost), sum(ws_net_profit)
|  mem-estimate=0B mem-reservation=0B thread-reservation=0 cost=0
|
13:TOP-N [LIMIT=100]
|  order by: count(ws_order_number) ASC
|  mem-estimate=40B mem-reservation=0B thread-reservation=0
|  tuple-ids=10 row-size=40B cardinality=1 cost=1
|  in pipelines: 13(GETNEXT), 12(OPEN)
|
12:AGGREGATE [FINALIZE]
|  output: count(ws_order_number), sum:merge(ws_ext_ship_cost), sum:merge(ws_net_profit)
|  mem-estimate=16.00KB mem-reservation=0B spill-buffer=2.00MB thread-reservation=0
|  tuple-ids=9 row-size=40B cardinality=1 cost=9462
|  in pipelines: 12(GETNEXT), 11(OPEN)
|
11:AGGREGATE
|  output: sum(ws_ext_ship_cost), sum(ws_net_profit)
|  group by: ws_order_number
|  mem-estimate=10.00MB mem-reservation=1.94MB spill-buffer=64.00KB thread-reservation=0
|  tuple-ids=8 row-size=40B cardinality=3.15K cost=9462
|  in pipelines: 11(GETNEXT), 05(OPEN)
|
10:HASH JOIN [RIGHT ANTI JOIN]
|  hash predicates: wr1.wr_order_number = ws1.ws_order_number
|  mem-estimate=1.94MB mem-reservation=1.94MB spill-buffer=64.00KB thread-reservation=0
|  tuple-ids=0,2,3,1 row-size=96B cardinality=3.15K cost=74917
|  in pipelines: 05(GETNEXT), 04(OPEN)
|
|--09:HASH JOIN [RIGHT SEMI JOIN]
|  |  hash predicates: ws2.ws_order_number = ws1.ws_order_number
|  |  other join predicates: ws1.ws_warehouse_sk != ws2.ws_warehouse_sk
|  |  runtime filters: RF000[bloom] <- ws1.ws_order_number, RF001[min_max] <- ws1.ws_order_number
|  |  mem-estimate=1.94MB mem-reservation=1.94MB spill-buffer=64.00KB thread-reservation=0
|  |  tuple-ids=0,2,3,1 row-size=96B cardinality=3.15K cost=725692
|  |  in pipelines: 04(GETNEXT), 00(OPEN)
|  |
|  |--08:HASH JOIN [INNER JOIN]
|  |  |  hash predicates: ws1.ws_ship_date_sk = d_date_sk
|  |  |  fk/pk conjuncts: ws1.ws_ship_date_sk = d_date_sk
|  |  |  runtime filters: RF002[bloom] <- d_date_sk, RF003[min_max] <- d_date_sk
|  |  |  mem-estimate=1.94MB mem-reservation=1.94MB spill-buffer=64.00KB thread-reservation=0
|  |  |  tuple-ids=0,2,3,1 row-size=96B cardinality=3.15K cost=10459
|  |  |  in pipelines: 00(GETNEXT), 01(OPEN)
|  |  |
|  |  |--01:SCAN HDFS [tpcds_partitioned_parquet_snap.date_dim]
|  |  |     HDFS partitions=1/1 files=1 size=2.15MB
|  |  |     predicates: CAST(d_date AS DATE) <= DATE '1999-04-02', CAST(d_date AS DATE) >= DATE '1999-02-01'
|  |  |     stored statistics:
|  |  |       table: rows=73.05K size=2.15MB
|  |  |       columns: all
|  |  |     extrapolated-rows=disabled max-scan-range-rows=73.05K
|  |  |     parquet statistics predicates: CAST(d_date AS DATE) <= DATE '1999-04-02', CAST(d_date AS DATE) >= DATE '1999-02-01'
|  |  |     parquet dictionary predicates: CAST(d_date AS DATE) <= DATE '1999-04-02', CAST(d_date AS DATE) >= DATE '1999-02-01'
|  |  |     mem-estimate=16.00MB mem-reservation=1.00MB thread-reservation=0
|  |  |     tuple-ids=1 row-size=26B cardinality=7.30K cost=197953
|  |  |     in pipelines: 01(GETNEXT)
|  |  |
|  |  07:HASH JOIN [INNER JOIN]
|  |  |  hash predicates: ws1.ws_web_site_sk = web_site_sk
|  |  |  fk/pk conjuncts: ws1.ws_web_site_sk = web_site_sk
|  |  |  runtime filters: RF004[bloom] <- web_site_sk, RF005[min_max] <- web_site_sk
|  |  |  mem-estimate=1.94MB mem-reservation=1.94MB spill-buffer=64.00KB thread-reservation=0
|  |  |  tuple-ids=0,2,3 row-size=70B cardinality=3.15K cost=18925
|  |  |  in pipelines: 00(GETNEXT), 03(OPEN)
|  |  |
|  |  |--03:SCAN HDFS [tpcds_partitioned_parquet_snap.web_site]
|  |  |     HDFS partitions=1/1 files=1 size=11.91KB
|  |  |     predicates: web_company_name = 'pri'
|  |  |     stored statistics:
|  |  |       table: rows=30 size=11.91KB
|  |  |       columns: all
|  |  |     extrapolated-rows=disabled max-scan-range-rows=30
|  |  |     parquet statistics predicates: web_company_name = 'pri'
|  |  |     parquet dictionary predicates: web_company_name = 'pri'
|  |  |     mem-estimate=16.00MB mem-reservation=16.00KB thread-reservation=0
|  |  |     tuple-ids=3 row-size=20B cardinality=5 cost=50031
|  |  |     in pipelines: 03(GETNEXT)
|  |  |
|  |  06:HASH JOIN [INNER JOIN]
|  |  |  hash predicates: ws1.ws_ship_addr_sk = ca_address_sk
|  |  |  fk/pk conjuncts: ws1.ws_ship_addr_sk = ca_address_sk
|  |  |  runtime filters: RF006[bloom] <- ca_address_sk, RF007[min_max] <- ca_address_sk
|  |  |  mem-estimate=1.94MB mem-reservation=1.94MB spill-buffer=64.00KB thread-reservation=0
|  |  |  tuple-ids=0,2 row-size=50B cardinality=18.92K cost=20360
|  |  |  in pipelines: 00(GETNEXT), 02(OPEN)
|  |  |
|  |  |--02:SCAN HDFS [tpcds_partitioned_parquet_snap.customer_address]
|  |  |     HDFS partitions=1/1 files=1 size=1.16MB
|  |  |     predicates: ca_state = 'IL'
|  |  |     stored statistics:
|  |  |       table: rows=50.00K size=1.16MB
|  |  |       columns: all
|  |  |     extrapolated-rows=disabled max-scan-range-rows=50.00K
|  |  |     parquet statistics predicates: ca_state = 'IL'
|  |  |     parquet dictionary predicates: ca_state = 'IL'
|  |  |     mem-estimate=16.00MB mem-reservation=256.00KB thread-reservation=0
|  |  |     tuple-ids=2 row-size=18B cardinality=950 cost=100879
|  |  |     in pipelines: 02(GETNEXT)
|  |  |
|  |  00:SCAN HDFS [tpcds_partitioned_parquet_snap.web_sales ws1]
|  |     HDFS partitions=1824/1824 files=1824 size=84.20MB
|  |     runtime filters: RF003[min_max] -> ws1.ws_ship_date_sk, RF005[min_max] -> ws1.ws_web_site_sk, RF007[min_max] -> ws1.ws_ship_addr_sk, RF002[bloom] -> ws1.ws_ship_date_sk, RF004[bloom] -> ws1.ws_web_site_sk, RF006[bloom] -> ws1.ws_ship_addr_sk
|  |     stored statistics:
|  |       table: rows=719.38K size=84.20MB
|  |       partitions: 1824/1824 rows=719.38K
|  |       columns: all
|  |     extrapolated-rows=disabled max-scan-range-rows=1.12K
|  |     mem-estimate=16.00MB mem-reservation=128.00KB thread-reservation=0
|  |     tuple-ids=0 row-size=32B cardinality=19.41K(filtered from 719.38K) cost=91200616
|  |     in pipelines: 00(GETNEXT)
|  |
|  04:SCAN HDFS [tpcds_partitioned_parquet_snap.web_sales ws2]
|     HDFS partitions=1824/1824 files=1824 size=84.20MB
|     runtime filters: RF001[min_max] -> ws2.ws_order_number, RF000[bloom] -> ws2.ws_order_number
|     stored statistics:
|       table: rows=719.38K size=84.20MB
|       partitions: 1824/1824 rows=719.38K
|       columns: all
|     extrapolated-rows=disabled max-scan-range-rows=1.12K
|     mem-estimate=16.00MB mem-reservation=128.00KB thread-reservation=0
|     tuple-ids=4 row-size=12B cardinality=719.38K cost=91208432
|     in pipelines: 04(GETNEXT)
|
05:SCAN HDFS [tpcds_partitioned_parquet_snap.web_returns wr1]
   HDFS partitions=2114/2114 files=2114 size=20.82MB
   stored statistics:
     table: rows=71.76K size=20.82MB
     partitions: 2114/2114 rows=71.76K
     columns: all
   extrapolated-rows=disabled max-scan-range-rows=3.13K
   mem-estimate=16.00MB mem-reservation=128.00KB thread-reservation=0
   tuple-ids=6 row-size=8B cardinality=71.76K cost=105700568
   in pipelines: 05(GETNEXT)
---- DISTRIBUTEDPLAN
Max Per-Host Resource Reservation: Memory=43.77MB Threads=28
Per-Host Resource Estimates: Memory=324MB
F08:PLAN FRAGMENT [UNPARTITIONED] hosts=1 instances=1
|  Per-Instance Resources: mem-estimate=32.00KB mem-reservation=0B thread-reservation=1
|  max-parallelism=1 segment-costs=[4, 1, 0] cpu-comparison-result=24 [max(1 (self) vs 24 (sum children))]
PLAN-ROOT SINK
|  output exprs: count(ws_order_number), sum(ws_ext_ship_cost), sum(ws_net_profit)
|  mem-estimate=0B mem-reservation=0B thread-reservation=0 cost=0
|
13:TOP-N [LIMIT=100]
|  order by: count(ws_order_number) ASC
|  mem-estimate=40B mem-reservation=0B thread-reservation=0
|  tuple-ids=10 row-size=40B cardinality=1 cost=1
|  in pipelines: 13(GETNEXT), 22(OPEN)
|
22:AGGREGATE [FINALIZE]
|  output: count:merge(ws_order_number), sum:merge(ws_ext_ship_cost), sum:merge(ws_net_profit)
|  mem-estimate=16.00KB mem-reservation=0B spill-buffer=2.00MB thread-reservation=0
|  tuple-ids=9 row-size=40B cardinality=1 cost=3
|  in pipelines: 22(GETNEXT), 12(OPEN)
|
21:EXCHANGE [UNPARTITIONED]
|  mem-estimate=16.00KB mem-reservation=0B thread-reservation=0
|  tuple-ids=9 row-size=40B cardinality=1 cost=1
|  in pipelines: 12(GETNEXT)
|
F07:PLAN FRAGMENT [HASH(ws1.ws_order_number)] hosts=3 instances=6 (adjusted from 48)
Per-Instance Resources: mem-estimate=10.32MB mem-reservation=1.94MB thread-reservation=1
max-parallelism=6 segment-costs=[82066, 9462, 1] cpu-comparison-result=24 [max(18 (self) vs 24 (sum children))]
12:AGGREGATE
|  output: count(ws_order_number), sum:merge(ws_ext_ship_cost), sum:merge(ws_net_profit)
|  mem-estimate=16.00KB mem-reservation=0B spill-buffer=2.00MB thread-reservation=0
|  tuple-ids=9 row-size=40B cardinality=1 cost=9462
|  in pipelines: 12(GETNEXT), 11(OPEN)
|
11:AGGREGATE
|  output: sum(ws_ext_ship_cost), sum(ws_net_profit)
|  group by: ws_order_number
|  mem-estimate=10.00MB mem-reservation=1.94MB spill-buffer=64.00KB thread-reservation=0
|  tuple-ids=8 row-size=40B cardinality=3.15K cost=9462
|  in pipelines: 11(GETNEXT), 05(OPEN)
|
10:HASH JOIN [RIGHT ANTI JOIN, PARTITIONED]
|  hash-table-id=00
|  hash predicates: wr1.wr_order_number = ws1.ws_order_number
|  mem-estimate=0B mem-reservation=0B spill-buffer=64.00KB thread-reservation=0
|  tuple-ids=0,2,3,1 row-size=96B cardinality=3.15K cost=71763
|  in pipelines: 05(GETNEXT), 04(OPEN)
|
|--F09:PLAN FRAGMENT [HASH(ws1.ws_order_number)] hosts=3 instances=6 (adjusted from 48)
|  |  Per-Instance Resources: mem-estimate=4.87MB mem-reservation=1.94MB thread-reservation=1
|  |  max-parallelism=6 segment-costs=[736933] cpu-comparison-result=24 [max(18 (self) vs 24 (sum children))]
|  JOIN BUILD
|  |  join-table-id=00 plan-id=01 cohort-id=01
|  |  build expressions: ws1.ws_order_number
|  |  mem-estimate=1.94MB mem-reservation=1.94MB spill-buffer=64.00KB thread-reservation=0 cost=3154
|  |
|  09:HASH JOIN [RIGHT SEMI JOIN, PARTITIONED]
|  |  hash-table-id=01
|  |  hash predicates: ws2.ws_order_number = ws1.ws_order_number
|  |  other join predicates: ws1.ws_warehouse_sk != ws2.ws_warehouse_sk
|  |  mem-estimate=0B mem-reservation=0B spill-buffer=64.00KB thread-reservation=0
|  |  tuple-ids=0,2,3,1 row-size=96B cardinality=3.15K cost=722538
|  |  in pipelines: 04(GETNEXT), 00(OPEN)
|  |
|  |--F10:PLAN FRAGMENT [HASH(ws1.ws_order_number)] hosts=3 instances=6 (adjusted from 48)
|  |  |  Per-Instance Resources: mem-estimate=3.69MB mem-reservation=2.94MB thread-reservation=1 runtime-filters-memory=1.00MB
|  |  |  max-parallelism=6 segment-costs=[3499] cpu-comparison-result=24 [max(24 (self) vs 15 (sum children))]
|  |  JOIN BUILD
|  |  |  join-table-id=01 plan-id=02 cohort-id=02
|  |  |  build expressions: ws1.ws_order_number
|  |  |  runtime filters: RF000[bloom] <- ws1.ws_order_number, RF001[min_max] <- ws1.ws_order_number
|  |  |  mem-estimate=1.94MB mem-reservation=1.94MB spill-buffer=64.00KB thread-reservation=0 cost=3154
|  |  |
|  |  19:EXCHANGE [HASH(ws1.ws_order_number)]
|  |  |  mem-estimate=770.33KB mem-reservation=0B thread-reservation=0
|  |  |  tuple-ids=0,2,3,1 row-size=96B cardinality=3.15K cost=345
|  |  |  in pipelines: 00(GETNEXT)
|  |  |
|  |  F06:PLAN FRAGMENT [HASH(ws1.ws_ship_date_sk)] hosts=3 instances=6 (adjusted from 48)
|  |  Per-Instance Resources: mem-estimate=3.65MB mem-reservation=0B thread-reservation=1
|  |  max-parallelism=6 segment-costs=[3752]
|  |  08:HASH JOIN [INNER JOIN, PARTITIONED]
|  |  |  hash-table-id=02
|  |  |  hash predicates: ws1.ws_ship_date_sk = d_date_sk
|  |  |  fk/pk conjuncts: ws1.ws_ship_date_sk = d_date_sk
|  |  |  mem-estimate=0B mem-reservation=0B spill-buffer=64.00KB thread-reservation=0
|  |  |  tuple-ids=0,2,3,1 row-size=96B cardinality=3.15K cost=3154
|  |  |  in pipelines: 00(GETNEXT), 01(OPEN)
|  |  |
|  |  |--F11:PLAN FRAGMENT [HASH(ws1.ws_ship_date_sk)] hosts=3 instances=6 (adjusted from 48)
|  |  |  |  Per-Instance Resources: mem-estimate=3.15MB mem-reservation=2.94MB thread-reservation=1 runtime-filters-memory=1.00MB
|  |  |  |  max-parallelism=6 segment-costs=[7520]
|  |  |  JOIN BUILD
|  |  |  |  join-table-id=02 plan-id=03 cohort-id=03
|  |  |  |  build expressions: d_date_sk
|  |  |  |  runtime filters: RF002[bloom] <- d_date_sk, RF003[min_max] <- d_date_sk
|  |  |  |  mem-estimate=1.94MB mem-reservation=1.94MB spill-buffer=64.00KB thread-reservation=0 cost=7305
|  |  |  |
|  |  |  17:EXCHANGE [HASH(d_date_sk)]
|  |  |  |  mem-estimate=215.48KB mem-reservation=0B thread-reservation=0
|  |  |  |  tuple-ids=1 row-size=26B cardinality=7.30K cost=215
|  |  |  |  in pipelines: 01(GETNEXT)
|  |  |  |
|  |  |  F05:PLAN FRAGMENT [RANDOM] hosts=1 instances=1
|  |  |  Per-Instance Resources: mem-estimate=16.70MB mem-reservation=1.00MB thread-reservation=1
|  |  |  max-parallelism=1 segment-costs=[198168]
|  |  |  01:SCAN HDFS [tpcds_partitioned_parquet_snap.date_dim, RANDOM]
|  |  |     HDFS partitions=1/1 files=1 size=2.15MB
|  |  |     predicates: CAST(d_date AS DATE) <= DATE '1999-04-02', CAST(d_date AS DATE) >= DATE '1999-02-01'
|  |  |     stored statistics:
|  |  |       table: rows=73.05K size=2.15MB
|  |  |       columns: all
|  |  |     extrapolated-rows=disabled max-scan-range-rows=73.05K
|  |  |     parquet statistics predicates: CAST(d_date AS DATE) <= DATE '1999-04-02', CAST(d_date AS DATE) >= DATE '1999-02-01'
|  |  |     parquet dictionary predicates: CAST(d_date AS DATE) <= DATE '1999-04-02', CAST(d_date AS DATE) >= DATE '1999-02-01'
|  |  |     mem-estimate=16.00MB mem-reservation=1.00MB thread-reservation=0
|  |  |     tuple-ids=1 row-size=26B cardinality=7.30K cost=197953
|  |  |     in pipelines: 01(GETNEXT)
|  |  |
|  |  16:EXCHANGE [HASH(ws1.ws_ship_date_sk)]
|  |  |  mem-estimate=1.03MB mem-reservation=0B thread-reservation=0
|  |  |  tuple-ids=0,2,3 row-size=70B cardinality=3.15K cost=253
|  |  |  in pipelines: 00(GETNEXT)
|  |  |
|  |  F02:PLAN FRAGMENT [RANDOM] hosts=3 instances=12 (adjusted from 48)
|  |  Per-Host Shared Resources: mem-estimate=3.00MB mem-reservation=3.00MB thread-reservation=0 runtime-filters-memory=3.00MB
|  |  Per-Instance Resources: mem-estimate=17.92MB mem-reservation=128.00KB thread-reservation=1
|  |  max-parallelism=12 segment-costs=[91239199]
|  |  07:HASH JOIN [INNER JOIN, BROADCAST]
|  |  |  hash-table-id=03
|  |  |  hash predicates: ws1.ws_web_site_sk = web_site_sk
|  |  |  fk/pk conjuncts: ws1.ws_web_site_sk = web_site_sk
|  |  |  mem-estimate=0B mem-reservation=0B spill-buffer=64.00KB thread-reservation=0
|  |  |  tuple-ids=0,2,3 row-size=70B cardinality=3.15K cost=18920
|  |  |  in pipelines: 00(GETNEXT), 03(OPEN)
|  |  |
|  |  |--F12:PLAN FRAGMENT [RANDOM] hosts=3 instances=3
|  |  |  |  Per-Instance Resources: mem-estimate=8.77MB mem-reservation=8.75MB thread-reservation=1 runtime-filters-memory=1.00MB
|  |  |  |  max-parallelism=3 segment-costs=[8]
|  |  |  JOIN BUILD
|  |  |  |  join-table-id=03 plan-id=04 cohort-id=03
|  |  |  |  build expressions: web_site_sk
|  |  |  |  runtime filters: RF004[bloom] <- web_site_sk, RF005[min_max] <- web_site_sk
|  |  |  |  mem-estimate=7.75MB mem-reservation=7.75MB spill-buffer=64.00KB thread-reservation=0 cost=5
|  |  |  |
|  |  |  15:EXCHANGE [BROADCAST]
|  |  |  |  mem-estimate=16.00KB mem-reservation=0B thread-reservation=0
|  |  |  |  tuple-ids=3 row-size=20B cardinality=5 cost=3
|  |  |  |  in pipelines: 03(GETNEXT)
|  |  |  |
|  |  |  F04:PLAN FRAGMENT [RANDOM] hosts=1 instances=1
|  |  |  Per-Instance Resources: mem-estimate=16.09MB mem-reservation=16.00KB thread-reservation=1
|  |  |  max-parallelism=1 segment-costs=[50032]
|  |  |  03:SCAN HDFS [tpcds_partitioned_parquet_snap.web_site, RANDOM]
|  |  |     HDFS partitions=1/1 files=1 size=11.91KB
|  |  |     predicates: web_company_name = 'pri'
|  |  |     stored statistics:
|  |  |       table: rows=30 size=11.91KB
|  |  |       columns: all
|  |  |     extrapolated-rows=disabled max-scan-range-rows=30
|  |  |     parquet statistics predicates: web_company_name = 'pri'
|  |  |     parquet dictionary predicates: web_company_name = 'pri'
|  |  |     mem-estimate=16.00MB mem-reservation=16.00KB thread-reservation=0
|  |  |     tuple-ids=3 row-size=20B cardinality=5 cost=50031
|  |  |     in pipelines: 03(GETNEXT)
|  |  |
|  |  06:HASH JOIN [INNER JOIN, BROADCAST]
|  |  |  hash-table-id=04
|  |  |  hash predicates: ws1.ws_ship_addr_sk = ca_address_sk
|  |  |  fk/pk conjuncts: ws1.ws_ship_addr_sk = ca_address_sk
|  |  |  mem-estimate=0B mem-reservation=0B spill-buffer=64.00KB thread-reservation=0
|  |  |  tuple-ids=0,2 row-size=50B cardinality=18.92K cost=19410
|  |  |  in pipelines: 00(GETNEXT), 02(OPEN)
|  |  |
|  |  |--F13:PLAN FRAGMENT [RANDOM] hosts=3 instances=3
|  |  |  |  Per-Instance Resources: mem-estimate=8.79MB mem-reservation=8.75MB thread-reservation=1 runtime-filters-memory=1.00MB
|  |  |  |  max-parallelism=3 segment-costs=[1013]
|  |  |  JOIN BUILD
|  |  |  |  join-table-id=04 plan-id=05 cohort-id=03
|  |  |  |  build expressions: ca_address_sk
|  |  |  |  runtime filters: RF006[bloom] <- ca_address_sk, RF007[min_max] <- ca_address_sk
|  |  |  |  mem-estimate=7.75MB mem-reservation=7.75MB spill-buffer=64.00KB thread-reservation=0 cost=950
|  |  |  |
|  |  |  14:EXCHANGE [BROADCAST]
|  |  |  |  mem-estimate=37.11KB mem-reservation=0B thread-reservation=0
|  |  |  |  tuple-ids=2 row-size=18B cardinality=950 cost=63
|  |  |  |  in pipelines: 02(GETNEXT)
|  |  |  |
|  |  |  F03:PLAN FRAGMENT [RANDOM] hosts=1 instances=1
|  |  |  Per-Instance Resources: mem-estimate=16.09MB mem-reservation=256.00KB thread-reservation=1
|  |  |  max-parallelism=1 segment-costs=[100900]
|  |  |  02:SCAN HDFS [tpcds_partitioned_parquet_snap.customer_address, RANDOM]
|  |  |     HDFS partitions=1/1 files=1 size=1.16MB
|  |  |     predicates: ca_state = 'IL'
|  |  |     stored statistics:
|  |  |       table: rows=50.00K size=1.16MB
|  |  |       columns: all
|  |  |     extrapolated-rows=disabled max-scan-range-rows=50.00K
|  |  |     parquet statistics predicates: ca_state = 'IL'
|  |  |     parquet dictionary predicates: ca_state = 'IL'
|  |  |     mem-estimate=16.00MB mem-reservation=256.00KB thread-reservation=0
|  |  |     tuple-ids=2 row-size=18B cardinality=950 cost=100879
|  |  |     in pipelines: 02(GETNEXT)
|  |  |
|  |  00:SCAN HDFS [tpcds_partitioned_parquet_snap.web_sales ws1, RANDOM]
|  |     HDFS partitions=1824/1824 files=1824 size=84.20MB
|  |     runtime filters: RF003[min_max] -> ws1.ws_ship_date_sk, RF005[min_max] -> ws1.ws_web_site_sk, RF007[min_max] -> ws1.ws_ship_addr_sk, RF002[bloom] -> ws1.ws_ship_date_sk, RF004[bloom] -> ws1.ws_web_site_sk, RF006[bloom] -> ws1.ws_ship_addr_sk
|  |     stored statistics:
|  |       table: rows=719.38K size=84.20MB
|  |       partitions: 1824/1824 rows=719.38K
|  |       columns: all
|  |     extrapolated-rows=disabled max-scan-range-rows=1.12K
|  |     mem-estimate=16.00MB mem-reservation=128.00KB thread-reservation=0
|  |     tuple-ids=0 row-size=32B cardinality=19.41K(filtered from 719.38K) cost=91200616
|  |     in pipelines: 00(GETNEXT)
|  |
|  18:EXCHANGE [HASH(ws2.ws_order_number)]
|  |  mem-estimate=2.93MB mem-reservation=0B thread-reservation=0
|  |  tuple-ids=4 row-size=12B cardinality=719.38K cost=11241
|  |  in pipelines: 04(GETNEXT)
|  |
|  F01:PLAN FRAGMENT [RANDOM] hosts=3 instances=12 (adjusted from 48)
|  Per-Host Shared Resources: mem-estimate=1.00MB mem-reservation=1.00MB thread-reservation=0 runtime-filters-memory=1.00MB
|  Per-Instance Resources: mem-estimate=16.38MB mem-reservation=128.00KB thread-reservation=1
|  max-parallelism=12 segment-costs=[91219673]
|  04:SCAN HDFS [tpcds_partitioned_parquet_snap.web_sales ws2, RANDOM]
|     HDFS partitions=1824/1824 files=1824 size=84.20MB
|     runtime filters: RF001[min_max] -> ws2.ws_order_number, RF000[bloom] -> ws2.ws_order_number
|     stored statistics:
|       table: rows=719.38K size=84.20MB
|       partitions: 1824/1824 rows=719.38K
|       columns: all
|     extrapolated-rows=disabled max-scan-range-rows=1.12K
|     mem-estimate=16.00MB mem-reservation=128.00KB thread-reservation=0
|     tuple-ids=4 row-size=12B cardinality=719.38K cost=91208432
|     in pipelines: 04(GETNEXT)
|
20:EXCHANGE [HASH(wr1.wr_order_number)]
|  mem-estimate=330.88KB mem-reservation=0B thread-reservation=0
|  tuple-ids=6 row-size=8B cardinality=71.76K cost=841
|  in pipelines: 05(GETNEXT)
|
F00:PLAN FRAGMENT [RANDOM] hosts=3 instances=12 (adjusted from 48)
Per-Instance Resources: mem-estimate=16.28MB mem-reservation=128.00KB thread-reservation=1
max-parallelism=12 segment-costs=[105701409]
05:SCAN HDFS [tpcds_partitioned_parquet_snap.web_returns wr1, RANDOM]
   HDFS partitions=2114/2114 files=2114 size=20.82MB
   stored statistics:
     table: rows=71.76K size=20.82MB
     partitions: 2114/2114 rows=71.76K
     columns: all
   extrapolated-rows=disabled max-scan-range-rows=3.13K
   mem-estimate=16.00MB mem-reservation=128.00KB thread-reservation=0
   tuple-ids=6 row-size=8B cardinality=71.76K cost=105700568
   in pipelines: 05(GETNEXT)
---- PARALLELPLANS
Max Per-Host Resource Reservation: Memory=43.77MB Threads=28
Per-Host Resource Estimates: Memory=324MB
F08:PLAN FRAGMENT [UNPARTITIONED] hosts=1 instances=1
|  Per-Instance Resources: mem-estimate=32.00KB mem-reservation=0B thread-reservation=1
|  max-parallelism=1 segment-costs=[4, 1, 0] cpu-comparison-result=24 [max(1 (self) vs 24 (sum children))]
PLAN-ROOT SINK
|  output exprs: count(ws_order_number), sum(ws_ext_ship_cost), sum(ws_net_profit)
|  mem-estimate=0B mem-reservation=0B thread-reservation=0 cost=0
|
13:TOP-N [LIMIT=100]
|  order by: count(ws_order_number) ASC
|  mem-estimate=40B mem-reservation=0B thread-reservation=0
|  tuple-ids=10 row-size=40B cardinality=1 cost=1
|  in pipelines: 13(GETNEXT), 22(OPEN)
|
22:AGGREGATE [FINALIZE]
|  output: count:merge(ws_order_number), sum:merge(ws_ext_ship_cost), sum:merge(ws_net_profit)
|  mem-estimate=16.00KB mem-reservation=0B spill-buffer=2.00MB thread-reservation=0
|  tuple-ids=9 row-size=40B cardinality=1 cost=3
|  in pipelines: 22(GETNEXT), 12(OPEN)
|
21:EXCHANGE [UNPARTITIONED]
|  mem-estimate=16.00KB mem-reservation=0B thread-reservation=0
|  tuple-ids=9 row-size=40B cardinality=1 cost=1
|  in pipelines: 12(GETNEXT)
|
F07:PLAN FRAGMENT [HASH(ws1.ws_order_number)] hosts=3 instances=6 (adjusted from 48)
Per-Instance Resources: mem-estimate=10.32MB mem-reservation=1.94MB thread-reservation=1
max-parallelism=6 segment-costs=[82066, 9462, 1] cpu-comparison-result=24 [max(18 (self) vs 24 (sum children))]
12:AGGREGATE
|  output: count(ws_order_number), sum:merge(ws_ext_ship_cost), sum:merge(ws_net_profit)
|  mem-estimate=16.00KB mem-reservation=0B spill-buffer=2.00MB thread-reservation=0
|  tuple-ids=9 row-size=40B cardinality=1 cost=9462
|  in pipelines: 12(GETNEXT), 11(OPEN)
|
11:AGGREGATE
|  output: sum(ws_ext_ship_cost), sum(ws_net_profit)
|  group by: ws_order_number
|  mem-estimate=10.00MB mem-reservation=1.94MB spill-buffer=64.00KB thread-reservation=0
|  tuple-ids=8 row-size=40B cardinality=3.15K cost=9462
|  in pipelines: 11(GETNEXT), 05(OPEN)
|
10:HASH JOIN [RIGHT ANTI JOIN, PARTITIONED]
|  hash-table-id=00
|  hash predicates: wr1.wr_order_number = ws1.ws_order_number
|  mem-estimate=0B mem-reservation=0B spill-buffer=64.00KB thread-reservation=0
|  tuple-ids=0,2,3,1 row-size=96B cardinality=3.15K cost=71763
|  in pipelines: 05(GETNEXT), 04(OPEN)
|
|--F09:PLAN FRAGMENT [HASH(ws1.ws_order_number)] hosts=3 instances=6 (adjusted from 48)
|  |  Per-Instance Resources: mem-estimate=4.87MB mem-reservation=1.94MB thread-reservation=1
|  |  max-parallelism=6 segment-costs=[736933] cpu-comparison-result=24 [max(18 (self) vs 24 (sum children))]
|  JOIN BUILD
|  |  join-table-id=00 plan-id=01 cohort-id=01
|  |  build expressions: ws1.ws_order_number
|  |  mem-estimate=1.94MB mem-reservation=1.94MB spill-buffer=64.00KB thread-reservation=0 cost=3154
|  |
|  09:HASH JOIN [RIGHT SEMI JOIN, PARTITIONED]
|  |  hash-table-id=01
|  |  hash predicates: ws2.ws_order_number = ws1.ws_order_number
|  |  other join predicates: ws1.ws_warehouse_sk != ws2.ws_warehouse_sk
|  |  mem-estimate=0B mem-reservation=0B spill-buffer=64.00KB thread-reservation=0
|  |  tuple-ids=0,2,3,1 row-size=96B cardinality=3.15K cost=722538
|  |  in pipelines: 04(GETNEXT), 00(OPEN)
|  |
|  |--F10:PLAN FRAGMENT [HASH(ws1.ws_order_number)] hosts=3 instances=6 (adjusted from 48)
|  |  |  Per-Instance Resources: mem-estimate=3.69MB mem-reservation=2.94MB thread-reservation=1 runtime-filters-memory=1.00MB
|  |  |  max-parallelism=6 segment-costs=[3499] cpu-comparison-result=24 [max(24 (self) vs 15 (sum children))]
|  |  JOIN BUILD
|  |  |  join-table-id=01 plan-id=02 cohort-id=02
|  |  |  build expressions: ws1.ws_order_number
|  |  |  runtime filters: RF000[bloom] <- ws1.ws_order_number, RF001[min_max] <- ws1.ws_order_number
|  |  |  mem-estimate=1.94MB mem-reservation=1.94MB spill-buffer=64.00KB thread-reservation=0 cost=3154
|  |  |
|  |  19:EXCHANGE [HASH(ws1.ws_order_number)]
|  |  |  mem-estimate=770.33KB mem-reservation=0B thread-reservation=0
|  |  |  tuple-ids=0,2,3,1 row-size=96B cardinality=3.15K cost=345
|  |  |  in pipelines: 00(GETNEXT)
|  |  |
|  |  F06:PLAN FRAGMENT [HASH(ws1.ws_ship_date_sk)] hosts=3 instances=6 (adjusted from 48)
|  |  Per-Instance Resources: mem-estimate=3.65MB mem-reservation=0B thread-reservation=1
|  |  max-parallelism=6 segment-costs=[3752]
|  |  08:HASH JOIN [INNER JOIN, PARTITIONED]
|  |  |  hash-table-id=02
|  |  |  hash predicates: ws1.ws_ship_date_sk = d_date_sk
|  |  |  fk/pk conjuncts: ws1.ws_ship_date_sk = d_date_sk
|  |  |  mem-estimate=0B mem-reservation=0B spill-buffer=64.00KB thread-reservation=0
|  |  |  tuple-ids=0,2,3,1 row-size=96B cardinality=3.15K cost=3154
|  |  |  in pipelines: 00(GETNEXT), 01(OPEN)
|  |  |
|  |  |--F11:PLAN FRAGMENT [HASH(ws1.ws_ship_date_sk)] hosts=3 instances=6 (adjusted from 48)
|  |  |  |  Per-Instance Resources: mem-estimate=3.15MB mem-reservation=2.94MB thread-reservation=1 runtime-filters-memory=1.00MB
|  |  |  |  max-parallelism=6 segment-costs=[7520]
|  |  |  JOIN BUILD
|  |  |  |  join-table-id=02 plan-id=03 cohort-id=03
|  |  |  |  build expressions: d_date_sk
|  |  |  |  runtime filters: RF002[bloom] <- d_date_sk, RF003[min_max] <- d_date_sk
|  |  |  |  mem-estimate=1.94MB mem-reservation=1.94MB spill-buffer=64.00KB thread-reservation=0 cost=7305
|  |  |  |
|  |  |  17:EXCHANGE [HASH(d_date_sk)]
|  |  |  |  mem-estimate=215.48KB mem-reservation=0B thread-reservation=0
|  |  |  |  tuple-ids=1 row-size=26B cardinality=7.30K cost=215
|  |  |  |  in pipelines: 01(GETNEXT)
|  |  |  |
|  |  |  F05:PLAN FRAGMENT [RANDOM] hosts=1 instances=1
|  |  |  Per-Instance Resources: mem-estimate=16.70MB mem-reservation=1.00MB thread-reservation=1
|  |  |  max-parallelism=1 segment-costs=[198168]
|  |  |  01:SCAN HDFS [tpcds_partitioned_parquet_snap.date_dim, RANDOM]
|  |  |     HDFS partitions=1/1 files=1 size=2.15MB
|  |  |     predicates: CAST(d_date AS DATE) <= DATE '1999-04-02', CAST(d_date AS DATE) >= DATE '1999-02-01'
|  |  |     stored statistics:
|  |  |       table: rows=73.05K size=2.15MB
|  |  |       columns: all
|  |  |     extrapolated-rows=disabled max-scan-range-rows=73.05K
|  |  |     parquet statistics predicates: CAST(d_date AS DATE) <= DATE '1999-04-02', CAST(d_date AS DATE) >= DATE '1999-02-01'
|  |  |     parquet dictionary predicates: CAST(d_date AS DATE) <= DATE '1999-04-02', CAST(d_date AS DATE) >= DATE '1999-02-01'
|  |  |     mem-estimate=16.00MB mem-reservation=1.00MB thread-reservation=0
|  |  |     tuple-ids=1 row-size=26B cardinality=7.30K cost=197953
|  |  |     in pipelines: 01(GETNEXT)
|  |  |
|  |  16:EXCHANGE [HASH(ws1.ws_ship_date_sk)]
|  |  |  mem-estimate=1.03MB mem-reservation=0B thread-reservation=0
|  |  |  tuple-ids=0,2,3 row-size=70B cardinality=3.15K cost=253
|  |  |  in pipelines: 00(GETNEXT)
|  |  |
|  |  F02:PLAN FRAGMENT [RANDOM] hosts=3 instances=12 (adjusted from 48)
|  |  Per-Host Shared Resources: mem-estimate=3.00MB mem-reservation=3.00MB thread-reservation=0 runtime-filters-memory=3.00MB
|  |  Per-Instance Resources: mem-estimate=17.92MB mem-reservation=128.00KB thread-reservation=1
|  |  max-parallelism=12 segment-costs=[91239199]
|  |  07:HASH JOIN [INNER JOIN, BROADCAST]
|  |  |  hash-table-id=03
|  |  |  hash predicates: ws1.ws_web_site_sk = web_site_sk
|  |  |  fk/pk conjuncts: ws1.ws_web_site_sk = web_site_sk
|  |  |  mem-estimate=0B mem-reservation=0B spill-buffer=64.00KB thread-reservation=0
|  |  |  tuple-ids=0,2,3 row-size=70B cardinality=3.15K cost=18920
|  |  |  in pipelines: 00(GETNEXT), 03(OPEN)
|  |  |
|  |  |--F12:PLAN FRAGMENT [RANDOM] hosts=3 instances=3
|  |  |  |  Per-Instance Resources: mem-estimate=8.77MB mem-reservation=8.75MB thread-reservation=1 runtime-filters-memory=1.00MB
|  |  |  |  max-parallelism=3 segment-costs=[8]
|  |  |  JOIN BUILD
|  |  |  |  join-table-id=03 plan-id=04 cohort-id=03
|  |  |  |  build expressions: web_site_sk
|  |  |  |  runtime filters: RF004[bloom] <- web_site_sk, RF005[min_max] <- web_site_sk
|  |  |  |  mem-estimate=7.75MB mem-reservation=7.75MB spill-buffer=64.00KB thread-reservation=0 cost=5
|  |  |  |
|  |  |  15:EXCHANGE [BROADCAST]
|  |  |  |  mem-estimate=16.00KB mem-reservation=0B thread-reservation=0
|  |  |  |  tuple-ids=3 row-size=20B cardinality=5 cost=3
|  |  |  |  in pipelines: 03(GETNEXT)
|  |  |  |
|  |  |  F04:PLAN FRAGMENT [RANDOM] hosts=1 instances=1
|  |  |  Per-Instance Resources: mem-estimate=16.09MB mem-reservation=16.00KB thread-reservation=1
|  |  |  max-parallelism=1 segment-costs=[50032]
|  |  |  03:SCAN HDFS [tpcds_partitioned_parquet_snap.web_site, RANDOM]
|  |  |     HDFS partitions=1/1 files=1 size=11.91KB
|  |  |     predicates: web_company_name = 'pri'
|  |  |     stored statistics:
|  |  |       table: rows=30 size=11.91KB
|  |  |       columns: all
|  |  |     extrapolated-rows=disabled max-scan-range-rows=30
|  |  |     parquet statistics predicates: web_company_name = 'pri'
|  |  |     parquet dictionary predicates: web_company_name = 'pri'
|  |  |     mem-estimate=16.00MB mem-reservation=16.00KB thread-reservation=0
|  |  |     tuple-ids=3 row-size=20B cardinality=5 cost=50031
|  |  |     in pipelines: 03(GETNEXT)
|  |  |
|  |  06:HASH JOIN [INNER JOIN, BROADCAST]
|  |  |  hash-table-id=04
|  |  |  hash predicates: ws1.ws_ship_addr_sk = ca_address_sk
|  |  |  fk/pk conjuncts: ws1.ws_ship_addr_sk = ca_address_sk
|  |  |  mem-estimate=0B mem-reservation=0B spill-buffer=64.00KB thread-reservation=0
|  |  |  tuple-ids=0,2 row-size=50B cardinality=18.92K cost=19410
|  |  |  in pipelines: 00(GETNEXT), 02(OPEN)
|  |  |
|  |  |--F13:PLAN FRAGMENT [RANDOM] hosts=3 instances=3
|  |  |  |  Per-Instance Resources: mem-estimate=8.79MB mem-reservation=8.75MB thread-reservation=1 runtime-filters-memory=1.00MB
|  |  |  |  max-parallelism=3 segment-costs=[1013]
|  |  |  JOIN BUILD
|  |  |  |  join-table-id=04 plan-id=05 cohort-id=03
|  |  |  |  build expressions: ca_address_sk
|  |  |  |  runtime filters: RF006[bloom] <- ca_address_sk, RF007[min_max] <- ca_address_sk
|  |  |  |  mem-estimate=7.75MB mem-reservation=7.75MB spill-buffer=64.00KB thread-reservation=0 cost=950
|  |  |  |
|  |  |  14:EXCHANGE [BROADCAST]
|  |  |  |  mem-estimate=37.11KB mem-reservation=0B thread-reservation=0
|  |  |  |  tuple-ids=2 row-size=18B cardinality=950 cost=63
|  |  |  |  in pipelines: 02(GETNEXT)
|  |  |  |
|  |  |  F03:PLAN FRAGMENT [RANDOM] hosts=1 instances=1
|  |  |  Per-Instance Resources: mem-estimate=16.09MB mem-reservation=256.00KB thread-reservation=1
|  |  |  max-parallelism=1 segment-costs=[100900]
|  |  |  02:SCAN HDFS [tpcds_partitioned_parquet_snap.customer_address, RANDOM]
|  |  |     HDFS partitions=1/1 files=1 size=1.16MB
|  |  |     predicates: ca_state = 'IL'
|  |  |     stored statistics:
|  |  |       table: rows=50.00K size=1.16MB
|  |  |       columns: all
|  |  |     extrapolated-rows=disabled max-scan-range-rows=50.00K
|  |  |     parquet statistics predicates: ca_state = 'IL'
|  |  |     parquet dictionary predicates: ca_state = 'IL'
|  |  |     mem-estimate=16.00MB mem-reservation=256.00KB thread-reservation=0
|  |  |     tuple-ids=2 row-size=18B cardinality=950 cost=100879
|  |  |     in pipelines: 02(GETNEXT)
|  |  |
|  |  00:SCAN HDFS [tpcds_partitioned_parquet_snap.web_sales ws1, RANDOM]
|  |     HDFS partitions=1824/1824 files=1824 size=84.20MB
|  |     runtime filters: RF003[min_max] -> ws1.ws_ship_date_sk, RF005[min_max] -> ws1.ws_web_site_sk, RF007[min_max] -> ws1.ws_ship_addr_sk, RF002[bloom] -> ws1.ws_ship_date_sk, RF004[bloom] -> ws1.ws_web_site_sk, RF006[bloom] -> ws1.ws_ship_addr_sk
|  |     stored statistics:
|  |       table: rows=719.38K size=84.20MB
|  |       partitions: 1824/1824 rows=719.38K
|  |       columns: all
|  |     extrapolated-rows=disabled max-scan-range-rows=1.12K
|  |     mem-estimate=16.00MB mem-reservation=128.00KB thread-reservation=0
|  |     tuple-ids=0 row-size=32B cardinality=19.41K(filtered from 719.38K) cost=91200616
|  |     in pipelines: 00(GETNEXT)
|  |
|  18:EXCHANGE [HASH(ws2.ws_order_number)]
|  |  mem-estimate=2.93MB mem-reservation=0B thread-reservation=0
|  |  tuple-ids=4 row-size=12B cardinality=719.38K cost=11241
|  |  in pipelines: 04(GETNEXT)
|  |
|  F01:PLAN FRAGMENT [RANDOM] hosts=3 instances=12 (adjusted from 48)
|  Per-Host Shared Resources: mem-estimate=1.00MB mem-reservation=1.00MB thread-reservation=0 runtime-filters-memory=1.00MB
|  Per-Instance Resources: mem-estimate=16.38MB mem-reservation=128.00KB thread-reservation=1
|  max-parallelism=12 segment-costs=[91219673]
|  04:SCAN HDFS [tpcds_partitioned_parquet_snap.web_sales ws2, RANDOM]
|     HDFS partitions=1824/1824 files=1824 size=84.20MB
|     runtime filters: RF001[min_max] -> ws2.ws_order_number, RF000[bloom] -> ws2.ws_order_number
|     stored statistics:
|       table: rows=719.38K size=84.20MB
|       partitions: 1824/1824 rows=719.38K
|       columns: all
|     extrapolated-rows=disabled max-scan-range-rows=1.12K
|     mem-estimate=16.00MB mem-reservation=128.00KB thread-reservation=0
|     tuple-ids=4 row-size=12B cardinality=719.38K cost=91208432
|     in pipelines: 04(GETNEXT)
|
20:EXCHANGE [HASH(wr1.wr_order_number)]
|  mem-estimate=330.88KB mem-reservation=0B thread-reservation=0
|  tuple-ids=6 row-size=8B cardinality=71.76K cost=841
|  in pipelines: 05(GETNEXT)
|
F00:PLAN FRAGMENT [RANDOM] hosts=3 instances=12 (adjusted from 48)
Per-Instance Resources: mem-estimate=16.28MB mem-reservation=128.00KB thread-reservation=1
max-parallelism=12 segment-costs=[105701409]
05:SCAN HDFS [tpcds_partitioned_parquet_snap.web_returns wr1, RANDOM]
   HDFS partitions=2114/2114 files=2114 size=20.82MB
   stored statistics:
     table: rows=71.76K size=20.82MB
     partitions: 2114/2114 rows=71.76K
     columns: all
   extrapolated-rows=disabled max-scan-range-rows=3.13K
   mem-estimate=16.00MB mem-reservation=128.00KB thread-reservation=0
   tuple-ids=6 row-size=8B cardinality=71.76K cost=105700568
   in pipelines: 05(GETNEXT)
====
