# TPCDS-Q23-1 First of two queries.
with frequent_ss_items as
 (select substr(i_item_desc,1,30) itemdesc,i_item_sk item_sk,d_date solddate,count(*) cnt
  from store_sales
      ,date_dim
      ,item
  where ss_sold_date_sk = d_date_sk
    and ss_item_sk = i_item_sk
    and d_year in (2000,2000+1,2000+2,2000+3)
  group by substr(i_item_desc,1,30),i_item_sk,d_date
  having count(*) >4),
 max_store_sales as
 (select max(csales) tpcds_cmax
  from (select c_customer_sk,sum(ss_quantity*ss_sales_price) csales
        from store_sales
            ,customer
            ,date_dim
        where ss_customer_sk = c_customer_sk
         and ss_sold_date_sk = d_date_sk
         and d_year in (2000,2000+1,2000+2,2000+3)
        group by c_customer_sk) x),
 best_ss_customer as
 (select c_customer_sk,sum(ss_quantity*ss_sales_price) ssales
  from store_sales
      ,customer
  where ss_customer_sk = c_customer_sk
  group by c_customer_sk
  having sum(ss_quantity*ss_sales_price) > (50/100.0) * (select
  *
from
 max_store_sales))
  select  sum(sales)
 from (select cs_quantity*cs_list_price sales
       from catalog_sales
           ,date_dim
       where d_year = 2000
         and d_moy = 2
         and cs_sold_date_sk = d_date_sk
         and cs_item_sk in (select item_sk from frequent_ss_items)
         and cs_bill_customer_sk in (select c_customer_sk from best_ss_customer)
      union all
      select ws_quantity*ws_list_price sales
       from web_sales
           ,date_dim
       where d_year = 2000
         and d_moy = 2
         and ws_sold_date_sk = d_date_sk
         and ws_item_sk in (select item_sk from frequent_ss_items)
         and ws_bill_customer_sk in (select c_customer_sk from best_ss_customer)) y
 limit 100;
---- PLAN
Max Per-Host Resource Reservation: Memory=76.69MB Threads=1
Per-Host Resource Estimates: Memory=297MB
F00:PLAN FRAGMENT [UNPARTITIONED] hosts=1 instances=1
|  Per-Instance Resources: mem-estimate=297.30MB mem-reservation=76.69MB thread-reservation=1 runtime-filters-memory=10.00MB
|  max-parallelism=1 segment-costs=[100025355, 84280458, 100000, 88901637, 235454, 100025355, 84280458, 100000, 88901637, 235454, 12298818, 0]
PLAN-ROOT SINK
|  output exprs: sum(sales)
|  mem-estimate=0B mem-reservation=0B thread-reservation=0 cost=0
|
49:AGGREGATE [FINALIZE]
|  output: sum(sales)
|  limit: 100
|  mem-estimate=16.00KB mem-reservation=0B spill-buffer=2.00MB thread-reservation=0
|  tuple-ids=46 row-size=16B cardinality=1 cost=127625
|  in pipelines: 49(GETNEXT), 12(OPEN), 36(OPEN)
|
00:UNION
|  mem-estimate=0B mem-reservation=0B thread-reservation=0
|  tuple-ids=44 row-size=8B cardinality=127.62K cost=255250
|  in pipelines: 12(GETNEXT), 36(GETNEXT)
|
|--48:HASH JOIN [RIGHT SEMI JOIN]
|  |  hash predicates: c_customer_sk = ws_bill_customer_sk
|  |  runtime filters: RF016[bloom] <- ws_bill_customer_sk, RF017[min_max] <- ws_bill_customer_sk
|  |  mem-estimate=4.75MB mem-reservation=4.75MB spill-buffer=256.00KB thread-reservation=0
|  |  tuple-ids=22,23 row-size=36B cardinality=42.60K cost=142596
|  |  in pipelines: 36(GETNEXT), 25(OPEN)
|  |
|  |--47:HASH JOIN [LEFT SEMI JOIN]
|  |  |  hash predicates: ws_item_sk = i_item_sk
|  |  |  runtime filters: RF025[min_max] <- i_item_sk
|  |  |  mem-estimate=1.94MB mem-reservation=1.94MB spill-buffer=64.00KB thread-reservation=0
|  |  |  tuple-ids=22,23 row-size=36B cardinality=42.60K cost=60571
|  |  |  in pipelines: 25(GETNEXT), 46(OPEN)
|  |  |
|  |  |--46:AGGREGATE [FINALIZE]
|  |  |  |  group by: i_item_sk
|  |  |  |  mem-estimate=10.00MB mem-reservation=1.94MB spill-buffer=64.00KB thread-reservation=0
|  |  |  |  tuple-ids=68 row-size=8B cardinality=17.98K cost=235454
|  |  |  |  in pipelines: 46(GETNEXT), 32(OPEN)
|  |  |  |
|  |  |  32:AGGREGATE [FINALIZE]
|  |  |  |  output: count(*)
|  |  |  |  group by: substr(i_item_desc, CAST(1 AS BIGINT), CAST(30 AS BIGINT)), i_item_sk, d_date
|  |  |  |  having: count(*) > CAST(4 AS BIGINT)
|  |  |  |  mem-estimate=139.22MB mem-reservation=34.00MB spill-buffer=2.00MB thread-reservation=0
|  |  |  |  tuple-ids=27 row-size=50B cardinality=235.45K cost=9418164
|  |  |  |  in pipelines: 32(GETNEXT), 27(OPEN)
|  |  |  |
|  |  |  31:HASH JOIN [INNER JOIN]
|  |  |  |  hash predicates: ss_item_sk = i_item_sk
|  |  |  |  fk/pk conjuncts: ss_item_sk = i_item_sk
|  |  |  |  runtime filters: RF029[min_max] <- i_item_sk
|  |  |  |  mem-estimate=4.75MB mem-reservation=4.75MB spill-buffer=256.00KB thread-reservation=0
|  |  |  |  tuple-ids=24,25,26 row-size=162B cardinality=2.35M cost=2372541
|  |  |  |  in pipelines: 27(GETNEXT), 29(OPEN)
|  |  |  |
|  |  |  |--29:SCAN HDFS [tpcds_partitioned_parquet_snap.item]
|  |  |  |     HDFS partitions=1/1 files=1 size=1.73MB
|  |  |  |     stored statistics:
|  |  |  |       table: rows=18.00K size=1.73MB
|  |  |  |       columns: all
|  |  |  |     extrapolated-rows=disabled max-scan-range-rows=18.00K
|  |  |  |     mem-estimate=16.00MB mem-reservation=2.00MB thread-reservation=0
|  |  |  |     tuple-ids=26 row-size=120B cardinality=18.00K cost=52118
|  |  |  |     in pipelines: 29(GETNEXT)
|  |  |  |
|  |  |  30:HASH JOIN [INNER JOIN]
|  |  |  |  hash predicates: ss_sold_date_sk = d_date_sk
|  |  |  |  fk/pk conjuncts: ss_sold_date_sk = d_date_sk
|  |  |  |  runtime filters: RF030[bloom] <- d_date_sk
|  |  |  |  mem-estimate=1.94MB mem-reservation=1.94MB spill-buffer=64.00KB thread-reservation=0
|  |  |  |  tuple-ids=24,25 row-size=42B cardinality=2.35M cost=2356032
|  |  |  |  in pipelines: 27(GETNEXT), 28(OPEN)
|  |  |  |
|  |  |  |--28:SCAN HDFS [tpcds_partitioned_parquet_snap.date_dim]
|  |  |  |     HDFS partitions=1/1 files=1 size=2.15MB
|  |  |  |     predicates: d_year IN (CAST(2000 AS INT), CAST(2001 AS INT), CAST(2002 AS INT), CAST(2003 AS INT))
|  |  |  |     stored statistics:
|  |  |  |       table: rows=73.05K size=2.15MB
|  |  |  |       columns: all
|  |  |  |     extrapolated-rows=disabled max-scan-range-rows=73.05K
|  |  |  |     parquet statistics predicates: d_year IN (CAST(2000 AS INT), CAST(2001 AS INT), CAST(2002 AS INT), CAST(2003 AS INT))
|  |  |  |     parquet dictionary predicates: d_year IN (CAST(2000 AS INT), CAST(2001 AS INT), CAST(2002 AS INT), CAST(2003 AS INT))
|  |  |  |     mem-estimate=16.00MB mem-reservation=2.00MB thread-reservation=0
|  |  |  |     tuple-ids=25 row-size=30B cardinality=1.49K cost=125190
|  |  |  |     in pipelines: 28(GETNEXT)
|  |  |  |
|  |  |  27:SCAN HDFS [tpcds_partitioned_parquet_snap.store_sales]
|  |  |     HDFS partitions=1824/1824 files=1824 size=199.36MB
|  |  |     runtime filters: RF029[min_max] -> ss_item_sk, RF030[bloom] -> ss_sold_date_sk
|  |  |     stored statistics:
|  |  |       table: rows=2.88M size=199.36MB
|  |  |       partitions: 1824/1824 rows=2.88M
|  |  |       columns: all
|  |  |     extrapolated-rows=disabled max-scan-range-rows=130.09K est-scan-range=1491(filtered from 1824)
|  |  |     mem-estimate=16.00MB mem-reservation=512.00KB thread-reservation=0
|  |  |     tuple-ids=24 row-size=12B cardinality=2.35M(filtered from 2.88M) cost=74577592
|  |  |     in pipelines: 27(GETNEXT)
|  |  |
|  |  45:HASH JOIN [INNER JOIN]
|  |  |  hash predicates: ws_sold_date_sk = d_date_sk
|  |  |  fk/pk conjuncts: ws_sold_date_sk = d_date_sk
|  |  |  runtime filters: RF026[bloom] <- d_date_sk
|  |  |  mem-estimate=1.94MB mem-reservation=1.94MB spill-buffer=64.00KB thread-reservation=0
|  |  |  tuple-ids=22,23 row-size=36B cardinality=42.60K cost=42704
|  |  |  in pipelines: 25(GETNEXT), 26(OPEN)
|  |  |
|  |  |--26:SCAN HDFS [tpcds_partitioned_parquet_snap.date_dim]
|  |  |     HDFS partitions=1/1 files=1 size=2.15MB
|  |  |     predicates: d_year = CAST(2000 AS INT), d_moy = CAST(2 AS INT)
|  |  |     stored statistics:
|  |  |       table: rows=73.05K size=2.15MB
|  |  |       columns: all
|  |  |     extrapolated-rows=disabled max-scan-range-rows=73.05K
|  |  |     parquet statistics predicates: d_year = CAST(2000 AS INT), d_moy = CAST(2 AS INT)
|  |  |     parquet dictionary predicates: d_year = CAST(2000 AS INT), d_moy = CAST(2 AS INT)
|  |  |     mem-estimate=16.00MB mem-reservation=512.00KB thread-reservation=0
|  |  |     tuple-ids=23 row-size=12B cardinality=108 cost=196955
|  |  |     in pipelines: 26(GETNEXT)
|  |  |
|  |  25:SCAN HDFS [tpcds_partitioned_parquet_snap.web_sales]
|  |     HDFS partitions=1824/1824 files=1824 size=84.20MB
|  |     runtime filters: RF025[min_max] -> ws_item_sk, RF026[bloom] -> ws_sold_date_sk
|  |     stored statistics:
|  |       table: rows=719.38K size=84.20MB
|  |       partitions: 1824/1824 rows=719.38K
|  |       columns: all
|  |     extrapolated-rows=disabled max-scan-range-rows=1.12K est-scan-range=109(filtered from 1824)
|  |     mem-estimate=16.00MB mem-reservation=128.00KB thread-reservation=0
|  |     tuple-ids=22 row-size=24B cardinality=42.60K(filtered from 719.38K) cost=5450999
|  |     in pipelines: 25(GETNEXT)
|  |
|  44:NESTED LOOP JOIN [INNER JOIN]
|  |  predicates: sum(ss_quantity * ss_sales_price) > CAST(0.500000 AS DECIMAL(10,6)) * max(csales)
|  |  mem-estimate=16B mem-reservation=0B thread-reservation=0
|  |  tuple-ids=32,39 row-size=36B cardinality=100.00K cost=0
|  |  in pipelines: 36(GETNEXT), 43(OPEN)
|  |
|  |--43:AGGREGATE [FINALIZE]
|  |  |  output: max(sum(ss_quantity * ss_sales_price))
|  |  |  mem-estimate=16.00KB mem-reservation=0B spill-buffer=2.00MB thread-reservation=0
|  |  |  tuple-ids=39 row-size=16B cardinality=1 cost=100000
|  |  |  in pipelines: 43(GETNEXT), 42(OPEN)
|  |  |
|  |  42:AGGREGATE [FINALIZE]
|  |  |  output: sum(CAST(ss_quantity AS DECIMAL(10,0)) * ss_sales_price)
|  |  |  group by: c_customer_sk
|  |  |  mem-estimate=10.00MB mem-reservation=4.75MB spill-buffer=256.00KB thread-reservation=0
|  |  |  tuple-ids=37 row-size=20B cardinality=100.00K cost=4709082
|  |  |  in pipelines: 42(GETNEXT), 37(OPEN)
|  |  |
|  |  41:HASH JOIN [INNER JOIN]
|  |  |  hash predicates: ss_customer_sk = c_customer_sk
|  |  |  fk/pk conjuncts: ss_customer_sk = c_customer_sk
|  |  |  runtime filters: RF021[min_max] <- c_customer_sk
|  |  |  mem-estimate=4.75MB mem-reservation=4.75MB spill-buffer=256.00KB thread-reservation=0
|  |  |  tuple-ids=34,36,35 row-size=28B cardinality=2.35M cost=2454541
|  |  |  in pipelines: 37(GETNEXT), 38(OPEN)
|  |  |
|  |  |--38:SCAN HDFS [tpcds_partitioned_parquet_snap.customer]
|  |  |     HDFS partitions=1/1 files=1 size=5.49MB
|  |  |     stored statistics:
|  |  |       table: rows=100.00K size=5.49MB
|  |  |       columns: all
|  |  |     extrapolated-rows=disabled max-scan-range-rows=100.00K
|  |  |     mem-estimate=16.00MB mem-reservation=512.00KB thread-reservation=0
|  |  |     tuple-ids=35 row-size=4B cardinality=100.00K cost=50391
|  |  |     in pipelines: 38(GETNEXT)
|  |  |
|  |  40:HASH JOIN [INNER JOIN]
|  |  |  hash predicates: ss_sold_date_sk = d_date_sk
|  |  |  fk/pk conjuncts: ss_sold_date_sk = d_date_sk
|  |  |  runtime filters: RF022[bloom] <- d_date_sk
|  |  |  mem-estimate=1.94MB mem-reservation=1.94MB spill-buffer=64.00KB thread-reservation=0
|  |  |  tuple-ids=34,36 row-size=24B cardinality=2.35M cost=2356032
|  |  |  in pipelines: 37(GETNEXT), 39(OPEN)
|  |  |
|  |  |--39:SCAN HDFS [tpcds_partitioned_parquet_snap.date_dim]
|  |  |     HDFS partitions=1/1 files=1 size=2.15MB
|  |  |     predicates: d_year IN (CAST(2000 AS INT), CAST(2001 AS INT), CAST(2002 AS INT), CAST(2003 AS INT))
|  |  |     stored statistics:
|  |  |       table: rows=73.05K size=2.15MB
|  |  |       columns: all
|  |  |     extrapolated-rows=disabled max-scan-range-rows=73.05K
|  |  |     parquet statistics predicates: d_year IN (CAST(2000 AS INT), CAST(2001 AS INT), CAST(2002 AS INT), CAST(2003 AS INT))
|  |  |     parquet dictionary predicates: d_year IN (CAST(2000 AS INT), CAST(2001 AS INT), CAST(2002 AS INT), CAST(2003 AS INT))
|  |  |     mem-estimate=16.00MB mem-reservation=512.00KB thread-reservation=0
|  |  |     tuple-ids=36 row-size=8B cardinality=1.49K cost=123620
|  |  |     in pipelines: 39(GETNEXT)
|  |  |
|  |  37:SCAN HDFS [tpcds_partitioned_parquet_snap.store_sales]
|  |     HDFS partitions=1824/1824 files=1824 size=199.36MB
|  |     runtime filters: RF021[min_max] -> ss_customer_sk, RF022[bloom] -> ss_sold_date_sk
|  |     stored statistics:
|  |       table: rows=2.88M size=199.36MB
|  |       partitions: 1824/1824 rows=2.88M
|  |       columns: all
|  |     extrapolated-rows=disabled max-scan-range-rows=130.09K est-scan-range=1491(filtered from 1824)
|  |     mem-estimate=16.00MB mem-reservation=1.00MB thread-reservation=0
|  |     tuple-ids=34 row-size=16B cardinality=2.35M(filtered from 2.88M) cost=74586792
|  |     in pipelines: 37(GETNEXT)
|  |
|  36:AGGREGATE [FINALIZE]
|  |  output: sum(CAST(ss_quantity AS DECIMAL(10,0)) * ss_sales_price)
|  |  group by: c_customer_sk
|  |  mem-estimate=10.00MB mem-reservation=4.75MB spill-buffer=256.00KB thread-reservation=0
|  |  tuple-ids=32 row-size=20B cardinality=100.00K cost=5760808
|  |  in pipelines: 36(GETNEXT), 33(OPEN)
|  |
|  35:HASH JOIN [INNER JOIN]
|  |  hash predicates: ss_customer_sk = c_customer_sk
|  |  fk/pk conjuncts: ss_customer_sk = c_customer_sk
|  |  runtime filters: RF019[min_max] <- c_customer_sk
|  |  mem-estimate=4.75MB mem-reservation=4.75MB spill-buffer=256.00KB thread-reservation=0
|  |  tuple-ids=30,31 row-size=16B cardinality=2.88M cost=2980404
|  |  in pipelines: 33(GETNEXT), 34(OPEN)
|  |
|  |--34:SCAN HDFS [tpcds_partitioned_parquet_snap.customer]
|  |     HDFS partitions=1/1 files=1 size=5.49MB
|  |     runtime filters: RF017[min_max] -> tpcds_partitioned_parquet_snap.customer.c_customer_sk, RF016[bloom] -> tpcds_partitioned_parquet_snap.customer.c_customer_sk
|  |     stored statistics:
|  |       table: rows=100.00K size=5.49MB
|  |       columns: all
|  |     extrapolated-rows=disabled max-scan-range-rows=100.00K
|  |     mem-estimate=16.00MB mem-reservation=512.00KB thread-reservation=0
|  |     tuple-ids=31 row-size=4B cardinality=100.00K cost=50391
|  |     in pipelines: 34(GETNEXT)
|  |
|  33:SCAN HDFS [tpcds_partitioned_parquet_snap.store_sales]
|     HDFS partitions=1824/1824 files=1824 size=199.36MB
|     runtime filters: RF017[min_max] -> tpcds_partitioned_parquet_snap.store_sales.ss_customer_sk, RF019[min_max] -> ss_customer_sk, RF016[bloom] -> tpcds_partitioned_parquet_snap.store_sales.ss_customer_sk
|     stored statistics:
|       table: rows=2.88M size=199.36MB
|       partitions: 1824/1824 rows=2.88M
|       columns: all
|     extrapolated-rows=disabled max-scan-range-rows=130.09K
|     mem-estimate=16.00MB mem-reservation=1.00MB thread-reservation=0
|     tuple-ids=30 row-size=12B cardinality=2.88M cost=91233752
|     in pipelines: 33(GETNEXT)
|
24:HASH JOIN [RIGHT SEMI JOIN]
|  hash predicates: c_customer_sk = cs_bill_customer_sk
|  runtime filters: RF000[bloom] <- cs_bill_customer_sk, RF001[min_max] <- cs_bill_customer_sk
|  mem-estimate=8.50MB mem-reservation=8.50MB spill-buffer=512.00KB thread-reservation=0
|  tuple-ids=0,1 row-size=36B cardinality=85.03K cost=185029
|  in pipelines: 12(GETNEXT), 01(OPEN)
|
|--23:HASH JOIN [LEFT SEMI JOIN]
|  |  hash predicates: cs_item_sk = i_item_sk
|  |  runtime filters: RF009[min_max] <- i_item_sk
|  |  mem-estimate=1.94MB mem-reservation=1.94MB spill-buffer=64.00KB thread-reservation=0
|  |  tuple-ids=0,1 row-size=36B cardinality=85.03K cost=103004
|  |  in pipelines: 01(GETNEXT), 22(OPEN)
|  |
|  |--22:AGGREGATE [FINALIZE]
|  |  |  group by: i_item_sk
|  |  |  mem-estimate=10.00MB mem-reservation=1.94MB spill-buffer=64.00KB thread-reservation=0
|  |  |  tuple-ids=57 row-size=8B cardinality=17.98K cost=235454
|  |  |  in pipelines: 22(GETNEXT), 08(OPEN)
|  |  |
|  |  08:AGGREGATE [FINALIZE]
|  |  |  output: count(*)
|  |  |  group by: substr(i_item_desc, CAST(1 AS BIGINT), CAST(30 AS BIGINT)), i_item_sk, d_date
|  |  |  having: count(*) > CAST(4 AS BIGINT)
|  |  |  mem-estimate=139.22MB mem-reservation=34.00MB spill-buffer=2.00MB thread-reservation=0
|  |  |  tuple-ids=5 row-size=50B cardinality=235.45K cost=9418164
|  |  |  in pipelines: 08(GETNEXT), 03(OPEN)
|  |  |
|  |  07:HASH JOIN [INNER JOIN]
|  |  |  hash predicates: ss_item_sk = i_item_sk
|  |  |  fk/pk conjuncts: ss_item_sk = i_item_sk
|  |  |  runtime filters: RF013[min_max] <- i_item_sk
|  |  |  mem-estimate=4.75MB mem-reservation=4.75MB spill-buffer=256.00KB thread-reservation=0
|  |  |  tuple-ids=2,3,4 row-size=162B cardinality=2.35M cost=2372541
|  |  |  in pipelines: 03(GETNEXT), 05(OPEN)
|  |  |
|  |  |--05:SCAN HDFS [tpcds_partitioned_parquet_snap.item]
|  |  |     HDFS partitions=1/1 files=1 size=1.73MB
|  |  |     stored statistics:
|  |  |       table: rows=18.00K size=1.73MB
|  |  |       columns: all
|  |  |     extrapolated-rows=disabled max-scan-range-rows=18.00K
|  |  |     mem-estimate=16.00MB mem-reservation=2.00MB thread-reservation=0
|  |  |     tuple-ids=4 row-size=120B cardinality=18.00K cost=52118
|  |  |     in pipelines: 05(GETNEXT)
|  |  |
|  |  06:HASH JOIN [INNER JOIN]
|  |  |  hash predicates: ss_sold_date_sk = d_date_sk
|  |  |  fk/pk conjuncts: ss_sold_date_sk = d_date_sk
|  |  |  runtime filters: RF014[bloom] <- d_date_sk
|  |  |  mem-estimate=1.94MB mem-reservation=1.94MB spill-buffer=64.00KB thread-reservation=0
|  |  |  tuple-ids=2,3 row-size=42B cardinality=2.35M cost=2356032
|  |  |  in pipelines: 03(GETNEXT), 04(OPEN)
|  |  |
|  |  |--04:SCAN HDFS [tpcds_partitioned_parquet_snap.date_dim]
|  |  |     HDFS partitions=1/1 files=1 size=2.15MB
|  |  |     predicates: d_year IN (CAST(2000 AS INT), CAST(2001 AS INT), CAST(2002 AS INT), CAST(2003 AS INT))
|  |  |     stored statistics:
|  |  |       table: rows=73.05K size=2.15MB
|  |  |       columns: all
|  |  |     extrapolated-rows=disabled max-scan-range-rows=73.05K
|  |  |     parquet statistics predicates: d_year IN (CAST(2000 AS INT), CAST(2001 AS INT), CAST(2002 AS INT), CAST(2003 AS INT))
|  |  |     parquet dictionary predicates: d_year IN (CAST(2000 AS INT), CAST(2001 AS INT), CAST(2002 AS INT), CAST(2003 AS INT))
|  |  |     mem-estimate=16.00MB mem-reservation=2.00MB thread-reservation=0
|  |  |     tuple-ids=3 row-size=30B cardinality=1.49K cost=125190
|  |  |     in pipelines: 04(GETNEXT)
|  |  |
|  |  03:SCAN HDFS [tpcds_partitioned_parquet_snap.store_sales]
|  |     HDFS partitions=1824/1824 files=1824 size=199.36MB
|  |     runtime filters: RF013[min_max] -> ss_item_sk, RF014[bloom] -> ss_sold_date_sk
|  |     stored statistics:
|  |       table: rows=2.88M size=199.36MB
|  |       partitions: 1824/1824 rows=2.88M
|  |       columns: all
|  |     extrapolated-rows=disabled max-scan-range-rows=130.09K est-scan-range=1491(filtered from 1824)
|  |     mem-estimate=16.00MB mem-reservation=512.00KB thread-reservation=0
|  |     tuple-ids=2 row-size=12B cardinality=2.35M(filtered from 2.88M) cost=74577592
|  |     in pipelines: 03(GETNEXT)
|  |
|  21:HASH JOIN [INNER JOIN]
|  |  hash predicates: cs_sold_date_sk = d_date_sk
|  |  fk/pk conjuncts: cs_sold_date_sk = d_date_sk
|  |  runtime filters: RF010[bloom] <- d_date_sk
|  |  mem-estimate=1.94MB mem-reservation=1.94MB spill-buffer=64.00KB thread-reservation=0
|  |  tuple-ids=0,1 row-size=36B cardinality=85.03K cost=85137
|  |  in pipelines: 01(GETNEXT), 02(OPEN)
|  |
|  |--02:SCAN HDFS [tpcds_partitioned_parquet_snap.date_dim]
|  |     HDFS partitions=1/1 files=1 size=2.15MB
|  |     predicates: d_year = CAST(2000 AS INT), d_moy = CAST(2 AS INT)
|  |     stored statistics:
|  |       table: rows=73.05K size=2.15MB
|  |       columns: all
|  |     extrapolated-rows=disabled max-scan-range-rows=73.05K
|  |     parquet statistics predicates: d_year = CAST(2000 AS INT), d_moy = CAST(2 AS INT)
|  |     parquet dictionary predicates: d_year = CAST(2000 AS INT), d_moy = CAST(2 AS INT)
|  |     mem-estimate=16.00MB mem-reservation=512.00KB thread-reservation=0
|  |     tuple-ids=1 row-size=12B cardinality=108 cost=196955
|  |     in pipelines: 02(GETNEXT)
|  |
|  01:SCAN HDFS [tpcds_partitioned_parquet_snap.catalog_sales]
|     HDFS partitions=1831/1831 files=1831 size=151.13MB
|     runtime filters: RF009[min_max] -> cs_item_sk, RF010[bloom] -> cs_sold_date_sk
|     stored statistics:
|       table: rows=1.44M size=151.13MB
|       partitions: 1831/1831 rows=1.44M
|       columns: all
|     extrapolated-rows=disabled max-scan-range-rows=7.18K est-scan-range=109(filtered from 1831)
|     mem-estimate=16.00MB mem-reservation=128.00KB thread-reservation=0
|     tuple-ids=0 row-size=24B cardinality=85.03K(filtered from 1.44M) cost=5451993
|     in pipelines: 01(GETNEXT)
|
20:NESTED LOOP JOIN [INNER JOIN]
|  predicates: sum(ss_quantity * ss_sales_price) > CAST(0.500000 AS DECIMAL(10,6)) * max(csales)
|  mem-estimate=16B mem-reservation=0B thread-reservation=0
|  tuple-ids=10,17 row-size=36B cardinality=100.00K cost=0
|  in pipelines: 12(GETNEXT), 19(OPEN)
|
|--19:AGGREGATE [FINALIZE]
|  |  output: max(sum(ss_quantity * ss_sales_price))
|  |  mem-estimate=16.00KB mem-reservation=0B spill-buffer=2.00MB thread-reservation=0
|  |  tuple-ids=17 row-size=16B cardinality=1 cost=100000
|  |  in pipelines: 19(GETNEXT), 18(OPEN)
|  |
|  18:AGGREGATE [FINALIZE]
|  |  output: sum(CAST(ss_quantity AS DECIMAL(10,0)) * ss_sales_price)
|  |  group by: c_customer_sk
|  |  mem-estimate=10.00MB mem-reservation=4.75MB spill-buffer=256.00KB thread-reservation=0
|  |  tuple-ids=15 row-size=20B cardinality=100.00K cost=4709082
|  |  in pipelines: 18(GETNEXT), 13(OPEN)
|  |
|  17:HASH JOIN [INNER JOIN]
|  |  hash predicates: ss_customer_sk = c_customer_sk
|  |  fk/pk conjuncts: ss_customer_sk = c_customer_sk
|  |  runtime filters: RF004[bloom] <- c_customer_sk, RF005[min_max] <- c_customer_sk
|  |  mem-estimate=4.75MB mem-reservation=4.75MB spill-buffer=256.00KB thread-reservation=0
|  |  tuple-ids=12,14,13 row-size=28B cardinality=2.35M cost=2454541
|  |  in pipelines: 13(GETNEXT), 14(OPEN)
|  |
|  |--14:SCAN HDFS [tpcds_partitioned_parquet_snap.customer]
|  |     HDFS partitions=1/1 files=1 size=5.49MB
|  |     stored statistics:
|  |       table: rows=100.00K size=5.49MB
|  |       columns: all
|  |     extrapolated-rows=disabled max-scan-range-rows=100.00K
|  |     mem-estimate=16.00MB mem-reservation=512.00KB thread-reservation=0
|  |     tuple-ids=13 row-size=4B cardinality=100.00K cost=50391
|  |     in pipelines: 14(GETNEXT)
|  |
|  16:HASH JOIN [INNER JOIN]
|  |  hash predicates: ss_sold_date_sk = d_date_sk
|  |  fk/pk conjuncts: ss_sold_date_sk = d_date_sk
|  |  runtime filters: RF006[bloom] <- d_date_sk
|  |  mem-estimate=1.94MB mem-reservation=1.94MB spill-buffer=64.00KB thread-reservation=0
|  |  tuple-ids=12,14 row-size=24B cardinality=2.35M cost=2356032
|  |  in pipelines: 13(GETNEXT), 15(OPEN)
|  |
|  |--15:SCAN HDFS [tpcds_partitioned_parquet_snap.date_dim]
|  |     HDFS partitions=1/1 files=1 size=2.15MB
|  |     predicates: d_year IN (CAST(2000 AS INT), CAST(2001 AS INT), CAST(2002 AS INT), CAST(2003 AS INT))
|  |     stored statistics:
|  |       table: rows=73.05K size=2.15MB
|  |       columns: all
|  |     extrapolated-rows=disabled max-scan-range-rows=73.05K
|  |     parquet statistics predicates: d_year IN (CAST(2000 AS INT), CAST(2001 AS INT), CAST(2002 AS INT), CAST(2003 AS INT))
|  |     parquet dictionary predicates: d_year IN (CAST(2000 AS INT), CAST(2001 AS INT), CAST(2002 AS INT), CAST(2003 AS INT))
|  |     mem-estimate=16.00MB mem-reservation=512.00KB thread-reservation=0
|  |     tuple-ids=14 row-size=8B cardinality=1.49K cost=123620
|  |     in pipelines: 15(GETNEXT)
|  |
|  13:SCAN HDFS [tpcds_partitioned_parquet_snap.store_sales]
|     HDFS partitions=1824/1824 files=1824 size=199.36MB
|     runtime filters: RF005[min_max] -> ss_customer_sk, RF006[bloom] -> ss_sold_date_sk, RF004[bloom] -> ss_customer_sk
|     stored statistics:
|       table: rows=2.88M size=199.36MB
|       partitions: 1824/1824 rows=2.88M
|       columns: all
|     extrapolated-rows=disabled max-scan-range-rows=130.09K est-scan-range=1491(filtered from 1824)
|     mem-estimate=16.00MB mem-reservation=1.00MB thread-reservation=0
|     tuple-ids=12 row-size=16B cardinality=2.35M(filtered from 2.88M) cost=74586792
|     in pipelines: 13(GETNEXT)
|
12:AGGREGATE [FINALIZE]
|  output: sum(CAST(ss_quantity AS DECIMAL(10,0)) * ss_sales_price)
|  group by: c_customer_sk
|  mem-estimate=10.00MB mem-reservation=4.75MB spill-buffer=256.00KB thread-reservation=0
|  tuple-ids=10 row-size=20B cardinality=100.00K cost=5760808
|  in pipelines: 12(GETNEXT), 09(OPEN)
|
11:HASH JOIN [INNER JOIN]
|  hash predicates: ss_customer_sk = c_customer_sk
|  fk/pk conjuncts: ss_customer_sk = c_customer_sk
|  runtime filters: RF002[bloom] <- c_customer_sk, RF003[min_max] <- c_customer_sk
|  mem-estimate=4.75MB mem-reservation=4.75MB spill-buffer=256.00KB thread-reservation=0
|  tuple-ids=8,9 row-size=16B cardinality=2.88M cost=2980404
|  in pipelines: 09(GETNEXT), 10(OPEN)
|
|--10:SCAN HDFS [tpcds_partitioned_parquet_snap.customer]
|     HDFS partitions=1/1 files=1 size=5.49MB
|     runtime filters: RF001[min_max] -> tpcds_partitioned_parquet_snap.customer.c_customer_sk, RF000[bloom] -> tpcds_partitioned_parquet_snap.customer.c_customer_sk
|     stored statistics:
|       table: rows=100.00K size=5.49MB
|       columns: all
|     extrapolated-rows=disabled max-scan-range-rows=100.00K
|     mem-estimate=16.00MB mem-reservation=512.00KB thread-reservation=0
|     tuple-ids=9 row-size=4B cardinality=100.00K cost=50391
|     in pipelines: 10(GETNEXT)
|
09:SCAN HDFS [tpcds_partitioned_parquet_snap.store_sales]
   HDFS partitions=1824/1824 files=1824 size=199.36MB
   runtime filters: RF001[min_max] -> tpcds_partitioned_parquet_snap.store_sales.ss_customer_sk, RF003[min_max] -> ss_customer_sk, RF000[bloom] -> tpcds_partitioned_parquet_snap.store_sales.ss_customer_sk, RF002[bloom] -> ss_customer_sk
   stored statistics:
     table: rows=2.88M size=199.36MB
     partitions: 1824/1824 rows=2.88M
     columns: all
   extrapolated-rows=disabled max-scan-range-rows=130.09K
   mem-estimate=16.00MB mem-reservation=1.00MB thread-reservation=0
   tuple-ids=8 row-size=12B cardinality=2.88M cost=91233752
   in pipelines: 09(GETNEXT)
---- DISTRIBUTEDPLAN
Max Per-Host Resource Reservation: Memory=546.00MB Threads=79
Per-Host Resource Estimates: Memory=1.35GB
F31:PLAN FRAGMENT [UNPARTITIONED] hosts=1 instances=1
|  Per-Instance Resources: mem-estimate=32.00KB mem-reservation=0B thread-reservation=1
|  max-parallelism=1 segment-costs=[2, 0] cpu-comparison-result=78 [max(1 (self) vs 78 (sum children))]
PLAN-ROOT SINK
|  output exprs: sum(sales)
|  mem-estimate=0B mem-reservation=0B thread-reservation=0 cost=0
|
89:AGGREGATE [FINALIZE]
|  output: sum:merge(sales)
|  limit: 100
|  mem-estimate=16.00KB mem-reservation=0B spill-buffer=2.00MB thread-reservation=0
|  tuple-ids=46 row-size=16B cardinality=1 cost=1
|  in pipelines: 89(GETNEXT), 49(OPEN)
|
88:EXCHANGE [UNPARTITIONED]
|  mem-estimate=16.00KB mem-reservation=0B thread-reservation=0
|  tuple-ids=46 row-size=16B cardinality=1 cost=1
|  in pipelines: 49(GETNEXT)
|
F30:PLAN FRAGMENT [RANDOM] hosts=3 instances=12 (adjusted from 48)
Per-Instance Resources: mem-estimate=10.93MB mem-reservation=1.94MB thread-reservation=1
max-parallelism=12 segment-costs=[202344, 202344, 582875, 1] cpu-comparison-result=78 [max(12 (self) vs 78 (sum children))]
49:AGGREGATE
|  output: sum(sales)
|  mem-estimate=16.00KB mem-reservation=0B spill-buffer=2.00MB thread-reservation=0
|  tuple-ids=46 row-size=16B cardinality=1 cost=127625
|  in pipelines: 49(GETNEXT), 52(OPEN), 71(OPEN)
|
00:UNION
|  mem-estimate=0B mem-reservation=0B thread-reservation=0
|  tuple-ids=44 row-size=8B cardinality=127.62K cost=255250
|  in pipelines: 52(GETNEXT), 71(GETNEXT)
|
|--48:HASH JOIN [RIGHT SEMI JOIN, PARTITIONED]
|  |  hash-table-id=08
|  |  hash predicates: c_customer_sk = ws_bill_customer_sk
|  |  mem-estimate=0B mem-reservation=0B spill-buffer=64.00KB thread-reservation=0
|  |  tuple-ids=22,23 row-size=36B cardinality=42.60K cost=100000
|  |  in pipelines: 71(GETNEXT), 25(OPEN)
|  |
|  |--F40:PLAN FRAGMENT [RANDOM] hosts=3 instances=12 (adjusted from 48)
|  |  |  Per-Instance Resources: mem-estimate=3.68MB mem-reservation=2.94MB thread-reservation=1 runtime-filters-memory=1.00MB
|  |  |  max-parallelism=12 segment-costs=[44427] cpu-comparison-result=18 [max(18 (self) vs 13 (sum children))]
|  |  JOIN BUILD
|  |  |  join-table-id=08 plan-id=09 cohort-id=01
|  |  |  build expressions: ws_bill_customer_sk
|  |  |  runtime filters: RF016[bloom] <- ws_bill_customer_sk, RF017[min_max] <- ws_bill_customer_sk
|  |  |  mem-estimate=1.94MB mem-reservation=1.94MB spill-buffer=64.00KB thread-reservation=0 cost=42596
|  |  |
|  |  87:EXCHANGE [HASH(ws_bill_customer_sk)]
|  |  |  mem-estimate=763.17KB mem-reservation=0B thread-reservation=0
|  |  |  tuple-ids=22,23 row-size=36B cardinality=42.60K cost=1831
|  |  |  in pipelines: 25(GETNEXT)
|  |  |
|  |  F23:PLAN FRAGMENT [RANDOM] hosts=3 instances=6 (adjusted from 48)
|  |  Per-Host Shared Resources: mem-estimate=1.00MB mem-reservation=1.00MB thread-reservation=0 runtime-filters-memory=1.00MB
|  |  Per-Instance Resources: mem-estimate=18.06MB mem-reservation=128.00KB thread-reservation=1
|  |  max-parallelism=6 segment-costs=[5538022]
|  |  47:HASH JOIN [LEFT SEMI JOIN, BROADCAST]
|  |  |  hash-table-id=09
|  |  |  hash predicates: ws_item_sk = i_item_sk
|  |  |  mem-estimate=0B mem-reservation=0B spill-buffer=64.00KB thread-reservation=0
|  |  |  tuple-ids=22,23 row-size=36B cardinality=42.60K cost=42596
|  |  |  in pipelines: 25(GETNEXT), 85(OPEN)
|  |  |
|  |  |--F41:PLAN FRAGMENT [RANDOM] hosts=3 instances=3
|  |  |  |  Per-Instance Resources: mem-estimate=4.08MB mem-reservation=3.88MB thread-reservation=1
|  |  |  |  max-parallelism=3 segment-costs=[18608] cpu-comparison-result=9 [max(3 (self) vs 9 (sum children))]
|  |  |  JOIN BUILD
|  |  |  |  join-table-id=09 plan-id=10 cohort-id=05
|  |  |  |  build expressions: i_item_sk
|  |  |  |  runtime filters: RF025[min_max] <- i_item_sk
|  |  |  |  mem-estimate=3.88MB mem-reservation=3.88MB spill-buffer=64.00KB thread-reservation=0 cost=17975
|  |  |  |
|  |  |  86:EXCHANGE [BROADCAST]
|  |  |  |  mem-estimate=212.43KB mem-reservation=0B thread-reservation=0
|  |  |  |  tuple-ids=68 row-size=8B cardinality=17.98K cost=633
|  |  |  |  in pipelines: 85(GETNEXT)
|  |  |  |
|  |  |  F29:PLAN FRAGMENT [HASH(i_item_sk)] hosts=3 instances=6 (adjusted from 48)
|  |  |  Per-Instance Resources: mem-estimate=10.12MB mem-reservation=1.94MB thread-reservation=1
|  |  |  max-parallelism=6 segment-costs=[18186, 211] cpu-comparison-result=9 [max(6 (self) vs 9 (sum children))]
|  |  |  85:AGGREGATE [FINALIZE]
|  |  |  |  group by: i_item_sk
|  |  |  |  mem-estimate=10.00MB mem-reservation=1.94MB spill-buffer=64.00KB thread-reservation=0
|  |  |  |  tuple-ids=68 row-size=8B cardinality=17.98K cost=17975
|  |  |  |  in pipelines: 85(GETNEXT), 83(OPEN)
|  |  |  |
|  |  |  84:EXCHANGE [HASH(i_item_sk)]
|  |  |  |  mem-estimate=118.81KB mem-reservation=0B thread-reservation=0
|  |  |  |  tuple-ids=68 row-size=8B cardinality=17.98K cost=211
|  |  |  |  in pipelines: 83(GETNEXT)
|  |  |  |
|  |  |  F28:PLAN FRAGMENT [HASH(substr(i_item_desc, 1, 30),i_item_sk,d_date)] hosts=3 instances=6 (adjusted from 48)
|  |  |  Per-Instance Resources: mem-estimate=54.47MB mem-reservation=36.00MB thread-reservation=1
|  |  |  max-parallelism=6 segment-costs=[9542330, 235454, 211] cpu-comparison-result=9 [max(6 (self) vs 9 (sum children))]
|  |  |  46:AGGREGATE [STREAMING]
|  |  |  |  group by: i_item_sk
|  |  |  |  mem-estimate=10.00MB mem-reservation=2.00MB spill-buffer=64.00KB thread-reservation=0
|  |  |  |  tuple-ids=68 row-size=8B cardinality=17.98K cost=235454
|  |  |  |  in pipelines: 83(GETNEXT)
|  |  |  |
|  |  |  83:AGGREGATE [FINALIZE]
|  |  |  |  output: count:merge(*)
|  |  |  |  group by: substr(i_item_desc, 1, 30), i_item_sk, d_date
|  |  |  |  having: count(*) > CAST(4 AS BIGINT)
|  |  |  |  mem-estimate=34.00MB mem-reservation=34.00MB spill-buffer=2.00MB thread-reservation=0
|  |  |  |  tuple-ids=27 row-size=50B cardinality=235.45K cost=9418164
|  |  |  |  in pipelines: 83(GETNEXT), 27(OPEN)
|  |  |  |
|  |  |  82:EXCHANGE [HASH(substr(i_item_desc, 1, 30),i_item_sk,d_date)]
|  |  |  |  mem-estimate=10.47MB mem-reservation=0B thread-reservation=0
|  |  |  |  tuple-ids=27 row-size=50B cardinality=2.35M cost=124166
|  |  |  |  in pipelines: 27(GETNEXT)
|  |  |  |
|  |  |  F25:PLAN FRAGMENT [RANDOM] hosts=3 instances=9 (adjusted from 48)
|  |  |  Per-Host Shared Resources: mem-estimate=1.00MB mem-reservation=1.00MB thread-reservation=0 runtime-filters-memory=1.00MB
|  |  |  Per-Instance Resources: mem-estimate=34.27MB mem-reservation=17.50MB thread-reservation=1
|  |  |  max-parallelism=9 segment-costs=[88704838, 124166] cpu-comparison-result=9 [max(9 (self) vs 8 (sum children))]
|  |  |  32:AGGREGATE [STREAMING]
|  |  |  |  output: count(*)
|  |  |  |  group by: substr(i_item_desc, CAST(1 AS BIGINT), CAST(30 AS BIGINT)), i_item_sk, d_date
|  |  |  |  mem-estimate=17.00MB mem-reservation=17.00MB spill-buffer=1.00MB thread-reservation=0
|  |  |  |  tuple-ids=27 row-size=50B cardinality=2.35M cost=9418164
|  |  |  |  in pipelines: 27(GETNEXT)
|  |  |  |
|  |  |  31:HASH JOIN [INNER JOIN, BROADCAST]
|  |  |  |  hash-table-id=10
|  |  |  |  hash predicates: ss_item_sk = i_item_sk
|  |  |  |  fk/pk conjuncts: ss_item_sk = i_item_sk
|  |  |  |  mem-estimate=0B mem-reservation=0B spill-buffer=256.00KB thread-reservation=0
|  |  |  |  tuple-ids=24,25,26 row-size=162B cardinality=2.35M cost=2354541
|  |  |  |  in pipelines: 27(GETNEXT), 29(OPEN)
|  |  |  |
|  |  |  |--F42:PLAN FRAGMENT [RANDOM] hosts=3 instances=3
|  |  |  |  |  Per-Instance Resources: mem-estimate=16.44MB mem-reservation=14.25MB thread-reservation=1
|  |  |  |  |  max-parallelism=3 segment-costs=[24564]
|  |  |  |  JOIN BUILD
|  |  |  |  |  join-table-id=10 plan-id=11 cohort-id=06
|  |  |  |  |  build expressions: i_item_sk
|  |  |  |  |  runtime filters: RF029[min_max] <- i_item_sk
|  |  |  |  |  mem-estimate=14.25MB mem-reservation=14.25MB spill-buffer=256.00KB thread-reservation=0 cost=18000
|  |  |  |  |
|  |  |  |  81:EXCHANGE [BROADCAST]
|  |  |  |  |  mem-estimate=2.19MB mem-reservation=0B thread-reservation=0
|  |  |  |  |  tuple-ids=26 row-size=120B cardinality=18.00K cost=6564
|  |  |  |  |  in pipelines: 29(GETNEXT)
|  |  |  |  |
|  |  |  |  F27:PLAN FRAGMENT [RANDOM] hosts=1 instances=1
|  |  |  |  Per-Instance Resources: mem-estimate=16.49MB mem-reservation=2.00MB thread-reservation=1
|  |  |  |  max-parallelism=1 segment-costs=[54306]
|  |  |  |  29:SCAN HDFS [tpcds_partitioned_parquet_snap.item, RANDOM]
|  |  |  |     HDFS partitions=1/1 files=1 size=1.73MB
|  |  |  |     stored statistics:
|  |  |  |       table: rows=18.00K size=1.73MB
|  |  |  |       columns: all
|  |  |  |     extrapolated-rows=disabled max-scan-range-rows=18.00K
|  |  |  |     mem-estimate=16.00MB mem-reservation=2.00MB thread-reservation=0
|  |  |  |     tuple-ids=26 row-size=120B cardinality=18.00K cost=52118
|  |  |  |     in pipelines: 29(GETNEXT)
|  |  |  |
|  |  |  30:HASH JOIN [INNER JOIN, BROADCAST]
|  |  |  |  hash-table-id=11
|  |  |  |  hash predicates: ss_sold_date_sk = d_date_sk
|  |  |  |  fk/pk conjuncts: ss_sold_date_sk = d_date_sk
|  |  |  |  mem-estimate=0B mem-reservation=0B spill-buffer=64.00KB thread-reservation=0
|  |  |  |  tuple-ids=24,25 row-size=42B cardinality=2.35M cost=2354541
|  |  |  |  in pipelines: 27(GETNEXT), 28(OPEN)
|  |  |  |
|  |  |  |--F43:PLAN FRAGMENT [RANDOM] hosts=3 instances=3
|  |  |  |  |  Per-Instance Resources: mem-estimate=6.89MB mem-reservation=6.81MB thread-reservation=1 runtime-filters-memory=1.00MB
|  |  |  |  |  max-parallelism=3 segment-costs=[1641]
|  |  |  |  JOIN BUILD
|  |  |  |  |  join-table-id=11 plan-id=12 cohort-id=06
|  |  |  |  |  build expressions: d_date_sk
|  |  |  |  |  runtime filters: RF030[bloom] <- d_date_sk
|  |  |  |  |  mem-estimate=5.81MB mem-reservation=5.81MB spill-buffer=64.00KB thread-reservation=0 cost=1491
|  |  |  |  |
|  |  |  |  80:EXCHANGE [BROADCAST]
|  |  |  |  |  mem-estimate=77.68KB mem-reservation=0B thread-reservation=0
|  |  |  |  |  tuple-ids=25 row-size=30B cardinality=1.49K cost=150
|  |  |  |  |  in pipelines: 28(GETNEXT)
|  |  |  |  |
|  |  |  |  F26:PLAN FRAGMENT [RANDOM] hosts=1 instances=1
|  |  |  |  Per-Instance Resources: mem-estimate=16.13MB mem-reservation=2.00MB thread-reservation=1
|  |  |  |  max-parallelism=1 segment-costs=[125240]
|  |  |  |  28:SCAN HDFS [tpcds_partitioned_parquet_snap.date_dim, RANDOM]
|  |  |  |     HDFS partitions=1/1 files=1 size=2.15MB
|  |  |  |     predicates: d_year IN (CAST(2000 AS INT), CAST(2001 AS INT), CAST(2002 AS INT), CAST(2003 AS INT))
|  |  |  |     stored statistics:
|  |  |  |       table: rows=73.05K size=2.15MB
|  |  |  |       columns: all
|  |  |  |     extrapolated-rows=disabled max-scan-range-rows=73.05K
|  |  |  |     parquet statistics predicates: d_year IN (CAST(2000 AS INT), CAST(2001 AS INT), CAST(2002 AS INT), CAST(2003 AS INT))
|  |  |  |     parquet dictionary predicates: d_year IN (CAST(2000 AS INT), CAST(2001 AS INT), CAST(2002 AS INT), CAST(2003 AS INT))
|  |  |  |     mem-estimate=16.00MB mem-reservation=2.00MB thread-reservation=0
|  |  |  |     tuple-ids=25 row-size=30B cardinality=1.49K cost=125190
|  |  |  |     in pipelines: 28(GETNEXT)
|  |  |  |
|  |  |  27:SCAN HDFS [tpcds_partitioned_parquet_snap.store_sales, RANDOM]
|  |  |     HDFS partitions=1824/1824 files=1824 size=199.36MB
|  |  |     runtime filters: RF029[min_max] -> ss_item_sk, RF030[bloom] -> ss_sold_date_sk
|  |  |     stored statistics:
|  |  |       table: rows=2.88M size=199.36MB
|  |  |       partitions: 1824/1824 rows=2.88M
|  |  |       columns: all
|  |  |     extrapolated-rows=disabled max-scan-range-rows=130.09K est-scan-range=1491(filtered from 1824)
|  |  |     mem-estimate=16.00MB mem-reservation=512.00KB thread-reservation=0
|  |  |     tuple-ids=24 row-size=12B cardinality=2.35M(filtered from 2.88M) cost=74577592
|  |  |     in pipelines: 27(GETNEXT)
|  |  |
|  |  45:HASH JOIN [INNER JOIN, BROADCAST]
|  |  |  hash-table-id=12
|  |  |  hash predicates: ws_sold_date_sk = d_date_sk
|  |  |  fk/pk conjuncts: ws_sold_date_sk = d_date_sk
|  |  |  mem-estimate=0B mem-reservation=0B spill-buffer=64.00KB thread-reservation=0
|  |  |  tuple-ids=22,23 row-size=36B cardinality=42.60K cost=42596
|  |  |  in pipelines: 25(GETNEXT), 26(OPEN)
|  |  |
|  |  |--F44:PLAN FRAGMENT [RANDOM] hosts=3 instances=3
|  |  |  |  Per-Instance Resources: mem-estimate=4.89MB mem-reservation=4.88MB thread-reservation=1 runtime-filters-memory=1.00MB
|  |  |  |  max-parallelism=3 segment-costs=[114]
|  |  |  JOIN BUILD
|  |  |  |  join-table-id=12 plan-id=13 cohort-id=05
|  |  |  |  build expressions: d_date_sk
|  |  |  |  runtime filters: RF026[bloom] <- d_date_sk
|  |  |  |  mem-estimate=3.88MB mem-reservation=3.88MB spill-buffer=64.00KB thread-reservation=0 cost=108
|  |  |  |
|  |  |  79:EXCHANGE [BROADCAST]
|  |  |  |  mem-estimate=16.00KB mem-reservation=0B thread-reservation=0
|  |  |  |  tuple-ids=23 row-size=12B cardinality=108 cost=6
|  |  |  |  in pipelines: 26(GETNEXT)
|  |  |  |
|  |  |  F24:PLAN FRAGMENT [RANDOM] hosts=1 instances=1
|  |  |  Per-Instance Resources: mem-estimate=16.06MB mem-reservation=512.00KB thread-reservation=1
|  |  |  max-parallelism=1 segment-costs=[196957]
|  |  |  26:SCAN HDFS [tpcds_partitioned_parquet_snap.date_dim, RANDOM]
|  |  |     HDFS partitions=1/1 files=1 size=2.15MB
|  |  |     predicates: d_year = CAST(2000 AS INT), d_moy = CAST(2 AS INT)
|  |  |     stored statistics:
|  |  |       table: rows=73.05K size=2.15MB
|  |  |       columns: all
|  |  |     extrapolated-rows=disabled max-scan-range-rows=73.05K
|  |  |     parquet statistics predicates: d_year = CAST(2000 AS INT), d_moy = CAST(2 AS INT)
|  |  |     parquet dictionary predicates: d_year = CAST(2000 AS INT), d_moy = CAST(2 AS INT)
|  |  |     mem-estimate=16.00MB mem-reservation=512.00KB thread-reservation=0
|  |  |     tuple-ids=23 row-size=12B cardinality=108 cost=196955
|  |  |     in pipelines: 26(GETNEXT)
|  |  |
|  |  25:SCAN HDFS [tpcds_partitioned_parquet_snap.web_sales, RANDOM]
|  |     HDFS partitions=1824/1824 files=1824 size=84.20MB
|  |     runtime filters: RF025[min_max] -> ws_item_sk, RF026[bloom] -> ws_sold_date_sk
|  |     stored statistics:
|  |       table: rows=719.38K size=84.20MB
|  |       partitions: 1824/1824 rows=719.38K
|  |       columns: all
|  |     extrapolated-rows=disabled max-scan-range-rows=1.12K est-scan-range=109(filtered from 1824)
|  |     mem-estimate=16.00MB mem-reservation=128.00KB thread-reservation=0
|  |     tuple-ids=22 row-size=24B cardinality=42.60K(filtered from 719.38K) cost=5450999
|  |     in pipelines: 25(GETNEXT)
|  |
|  44:NESTED LOOP JOIN [INNER JOIN, BROADCAST]
|  |  join table id: 13
|  |  predicates: sum(ss_quantity * ss_sales_price) > CAST(0.500000 AS DECIMAL(10,6)) * max(csales)
|  |  mem-estimate=0B mem-reservation=0B thread-reservation=0
|  |  tuple-ids=32,39 row-size=36B cardinality=100.00K cost=0
|  |  in pipelines: 71(GETNEXT), 77(OPEN)
|  |
|  |--F45:PLAN FRAGMENT [RANDOM] hosts=3 instances=3
|  |  |  Per-Instance Resources: mem-estimate=16.02KB mem-reservation=0B thread-reservation=1
|  |  |  max-parallelism=3 segment-costs=[3] cpu-comparison-result=9 [max(3 (self) vs 9 (sum children))]
|  |  JOIN BUILD
|  |  |  join-table-id=13 plan-id=14 cohort-id=01
|  |  |  mem-estimate=16B mem-reservation=0B thread-reservation=0 cost=0
|  |  |
|  |  78:EXCHANGE [BROADCAST]
|  |  |  mem-estimate=16.00KB mem-reservation=0B thread-reservation=0
|  |  |  tuple-ids=39 row-size=16B cardinality=1 cost=3
|  |  |  in pipelines: 77(GETNEXT)
|  |  |
|  |  F22:PLAN FRAGMENT [UNPARTITIONED] hosts=1 instances=1
|  |  Per-Instance Resources: mem-estimate=96.00KB mem-reservation=0B thread-reservation=1
|  |  max-parallelism=2 segment-costs=[2, 1] cpu-comparison-result=9 [max(2 (self) vs 9 (sum children))]
|  |  77:AGGREGATE [FINALIZE]
|  |  |  output: max:merge(csales)
|  |  |  mem-estimate=16.00KB mem-reservation=0B spill-buffer=2.00MB thread-reservation=0
|  |  |  tuple-ids=39 row-size=16B cardinality=1 cost=1
|  |  |  in pipelines: 77(GETNEXT), 43(OPEN)
|  |  |
|  |  76:EXCHANGE [UNPARTITIONED]
|  |  |  mem-estimate=16.00KB mem-reservation=0B thread-reservation=0
|  |  |  tuple-ids=39 row-size=16B cardinality=1 cost=1
|  |  |  in pipelines: 43(GETNEXT)
|  |  |
|  |  F21:PLAN FRAGMENT [HASH(c_customer_sk)] hosts=3 instances=6 (adjusted from 48)
|  |  Per-Instance Resources: mem-estimate=10.85MB mem-reservation=1.94MB thread-reservation=1
|  |  max-parallelism=6 segment-costs=[202344, 100000, 1] cpu-comparison-result=9 [max(6 (self) vs 9 (sum children))]
|  |  43:AGGREGATE
|  |  |  output: max(sum(ss_quantity * ss_sales_price))
|  |  |  mem-estimate=16.00KB mem-reservation=0B spill-buffer=2.00MB thread-reservation=0
|  |  |  tuple-ids=39 row-size=16B cardinality=1 cost=100000
|  |  |  in pipelines: 43(GETNEXT), 75(OPEN)
|  |  |
|  |  75:AGGREGATE [FINALIZE]
|  |  |  output: sum:merge(ss_quantity * ss_sales_price)
|  |  |  group by: c_customer_sk
|  |  |  mem-estimate=10.00MB mem-reservation=1.94MB spill-buffer=64.00KB thread-reservation=0
|  |  |  tuple-ids=37 row-size=20B cardinality=100.00K cost=200000
|  |  |  in pipelines: 75(GETNEXT), 37(OPEN)
|  |  |
|  |  74:EXCHANGE [HASH(c_customer_sk)]
|  |  |  mem-estimate=867.04KB mem-reservation=0B thread-reservation=0
|  |  |  tuple-ids=37 row-size=20B cardinality=100.00K cost=2344
|  |  |  in pipelines: 37(GETNEXT)
|  |  |
|  |  F18:PLAN FRAGMENT [RANDOM] hosts=3 instances=9 (adjusted from 48)
|  |  Per-Host Shared Resources: mem-estimate=1.00MB mem-reservation=1.00MB thread-reservation=0 runtime-filters-memory=1.00MB
|  |  Per-Instance Resources: mem-estimate=26.56MB mem-reservation=6.00MB thread-reservation=1
|  |  max-parallelism=9 segment-costs=[84004956, 2344] cpu-comparison-result=9 [max(9 (self) vs 8 (sum children))]
|  |  42:AGGREGATE [STREAMING]
|  |  |  output: sum(CAST(ss_quantity AS DECIMAL(10,0)) * ss_sales_price)
|  |  |  group by: c_customer_sk
|  |  |  mem-estimate=10.00MB mem-reservation=5.00MB spill-buffer=256.00KB thread-reservation=0
|  |  |  tuple-ids=37 row-size=20B cardinality=100.00K cost=4709082
|  |  |  in pipelines: 37(GETNEXT)
|  |  |
|  |  41:HASH JOIN [INNER JOIN, BROADCAST]
|  |  |  hash-table-id=14
|  |  |  hash predicates: ss_customer_sk = c_customer_sk
|  |  |  fk/pk conjuncts: ss_customer_sk = c_customer_sk
|  |  |  mem-estimate=0B mem-reservation=0B spill-buffer=256.00KB thread-reservation=0
|  |  |  tuple-ids=34,36,35 row-size=28B cardinality=2.35M cost=2354541
|  |  |  in pipelines: 37(GETNEXT), 38(OPEN)
|  |  |
|  |  |--F46:PLAN FRAGMENT [RANDOM] hosts=3 instances=3
|  |  |  |  Per-Instance Resources: mem-estimate=14.64MB mem-reservation=14.25MB thread-reservation=1
|  |  |  |  max-parallelism=3 segment-costs=[102346]
|  |  |  JOIN BUILD
|  |  |  |  join-table-id=14 plan-id=15 cohort-id=07
|  |  |  |  build expressions: c_customer_sk
|  |  |  |  runtime filters: RF021[min_max] <- c_customer_sk
|  |  |  |  mem-estimate=14.25MB mem-reservation=14.25MB spill-buffer=256.00KB thread-reservation=0 cost=100000
|  |  |  |
|  |  |  73:EXCHANGE [BROADCAST]
|  |  |  |  mem-estimate=398.62KB mem-reservation=0B thread-reservation=0
|  |  |  |  tuple-ids=35 row-size=4B cardinality=100.00K cost=2346
|  |  |  |  in pipelines: 38(GETNEXT)
|  |  |  |
|  |  |  F20:PLAN FRAGMENT [RANDOM] hosts=1 instances=1
|  |  |  Per-Instance Resources: mem-estimate=16.03MB mem-reservation=512.00KB thread-reservation=1
|  |  |  max-parallelism=1 segment-costs=[51173]
|  |  |  38:SCAN HDFS [tpcds_partitioned_parquet_snap.customer, RANDOM]
|  |  |     HDFS partitions=1/1 files=1 size=5.49MB
|  |  |     stored statistics:
|  |  |       table: rows=100.00K size=5.49MB
|  |  |       columns: all
|  |  |     extrapolated-rows=disabled max-scan-range-rows=100.00K
|  |  |     mem-estimate=16.00MB mem-reservation=512.00KB thread-reservation=0
|  |  |     tuple-ids=35 row-size=4B cardinality=100.00K cost=50391
|  |  |     in pipelines: 38(GETNEXT)
|  |  |
|  |  40:HASH JOIN [INNER JOIN, BROADCAST]
|  |  |  hash-table-id=15
|  |  |  hash predicates: ss_sold_date_sk = d_date_sk
|  |  |  fk/pk conjuncts: ss_sold_date_sk = d_date_sk
|  |  |  mem-estimate=0B mem-reservation=0B spill-buffer=64.00KB thread-reservation=0
|  |  |  tuple-ids=34,36 row-size=24B cardinality=2.35M cost=2354541
|  |  |  in pipelines: 37(GETNEXT), 39(OPEN)
|  |  |
|  |  |--F47:PLAN FRAGMENT [RANDOM] hosts=3 instances=3
|  |  |  |  Per-Instance Resources: mem-estimate=6.84MB mem-reservation=6.81MB thread-reservation=1 runtime-filters-memory=1.00MB
|  |  |  |  max-parallelism=3 segment-costs=[1545]
|  |  |  JOIN BUILD
|  |  |  |  join-table-id=15 plan-id=16 cohort-id=07
|  |  |  |  build expressions: d_date_sk
|  |  |  |  runtime filters: RF022[bloom] <- d_date_sk
|  |  |  |  mem-estimate=5.81MB mem-reservation=5.81MB spill-buffer=64.00KB thread-reservation=0 cost=1491
|  |  |  |
|  |  |  72:EXCHANGE [BROADCAST]
|  |  |  |  mem-estimate=23.65KB mem-reservation=0B thread-reservation=0
|  |  |  |  tuple-ids=36 row-size=8B cardinality=1.49K cost=54
|  |  |  |  in pipelines: 39(GETNEXT)
|  |  |  |
|  |  |  F19:PLAN FRAGMENT [RANDOM] hosts=1 instances=1
|  |  |  Per-Instance Resources: mem-estimate=16.05MB mem-reservation=512.00KB thread-reservation=1
|  |  |  max-parallelism=1 segment-costs=[123638]
|  |  |  39:SCAN HDFS [tpcds_partitioned_parquet_snap.date_dim, RANDOM]
|  |  |     HDFS partitions=1/1 files=1 size=2.15MB
|  |  |     predicates: d_year IN (CAST(2000 AS INT), CAST(2001 AS INT), CAST(2002 AS INT), CAST(2003 AS INT))
|  |  |     stored statistics:
|  |  |       table: rows=73.05K size=2.15MB
|  |  |       columns: all
|  |  |     extrapolated-rows=disabled max-scan-range-rows=73.05K
|  |  |     parquet statistics predicates: d_year IN (CAST(2000 AS INT), CAST(2001 AS INT), CAST(2002 AS INT), CAST(2003 AS INT))
|  |  |     parquet dictionary predicates: d_year IN (CAST(2000 AS INT), CAST(2001 AS INT), CAST(2002 AS INT), CAST(2003 AS INT))
|  |  |     mem-estimate=16.00MB mem-reservation=512.00KB thread-reservation=0
|  |  |     tuple-ids=36 row-size=8B cardinality=1.49K cost=123620
|  |  |     in pipelines: 39(GETNEXT)
|  |  |
|  |  37:SCAN HDFS [tpcds_partitioned_parquet_snap.store_sales, RANDOM]
|  |     HDFS partitions=1824/1824 files=1824 size=199.36MB
|  |     runtime filters: RF021[min_max] -> ss_customer_sk, RF022[bloom] -> ss_sold_date_sk
|  |     stored statistics:
|  |       table: rows=2.88M size=199.36MB
|  |       partitions: 1824/1824 rows=2.88M
|  |       columns: all
|  |     extrapolated-rows=disabled max-scan-range-rows=130.09K est-scan-range=1491(filtered from 1824)
|  |     mem-estimate=16.00MB mem-reservation=1.00MB thread-reservation=0
|  |     tuple-ids=34 row-size=16B cardinality=2.35M(filtered from 2.88M) cost=74586792
|  |     in pipelines: 37(GETNEXT)
|  |
|  71:AGGREGATE [FINALIZE]
|  |  output: sum:merge(ss_quantity * ss_sales_price)
|  |  group by: c_customer_sk
|  |  mem-estimate=10.00MB mem-reservation=1.94MB spill-buffer=64.00KB thread-reservation=0
|  |  tuple-ids=32 row-size=20B cardinality=100.00K cost=200000
|  |  in pipelines: 71(GETNEXT), 33(OPEN)
|  |
|  70:EXCHANGE [HASH(c_customer_sk)]
|  |  mem-estimate=939.04KB mem-reservation=0B thread-reservation=0
|  |  tuple-ids=32 row-size=20B cardinality=100.00K cost=2344
|  |  in pipelines: 33(GETNEXT)
|  |
|  F15:PLAN FRAGMENT [RANDOM] hosts=3 instances=12 (adjusted from 48)
|  Per-Host Shared Resources: mem-estimate=1.00MB mem-reservation=1.00MB thread-reservation=0 runtime-filters-memory=1.00MB
|  Per-Instance Resources: mem-estimate=27.12MB mem-reservation=6.00MB thread-reservation=1
|  max-parallelism=12 segment-costs=[99874964, 2344] cpu-comparison-result=12 [max(12 (self) vs 4 (sum children))]
|  36:AGGREGATE [STREAMING]
|  |  output: sum(CAST(ss_quantity AS DECIMAL(10,0)) * ss_sales_price)
|  |  group by: c_customer_sk
|  |  mem-estimate=10.00MB mem-reservation=5.00MB spill-buffer=256.00KB thread-reservation=0
|  |  tuple-ids=32 row-size=20B cardinality=100.00K cost=5760808
|  |  in pipelines: 33(GETNEXT)
|  |
|  35:HASH JOIN [INNER JOIN, BROADCAST]
|  |  hash-table-id=17
|  |  hash predicates: ss_customer_sk = c_customer_sk
|  |  fk/pk conjuncts: ss_customer_sk = c_customer_sk
|  |  mem-estimate=0B mem-reservation=0B spill-buffer=256.00KB thread-reservation=0
|  |  tuple-ids=30,31 row-size=16B cardinality=2.88M cost=2880404
|  |  in pipelines: 33(GETNEXT), 34(OPEN)
|  |
|  |--F49:PLAN FRAGMENT [RANDOM] hosts=3 instances=3
|  |  |  Per-Instance Resources: mem-estimate=19.39MB mem-reservation=19.00MB thread-reservation=1
|  |  |  max-parallelism=3 segment-costs=[102346]
|  |  JOIN BUILD
|  |  |  join-table-id=17 plan-id=18 cohort-id=01
|  |  |  build expressions: c_customer_sk
|  |  |  runtime filters: RF019[min_max] <- c_customer_sk
|  |  |  mem-estimate=19.00MB mem-reservation=19.00MB spill-buffer=256.00KB thread-reservation=0 cost=100000
|  |  |
|  |  69:EXCHANGE [BROADCAST]
|  |  |  mem-estimate=398.62KB mem-reservation=0B thread-reservation=0
|  |  |  tuple-ids=31 row-size=4B cardinality=100.00K cost=2346
|  |  |  in pipelines: 34(GETNEXT)
|  |  |
|  |  F16:PLAN FRAGMENT [RANDOM] hosts=1 instances=1
|  |  Per-Host Shared Resources: mem-estimate=1.00MB mem-reservation=1.00MB thread-reservation=0 runtime-filters-memory=1.00MB
|  |  Per-Instance Resources: mem-estimate=16.03MB mem-reservation=512.00KB thread-reservation=1
|  |  max-parallelism=1 segment-costs=[51173]
|  |  34:SCAN HDFS [tpcds_partitioned_parquet_snap.customer, RANDOM]
|  |     HDFS partitions=1/1 files=1 size=5.49MB
|  |     runtime filters: RF017[min_max] -> tpcds_partitioned_parquet_snap.customer.c_customer_sk, RF016[bloom] -> tpcds_partitioned_parquet_snap.customer.c_customer_sk
|  |     stored statistics:
|  |       table: rows=100.00K size=5.49MB
|  |       columns: all
|  |     extrapolated-rows=disabled max-scan-range-rows=100.00K
|  |     mem-estimate=16.00MB mem-reservation=512.00KB thread-reservation=0
|  |     tuple-ids=31 row-size=4B cardinality=100.00K cost=50391
|  |     in pipelines: 34(GETNEXT)
|  |
|  33:SCAN HDFS [tpcds_partitioned_parquet_snap.store_sales, RANDOM]
|     HDFS partitions=1824/1824 files=1824 size=199.36MB
|     runtime filters: RF017[min_max] -> tpcds_partitioned_parquet_snap.store_sales.ss_customer_sk, RF019[min_max] -> ss_customer_sk, RF016[bloom] -> tpcds_partitioned_parquet_snap.store_sales.ss_customer_sk
|     stored statistics:
|       table: rows=2.88M size=199.36MB
|       partitions: 1824/1824 rows=2.88M
|       columns: all
|     extrapolated-rows=disabled max-scan-range-rows=130.09K
|     mem-estimate=16.00MB mem-reservation=1.00MB thread-reservation=0
|     tuple-ids=30 row-size=12B cardinality=2.88M cost=91233752
|     in pipelines: 33(GETNEXT)
|
24:HASH JOIN [RIGHT SEMI JOIN, PARTITIONED]
|  hash-table-id=00
|  hash predicates: c_customer_sk = cs_bill_customer_sk
|  mem-estimate=0B mem-reservation=0B spill-buffer=64.00KB thread-reservation=0
|  tuple-ids=0,1 row-size=36B cardinality=85.03K cost=100000
|  in pipelines: 52(GETNEXT), 01(OPEN)
|
|--F32:PLAN FRAGMENT [RANDOM] hosts=3 instances=12 (adjusted from 48)
|  |  Per-Instance Resources: mem-estimate=4.17MB mem-reservation=2.94MB thread-reservation=1 runtime-filters-memory=1.00MB
|  |  max-parallelism=12 segment-costs=[88683] cpu-comparison-result=18 [max(18 (self) vs 13 (sum children))]
|  JOIN BUILD
|  |  join-table-id=00 plan-id=01 cohort-id=01
|  |  build expressions: cs_bill_customer_sk
|  |  runtime filters: RF000[bloom] <- cs_bill_customer_sk, RF001[min_max] <- cs_bill_customer_sk
|  |  mem-estimate=1.94MB mem-reservation=1.94MB spill-buffer=64.00KB thread-reservation=0 cost=85029
|  |
|  68:EXCHANGE [HASH(cs_bill_customer_sk)]
|  |  mem-estimate=1.23MB mem-reservation=0B thread-reservation=0
|  |  tuple-ids=0,1 row-size=36B cardinality=85.03K cost=3654
|  |  in pipelines: 01(GETNEXT)
|  |
|  F08:PLAN FRAGMENT [RANDOM] hosts=3 instances=6 (adjusted from 48)
|  Per-Host Shared Resources: mem-estimate=1.00MB mem-reservation=1.00MB thread-reservation=0 runtime-filters-memory=1.00MB
|  Per-Instance Resources: mem-estimate=18.06MB mem-reservation=128.00KB thread-reservation=1
|  max-parallelism=6 segment-costs=[5625705]
|  23:HASH JOIN [LEFT SEMI JOIN, BROADCAST]
|  |  hash-table-id=01
|  |  hash predicates: cs_item_sk = i_item_sk
|  |  mem-estimate=0B mem-reservation=0B spill-buffer=64.00KB thread-reservation=0
|  |  tuple-ids=0,1 row-size=36B cardinality=85.03K cost=85029
|  |  in pipelines: 01(GETNEXT), 66(OPEN)
|  |
|  |--F33:PLAN FRAGMENT [RANDOM] hosts=3 instances=3
|  |  |  Per-Instance Resources: mem-estimate=4.08MB mem-reservation=3.88MB thread-reservation=1
|  |  |  max-parallelism=3 segment-costs=[18608] cpu-comparison-result=9 [max(3 (self) vs 9 (sum children))]
|  |  JOIN BUILD
|  |  |  join-table-id=01 plan-id=02 cohort-id=02
|  |  |  build expressions: i_item_sk
|  |  |  runtime filters: RF009[min_max] <- i_item_sk
|  |  |  mem-estimate=3.88MB mem-reservation=3.88MB spill-buffer=64.00KB thread-reservation=0 cost=17975
|  |  |
|  |  67:EXCHANGE [BROADCAST]
|  |  |  mem-estimate=212.43KB mem-reservation=0B thread-reservation=0
|  |  |  tuple-ids=57 row-size=8B cardinality=17.98K cost=633
|  |  |  in pipelines: 66(GETNEXT)
|  |  |
|  |  F14:PLAN FRAGMENT [HASH(i_item_sk)] hosts=3 instances=6 (adjusted from 48)
|  |  Per-Instance Resources: mem-estimate=10.12MB mem-reservation=1.94MB thread-reservation=1
|  |  max-parallelism=6 segment-costs=[18186, 211] cpu-comparison-result=9 [max(6 (self) vs 9 (sum children))]
|  |  66:AGGREGATE [FINALIZE]
|  |  |  group by: i_item_sk
|  |  |  mem-estimate=10.00MB mem-reservation=1.94MB spill-buffer=64.00KB thread-reservation=0
|  |  |  tuple-ids=57 row-size=8B cardinality=17.98K cost=17975
|  |  |  in pipelines: 66(GETNEXT), 64(OPEN)
|  |  |
|  |  65:EXCHANGE [HASH(i_item_sk)]
|  |  |  mem-estimate=118.81KB mem-reservation=0B thread-reservation=0
|  |  |  tuple-ids=57 row-size=8B cardinality=17.98K cost=211
|  |  |  in pipelines: 64(GETNEXT)
|  |  |
|  |  F13:PLAN FRAGMENT [HASH(substr(i_item_desc, 1, 30),i_item_sk,d_date)] hosts=3 instances=6 (adjusted from 48)
|  |  Per-Instance Resources: mem-estimate=54.47MB mem-reservation=36.00MB thread-reservation=1
|  |  max-parallelism=6 segment-costs=[9542330, 235454, 211] cpu-comparison-result=9 [max(6 (self) vs 9 (sum children))]
|  |  22:AGGREGATE [STREAMING]
|  |  |  group by: i_item_sk
|  |  |  mem-estimate=10.00MB mem-reservation=2.00MB spill-buffer=64.00KB thread-reservation=0
|  |  |  tuple-ids=57 row-size=8B cardinality=17.98K cost=235454
|  |  |  in pipelines: 64(GETNEXT)
|  |  |
|  |  64:AGGREGATE [FINALIZE]
|  |  |  output: count:merge(*)
|  |  |  group by: substr(i_item_desc, 1, 30), i_item_sk, d_date
|  |  |  having: count(*) > CAST(4 AS BIGINT)
|  |  |  mem-estimate=34.00MB mem-reservation=34.00MB spill-buffer=2.00MB thread-reservation=0
|  |  |  tuple-ids=5 row-size=50B cardinality=235.45K cost=9418164
|  |  |  in pipelines: 64(GETNEXT), 03(OPEN)
|  |  |
|  |  63:EXCHANGE [HASH(substr(i_item_desc, 1, 30),i_item_sk,d_date)]
|  |  |  mem-estimate=10.47MB mem-reservation=0B thread-reservation=0
|  |  |  tuple-ids=5 row-size=50B cardinality=2.35M cost=124166
|  |  |  in pipelines: 03(GETNEXT)
|  |  |
|  |  F10:PLAN FRAGMENT [RANDOM] hosts=3 instances=9 (adjusted from 48)
|  |  Per-Host Shared Resources: mem-estimate=1.00MB mem-reservation=1.00MB thread-reservation=0 runtime-filters-memory=1.00MB
|  |  Per-Instance Resources: mem-estimate=34.27MB mem-reservation=17.50MB thread-reservation=1
|  |  max-parallelism=9 segment-costs=[88704838, 124166] cpu-comparison-result=9 [max(9 (self) vs 8 (sum children))]
|  |  08:AGGREGATE [STREAMING]
|  |  |  output: count(*)
|  |  |  group by: substr(i_item_desc, CAST(1 AS BIGINT), CAST(30 AS BIGINT)), i_item_sk, d_date
|  |  |  mem-estimate=17.00MB mem-reservation=17.00MB spill-buffer=1.00MB thread-reservation=0
|  |  |  tuple-ids=5 row-size=50B cardinality=2.35M cost=9418164
|  |  |  in pipelines: 03(GETNEXT)
|  |  |
|  |  07:HASH JOIN [INNER JOIN, BROADCAST]
|  |  |  hash-table-id=02
|  |  |  hash predicates: ss_item_sk = i_item_sk
|  |  |  fk/pk conjuncts: ss_item_sk = i_item_sk
|  |  |  mem-estimate=0B mem-reservation=0B spill-buffer=256.00KB thread-reservation=0
|  |  |  tuple-ids=2,3,4 row-size=162B cardinality=2.35M cost=2354541
|  |  |  in pipelines: 03(GETNEXT), 05(OPEN)
|  |  |
|  |  |--F34:PLAN FRAGMENT [RANDOM] hosts=3 instances=3
|  |  |  |  Per-Instance Resources: mem-estimate=16.44MB mem-reservation=14.25MB thread-reservation=1
|  |  |  |  max-parallelism=3 segment-costs=[24564]
|  |  |  JOIN BUILD
|  |  |  |  join-table-id=02 plan-id=03 cohort-id=03
|  |  |  |  build expressions: i_item_sk
|  |  |  |  runtime filters: RF013[min_max] <- i_item_sk
|  |  |  |  mem-estimate=14.25MB mem-reservation=14.25MB spill-buffer=256.00KB thread-reservation=0 cost=18000
|  |  |  |
|  |  |  62:EXCHANGE [BROADCAST]
|  |  |  |  mem-estimate=2.19MB mem-reservation=0B thread-reservation=0
|  |  |  |  tuple-ids=4 row-size=120B cardinality=18.00K cost=6564
|  |  |  |  in pipelines: 05(GETNEXT)
|  |  |  |
|  |  |  F12:PLAN FRAGMENT [RANDOM] hosts=1 instances=1
|  |  |  Per-Instance Resources: mem-estimate=16.49MB mem-reservation=2.00MB thread-reservation=1
|  |  |  max-parallelism=1 segment-costs=[54306]
|  |  |  05:SCAN HDFS [tpcds_partitioned_parquet_snap.item, RANDOM]
|  |  |     HDFS partitions=1/1 files=1 size=1.73MB
|  |  |     stored statistics:
|  |  |       table: rows=18.00K size=1.73MB
|  |  |       columns: all
|  |  |     extrapolated-rows=disabled max-scan-range-rows=18.00K
|  |  |     mem-estimate=16.00MB mem-reservation=2.00MB thread-reservation=0
|  |  |     tuple-ids=4 row-size=120B cardinality=18.00K cost=52118
|  |  |     in pipelines: 05(GETNEXT)
|  |  |
|  |  06:HASH JOIN [INNER JOIN, BROADCAST]
|  |  |  hash-table-id=03
|  |  |  hash predicates: ss_sold_date_sk = d_date_sk
|  |  |  fk/pk conjuncts: ss_sold_date_sk = d_date_sk
|  |  |  mem-estimate=0B mem-reservation=0B spill-buffer=64.00KB thread-reservation=0
|  |  |  tuple-ids=2,3 row-size=42B cardinality=2.35M cost=2354541
|  |  |  in pipelines: 03(GETNEXT), 04(OPEN)
|  |  |
|  |  |--F35:PLAN FRAGMENT [RANDOM] hosts=3 instances=3
|  |  |  |  Per-Instance Resources: mem-estimate=6.89MB mem-reservation=6.81MB thread-reservation=1 runtime-filters-memory=1.00MB
|  |  |  |  max-parallelism=3 segment-costs=[1641]
|  |  |  JOIN BUILD
|  |  |  |  join-table-id=03 plan-id=04 cohort-id=03
|  |  |  |  build expressions: d_date_sk
|  |  |  |  runtime filters: RF014[bloom] <- d_date_sk
|  |  |  |  mem-estimate=5.81MB mem-reservation=5.81MB spill-buffer=64.00KB thread-reservation=0 cost=1491
|  |  |  |
|  |  |  61:EXCHANGE [BROADCAST]
|  |  |  |  mem-estimate=77.68KB mem-reservation=0B thread-reservation=0
|  |  |  |  tuple-ids=3 row-size=30B cardinality=1.49K cost=150
|  |  |  |  in pipelines: 04(GETNEXT)
|  |  |  |
|  |  |  F11:PLAN FRAGMENT [RANDOM] hosts=1 instances=1
|  |  |  Per-Instance Resources: mem-estimate=16.13MB mem-reservation=2.00MB thread-reservation=1
|  |  |  max-parallelism=1 segment-costs=[125240]
|  |  |  04:SCAN HDFS [tpcds_partitioned_parquet_snap.date_dim, RANDOM]
|  |  |     HDFS partitions=1/1 files=1 size=2.15MB
|  |  |     predicates: d_year IN (CAST(2000 AS INT), CAST(2001 AS INT), CAST(2002 AS INT), CAST(2003 AS INT))
|  |  |     stored statistics:
|  |  |       table: rows=73.05K size=2.15MB
|  |  |       columns: all
|  |  |     extrapolated-rows=disabled max-scan-range-rows=73.05K
|  |  |     parquet statistics predicates: d_year IN (CAST(2000 AS INT), CAST(2001 AS INT), CAST(2002 AS INT), CAST(2003 AS INT))
|  |  |     parquet dictionary predicates: d_year IN (CAST(2000 AS INT), CAST(2001 AS INT), CAST(2002 AS INT), CAST(2003 AS INT))
|  |  |     mem-estimate=16.00MB mem-reservation=2.00MB thread-reservation=0
|  |  |     tuple-ids=3 row-size=30B cardinality=1.49K cost=125190
|  |  |     in pipelines: 04(GETNEXT)
|  |  |
|  |  03:SCAN HDFS [tpcds_partitioned_parquet_snap.store_sales, RANDOM]
|  |     HDFS partitions=1824/1824 files=1824 size=199.36MB
|  |     runtime filters: RF013[min_max] -> ss_item_sk, RF014[bloom] -> ss_sold_date_sk
|  |     stored statistics:
|  |       table: rows=2.88M size=199.36MB
|  |       partitions: 1824/1824 rows=2.88M
|  |       columns: all
|  |     extrapolated-rows=disabled max-scan-range-rows=130.09K est-scan-range=1491(filtered from 1824)
|  |     mem-estimate=16.00MB mem-reservation=512.00KB thread-reservation=0
|  |     tuple-ids=2 row-size=12B cardinality=2.35M(filtered from 2.88M) cost=74577592
|  |     in pipelines: 03(GETNEXT)
|  |
|  21:HASH JOIN [INNER JOIN, BROADCAST]
|  |  hash-table-id=04
|  |  hash predicates: cs_sold_date_sk = d_date_sk
|  |  fk/pk conjuncts: cs_sold_date_sk = d_date_sk
|  |  mem-estimate=0B mem-reservation=0B spill-buffer=64.00KB thread-reservation=0
|  |  tuple-ids=0,1 row-size=36B cardinality=85.03K cost=85029
|  |  in pipelines: 01(GETNEXT), 02(OPEN)
|  |
|  |--F36:PLAN FRAGMENT [RANDOM] hosts=3 instances=3
|  |  |  Per-Instance Resources: mem-estimate=4.89MB mem-reservation=4.88MB thread-reservation=1 runtime-filters-memory=1.00MB
|  |  |  max-parallelism=3 segment-costs=[114]
|  |  JOIN BUILD
|  |  |  join-table-id=04 plan-id=05 cohort-id=02
|  |  |  build expressions: d_date_sk
|  |  |  runtime filters: RF010[bloom] <- d_date_sk
|  |  |  mem-estimate=3.88MB mem-reservation=3.88MB spill-buffer=64.00KB thread-reservation=0 cost=108
|  |  |
|  |  60:EXCHANGE [BROADCAST]
|  |  |  mem-estimate=16.00KB mem-reservation=0B thread-reservation=0
|  |  |  tuple-ids=1 row-size=12B cardinality=108 cost=6
|  |  |  in pipelines: 02(GETNEXT)
|  |  |
|  |  F09:PLAN FRAGMENT [RANDOM] hosts=1 instances=1
|  |  Per-Instance Resources: mem-estimate=16.06MB mem-reservation=512.00KB thread-reservation=1
|  |  max-parallelism=1 segment-costs=[196957]
|  |  02:SCAN HDFS [tpcds_partitioned_parquet_snap.date_dim, RANDOM]
|  |     HDFS partitions=1/1 files=1 size=2.15MB
|  |     predicates: d_year = CAST(2000 AS INT), d_moy = CAST(2 AS INT)
|  |     stored statistics:
|  |       table: rows=73.05K size=2.15MB
|  |       columns: all
|  |     extrapolated-rows=disabled max-scan-range-rows=73.05K
|  |     parquet statistics predicates: d_year = CAST(2000 AS INT), d_moy = CAST(2 AS INT)
|  |     parquet dictionary predicates: d_year = CAST(2000 AS INT), d_moy = CAST(2 AS INT)
|  |     mem-estimate=16.00MB mem-reservation=512.00KB thread-reservation=0
|  |     tuple-ids=1 row-size=12B cardinality=108 cost=196955
|  |     in pipelines: 02(GETNEXT)
|  |
|  01:SCAN HDFS [tpcds_partitioned_parquet_snap.catalog_sales, RANDOM]
|     HDFS partitions=1831/1831 files=1831 size=151.13MB
|     runtime filters: RF009[min_max] -> cs_item_sk, RF010[bloom] -> cs_sold_date_sk
|     stored statistics:
|       table: rows=1.44M size=151.13MB
|       partitions: 1831/1831 rows=1.44M
|       columns: all
|     extrapolated-rows=disabled max-scan-range-rows=7.18K est-scan-range=109(filtered from 1831)
|     mem-estimate=16.00MB mem-reservation=128.00KB thread-reservation=0
|     tuple-ids=0 row-size=24B cardinality=85.03K(filtered from 1.44M) cost=5451993
|     in pipelines: 01(GETNEXT)
|
20:NESTED LOOP JOIN [INNER JOIN, BROADCAST]
|  join table id: 05
|  predicates: sum(ss_quantity * ss_sales_price) > CAST(0.500000 AS DECIMAL(10,6)) * max(csales)
|  mem-estimate=0B mem-reservation=0B thread-reservation=0
|  tuple-ids=10,17 row-size=36B cardinality=100.00K cost=0
|  in pipelines: 52(GETNEXT), 58(OPEN)
|
|--F37:PLAN FRAGMENT [RANDOM] hosts=3 instances=3
|  |  Per-Instance Resources: mem-estimate=16.02KB mem-reservation=0B thread-reservation=1
|  |  max-parallelism=3 segment-costs=[3] cpu-comparison-result=9 [max(3 (self) vs 9 (sum children))]
|  JOIN BUILD
|  |  join-table-id=05 plan-id=06 cohort-id=01
|  |  mem-estimate=16B mem-reservation=0B thread-reservation=0 cost=0
|  |
|  59:EXCHANGE [BROADCAST]
|  |  mem-estimate=16.00KB mem-reservation=0B thread-reservation=0
|  |  tuple-ids=17 row-size=16B cardinality=1 cost=3
|  |  in pipelines: 58(GETNEXT)
|  |
|  F07:PLAN FRAGMENT [UNPARTITIONED] hosts=1 instances=1
|  Per-Instance Resources: mem-estimate=96.00KB mem-reservation=0B thread-reservation=1
|  max-parallelism=2 segment-costs=[2, 1] cpu-comparison-result=9 [max(2 (self) vs 9 (sum children))]
|  58:AGGREGATE [FINALIZE]
|  |  output: max:merge(csales)
|  |  mem-estimate=16.00KB mem-reservation=0B spill-buffer=2.00MB thread-reservation=0
|  |  tuple-ids=17 row-size=16B cardinality=1 cost=1
|  |  in pipelines: 58(GETNEXT), 19(OPEN)
|  |
|  57:EXCHANGE [UNPARTITIONED]
|  |  mem-estimate=16.00KB mem-reservation=0B thread-reservation=0
|  |  tuple-ids=17 row-size=16B cardinality=1 cost=1
|  |  in pipelines: 19(GETNEXT)
|  |
|  F06:PLAN FRAGMENT [HASH(c_customer_sk)] hosts=3 instances=6 (adjusted from 48)
|  Per-Instance Resources: mem-estimate=10.85MB mem-reservation=1.94MB thread-reservation=1
|  max-parallelism=6 segment-costs=[202344, 100000, 1] cpu-comparison-result=9 [max(6 (self) vs 9 (sum children))]
|  19:AGGREGATE
|  |  output: max(sum(ss_quantity * ss_sales_price))
|  |  mem-estimate=16.00KB mem-reservation=0B spill-buffer=2.00MB thread-reservation=0
|  |  tuple-ids=17 row-size=16B cardinality=1 cost=100000
|  |  in pipelines: 19(GETNEXT), 56(OPEN)
|  |
|  56:AGGREGATE [FINALIZE]
|  |  output: sum:merge(ss_quantity * ss_sales_price)
|  |  group by: c_customer_sk
|  |  mem-estimate=10.00MB mem-reservation=1.94MB spill-buffer=64.00KB thread-reservation=0
|  |  tuple-ids=15 row-size=20B cardinality=100.00K cost=200000
|  |  in pipelines: 56(GETNEXT), 13(OPEN)
|  |
|  55:EXCHANGE [HASH(c_customer_sk)]
|  |  mem-estimate=867.04KB mem-reservation=0B thread-reservation=0
|  |  tuple-ids=15 row-size=20B cardinality=100.00K cost=2344
|  |  in pipelines: 13(GETNEXT)
|  |
|  F03:PLAN FRAGMENT [RANDOM] hosts=3 instances=9 (adjusted from 48)
|  Per-Host Shared Resources: mem-estimate=2.00MB mem-reservation=2.00MB thread-reservation=0 runtime-filters-memory=2.00MB
|  Per-Instance Resources: mem-estimate=26.56MB mem-reservation=6.00MB thread-reservation=1
|  max-parallelism=9 segment-costs=[84004956, 2344] cpu-comparison-result=9 [max(9 (self) vs 8 (sum children))]
|  18:AGGREGATE [STREAMING]
|  |  output: sum(CAST(ss_quantity AS DECIMAL(10,0)) * ss_sales_price)
|  |  group by: c_customer_sk
|  |  mem-estimate=10.00MB mem-reservation=5.00MB spill-buffer=256.00KB thread-reservation=0
|  |  tuple-ids=15 row-size=20B cardinality=100.00K cost=4709082
|  |  in pipelines: 13(GETNEXT)
|  |
|  17:HASH JOIN [INNER JOIN, BROADCAST]
|  |  hash-table-id=06
|  |  hash predicates: ss_customer_sk = c_customer_sk
|  |  fk/pk conjuncts: ss_customer_sk = c_customer_sk
|  |  mem-estimate=0B mem-reservation=0B spill-buffer=256.00KB thread-reservation=0
|  |  tuple-ids=12,14,13 row-size=28B cardinality=2.35M cost=2354541
|  |  in pipelines: 13(GETNEXT), 14(OPEN)
|  |
|  |--F38:PLAN FRAGMENT [RANDOM] hosts=3 instances=3
|  |  |  Per-Instance Resources: mem-estimate=15.64MB mem-reservation=15.25MB thread-reservation=1 runtime-filters-memory=1.00MB
|  |  |  max-parallelism=3 segment-costs=[102346]
|  |  JOIN BUILD
|  |  |  join-table-id=06 plan-id=07 cohort-id=04
|  |  |  build expressions: c_customer_sk
|  |  |  runtime filters: RF004[bloom] <- c_customer_sk, RF005[min_max] <- c_customer_sk
|  |  |  mem-estimate=14.25MB mem-reservation=14.25MB spill-buffer=256.00KB thread-reservation=0 cost=100000
|  |  |
|  |  54:EXCHANGE [BROADCAST]
|  |  |  mem-estimate=398.62KB mem-reservation=0B thread-reservation=0
|  |  |  tuple-ids=13 row-size=4B cardinality=100.00K cost=2346
|  |  |  in pipelines: 14(GETNEXT)
|  |  |
|  |  F05:PLAN FRAGMENT [RANDOM] hosts=1 instances=1
|  |  Per-Instance Resources: mem-estimate=16.03MB mem-reservation=512.00KB thread-reservation=1
|  |  max-parallelism=1 segment-costs=[51173]
|  |  14:SCAN HDFS [tpcds_partitioned_parquet_snap.customer, RANDOM]
|  |     HDFS partitions=1/1 files=1 size=5.49MB
|  |     stored statistics:
|  |       table: rows=100.00K size=5.49MB
|  |       columns: all
|  |     extrapolated-rows=disabled max-scan-range-rows=100.00K
|  |     mem-estimate=16.00MB mem-reservation=512.00KB thread-reservation=0
|  |     tuple-ids=13 row-size=4B cardinality=100.00K cost=50391
|  |     in pipelines: 14(GETNEXT)
|  |
|  16:HASH JOIN [INNER JOIN, BROADCAST]
|  |  hash-table-id=07
|  |  hash predicates: ss_sold_date_sk = d_date_sk
|  |  fk/pk conjuncts: ss_sold_date_sk = d_date_sk
|  |  mem-estimate=0B mem-reservation=0B spill-buffer=64.00KB thread-reservation=0
|  |  tuple-ids=12,14 row-size=24B cardinality=2.35M cost=2354541
|  |  in pipelines: 13(GETNEXT), 15(OPEN)
|  |
|  |--F39:PLAN FRAGMENT [RANDOM] hosts=3 instances=3
|  |  |  Per-Instance Resources: mem-estimate=6.84MB mem-reservation=6.81MB thread-reservation=1 runtime-filters-memory=1.00MB
|  |  |  max-parallelism=3 segment-costs=[1545]
|  |  JOIN BUILD
|  |  |  join-table-id=07 plan-id=08 cohort-id=04
|  |  |  build expressions: d_date_sk
|  |  |  runtime filters: RF006[bloom] <- d_date_sk
|  |  |  mem-estimate=5.81MB mem-reservation=5.81MB spill-buffer=64.00KB thread-reservation=0 cost=1491
|  |  |
|  |  53:EXCHANGE [BROADCAST]
|  |  |  mem-estimate=23.65KB mem-reservation=0B thread-reservation=0
|  |  |  tuple-ids=14 row-size=8B cardinality=1.49K cost=54
|  |  |  in pipelines: 15(GETNEXT)
|  |  |
|  |  F04:PLAN FRAGMENT [RANDOM] hosts=1 instances=1
|  |  Per-Instance Resources: mem-estimate=16.05MB mem-reservation=512.00KB thread-reservation=1
|  |  max-parallelism=1 segment-costs=[123638]
|  |  15:SCAN HDFS [tpcds_partitioned_parquet_snap.date_dim, RANDOM]
|  |     HDFS partitions=1/1 files=1 size=2.15MB
|  |     predicates: d_year IN (CAST(2000 AS INT), CAST(2001 AS INT), CAST(2002 AS INT), CAST(2003 AS INT))
|  |     stored statistics:
|  |       table: rows=73.05K size=2.15MB
|  |       columns: all
|  |     extrapolated-rows=disabled max-scan-range-rows=73.05K
|  |     parquet statistics predicates: d_year IN (CAST(2000 AS INT), CAST(2001 AS INT), CAST(2002 AS INT), CAST(2003 AS INT))
|  |     parquet dictionary predicates: d_year IN (CAST(2000 AS INT), CAST(2001 AS INT), CAST(2002 AS INT), CAST(2003 AS INT))
|  |     mem-estimate=16.00MB mem-reservation=512.00KB thread-reservation=0
|  |     tuple-ids=14 row-size=8B cardinality=1.49K cost=123620
|  |     in pipelines: 15(GETNEXT)
|  |
|  13:SCAN HDFS [tpcds_partitioned_parquet_snap.store_sales, RANDOM]
|     HDFS partitions=1824/1824 files=1824 size=199.36MB
|     runtime filters: RF005[min_max] -> ss_customer_sk, RF006[bloom] -> ss_sold_date_sk, RF004[bloom] -> ss_customer_sk
|     stored statistics:
|       table: rows=2.88M size=199.36MB
|       partitions: 1824/1824 rows=2.88M
|       columns: all
|     extrapolated-rows=disabled max-scan-range-rows=130.09K est-scan-range=1491(filtered from 1824)
|     mem-estimate=16.00MB mem-reservation=1.00MB thread-reservation=0
|     tuple-ids=12 row-size=16B cardinality=2.35M(filtered from 2.88M) cost=74586792
|     in pipelines: 13(GETNEXT)
|
52:AGGREGATE [FINALIZE]
|  output: sum:merge(ss_quantity * ss_sales_price)
|  group by: c_customer_sk
|  mem-estimate=10.00MB mem-reservation=1.94MB spill-buffer=64.00KB thread-reservation=0
|  tuple-ids=10 row-size=20B cardinality=100.00K cost=200000
|  in pipelines: 52(GETNEXT), 09(OPEN)
|
51:EXCHANGE [HASH(c_customer_sk)]
|  mem-estimate=939.04KB mem-reservation=0B thread-reservation=0
|  tuple-ids=10 row-size=20B cardinality=100.00K cost=2344
|  in pipelines: 09(GETNEXT)
|
F00:PLAN FRAGMENT [RANDOM] hosts=3 instances=12 (adjusted from 48)
Per-Host Shared Resources: mem-estimate=2.00MB mem-reservation=2.00MB thread-reservation=0 runtime-filters-memory=2.00MB
Per-Instance Resources: mem-estimate=27.12MB mem-reservation=6.00MB thread-reservation=1
max-parallelism=12 segment-costs=[99874964, 2344] cpu-comparison-result=12 [max(12 (self) vs 4 (sum children))]
12:AGGREGATE [STREAMING]
|  output: sum(CAST(ss_quantity AS DECIMAL(10,0)) * ss_sales_price)
|  group by: c_customer_sk
|  mem-estimate=10.00MB mem-reservation=5.00MB spill-buffer=256.00KB thread-reservation=0
|  tuple-ids=10 row-size=20B cardinality=100.00K cost=5760808
|  in pipelines: 09(GETNEXT)
|
11:HASH JOIN [INNER JOIN, BROADCAST]
|  hash-table-id=16
|  hash predicates: ss_customer_sk = c_customer_sk
|  fk/pk conjuncts: ss_customer_sk = c_customer_sk
|  mem-estimate=0B mem-reservation=0B spill-buffer=256.00KB thread-reservation=0
|  tuple-ids=8,9 row-size=16B cardinality=2.88M cost=2880404
|  in pipelines: 09(GETNEXT), 10(OPEN)
|
|--F48:PLAN FRAGMENT [RANDOM] hosts=3 instances=3
|  |  Per-Instance Resources: mem-estimate=20.39MB mem-reservation=20.00MB thread-reservation=1 runtime-filters-memory=1.00MB
|  |  max-parallelism=3 segment-costs=[102346]
|  JOIN BUILD
|  |  join-table-id=16 plan-id=17 cohort-id=01
|  |  build expressions: c_customer_sk
|  |  runtime filters: RF002[bloom] <- c_customer_sk, RF003[min_max] <- c_customer_sk
|  |  mem-estimate=19.00MB mem-reservation=19.00MB spill-buffer=256.00KB thread-reservation=0 cost=100000
|  |
|  50:EXCHANGE [BROADCAST]
|  |  mem-estimate=398.62KB mem-reservation=0B thread-reservation=0
|  |  tuple-ids=9 row-size=4B cardinality=100.00K cost=2346
|  |  in pipelines: 10(GETNEXT)
|  |
|  F01:PLAN FRAGMENT [RANDOM] hosts=1 instances=1
|  Per-Host Shared Resources: mem-estimate=1.00MB mem-reservation=1.00MB thread-reservation=0 runtime-filters-memory=1.00MB
|  Per-Instance Resources: mem-estimate=16.03MB mem-reservation=512.00KB thread-reservation=1
|  max-parallelism=1 segment-costs=[51173]
|  10:SCAN HDFS [tpcds_partitioned_parquet_snap.customer, RANDOM]
|     HDFS partitions=1/1 files=1 size=5.49MB
|     runtime filters: RF001[min_max] -> tpcds_partitioned_parquet_snap.customer.c_customer_sk, RF000[bloom] -> tpcds_partitioned_parquet_snap.customer.c_customer_sk
|     stored statistics:
|       table: rows=100.00K size=5.49MB
|       columns: all
|     extrapolated-rows=disabled max-scan-range-rows=100.00K
|     mem-estimate=16.00MB mem-reservation=512.00KB thread-reservation=0
|     tuple-ids=9 row-size=4B cardinality=100.00K cost=50391
|     in pipelines: 10(GETNEXT)
|
09:SCAN HDFS [tpcds_partitioned_parquet_snap.store_sales, RANDOM]
   HDFS partitions=1824/1824 files=1824 size=199.36MB
   runtime filters: RF001[min_max] -> tpcds_partitioned_parquet_snap.store_sales.ss_customer_sk, RF003[min_max] -> ss_customer_sk, RF000[bloom] -> tpcds_partitioned_parquet_snap.store_sales.ss_customer_sk, RF002[bloom] -> ss_customer_sk
   stored statistics:
     table: rows=2.88M size=199.36MB
     partitions: 1824/1824 rows=2.88M
     columns: all
   extrapolated-rows=disabled max-scan-range-rows=130.09K
   mem-estimate=16.00MB mem-reservation=1.00MB thread-reservation=0
   tuple-ids=8 row-size=12B cardinality=2.88M cost=91233752
   in pipelines: 09(GETNEXT)
---- PARALLELPLANS
Max Per-Host Resource Reservation: Memory=546.00MB Threads=80
Per-Host Resource Estimates: Memory=1.36GB
F31:PLAN FRAGMENT [UNPARTITIONED] hosts=1 instances=1
|  Per-Instance Resources: mem-estimate=32.00KB mem-reservation=0B thread-reservation=1
|  max-parallelism=1 segment-costs=[2, 0] cpu-comparison-result=84 [max(1 (self) vs 84 (sum children))]
PLAN-ROOT SINK
|  output exprs: sum(sales)
|  mem-estimate=0B mem-reservation=0B thread-reservation=0 cost=0
|
89:AGGREGATE [FINALIZE]
|  output: sum:merge(sales)
|  limit: 100
|  mem-estimate=16.00KB mem-reservation=0B spill-buffer=2.00MB thread-reservation=0
|  tuple-ids=46 row-size=16B cardinality=1 cost=1
|  in pipelines: 89(GETNEXT), 49(OPEN)
|
88:EXCHANGE [UNPARTITIONED]
|  mem-estimate=16.00KB mem-reservation=0B thread-reservation=0
|  tuple-ids=46 row-size=16B cardinality=1 cost=1
|  in pipelines: 49(GETNEXT)
|
F30:PLAN FRAGMENT [RANDOM] hosts=3 instances=12 (adjusted from 48)
Per-Instance Resources: mem-estimate=10.93MB mem-reservation=1.94MB thread-reservation=1
max-parallelism=12 segment-costs=[202344, 202344, 582875, 1] cpu-comparison-result=84 [max(12 (self) vs 84 (sum children))]
49:AGGREGATE
|  output: sum(sales)
|  mem-estimate=16.00KB mem-reservation=0B spill-buffer=2.00MB thread-reservation=0
|  tuple-ids=46 row-size=16B cardinality=1 cost=127625
|  in pipelines: 49(GETNEXT), 52(OPEN), 71(OPEN)
|
00:UNION
|  mem-estimate=0B mem-reservation=0B thread-reservation=0
|  tuple-ids=44 row-size=8B cardinality=127.62K cost=255250
|  in pipelines: 52(GETNEXT), 71(GETNEXT)
|
|--48:HASH JOIN [RIGHT SEMI JOIN, PARTITIONED]
|  |  hash-table-id=08
|  |  hash predicates: c_customer_sk = ws_bill_customer_sk
|  |  mem-estimate=0B mem-reservation=0B spill-buffer=64.00KB thread-reservation=0
|  |  tuple-ids=22,23 row-size=36B cardinality=42.60K cost=100000
|  |  in pipelines: 71(GETNEXT), 25(OPEN)
|  |
|  |--F40:PLAN FRAGMENT [RANDOM] hosts=3 instances=12 (adjusted from 48)
|  |  |  Per-Instance Resources: mem-estimate=3.68MB mem-reservation=2.94MB thread-reservation=1 runtime-filters-memory=1.00MB
|  |  |  max-parallelism=12 segment-costs=[44427] cpu-comparison-result=24 [max(24 (self) vs 13 (sum children))]
|  |  JOIN BUILD
|  |  |  join-table-id=08 plan-id=09 cohort-id=01
|  |  |  build expressions: ws_bill_customer_sk
|  |  |  runtime filters: RF016[bloom] <- ws_bill_customer_sk, RF017[min_max] <- ws_bill_customer_sk
|  |  |  mem-estimate=1.94MB mem-reservation=1.94MB spill-buffer=64.00KB thread-reservation=0 cost=42596
|  |  |
|  |  87:EXCHANGE [HASH(ws_bill_customer_sk)]
|  |  |  mem-estimate=763.17KB mem-reservation=0B thread-reservation=0
|  |  |  tuple-ids=22,23 row-size=36B cardinality=42.60K cost=1831
|  |  |  in pipelines: 25(GETNEXT)
|  |  |
|  |  F29:PLAN FRAGMENT [HASH(i_item_sk)] hosts=3 instances=6 (adjusted from 48)
|  |  Per-Instance Resources: mem-estimate=2.81MB mem-reservation=0B thread-reservation=1
|  |  max-parallelism=6 segment-costs=[46258]
|  |  47:HASH JOIN [LEFT SEMI JOIN, PARTITIONED]
|  |  |  hash-table-id=09
|  |  |  hash predicates: ws_item_sk = i_item_sk
|  |  |  mem-estimate=0B mem-reservation=0B spill-buffer=64.00KB thread-reservation=0
|  |  |  tuple-ids=22,23 row-size=36B cardinality=42.60K cost=42596
|  |  |  in pipelines: 25(GETNEXT), 85(OPEN)
|  |  |
|  |  |--F41:PLAN FRAGMENT [HASH(i_item_sk)] hosts=3 instances=6 (adjusted from 48)
|  |  |  |  Per-Instance Resources: mem-estimate=11.94MB mem-reservation=3.88MB thread-reservation=1
|  |  |  |  max-parallelism=6 segment-costs=[18186, 17975] cpu-comparison-result=9 [max(6 (self) vs 9 (sum children))]
|  |  |  JOIN BUILD
|  |  |  |  join-table-id=09 plan-id=10 cohort-id=05
|  |  |  |  build expressions: i_item_sk
|  |  |  |  runtime filters: RF025[min_max] <- i_item_sk
|  |  |  |  mem-estimate=1.94MB mem-reservation=1.94MB spill-buffer=64.00KB thread-reservation=0 cost=17975
|  |  |  |
|  |  |  85:AGGREGATE [FINALIZE]
|  |  |  |  group by: i_item_sk
|  |  |  |  mem-estimate=10.00MB mem-reservation=1.94MB spill-buffer=64.00KB thread-reservation=0
|  |  |  |  tuple-ids=68 row-size=8B cardinality=17.98K cost=17975
|  |  |  |  in pipelines: 85(GETNEXT), 83(OPEN)
|  |  |  |
|  |  |  84:EXCHANGE [HASH(i_item_sk)]
|  |  |  |  mem-estimate=118.81KB mem-reservation=0B thread-reservation=0
|  |  |  |  tuple-ids=68 row-size=8B cardinality=17.98K cost=211
|  |  |  |  in pipelines: 83(GETNEXT)
|  |  |  |
|  |  |  F28:PLAN FRAGMENT [HASH(substr(i_item_desc, 1, 30),i_item_sk,d_date)] hosts=3 instances=6 (adjusted from 48)
|  |  |  Per-Instance Resources: mem-estimate=54.47MB mem-reservation=36.00MB thread-reservation=1
|  |  |  max-parallelism=6 segment-costs=[9542330, 235454, 211] cpu-comparison-result=9 [max(6 (self) vs 9 (sum children))]
|  |  |  46:AGGREGATE [STREAMING]
|  |  |  |  group by: i_item_sk
|  |  |  |  mem-estimate=10.00MB mem-reservation=2.00MB spill-buffer=64.00KB thread-reservation=0
|  |  |  |  tuple-ids=68 row-size=8B cardinality=17.98K cost=235454
|  |  |  |  in pipelines: 83(GETNEXT)
|  |  |  |
|  |  |  83:AGGREGATE [FINALIZE]
|  |  |  |  output: count:merge(*)
|  |  |  |  group by: substr(i_item_desc, 1, 30), i_item_sk, d_date
|  |  |  |  having: count(*) > CAST(4 AS BIGINT)
|  |  |  |  mem-estimate=34.00MB mem-reservation=34.00MB spill-buffer=2.00MB thread-reservation=0
|  |  |  |  tuple-ids=27 row-size=50B cardinality=235.45K cost=9418164
|  |  |  |  in pipelines: 83(GETNEXT), 27(OPEN)
|  |  |  |
|  |  |  82:EXCHANGE [HASH(substr(i_item_desc, 1, 30),i_item_sk,d_date)]
|  |  |  |  mem-estimate=10.47MB mem-reservation=0B thread-reservation=0
|  |  |  |  tuple-ids=27 row-size=50B cardinality=2.35M cost=124166
|  |  |  |  in pipelines: 27(GETNEXT)
|  |  |  |
|  |  |  F25:PLAN FRAGMENT [RANDOM] hosts=3 instances=9 (adjusted from 48)
|  |  |  Per-Host Shared Resources: mem-estimate=1.00MB mem-reservation=1.00MB thread-reservation=0 runtime-filters-memory=1.00MB
|  |  |  Per-Instance Resources: mem-estimate=34.27MB mem-reservation=17.50MB thread-reservation=1
|  |  |  max-parallelism=9 segment-costs=[88704838, 124166] cpu-comparison-result=9 [max(9 (self) vs 8 (sum children))]
|  |  |  32:AGGREGATE [STREAMING]
|  |  |  |  output: count(*)
|  |  |  |  group by: substr(i_item_desc, CAST(1 AS BIGINT), CAST(30 AS BIGINT)), i_item_sk, d_date
|  |  |  |  mem-estimate=17.00MB mem-reservation=17.00MB spill-buffer=1.00MB thread-reservation=0
|  |  |  |  tuple-ids=27 row-size=50B cardinality=2.35M cost=9418164
|  |  |  |  in pipelines: 27(GETNEXT)
|  |  |  |
|  |  |  31:HASH JOIN [INNER JOIN, BROADCAST]
|  |  |  |  hash-table-id=10
|  |  |  |  hash predicates: ss_item_sk = i_item_sk
|  |  |  |  fk/pk conjuncts: ss_item_sk = i_item_sk
|  |  |  |  mem-estimate=0B mem-reservation=0B spill-buffer=256.00KB thread-reservation=0
|  |  |  |  tuple-ids=24,25,26 row-size=162B cardinality=2.35M cost=2354541
|  |  |  |  in pipelines: 27(GETNEXT), 29(OPEN)
|  |  |  |
|  |  |  |--F42:PLAN FRAGMENT [RANDOM] hosts=3 instances=3
|  |  |  |  |  Per-Instance Resources: mem-estimate=16.44MB mem-reservation=14.25MB thread-reservation=1
|  |  |  |  |  max-parallelism=3 segment-costs=[24564]
|  |  |  |  JOIN BUILD
|  |  |  |  |  join-table-id=10 plan-id=11 cohort-id=06
|  |  |  |  |  build expressions: i_item_sk
|  |  |  |  |  runtime filters: RF029[min_max] <- i_item_sk
|  |  |  |  |  mem-estimate=14.25MB mem-reservation=14.25MB spill-buffer=256.00KB thread-reservation=0 cost=18000
|  |  |  |  |
|  |  |  |  81:EXCHANGE [BROADCAST]
|  |  |  |  |  mem-estimate=2.19MB mem-reservation=0B thread-reservation=0
|  |  |  |  |  tuple-ids=26 row-size=120B cardinality=18.00K cost=6564
|  |  |  |  |  in pipelines: 29(GETNEXT)
|  |  |  |  |
|  |  |  |  F27:PLAN FRAGMENT [RANDOM] hosts=1 instances=1
|  |  |  |  Per-Instance Resources: mem-estimate=16.49MB mem-reservation=2.00MB thread-reservation=1
|  |  |  |  max-parallelism=1 segment-costs=[54306]
|  |  |  |  29:SCAN HDFS [tpcds_partitioned_parquet_snap.item, RANDOM]
|  |  |  |     HDFS partitions=1/1 files=1 size=1.73MB
|  |  |  |     stored statistics:
|  |  |  |       table: rows=18.00K size=1.73MB
|  |  |  |       columns: all
|  |  |  |     extrapolated-rows=disabled max-scan-range-rows=18.00K
|  |  |  |     mem-estimate=16.00MB mem-reservation=2.00MB thread-reservation=0
|  |  |  |     tuple-ids=26 row-size=120B cardinality=18.00K cost=52118
|  |  |  |     in pipelines: 29(GETNEXT)
|  |  |  |
|  |  |  30:HASH JOIN [INNER JOIN, BROADCAST]
|  |  |  |  hash-table-id=11
|  |  |  |  hash predicates: ss_sold_date_sk = d_date_sk
|  |  |  |  fk/pk conjuncts: ss_sold_date_sk = d_date_sk
|  |  |  |  mem-estimate=0B mem-reservation=0B spill-buffer=64.00KB thread-reservation=0
|  |  |  |  tuple-ids=24,25 row-size=42B cardinality=2.35M cost=2354541
|  |  |  |  in pipelines: 27(GETNEXT), 28(OPEN)
|  |  |  |
|  |  |  |--F43:PLAN FRAGMENT [RANDOM] hosts=3 instances=3
|  |  |  |  |  Per-Instance Resources: mem-estimate=6.89MB mem-reservation=6.81MB thread-reservation=1 runtime-filters-memory=1.00MB
|  |  |  |  |  max-parallelism=3 segment-costs=[1641]
|  |  |  |  JOIN BUILD
|  |  |  |  |  join-table-id=11 plan-id=12 cohort-id=06
|  |  |  |  |  build expressions: d_date_sk
|  |  |  |  |  runtime filters: RF030[bloom] <- d_date_sk
|  |  |  |  |  mem-estimate=5.81MB mem-reservation=5.81MB spill-buffer=64.00KB thread-reservation=0 cost=1491
|  |  |  |  |
|  |  |  |  80:EXCHANGE [BROADCAST]
|  |  |  |  |  mem-estimate=77.68KB mem-reservation=0B thread-reservation=0
|  |  |  |  |  tuple-ids=25 row-size=30B cardinality=1.49K cost=150
|  |  |  |  |  in pipelines: 28(GETNEXT)
|  |  |  |  |
|  |  |  |  F26:PLAN FRAGMENT [RANDOM] hosts=1 instances=1
|  |  |  |  Per-Instance Resources: mem-estimate=16.13MB mem-reservation=2.00MB thread-reservation=1
|  |  |  |  max-parallelism=1 segment-costs=[125240]
|  |  |  |  28:SCAN HDFS [tpcds_partitioned_parquet_snap.date_dim, RANDOM]
|  |  |  |     HDFS partitions=1/1 files=1 size=2.15MB
|  |  |  |     predicates: d_year IN (CAST(2000 AS INT), CAST(2001 AS INT), CAST(2002 AS INT), CAST(2003 AS INT))
|  |  |  |     stored statistics:
|  |  |  |       table: rows=73.05K size=2.15MB
|  |  |  |       columns: all
|  |  |  |     extrapolated-rows=disabled max-scan-range-rows=73.05K
|  |  |  |     parquet statistics predicates: d_year IN (CAST(2000 AS INT), CAST(2001 AS INT), CAST(2002 AS INT), CAST(2003 AS INT))
|  |  |  |     parquet dictionary predicates: d_year IN (CAST(2000 AS INT), CAST(2001 AS INT), CAST(2002 AS INT), CAST(2003 AS INT))
|  |  |  |     mem-estimate=16.00MB mem-reservation=2.00MB thread-reservation=0
|  |  |  |     tuple-ids=25 row-size=30B cardinality=1.49K cost=125190
|  |  |  |     in pipelines: 28(GETNEXT)
|  |  |  |
|  |  |  27:SCAN HDFS [tpcds_partitioned_parquet_snap.store_sales, RANDOM]
|  |  |     HDFS partitions=1824/1824 files=1824 size=199.36MB
|  |  |     runtime filters: RF029[min_max] -> ss_item_sk, RF030[bloom] -> ss_sold_date_sk
|  |  |     stored statistics:
|  |  |       table: rows=2.88M size=199.36MB
|  |  |       partitions: 1824/1824 rows=2.88M
|  |  |       columns: all
|  |  |     extrapolated-rows=disabled max-scan-range-rows=130.09K est-scan-range=1491(filtered from 1824)
|  |  |     mem-estimate=16.00MB mem-reservation=512.00KB thread-reservation=0
|  |  |     tuple-ids=24 row-size=12B cardinality=2.35M(filtered from 2.88M) cost=74577592
|  |  |     in pipelines: 27(GETNEXT)
|  |  |
|  |  86:EXCHANGE [HASH(ws_item_sk)]
|  |  |  mem-estimate=763.17KB mem-reservation=0B thread-reservation=0
|  |  |  tuple-ids=22,23 row-size=36B cardinality=42.60K cost=1831
|  |  |  in pipelines: 25(GETNEXT)
|  |  |
|  |  F23:PLAN FRAGMENT [RANDOM] hosts=3 instances=6 (adjusted from 48)
|  |  Per-Host Shared Resources: mem-estimate=1.00MB mem-reservation=1.00MB thread-reservation=0 runtime-filters-memory=1.00MB
|  |  Per-Instance Resources: mem-estimate=17.03MB mem-reservation=128.00KB thread-reservation=1
|  |  max-parallelism=6 segment-costs=[5495426]
|  |  45:HASH JOIN [INNER JOIN, BROADCAST]
|  |  |  hash-table-id=12
|  |  |  hash predicates: ws_sold_date_sk = d_date_sk
|  |  |  fk/pk conjuncts: ws_sold_date_sk = d_date_sk
|  |  |  mem-estimate=0B mem-reservation=0B spill-buffer=64.00KB thread-reservation=0
|  |  |  tuple-ids=22,23 row-size=36B cardinality=42.60K cost=42596
|  |  |  in pipelines: 25(GETNEXT), 26(OPEN)
|  |  |
|  |  |--F44:PLAN FRAGMENT [RANDOM] hosts=3 instances=3
|  |  |  |  Per-Instance Resources: mem-estimate=4.89MB mem-reservation=4.88MB thread-reservation=1 runtime-filters-memory=1.00MB
|  |  |  |  max-parallelism=3 segment-costs=[114]
|  |  |  JOIN BUILD
|  |  |  |  join-table-id=12 plan-id=13 cohort-id=05
|  |  |  |  build expressions: d_date_sk
|  |  |  |  runtime filters: RF026[bloom] <- d_date_sk
|  |  |  |  mem-estimate=3.88MB mem-reservation=3.88MB spill-buffer=64.00KB thread-reservation=0 cost=108
|  |  |  |
|  |  |  79:EXCHANGE [BROADCAST]
|  |  |  |  mem-estimate=16.00KB mem-reservation=0B thread-reservation=0
|  |  |  |  tuple-ids=23 row-size=12B cardinality=108 cost=6
|  |  |  |  in pipelines: 26(GETNEXT)
|  |  |  |
|  |  |  F24:PLAN FRAGMENT [RANDOM] hosts=1 instances=1
|  |  |  Per-Instance Resources: mem-estimate=16.06MB mem-reservation=512.00KB thread-reservation=1
|  |  |  max-parallelism=1 segment-costs=[196957]
|  |  |  26:SCAN HDFS [tpcds_partitioned_parquet_snap.date_dim, RANDOM]
|  |  |     HDFS partitions=1/1 files=1 size=2.15MB
|  |  |     predicates: d_year = CAST(2000 AS INT), d_moy = CAST(2 AS INT)
|  |  |     stored statistics:
|  |  |       table: rows=73.05K size=2.15MB
|  |  |       columns: all
|  |  |     extrapolated-rows=disabled max-scan-range-rows=73.05K
|  |  |     parquet statistics predicates: d_year = CAST(2000 AS INT), d_moy = CAST(2 AS INT)
|  |  |     parquet dictionary predicates: d_year = CAST(2000 AS INT), d_moy = CAST(2 AS INT)
|  |  |     mem-estimate=16.00MB mem-reservation=512.00KB thread-reservation=0
|  |  |     tuple-ids=23 row-size=12B cardinality=108 cost=196955
|  |  |     in pipelines: 26(GETNEXT)
|  |  |
|  |  25:SCAN HDFS [tpcds_partitioned_parquet_snap.web_sales, RANDOM]
|  |     HDFS partitions=1824/1824 files=1824 size=84.20MB
|  |     runtime filters: RF025[min_max] -> ws_item_sk, RF026[bloom] -> ws_sold_date_sk
|  |     stored statistics:
|  |       table: rows=719.38K size=84.20MB
|  |       partitions: 1824/1824 rows=719.38K
|  |       columns: all
|  |     extrapolated-rows=disabled max-scan-range-rows=1.12K est-scan-range=109(filtered from 1824)
|  |     mem-estimate=16.00MB mem-reservation=128.00KB thread-reservation=0
|  |     tuple-ids=22 row-size=24B cardinality=42.60K(filtered from 719.38K) cost=5450999
|  |     in pipelines: 25(GETNEXT)
|  |
|  44:NESTED LOOP JOIN [INNER JOIN, BROADCAST]
|  |  join table id: 13
|  |  predicates: sum(ss_quantity * ss_sales_price) > CAST(0.500000 AS DECIMAL(10,6)) * max(csales)
|  |  mem-estimate=0B mem-reservation=0B thread-reservation=0
|  |  tuple-ids=32,39 row-size=36B cardinality=100.00K cost=0
|  |  in pipelines: 71(GETNEXT), 77(OPEN)
|  |
|  |--F45:PLAN FRAGMENT [RANDOM] hosts=3 instances=3
|  |  |  Per-Instance Resources: mem-estimate=16.02KB mem-reservation=0B thread-reservation=1
|  |  |  max-parallelism=3 segment-costs=[3] cpu-comparison-result=9 [max(3 (self) vs 9 (sum children))]
|  |  JOIN BUILD
|  |  |  join-table-id=13 plan-id=14 cohort-id=01
|  |  |  mem-estimate=16B mem-reservation=0B thread-reservation=0 cost=0
|  |  |
|  |  78:EXCHANGE [BROADCAST]
|  |  |  mem-estimate=16.00KB mem-reservation=0B thread-reservation=0
|  |  |  tuple-ids=39 row-size=16B cardinality=1 cost=3
|  |  |  in pipelines: 77(GETNEXT)
|  |  |
|  |  F22:PLAN FRAGMENT [UNPARTITIONED] hosts=1 instances=1
|  |  Per-Instance Resources: mem-estimate=96.00KB mem-reservation=0B thread-reservation=1
|  |  max-parallelism=2 segment-costs=[2, 1] cpu-comparison-result=9 [max(2 (self) vs 9 (sum children))]
|  |  77:AGGREGATE [FINALIZE]
|  |  |  output: max:merge(csales)
|  |  |  mem-estimate=16.00KB mem-reservation=0B spill-buffer=2.00MB thread-reservation=0
|  |  |  tuple-ids=39 row-size=16B cardinality=1 cost=1
|  |  |  in pipelines: 77(GETNEXT), 43(OPEN)
|  |  |
|  |  76:EXCHANGE [UNPARTITIONED]
|  |  |  mem-estimate=16.00KB mem-reservation=0B thread-reservation=0
|  |  |  tuple-ids=39 row-size=16B cardinality=1 cost=1
|  |  |  in pipelines: 43(GETNEXT)
|  |  |
|  |  F21:PLAN FRAGMENT [HASH(c_customer_sk)] hosts=3 instances=6 (adjusted from 48)
|  |  Per-Instance Resources: mem-estimate=10.85MB mem-reservation=1.94MB thread-reservation=1
|  |  max-parallelism=6 segment-costs=[202344, 100000, 1] cpu-comparison-result=9 [max(6 (self) vs 9 (sum children))]
|  |  43:AGGREGATE
|  |  |  output: max(sum(ss_quantity * ss_sales_price))
|  |  |  mem-estimate=16.00KB mem-reservation=0B spill-buffer=2.00MB thread-reservation=0
|  |  |  tuple-ids=39 row-size=16B cardinality=1 cost=100000
|  |  |  in pipelines: 43(GETNEXT), 75(OPEN)
|  |  |
|  |  75:AGGREGATE [FINALIZE]
|  |  |  output: sum:merge(ss_quantity * ss_sales_price)
|  |  |  group by: c_customer_sk
|  |  |  mem-estimate=10.00MB mem-reservation=1.94MB spill-buffer=64.00KB thread-reservation=0
|  |  |  tuple-ids=37 row-size=20B cardinality=100.00K cost=200000
|  |  |  in pipelines: 75(GETNEXT), 37(OPEN)
|  |  |
|  |  74:EXCHANGE [HASH(c_customer_sk)]
|  |  |  mem-estimate=867.04KB mem-reservation=0B thread-reservation=0
|  |  |  tuple-ids=37 row-size=20B cardinality=100.00K cost=2344
|  |  |  in pipelines: 37(GETNEXT)
|  |  |
|  |  F18:PLAN FRAGMENT [RANDOM] hosts=3 instances=9 (adjusted from 48)
|  |  Per-Host Shared Resources: mem-estimate=1.00MB mem-reservation=1.00MB thread-reservation=0 runtime-filters-memory=1.00MB
|  |  Per-Instance Resources: mem-estimate=26.56MB mem-reservation=6.00MB thread-reservation=1
|  |  max-parallelism=9 segment-costs=[84004956, 2344] cpu-comparison-result=9 [max(9 (self) vs 8 (sum children))]
|  |  42:AGGREGATE [STREAMING]
|  |  |  output: sum(CAST(ss_quantity AS DECIMAL(10,0)) * ss_sales_price)
|  |  |  group by: c_customer_sk
|  |  |  mem-estimate=10.00MB mem-reservation=5.00MB spill-buffer=256.00KB thread-reservation=0
|  |  |  tuple-ids=37 row-size=20B cardinality=100.00K cost=4709082
|  |  |  in pipelines: 37(GETNEXT)
|  |  |
|  |  41:HASH JOIN [INNER JOIN, BROADCAST]
|  |  |  hash-table-id=14
|  |  |  hash predicates: ss_customer_sk = c_customer_sk
|  |  |  fk/pk conjuncts: ss_customer_sk = c_customer_sk
|  |  |  mem-estimate=0B mem-reservation=0B spill-buffer=256.00KB thread-reservation=0
|  |  |  tuple-ids=34,36,35 row-size=28B cardinality=2.35M cost=2354541
|  |  |  in pipelines: 37(GETNEXT), 38(OPEN)
|  |  |
|  |  |--F46:PLAN FRAGMENT [RANDOM] hosts=3 instances=3
|  |  |  |  Per-Instance Resources: mem-estimate=14.64MB mem-reservation=14.25MB thread-reservation=1
|  |  |  |  max-parallelism=3 segment-costs=[102346]
|  |  |  JOIN BUILD
|  |  |  |  join-table-id=14 plan-id=15 cohort-id=07
|  |  |  |  build expressions: c_customer_sk
|  |  |  |  runtime filters: RF021[min_max] <- c_customer_sk
|  |  |  |  mem-estimate=14.25MB mem-reservation=14.25MB spill-buffer=256.00KB thread-reservation=0 cost=100000
|  |  |  |
|  |  |  73:EXCHANGE [BROADCAST]
|  |  |  |  mem-estimate=398.62KB mem-reservation=0B thread-reservation=0
|  |  |  |  tuple-ids=35 row-size=4B cardinality=100.00K cost=2346
|  |  |  |  in pipelines: 38(GETNEXT)
|  |  |  |
|  |  |  F20:PLAN FRAGMENT [RANDOM] hosts=1 instances=1
|  |  |  Per-Instance Resources: mem-estimate=16.03MB mem-reservation=512.00KB thread-reservation=1
|  |  |  max-parallelism=1 segment-costs=[51173]
|  |  |  38:SCAN HDFS [tpcds_partitioned_parquet_snap.customer, RANDOM]
|  |  |     HDFS partitions=1/1 files=1 size=5.49MB
|  |  |     stored statistics:
|  |  |       table: rows=100.00K size=5.49MB
|  |  |       columns: all
|  |  |     extrapolated-rows=disabled max-scan-range-rows=100.00K
|  |  |     mem-estimate=16.00MB mem-reservation=512.00KB thread-reservation=0
|  |  |     tuple-ids=35 row-size=4B cardinality=100.00K cost=50391
|  |  |     in pipelines: 38(GETNEXT)
|  |  |
|  |  40:HASH JOIN [INNER JOIN, BROADCAST]
|  |  |  hash-table-id=15
|  |  |  hash predicates: ss_sold_date_sk = d_date_sk
|  |  |  fk/pk conjuncts: ss_sold_date_sk = d_date_sk
|  |  |  mem-estimate=0B mem-reservation=0B spill-buffer=64.00KB thread-reservation=0
|  |  |  tuple-ids=34,36 row-size=24B cardinality=2.35M cost=2354541
|  |  |  in pipelines: 37(GETNEXT), 39(OPEN)
|  |  |
|  |  |--F47:PLAN FRAGMENT [RANDOM] hosts=3 instances=3
|  |  |  |  Per-Instance Resources: mem-estimate=6.84MB mem-reservation=6.81MB thread-reservation=1 runtime-filters-memory=1.00MB
|  |  |  |  max-parallelism=3 segment-costs=[1545]
|  |  |  JOIN BUILD
|  |  |  |  join-table-id=15 plan-id=16 cohort-id=07
|  |  |  |  build expressions: d_date_sk
|  |  |  |  runtime filters: RF022[bloom] <- d_date_sk
|  |  |  |  mem-estimate=5.81MB mem-reservation=5.81MB spill-buffer=64.00KB thread-reservation=0 cost=1491
|  |  |  |
|  |  |  72:EXCHANGE [BROADCAST]
|  |  |  |  mem-estimate=23.65KB mem-reservation=0B thread-reservation=0
|  |  |  |  tuple-ids=36 row-size=8B cardinality=1.49K cost=54
|  |  |  |  in pipelines: 39(GETNEXT)
|  |  |  |
|  |  |  F19:PLAN FRAGMENT [RANDOM] hosts=1 instances=1
|  |  |  Per-Instance Resources: mem-estimate=16.05MB mem-reservation=512.00KB thread-reservation=1
|  |  |  max-parallelism=1 segment-costs=[123638]
|  |  |  39:SCAN HDFS [tpcds_partitioned_parquet_snap.date_dim, RANDOM]
|  |  |     HDFS partitions=1/1 files=1 size=2.15MB
|  |  |     predicates: d_year IN (CAST(2000 AS INT), CAST(2001 AS INT), CAST(2002 AS INT), CAST(2003 AS INT))
|  |  |     stored statistics:
|  |  |       table: rows=73.05K size=2.15MB
|  |  |       columns: all
|  |  |     extrapolated-rows=disabled max-scan-range-rows=73.05K
|  |  |     parquet statistics predicates: d_year IN (CAST(2000 AS INT), CAST(2001 AS INT), CAST(2002 AS INT), CAST(2003 AS INT))
|  |  |     parquet dictionary predicates: d_year IN (CAST(2000 AS INT), CAST(2001 AS INT), CAST(2002 AS INT), CAST(2003 AS INT))
|  |  |     mem-estimate=16.00MB mem-reservation=512.00KB thread-reservation=0
|  |  |     tuple-ids=36 row-size=8B cardinality=1.49K cost=123620
|  |  |     in pipelines: 39(GETNEXT)
|  |  |
|  |  37:SCAN HDFS [tpcds_partitioned_parquet_snap.store_sales, RANDOM]
|  |     HDFS partitions=1824/1824 files=1824 size=199.36MB
|  |     runtime filters: RF021[min_max] -> ss_customer_sk, RF022[bloom] -> ss_sold_date_sk
|  |     stored statistics:
|  |       table: rows=2.88M size=199.36MB
|  |       partitions: 1824/1824 rows=2.88M
|  |       columns: all
|  |     extrapolated-rows=disabled max-scan-range-rows=130.09K est-scan-range=1491(filtered from 1824)
|  |     mem-estimate=16.00MB mem-reservation=1.00MB thread-reservation=0
|  |     tuple-ids=34 row-size=16B cardinality=2.35M(filtered from 2.88M) cost=74586792
|  |     in pipelines: 37(GETNEXT)
|  |
|  71:AGGREGATE [FINALIZE]
|  |  output: sum:merge(ss_quantity * ss_sales_price)
|  |  group by: c_customer_sk
|  |  mem-estimate=10.00MB mem-reservation=1.94MB spill-buffer=64.00KB thread-reservation=0
|  |  tuple-ids=32 row-size=20B cardinality=100.00K cost=200000
|  |  in pipelines: 71(GETNEXT), 33(OPEN)
|  |
|  70:EXCHANGE [HASH(c_customer_sk)]
|  |  mem-estimate=939.04KB mem-reservation=0B thread-reservation=0
|  |  tuple-ids=32 row-size=20B cardinality=100.00K cost=2344
|  |  in pipelines: 33(GETNEXT)
|  |
|  F15:PLAN FRAGMENT [RANDOM] hosts=3 instances=12 (adjusted from 48)
|  Per-Host Shared Resources: mem-estimate=1.00MB mem-reservation=1.00MB thread-reservation=0 runtime-filters-memory=1.00MB
|  Per-Instance Resources: mem-estimate=27.12MB mem-reservation=6.00MB thread-reservation=1
|  max-parallelism=12 segment-costs=[99874964, 2344] cpu-comparison-result=12 [max(12 (self) vs 4 (sum children))]
|  36:AGGREGATE [STREAMING]
|  |  output: sum(CAST(ss_quantity AS DECIMAL(10,0)) * ss_sales_price)
|  |  group by: c_customer_sk
|  |  mem-estimate=10.00MB mem-reservation=5.00MB spill-buffer=256.00KB thread-reservation=0
|  |  tuple-ids=32 row-size=20B cardinality=100.00K cost=5760808
|  |  in pipelines: 33(GETNEXT)
|  |
|  35:HASH JOIN [INNER JOIN, BROADCAST]
|  |  hash-table-id=17
|  |  hash predicates: ss_customer_sk = c_customer_sk
|  |  fk/pk conjuncts: ss_customer_sk = c_customer_sk
|  |  mem-estimate=0B mem-reservation=0B spill-buffer=256.00KB thread-reservation=0
|  |  tuple-ids=30,31 row-size=16B cardinality=2.88M cost=2880404
|  |  in pipelines: 33(GETNEXT), 34(OPEN)
|  |
|  |--F49:PLAN FRAGMENT [RANDOM] hosts=3 instances=3
|  |  |  Per-Instance Resources: mem-estimate=19.39MB mem-reservation=19.00MB thread-reservation=1
|  |  |  max-parallelism=3 segment-costs=[102346]
|  |  JOIN BUILD
|  |  |  join-table-id=17 plan-id=18 cohort-id=01
|  |  |  build expressions: c_customer_sk
|  |  |  runtime filters: RF019[min_max] <- c_customer_sk
|  |  |  mem-estimate=19.00MB mem-reservation=19.00MB spill-buffer=256.00KB thread-reservation=0 cost=100000
|  |  |
|  |  69:EXCHANGE [BROADCAST]
|  |  |  mem-estimate=398.62KB mem-reservation=0B thread-reservation=0
|  |  |  tuple-ids=31 row-size=4B cardinality=100.00K cost=2346
|  |  |  in pipelines: 34(GETNEXT)
|  |  |
|  |  F16:PLAN FRAGMENT [RANDOM] hosts=1 instances=1
|  |  Per-Host Shared Resources: mem-estimate=1.00MB mem-reservation=1.00MB thread-reservation=0 runtime-filters-memory=1.00MB
|  |  Per-Instance Resources: mem-estimate=16.03MB mem-reservation=512.00KB thread-reservation=1
|  |  max-parallelism=1 segment-costs=[51173]
|  |  34:SCAN HDFS [tpcds_partitioned_parquet_snap.customer, RANDOM]
|  |     HDFS partitions=1/1 files=1 size=5.49MB
|  |     runtime filters: RF017[min_max] -> tpcds_partitioned_parquet_snap.customer.c_customer_sk, RF016[bloom] -> tpcds_partitioned_parquet_snap.customer.c_customer_sk
|  |     stored statistics:
|  |       table: rows=100.00K size=5.49MB
|  |       columns: all
|  |     extrapolated-rows=disabled max-scan-range-rows=100.00K
|  |     mem-estimate=16.00MB mem-reservation=512.00KB thread-reservation=0
|  |     tuple-ids=31 row-size=4B cardinality=100.00K cost=50391
|  |     in pipelines: 34(GETNEXT)
|  |
|  33:SCAN HDFS [tpcds_partitioned_parquet_snap.store_sales, RANDOM]
|     HDFS partitions=1824/1824 files=1824 size=199.36MB
|     runtime filters: RF017[min_max] -> tpcds_partitioned_parquet_snap.store_sales.ss_customer_sk, RF019[min_max] -> ss_customer_sk, RF016[bloom] -> tpcds_partitioned_parquet_snap.store_sales.ss_customer_sk
|     stored statistics:
|       table: rows=2.88M size=199.36MB
|       partitions: 1824/1824 rows=2.88M
|       columns: all
|     extrapolated-rows=disabled max-scan-range-rows=130.09K
|     mem-estimate=16.00MB mem-reservation=1.00MB thread-reservation=0
|     tuple-ids=30 row-size=12B cardinality=2.88M cost=91233752
|     in pipelines: 33(GETNEXT)
|
24:HASH JOIN [RIGHT SEMI JOIN, PARTITIONED]
|  hash-table-id=00
|  hash predicates: c_customer_sk = cs_bill_customer_sk
|  mem-estimate=0B mem-reservation=0B spill-buffer=64.00KB thread-reservation=0
|  tuple-ids=0,1 row-size=36B cardinality=85.03K cost=100000
|  in pipelines: 52(GETNEXT), 01(OPEN)
|
|--F32:PLAN FRAGMENT [RANDOM] hosts=3 instances=12 (adjusted from 48)
|  |  Per-Instance Resources: mem-estimate=4.17MB mem-reservation=2.94MB thread-reservation=1 runtime-filters-memory=1.00MB
|  |  max-parallelism=12 segment-costs=[88683] cpu-comparison-result=18 [max(18 (self) vs 13 (sum children))]
|  JOIN BUILD
|  |  join-table-id=00 plan-id=01 cohort-id=01
|  |  build expressions: cs_bill_customer_sk
|  |  runtime filters: RF000[bloom] <- cs_bill_customer_sk, RF001[min_max] <- cs_bill_customer_sk
|  |  mem-estimate=1.94MB mem-reservation=1.94MB spill-buffer=64.00KB thread-reservation=0 cost=85029
|  |
|  68:EXCHANGE [HASH(cs_bill_customer_sk)]
|  |  mem-estimate=1.23MB mem-reservation=0B thread-reservation=0
|  |  tuple-ids=0,1 row-size=36B cardinality=85.03K cost=3654
|  |  in pipelines: 01(GETNEXT)
|  |
|  F08:PLAN FRAGMENT [RANDOM] hosts=3 instances=6 (adjusted from 48)
|  Per-Host Shared Resources: mem-estimate=1.00MB mem-reservation=1.00MB thread-reservation=0 runtime-filters-memory=1.00MB
|  Per-Instance Resources: mem-estimate=18.06MB mem-reservation=128.00KB thread-reservation=1
|  max-parallelism=6 segment-costs=[5625705]
|  23:HASH JOIN [LEFT SEMI JOIN, BROADCAST]
|  |  hash-table-id=01
|  |  hash predicates: cs_item_sk = i_item_sk
|  |  mem-estimate=0B mem-reservation=0B spill-buffer=64.00KB thread-reservation=0
|  |  tuple-ids=0,1 row-size=36B cardinality=85.03K cost=85029
|  |  in pipelines: 01(GETNEXT), 66(OPEN)
|  |
|  |--F33:PLAN FRAGMENT [RANDOM] hosts=3 instances=3
|  |  |  Per-Instance Resources: mem-estimate=4.08MB mem-reservation=3.88MB thread-reservation=1
|  |  |  max-parallelism=3 segment-costs=[18608] cpu-comparison-result=9 [max(3 (self) vs 9 (sum children))]
|  |  JOIN BUILD
|  |  |  join-table-id=01 plan-id=02 cohort-id=02
|  |  |  build expressions: i_item_sk
|  |  |  runtime filters: RF009[min_max] <- i_item_sk
|  |  |  mem-estimate=3.88MB mem-reservation=3.88MB spill-buffer=64.00KB thread-reservation=0 cost=17975
|  |  |
|  |  67:EXCHANGE [BROADCAST]
|  |  |  mem-estimate=212.43KB mem-reservation=0B thread-reservation=0
|  |  |  tuple-ids=57 row-size=8B cardinality=17.98K cost=633
|  |  |  in pipelines: 66(GETNEXT)
|  |  |
|  |  F14:PLAN FRAGMENT [HASH(i_item_sk)] hosts=3 instances=6 (adjusted from 48)
|  |  Per-Instance Resources: mem-estimate=10.12MB mem-reservation=1.94MB thread-reservation=1
|  |  max-parallelism=6 segment-costs=[18186, 211] cpu-comparison-result=9 [max(6 (self) vs 9 (sum children))]
|  |  66:AGGREGATE [FINALIZE]
|  |  |  group by: i_item_sk
|  |  |  mem-estimate=10.00MB mem-reservation=1.94MB spill-buffer=64.00KB thread-reservation=0
|  |  |  tuple-ids=57 row-size=8B cardinality=17.98K cost=17975
|  |  |  in pipelines: 66(GETNEXT), 64(OPEN)
|  |  |
|  |  65:EXCHANGE [HASH(i_item_sk)]
|  |  |  mem-estimate=118.81KB mem-reservation=0B thread-reservation=0
|  |  |  tuple-ids=57 row-size=8B cardinality=17.98K cost=211
|  |  |  in pipelines: 64(GETNEXT)
|  |  |
|  |  F13:PLAN FRAGMENT [HASH(substr(i_item_desc, 1, 30),i_item_sk,d_date)] hosts=3 instances=6 (adjusted from 48)
|  |  Per-Instance Resources: mem-estimate=54.47MB mem-reservation=36.00MB thread-reservation=1
|  |  max-parallelism=6 segment-costs=[9542330, 235454, 211] cpu-comparison-result=9 [max(6 (self) vs 9 (sum children))]
|  |  22:AGGREGATE [STREAMING]
|  |  |  group by: i_item_sk
|  |  |  mem-estimate=10.00MB mem-reservation=2.00MB spill-buffer=64.00KB thread-reservation=0
|  |  |  tuple-ids=57 row-size=8B cardinality=17.98K cost=235454
|  |  |  in pipelines: 64(GETNEXT)
|  |  |
|  |  64:AGGREGATE [FINALIZE]
|  |  |  output: count:merge(*)
|  |  |  group by: substr(i_item_desc, 1, 30), i_item_sk, d_date
|  |  |  having: count(*) > CAST(4 AS BIGINT)
|  |  |  mem-estimate=34.00MB mem-reservation=34.00MB spill-buffer=2.00MB thread-reservation=0
|  |  |  tuple-ids=5 row-size=50B cardinality=235.45K cost=9418164
|  |  |  in pipelines: 64(GETNEXT), 03(OPEN)
|  |  |
|  |  63:EXCHANGE [HASH(substr(i_item_desc, 1, 30),i_item_sk,d_date)]
|  |  |  mem-estimate=10.47MB mem-reservation=0B thread-reservation=0
|  |  |  tuple-ids=5 row-size=50B cardinality=2.35M cost=124166
|  |  |  in pipelines: 03(GETNEXT)
|  |  |
|  |  F10:PLAN FRAGMENT [RANDOM] hosts=3 instances=9 (adjusted from 48)
|  |  Per-Host Shared Resources: mem-estimate=1.00MB mem-reservation=1.00MB thread-reservation=0 runtime-filters-memory=1.00MB
|  |  Per-Instance Resources: mem-estimate=34.27MB mem-reservation=17.50MB thread-reservation=1
|  |  max-parallelism=9 segment-costs=[88704838, 124166] cpu-comparison-result=9 [max(9 (self) vs 8 (sum children))]
|  |  08:AGGREGATE [STREAMING]
|  |  |  output: count(*)
|  |  |  group by: substr(i_item_desc, CAST(1 AS BIGINT), CAST(30 AS BIGINT)), i_item_sk, d_date
|  |  |  mem-estimate=17.00MB mem-reservation=17.00MB spill-buffer=1.00MB thread-reservation=0
|  |  |  tuple-ids=5 row-size=50B cardinality=2.35M cost=9418164
|  |  |  in pipelines: 03(GETNEXT)
|  |  |
|  |  07:HASH JOIN [INNER JOIN, BROADCAST]
|  |  |  hash-table-id=02
|  |  |  hash predicates: ss_item_sk = i_item_sk
|  |  |  fk/pk conjuncts: ss_item_sk = i_item_sk
|  |  |  mem-estimate=0B mem-reservation=0B spill-buffer=256.00KB thread-reservation=0
|  |  |  tuple-ids=2,3,4 row-size=162B cardinality=2.35M cost=2354541
|  |  |  in pipelines: 03(GETNEXT), 05(OPEN)
|  |  |
|  |  |--F34:PLAN FRAGMENT [RANDOM] hosts=3 instances=3
|  |  |  |  Per-Instance Resources: mem-estimate=16.44MB mem-reservation=14.25MB thread-reservation=1
|  |  |  |  max-parallelism=3 segment-costs=[24564]
|  |  |  JOIN BUILD
|  |  |  |  join-table-id=02 plan-id=03 cohort-id=03
|  |  |  |  build expressions: i_item_sk
|  |  |  |  runtime filters: RF013[min_max] <- i_item_sk
|  |  |  |  mem-estimate=14.25MB mem-reservation=14.25MB spill-buffer=256.00KB thread-reservation=0 cost=18000
|  |  |  |
|  |  |  62:EXCHANGE [BROADCAST]
|  |  |  |  mem-estimate=2.19MB mem-reservation=0B thread-reservation=0
|  |  |  |  tuple-ids=4 row-size=120B cardinality=18.00K cost=6564
|  |  |  |  in pipelines: 05(GETNEXT)
|  |  |  |
|  |  |  F12:PLAN FRAGMENT [RANDOM] hosts=1 instances=1
|  |  |  Per-Instance Resources: mem-estimate=16.49MB mem-reservation=2.00MB thread-reservation=1
|  |  |  max-parallelism=1 segment-costs=[54306]
|  |  |  05:SCAN HDFS [tpcds_partitioned_parquet_snap.item, RANDOM]
|  |  |     HDFS partitions=1/1 files=1 size=1.73MB
|  |  |     stored statistics:
|  |  |       table: rows=18.00K size=1.73MB
|  |  |       columns: all
|  |  |     extrapolated-rows=disabled max-scan-range-rows=18.00K
|  |  |     mem-estimate=16.00MB mem-reservation=2.00MB thread-reservation=0
|  |  |     tuple-ids=4 row-size=120B cardinality=18.00K cost=52118
|  |  |     in pipelines: 05(GETNEXT)
|  |  |
|  |  06:HASH JOIN [INNER JOIN, BROADCAST]
|  |  |  hash-table-id=03
|  |  |  hash predicates: ss_sold_date_sk = d_date_sk
|  |  |  fk/pk conjuncts: ss_sold_date_sk = d_date_sk
|  |  |  mem-estimate=0B mem-reservation=0B spill-buffer=64.00KB thread-reservation=0
|  |  |  tuple-ids=2,3 row-size=42B cardinality=2.35M cost=2354541
|  |  |  in pipelines: 03(GETNEXT), 04(OPEN)
|  |  |
|  |  |--F35:PLAN FRAGMENT [RANDOM] hosts=3 instances=3
|  |  |  |  Per-Instance Resources: mem-estimate=6.89MB mem-reservation=6.81MB thread-reservation=1 runtime-filters-memory=1.00MB
|  |  |  |  max-parallelism=3 segment-costs=[1641]
|  |  |  JOIN BUILD
|  |  |  |  join-table-id=03 plan-id=04 cohort-id=03
|  |  |  |  build expressions: d_date_sk
|  |  |  |  runtime filters: RF014[bloom] <- d_date_sk
|  |  |  |  mem-estimate=5.81MB mem-reservation=5.81MB spill-buffer=64.00KB thread-reservation=0 cost=1491
|  |  |  |
|  |  |  61:EXCHANGE [BROADCAST]
|  |  |  |  mem-estimate=77.68KB mem-reservation=0B thread-reservation=0
|  |  |  |  tuple-ids=3 row-size=30B cardinality=1.49K cost=150
|  |  |  |  in pipelines: 04(GETNEXT)
|  |  |  |
|  |  |  F11:PLAN FRAGMENT [RANDOM] hosts=1 instances=1
|  |  |  Per-Instance Resources: mem-estimate=16.13MB mem-reservation=2.00MB thread-reservation=1
|  |  |  max-parallelism=1 segment-costs=[125240]
|  |  |  04:SCAN HDFS [tpcds_partitioned_parquet_snap.date_dim, RANDOM]
|  |  |     HDFS partitions=1/1 files=1 size=2.15MB
|  |  |     predicates: d_year IN (CAST(2000 AS INT), CAST(2001 AS INT), CAST(2002 AS INT), CAST(2003 AS INT))
|  |  |     stored statistics:
|  |  |       table: rows=73.05K size=2.15MB
|  |  |       columns: all
|  |  |     extrapolated-rows=disabled max-scan-range-rows=73.05K
|  |  |     parquet statistics predicates: d_year IN (CAST(2000 AS INT), CAST(2001 AS INT), CAST(2002 AS INT), CAST(2003 AS INT))
|  |  |     parquet dictionary predicates: d_year IN (CAST(2000 AS INT), CAST(2001 AS INT), CAST(2002 AS INT), CAST(2003 AS INT))
|  |  |     mem-estimate=16.00MB mem-reservation=2.00MB thread-reservation=0
|  |  |     tuple-ids=3 row-size=30B cardinality=1.49K cost=125190
|  |  |     in pipelines: 04(GETNEXT)
|  |  |
|  |  03:SCAN HDFS [tpcds_partitioned_parquet_snap.store_sales, RANDOM]
|  |     HDFS partitions=1824/1824 files=1824 size=199.36MB
|  |     runtime filters: RF013[min_max] -> ss_item_sk, RF014[bloom] -> ss_sold_date_sk
|  |     stored statistics:
|  |       table: rows=2.88M size=199.36MB
|  |       partitions: 1824/1824 rows=2.88M
|  |       columns: all
|  |     extrapolated-rows=disabled max-scan-range-rows=130.09K est-scan-range=1491(filtered from 1824)
|  |     mem-estimate=16.00MB mem-reservation=512.00KB thread-reservation=0
|  |     tuple-ids=2 row-size=12B cardinality=2.35M(filtered from 2.88M) cost=74577592
|  |     in pipelines: 03(GETNEXT)
|  |
|  21:HASH JOIN [INNER JOIN, BROADCAST]
|  |  hash-table-id=04
|  |  hash predicates: cs_sold_date_sk = d_date_sk
|  |  fk/pk conjuncts: cs_sold_date_sk = d_date_sk
|  |  mem-estimate=0B mem-reservation=0B spill-buffer=64.00KB thread-reservation=0
|  |  tuple-ids=0,1 row-size=36B cardinality=85.03K cost=85029
|  |  in pipelines: 01(GETNEXT), 02(OPEN)
|  |
|  |--F36:PLAN FRAGMENT [RANDOM] hosts=3 instances=3
|  |  |  Per-Instance Resources: mem-estimate=4.89MB mem-reservation=4.88MB thread-reservation=1 runtime-filters-memory=1.00MB
|  |  |  max-parallelism=3 segment-costs=[114]
|  |  JOIN BUILD
|  |  |  join-table-id=04 plan-id=05 cohort-id=02
|  |  |  build expressions: d_date_sk
|  |  |  runtime filters: RF010[bloom] <- d_date_sk
|  |  |  mem-estimate=3.88MB mem-reservation=3.88MB spill-buffer=64.00KB thread-reservation=0 cost=108
|  |  |
|  |  60:EXCHANGE [BROADCAST]
|  |  |  mem-estimate=16.00KB mem-reservation=0B thread-reservation=0
|  |  |  tuple-ids=1 row-size=12B cardinality=108 cost=6
|  |  |  in pipelines: 02(GETNEXT)
|  |  |
|  |  F09:PLAN FRAGMENT [RANDOM] hosts=1 instances=1
|  |  Per-Instance Resources: mem-estimate=16.06MB mem-reservation=512.00KB thread-reservation=1
|  |  max-parallelism=1 segment-costs=[196957]
|  |  02:SCAN HDFS [tpcds_partitioned_parquet_snap.date_dim, RANDOM]
|  |     HDFS partitions=1/1 files=1 size=2.15MB
|  |     predicates: d_year = CAST(2000 AS INT), d_moy = CAST(2 AS INT)
|  |     stored statistics:
|  |       table: rows=73.05K size=2.15MB
|  |       columns: all
|  |     extrapolated-rows=disabled max-scan-range-rows=73.05K
|  |     parquet statistics predicates: d_year = CAST(2000 AS INT), d_moy = CAST(2 AS INT)
|  |     parquet dictionary predicates: d_year = CAST(2000 AS INT), d_moy = CAST(2 AS INT)
|  |     mem-estimate=16.00MB mem-reservation=512.00KB thread-reservation=0
|  |     tuple-ids=1 row-size=12B cardinality=108 cost=196955
|  |     in pipelines: 02(GETNEXT)
|  |
|  01:SCAN HDFS [tpcds_partitioned_parquet_snap.catalog_sales, RANDOM]
|     HDFS partitions=1831/1831 files=1831 size=151.13MB
|     runtime filters: RF009[min_max] -> cs_item_sk, RF010[bloom] -> cs_sold_date_sk
|     stored statistics:
|       table: rows=1.44M size=151.13MB
|       partitions: 1831/1831 rows=1.44M
|       columns: all
|     extrapolated-rows=disabled max-scan-range-rows=7.18K est-scan-range=109(filtered from 1831)
|     mem-estimate=16.00MB mem-reservation=128.00KB thread-reservation=0
|     tuple-ids=0 row-size=24B cardinality=85.03K(filtered from 1.44M) cost=5451993
|     in pipelines: 01(GETNEXT)
|
20:NESTED LOOP JOIN [INNER JOIN, BROADCAST]
|  join table id: 05
|  predicates: sum(ss_quantity * ss_sales_price) > CAST(0.500000 AS DECIMAL(10,6)) * max(csales)
|  mem-estimate=0B mem-reservation=0B thread-reservation=0
|  tuple-ids=10,17 row-size=36B cardinality=100.00K cost=0
|  in pipelines: 52(GETNEXT), 58(OPEN)
|
|--F37:PLAN FRAGMENT [RANDOM] hosts=3 instances=3
|  |  Per-Instance Resources: mem-estimate=16.02KB mem-reservation=0B thread-reservation=1
|  |  max-parallelism=3 segment-costs=[3] cpu-comparison-result=9 [max(3 (self) vs 9 (sum children))]
|  JOIN BUILD
|  |  join-table-id=05 plan-id=06 cohort-id=01
|  |  mem-estimate=16B mem-reservation=0B thread-reservation=0 cost=0
|  |
|  59:EXCHANGE [BROADCAST]
|  |  mem-estimate=16.00KB mem-reservation=0B thread-reservation=0
|  |  tuple-ids=17 row-size=16B cardinality=1 cost=3
|  |  in pipelines: 58(GETNEXT)
|  |
|  F07:PLAN FRAGMENT [UNPARTITIONED] hosts=1 instances=1
|  Per-Instance Resources: mem-estimate=96.00KB mem-reservation=0B thread-reservation=1
|  max-parallelism=2 segment-costs=[2, 1] cpu-comparison-result=9 [max(2 (self) vs 9 (sum children))]
|  58:AGGREGATE [FINALIZE]
|  |  output: max:merge(csales)
|  |  mem-estimate=16.00KB mem-reservation=0B spill-buffer=2.00MB thread-reservation=0
|  |  tuple-ids=17 row-size=16B cardinality=1 cost=1
|  |  in pipelines: 58(GETNEXT), 19(OPEN)
|  |
|  57:EXCHANGE [UNPARTITIONED]
|  |  mem-estimate=16.00KB mem-reservation=0B thread-reservation=0
|  |  tuple-ids=17 row-size=16B cardinality=1 cost=1
|  |  in pipelines: 19(GETNEXT)
|  |
|  F06:PLAN FRAGMENT [HASH(c_customer_sk)] hosts=3 instances=6 (adjusted from 48)
|  Per-Instance Resources: mem-estimate=10.85MB mem-reservation=1.94MB thread-reservation=1
|  max-parallelism=6 segment-costs=[202344, 100000, 1] cpu-comparison-result=9 [max(6 (self) vs 9 (sum children))]
|  19:AGGREGATE
|  |  output: max(sum(ss_quantity * ss_sales_price))
|  |  mem-estimate=16.00KB mem-reservation=0B spill-buffer=2.00MB thread-reservation=0
|  |  tuple-ids=17 row-size=16B cardinality=1 cost=100000
|  |  in pipelines: 19(GETNEXT), 56(OPEN)
|  |
|  56:AGGREGATE [FINALIZE]
|  |  output: sum:merge(ss_quantity * ss_sales_price)
|  |  group by: c_customer_sk
|  |  mem-estimate=10.00MB mem-reservation=1.94MB spill-buffer=64.00KB thread-reservation=0
|  |  tuple-ids=15 row-size=20B cardinality=100.00K cost=200000
|  |  in pipelines: 56(GETNEXT), 13(OPEN)
|  |
|  55:EXCHANGE [HASH(c_customer_sk)]
|  |  mem-estimate=867.04KB mem-reservation=0B thread-reservation=0
|  |  tuple-ids=15 row-size=20B cardinality=100.00K cost=2344
|  |  in pipelines: 13(GETNEXT)
|  |
|  F03:PLAN FRAGMENT [RANDOM] hosts=3 instances=9 (adjusted from 48)
|  Per-Host Shared Resources: mem-estimate=2.00MB mem-reservation=2.00MB thread-reservation=0 runtime-filters-memory=2.00MB
|  Per-Instance Resources: mem-estimate=26.56MB mem-reservation=6.00MB thread-reservation=1
|  max-parallelism=9 segment-costs=[84004956, 2344] cpu-comparison-result=9 [max(9 (self) vs 8 (sum children))]
|  18:AGGREGATE [STREAMING]
|  |  output: sum(CAST(ss_quantity AS DECIMAL(10,0)) * ss_sales_price)
|  |  group by: c_customer_sk
|  |  mem-estimate=10.00MB mem-reservation=5.00MB spill-buffer=256.00KB thread-reservation=0
|  |  tuple-ids=15 row-size=20B cardinality=100.00K cost=4709082
|  |  in pipelines: 13(GETNEXT)
|  |
|  17:HASH JOIN [INNER JOIN, BROADCAST]
|  |  hash-table-id=06
|  |  hash predicates: ss_customer_sk = c_customer_sk
|  |  fk/pk conjuncts: ss_customer_sk = c_customer_sk
|  |  mem-estimate=0B mem-reservation=0B spill-buffer=256.00KB thread-reservation=0
|  |  tuple-ids=12,14,13 row-size=28B cardinality=2.35M cost=2354541
|  |  in pipelines: 13(GETNEXT), 14(OPEN)
|  |
|  |--F38:PLAN FRAGMENT [RANDOM] hosts=3 instances=3
|  |  |  Per-Instance Resources: mem-estimate=15.64MB mem-reservation=15.25MB thread-reservation=1 runtime-filters-memory=1.00MB
|  |  |  max-parallelism=3 segment-costs=[102346]
|  |  JOIN BUILD
|  |  |  join-table-id=06 plan-id=07 cohort-id=04
|  |  |  build expressions: c_customer_sk
|  |  |  runtime filters: RF004[bloom] <- c_customer_sk, RF005[min_max] <- c_customer_sk
|  |  |  mem-estimate=14.25MB mem-reservation=14.25MB spill-buffer=256.00KB thread-reservation=0 cost=100000
|  |  |
|  |  54:EXCHANGE [BROADCAST]
|  |  |  mem-estimate=398.62KB mem-reservation=0B thread-reservation=0
|  |  |  tuple-ids=13 row-size=4B cardinality=100.00K cost=2346
|  |  |  in pipelines: 14(GETNEXT)
|  |  |
|  |  F05:PLAN FRAGMENT [RANDOM] hosts=1 instances=1
|  |  Per-Instance Resources: mem-estimate=16.03MB mem-reservation=512.00KB thread-reservation=1
|  |  max-parallelism=1 segment-costs=[51173]
|  |  14:SCAN HDFS [tpcds_partitioned_parquet_snap.customer, RANDOM]
|  |     HDFS partitions=1/1 files=1 size=5.49MB
|  |     stored statistics:
|  |       table: rows=100.00K size=5.49MB
|  |       columns: all
|  |     extrapolated-rows=disabled max-scan-range-rows=100.00K
|  |     mem-estimate=16.00MB mem-reservation=512.00KB thread-reservation=0
|  |     tuple-ids=13 row-size=4B cardinality=100.00K cost=50391
|  |     in pipelines: 14(GETNEXT)
|  |
|  16:HASH JOIN [INNER JOIN, BROADCAST]
|  |  hash-table-id=07
|  |  hash predicates: ss_sold_date_sk = d_date_sk
|  |  fk/pk conjuncts: ss_sold_date_sk = d_date_sk
|  |  mem-estimate=0B mem-reservation=0B spill-buffer=64.00KB thread-reservation=0
|  |  tuple-ids=12,14 row-size=24B cardinality=2.35M cost=2354541
|  |  in pipelines: 13(GETNEXT), 15(OPEN)
|  |
|  |--F39:PLAN FRAGMENT [RANDOM] hosts=3 instances=3
|  |  |  Per-Instance Resources: mem-estimate=6.84MB mem-reservation=6.81MB thread-reservation=1 runtime-filters-memory=1.00MB
|  |  |  max-parallelism=3 segment-costs=[1545]
|  |  JOIN BUILD
|  |  |  join-table-id=07 plan-id=08 cohort-id=04
|  |  |  build expressions: d_date_sk
|  |  |  runtime filters: RF006[bloom] <- d_date_sk
|  |  |  mem-estimate=5.81MB mem-reservation=5.81MB spill-buffer=64.00KB thread-reservation=0 cost=1491
|  |  |
|  |  53:EXCHANGE [BROADCAST]
|  |  |  mem-estimate=23.65KB mem-reservation=0B thread-reservation=0
|  |  |  tuple-ids=14 row-size=8B cardinality=1.49K cost=54
|  |  |  in pipelines: 15(GETNEXT)
|  |  |
|  |  F04:PLAN FRAGMENT [RANDOM] hosts=1 instances=1
|  |  Per-Instance Resources: mem-estimate=16.05MB mem-reservation=512.00KB thread-reservation=1
|  |  max-parallelism=1 segment-costs=[123638]
|  |  15:SCAN HDFS [tpcds_partitioned_parquet_snap.date_dim, RANDOM]
|  |     HDFS partitions=1/1 files=1 size=2.15MB
|  |     predicates: d_year IN (CAST(2000 AS INT), CAST(2001 AS INT), CAST(2002 AS INT), CAST(2003 AS INT))
|  |     stored statistics:
|  |       table: rows=73.05K size=2.15MB
|  |       columns: all
|  |     extrapolated-rows=disabled max-scan-range-rows=73.05K
|  |     parquet statistics predicates: d_year IN (CAST(2000 AS INT), CAST(2001 AS INT), CAST(2002 AS INT), CAST(2003 AS INT))
|  |     parquet dictionary predicates: d_year IN (CAST(2000 AS INT), CAST(2001 AS INT), CAST(2002 AS INT), CAST(2003 AS INT))
|  |     mem-estimate=16.00MB mem-reservation=512.00KB thread-reservation=0
|  |     tuple-ids=14 row-size=8B cardinality=1.49K cost=123620
|  |     in pipelines: 15(GETNEXT)
|  |
|  13:SCAN HDFS [tpcds_partitioned_parquet_snap.store_sales, RANDOM]
|     HDFS partitions=1824/1824 files=1824 size=199.36MB
|     runtime filters: RF005[min_max] -> ss_customer_sk, RF006[bloom] -> ss_sold_date_sk, RF004[bloom] -> ss_customer_sk
|     stored statistics:
|       table: rows=2.88M size=199.36MB
|       partitions: 1824/1824 rows=2.88M
|       columns: all
|     extrapolated-rows=disabled max-scan-range-rows=130.09K est-scan-range=1491(filtered from 1824)
|     mem-estimate=16.00MB mem-reservation=1.00MB thread-reservation=0
|     tuple-ids=12 row-size=16B cardinality=2.35M(filtered from 2.88M) cost=74586792
|     in pipelines: 13(GETNEXT)
|
52:AGGREGATE [FINALIZE]
|  output: sum:merge(ss_quantity * ss_sales_price)
|  group by: c_customer_sk
|  mem-estimate=10.00MB mem-reservation=1.94MB spill-buffer=64.00KB thread-reservation=0
|  tuple-ids=10 row-size=20B cardinality=100.00K cost=200000
|  in pipelines: 52(GETNEXT), 09(OPEN)
|
51:EXCHANGE [HASH(c_customer_sk)]
|  mem-estimate=939.04KB mem-reservation=0B thread-reservation=0
|  tuple-ids=10 row-size=20B cardinality=100.00K cost=2344
|  in pipelines: 09(GETNEXT)
|
F00:PLAN FRAGMENT [RANDOM] hosts=3 instances=12 (adjusted from 48)
Per-Host Shared Resources: mem-estimate=2.00MB mem-reservation=2.00MB thread-reservation=0 runtime-filters-memory=2.00MB
Per-Instance Resources: mem-estimate=27.12MB mem-reservation=6.00MB thread-reservation=1
max-parallelism=12 segment-costs=[99874964, 2344] cpu-comparison-result=12 [max(12 (self) vs 4 (sum children))]
12:AGGREGATE [STREAMING]
|  output: sum(CAST(ss_quantity AS DECIMAL(10,0)) * ss_sales_price)
|  group by: c_customer_sk
|  mem-estimate=10.00MB mem-reservation=5.00MB spill-buffer=256.00KB thread-reservation=0
|  tuple-ids=10 row-size=20B cardinality=100.00K cost=5760808
|  in pipelines: 09(GETNEXT)
|
11:HASH JOIN [INNER JOIN, BROADCAST]
|  hash-table-id=16
|  hash predicates: ss_customer_sk = c_customer_sk
|  fk/pk conjuncts: ss_customer_sk = c_customer_sk
|  mem-estimate=0B mem-reservation=0B spill-buffer=256.00KB thread-reservation=0
|  tuple-ids=8,9 row-size=16B cardinality=2.88M cost=2880404
|  in pipelines: 09(GETNEXT), 10(OPEN)
|
|--F48:PLAN FRAGMENT [RANDOM] hosts=3 instances=3
|  |  Per-Instance Resources: mem-estimate=20.39MB mem-reservation=20.00MB thread-reservation=1 runtime-filters-memory=1.00MB
|  |  max-parallelism=3 segment-costs=[102346]
|  JOIN BUILD
|  |  join-table-id=16 plan-id=17 cohort-id=01
|  |  build expressions: c_customer_sk
|  |  runtime filters: RF002[bloom] <- c_customer_sk, RF003[min_max] <- c_customer_sk
|  |  mem-estimate=19.00MB mem-reservation=19.00MB spill-buffer=256.00KB thread-reservation=0 cost=100000
|  |
|  50:EXCHANGE [BROADCAST]
|  |  mem-estimate=398.62KB mem-reservation=0B thread-reservation=0
|  |  tuple-ids=9 row-size=4B cardinality=100.00K cost=2346
|  |  in pipelines: 10(GETNEXT)
|  |
|  F01:PLAN FRAGMENT [RANDOM] hosts=1 instances=1
|  Per-Host Shared Resources: mem-estimate=1.00MB mem-reservation=1.00MB thread-reservation=0 runtime-filters-memory=1.00MB
|  Per-Instance Resources: mem-estimate=16.03MB mem-reservation=512.00KB thread-reservation=1
|  max-parallelism=1 segment-costs=[51173]
|  10:SCAN HDFS [tpcds_partitioned_parquet_snap.customer, RANDOM]
|     HDFS partitions=1/1 files=1 size=5.49MB
|     runtime filters: RF001[min_max] -> tpcds_partitioned_parquet_snap.customer.c_customer_sk, RF000[bloom] -> tpcds_partitioned_parquet_snap.customer.c_customer_sk
|     stored statistics:
|       table: rows=100.00K size=5.49MB
|       columns: all
|     extrapolated-rows=disabled max-scan-range-rows=100.00K
|     mem-estimate=16.00MB mem-reservation=512.00KB thread-reservation=0
|     tuple-ids=9 row-size=4B cardinality=100.00K cost=50391
|     in pipelines: 10(GETNEXT)
|
09:SCAN HDFS [tpcds_partitioned_parquet_snap.store_sales, RANDOM]
   HDFS partitions=1824/1824 files=1824 size=199.36MB
   runtime filters: RF001[min_max] -> tpcds_partitioned_parquet_snap.store_sales.ss_customer_sk, RF003[min_max] -> ss_customer_sk, RF000[bloom] -> tpcds_partitioned_parquet_snap.store_sales.ss_customer_sk, RF002[bloom] -> ss_customer_sk
   stored statistics:
     table: rows=2.88M size=199.36MB
     partitions: 1824/1824 rows=2.88M
     columns: all
   extrapolated-rows=disabled max-scan-range-rows=130.09K
   mem-estimate=16.00MB mem-reservation=1.00MB thread-reservation=0
   tuple-ids=8 row-size=12B cardinality=2.88M cost=91233752
   in pipelines: 09(GETNEXT)
====
