# TPCDS-Q35a variant of q35 without multiple subqueries in OR predicate
SELECT ca_state,
       cd_gender,
       cd_marital_status,
       cd_dep_count,
       count(*) cnt1,
       min(cd_dep_count),
       max(cd_dep_count),
       avg(cd_dep_count),
       cd_dep_employed_count,
       count(*) cnt2,
       min(cd_dep_employed_count),
       max(cd_dep_employed_count),
       avg(cd_dep_employed_count),
       cd_dep_college_count,
       count(*) cnt3,
       min(cd_dep_college_count),
       max(cd_dep_college_count),
       avg(cd_dep_college_count)
FROM customer c,
     customer_address ca,
     customer_demographics
 WHERE
  c.c_current_addr_sk = ca.ca_address_sk and
  cd_demo_sk = c.c_current_cdemo_sk and
  EXISTS (SELECT *
          from store_sales,date_dim
          WHERE c.c_customer_sk = ss_customer_sk and
                ss_sold_date_sk = d_date_sk and
                d_year = 2002 and
                d_qoy < 4) and
   EXISTS (SELECT * from
    (SELECT ws_bill_customer_sk customsk
            from web_sales,date_dim
            WHERE
                  ws_sold_date_sk = d_date_sk and
                  d_year = 2002 and
                  d_qoy < 4
       UNION ALL
          SELECT cs_ship_customer_sk customsk
            FROM catalog_sales,date_dim
            WHERE
                  cs_sold_date_sk = d_date_sk and
                  d_year = 2002 and
                  d_qoy < 4)x
           WHERE x.customsk = c.c_customer_sk)
 GROUP BY ca_state,
          cd_gender,
          cd_marital_status,
          cd_dep_count,
          cd_dep_employed_count,
          cd_dep_college_count
 ORDER BY ca_state,
          cd_gender,
          cd_marital_status,
          cd_dep_count,
          cd_dep_employed_count,
          cd_dep_college_count
LIMIT 100
---- PLAN
Max Per-Host Resource Reservation: Memory=67.00MB Threads=1
Per-Host Resource Estimates: Memory=142MB
F00:PLAN FRAGMENT [UNPARTITIONED] hosts=1 instances=1
|  Per-Instance Resources: mem-estimate=141.88MB mem-reservation=67.00MB thread-reservation=1 runtime-filters-memory=7.00MB
|  max-parallelism=1 segment-costs=[21471114, 600, 1800]
PLAN-ROOT SINK
|  output exprs: ca_state, cd_gender, cd_marital_status, cd_dep_count, count(*), min(cd_dep_count), max(cd_dep_count), avg(cd_dep_count), cd_dep_employed_count, count(*), min(cd_dep_employed_count), max(cd_dep_employed_count), avg(cd_dep_employed_count), cd_dep_college_count, count(*), min(cd_dep_college_count), max(cd_dep_college_count), avg(cd_dep_college_count)
|  mem-estimate=4.00MB mem-reservation=4.00MB spill-buffer=2.00MB thread-reservation=0 cost=1800
|
18:TOP-N [LIMIT=100]
|  order by: ca_state ASC, cd_gender ASC, cd_marital_status ASC, cd_dep_count ASC, cd_dep_employed_count ASC, cd_dep_college_count ASC
|  mem-estimate=10.55KB mem-reservation=0B thread-reservation=0
|  tuple-ids=15 row-size=108B cardinality=100 cost=600
|  in pipelines: 18(GETNEXT), 17(OPEN)
|
17:AGGREGATE [FINALIZE]
|  output: count(*), min(cd_dep_count), max(cd_dep_count), avg(CAST(cd_dep_count AS BIGINT)), min(cd_dep_employed_count), max(cd_dep_employed_count), avg(CAST(cd_dep_employed_count AS BIGINT)), min(cd_dep_college_count), max(cd_dep_college_count), avg(CAST(cd_dep_college_count AS BIGINT))
|  group by: ca_state, cd_gender, cd_marital_status, cd_dep_count, cd_dep_employed_count, cd_dep_college_count
|  mem-estimate=17.00MB mem-reservation=17.00MB spill-buffer=1.00MB thread-reservation=0
|  tuple-ids=14 row-size=108B cardinality=90.63K cost=1450112
|  in pipelines: 17(GETNEXT), 02(OPEN)
|
16:HASH JOIN [LEFT SEMI JOIN]
|  hash predicates: c.c_customer_sk = customsk
|  runtime filters: RF000[bloom] <- customsk, RF001[min_max] <- customsk
|  mem-estimate=4.75MB mem-reservation=4.75MB spill-buffer=256.00KB thread-reservation=0
|  tuple-ids=2,0,1 row-size=72B cardinality=90.63K cost=230074
|  in pipelines: 02(GETNEXT), 07(OPEN), 10(OPEN)
|
|--06:UNION
|  |  mem-estimate=0B mem-reservation=0B thread-reservation=0
|  |  tuple-ids=10 row-size=4B cardinality=139.44K cost=278884
|  |  in pipelines: 07(GETNEXT), 10(GETNEXT)
|  |
|  |--12:HASH JOIN [INNER JOIN]
|  |  |  hash predicates: cs_sold_date_sk = d_date_sk
|  |  |  fk/pk conjuncts: cs_sold_date_sk = d_date_sk
|  |  |  runtime filters: RF012[bloom] <- d_date_sk
|  |  |  mem-estimate=1.94MB mem-reservation=1.94MB spill-buffer=64.00KB thread-reservation=0
|  |  |  tuple-ids=8,9 row-size=20B cardinality=92.90K cost=93020
|  |  |  in pipelines: 10(GETNEXT), 11(OPEN)
|  |  |
|  |  |--11:SCAN HDFS [tpcds_partitioned_parquet_snap.date_dim]
|  |  |     HDFS partitions=1/1 files=1 size=2.15MB
|  |  |     predicates: d_year = CAST(2002 AS INT), d_qoy < CAST(4 AS INT)
|  |  |     stored statistics:
|  |  |       table: rows=73.05K size=2.15MB
|  |  |       columns: all
|  |  |     extrapolated-rows=disabled max-scan-range-rows=73.05K
|  |  |     parquet statistics predicates: d_year = CAST(2002 AS INT), d_qoy < CAST(4 AS INT)
|  |  |     parquet dictionary predicates: d_year = CAST(2002 AS INT), d_qoy < CAST(4 AS INT)
|  |  |     mem-estimate=16.00MB mem-reservation=512.00KB thread-reservation=0
|  |  |     tuple-ids=9 row-size=12B cardinality=118 cost=196955
|  |  |     in pipelines: 11(GETNEXT)
|  |  |
|  |  10:SCAN HDFS [tpcds_partitioned_parquet_snap.catalog_sales]
|  |     HDFS partitions=1831/1831 files=1831 size=151.13MB
|  |     runtime filters: RF012[bloom] -> cs_sold_date_sk
|  |     stored statistics:
|  |       table: rows=1.44M size=151.13MB
|  |       partitions: 1831/1831 rows=1.44M
|  |       columns: all
|  |     extrapolated-rows=disabled max-scan-range-rows=7.18K est-scan-range=118(filtered from 1831)
|  |     mem-estimate=16.00MB mem-reservation=128.00KB thread-reservation=0
|  |     tuple-ids=8 row-size=8B cardinality=92.90K(filtered from 1.44M) cost=5900726
|  |     in pipelines: 10(GETNEXT)
|  |
|  09:HASH JOIN [INNER JOIN]
|  |  hash predicates: ws_sold_date_sk = d_date_sk
|  |  fk/pk conjuncts: ws_sold_date_sk = d_date_sk
|  |  runtime filters: RF010[bloom] <- d_date_sk
|  |  mem-estimate=1.94MB mem-reservation=1.94MB spill-buffer=64.00KB thread-reservation=0
|  |  tuple-ids=6,7 row-size=20B cardinality=46.54K cost=46658
|  |  in pipelines: 07(GETNEXT), 08(OPEN)
|  |
|  |--08:SCAN HDFS [tpcds_partitioned_parquet_snap.date_dim]
|  |     HDFS partitions=1/1 files=1 size=2.15MB
|  |     predicates: d_year = CAST(2002 AS INT), d_qoy < CAST(4 AS INT)
|  |     stored statistics:
|  |       table: rows=73.05K size=2.15MB
|  |       columns: all
|  |     extrapolated-rows=disabled max-scan-range-rows=73.05K
|  |     parquet statistics predicates: d_year = CAST(2002 AS INT), d_qoy < CAST(4 AS INT)
|  |     parquet dictionary predicates: d_year = CAST(2002 AS INT), d_qoy < CAST(4 AS INT)
|  |     mem-estimate=16.00MB mem-reservation=512.00KB thread-reservation=0
|  |     tuple-ids=7 row-size=12B cardinality=118 cost=196955
|  |     in pipelines: 08(GETNEXT)
|  |
|  07:SCAN HDFS [tpcds_partitioned_parquet_snap.web_sales]
|     HDFS partitions=1824/1824 files=1824 size=84.20MB
|     runtime filters: RF010[bloom] -> ws_sold_date_sk
|     stored statistics:
|       table: rows=719.38K size=84.20MB
|       partitions: 1824/1824 rows=719.38K
|       columns: all
|     extrapolated-rows=disabled max-scan-range-rows=1.12K est-scan-range=119(filtered from 1824)
|     mem-estimate=16.00MB mem-reservation=128.00KB thread-reservation=0
|     tuple-ids=6 row-size=8B cardinality=46.54K(filtered from 719.38K) cost=5950364
|     in pipelines: 07(GETNEXT)
|
15:HASH JOIN [LEFT SEMI JOIN]
|  hash predicates: c.c_customer_sk = ss_customer_sk
|  runtime filters: RF002[bloom] <- ss_customer_sk, RF003[min_max] <- ss_customer_sk
|  mem-estimate=17.00MB mem-reservation=17.00MB spill-buffer=1.00MB thread-reservation=0
|  tuple-ids=2,0,1 row-size=72B cardinality=90.63K cost=286342
|  in pipelines: 02(GETNEXT), 03(OPEN)
|
|--05:HASH JOIN [INNER JOIN]
|  |  hash predicates: ss_sold_date_sk = d_date_sk
|  |  fk/pk conjuncts: ss_sold_date_sk = d_date_sk
|  |  runtime filters: RF008[bloom] <- d_date_sk
|  |  mem-estimate=1.94MB mem-reservation=1.94MB spill-buffer=64.00KB thread-reservation=0
|  |  tuple-ids=3,4 row-size=20B cardinality=186.34K cost=186460
|  |  in pipelines: 03(GETNEXT), 04(OPEN)
|  |
|  |--04:SCAN HDFS [tpcds_partitioned_parquet_snap.date_dim]
|  |     HDFS partitions=1/1 files=1 size=2.15MB
|  |     predicates: d_year = CAST(2002 AS INT), d_qoy < CAST(4 AS INT)
|  |     stored statistics:
|  |       table: rows=73.05K size=2.15MB
|  |       columns: all
|  |     extrapolated-rows=disabled max-scan-range-rows=73.05K
|  |     parquet statistics predicates: d_year = CAST(2002 AS INT), d_qoy < CAST(4 AS INT)
|  |     parquet dictionary predicates: d_year = CAST(2002 AS INT), d_qoy < CAST(4 AS INT)
|  |     mem-estimate=16.00MB mem-reservation=512.00KB thread-reservation=0
|  |     tuple-ids=4 row-size=12B cardinality=118 cost=196955
|  |     in pipelines: 04(GETNEXT)
|  |
|  03:SCAN HDFS [tpcds_partitioned_parquet_snap.store_sales]
|     HDFS partitions=1824/1824 files=1824 size=199.36MB
|     runtime filters: RF001[min_max] -> tpcds_partitioned_parquet_snap.store_sales.ss_customer_sk, RF008[bloom] -> ss_sold_date_sk, RF000[bloom] -> tpcds_partitioned_parquet_snap.store_sales.ss_customer_sk
|     stored statistics:
|       table: rows=2.88M size=199.36MB
|       partitions: 1824/1824 rows=2.88M
|       columns: all
|     extrapolated-rows=disabled max-scan-range-rows=130.09K est-scan-range=119(filtered from 1824)
|     mem-estimate=16.00MB mem-reservation=512.00KB thread-reservation=0
|     tuple-ids=3 row-size=8B cardinality=186.34K(filtered from 2.88M) cost=5951456
|     in pipelines: 03(GETNEXT)
|
14:HASH JOIN [INNER JOIN]
|  hash predicates: c.c_current_addr_sk = ca.ca_address_sk
|  fk/pk conjuncts: c.c_current_addr_sk = ca.ca_address_sk
|  runtime filters: RF004[bloom] <- ca.ca_address_sk, RF005[min_max] <- ca.ca_address_sk
|  mem-estimate=4.75MB mem-reservation=4.75MB spill-buffer=256.00KB thread-reservation=0
|  tuple-ids=2,0,1 row-size=72B cardinality=100.00K cost=150000
|  in pipelines: 02(GETNEXT), 01(OPEN)
|
|--01:SCAN HDFS [tpcds_partitioned_parquet_snap.customer_address ca]
|     HDFS partitions=1/1 files=1 size=1.16MB
|     stored statistics:
|       table: rows=50.00K size=1.16MB
|       columns: all
|     extrapolated-rows=disabled max-scan-range-rows=50.00K
|     mem-estimate=16.00MB mem-reservation=256.00KB thread-reservation=0
|     tuple-ids=1 row-size=18B cardinality=50.00K cost=50879
|     in pipelines: 01(GETNEXT)
|
13:HASH JOIN [INNER JOIN]
|  hash predicates: cd_demo_sk = c.c_current_cdemo_sk
|  fk/pk conjuncts: none
|  runtime filters: RF006[bloom] <- c.c_current_cdemo_sk, RF007[min_max] <- c.c_current_cdemo_sk
|  mem-estimate=8.50MB mem-reservation=8.50MB spill-buffer=512.00KB thread-reservation=0
|  tuple-ids=2,0 row-size=54B cardinality=100.00K cost=200000
|  in pipelines: 02(GETNEXT), 00(OPEN)
|
|--00:SCAN HDFS [tpcds_partitioned_parquet_snap.customer c]
|     HDFS partitions=1/1 files=1 size=5.49MB
|     runtime filters: RF003[min_max] -> c.c_customer_sk, RF001[min_max] -> c.c_customer_sk, RF005[min_max] -> c.c_current_addr_sk, RF002[bloom] -> c.c_customer_sk, RF000[bloom] -> c.c_customer_sk, RF004[bloom] -> c.c_current_addr_sk
|     stored statistics:
|       table: rows=100.00K size=5.49MB
|       columns: all
|     extrapolated-rows=disabled max-scan-range-rows=100.00K
|     mem-estimate=16.00MB mem-reservation=2.00MB thread-reservation=0
|     tuple-ids=0 row-size=12B cardinality=100.00K cost=51172
|     in pipelines: 00(GETNEXT)
|
02:SCAN HDFS [tpcds_partitioned_parquet_snap.customer_demographics]
   HDFS partitions=1/1 files=1 size=7.49MB
   runtime filters: RF007[min_max] -> cd_demo_sk, RF006[bloom] -> cd_demo_sk
   stored statistics:
     table: rows=1.92M size=7.49MB
     columns: all
   extrapolated-rows=disabled max-scan-range-rows=1.92M
   mem-estimate=16.00MB mem-reservation=8.00MB thread-reservation=0
   tuple-ids=2 row-size=42B cardinality=100.00K(filtered from 1.92M) cost=54102
   in pipelines: 02(GETNEXT)
---- DISTRIBUTEDPLAN
Max Per-Host Resource Reservation: Memory=76.25MB Threads=23
Per-Host Resource Estimates: Memory=271MB
F12:PLAN FRAGMENT [UNPARTITIONED] hosts=1 instances=1
|  Per-Instance Resources: mem-estimate=4.07MB mem-reservation=4.00MB thread-reservation=1
|  max-parallelism=1 segment-costs=[1811] cpu-comparison-result=20 [max(1 (self) vs 20 (sum children))]
PLAN-ROOT SINK
|  output exprs: ca_state, cd_gender, cd_marital_status, cd_dep_count, count(*), min(cd_dep_count), max(cd_dep_count), avg(cd_dep_count), cd_dep_employed_count, count(*), min(cd_dep_employed_count), max(cd_dep_employed_count), avg(cd_dep_employed_count), cd_dep_college_count, count(*), min(cd_dep_college_count), max(cd_dep_college_count), avg(cd_dep_college_count)
|  mem-estimate=4.00MB mem-reservation=4.00MB spill-buffer=2.00MB thread-reservation=0 cost=1800
|
29:MERGING-EXCHANGE [UNPARTITIONED]
|  order by: ca_state ASC, cd_gender ASC, cd_marital_status ASC, cd_dep_count ASC, cd_dep_employed_count ASC, cd_dep_college_count ASC
|  limit: 100
|  mem-estimate=69.14KB mem-reservation=0B thread-reservation=0
|  tuple-ids=15 row-size=108B cardinality=100 cost=11
|  in pipelines: 18(GETNEXT)
|
F11:PLAN FRAGMENT [HASH(ca_state,cd_gender,cd_marital_status,cd_dep_count,cd_dep_employed_count,cd_dep_college_count)] hosts=3 instances=6 (adjusted from 48)
Per-Instance Resources: mem-estimate=13.77MB mem-reservation=2.88MB thread-reservation=1
max-parallelism=6 segment-costs=[1460025, 600, 11] cpu-comparison-result=20 [max(6 (self) vs 20 (sum children))]
18:TOP-N [LIMIT=100]
|  order by: ca_state ASC, cd_gender ASC, cd_marital_status ASC, cd_dep_count ASC, cd_dep_employed_count ASC, cd_dep_college_count ASC
|  mem-estimate=10.55KB mem-reservation=0B thread-reservation=0
|  tuple-ids=15 row-size=108B cardinality=100 cost=600
|  in pipelines: 18(GETNEXT), 28(OPEN)
|
28:AGGREGATE [FINALIZE]
|  output: count:merge(*), min:merge(cd_dep_count), max:merge(cd_dep_count), avg:merge(cd_dep_count), min:merge(cd_dep_employed_count), max:merge(cd_dep_employed_count), avg:merge(cd_dep_employed_count), min:merge(cd_dep_college_count), max:merge(cd_dep_college_count), avg:merge(cd_dep_college_count)
|  group by: ca_state, cd_gender, cd_marital_status, cd_dep_count, cd_dep_employed_count, cd_dep_college_count
|  mem-estimate=10.00MB mem-reservation=2.88MB spill-buffer=128.00KB thread-reservation=0
|  tuple-ids=14 row-size=108B cardinality=90.63K cost=1450112
|  in pipelines: 28(GETNEXT), 03(OPEN)
|
27:EXCHANGE [HASH(ca_state,cd_gender,cd_marital_status,cd_dep_count,cd_dep_employed_count,cd_dep_college_count)]
|  mem-estimate=3.77MB mem-reservation=0B thread-reservation=0
|  tuple-ids=13 row-size=108B cardinality=90.63K cost=9913
|  in pipelines: 03(GETNEXT)
|
F05:PLAN FRAGMENT [HASH(c.c_customer_sk)] hosts=3 instances=6 (adjusted from 48)
Per-Instance Resources: mem-estimate=13.97MB mem-reservation=3.00MB thread-reservation=1
max-parallelism=6 segment-costs=[1732182, 9913] cpu-comparison-result=20 [max(12 (self) vs 20 (sum children))]
17:AGGREGATE [STREAMING]
|  output: count(*), min(cd_dep_count), max(cd_dep_count), avg(CAST(cd_dep_count AS BIGINT)), min(cd_dep_employed_count), max(cd_dep_employed_count), avg(CAST(cd_dep_employed_count AS BIGINT)), min(cd_dep_college_count), max(cd_dep_college_count), avg(CAST(cd_dep_college_count AS BIGINT))
|  group by: ca_state, cd_gender, cd_marital_status, cd_dep_count, cd_dep_employed_count, cd_dep_college_count
|  mem-estimate=10.00MB mem-reservation=3.00MB spill-buffer=128.00KB thread-reservation=0
|  tuple-ids=13 row-size=108B cardinality=90.63K cost=1450112
|  in pipelines: 03(GETNEXT)
|
16:HASH JOIN [LEFT SEMI JOIN, PARTITIONED]
|  hash-table-id=00
|  hash predicates: c.c_customer_sk = customsk
|  mem-estimate=0B mem-reservation=0B spill-buffer=64.00KB thread-reservation=0
|  tuple-ids=2,0,1 row-size=72B cardinality=90.63K cost=90632
|  in pipelines: 03(GETNEXT), 07(OPEN), 10(OPEN)
|
|--F13:PLAN FRAGMENT [HASH(c.c_customer_sk)] hosts=3 instances=6 (adjusted from 48)
|  |  Per-Instance Resources: mem-estimate=3.14MB mem-reservation=2.94MB thread-reservation=1 runtime-filters-memory=1.00MB
|  |  max-parallelism=6 segment-costs=[140532] cpu-comparison-result=9 [max(9 (self) vs 8 (sum children))]
|  JOIN BUILD
|  |  join-table-id=00 plan-id=01 cohort-id=01
|  |  build expressions: customsk
|  |  runtime filters: RF000[bloom] <- customsk, RF001[min_max] <- customsk
|  |  mem-estimate=1.94MB mem-reservation=1.94MB spill-buffer=64.00KB thread-reservation=0 cost=139442
|  |
|  26:EXCHANGE [HASH(customsk)]
|  |  mem-estimate=205.56KB mem-reservation=0B thread-reservation=0
|  |  tuple-ids=10 row-size=4B cardinality=139.44K cost=1090
|  |  in pipelines: 07(GETNEXT), 10(GETNEXT)
|  |
|  F10:PLAN FRAGMENT [RANDOM] hosts=3 instances=3 (adjusted from 48)
|  Per-Host Shared Resources: mem-estimate=2.00MB mem-reservation=2.00MB thread-reservation=0 runtime-filters-memory=2.00MB
|  Per-Instance Resources: mem-estimate=16.19MB mem-reservation=128.00KB thread-reservation=1
|  max-parallelism=3 segment-costs=[12270506]
|  06:UNION
|  |  mem-estimate=0B mem-reservation=0B thread-reservation=0
|  |  tuple-ids=10 row-size=4B cardinality=139.44K cost=278884
|  |  in pipelines: 07(GETNEXT), 10(GETNEXT)
|  |
|  |--12:HASH JOIN [INNER JOIN, BROADCAST]
|  |  |  hash-table-id=02
|  |  |  hash predicates: cs_sold_date_sk = d_date_sk
|  |  |  fk/pk conjuncts: cs_sold_date_sk = d_date_sk
|  |  |  mem-estimate=0B mem-reservation=0B spill-buffer=64.00KB thread-reservation=0
|  |  |  tuple-ids=8,9 row-size=20B cardinality=92.90K cost=92902
|  |  |  in pipelines: 10(GETNEXT), 11(OPEN)
|  |  |
|  |  |--F15:PLAN FRAGMENT [RANDOM] hosts=3 instances=3
|  |  |  |  Per-Instance Resources: mem-estimate=2.95MB mem-reservation=2.94MB thread-reservation=1 runtime-filters-memory=1.00MB
|  |  |  |  max-parallelism=3 segment-costs=[124]
|  |  |  JOIN BUILD
|  |  |  |  join-table-id=02 plan-id=03 cohort-id=02
|  |  |  |  build expressions: d_date_sk
|  |  |  |  runtime filters: RF012[bloom] <- d_date_sk
|  |  |  |  mem-estimate=1.94MB mem-reservation=1.94MB spill-buffer=64.00KB thread-reservation=0 cost=118
|  |  |  |
|  |  |  25:EXCHANGE [BROADCAST]
|  |  |  |  mem-estimate=16.00KB mem-reservation=0B thread-reservation=0
|  |  |  |  tuple-ids=9 row-size=12B cardinality=118 cost=6
|  |  |  |  in pipelines: 11(GETNEXT)
|  |  |  |
|  |  |  F09:PLAN FRAGMENT [RANDOM] hosts=1 instances=1
|  |  |  Per-Instance Resources: mem-estimate=16.06MB mem-reservation=512.00KB thread-reservation=1
|  |  |  max-parallelism=1 segment-costs=[196957]
|  |  |  11:SCAN HDFS [tpcds_partitioned_parquet_snap.date_dim, RANDOM]
|  |  |     HDFS partitions=1/1 files=1 size=2.15MB
|  |  |     predicates: d_year = CAST(2002 AS INT), d_qoy < CAST(4 AS INT)
|  |  |     stored statistics:
|  |  |       table: rows=73.05K size=2.15MB
|  |  |       columns: all
|  |  |     extrapolated-rows=disabled max-scan-range-rows=73.05K
|  |  |     parquet statistics predicates: d_year = CAST(2002 AS INT), d_qoy < CAST(4 AS INT)
|  |  |     parquet dictionary predicates: d_year = CAST(2002 AS INT), d_qoy < CAST(4 AS INT)
|  |  |     mem-estimate=16.00MB mem-reservation=512.00KB thread-reservation=0
|  |  |     tuple-ids=9 row-size=12B cardinality=118 cost=196955
|  |  |     in pipelines: 11(GETNEXT)
|  |  |
|  |  10:SCAN HDFS [tpcds_partitioned_parquet_snap.catalog_sales, RANDOM]
|  |     HDFS partitions=1831/1831 files=1831 size=151.13MB
|  |     runtime filters: RF012[bloom] -> cs_sold_date_sk
|  |     stored statistics:
|  |       table: rows=1.44M size=151.13MB
|  |       partitions: 1831/1831 rows=1.44M
|  |       columns: all
|  |     extrapolated-rows=disabled max-scan-range-rows=7.18K est-scan-range=118(filtered from 1831)
|  |     mem-estimate=16.00MB mem-reservation=128.00KB thread-reservation=0
|  |     tuple-ids=8 row-size=8B cardinality=92.90K(filtered from 1.44M) cost=5900726
|  |     in pipelines: 10(GETNEXT)
|  |
|  09:HASH JOIN [INNER JOIN, BROADCAST]
|  |  hash-table-id=01
|  |  hash predicates: ws_sold_date_sk = d_date_sk
|  |  fk/pk conjuncts: ws_sold_date_sk = d_date_sk
|  |  mem-estimate=0B mem-reservation=0B spill-buffer=64.00KB thread-reservation=0
|  |  tuple-ids=6,7 row-size=20B cardinality=46.54K cost=46540
|  |  in pipelines: 07(GETNEXT), 08(OPEN)
|  |
|  |--F14:PLAN FRAGMENT [RANDOM] hosts=3 instances=3
|  |  |  Per-Instance Resources: mem-estimate=2.95MB mem-reservation=2.94MB thread-reservation=1 runtime-filters-memory=1.00MB
|  |  |  max-parallelism=3 segment-costs=[124]
|  |  JOIN BUILD
|  |  |  join-table-id=01 plan-id=02 cohort-id=02
|  |  |  build expressions: d_date_sk
|  |  |  runtime filters: RF010[bloom] <- d_date_sk
|  |  |  mem-estimate=1.94MB mem-reservation=1.94MB spill-buffer=64.00KB thread-reservation=0 cost=118
|  |  |
|  |  24:EXCHANGE [BROADCAST]
|  |  |  mem-estimate=16.00KB mem-reservation=0B thread-reservation=0
|  |  |  tuple-ids=7 row-size=12B cardinality=118 cost=6
|  |  |  in pipelines: 08(GETNEXT)
|  |  |
|  |  F07:PLAN FRAGMENT [RANDOM] hosts=1 instances=1
|  |  Per-Instance Resources: mem-estimate=16.06MB mem-reservation=512.00KB thread-reservation=1
|  |  max-parallelism=1 segment-costs=[196957]
|  |  08:SCAN HDFS [tpcds_partitioned_parquet_snap.date_dim, RANDOM]
|  |     HDFS partitions=1/1 files=1 size=2.15MB
|  |     predicates: d_year = CAST(2002 AS INT), d_qoy < CAST(4 AS INT)
|  |     stored statistics:
|  |       table: rows=73.05K size=2.15MB
|  |       columns: all
|  |     extrapolated-rows=disabled max-scan-range-rows=73.05K
|  |     parquet statistics predicates: d_year = CAST(2002 AS INT), d_qoy < CAST(4 AS INT)
|  |     parquet dictionary predicates: d_year = CAST(2002 AS INT), d_qoy < CAST(4 AS INT)
|  |     mem-estimate=16.00MB mem-reservation=512.00KB thread-reservation=0
|  |     tuple-ids=7 row-size=12B cardinality=118 cost=196955
|  |     in pipelines: 08(GETNEXT)
|  |
|  07:SCAN HDFS [tpcds_partitioned_parquet_snap.web_sales, RANDOM]
|     HDFS partitions=1824/1824 files=1824 size=84.20MB
|     runtime filters: RF010[bloom] -> ws_sold_date_sk
|     stored statistics:
|       table: rows=719.38K size=84.20MB
|       partitions: 1824/1824 rows=719.38K
|       columns: all
|     extrapolated-rows=disabled max-scan-range-rows=1.12K est-scan-range=119(filtered from 1824)
|     mem-estimate=16.00MB mem-reservation=128.00KB thread-reservation=0
|     tuple-ids=6 row-size=8B cardinality=46.54K(filtered from 719.38K) cost=5950364
|     in pipelines: 07(GETNEXT)
|
15:HASH JOIN [RIGHT SEMI JOIN, PARTITIONED]
|  hash-table-id=03
|  hash predicates: ss_customer_sk = c.c_customer_sk
|  mem-estimate=0B mem-reservation=0B spill-buffer=128.00KB thread-reservation=0
|  tuple-ids=2,0,1 row-size=72B cardinality=90.63K cost=186342
|  in pipelines: 03(GETNEXT), 02(OPEN)
|
|--F16:PLAN FRAGMENT [HASH(c.c_customer_sk)] hosts=3 instances=6 (adjusted from 48)
|  |  Per-Instance Resources: mem-estimate=10.82MB mem-reservation=3.88MB thread-reservation=1 runtime-filters-memory=1.00MB
|  |  max-parallelism=6 segment-costs=[108204] cpu-comparison-result=7 [max(7 (self) vs 4 (sum children))]
|  JOIN BUILD
|  |  join-table-id=03 plan-id=04 cohort-id=01
|  |  build expressions: c.c_customer_sk
|  |  runtime filters: RF002[bloom] <- c.c_customer_sk, RF003[min_max] <- c.c_customer_sk
|  |  mem-estimate=2.88MB mem-reservation=2.88MB spill-buffer=128.00KB thread-reservation=0 cost=100000
|  |
|  23:EXCHANGE [HASH(c.c_customer_sk)]
|  |  mem-estimate=6.95MB mem-reservation=0B thread-reservation=0
|  |  tuple-ids=2,0,1 row-size=72B cardinality=100.00K cost=8204
|  |  in pipelines: 02(GETNEXT)
|  |
|  F02:PLAN FRAGMENT [RANDOM] hosts=1 instances=1
|  Per-Host Shared Resources: mem-estimate=1.00MB mem-reservation=1.00MB thread-reservation=0 runtime-filters-memory=1.00MB
|  Per-Instance Resources: mem-estimate=17.97MB mem-reservation=8.00MB thread-reservation=1
|  max-parallelism=1 segment-costs=[262306]
|  14:HASH JOIN [INNER JOIN, BROADCAST]
|  |  hash-table-id=04
|  |  hash predicates: c.c_current_addr_sk = ca.ca_address_sk
|  |  fk/pk conjuncts: c.c_current_addr_sk = ca.ca_address_sk
|  |  mem-estimate=0B mem-reservation=0B spill-buffer=256.00KB thread-reservation=0
|  |  tuple-ids=2,0,1 row-size=72B cardinality=100.00K cost=100000
|  |  in pipelines: 02(GETNEXT), 01(OPEN)
|  |
|  |--F17:PLAN FRAGMENT [RANDOM] hosts=1 instances=1
|  |  |  Per-Instance Resources: mem-estimate=6.63MB mem-reservation=5.75MB thread-reservation=1 runtime-filters-memory=1.00MB
|  |  |  max-parallelism=1 segment-costs=[51075]
|  |  JOIN BUILD
|  |  |  join-table-id=04 plan-id=05 cohort-id=03
|  |  |  build expressions: ca.ca_address_sk
|  |  |  runtime filters: RF006[bloom] <- ca.ca_address_sk, RF007[min_max] <- ca.ca_address_sk
|  |  |  mem-estimate=4.75MB mem-reservation=4.75MB spill-buffer=256.00KB thread-reservation=0 cost=50000
|  |  |
|  |  21:EXCHANGE [BROADCAST]
|  |  |  mem-estimate=900.91KB mem-reservation=0B thread-reservation=0
|  |  |  tuple-ids=1 row-size=18B cardinality=50.00K cost=1075
|  |  |  in pipelines: 01(GETNEXT)
|  |  |
|  |  F04:PLAN FRAGMENT [RANDOM] hosts=1 instances=1
|  |  Per-Instance Resources: mem-estimate=16.09MB mem-reservation=256.00KB thread-reservation=1
|  |  max-parallelism=1 segment-costs=[51954]
|  |  01:SCAN HDFS [tpcds_partitioned_parquet_snap.customer_address ca, RANDOM]
|  |     HDFS partitions=1/1 files=1 size=1.16MB
|  |     stored statistics:
|  |       table: rows=50.00K size=1.16MB
|  |       columns: all
|  |     extrapolated-rows=disabled max-scan-range-rows=50.00K
|  |     mem-estimate=16.00MB mem-reservation=256.00KB thread-reservation=0
|  |     tuple-ids=1 row-size=18B cardinality=50.00K cost=50879
|  |     in pipelines: 01(GETNEXT)
|  |
|  13:HASH JOIN [INNER JOIN, BROADCAST]
|  |  hash-table-id=05
|  |  hash predicates: cd_demo_sk = c.c_current_cdemo_sk
|  |  fk/pk conjuncts: none
|  |  mem-estimate=0B mem-reservation=0B spill-buffer=512.00KB thread-reservation=0
|  |  tuple-ids=2,0 row-size=54B cardinality=100.00K cost=100000
|  |  in pipelines: 02(GETNEXT), 00(OPEN)
|  |
|  |--F18:PLAN FRAGMENT [RANDOM] hosts=1 instances=1
|  |  |  Per-Instance Resources: mem-estimate=10.66MB mem-reservation=9.50MB thread-reservation=1 runtime-filters-memory=1.00MB
|  |  |  max-parallelism=1 segment-costs=[101563]
|  |  JOIN BUILD
|  |  |  join-table-id=05 plan-id=06 cohort-id=03
|  |  |  build expressions: c.c_current_cdemo_sk
|  |  |  runtime filters: RF008[bloom] <- c.c_current_cdemo_sk, RF009[min_max] <- c.c_current_cdemo_sk
|  |  |  mem-estimate=8.50MB mem-reservation=8.50MB spill-buffer=512.00KB thread-reservation=0 cost=100000
|  |  |
|  |  20:EXCHANGE [BROADCAST]
|  |  |  mem-estimate=1.16MB mem-reservation=0B thread-reservation=0
|  |  |  tuple-ids=0 row-size=12B cardinality=100.00K cost=1563
|  |  |  in pipelines: 00(GETNEXT)
|  |  |
|  |  F03:PLAN FRAGMENT [RANDOM] hosts=1 instances=1
|  |  Per-Host Shared Resources: mem-estimate=2.00MB mem-reservation=2.00MB thread-reservation=0 runtime-filters-memory=2.00MB
|  |  Per-Instance Resources: mem-estimate=16.06MB mem-reservation=2.00MB thread-reservation=1
|  |  max-parallelism=1 segment-costs=[52735]
|  |  00:SCAN HDFS [tpcds_partitioned_parquet_snap.customer c, RANDOM]
|  |     HDFS partitions=1/1 files=1 size=5.49MB
|  |     runtime filters: RF001[min_max] -> c.c_customer_sk, RF007[min_max] -> c.c_current_addr_sk, RF000[bloom] -> c.c_customer_sk, RF006[bloom] -> c.c_current_addr_sk
|  |     stored statistics:
|  |       table: rows=100.00K size=5.49MB
|  |       columns: all
|  |     extrapolated-rows=disabled max-scan-range-rows=100.00K
|  |     mem-estimate=16.00MB mem-reservation=2.00MB thread-reservation=0
|  |     tuple-ids=0 row-size=12B cardinality=100.00K cost=51172
|  |     in pipelines: 00(GETNEXT)
|  |
|  02:SCAN HDFS [tpcds_partitioned_parquet_snap.customer_demographics, RANDOM]
|     HDFS partitions=1/1 files=1 size=7.49MB
|     runtime filters: RF009[min_max] -> cd_demo_sk, RF008[bloom] -> cd_demo_sk
|     stored statistics:
|       table: rows=1.92M size=7.49MB
|       columns: all
|     extrapolated-rows=disabled max-scan-range-rows=1.92M
|     mem-estimate=16.00MB mem-reservation=8.00MB thread-reservation=0
|     tuple-ids=2 row-size=42B cardinality=100.00K(filtered from 1.92M) cost=54102
|     in pipelines: 02(GETNEXT)
|
22:EXCHANGE [HASH(ss_customer_sk)]
|  mem-estimate=1.35MB mem-reservation=0B thread-reservation=0
|  tuple-ids=3,4 row-size=20B cardinality=186.34K cost=5096
|  in pipelines: 03(GETNEXT)
|
F00:PLAN FRAGMENT [RANDOM] hosts=3 instances=6 (adjusted from 48)
Per-Host Shared Resources: mem-estimate=3.00MB mem-reservation=3.00MB thread-reservation=0 runtime-filters-memory=3.00MB
Per-Instance Resources: mem-estimate=16.66MB mem-reservation=512.00KB thread-reservation=1
max-parallelism=6 segment-costs=[6142894]
05:HASH JOIN [INNER JOIN, BROADCAST]
|  hash-table-id=06
|  hash predicates: ss_sold_date_sk = d_date_sk
|  fk/pk conjuncts: ss_sold_date_sk = d_date_sk
|  mem-estimate=0B mem-reservation=0B spill-buffer=64.00KB thread-reservation=0
|  tuple-ids=3,4 row-size=20B cardinality=186.34K cost=186342
|  in pipelines: 03(GETNEXT), 04(OPEN)
|
|--F19:PLAN FRAGMENT [RANDOM] hosts=3 instances=3
|  |  Per-Instance Resources: mem-estimate=4.89MB mem-reservation=4.88MB thread-reservation=1 runtime-filters-memory=1.00MB
|  |  max-parallelism=3 segment-costs=[124]
|  JOIN BUILD
|  |  join-table-id=06 plan-id=07 cohort-id=01
|  |  build expressions: d_date_sk
|  |  runtime filters: RF004[bloom] <- d_date_sk
|  |  mem-estimate=3.88MB mem-reservation=3.88MB spill-buffer=64.00KB thread-reservation=0 cost=118
|  |
|  19:EXCHANGE [BROADCAST]
|  |  mem-estimate=16.00KB mem-reservation=0B thread-reservation=0
|  |  tuple-ids=4 row-size=12B cardinality=118 cost=6
|  |  in pipelines: 04(GETNEXT)
|  |
|  F01:PLAN FRAGMENT [RANDOM] hosts=1 instances=1
|  Per-Instance Resources: mem-estimate=16.06MB mem-reservation=512.00KB thread-reservation=1
|  max-parallelism=1 segment-costs=[196957]
|  04:SCAN HDFS [tpcds_partitioned_parquet_snap.date_dim, RANDOM]
|     HDFS partitions=1/1 files=1 size=2.15MB
|     predicates: d_year = CAST(2002 AS INT), d_qoy < CAST(4 AS INT)
|     stored statistics:
|       table: rows=73.05K size=2.15MB
|       columns: all
|     extrapolated-rows=disabled max-scan-range-rows=73.05K
|     parquet statistics predicates: d_year = CAST(2002 AS INT), d_qoy < CAST(4 AS INT)
|     parquet dictionary predicates: d_year = CAST(2002 AS INT), d_qoy < CAST(4 AS INT)
|     mem-estimate=16.00MB mem-reservation=512.00KB thread-reservation=0
|     tuple-ids=4 row-size=12B cardinality=118 cost=196955
|     in pipelines: 04(GETNEXT)
|
03:SCAN HDFS [tpcds_partitioned_parquet_snap.store_sales, RANDOM]
   HDFS partitions=1824/1824 files=1824 size=199.36MB
   runtime filters: RF003[min_max] -> ss_customer_sk, RF001[min_max] -> tpcds_partitioned_parquet_snap.store_sales.ss_customer_sk, RF004[bloom] -> ss_sold_date_sk, RF002[bloom] -> ss_customer_sk, RF000[bloom] -> tpcds_partitioned_parquet_snap.store_sales.ss_customer_sk
   stored statistics:
     table: rows=2.88M size=199.36MB
     partitions: 1824/1824 rows=2.88M
     columns: all
   extrapolated-rows=disabled max-scan-range-rows=130.09K est-scan-range=119(filtered from 1824)
   mem-estimate=16.00MB mem-reservation=512.00KB thread-reservation=0
   tuple-ids=3 row-size=8B cardinality=186.34K(filtered from 2.88M) cost=5951456
   in pipelines: 03(GETNEXT)
---- PARALLELPLANS
Max Per-Host Resource Reservation: Memory=76.25MB Threads=23
Per-Host Resource Estimates: Memory=271MB
F12:PLAN FRAGMENT [UNPARTITIONED] hosts=1 instances=1
|  Per-Instance Resources: mem-estimate=4.07MB mem-reservation=4.00MB thread-reservation=1
|  max-parallelism=1 segment-costs=[1811] cpu-comparison-result=20 [max(1 (self) vs 20 (sum children))]
PLAN-ROOT SINK
|  output exprs: ca_state, cd_gender, cd_marital_status, cd_dep_count, count(*), min(cd_dep_count), max(cd_dep_count), avg(cd_dep_count), cd_dep_employed_count, count(*), min(cd_dep_employed_count), max(cd_dep_employed_count), avg(cd_dep_employed_count), cd_dep_college_count, count(*), min(cd_dep_college_count), max(cd_dep_college_count), avg(cd_dep_college_count)
|  mem-estimate=4.00MB mem-reservation=4.00MB spill-buffer=2.00MB thread-reservation=0 cost=1800
|
29:MERGING-EXCHANGE [UNPARTITIONED]
|  order by: ca_state ASC, cd_gender ASC, cd_marital_status ASC, cd_dep_count ASC, cd_dep_employed_count ASC, cd_dep_college_count ASC
|  limit: 100
|  mem-estimate=69.14KB mem-reservation=0B thread-reservation=0
|  tuple-ids=15 row-size=108B cardinality=100 cost=11
|  in pipelines: 18(GETNEXT)
|
F11:PLAN FRAGMENT [HASH(ca_state,cd_gender,cd_marital_status,cd_dep_count,cd_dep_employed_count,cd_dep_college_count)] hosts=3 instances=6 (adjusted from 48)
Per-Instance Resources: mem-estimate=13.77MB mem-reservation=2.88MB thread-reservation=1
max-parallelism=6 segment-costs=[1460025, 600, 11] cpu-comparison-result=20 [max(6 (self) vs 20 (sum children))]
18:TOP-N [LIMIT=100]
|  order by: ca_state ASC, cd_gender ASC, cd_marital_status ASC, cd_dep_count ASC, cd_dep_employed_count ASC, cd_dep_college_count ASC
|  mem-estimate=10.55KB mem-reservation=0B thread-reservation=0
|  tuple-ids=15 row-size=108B cardinality=100 cost=600
|  in pipelines: 18(GETNEXT), 28(OPEN)
|
28:AGGREGATE [FINALIZE]
|  output: count:merge(*), min:merge(cd_dep_count), max:merge(cd_dep_count), avg:merge(cd_dep_count), min:merge(cd_dep_employed_count), max:merge(cd_dep_employed_count), avg:merge(cd_dep_employed_count), min:merge(cd_dep_college_count), max:merge(cd_dep_college_count), avg:merge(cd_dep_college_count)
|  group by: ca_state, cd_gender, cd_marital_status, cd_dep_count, cd_dep_employed_count, cd_dep_college_count
|  mem-estimate=10.00MB mem-reservation=2.88MB spill-buffer=128.00KB thread-reservation=0
|  tuple-ids=14 row-size=108B cardinality=90.63K cost=1450112
|  in pipelines: 28(GETNEXT), 03(OPEN)
|
27:EXCHANGE [HASH(ca_state,cd_gender,cd_marital_status,cd_dep_count,cd_dep_employed_count,cd_dep_college_count)]
|  mem-estimate=3.77MB mem-reservation=0B thread-reservation=0
|  tuple-ids=13 row-size=108B cardinality=90.63K cost=9913
|  in pipelines: 03(GETNEXT)
|
F05:PLAN FRAGMENT [HASH(c.c_customer_sk)] hosts=3 instances=6 (adjusted from 48)
Per-Instance Resources: mem-estimate=13.97MB mem-reservation=3.00MB thread-reservation=1
max-parallelism=6 segment-costs=[1732182, 9913] cpu-comparison-result=20 [max(12 (self) vs 20 (sum children))]
17:AGGREGATE [STREAMING]
|  output: count(*), min(cd_dep_count), max(cd_dep_count), avg(CAST(cd_dep_count AS BIGINT)), min(cd_dep_employed_count), max(cd_dep_employed_count), avg(CAST(cd_dep_employed_count AS BIGINT)), min(cd_dep_college_count), max(cd_dep_college_count), avg(CAST(cd_dep_college_count AS BIGINT))
|  group by: ca_state, cd_gender, cd_marital_status, cd_dep_count, cd_dep_employed_count, cd_dep_college_count
|  mem-estimate=10.00MB mem-reservation=3.00MB spill-buffer=128.00KB thread-reservation=0
|  tuple-ids=13 row-size=108B cardinality=90.63K cost=1450112
|  in pipelines: 03(GETNEXT)
|
16:HASH JOIN [LEFT SEMI JOIN, PARTITIONED]
|  hash-table-id=00
|  hash predicates: c.c_customer_sk = customsk
|  mem-estimate=0B mem-reservation=0B spill-buffer=64.00KB thread-reservation=0
|  tuple-ids=2,0,1 row-size=72B cardinality=90.63K cost=90632
|  in pipelines: 03(GETNEXT), 07(OPEN), 10(OPEN)
|
|--F13:PLAN FRAGMENT [HASH(c.c_customer_sk)] hosts=3 instances=6 (adjusted from 48)
|  |  Per-Instance Resources: mem-estimate=3.14MB mem-reservation=2.94MB thread-reservation=1 runtime-filters-memory=1.00MB
|  |  max-parallelism=6 segment-costs=[140532] cpu-comparison-result=9 [max(9 (self) vs 8 (sum children))]
|  JOIN BUILD
|  |  join-table-id=00 plan-id=01 cohort-id=01
|  |  build expressions: customsk
|  |  runtime filters: RF000[bloom] <- customsk, RF001[min_max] <- customsk
|  |  mem-estimate=1.94MB mem-reservation=1.94MB spill-buffer=64.00KB thread-reservation=0 cost=139442
|  |
|  26:EXCHANGE [HASH(customsk)]
|  |  mem-estimate=205.56KB mem-reservation=0B thread-reservation=0
|  |  tuple-ids=10 row-size=4B cardinality=139.44K cost=1090
|  |  in pipelines: 07(GETNEXT), 10(GETNEXT)
|  |
|  F10:PLAN FRAGMENT [RANDOM] hosts=3 instances=3 (adjusted from 48)
|  Per-Host Shared Resources: mem-estimate=2.00MB mem-reservation=2.00MB thread-reservation=0 runtime-filters-memory=2.00MB
|  Per-Instance Resources: mem-estimate=16.19MB mem-reservation=128.00KB thread-reservation=1
|  max-parallelism=3 segment-costs=[12270506]
|  06:UNION
|  |  mem-estimate=0B mem-reservation=0B thread-reservation=0
|  |  tuple-ids=10 row-size=4B cardinality=139.44K cost=278884
|  |  in pipelines: 07(GETNEXT), 10(GETNEXT)
|  |
|  |--12:HASH JOIN [INNER JOIN, BROADCAST]
|  |  |  hash-table-id=02
|  |  |  hash predicates: cs_sold_date_sk = d_date_sk
|  |  |  fk/pk conjuncts: cs_sold_date_sk = d_date_sk
|  |  |  mem-estimate=0B mem-reservation=0B spill-buffer=64.00KB thread-reservation=0
|  |  |  tuple-ids=8,9 row-size=20B cardinality=92.90K cost=92902
|  |  |  in pipelines: 10(GETNEXT), 11(OPEN)
|  |  |
|  |  |--F15:PLAN FRAGMENT [RANDOM] hosts=3 instances=3
|  |  |  |  Per-Instance Resources: mem-estimate=2.95MB mem-reservation=2.94MB thread-reservation=1 runtime-filters-memory=1.00MB
|  |  |  |  max-parallelism=3 segment-costs=[124]
|  |  |  JOIN BUILD
|  |  |  |  join-table-id=02 plan-id=03 cohort-id=02
|  |  |  |  build expressions: d_date_sk
|  |  |  |  runtime filters: RF012[bloom] <- d_date_sk
|  |  |  |  mem-estimate=1.94MB mem-reservation=1.94MB spill-buffer=64.00KB thread-reservation=0 cost=118
|  |  |  |
|  |  |  25:EXCHANGE [BROADCAST]
|  |  |  |  mem-estimate=16.00KB mem-reservation=0B thread-reservation=0
|  |  |  |  tuple-ids=9 row-size=12B cardinality=118 cost=6
|  |  |  |  in pipelines: 11(GETNEXT)
|  |  |  |
|  |  |  F09:PLAN FRAGMENT [RANDOM] hosts=1 instances=1
|  |  |  Per-Instance Resources: mem-estimate=16.06MB mem-reservation=512.00KB thread-reservation=1
|  |  |  max-parallelism=1 segment-costs=[196957]
|  |  |  11:SCAN HDFS [tpcds_partitioned_parquet_snap.date_dim, RANDOM]
|  |  |     HDFS partitions=1/1 files=1 size=2.15MB
|  |  |     predicates: d_year = CAST(2002 AS INT), d_qoy < CAST(4 AS INT)
|  |  |     stored statistics:
|  |  |       table: rows=73.05K size=2.15MB
|  |  |       columns: all
|  |  |     extrapolated-rows=disabled max-scan-range-rows=73.05K
|  |  |     parquet statistics predicates: d_year = CAST(2002 AS INT), d_qoy < CAST(4 AS INT)
|  |  |     parquet dictionary predicates: d_year = CAST(2002 AS INT), d_qoy < CAST(4 AS INT)
|  |  |     mem-estimate=16.00MB mem-reservation=512.00KB thread-reservation=0
|  |  |     tuple-ids=9 row-size=12B cardinality=118 cost=196955
|  |  |     in pipelines: 11(GETNEXT)
|  |  |
|  |  10:SCAN HDFS [tpcds_partitioned_parquet_snap.catalog_sales, RANDOM]
|  |     HDFS partitions=1831/1831 files=1831 size=151.13MB
|  |     runtime filters: RF012[bloom] -> cs_sold_date_sk
|  |     stored statistics:
|  |       table: rows=1.44M size=151.13MB
|  |       partitions: 1831/1831 rows=1.44M
|  |       columns: all
|  |     extrapolated-rows=disabled max-scan-range-rows=7.18K est-scan-range=118(filtered from 1831)
|  |     mem-estimate=16.00MB mem-reservation=128.00KB thread-reservation=0
|  |     tuple-ids=8 row-size=8B cardinality=92.90K(filtered from 1.44M) cost=5900726
|  |     in pipelines: 10(GETNEXT)
|  |
|  09:HASH JOIN [INNER JOIN, BROADCAST]
|  |  hash-table-id=01
|  |  hash predicates: ws_sold_date_sk = d_date_sk
|  |  fk/pk conjuncts: ws_sold_date_sk = d_date_sk
|  |  mem-estimate=0B mem-reservation=0B spill-buffer=64.00KB thread-reservation=0
|  |  tuple-ids=6,7 row-size=20B cardinality=46.54K cost=46540
|  |  in pipelines: 07(GETNEXT), 08(OPEN)
|  |
|  |--F14:PLAN FRAGMENT [RANDOM] hosts=3 instances=3
|  |  |  Per-Instance Resources: mem-estimate=2.95MB mem-reservation=2.94MB thread-reservation=1 runtime-filters-memory=1.00MB
|  |  |  max-parallelism=3 segment-costs=[124]
|  |  JOIN BUILD
|  |  |  join-table-id=01 plan-id=02 cohort-id=02
|  |  |  build expressions: d_date_sk
|  |  |  runtime filters: RF010[bloom] <- d_date_sk
|  |  |  mem-estimate=1.94MB mem-reservation=1.94MB spill-buffer=64.00KB thread-reservation=0 cost=118
|  |  |
|  |  24:EXCHANGE [BROADCAST]
|  |  |  mem-estimate=16.00KB mem-reservation=0B thread-reservation=0
|  |  |  tuple-ids=7 row-size=12B cardinality=118 cost=6
|  |  |  in pipelines: 08(GETNEXT)
|  |  |
|  |  F07:PLAN FRAGMENT [RANDOM] hosts=1 instances=1
|  |  Per-Instance Resources: mem-estimate=16.06MB mem-reservation=512.00KB thread-reservation=1
|  |  max-parallelism=1 segment-costs=[196957]
|  |  08:SCAN HDFS [tpcds_partitioned_parquet_snap.date_dim, RANDOM]
|  |     HDFS partitions=1/1 files=1 size=2.15MB
|  |     predicates: d_year = CAST(2002 AS INT), d_qoy < CAST(4 AS INT)
|  |     stored statistics:
|  |       table: rows=73.05K size=2.15MB
|  |       columns: all
|  |     extrapolated-rows=disabled max-scan-range-rows=73.05K
|  |     parquet statistics predicates: d_year = CAST(2002 AS INT), d_qoy < CAST(4 AS INT)
|  |     parquet dictionary predicates: d_year = CAST(2002 AS INT), d_qoy < CAST(4 AS INT)
|  |     mem-estimate=16.00MB mem-reservation=512.00KB thread-reservation=0
|  |     tuple-ids=7 row-size=12B cardinality=118 cost=196955
|  |     in pipelines: 08(GETNEXT)
|  |
|  07:SCAN HDFS [tpcds_partitioned_parquet_snap.web_sales, RANDOM]
|     HDFS partitions=1824/1824 files=1824 size=84.20MB
|     runtime filters: RF010[bloom] -> ws_sold_date_sk
|     stored statistics:
|       table: rows=719.38K size=84.20MB
|       partitions: 1824/1824 rows=719.38K
|       columns: all
|     extrapolated-rows=disabled max-scan-range-rows=1.12K est-scan-range=119(filtered from 1824)
|     mem-estimate=16.00MB mem-reservation=128.00KB thread-reservation=0
|     tuple-ids=6 row-size=8B cardinality=46.54K(filtered from 719.38K) cost=5950364
|     in pipelines: 07(GETNEXT)
|
15:HASH JOIN [RIGHT SEMI JOIN, PARTITIONED]
|  hash-table-id=03
|  hash predicates: ss_customer_sk = c.c_customer_sk
|  mem-estimate=0B mem-reservation=0B spill-buffer=128.00KB thread-reservation=0
|  tuple-ids=2,0,1 row-size=72B cardinality=90.63K cost=186342
|  in pipelines: 03(GETNEXT), 02(OPEN)
|
|--F16:PLAN FRAGMENT [HASH(c.c_customer_sk)] hosts=3 instances=6 (adjusted from 48)
|  |  Per-Instance Resources: mem-estimate=10.82MB mem-reservation=3.88MB thread-reservation=1 runtime-filters-memory=1.00MB
|  |  max-parallelism=6 segment-costs=[108204] cpu-comparison-result=7 [max(7 (self) vs 4 (sum children))]
|  JOIN BUILD
|  |  join-table-id=03 plan-id=04 cohort-id=01
|  |  build expressions: c.c_customer_sk
|  |  runtime filters: RF002[bloom] <- c.c_customer_sk, RF003[min_max] <- c.c_customer_sk
|  |  mem-estimate=2.88MB mem-reservation=2.88MB spill-buffer=128.00KB thread-reservation=0 cost=100000
|  |
|  23:EXCHANGE [HASH(c.c_customer_sk)]
|  |  mem-estimate=6.95MB mem-reservation=0B thread-reservation=0
|  |  tuple-ids=2,0,1 row-size=72B cardinality=100.00K cost=8204
|  |  in pipelines: 02(GETNEXT)
|  |
|  F02:PLAN FRAGMENT [RANDOM] hosts=1 instances=1
|  Per-Host Shared Resources: mem-estimate=1.00MB mem-reservation=1.00MB thread-reservation=0 runtime-filters-memory=1.00MB
|  Per-Instance Resources: mem-estimate=17.97MB mem-reservation=8.00MB thread-reservation=1
|  max-parallelism=1 segment-costs=[262306]
|  14:HASH JOIN [INNER JOIN, BROADCAST]
|  |  hash-table-id=04
|  |  hash predicates: c.c_current_addr_sk = ca.ca_address_sk
|  |  fk/pk conjuncts: c.c_current_addr_sk = ca.ca_address_sk
|  |  mem-estimate=0B mem-reservation=0B spill-buffer=256.00KB thread-reservation=0
|  |  tuple-ids=2,0,1 row-size=72B cardinality=100.00K cost=100000
|  |  in pipelines: 02(GETNEXT), 01(OPEN)
|  |
|  |--F17:PLAN FRAGMENT [RANDOM] hosts=1 instances=1
|  |  |  Per-Instance Resources: mem-estimate=6.63MB mem-reservation=5.75MB thread-reservation=1 runtime-filters-memory=1.00MB
|  |  |  max-parallelism=1 segment-costs=[51075]
|  |  JOIN BUILD
|  |  |  join-table-id=04 plan-id=05 cohort-id=03
|  |  |  build expressions: ca.ca_address_sk
|  |  |  runtime filters: RF006[bloom] <- ca.ca_address_sk, RF007[min_max] <- ca.ca_address_sk
|  |  |  mem-estimate=4.75MB mem-reservation=4.75MB spill-buffer=256.00KB thread-reservation=0 cost=50000
|  |  |
|  |  21:EXCHANGE [BROADCAST]
|  |  |  mem-estimate=900.91KB mem-reservation=0B thread-reservation=0
|  |  |  tuple-ids=1 row-size=18B cardinality=50.00K cost=1075
|  |  |  in pipelines: 01(GETNEXT)
|  |  |
|  |  F04:PLAN FRAGMENT [RANDOM] hosts=1 instances=1
|  |  Per-Instance Resources: mem-estimate=16.09MB mem-reservation=256.00KB thread-reservation=1
|  |  max-parallelism=1 segment-costs=[51954]
|  |  01:SCAN HDFS [tpcds_partitioned_parquet_snap.customer_address ca, RANDOM]
|  |     HDFS partitions=1/1 files=1 size=1.16MB
|  |     stored statistics:
|  |       table: rows=50.00K size=1.16MB
|  |       columns: all
|  |     extrapolated-rows=disabled max-scan-range-rows=50.00K
|  |     mem-estimate=16.00MB mem-reservation=256.00KB thread-reservation=0
|  |     tuple-ids=1 row-size=18B cardinality=50.00K cost=50879
|  |     in pipelines: 01(GETNEXT)
|  |
|  13:HASH JOIN [INNER JOIN, BROADCAST]
|  |  hash-table-id=05
|  |  hash predicates: cd_demo_sk = c.c_current_cdemo_sk
|  |  fk/pk conjuncts: none
|  |  mem-estimate=0B mem-reservation=0B spill-buffer=512.00KB thread-reservation=0
|  |  tuple-ids=2,0 row-size=54B cardinality=100.00K cost=100000
|  |  in pipelines: 02(GETNEXT), 00(OPEN)
|  |
|  |--F18:PLAN FRAGMENT [RANDOM] hosts=1 instances=1
|  |  |  Per-Instance Resources: mem-estimate=10.66MB mem-reservation=9.50MB thread-reservation=1 runtime-filters-memory=1.00MB
|  |  |  max-parallelism=1 segment-costs=[101563]
|  |  JOIN BUILD
|  |  |  join-table-id=05 plan-id=06 cohort-id=03
|  |  |  build expressions: c.c_current_cdemo_sk
|  |  |  runtime filters: RF008[bloom] <- c.c_current_cdemo_sk, RF009[min_max] <- c.c_current_cdemo_sk
|  |  |  mem-estimate=8.50MB mem-reservation=8.50MB spill-buffer=512.00KB thread-reservation=0 cost=100000
|  |  |
|  |  20:EXCHANGE [BROADCAST]
|  |  |  mem-estimate=1.16MB mem-reservation=0B thread-reservation=0
|  |  |  tuple-ids=0 row-size=12B cardinality=100.00K cost=1563
|  |  |  in pipelines: 00(GETNEXT)
|  |  |
|  |  F03:PLAN FRAGMENT [RANDOM] hosts=1 instances=1
|  |  Per-Host Shared Resources: mem-estimate=2.00MB mem-reservation=2.00MB thread-reservation=0 runtime-filters-memory=2.00MB
|  |  Per-Instance Resources: mem-estimate=16.06MB mem-reservation=2.00MB thread-reservation=1
|  |  max-parallelism=1 segment-costs=[52735]
|  |  00:SCAN HDFS [tpcds_partitioned_parquet_snap.customer c, RANDOM]
|  |     HDFS partitions=1/1 files=1 size=5.49MB
|  |     runtime filters: RF001[min_max] -> c.c_customer_sk, RF007[min_max] -> c.c_current_addr_sk, RF000[bloom] -> c.c_customer_sk, RF006[bloom] -> c.c_current_addr_sk
|  |     stored statistics:
|  |       table: rows=100.00K size=5.49MB
|  |       columns: all
|  |     extrapolated-rows=disabled max-scan-range-rows=100.00K
|  |     mem-estimate=16.00MB mem-reservation=2.00MB thread-reservation=0
|  |     tuple-ids=0 row-size=12B cardinality=100.00K cost=51172
|  |     in pipelines: 00(GETNEXT)
|  |
|  02:SCAN HDFS [tpcds_partitioned_parquet_snap.customer_demographics, RANDOM]
|     HDFS partitions=1/1 files=1 size=7.49MB
|     runtime filters: RF009[min_max] -> cd_demo_sk, RF008[bloom] -> cd_demo_sk
|     stored statistics:
|       table: rows=1.92M size=7.49MB
|       columns: all
|     extrapolated-rows=disabled max-scan-range-rows=1.92M
|     mem-estimate=16.00MB mem-reservation=8.00MB thread-reservation=0
|     tuple-ids=2 row-size=42B cardinality=100.00K(filtered from 1.92M) cost=54102
|     in pipelines: 02(GETNEXT)
|
22:EXCHANGE [HASH(ss_customer_sk)]
|  mem-estimate=1.35MB mem-reservation=0B thread-reservation=0
|  tuple-ids=3,4 row-size=20B cardinality=186.34K cost=5096
|  in pipelines: 03(GETNEXT)
|
F00:PLAN FRAGMENT [RANDOM] hosts=3 instances=6 (adjusted from 48)
Per-Host Shared Resources: mem-estimate=3.00MB mem-reservation=3.00MB thread-reservation=0 runtime-filters-memory=3.00MB
Per-Instance Resources: mem-estimate=16.66MB mem-reservation=512.00KB thread-reservation=1
max-parallelism=6 segment-costs=[6142894]
05:HASH JOIN [INNER JOIN, BROADCAST]
|  hash-table-id=06
|  hash predicates: ss_sold_date_sk = d_date_sk
|  fk/pk conjuncts: ss_sold_date_sk = d_date_sk
|  mem-estimate=0B mem-reservation=0B spill-buffer=64.00KB thread-reservation=0
|  tuple-ids=3,4 row-size=20B cardinality=186.34K cost=186342
|  in pipelines: 03(GETNEXT), 04(OPEN)
|
|--F19:PLAN FRAGMENT [RANDOM] hosts=3 instances=3
|  |  Per-Instance Resources: mem-estimate=4.89MB mem-reservation=4.88MB thread-reservation=1 runtime-filters-memory=1.00MB
|  |  max-parallelism=3 segment-costs=[124]
|  JOIN BUILD
|  |  join-table-id=06 plan-id=07 cohort-id=01
|  |  build expressions: d_date_sk
|  |  runtime filters: RF004[bloom] <- d_date_sk
|  |  mem-estimate=3.88MB mem-reservation=3.88MB spill-buffer=64.00KB thread-reservation=0 cost=118
|  |
|  19:EXCHANGE [BROADCAST]
|  |  mem-estimate=16.00KB mem-reservation=0B thread-reservation=0
|  |  tuple-ids=4 row-size=12B cardinality=118 cost=6
|  |  in pipelines: 04(GETNEXT)
|  |
|  F01:PLAN FRAGMENT [RANDOM] hosts=1 instances=1
|  Per-Instance Resources: mem-estimate=16.06MB mem-reservation=512.00KB thread-reservation=1
|  max-parallelism=1 segment-costs=[196957]
|  04:SCAN HDFS [tpcds_partitioned_parquet_snap.date_dim, RANDOM]
|     HDFS partitions=1/1 files=1 size=2.15MB
|     predicates: d_year = CAST(2002 AS INT), d_qoy < CAST(4 AS INT)
|     stored statistics:
|       table: rows=73.05K size=2.15MB
|       columns: all
|     extrapolated-rows=disabled max-scan-range-rows=73.05K
|     parquet statistics predicates: d_year = CAST(2002 AS INT), d_qoy < CAST(4 AS INT)
|     parquet dictionary predicates: d_year = CAST(2002 AS INT), d_qoy < CAST(4 AS INT)
|     mem-estimate=16.00MB mem-reservation=512.00KB thread-reservation=0
|     tuple-ids=4 row-size=12B cardinality=118 cost=196955
|     in pipelines: 04(GETNEXT)
|
03:SCAN HDFS [tpcds_partitioned_parquet_snap.store_sales, RANDOM]
   HDFS partitions=1824/1824 files=1824 size=199.36MB
   runtime filters: RF003[min_max] -> ss_customer_sk, RF001[min_max] -> tpcds_partitioned_parquet_snap.store_sales.ss_customer_sk, RF004[bloom] -> ss_sold_date_sk, RF002[bloom] -> ss_customer_sk, RF000[bloom] -> tpcds_partitioned_parquet_snap.store_sales.ss_customer_sk
   stored statistics:
     table: rows=2.88M size=199.36MB
     partitions: 1824/1824 rows=2.88M
     columns: all
   extrapolated-rows=disabled max-scan-range-rows=130.09K est-scan-range=119(filtered from 1824)
   mem-estimate=16.00MB mem-reservation=512.00KB thread-reservation=0
   tuple-ids=3 row-size=8B cardinality=186.34K(filtered from 2.88M) cost=5951456
   in pipelines: 03(GETNEXT)
====
