# TPCDS-Q99
SELECT w_substr ,
       sm_type ,
       LOWER(cc_name) cc_name_lower ,
       sum(CASE
               WHEN (cs_ship_date_sk - cs_sold_date_sk <= 30) THEN 1
               ELSE 0
           END) AS "30 days",
       sum(CASE
               WHEN (cs_ship_date_sk - cs_sold_date_sk > 30)
                    AND (cs_ship_date_sk - cs_sold_date_sk <= 60) THEN 1
               ELSE 0
           END) AS "31-60 days",
       sum(CASE
               WHEN (cs_ship_date_sk - cs_sold_date_sk > 60)
                    AND (cs_ship_date_sk - cs_sold_date_sk <= 90) THEN 1
               ELSE 0
           END) AS "61-90 days",
       sum(CASE
               WHEN (cs_ship_date_sk - cs_sold_date_sk > 90)
                    AND (cs_ship_date_sk - cs_sold_date_sk <= 120) THEN 1
               ELSE 0
           END) AS "91-120 days",
       sum(CASE
               WHEN (cs_ship_date_sk - cs_sold_date_sk > 120) THEN 1
               ELSE 0
           END) AS ">120 days"
FROM catalog_sales ,
  (SELECT SUBSTRING(w_warehouse_name,1,20) w_substr, *
   FROM warehouse) AS sq1 ,
     ship_mode ,
     call_center ,
     date_dim
WHERE d_month_seq BETWEEN 1200 AND 1200 + 11
  AND cs_ship_date_sk = d_date_sk
  AND cs_warehouse_sk = w_warehouse_sk
  AND cs_ship_mode_sk = sm_ship_mode_sk
  AND cs_call_center_sk = cc_call_center_sk
GROUP BY w_substr ,
         sm_type ,
         cc_name
ORDER BY w_substr ,
         sm_type ,
        cc_name_lower
LIMIT 100;

---- PLAN
Max Per-Host Resource Reservation: Memory=13.81MB Threads=1
Per-Host Resource Estimates: Memory=92MB
F00:PLAN FRAGMENT [UNPARTITIONED] hosts=1 instances=1
|  Per-Instance Resources: mem-estimate=91.75MB mem-reservation=13.81MB thread-reservation=1 runtime-filters-memory=4.00MB
|  max-parallelism=1 segment-costs=[109230744, 216, 576]
PLAN-ROOT SINK
|  output exprs: w_substr, sm_type, lower(cc_name), sum(CASE WHEN (cs_ship_date_sk - cs_sold_date_sk <= 30) THEN 1 ELSE 0 END), sum(CASE WHEN (cs_ship_date_sk - cs_sold_date_sk > 30) AND (cs_ship_date_sk - cs_sold_date_sk <= 60) THEN 1 ELSE 0 END), sum(CASE WHEN (cs_ship_date_sk - cs_sold_date_sk > 60) AND (cs_ship_date_sk - cs_sold_date_sk <= 90) THEN 1 ELSE 0 END), sum(CASE WHEN (cs_ship_date_sk - cs_sold_date_sk > 90) AND (cs_ship_date_sk - cs_sold_date_sk <= 120) THEN 1 ELSE 0 END), sum(CASE WHEN (cs_ship_date_sk - cs_sold_date_sk > 120) THEN 1 ELSE 0 END)
|  mem-estimate=4.00MB mem-reservation=4.00MB spill-buffer=2.00MB thread-reservation=0 cost=576
|
10:TOP-N [LIMIT=100]
|  order by: w_substr ASC, sm_type ASC, lower(cc_name) ASC
|  materialized: lower(cc_name)
|  mem-estimate=5.87KB mem-reservation=0B thread-reservation=0
|  tuple-ids=7 row-size=84B cardinality=72 cost=216
|  in pipelines: 10(GETNEXT), 09(OPEN)
|
09:AGGREGATE [FINALIZE]
|  output: sum(CAST(CASE WHEN (CAST(cs_ship_date_sk AS BIGINT) - CAST(cs_sold_date_sk AS BIGINT) <= CAST(30 AS BIGINT)) THEN CAST(1 AS TINYINT) ELSE CAST(0 AS TINYINT) END AS BIGINT)), sum(CAST(CASE WHEN (CAST(cs_ship_date_sk AS BIGINT) - CAST(cs_sold_date_sk AS BIGINT) > CAST(30 AS BIGINT)) AND (CAST(cs_ship_date_sk AS BIGINT) - CAST(cs_sold_date_sk AS BIGINT) <= CAST(60 AS BIGINT)) THEN CAST(1 AS TINYINT) ELSE CAST(0 AS TINYINT) END AS BIGINT)), sum(CAST(CASE WHEN (CAST(cs_ship_date_sk AS BIGINT) - CAST(cs_sold_date_sk AS BIGINT) > CAST(60 AS BIGINT)) AND (CAST(cs_ship_date_sk AS BIGINT) - CAST(cs_sold_date_sk AS BIGINT) <= CAST(90 AS BIGINT)) THEN CAST(1 AS TINYINT) ELSE CAST(0 AS TINYINT) END AS BIGINT)), sum(CAST(CASE WHEN (CAST(cs_ship_date_sk AS BIGINT) - CAST(cs_sold_date_sk AS BIGINT) > CAST(90 AS BIGINT)) AND (CAST(cs_ship_date_sk AS BIGINT) - CAST(cs_sold_date_sk AS BIGINT) <= CAST(120 AS BIGINT)) THEN CAST(1 AS TINYINT) ELSE CAST(0 AS TINYINT) END AS BIGINT)), sum(CAST(CASE WHEN (CAST(cs_ship_date_sk AS BIGINT) - CAST(cs_sold_date_sk AS BIGINT) > CAST(120 AS BIGINT)) THEN CAST(1 AS TINYINT) ELSE CAST(0 AS TINYINT) END AS BIGINT))
|  group by: substring(w_warehouse_name, CAST(1 AS BIGINT), CAST(20 AS BIGINT)), sm_type, cc_name
|  mem-estimate=10.00MB mem-reservation=1.94MB spill-buffer=64.00KB thread-reservation=0
|  tuple-ids=6 row-size=95B cardinality=72 cost=11532384
|  in pipelines: 09(GETNEXT), 00(OPEN)
|
08:HASH JOIN [INNER JOIN]
|  hash predicates: cs_ship_date_sk = d_date_sk
|  fk/pk conjuncts: cs_ship_date_sk = d_date_sk
|  runtime filters: RF000[bloom] <- d_date_sk, RF001[min_max] <- d_date_sk
|  mem-estimate=1.94MB mem-reservation=1.94MB spill-buffer=64.00KB thread-reservation=0
|  tuple-ids=0,1,3,4,5 row-size=113B cardinality=1.44M cost=1448853
|  in pipelines: 00(GETNEXT), 04(OPEN)
|
|--04:SCAN HDFS [tpcds_partitioned_parquet_snap.date_dim]
|     HDFS partitions=1/1 files=1 size=2.15MB
|     predicates: d_month_seq <= CAST(1211 AS INT), d_month_seq >= CAST(1200 AS INT)
|     stored statistics:
|       table: rows=73.05K size=2.15MB
|       columns: all
|     extrapolated-rows=disabled max-scan-range-rows=73.05K
|     parquet statistics predicates: d_month_seq <= CAST(1211 AS INT), d_month_seq >= CAST(1200 AS INT)
|     parquet dictionary predicates: d_month_seq <= CAST(1211 AS INT), d_month_seq >= CAST(1200 AS INT)
|     mem-estimate=16.00MB mem-reservation=512.00KB thread-reservation=0
|     tuple-ids=5 row-size=8B cardinality=7.30K cost=196669
|     in pipelines: 04(GETNEXT)
|
07:HASH JOIN [INNER JOIN]
|  hash predicates: cs_call_center_sk = cc_call_center_sk
|  fk/pk conjuncts: cs_call_center_sk = cc_call_center_sk
|  runtime filters: RF002[bloom] <- cc_call_center_sk, RF003[min_max] <- cc_call_center_sk
|  mem-estimate=1.94MB mem-reservation=1.94MB spill-buffer=64.00KB thread-reservation=0
|  tuple-ids=0,1,3,4 row-size=105B cardinality=1.44M cost=1441554
|  in pipelines: 00(GETNEXT), 03(OPEN)
|
|--03:SCAN HDFS [tpcds_partitioned_parquet_snap.call_center]
|     HDFS partitions=1/1 files=1 size=10.28KB
|     stored statistics:
|       table: rows=6 size=10.28KB
|       columns: all
|     extrapolated-rows=disabled max-scan-range-rows=6
|     mem-estimate=16.00MB mem-reservation=16.00KB thread-reservation=0
|     tuple-ids=4 row-size=28B cardinality=6 cost=50001
|     in pipelines: 03(GETNEXT)
|
06:HASH JOIN [INNER JOIN]
|  hash predicates: cs_ship_mode_sk = sm_ship_mode_sk
|  fk/pk conjuncts: cs_ship_mode_sk = sm_ship_mode_sk
|  runtime filters: RF004[bloom] <- sm_ship_mode_sk, RF005[min_max] <- sm_ship_mode_sk
|  mem-estimate=1.94MB mem-reservation=1.94MB spill-buffer=64.00KB thread-reservation=0
|  tuple-ids=0,1,3 row-size=77B cardinality=1.44M cost=1441568
|  in pipelines: 00(GETNEXT), 02(OPEN)
|
|--02:SCAN HDFS [tpcds_partitioned_parquet_snap.ship_mode]
|     HDFS partitions=1/1 files=1 size=2.68KB
|     stored statistics:
|       table: rows=20 size=2.68KB
|       columns: all
|     extrapolated-rows=disabled max-scan-range-rows=20
|     mem-estimate=16.00MB mem-reservation=16.00KB thread-reservation=0
|     tuple-ids=3 row-size=24B cardinality=20 cost=50001
|     in pipelines: 02(GETNEXT)
|
05:HASH JOIN [INNER JOIN]
|  hash predicates: cs_warehouse_sk = tpcds_partitioned_parquet_snap.warehouse.w_warehouse_sk
|  fk/pk conjuncts: cs_warehouse_sk = tpcds_partitioned_parquet_snap.warehouse.w_warehouse_sk
|  runtime filters: RF006[bloom] <- tpcds_partitioned_parquet_snap.warehouse.w_warehouse_sk, RF007[min_max] <- tpcds_partitioned_parquet_snap.warehouse.w_warehouse_sk
|  mem-estimate=1.94MB mem-reservation=1.94MB spill-buffer=64.00KB thread-reservation=0
|  tuple-ids=0,1 row-size=54B cardinality=1.44M cost=1441553
|  in pipelines: 00(GETNEXT), 01(OPEN)
|
|--01:SCAN HDFS [tpcds_partitioned_parquet_snap.warehouse]
|     HDFS partitions=1/1 files=1 size=4.38KB
|     stored statistics:
|       table: rows=5 size=4.38KB
|       columns: all
|     extrapolated-rows=disabled max-scan-range-rows=5
|     mem-estimate=16.00MB mem-reservation=16.00KB thread-reservation=0
|     tuple-ids=1 row-size=34B cardinality=5 cost=50001
|     in pipelines: 01(GETNEXT)
|
00:SCAN HDFS [tpcds_partitioned_parquet_snap.catalog_sales]
   HDFS partitions=1831/1831 files=1831 size=151.13MB
   runtime filters: RF001[min_max] -> cs_ship_date_sk, RF003[min_max] -> cs_call_center_sk, RF005[min_max] -> cs_ship_mode_sk, RF007[min_max] -> cs_warehouse_sk, RF000[bloom] -> cs_ship_date_sk, RF002[bloom] -> cs_call_center_sk, RF004[bloom] -> cs_ship_mode_sk, RF006[bloom] -> cs_warehouse_sk
   stored statistics:
     table: rows=1.44M size=151.13MB
     partitions: 1831/1831 rows=1.44M
     columns: all
   extrapolated-rows=disabled max-scan-range-rows=7.18K
   mem-estimate=16.00MB mem-reservation=128.00KB thread-reservation=0
   tuple-ids=0 row-size=20B cardinality=1.44M cost=91578160
   in pipelines: 00(GETNEXT)
---- DISTRIBUTEDPLAN
Max Per-Host Resource Reservation: Memory=55.92MB Threads=15
Per-Host Resource Estimates: Memory=241MB
F06:PLAN FRAGMENT [UNPARTITIONED] hosts=1 instances=1
|  Per-Instance Resources: mem-estimate=4.04MB mem-reservation=4.00MB thread-reservation=1
|  max-parallelism=1 segment-costs=[583] cpu-comparison-result=16 [max(1 (self) vs 16 (sum children))]
PLAN-ROOT SINK
|  output exprs: w_substr, sm_type, lower(cc_name), sum(CASE WHEN (cs_ship_date_sk - cs_sold_date_sk <= 30) THEN 1 ELSE 0 END), sum(CASE WHEN (cs_ship_date_sk - cs_sold_date_sk > 30) AND (cs_ship_date_sk - cs_sold_date_sk <= 60) THEN 1 ELSE 0 END), sum(CASE WHEN (cs_ship_date_sk - cs_sold_date_sk > 60) AND (cs_ship_date_sk - cs_sold_date_sk <= 90) THEN 1 ELSE 0 END), sum(CASE WHEN (cs_ship_date_sk - cs_sold_date_sk > 90) AND (cs_ship_date_sk - cs_sold_date_sk <= 120) THEN 1 ELSE 0 END), sum(CASE WHEN (cs_ship_date_sk - cs_sold_date_sk > 120) THEN 1 ELSE 0 END)
|  mem-estimate=4.00MB mem-reservation=4.00MB spill-buffer=2.00MB thread-reservation=0 cost=576
|
17:MERGING-EXCHANGE [UNPARTITIONED]
|  order by: w_substr ASC, sm_type ASC, lower(cc_name) ASC
|  limit: 100
|  mem-estimate=38.87KB mem-reservation=0B thread-reservation=0
|  tuple-ids=7 row-size=84B cardinality=72 cost=7
|  in pipelines: 10(GETNEXT)
|
F05:PLAN FRAGMENT [HASH(w_substr,sm_type,cc_name)] hosts=3 instances=6 (adjusted from 48)
Per-Instance Resources: mem-estimate=10.08MB mem-reservation=1.94MB thread-reservation=1
max-parallelism=6 segment-costs=[583, 216, 7] cpu-comparison-result=16 [max(6 (self) vs 16 (sum children))]
10:TOP-N [LIMIT=100]
|  order by: w_substr ASC, sm_type ASC, lower(cc_name) ASC
|  materialized: lower(cc_name)
|  mem-estimate=5.87KB mem-reservation=0B thread-reservation=0
|  tuple-ids=7 row-size=84B cardinality=72 cost=216
|  in pipelines: 10(GETNEXT), 16(OPEN)
|
16:AGGREGATE [FINALIZE]
|  output: sum:merge(CASE WHEN (cs_ship_date_sk - cs_sold_date_sk <= 30) THEN 1 ELSE 0 END), sum:merge(CASE WHEN (cs_ship_date_sk - cs_sold_date_sk > 30) AND (cs_ship_date_sk - cs_sold_date_sk <= 60) THEN 1 ELSE 0 END), sum:merge(CASE WHEN (cs_ship_date_sk - cs_sold_date_sk > 60) AND (cs_ship_date_sk - cs_sold_date_sk <= 90) THEN 1 ELSE 0 END), sum:merge(CASE WHEN (cs_ship_date_sk - cs_sold_date_sk > 90) AND (cs_ship_date_sk - cs_sold_date_sk <= 120) THEN 1 ELSE 0 END), sum:merge(CASE WHEN (cs_ship_date_sk - cs_sold_date_sk > 120) THEN 1 ELSE 0 END)
|  group by: w_substr, sm_type, cc_name
|  mem-estimate=10.00MB mem-reservation=1.94MB spill-buffer=64.00KB thread-reservation=0
|  tuple-ids=6 row-size=95B cardinality=72 cost=576
|  in pipelines: 16(GETNEXT), 00(OPEN)
|
15:EXCHANGE [HASH(w_substr,sm_type,cc_name)]
|  mem-estimate=86.05KB mem-reservation=0B thread-reservation=0
|  tuple-ids=6 row-size=95B cardinality=72 cost=7
|  in pipelines: 00(GETNEXT)
|
F00:PLAN FRAGMENT [RANDOM] hosts=3 instances=12 (adjusted from 48)
Per-Host Shared Resources: mem-estimate=4.00MB mem-reservation=4.00MB thread-reservation=0 runtime-filters-memory=4.00MB
Per-Instance Resources: mem-estimate=28.33MB mem-reservation=2.12MB thread-reservation=1
max-parallelism=12 segment-costs=[108876736, 7] cpu-comparison-result=16 [max(12 (self) vs 16 (sum children))]
09:AGGREGATE [STREAMING]
|  output: sum(CAST(CASE WHEN (CAST(cs_ship_date_sk AS BIGINT) - CAST(cs_sold_date_sk AS BIGINT) <= CAST(30 AS BIGINT)) THEN CAST(1 AS TINYINT) ELSE CAST(0 AS TINYINT) END AS BIGINT)), sum(CAST(CASE WHEN (CAST(cs_ship_date_sk AS BIGINT) - CAST(cs_sold_date_sk AS BIGINT) > CAST(30 AS BIGINT)) AND (CAST(cs_ship_date_sk AS BIGINT) - CAST(cs_sold_date_sk AS BIGINT) <= CAST(60 AS BIGINT)) THEN CAST(1 AS TINYINT) ELSE CAST(0 AS TINYINT) END AS BIGINT)), sum(CAST(CASE WHEN (CAST(cs_ship_date_sk AS BIGINT) - CAST(cs_sold_date_sk AS BIGINT) > CAST(60 AS BIGINT)) AND (CAST(cs_ship_date_sk AS BIGINT) - CAST(cs_sold_date_sk AS BIGINT) <= CAST(90 AS BIGINT)) THEN CAST(1 AS TINYINT) ELSE CAST(0 AS TINYINT) END AS BIGINT)), sum(CAST(CASE WHEN (CAST(cs_ship_date_sk AS BIGINT) - CAST(cs_sold_date_sk AS BIGINT) > CAST(90 AS BIGINT)) AND (CAST(cs_ship_date_sk AS BIGINT) - CAST(cs_sold_date_sk AS BIGINT) <= CAST(120 AS BIGINT)) THEN CAST(1 AS TINYINT) ELSE CAST(0 AS TINYINT) END AS BIGINT)), sum(CAST(CASE WHEN (CAST(cs_ship_date_sk AS BIGINT) - CAST(cs_sold_date_sk AS BIGINT) > CAST(120 AS BIGINT)) THEN CAST(1 AS TINYINT) ELSE CAST(0 AS TINYINT) END AS BIGINT))
|  group by: substring(w_warehouse_name, CAST(1 AS BIGINT), CAST(20 AS BIGINT)), sm_type, cc_name
|  mem-estimate=10.00MB mem-reservation=2.00MB spill-buffer=64.00KB thread-reservation=0
|  tuple-ids=6 row-size=95B cardinality=72 cost=11532384
|  in pipelines: 00(GETNEXT)
|
08:HASH JOIN [INNER JOIN, BROADCAST]
|  hash-table-id=00
|  hash predicates: cs_ship_date_sk = d_date_sk
|  fk/pk conjuncts: cs_ship_date_sk = d_date_sk
|  mem-estimate=0B mem-reservation=0B spill-buffer=64.00KB thread-reservation=0
|  tuple-ids=0,1,3,4,5 row-size=113B cardinality=1.44M cost=1441548
|  in pipelines: 00(GETNEXT), 04(OPEN)
|
|--F07:PLAN FRAGMENT [RANDOM] hosts=3 instances=3
|  |  Per-Instance Resources: mem-estimate=8.82MB mem-reservation=8.75MB thread-reservation=1 runtime-filters-memory=1.00MB
|  |  max-parallelism=3 segment-costs=[7563]
|  JOIN BUILD
|  |  join-table-id=00 plan-id=01 cohort-id=01
|  |  build expressions: d_date_sk
|  |  runtime filters: RF000[bloom] <- d_date_sk, RF001[min_max] <- d_date_sk
|  |  mem-estimate=7.75MB mem-reservation=7.75MB spill-buffer=64.00KB thread-reservation=0 cost=7305
|  |
|  14:EXCHANGE [BROADCAST]
|  |  mem-estimate=69.07KB mem-reservation=0B thread-reservation=0
|  |  tuple-ids=5 row-size=8B cardinality=7.30K cost=258
|  |  in pipelines: 04(GETNEXT)
|  |
|  F04:PLAN FRAGMENT [RANDOM] hosts=1 instances=1
|  Per-Instance Resources: mem-estimate=16.05MB mem-reservation=512.00KB thread-reservation=1
|  max-parallelism=1 segment-costs=[196755]
|  04:SCAN HDFS [tpcds_partitioned_parquet_snap.date_dim, RANDOM]
|     HDFS partitions=1/1 files=1 size=2.15MB
|     predicates: d_month_seq <= CAST(1211 AS INT), d_month_seq >= CAST(1200 AS INT)
|     stored statistics:
|       table: rows=73.05K size=2.15MB
|       columns: all
|     extrapolated-rows=disabled max-scan-range-rows=73.05K
|     parquet statistics predicates: d_month_seq <= CAST(1211 AS INT), d_month_seq >= CAST(1200 AS INT)
|     parquet dictionary predicates: d_month_seq <= CAST(1211 AS INT), d_month_seq >= CAST(1200 AS INT)
|     mem-estimate=16.00MB mem-reservation=512.00KB thread-reservation=0
|     tuple-ids=5 row-size=8B cardinality=7.30K cost=196669
|     in pipelines: 04(GETNEXT)
|
07:HASH JOIN [INNER JOIN, BROADCAST]
|  hash-table-id=01
|  hash predicates: cs_call_center_sk = cc_call_center_sk
|  fk/pk conjuncts: cs_call_center_sk = cc_call_center_sk
|  mem-estimate=0B mem-reservation=0B spill-buffer=64.00KB thread-reservation=0
|  tuple-ids=0,1,3,4 row-size=105B cardinality=1.44M cost=1441548
|  in pipelines: 00(GETNEXT), 03(OPEN)
|
|--F08:PLAN FRAGMENT [RANDOM] hosts=3 instances=3
|  |  Per-Instance Resources: mem-estimate=8.77MB mem-reservation=8.75MB thread-reservation=1 runtime-filters-memory=1.00MB
|  |  max-parallelism=3 segment-costs=[9]
|  JOIN BUILD
|  |  join-table-id=01 plan-id=02 cohort-id=01
|  |  build expressions: cc_call_center_sk
|  |  runtime filters: RF002[bloom] <- cc_call_center_sk, RF003[min_max] <- cc_call_center_sk
|  |  mem-estimate=7.75MB mem-reservation=7.75MB spill-buffer=64.00KB thread-reservation=0 cost=6
|  |
|  13:EXCHANGE [BROADCAST]
|  |  mem-estimate=16.00KB mem-reservation=0B thread-reservation=0
|  |  tuple-ids=4 row-size=28B cardinality=6 cost=3
|  |  in pipelines: 03(GETNEXT)
|  |
|  F03:PLAN FRAGMENT [RANDOM] hosts=1 instances=1
|  Per-Instance Resources: mem-estimate=16.12MB mem-reservation=16.00KB thread-reservation=1
|  max-parallelism=1 segment-costs=[50002]
|  03:SCAN HDFS [tpcds_partitioned_parquet_snap.call_center, RANDOM]
|     HDFS partitions=1/1 files=1 size=10.28KB
|     stored statistics:
|       table: rows=6 size=10.28KB
|       columns: all
|     extrapolated-rows=disabled max-scan-range-rows=6
|     mem-estimate=16.00MB mem-reservation=16.00KB thread-reservation=0
|     tuple-ids=4 row-size=28B cardinality=6 cost=50001
|     in pipelines: 03(GETNEXT)
|
06:HASH JOIN [INNER JOIN, BROADCAST]
|  hash-table-id=02
|  hash predicates: cs_ship_mode_sk = sm_ship_mode_sk
|  fk/pk conjuncts: cs_ship_mode_sk = sm_ship_mode_sk
|  mem-estimate=0B mem-reservation=0B spill-buffer=64.00KB thread-reservation=0
|  tuple-ids=0,1,3 row-size=77B cardinality=1.44M cost=1441548
|  in pipelines: 00(GETNEXT), 02(OPEN)
|
|--F09:PLAN FRAGMENT [RANDOM] hosts=3 instances=3
|  |  Per-Instance Resources: mem-estimate=8.77MB mem-reservation=8.75MB thread-reservation=1 runtime-filters-memory=1.00MB
|  |  max-parallelism=3 segment-costs=[23]
|  JOIN BUILD
|  |  join-table-id=02 plan-id=03 cohort-id=01
|  |  build expressions: sm_ship_mode_sk
|  |  runtime filters: RF004[bloom] <- sm_ship_mode_sk, RF005[min_max] <- sm_ship_mode_sk
|  |  mem-estimate=7.75MB mem-reservation=7.75MB spill-buffer=64.00KB thread-reservation=0 cost=20
|  |
|  12:EXCHANGE [BROADCAST]
|  |  mem-estimate=16.00KB mem-reservation=0B thread-reservation=0
|  |  tuple-ids=3 row-size=24B cardinality=20 cost=3
|  |  in pipelines: 02(GETNEXT)
|  |
|  F02:PLAN FRAGMENT [RANDOM] hosts=1 instances=1
|  Per-Instance Resources: mem-estimate=16.11MB mem-reservation=16.00KB thread-reservation=1
|  max-parallelism=1 segment-costs=[50002]
|  02:SCAN HDFS [tpcds_partitioned_parquet_snap.ship_mode, RANDOM]
|     HDFS partitions=1/1 files=1 size=2.68KB
|     stored statistics:
|       table: rows=20 size=2.68KB
|       columns: all
|     extrapolated-rows=disabled max-scan-range-rows=20
|     mem-estimate=16.00MB mem-reservation=16.00KB thread-reservation=0
|     tuple-ids=3 row-size=24B cardinality=20 cost=50001
|     in pipelines: 02(GETNEXT)
|
05:HASH JOIN [INNER JOIN, BROADCAST]
|  hash-table-id=03
|  hash predicates: cs_warehouse_sk = tpcds_partitioned_parquet_snap.warehouse.w_warehouse_sk
|  fk/pk conjuncts: cs_warehouse_sk = tpcds_partitioned_parquet_snap.warehouse.w_warehouse_sk
|  mem-estimate=0B mem-reservation=0B spill-buffer=64.00KB thread-reservation=0
|  tuple-ids=0,1 row-size=54B cardinality=1.44M cost=1441548
|  in pipelines: 00(GETNEXT), 01(OPEN)
|
|--F10:PLAN FRAGMENT [RANDOM] hosts=3 instances=3
|  |  Per-Instance Resources: mem-estimate=8.77MB mem-reservation=8.75MB thread-reservation=1 runtime-filters-memory=1.00MB
|  |  max-parallelism=3 segment-costs=[8]
|  JOIN BUILD
|  |  join-table-id=03 plan-id=04 cohort-id=01
|  |  build expressions: tpcds_partitioned_parquet_snap.warehouse.w_warehouse_sk
|  |  runtime filters: RF006[bloom] <- tpcds_partitioned_parquet_snap.warehouse.w_warehouse_sk, RF007[min_max] <- tpcds_partitioned_parquet_snap.warehouse.w_warehouse_sk
|  |  mem-estimate=7.75MB mem-reservation=7.75MB spill-buffer=64.00KB thread-reservation=0 cost=5
|  |
|  11:EXCHANGE [BROADCAST]
|  |  mem-estimate=16.00KB mem-reservation=0B thread-reservation=0
|  |  tuple-ids=1 row-size=34B cardinality=5 cost=3
|  |  in pipelines: 01(GETNEXT)
|  |
|  F01:PLAN FRAGMENT [RANDOM] hosts=1 instances=1
|  Per-Instance Resources: mem-estimate=16.15MB mem-reservation=16.00KB thread-reservation=1
|  max-parallelism=1 segment-costs=[50002]
|  01:SCAN HDFS [tpcds_partitioned_parquet_snap.warehouse, RANDOM]
|     HDFS partitions=1/1 files=1 size=4.38KB
|     stored statistics:
|       table: rows=5 size=4.38KB
|       columns: all
|     extrapolated-rows=disabled max-scan-range-rows=5
|     mem-estimate=16.00MB mem-reservation=16.00KB thread-reservation=0
|     tuple-ids=1 row-size=34B cardinality=5 cost=50001
|     in pipelines: 01(GETNEXT)
|
00:SCAN HDFS [tpcds_partitioned_parquet_snap.catalog_sales, RANDOM]
   HDFS partitions=1831/1831 files=1831 size=151.13MB
   runtime filters: RF001[min_max] -> cs_ship_date_sk, RF003[min_max] -> cs_call_center_sk, RF005[min_max] -> cs_ship_mode_sk, RF007[min_max] -> cs_warehouse_sk, RF000[bloom] -> cs_ship_date_sk, RF002[bloom] -> cs_call_center_sk, RF004[bloom] -> cs_ship_mode_sk, RF006[bloom] -> cs_warehouse_sk
   stored statistics:
     table: rows=1.44M size=151.13MB
     partitions: 1831/1831 rows=1.44M
     columns: all
   extrapolated-rows=disabled max-scan-range-rows=7.18K
   mem-estimate=16.00MB mem-reservation=128.00KB thread-reservation=0
   tuple-ids=0 row-size=20B cardinality=1.44M cost=91578160
   in pipelines: 00(GETNEXT)
---- PARALLELPLANS
Max Per-Host Resource Reservation: Memory=55.92MB Threads=15
Per-Host Resource Estimates: Memory=241MB
F06:PLAN FRAGMENT [UNPARTITIONED] hosts=1 instances=1
|  Per-Instance Resources: mem-estimate=4.04MB mem-reservation=4.00MB thread-reservation=1
|  max-parallelism=1 segment-costs=[583] cpu-comparison-result=16 [max(1 (self) vs 16 (sum children))]
PLAN-ROOT SINK
|  output exprs: w_substr, sm_type, lower(cc_name), sum(CASE WHEN (cs_ship_date_sk - cs_sold_date_sk <= 30) THEN 1 ELSE 0 END), sum(CASE WHEN (cs_ship_date_sk - cs_sold_date_sk > 30) AND (cs_ship_date_sk - cs_sold_date_sk <= 60) THEN 1 ELSE 0 END), sum(CASE WHEN (cs_ship_date_sk - cs_sold_date_sk > 60) AND (cs_ship_date_sk - cs_sold_date_sk <= 90) THEN 1 ELSE 0 END), sum(CASE WHEN (cs_ship_date_sk - cs_sold_date_sk > 90) AND (cs_ship_date_sk - cs_sold_date_sk <= 120) THEN 1 ELSE 0 END), sum(CASE WHEN (cs_ship_date_sk - cs_sold_date_sk > 120) THEN 1 ELSE 0 END)
|  mem-estimate=4.00MB mem-reservation=4.00MB spill-buffer=2.00MB thread-reservation=0 cost=576
|
17:MERGING-EXCHANGE [UNPARTITIONED]
|  order by: w_substr ASC, sm_type ASC, lower(cc_name) ASC
|  limit: 100
|  mem-estimate=38.87KB mem-reservation=0B thread-reservation=0
|  tuple-ids=7 row-size=84B cardinality=72 cost=7
|  in pipelines: 10(GETNEXT)
|
F05:PLAN FRAGMENT [HASH(w_substr,sm_type,cc_name)] hosts=3 instances=6 (adjusted from 48)
Per-Instance Resources: mem-estimate=10.08MB mem-reservation=1.94MB thread-reservation=1
max-parallelism=6 segment-costs=[583, 216, 7] cpu-comparison-result=16 [max(6 (self) vs 16 (sum children))]
10:TOP-N [LIMIT=100]
|  order by: w_substr ASC, sm_type ASC, lower(cc_name) ASC
|  materialized: lower(cc_name)
|  mem-estimate=5.87KB mem-reservation=0B thread-reservation=0
|  tuple-ids=7 row-size=84B cardinality=72 cost=216
|  in pipelines: 10(GETNEXT), 16(OPEN)
|
16:AGGREGATE [FINALIZE]
|  output: sum:merge(CASE WHEN (cs_ship_date_sk - cs_sold_date_sk <= 30) THEN 1 ELSE 0 END), sum:merge(CASE WHEN (cs_ship_date_sk - cs_sold_date_sk > 30) AND (cs_ship_date_sk - cs_sold_date_sk <= 60) THEN 1 ELSE 0 END), sum:merge(CASE WHEN (cs_ship_date_sk - cs_sold_date_sk > 60) AND (cs_ship_date_sk - cs_sold_date_sk <= 90) THEN 1 ELSE 0 END), sum:merge(CASE WHEN (cs_ship_date_sk - cs_sold_date_sk > 90) AND (cs_ship_date_sk - cs_sold_date_sk <= 120) THEN 1 ELSE 0 END), sum:merge(CASE WHEN (cs_ship_date_sk - cs_sold_date_sk > 120) THEN 1 ELSE 0 END)
|  group by: w_substr, sm_type, cc_name
|  mem-estimate=10.00MB mem-reservation=1.94MB spill-buffer=64.00KB thread-reservation=0
|  tuple-ids=6 row-size=95B cardinality=72 cost=576
|  in pipelines: 16(GETNEXT), 00(OPEN)
|
15:EXCHANGE [HASH(w_substr,sm_type,cc_name)]
|  mem-estimate=86.05KB mem-reservation=0B thread-reservation=0
|  tuple-ids=6 row-size=95B cardinality=72 cost=7
|  in pipelines: 00(GETNEXT)
|
F00:PLAN FRAGMENT [RANDOM] hosts=3 instances=12 (adjusted from 48)
Per-Host Shared Resources: mem-estimate=4.00MB mem-reservation=4.00MB thread-reservation=0 runtime-filters-memory=4.00MB
Per-Instance Resources: mem-estimate=28.33MB mem-reservation=2.12MB thread-reservation=1
max-parallelism=12 segment-costs=[108876736, 7] cpu-comparison-result=16 [max(12 (self) vs 16 (sum children))]
09:AGGREGATE [STREAMING]
|  output: sum(CAST(CASE WHEN (CAST(cs_ship_date_sk AS BIGINT) - CAST(cs_sold_date_sk AS BIGINT) <= CAST(30 AS BIGINT)) THEN CAST(1 AS TINYINT) ELSE CAST(0 AS TINYINT) END AS BIGINT)), sum(CAST(CASE WHEN (CAST(cs_ship_date_sk AS BIGINT) - CAST(cs_sold_date_sk AS BIGINT) > CAST(30 AS BIGINT)) AND (CAST(cs_ship_date_sk AS BIGINT) - CAST(cs_sold_date_sk AS BIGINT) <= CAST(60 AS BIGINT)) THEN CAST(1 AS TINYINT) ELSE CAST(0 AS TINYINT) END AS BIGINT)), sum(CAST(CASE WHEN (CAST(cs_ship_date_sk AS BIGINT) - CAST(cs_sold_date_sk AS BIGINT) > CAST(60 AS BIGINT)) AND (CAST(cs_ship_date_sk AS BIGINT) - CAST(cs_sold_date_sk AS BIGINT) <= CAST(90 AS BIGINT)) THEN CAST(1 AS TINYINT) ELSE CAST(0 AS TINYINT) END AS BIGINT)), sum(CAST(CASE WHEN (CAST(cs_ship_date_sk AS BIGINT) - CAST(cs_sold_date_sk AS BIGINT) > CAST(90 AS BIGINT)) AND (CAST(cs_ship_date_sk AS BIGINT) - CAST(cs_sold_date_sk AS BIGINT) <= CAST(120 AS BIGINT)) THEN CAST(1 AS TINYINT) ELSE CAST(0 AS TINYINT) END AS BIGINT)), sum(CAST(CASE WHEN (CAST(cs_ship_date_sk AS BIGINT) - CAST(cs_sold_date_sk AS BIGINT) > CAST(120 AS BIGINT)) THEN CAST(1 AS TINYINT) ELSE CAST(0 AS TINYINT) END AS BIGINT))
|  group by: substring(w_warehouse_name, CAST(1 AS BIGINT), CAST(20 AS BIGINT)), sm_type, cc_name
|  mem-estimate=10.00MB mem-reservation=2.00MB spill-buffer=64.00KB thread-reservation=0
|  tuple-ids=6 row-size=95B cardinality=72 cost=11532384
|  in pipelines: 00(GETNEXT)
|
08:HASH JOIN [INNER JOIN, BROADCAST]
|  hash-table-id=00
|  hash predicates: cs_ship_date_sk = d_date_sk
|  fk/pk conjuncts: cs_ship_date_sk = d_date_sk
|  mem-estimate=0B mem-reservation=0B spill-buffer=64.00KB thread-reservation=0
|  tuple-ids=0,1,3,4,5 row-size=113B cardinality=1.44M cost=1441548
|  in pipelines: 00(GETNEXT), 04(OPEN)
|
|--F07:PLAN FRAGMENT [RANDOM] hosts=3 instances=3
|  |  Per-Instance Resources: mem-estimate=8.82MB mem-reservation=8.75MB thread-reservation=1 runtime-filters-memory=1.00MB
|  |  max-parallelism=3 segment-costs=[7563]
|  JOIN BUILD
|  |  join-table-id=00 plan-id=01 cohort-id=01
|  |  build expressions: d_date_sk
|  |  runtime filters: RF000[bloom] <- d_date_sk, RF001[min_max] <- d_date_sk
|  |  mem-estimate=7.75MB mem-reservation=7.75MB spill-buffer=64.00KB thread-reservation=0 cost=7305
|  |
|  14:EXCHANGE [BROADCAST]
|  |  mem-estimate=69.07KB mem-reservation=0B thread-reservation=0
|  |  tuple-ids=5 row-size=8B cardinality=7.30K cost=258
|  |  in pipelines: 04(GETNEXT)
|  |
|  F04:PLAN FRAGMENT [RANDOM] hosts=1 instances=1
|  Per-Instance Resources: mem-estimate=16.05MB mem-reservation=512.00KB thread-reservation=1
|  max-parallelism=1 segment-costs=[196755]
|  04:SCAN HDFS [tpcds_partitioned_parquet_snap.date_dim, RANDOM]
|     HDFS partitions=1/1 files=1 size=2.15MB
|     predicates: d_month_seq <= CAST(1211 AS INT), d_month_seq >= CAST(1200 AS INT)
|     stored statistics:
|       table: rows=73.05K size=2.15MB
|       columns: all
|     extrapolated-rows=disabled max-scan-range-rows=73.05K
|     parquet statistics predicates: d_month_seq <= CAST(1211 AS INT), d_month_seq >= CAST(1200 AS INT)
|     parquet dictionary predicates: d_month_seq <= CAST(1211 AS INT), d_month_seq >= CAST(1200 AS INT)
|     mem-estimate=16.00MB mem-reservation=512.00KB thread-reservation=0
|     tuple-ids=5 row-size=8B cardinality=7.30K cost=196669
|     in pipelines: 04(GETNEXT)
|
07:HASH JOIN [INNER JOIN, BROADCAST]
|  hash-table-id=01
|  hash predicates: cs_call_center_sk = cc_call_center_sk
|  fk/pk conjuncts: cs_call_center_sk = cc_call_center_sk
|  mem-estimate=0B mem-reservation=0B spill-buffer=64.00KB thread-reservation=0
|  tuple-ids=0,1,3,4 row-size=105B cardinality=1.44M cost=1441548
|  in pipelines: 00(GETNEXT), 03(OPEN)
|
|--F08:PLAN FRAGMENT [RANDOM] hosts=3 instances=3
|  |  Per-Instance Resources: mem-estimate=8.77MB mem-reservation=8.75MB thread-reservation=1 runtime-filters-memory=1.00MB
|  |  max-parallelism=3 segment-costs=[9]
|  JOIN BUILD
|  |  join-table-id=01 plan-id=02 cohort-id=01
|  |  build expressions: cc_call_center_sk
|  |  runtime filters: RF002[bloom] <- cc_call_center_sk, RF003[min_max] <- cc_call_center_sk
|  |  mem-estimate=7.75MB mem-reservation=7.75MB spill-buffer=64.00KB thread-reservation=0 cost=6
|  |
|  13:EXCHANGE [BROADCAST]
|  |  mem-estimate=16.00KB mem-reservation=0B thread-reservation=0
|  |  tuple-ids=4 row-size=28B cardinality=6 cost=3
|  |  in pipelines: 03(GETNEXT)
|  |
|  F03:PLAN FRAGMENT [RANDOM] hosts=1 instances=1
|  Per-Instance Resources: mem-estimate=16.12MB mem-reservation=16.00KB thread-reservation=1
|  max-parallelism=1 segment-costs=[50002]
|  03:SCAN HDFS [tpcds_partitioned_parquet_snap.call_center, RANDOM]
|     HDFS partitions=1/1 files=1 size=10.28KB
|     stored statistics:
|       table: rows=6 size=10.28KB
|       columns: all
|     extrapolated-rows=disabled max-scan-range-rows=6
|     mem-estimate=16.00MB mem-reservation=16.00KB thread-reservation=0
|     tuple-ids=4 row-size=28B cardinality=6 cost=50001
|     in pipelines: 03(GETNEXT)
|
06:HASH JOIN [INNER JOIN, BROADCAST]
|  hash-table-id=02
|  hash predicates: cs_ship_mode_sk = sm_ship_mode_sk
|  fk/pk conjuncts: cs_ship_mode_sk = sm_ship_mode_sk
|  mem-estimate=0B mem-reservation=0B spill-buffer=64.00KB thread-reservation=0
|  tuple-ids=0,1,3 row-size=77B cardinality=1.44M cost=1441548
|  in pipelines: 00(GETNEXT), 02(OPEN)
|
|--F09:PLAN FRAGMENT [RANDOM] hosts=3 instances=3
|  |  Per-Instance Resources: mem-estimate=8.77MB mem-reservation=8.75MB thread-reservation=1 runtime-filters-memory=1.00MB
|  |  max-parallelism=3 segment-costs=[23]
|  JOIN BUILD
|  |  join-table-id=02 plan-id=03 cohort-id=01
|  |  build expressions: sm_ship_mode_sk
|  |  runtime filters: RF004[bloom] <- sm_ship_mode_sk, RF005[min_max] <- sm_ship_mode_sk
|  |  mem-estimate=7.75MB mem-reservation=7.75MB spill-buffer=64.00KB thread-reservation=0 cost=20
|  |
|  12:EXCHANGE [BROADCAST]
|  |  mem-estimate=16.00KB mem-reservation=0B thread-reservation=0
|  |  tuple-ids=3 row-size=24B cardinality=20 cost=3
|  |  in pipelines: 02(GETNEXT)
|  |
|  F02:PLAN FRAGMENT [RANDOM] hosts=1 instances=1
|  Per-Instance Resources: mem-estimate=16.11MB mem-reservation=16.00KB thread-reservation=1
|  max-parallelism=1 segment-costs=[50002]
|  02:SCAN HDFS [tpcds_partitioned_parquet_snap.ship_mode, RANDOM]
|     HDFS partitions=1/1 files=1 size=2.68KB
|     stored statistics:
|       table: rows=20 size=2.68KB
|       columns: all
|     extrapolated-rows=disabled max-scan-range-rows=20
|     mem-estimate=16.00MB mem-reservation=16.00KB thread-reservation=0
|     tuple-ids=3 row-size=24B cardinality=20 cost=50001
|     in pipelines: 02(GETNEXT)
|
05:HASH JOIN [INNER JOIN, BROADCAST]
|  hash-table-id=03
|  hash predicates: cs_warehouse_sk = tpcds_partitioned_parquet_snap.warehouse.w_warehouse_sk
|  fk/pk conjuncts: cs_warehouse_sk = tpcds_partitioned_parquet_snap.warehouse.w_warehouse_sk
|  mem-estimate=0B mem-reservation=0B spill-buffer=64.00KB thread-reservation=0
|  tuple-ids=0,1 row-size=54B cardinality=1.44M cost=1441548
|  in pipelines: 00(GETNEXT), 01(OPEN)
|
|--F10:PLAN FRAGMENT [RANDOM] hosts=3 instances=3
|  |  Per-Instance Resources: mem-estimate=8.77MB mem-reservation=8.75MB thread-reservation=1 runtime-filters-memory=1.00MB
|  |  max-parallelism=3 segment-costs=[8]
|  JOIN BUILD
|  |  join-table-id=03 plan-id=04 cohort-id=01
|  |  build expressions: tpcds_partitioned_parquet_snap.warehouse.w_warehouse_sk
|  |  runtime filters: RF006[bloom] <- tpcds_partitioned_parquet_snap.warehouse.w_warehouse_sk, RF007[min_max] <- tpcds_partitioned_parquet_snap.warehouse.w_warehouse_sk
|  |  mem-estimate=7.75MB mem-reservation=7.75MB spill-buffer=64.00KB thread-reservation=0 cost=5
|  |
|  11:EXCHANGE [BROADCAST]
|  |  mem-estimate=16.00KB mem-reservation=0B thread-reservation=0
|  |  tuple-ids=1 row-size=34B cardinality=5 cost=3
|  |  in pipelines: 01(GETNEXT)
|  |
|  F01:PLAN FRAGMENT [RANDOM] hosts=1 instances=1
|  Per-Instance Resources: mem-estimate=16.15MB mem-reservation=16.00KB thread-reservation=1
|  max-parallelism=1 segment-costs=[50002]
|  01:SCAN HDFS [tpcds_partitioned_parquet_snap.warehouse, RANDOM]
|     HDFS partitions=1/1 files=1 size=4.38KB
|     stored statistics:
|       table: rows=5 size=4.38KB
|       columns: all
|     extrapolated-rows=disabled max-scan-range-rows=5
|     mem-estimate=16.00MB mem-reservation=16.00KB thread-reservation=0
|     tuple-ids=1 row-size=34B cardinality=5 cost=50001
|     in pipelines: 01(GETNEXT)
|
00:SCAN HDFS [tpcds_partitioned_parquet_snap.catalog_sales, RANDOM]
   HDFS partitions=1831/1831 files=1831 size=151.13MB
   runtime filters: RF001[min_max] -> cs_ship_date_sk, RF003[min_max] -> cs_call_center_sk, RF005[min_max] -> cs_ship_mode_sk, RF007[min_max] -> cs_warehouse_sk, RF000[bloom] -> cs_ship_date_sk, RF002[bloom] -> cs_call_center_sk, RF004[bloom] -> cs_ship_mode_sk, RF006[bloom] -> cs_warehouse_sk
   stored statistics:
     table: rows=1.44M size=151.13MB
     partitions: 1831/1831 rows=1.44M
     columns: all
   extrapolated-rows=disabled max-scan-range-rows=7.18K
   mem-estimate=16.00MB mem-reservation=128.00KB thread-reservation=0
   tuple-ids=0 row-size=20B cardinality=1.44M cost=91578160
   in pipelines: 00(GETNEXT)
====
