# TPCDS-Q38
SELECT count(*)
FROM
  (SELECT DISTINCT c_last_name,
                   c_first_name,
                   d_date
   FROM store_sales,
        date_dim,
        customer
   WHERE store_sales.ss_sold_date_sk = date_dim.d_date_sk
     AND store_sales.ss_customer_sk = customer.c_customer_sk
     AND d_month_seq BETWEEN 1200 AND 1200 + 11 INTERSECT
     SELECT DISTINCT c_last_name,
                     c_first_name,
                     d_date
     FROM catalog_sales,
          date_dim,
          customer WHERE catalog_sales.cs_sold_date_sk = date_dim.d_date_sk
     AND catalog_sales.cs_bill_customer_sk = customer.c_customer_sk
     AND d_month_seq BETWEEN 1200 AND 1200 + 11 INTERSECT
     SELECT DISTINCT c_last_name,
                     c_first_name,
                     d_date
     FROM web_sales,
          date_dim,
          customer WHERE web_sales.ws_sold_date_sk = date_dim.d_date_sk
     AND web_sales.ws_bill_customer_sk = customer.c_customer_sk
     AND d_month_seq BETWEEN 1200 AND 1200 + 11 ) hot_cust
LIMIT 100
---- PLAN
Max Per-Host Resource Reservation: Memory=190.94MB Threads=1
Per-Host Resource Estimates: Memory=564MB
F00:PLAN FRAGMENT [UNPARTITIONED] hosts=1 instances=1
|  Per-Instance Resources: mem-estimate=564.27MB mem-reservation=190.94MB thread-reservation=1 runtime-filters-memory=10.00MB
|  max-parallelism=1 segment-costs=[105983963, 99128451, 95161991, 26645624, 0]
PLAN-ROOT SINK
|  output exprs: count(*)
|  mem-estimate=0B mem-reservation=0B thread-reservation=0 cost=0
|
20:AGGREGATE [FINALIZE]
|  output: count(*)
|  limit: 100
|  mem-estimate=16.00KB mem-reservation=0B spill-buffer=2.00MB thread-reservation=0
|  tuple-ids=16 row-size=8B cardinality=1 cost=2880404
|  in pipelines: 20(GETNEXT), 05(OPEN)
|
19:HASH JOIN [INNER JOIN]
|  hash predicates: c_first_name IS NOT DISTINCT FROM c_first_name, c_last_name IS NOT DISTINCT FROM c_last_name, d_date IS NOT DISTINCT FROM d_date
|  fk/pk conjuncts: assumed fk/pk
|  runtime filters: RF000[bloom] <- c_first_name, RF001[bloom] <- c_last_name, RF002[bloom] <- d_date
|  mem-estimate=63.77MB mem-reservation=34.00MB spill-buffer=2.00MB thread-reservation=0
|  tuple-ids=3,8,13 row-size=174B cardinality=2.88M cost=10799364
|  in pipelines: 05(GETNEXT), 17(OPEN)
|
|--17:AGGREGATE [FINALIZE]
|  |  group by: c_last_name, c_first_name, d_date
|  |  mem-estimate=48.00MB mem-reservation=34.00MB spill-buffer=2.00MB thread-reservation=0
|  |  tuple-ids=13 row-size=58B cardinality=719.38K cost=2158152
|  |  in pipelines: 17(GETNEXT), 12(OPEN)
|  |
|  16:HASH JOIN [INNER JOIN]
|  |  hash predicates: web_sales.ws_bill_customer_sk = customer.c_customer_sk
|  |  fk/pk conjuncts: web_sales.ws_bill_customer_sk = customer.c_customer_sk
|  |  runtime filters: RF015[min_max] <- customer.c_customer_sk
|  |  mem-estimate=8.50MB mem-reservation=8.50MB spill-buffer=512.00KB thread-reservation=0
|  |  tuple-ids=10,11,12 row-size=78B cardinality=719.38K cost=819384
|  |  in pipelines: 12(GETNEXT), 14(OPEN)
|  |
|  |--14:SCAN HDFS [tpcds_partitioned_parquet_snap.customer]
|  |     HDFS partitions=1/1 files=1 size=5.49MB
|  |     stored statistics:
|  |       table: rows=100.00K size=5.49MB
|  |       columns: all
|  |     extrapolated-rows=disabled max-scan-range-rows=100.00K
|  |     mem-estimate=16.00MB mem-reservation=1.00MB thread-reservation=0
|  |     tuple-ids=12 row-size=40B cardinality=100.00K cost=53903
|  |     in pipelines: 14(GETNEXT)
|  |
|  15:HASH JOIN [INNER JOIN]
|  |  hash predicates: web_sales.ws_sold_date_sk = date_dim.d_date_sk
|  |  fk/pk conjuncts: web_sales.ws_sold_date_sk = date_dim.d_date_sk
|  |  mem-estimate=1.94MB mem-reservation=1.94MB spill-buffer=64.00KB thread-reservation=0
|  |  tuple-ids=10,11 row-size=38B cardinality=719.38K cost=726689
|  |  in pipelines: 12(GETNEXT), 13(OPEN)
|  |
|  |--13:SCAN HDFS [tpcds_partitioned_parquet_snap.date_dim]
|  |     HDFS partitions=1/1 files=1 size=2.15MB
|  |     predicates: d_month_seq <= CAST(1211 AS INT), d_month_seq >= CAST(1200 AS INT)
|  |     stored statistics:
|  |       table: rows=73.05K size=2.15MB
|  |       columns: all
|  |     extrapolated-rows=disabled max-scan-range-rows=73.05K
|  |     parquet statistics predicates: d_month_seq <= CAST(1211 AS INT), d_month_seq >= CAST(1200 AS INT)
|  |     parquet dictionary predicates: d_month_seq <= CAST(1211 AS INT), d_month_seq >= CAST(1200 AS INT)
|  |     mem-estimate=16.00MB mem-reservation=2.00MB thread-reservation=0
|  |     tuple-ids=11 row-size=30B cardinality=7.30K cost=198239
|  |     in pipelines: 13(GETNEXT)
|  |
|  12:SCAN HDFS [tpcds_partitioned_parquet_snap.web_sales]
|     HDFS partitions=1824/1824 files=1824 size=84.20MB
|     runtime filters: RF015[min_max] -> web_sales.ws_bill_customer_sk
|     stored statistics:
|       table: rows=719.38K size=84.20MB
|       partitions: 1824/1824 rows=719.38K
|       columns: all
|     extrapolated-rows=disabled max-scan-range-rows=1.12K
|     mem-estimate=16.00MB mem-reservation=128.00KB thread-reservation=0
|     tuple-ids=10 row-size=8B cardinality=719.38K cost=91205624
|     in pipelines: 12(GETNEXT)
|
18:HASH JOIN [INNER JOIN]
|  hash predicates: c_first_name IS NOT DISTINCT FROM c_first_name, c_last_name IS NOT DISTINCT FROM c_last_name, d_date IS NOT DISTINCT FROM d_date
|  fk/pk conjuncts: assumed fk/pk
|  runtime filters: RF003[bloom] <- c_first_name, RF004[bloom] <- c_last_name, RF005[bloom] <- d_date
|  mem-estimate=127.69MB mem-reservation=34.00MB spill-buffer=2.00MB thread-reservation=0
|  tuple-ids=3,8 row-size=116B cardinality=2.88M cost=12965856
|  in pipelines: 05(GETNEXT), 11(OPEN)
|
|--11:AGGREGATE [FINALIZE]
|  |  group by: c_last_name, c_first_name, d_date
|  |  mem-estimate=96.18MB mem-reservation=34.00MB spill-buffer=2.00MB thread-reservation=0
|  |  tuple-ids=8 row-size=58B cardinality=1.44M cost=4324644
|  |  in pipelines: 11(GETNEXT), 06(OPEN)
|  |
|  10:HASH JOIN [INNER JOIN]
|  |  hash predicates: catalog_sales.cs_bill_customer_sk = customer.c_customer_sk
|  |  fk/pk conjuncts: catalog_sales.cs_bill_customer_sk = customer.c_customer_sk
|  |  runtime filters: RF010[bloom] <- customer.c_customer_sk, RF011[min_max] <- customer.c_customer_sk
|  |  mem-estimate=8.50MB mem-reservation=8.50MB spill-buffer=512.00KB thread-reservation=0
|  |  tuple-ids=5,6,7 row-size=78B cardinality=1.44M cost=1541548
|  |  in pipelines: 06(GETNEXT), 08(OPEN)
|  |
|  |--08:SCAN HDFS [tpcds_partitioned_parquet_snap.customer]
|  |     HDFS partitions=1/1 files=1 size=5.49MB
|  |     stored statistics:
|  |       table: rows=100.00K size=5.49MB
|  |       columns: all
|  |     extrapolated-rows=disabled max-scan-range-rows=100.00K
|  |     mem-estimate=16.00MB mem-reservation=1.00MB thread-reservation=0
|  |     tuple-ids=7 row-size=40B cardinality=100.00K cost=53903
|  |     in pipelines: 08(GETNEXT)
|  |
|  09:HASH JOIN [INNER JOIN]
|  |  hash predicates: catalog_sales.cs_sold_date_sk = date_dim.d_date_sk
|  |  fk/pk conjuncts: catalog_sales.cs_sold_date_sk = date_dim.d_date_sk
|  |  runtime filters: RF012[bloom] <- date_dim.d_date_sk
|  |  mem-estimate=1.94MB mem-reservation=1.94MB spill-buffer=64.00KB thread-reservation=0
|  |  tuple-ids=5,6 row-size=38B cardinality=1.44M cost=1448853
|  |  in pipelines: 06(GETNEXT), 07(OPEN)
|  |
|  |--07:SCAN HDFS [tpcds_partitioned_parquet_snap.date_dim]
|  |     HDFS partitions=1/1 files=1 size=2.15MB
|  |     predicates: d_month_seq <= CAST(1211 AS INT), d_month_seq >= CAST(1200 AS INT)
|  |     stored statistics:
|  |       table: rows=73.05K size=2.15MB
|  |       columns: all
|  |     extrapolated-rows=disabled max-scan-range-rows=73.05K
|  |     parquet statistics predicates: d_month_seq <= CAST(1211 AS INT), d_month_seq >= CAST(1200 AS INT)
|  |     parquet dictionary predicates: d_month_seq <= CAST(1211 AS INT), d_month_seq >= CAST(1200 AS INT)
|  |     mem-estimate=16.00MB mem-reservation=2.00MB thread-reservation=0
|  |     tuple-ids=6 row-size=30B cardinality=7.30K cost=198239
|  |     in pipelines: 07(GETNEXT)
|  |
|  06:SCAN HDFS [tpcds_partitioned_parquet_snap.catalog_sales]
|     HDFS partitions=1831/1831 files=1831 size=151.13MB
|     runtime filters: RF011[min_max] -> catalog_sales.cs_bill_customer_sk, RF010[bloom] -> catalog_sales.cs_bill_customer_sk, RF012[bloom] -> catalog_sales.cs_sold_date_sk
|     stored statistics:
|       table: rows=1.44M size=151.13MB
|       partitions: 1831/1831 rows=1.44M
|       columns: all
|     extrapolated-rows=disabled max-scan-range-rows=7.18K
|     mem-estimate=16.00MB mem-reservation=128.00KB thread-reservation=0
|     tuple-ids=5 row-size=8B cardinality=1.44M cost=91561264
|     in pipelines: 06(GETNEXT)
|
05:AGGREGATE [FINALIZE]
|  group by: c_last_name, c_first_name, d_date
|  mem-estimate=192.19MB mem-reservation=34.00MB spill-buffer=2.00MB thread-reservation=0
|  tuple-ids=3 row-size=58B cardinality=2.88M cost=8641212
|  in pipelines: 05(GETNEXT), 00(OPEN)
|
04:HASH JOIN [INNER JOIN]
|  hash predicates: store_sales.ss_customer_sk = customer.c_customer_sk
|  fk/pk conjuncts: store_sales.ss_customer_sk = customer.c_customer_sk
|  runtime filters: RF006[bloom] <- customer.c_customer_sk, RF007[min_max] <- customer.c_customer_sk
|  mem-estimate=8.50MB mem-reservation=8.50MB spill-buffer=512.00KB thread-reservation=0
|  tuple-ids=0,1,2 row-size=78B cardinality=2.88M cost=2980404
|  in pipelines: 00(GETNEXT), 02(OPEN)
|
|--02:SCAN HDFS [tpcds_partitioned_parquet_snap.customer]
|     HDFS partitions=1/1 files=1 size=5.49MB
|     runtime filters: RF000[bloom] -> tpcds_partitioned_parquet_snap.customer.c_first_name, RF001[bloom] -> tpcds_partitioned_parquet_snap.customer.c_last_name, RF003[bloom] -> tpcds_partitioned_parquet_snap.customer.c_first_name, RF004[bloom] -> tpcds_partitioned_parquet_snap.customer.c_last_name
|     stored statistics:
|       table: rows=100.00K size=5.49MB
|       columns: all
|     extrapolated-rows=disabled max-scan-range-rows=100.00K
|     mem-estimate=16.00MB mem-reservation=1.00MB thread-reservation=0
|     tuple-ids=2 row-size=40B cardinality=100.00K cost=53903
|     in pipelines: 02(GETNEXT)
|
03:HASH JOIN [INNER JOIN]
|  hash predicates: store_sales.ss_sold_date_sk = date_dim.d_date_sk
|  fk/pk conjuncts: store_sales.ss_sold_date_sk = date_dim.d_date_sk
|  runtime filters: RF008[bloom] <- date_dim.d_date_sk
|  mem-estimate=1.94MB mem-reservation=1.94MB spill-buffer=64.00KB thread-reservation=0
|  tuple-ids=0,1 row-size=38B cardinality=2.88M cost=2887709
|  in pipelines: 00(GETNEXT), 01(OPEN)
|
|--01:SCAN HDFS [tpcds_partitioned_parquet_snap.date_dim]
|     HDFS partitions=1/1 files=1 size=2.15MB
|     predicates: d_month_seq <= CAST(1211 AS INT), d_month_seq >= CAST(1200 AS INT)
|     runtime filters: RF002[bloom] -> tpcds_partitioned_parquet_snap.date_dim.d_date, RF005[bloom] -> tpcds_partitioned_parquet_snap.date_dim.d_date
|     stored statistics:
|       table: rows=73.05K size=2.15MB
|       columns: all
|     extrapolated-rows=disabled max-scan-range-rows=73.05K
|     parquet statistics predicates: d_month_seq <= CAST(1211 AS INT), d_month_seq >= CAST(1200 AS INT)
|     parquet dictionary predicates: d_month_seq <= CAST(1211 AS INT), d_month_seq >= CAST(1200 AS INT)
|     mem-estimate=16.00MB mem-reservation=2.00MB thread-reservation=0
|     tuple-ids=1 row-size=30B cardinality=7.30K cost=198239
|     in pipelines: 01(GETNEXT)
|
00:SCAN HDFS [tpcds_partitioned_parquet_snap.store_sales]
   HDFS partitions=1824/1824 files=1824 size=199.36MB
   runtime filters: RF007[min_max] -> store_sales.ss_customer_sk, RF006[bloom] -> store_sales.ss_customer_sk, RF008[bloom] -> store_sales.ss_sold_date_sk
   stored statistics:
     table: rows=2.88M size=199.36MB
     partitions: 1824/1824 rows=2.88M
     columns: all
   extrapolated-rows=disabled max-scan-range-rows=130.09K
   mem-estimate=16.00MB mem-reservation=512.00KB thread-reservation=0
   tuple-ids=0 row-size=8B cardinality=2.88M cost=91222496
   in pipelines: 00(GETNEXT)
---- DISTRIBUTEDPLAN
Max Per-Host Resource Reservation: Memory=542.25MB Threads=35
Per-Host Resource Estimates: Memory=982MB
F12:PLAN FRAGMENT [UNPARTITIONED] hosts=1 instances=1
|  Per-Instance Resources: mem-estimate=32.00KB mem-reservation=0B thread-reservation=1
|  max-parallelism=1 segment-costs=[2, 0] cpu-comparison-result=36 [max(1 (self) vs 36 (sum children))]
PLAN-ROOT SINK
|  output exprs: count(*)
|  mem-estimate=0B mem-reservation=0B thread-reservation=0 cost=0
|
36:AGGREGATE [FINALIZE]
|  output: count:merge(*)
|  limit: 100
|  mem-estimate=16.00KB mem-reservation=0B spill-buffer=2.00MB thread-reservation=0
|  tuple-ids=16 row-size=8B cardinality=1 cost=1
|  in pipelines: 36(GETNEXT), 20(OPEN)
|
35:EXCHANGE [UNPARTITIONED]
|  mem-estimate=16.00KB mem-reservation=0B thread-reservation=0
|  tuple-ids=16 row-size=8B cardinality=1 cost=1
|  in pipelines: 20(GETNEXT)
|
F03:PLAN FRAGMENT [HASH(c_last_name,c_first_name,d_date)] hosts=3 instances=6 (adjusted from 48)
Per-Instance Resources: mem-estimate=44.73MB mem-reservation=34.00MB thread-reservation=1
max-parallelism=6 segment-costs=[8815511, 20162828, 1] cpu-comparison-result=36 [max(6 (self) vs 36 (sum children))]
20:AGGREGATE
|  output: count(*)
|  mem-estimate=16.00KB mem-reservation=0B spill-buffer=2.00MB thread-reservation=0
|  tuple-ids=16 row-size=8B cardinality=1 cost=2880404
|  in pipelines: 20(GETNEXT), 24(OPEN)
|
19:HASH JOIN [INNER JOIN, PARTITIONED]
|  hash-table-id=00
|  hash predicates: c_first_name IS NOT DISTINCT FROM c_first_name, c_last_name IS NOT DISTINCT FROM c_last_name, d_date IS NOT DISTINCT FROM d_date
|  fk/pk conjuncts: assumed fk/pk
|  mem-estimate=0B mem-reservation=0B spill-buffer=1.00MB thread-reservation=0
|  tuple-ids=3,8,13 row-size=174B cardinality=2.88M cost=8641212
|  in pipelines: 24(GETNEXT), 33(OPEN)
|
|--F13:PLAN FRAGMENT [HASH(c_last_name,c_first_name,d_date)] hosts=3 instances=6 (adjusted from 48)
|  |  Per-Instance Resources: mem-estimate=30.36MB mem-reservation=20.00MB thread-reservation=1 runtime-filters-memory=3.00MB
|  |  max-parallelism=6 segment-costs=[2201684] cpu-comparison-result=12 [max(6 (self) vs 12 (sum children))]
|  JOIN BUILD
|  |  join-table-id=00 plan-id=01 cohort-id=01
|  |  build expressions: c_first_name, c_last_name, d_date
|  |  runtime filters: RF000[bloom] <- c_first_name, RF001[bloom] <- c_last_name, RF002[bloom] <- d_date
|  |  mem-estimate=17.00MB mem-reservation=17.00MB spill-buffer=1.00MB thread-reservation=0 cost=2158152
|  |
|  34:EXCHANGE [HASH(c_last_name,c_first_name,d_date)]
|  |  mem-estimate=10.36MB mem-reservation=0B thread-reservation=0
|  |  tuple-ids=13 row-size=58B cardinality=719.38K cost=43532
|  |  in pipelines: 33(GETNEXT)
|  |
|  F11:PLAN FRAGMENT [HASH(c_last_name,c_first_name,d_date)] hosts=3 instances=6 (adjusted from 48)
|  Per-Instance Resources: mem-estimate=20.73MB mem-reservation=8.50MB thread-reservation=1
|  max-parallelism=6 segment-costs=[2201684, 43532] cpu-comparison-result=12 [max(6 (self) vs 12 (sum children))]
|  33:AGGREGATE [FINALIZE]
|  |  group by: c_last_name, c_first_name, d_date
|  |  mem-estimate=10.00MB mem-reservation=8.50MB spill-buffer=512.00KB thread-reservation=0
|  |  tuple-ids=13 row-size=58B cardinality=719.38K cost=2158152
|  |  in pipelines: 33(GETNEXT), 12(OPEN)
|  |
|  32:EXCHANGE [HASH(c_last_name,c_first_name,d_date)]
|  |  mem-estimate=10.73MB mem-reservation=0B thread-reservation=0
|  |  tuple-ids=13 row-size=58B cardinality=719.38K cost=43532
|  |  in pipelines: 12(GETNEXT)
|  |
|  F08:PLAN FRAGMENT [RANDOM] hosts=3 instances=12 (adjusted from 48)
|  Per-Instance Resources: mem-estimate=27.45MB mem-reservation=5.12MB thread-reservation=1
|  max-parallelism=12 segment-costs=[94802544, 43532] cpu-comparison-result=12 [max(12 (self) vs 8 (sum children))]
|  17:AGGREGATE [STREAMING]
|  |  group by: c_last_name, c_first_name, d_date
|  |  mem-estimate=10.00MB mem-reservation=5.00MB spill-buffer=256.00KB thread-reservation=0
|  |  tuple-ids=13 row-size=58B cardinality=719.38K cost=2158152
|  |  in pipelines: 12(GETNEXT)
|  |
|  16:HASH JOIN [INNER JOIN, BROADCAST]
|  |  hash-table-id=01
|  |  hash predicates: web_sales.ws_bill_customer_sk = customer.c_customer_sk
|  |  fk/pk conjuncts: web_sales.ws_bill_customer_sk = customer.c_customer_sk
|  |  mem-estimate=0B mem-reservation=0B spill-buffer=512.00KB thread-reservation=0
|  |  tuple-ids=10,11,12 row-size=78B cardinality=719.38K cost=719384
|  |  in pipelines: 12(GETNEXT), 14(OPEN)
|  |
|  |--F14:PLAN FRAGMENT [RANDOM] hosts=3 instances=3
|  |  |  Per-Instance Resources: mem-estimate=37.85MB mem-reservation=34.00MB thread-reservation=1
|  |  |  max-parallelism=3 segment-costs=[112882]
|  |  JOIN BUILD
|  |  |  join-table-id=01 plan-id=02 cohort-id=02
|  |  |  build expressions: customer.c_customer_sk
|  |  |  runtime filters: RF015[min_max] <- customer.c_customer_sk
|  |  |  mem-estimate=34.00MB mem-reservation=34.00MB spill-buffer=512.00KB thread-reservation=0 cost=100000
|  |  |
|  |  31:EXCHANGE [BROADCAST]
|  |  |  mem-estimate=3.85MB mem-reservation=0B thread-reservation=0
|  |  |  tuple-ids=12 row-size=40B cardinality=100.00K cost=12882
|  |  |  in pipelines: 14(GETNEXT)
|  |  |
|  |  F10:PLAN FRAGMENT [RANDOM] hosts=1 instances=1
|  |  Per-Instance Resources: mem-estimate=16.17MB mem-reservation=1.00MB thread-reservation=1
|  |  max-parallelism=1 segment-costs=[58197]
|  |  14:SCAN HDFS [tpcds_partitioned_parquet_snap.customer, RANDOM]
|  |     HDFS partitions=1/1 files=1 size=5.49MB
|  |     stored statistics:
|  |       table: rows=100.00K size=5.49MB
|  |       columns: all
|  |     extrapolated-rows=disabled max-scan-range-rows=100.00K
|  |     mem-estimate=16.00MB mem-reservation=1.00MB thread-reservation=0
|  |     tuple-ids=12 row-size=40B cardinality=100.00K cost=53903
|  |     in pipelines: 14(GETNEXT)
|  |
|  15:HASH JOIN [INNER JOIN, BROADCAST]
|  |  hash-table-id=02
|  |  hash predicates: web_sales.ws_sold_date_sk = date_dim.d_date_sk
|  |  fk/pk conjuncts: web_sales.ws_sold_date_sk = date_dim.d_date_sk
|  |  mem-estimate=0B mem-reservation=0B spill-buffer=64.00KB thread-reservation=0
|  |  tuple-ids=10,11 row-size=38B cardinality=719.38K cost=719384
|  |  in pipelines: 12(GETNEXT), 13(OPEN)
|  |
|  |--F15:PLAN FRAGMENT [RANDOM] hosts=3 instances=3
|  |  |  Per-Instance Resources: mem-estimate=7.99MB mem-reservation=7.75MB thread-reservation=1
|  |  |  max-parallelism=3 segment-costs=[8034]
|  |  JOIN BUILD
|  |  |  join-table-id=02 plan-id=03 cohort-id=02
|  |  |  build expressions: date_dim.d_date_sk
|  |  |  mem-estimate=7.75MB mem-reservation=7.75MB spill-buffer=64.00KB thread-reservation=0 cost=7305
|  |  |
|  |  30:EXCHANGE [BROADCAST]
|  |  |  mem-estimate=248.01KB mem-reservation=0B thread-reservation=0
|  |  |  tuple-ids=11 row-size=30B cardinality=7.30K cost=729
|  |  |  in pipelines: 13(GETNEXT)
|  |  |
|  |  F09:PLAN FRAGMENT [RANDOM] hosts=1 instances=1
|  |  Per-Instance Resources: mem-estimate=16.13MB mem-reservation=2.00MB thread-reservation=1
|  |  max-parallelism=1 segment-costs=[198482]
|  |  13:SCAN HDFS [tpcds_partitioned_parquet_snap.date_dim, RANDOM]
|  |     HDFS partitions=1/1 files=1 size=2.15MB
|  |     predicates: d_month_seq <= CAST(1211 AS INT), d_month_seq >= CAST(1200 AS INT)
|  |     stored statistics:
|  |       table: rows=73.05K size=2.15MB
|  |       columns: all
|  |     extrapolated-rows=disabled max-scan-range-rows=73.05K
|  |     parquet statistics predicates: d_month_seq <= CAST(1211 AS INT), d_month_seq >= CAST(1200 AS INT)
|  |     parquet dictionary predicates: d_month_seq <= CAST(1211 AS INT), d_month_seq >= CAST(1200 AS INT)
|  |     mem-estimate=16.00MB mem-reservation=2.00MB thread-reservation=0
|  |     tuple-ids=11 row-size=30B cardinality=7.30K cost=198239
|  |     in pipelines: 13(GETNEXT)
|  |
|  12:SCAN HDFS [tpcds_partitioned_parquet_snap.web_sales, RANDOM]
|     HDFS partitions=1824/1824 files=1824 size=84.20MB
|     runtime filters: RF015[min_max] -> web_sales.ws_bill_customer_sk
|     stored statistics:
|       table: rows=719.38K size=84.20MB
|       partitions: 1824/1824 rows=719.38K
|       columns: all
|     extrapolated-rows=disabled max-scan-range-rows=1.12K
|     mem-estimate=16.00MB mem-reservation=128.00KB thread-reservation=0
|     tuple-ids=10 row-size=8B cardinality=719.38K cost=91205624
|     in pipelines: 12(GETNEXT)
|
18:HASH JOIN [INNER JOIN, PARTITIONED]
|  hash-table-id=03
|  hash predicates: c_first_name IS NOT DISTINCT FROM c_first_name, c_last_name IS NOT DISTINCT FROM c_last_name, d_date IS NOT DISTINCT FROM d_date
|  fk/pk conjuncts: assumed fk/pk
|  mem-estimate=0B mem-reservation=0B spill-buffer=2.00MB thread-reservation=0
|  tuple-ids=3,8 row-size=116B cardinality=2.88M cost=8641212
|  in pipelines: 24(GETNEXT), 28(OPEN)
|
|--F16:PLAN FRAGMENT [HASH(c_last_name,c_first_name,d_date)] hosts=3 instances=6 (adjusted from 48)
|  |  Per-Instance Resources: mem-estimate=47.36MB mem-reservation=37.00MB thread-reservation=1 runtime-filters-memory=3.00MB
|  |  max-parallelism=6 segment-costs=[4411875] cpu-comparison-result=12 [max(6 (self) vs 12 (sum children))]
|  JOIN BUILD
|  |  join-table-id=03 plan-id=04 cohort-id=01
|  |  build expressions: c_first_name, c_last_name, d_date
|  |  runtime filters: RF003[bloom] <- c_first_name, RF004[bloom] <- c_last_name, RF005[bloom] <- d_date
|  |  mem-estimate=34.00MB mem-reservation=34.00MB spill-buffer=2.00MB thread-reservation=0 cost=4324644
|  |
|  29:EXCHANGE [HASH(c_last_name,c_first_name,d_date)]
|  |  mem-estimate=10.36MB mem-reservation=0B thread-reservation=0
|  |  tuple-ids=8 row-size=58B cardinality=1.44M cost=87231
|  |  in pipelines: 28(GETNEXT)
|  |
|  F07:PLAN FRAGMENT [HASH(c_last_name,c_first_name,d_date)] hosts=3 instances=6 (adjusted from 48)
|  Per-Instance Resources: mem-estimate=44.73MB mem-reservation=34.00MB thread-reservation=1
|  max-parallelism=6 segment-costs=[4411875, 87231] cpu-comparison-result=12 [max(6 (self) vs 12 (sum children))]
|  28:AGGREGATE [FINALIZE]
|  |  group by: c_last_name, c_first_name, d_date
|  |  mem-estimate=34.00MB mem-reservation=34.00MB spill-buffer=2.00MB thread-reservation=0
|  |  tuple-ids=8 row-size=58B cardinality=1.44M cost=4324644
|  |  in pipelines: 28(GETNEXT), 06(OPEN)
|  |
|  27:EXCHANGE [HASH(c_last_name,c_first_name,d_date)]
|  |  mem-estimate=10.73MB mem-reservation=0B thread-reservation=0
|  |  tuple-ids=8 row-size=58B cardinality=1.44M cost=87231
|  |  in pipelines: 06(GETNEXT)
|  |
|  F04:PLAN FRAGMENT [RANDOM] hosts=3 instances=12 (adjusted from 48)
|  Per-Host Shared Resources: mem-estimate=2.00MB mem-reservation=2.00MB thread-reservation=0 runtime-filters-memory=2.00MB
|  Per-Instance Resources: mem-estimate=27.45MB mem-reservation=9.12MB thread-reservation=1
|  max-parallelism=12 segment-costs=[98769004, 87231] cpu-comparison-result=12 [max(12 (self) vs 8 (sum children))]
|  11:AGGREGATE [STREAMING]
|  |  group by: c_last_name, c_first_name, d_date
|  |  mem-estimate=10.00MB mem-reservation=9.00MB spill-buffer=512.00KB thread-reservation=0
|  |  tuple-ids=8 row-size=58B cardinality=1.44M cost=4324644
|  |  in pipelines: 06(GETNEXT)
|  |
|  10:HASH JOIN [INNER JOIN, BROADCAST]
|  |  hash-table-id=04
|  |  hash predicates: catalog_sales.cs_bill_customer_sk = customer.c_customer_sk
|  |  fk/pk conjuncts: catalog_sales.cs_bill_customer_sk = customer.c_customer_sk
|  |  mem-estimate=0B mem-reservation=0B spill-buffer=512.00KB thread-reservation=0
|  |  tuple-ids=5,6,7 row-size=78B cardinality=1.44M cost=1441548
|  |  in pipelines: 06(GETNEXT), 08(OPEN)
|  |
|  |--F17:PLAN FRAGMENT [RANDOM] hosts=3 instances=3
|  |  |  Per-Instance Resources: mem-estimate=38.85MB mem-reservation=35.00MB thread-reservation=1 runtime-filters-memory=1.00MB
|  |  |  max-parallelism=3 segment-costs=[112882]
|  |  JOIN BUILD
|  |  |  join-table-id=04 plan-id=05 cohort-id=03
|  |  |  build expressions: customer.c_customer_sk
|  |  |  runtime filters: RF010[bloom] <- customer.c_customer_sk, RF011[min_max] <- customer.c_customer_sk
|  |  |  mem-estimate=34.00MB mem-reservation=34.00MB spill-buffer=512.00KB thread-reservation=0 cost=100000
|  |  |
|  |  26:EXCHANGE [BROADCAST]
|  |  |  mem-estimate=3.85MB mem-reservation=0B thread-reservation=0
|  |  |  tuple-ids=7 row-size=40B cardinality=100.00K cost=12882
|  |  |  in pipelines: 08(GETNEXT)
|  |  |
|  |  F06:PLAN FRAGMENT [RANDOM] hosts=1 instances=1
|  |  Per-Instance Resources: mem-estimate=16.17MB mem-reservation=1.00MB thread-reservation=1
|  |  max-parallelism=1 segment-costs=[58197]
|  |  08:SCAN HDFS [tpcds_partitioned_parquet_snap.customer, RANDOM]
|  |     HDFS partitions=1/1 files=1 size=5.49MB
|  |     stored statistics:
|  |       table: rows=100.00K size=5.49MB
|  |       columns: all
|  |     extrapolated-rows=disabled max-scan-range-rows=100.00K
|  |     mem-estimate=16.00MB mem-reservation=1.00MB thread-reservation=0
|  |     tuple-ids=7 row-size=40B cardinality=100.00K cost=53903
|  |     in pipelines: 08(GETNEXT)
|  |
|  09:HASH JOIN [INNER JOIN, BROADCAST]
|  |  hash-table-id=05
|  |  hash predicates: catalog_sales.cs_sold_date_sk = date_dim.d_date_sk
|  |  fk/pk conjuncts: catalog_sales.cs_sold_date_sk = date_dim.d_date_sk
|  |  mem-estimate=0B mem-reservation=0B spill-buffer=64.00KB thread-reservation=0
|  |  tuple-ids=5,6 row-size=38B cardinality=1.44M cost=1441548
|  |  in pipelines: 06(GETNEXT), 07(OPEN)
|  |
|  |--F18:PLAN FRAGMENT [RANDOM] hosts=3 instances=3
|  |  |  Per-Instance Resources: mem-estimate=8.99MB mem-reservation=8.75MB thread-reservation=1 runtime-filters-memory=1.00MB
|  |  |  max-parallelism=3 segment-costs=[8034]
|  |  JOIN BUILD
|  |  |  join-table-id=05 plan-id=06 cohort-id=03
|  |  |  build expressions: date_dim.d_date_sk
|  |  |  runtime filters: RF012[bloom] <- date_dim.d_date_sk
|  |  |  mem-estimate=7.75MB mem-reservation=7.75MB spill-buffer=64.00KB thread-reservation=0 cost=7305
|  |  |
|  |  25:EXCHANGE [BROADCAST]
|  |  |  mem-estimate=248.01KB mem-reservation=0B thread-reservation=0
|  |  |  tuple-ids=6 row-size=30B cardinality=7.30K cost=729
|  |  |  in pipelines: 07(GETNEXT)
|  |  |
|  |  F05:PLAN FRAGMENT [RANDOM] hosts=1 instances=1
|  |  Per-Instance Resources: mem-estimate=16.13MB mem-reservation=2.00MB thread-reservation=1
|  |  max-parallelism=1 segment-costs=[198482]
|  |  07:SCAN HDFS [tpcds_partitioned_parquet_snap.date_dim, RANDOM]
|  |     HDFS partitions=1/1 files=1 size=2.15MB
|  |     predicates: d_month_seq <= CAST(1211 AS INT), d_month_seq >= CAST(1200 AS INT)
|  |     stored statistics:
|  |       table: rows=73.05K size=2.15MB
|  |       columns: all
|  |     extrapolated-rows=disabled max-scan-range-rows=73.05K
|  |     parquet statistics predicates: d_month_seq <= CAST(1211 AS INT), d_month_seq >= CAST(1200 AS INT)
|  |     parquet dictionary predicates: d_month_seq <= CAST(1211 AS INT), d_month_seq >= CAST(1200 AS INT)
|  |     mem-estimate=16.00MB mem-reservation=2.00MB thread-reservation=0
|  |     tuple-ids=6 row-size=30B cardinality=7.30K cost=198239
|  |     in pipelines: 07(GETNEXT)
|  |
|  06:SCAN HDFS [tpcds_partitioned_parquet_snap.catalog_sales, RANDOM]
|     HDFS partitions=1831/1831 files=1831 size=151.13MB
|     runtime filters: RF011[min_max] -> catalog_sales.cs_bill_customer_sk, RF010[bloom] -> catalog_sales.cs_bill_customer_sk, RF012[bloom] -> catalog_sales.cs_sold_date_sk
|     stored statistics:
|       table: rows=1.44M size=151.13MB
|       partitions: 1831/1831 rows=1.44M
|       columns: all
|     extrapolated-rows=disabled max-scan-range-rows=7.18K
|     mem-estimate=16.00MB mem-reservation=128.00KB thread-reservation=0
|     tuple-ids=5 row-size=8B cardinality=1.44M cost=91561264
|     in pipelines: 06(GETNEXT)
|
24:AGGREGATE [FINALIZE]
|  group by: c_last_name, c_first_name, d_date
|  mem-estimate=34.00MB mem-reservation=34.00MB spill-buffer=2.00MB thread-reservation=0
|  tuple-ids=3 row-size=58B cardinality=2.88M cost=8641212
|  in pipelines: 24(GETNEXT), 00(OPEN)
|
23:EXCHANGE [HASH(c_last_name,c_first_name,d_date)]
|  mem-estimate=10.73MB mem-reservation=0B thread-reservation=0
|  tuple-ids=3 row-size=58B cardinality=2.88M cost=174299
|  in pipelines: 00(GETNEXT)
|
F00:PLAN FRAGMENT [RANDOM] hosts=3 instances=12 (adjusted from 48)
Per-Host Shared Resources: mem-estimate=2.00MB mem-reservation=2.00MB thread-reservation=0 runtime-filters-memory=2.00MB
Per-Instance Resources: mem-estimate=34.45MB mem-reservation=17.50MB thread-reservation=1
max-parallelism=12 segment-costs=[105624516, 174299] cpu-comparison-result=12 [max(12 (self) vs 8 (sum children))]
05:AGGREGATE [STREAMING]
|  group by: c_last_name, c_first_name, d_date
|  mem-estimate=17.00MB mem-reservation=17.00MB spill-buffer=1.00MB thread-reservation=0
|  tuple-ids=3 row-size=58B cardinality=2.88M cost=8641212
|  in pipelines: 00(GETNEXT)
|
04:HASH JOIN [INNER JOIN, BROADCAST]
|  hash-table-id=06
|  hash predicates: store_sales.ss_customer_sk = customer.c_customer_sk
|  fk/pk conjuncts: store_sales.ss_customer_sk = customer.c_customer_sk
|  mem-estimate=0B mem-reservation=0B spill-buffer=512.00KB thread-reservation=0
|  tuple-ids=0,1,2 row-size=78B cardinality=2.88M cost=2880404
|  in pipelines: 00(GETNEXT), 02(OPEN)
|
|--F19:PLAN FRAGMENT [RANDOM] hosts=3 instances=3
|  |  Per-Instance Resources: mem-estimate=38.85MB mem-reservation=35.00MB thread-reservation=1 runtime-filters-memory=1.00MB
|  |  max-parallelism=3 segment-costs=[112882]
|  JOIN BUILD
|  |  join-table-id=06 plan-id=07 cohort-id=01
|  |  build expressions: customer.c_customer_sk
|  |  runtime filters: RF006[bloom] <- customer.c_customer_sk, RF007[min_max] <- customer.c_customer_sk
|  |  mem-estimate=34.00MB mem-reservation=34.00MB spill-buffer=512.00KB thread-reservation=0 cost=100000
|  |
|  22:EXCHANGE [BROADCAST]
|  |  mem-estimate=3.85MB mem-reservation=0B thread-reservation=0
|  |  tuple-ids=2 row-size=40B cardinality=100.00K cost=12882
|  |  in pipelines: 02(GETNEXT)
|  |
|  F02:PLAN FRAGMENT [RANDOM] hosts=1 instances=1
|  Per-Host Shared Resources: mem-estimate=4.00MB mem-reservation=4.00MB thread-reservation=0 runtime-filters-memory=4.00MB
|  Per-Instance Resources: mem-estimate=16.17MB mem-reservation=1.00MB thread-reservation=1
|  max-parallelism=1 segment-costs=[58197]
|  02:SCAN HDFS [tpcds_partitioned_parquet_snap.customer, RANDOM]
|     HDFS partitions=1/1 files=1 size=5.49MB
|     runtime filters: RF000[bloom] -> tpcds_partitioned_parquet_snap.customer.c_first_name, RF001[bloom] -> tpcds_partitioned_parquet_snap.customer.c_last_name, RF003[bloom] -> tpcds_partitioned_parquet_snap.customer.c_first_name, RF004[bloom] -> tpcds_partitioned_parquet_snap.customer.c_last_name
|     stored statistics:
|       table: rows=100.00K size=5.49MB
|       columns: all
|     extrapolated-rows=disabled max-scan-range-rows=100.00K
|     mem-estimate=16.00MB mem-reservation=1.00MB thread-reservation=0
|     tuple-ids=2 row-size=40B cardinality=100.00K cost=53903
|     in pipelines: 02(GETNEXT)
|
03:HASH JOIN [INNER JOIN, BROADCAST]
|  hash-table-id=07
|  hash predicates: store_sales.ss_sold_date_sk = date_dim.d_date_sk
|  fk/pk conjuncts: store_sales.ss_sold_date_sk = date_dim.d_date_sk
|  mem-estimate=0B mem-reservation=0B spill-buffer=64.00KB thread-reservation=0
|  tuple-ids=0,1 row-size=38B cardinality=2.88M cost=2880404
|  in pipelines: 00(GETNEXT), 01(OPEN)
|
|--F20:PLAN FRAGMENT [RANDOM] hosts=3 instances=3
|  |  Per-Instance Resources: mem-estimate=8.99MB mem-reservation=8.75MB thread-reservation=1 runtime-filters-memory=1.00MB
|  |  max-parallelism=3 segment-costs=[8034]
|  JOIN BUILD
|  |  join-table-id=07 plan-id=08 cohort-id=01
|  |  build expressions: date_dim.d_date_sk
|  |  runtime filters: RF008[bloom] <- date_dim.d_date_sk
|  |  mem-estimate=7.75MB mem-reservation=7.75MB spill-buffer=64.00KB thread-reservation=0 cost=7305
|  |
|  21:EXCHANGE [BROADCAST]
|  |  mem-estimate=248.01KB mem-reservation=0B thread-reservation=0
|  |  tuple-ids=1 row-size=30B cardinality=7.30K cost=729
|  |  in pipelines: 01(GETNEXT)
|  |
|  F01:PLAN FRAGMENT [RANDOM] hosts=1 instances=1
|  Per-Host Shared Resources: mem-estimate=2.00MB mem-reservation=2.00MB thread-reservation=0 runtime-filters-memory=2.00MB
|  Per-Instance Resources: mem-estimate=16.13MB mem-reservation=2.00MB thread-reservation=1
|  max-parallelism=1 segment-costs=[198482]
|  01:SCAN HDFS [tpcds_partitioned_parquet_snap.date_dim, RANDOM]
|     HDFS partitions=1/1 files=1 size=2.15MB
|     predicates: d_month_seq <= CAST(1211 AS INT), d_month_seq >= CAST(1200 AS INT)
|     runtime filters: RF002[bloom] -> tpcds_partitioned_parquet_snap.date_dim.d_date, RF005[bloom] -> tpcds_partitioned_parquet_snap.date_dim.d_date
|     stored statistics:
|       table: rows=73.05K size=2.15MB
|       columns: all
|     extrapolated-rows=disabled max-scan-range-rows=73.05K
|     parquet statistics predicates: d_month_seq <= CAST(1211 AS INT), d_month_seq >= CAST(1200 AS INT)
|     parquet dictionary predicates: d_month_seq <= CAST(1211 AS INT), d_month_seq >= CAST(1200 AS INT)
|     mem-estimate=16.00MB mem-reservation=2.00MB thread-reservation=0
|     tuple-ids=1 row-size=30B cardinality=7.30K cost=198239
|     in pipelines: 01(GETNEXT)
|
00:SCAN HDFS [tpcds_partitioned_parquet_snap.store_sales, RANDOM]
   HDFS partitions=1824/1824 files=1824 size=199.36MB
   runtime filters: RF007[min_max] -> store_sales.ss_customer_sk, RF006[bloom] -> store_sales.ss_customer_sk, RF008[bloom] -> store_sales.ss_sold_date_sk
   stored statistics:
     table: rows=2.88M size=199.36MB
     partitions: 1824/1824 rows=2.88M
     columns: all
   extrapolated-rows=disabled max-scan-range-rows=130.09K
   mem-estimate=16.00MB mem-reservation=512.00KB thread-reservation=0
   tuple-ids=0 row-size=8B cardinality=2.88M cost=91222496
   in pipelines: 00(GETNEXT)
---- PARALLELPLANS
Max Per-Host Resource Reservation: Memory=512.00MB Threads=38
Per-Host Resource Estimates: Memory=957MB
F13:PLAN FRAGMENT [UNPARTITIONED] hosts=1 instances=1
|  Per-Instance Resources: mem-estimate=32.00KB mem-reservation=0B thread-reservation=1
|  max-parallelism=1 segment-costs=[2, 0] cpu-comparison-result=42 [max(1 (self) vs 42 (sum children))]
PLAN-ROOT SINK
|  output exprs: count(*)
|  mem-estimate=0B mem-reservation=0B thread-reservation=0 cost=0
|
37:AGGREGATE [FINALIZE]
|  output: count:merge(*)
|  limit: 100
|  mem-estimate=16.00KB mem-reservation=0B spill-buffer=2.00MB thread-reservation=0
|  tuple-ids=16 row-size=8B cardinality=1 cost=1
|  in pipelines: 37(GETNEXT), 20(OPEN)
|
36:EXCHANGE [UNPARTITIONED]
|  mem-estimate=16.00KB mem-reservation=0B thread-reservation=0
|  tuple-ids=16 row-size=8B cardinality=1 cost=1
|  in pipelines: 20(GETNEXT)
|
F03:PLAN FRAGMENT [HASH(c_last_name,c_first_name,d_date)] hosts=3 instances=6 (adjusted from 48)
Per-Instance Resources: mem-estimate=44.73MB mem-reservation=34.00MB thread-reservation=1
max-parallelism=6 segment-costs=[8815511, 20162828, 1] cpu-comparison-result=42 [max(6 (self) vs 42 (sum children))]
20:AGGREGATE
|  output: count(*)
|  mem-estimate=16.00KB mem-reservation=0B spill-buffer=2.00MB thread-reservation=0
|  tuple-ids=16 row-size=8B cardinality=1 cost=2880404
|  in pipelines: 20(GETNEXT), 24(OPEN)
|
19:HASH JOIN [INNER JOIN, PARTITIONED]
|  hash-table-id=00
|  hash predicates: c_first_name IS NOT DISTINCT FROM c_first_name, c_last_name IS NOT DISTINCT FROM c_last_name, d_date IS NOT DISTINCT FROM d_date
|  fk/pk conjuncts: assumed fk/pk
|  mem-estimate=0B mem-reservation=0B spill-buffer=1.00MB thread-reservation=0
|  tuple-ids=3,8,13 row-size=174B cardinality=2.88M cost=8641212
|  in pipelines: 24(GETNEXT), 34(OPEN)
|
|--F14:PLAN FRAGMENT [HASH(c_last_name,c_first_name,d_date)] hosts=3 instances=6 (adjusted from 48)
|  |  Per-Instance Resources: mem-estimate=30.36MB mem-reservation=20.00MB thread-reservation=1 runtime-filters-memory=3.00MB
|  |  max-parallelism=6 segment-costs=[2201684] cpu-comparison-result=18 [max(6 (self) vs 18 (sum children))]
|  JOIN BUILD
|  |  join-table-id=00 plan-id=01 cohort-id=01
|  |  build expressions: c_first_name, c_last_name, d_date
|  |  runtime filters: RF000[bloom] <- c_first_name, RF001[bloom] <- c_last_name, RF002[bloom] <- d_date
|  |  mem-estimate=17.00MB mem-reservation=17.00MB spill-buffer=1.00MB thread-reservation=0 cost=2158152
|  |
|  35:EXCHANGE [HASH(c_last_name,c_first_name,d_date)]
|  |  mem-estimate=10.36MB mem-reservation=0B thread-reservation=0
|  |  tuple-ids=13 row-size=58B cardinality=719.38K cost=43532
|  |  in pipelines: 34(GETNEXT)
|  |
|  F12:PLAN FRAGMENT [HASH(c_last_name,c_first_name,d_date)] hosts=3 instances=6 (adjusted from 48)
|  Per-Instance Resources: mem-estimate=20.36MB mem-reservation=8.50MB thread-reservation=1
|  max-parallelism=6 segment-costs=[2201684, 43532] cpu-comparison-result=18 [max(6 (self) vs 18 (sum children))]
|  34:AGGREGATE [FINALIZE]
|  |  group by: c_last_name, c_first_name, d_date
|  |  mem-estimate=10.00MB mem-reservation=8.50MB spill-buffer=512.00KB thread-reservation=0
|  |  tuple-ids=13 row-size=58B cardinality=719.38K cost=2158152
|  |  in pipelines: 34(GETNEXT), 12(OPEN)
|  |
|  33:EXCHANGE [HASH(c_last_name,c_first_name,d_date)]
|  |  mem-estimate=10.36MB mem-reservation=0B thread-reservation=0
|  |  tuple-ids=13 row-size=58B cardinality=719.38K cost=43532
|  |  in pipelines: 12(GETNEXT)
|  |
|  F11:PLAN FRAGMENT [HASH(web_sales.ws_bill_customer_sk)] hosts=3 instances=6 (adjusted from 48)
|  Per-Instance Resources: mem-estimate=20.68MB mem-reservation=9.00MB thread-reservation=1
|  max-parallelism=6 segment-costs=[2909853, 43532] cpu-comparison-result=18 [max(18 (self) vs 11 (sum children))]
|  17:AGGREGATE [STREAMING]
|  |  group by: c_last_name, c_first_name, d_date
|  |  mem-estimate=10.00MB mem-reservation=9.00MB spill-buffer=512.00KB thread-reservation=0
|  |  tuple-ids=13 row-size=58B cardinality=719.38K cost=2158152
|  |  in pipelines: 12(GETNEXT)
|  |
|  16:HASH JOIN [INNER JOIN, PARTITIONED]
|  |  hash-table-id=01
|  |  hash predicates: web_sales.ws_bill_customer_sk = customer.c_customer_sk
|  |  fk/pk conjuncts: web_sales.ws_bill_customer_sk = customer.c_customer_sk
|  |  mem-estimate=0B mem-reservation=0B spill-buffer=128.00KB thread-reservation=0
|  |  tuple-ids=10,11,12 row-size=78B cardinality=719.38K cost=719384
|  |  in pipelines: 12(GETNEXT), 14(OPEN)
|  |
|  |--F15:PLAN FRAGMENT [HASH(web_sales.ws_bill_customer_sk)] hosts=3 instances=6 (adjusted from 48)
|  |  |  Per-Instance Resources: mem-estimate=6.73MB mem-reservation=2.88MB thread-reservation=1
|  |  |  max-parallelism=6 segment-costs=[104294]
|  |  JOIN BUILD
|  |  |  join-table-id=01 plan-id=02 cohort-id=02
|  |  |  build expressions: customer.c_customer_sk
|  |  |  runtime filters: RF015[min_max] <- customer.c_customer_sk
|  |  |  mem-estimate=2.88MB mem-reservation=2.88MB spill-buffer=128.00KB thread-reservation=0 cost=100000
|  |  |
|  |  32:EXCHANGE [HASH(customer.c_customer_sk)]
|  |  |  mem-estimate=3.85MB mem-reservation=0B thread-reservation=0
|  |  |  tuple-ids=12 row-size=40B cardinality=100.00K cost=4294
|  |  |  in pipelines: 14(GETNEXT)
|  |  |
|  |  F10:PLAN FRAGMENT [RANDOM] hosts=1 instances=1
|  |  Per-Instance Resources: mem-estimate=17.03MB mem-reservation=1.00MB thread-reservation=1
|  |  max-parallelism=1 segment-costs=[58197]
|  |  14:SCAN HDFS [tpcds_partitioned_parquet_snap.customer, RANDOM]
|  |     HDFS partitions=1/1 files=1 size=5.49MB
|  |     stored statistics:
|  |       table: rows=100.00K size=5.49MB
|  |       columns: all
|  |     extrapolated-rows=disabled max-scan-range-rows=100.00K
|  |     mem-estimate=16.00MB mem-reservation=1.00MB thread-reservation=0
|  |     tuple-ids=12 row-size=40B cardinality=100.00K cost=53903
|  |     in pipelines: 14(GETNEXT)
|  |
|  31:EXCHANGE [HASH(web_sales.ws_bill_customer_sk)]
|  |  mem-estimate=9.23MB mem-reservation=0B thread-reservation=0
|  |  tuple-ids=10,11 row-size=38B cardinality=719.38K cost=32317
|  |  in pipelines: 12(GETNEXT)
|  |
|  F08:PLAN FRAGMENT [RANDOM] hosts=3 instances=12 (adjusted from 48)
|  Per-Instance Resources: mem-estimate=17.08MB mem-reservation=128.00KB thread-reservation=1
|  max-parallelism=12 segment-costs=[91957325]
|  15:HASH JOIN [INNER JOIN, BROADCAST]
|  |  hash-table-id=02
|  |  hash predicates: web_sales.ws_sold_date_sk = date_dim.d_date_sk
|  |  fk/pk conjuncts: web_sales.ws_sold_date_sk = date_dim.d_date_sk
|  |  mem-estimate=0B mem-reservation=0B spill-buffer=64.00KB thread-reservation=0
|  |  tuple-ids=10,11 row-size=38B cardinality=719.38K cost=719384
|  |  in pipelines: 12(GETNEXT), 13(OPEN)
|  |
|  |--F16:PLAN FRAGMENT [RANDOM] hosts=3 instances=3
|  |  |  Per-Instance Resources: mem-estimate=7.99MB mem-reservation=7.75MB thread-reservation=1
|  |  |  max-parallelism=3 segment-costs=[8034]
|  |  JOIN BUILD
|  |  |  join-table-id=02 plan-id=03 cohort-id=02
|  |  |  build expressions: date_dim.d_date_sk
|  |  |  mem-estimate=7.75MB mem-reservation=7.75MB spill-buffer=64.00KB thread-reservation=0 cost=7305
|  |  |
|  |  30:EXCHANGE [BROADCAST]
|  |  |  mem-estimate=248.01KB mem-reservation=0B thread-reservation=0
|  |  |  tuple-ids=11 row-size=30B cardinality=7.30K cost=729
|  |  |  in pipelines: 13(GETNEXT)
|  |  |
|  |  F09:PLAN FRAGMENT [RANDOM] hosts=1 instances=1
|  |  Per-Instance Resources: mem-estimate=16.13MB mem-reservation=2.00MB thread-reservation=1
|  |  max-parallelism=1 segment-costs=[198482]
|  |  13:SCAN HDFS [tpcds_partitioned_parquet_snap.date_dim, RANDOM]
|  |     HDFS partitions=1/1 files=1 size=2.15MB
|  |     predicates: d_month_seq <= CAST(1211 AS INT), d_month_seq >= CAST(1200 AS INT)
|  |     stored statistics:
|  |       table: rows=73.05K size=2.15MB
|  |       columns: all
|  |     extrapolated-rows=disabled max-scan-range-rows=73.05K
|  |     parquet statistics predicates: d_month_seq <= CAST(1211 AS INT), d_month_seq >= CAST(1200 AS INT)
|  |     parquet dictionary predicates: d_month_seq <= CAST(1211 AS INT), d_month_seq >= CAST(1200 AS INT)
|  |     mem-estimate=16.00MB mem-reservation=2.00MB thread-reservation=0
|  |     tuple-ids=11 row-size=30B cardinality=7.30K cost=198239
|  |     in pipelines: 13(GETNEXT)
|  |
|  12:SCAN HDFS [tpcds_partitioned_parquet_snap.web_sales, RANDOM]
|     HDFS partitions=1824/1824 files=1824 size=84.20MB
|     runtime filters: RF015[min_max] -> web_sales.ws_bill_customer_sk
|     stored statistics:
|       table: rows=719.38K size=84.20MB
|       partitions: 1824/1824 rows=719.38K
|       columns: all
|     extrapolated-rows=disabled max-scan-range-rows=1.12K
|     mem-estimate=16.00MB mem-reservation=128.00KB thread-reservation=0
|     tuple-ids=10 row-size=8B cardinality=719.38K cost=91205624
|     in pipelines: 12(GETNEXT)
|
18:HASH JOIN [INNER JOIN, PARTITIONED]
|  hash-table-id=03
|  hash predicates: c_first_name IS NOT DISTINCT FROM c_first_name, c_last_name IS NOT DISTINCT FROM c_last_name, d_date IS NOT DISTINCT FROM d_date
|  fk/pk conjuncts: assumed fk/pk
|  mem-estimate=0B mem-reservation=0B spill-buffer=2.00MB thread-reservation=0
|  tuple-ids=3,8 row-size=116B cardinality=2.88M cost=8641212
|  in pipelines: 24(GETNEXT), 28(OPEN)
|
|--F17:PLAN FRAGMENT [HASH(c_last_name,c_first_name,d_date)] hosts=3 instances=6 (adjusted from 48)
|  |  Per-Instance Resources: mem-estimate=47.36MB mem-reservation=37.00MB thread-reservation=1 runtime-filters-memory=3.00MB
|  |  max-parallelism=6 segment-costs=[4411875] cpu-comparison-result=12 [max(6 (self) vs 12 (sum children))]
|  JOIN BUILD
|  |  join-table-id=03 plan-id=04 cohort-id=01
|  |  build expressions: c_first_name, c_last_name, d_date
|  |  runtime filters: RF003[bloom] <- c_first_name, RF004[bloom] <- c_last_name, RF005[bloom] <- d_date
|  |  mem-estimate=34.00MB mem-reservation=34.00MB spill-buffer=2.00MB thread-reservation=0 cost=4324644
|  |
|  29:EXCHANGE [HASH(c_last_name,c_first_name,d_date)]
|  |  mem-estimate=10.36MB mem-reservation=0B thread-reservation=0
|  |  tuple-ids=8 row-size=58B cardinality=1.44M cost=87231
|  |  in pipelines: 28(GETNEXT)
|  |
|  F07:PLAN FRAGMENT [HASH(c_last_name,c_first_name,d_date)] hosts=3 instances=6 (adjusted from 48)
|  Per-Instance Resources: mem-estimate=44.73MB mem-reservation=34.00MB thread-reservation=1
|  max-parallelism=6 segment-costs=[4411875, 87231] cpu-comparison-result=12 [max(6 (self) vs 12 (sum children))]
|  28:AGGREGATE [FINALIZE]
|  |  group by: c_last_name, c_first_name, d_date
|  |  mem-estimate=34.00MB mem-reservation=34.00MB spill-buffer=2.00MB thread-reservation=0
|  |  tuple-ids=8 row-size=58B cardinality=1.44M cost=4324644
|  |  in pipelines: 28(GETNEXT), 06(OPEN)
|  |
|  27:EXCHANGE [HASH(c_last_name,c_first_name,d_date)]
|  |  mem-estimate=10.73MB mem-reservation=0B thread-reservation=0
|  |  tuple-ids=8 row-size=58B cardinality=1.44M cost=87231
|  |  in pipelines: 06(GETNEXT)
|  |
|  F04:PLAN FRAGMENT [RANDOM] hosts=3 instances=12 (adjusted from 48)
|  Per-Host Shared Resources: mem-estimate=2.00MB mem-reservation=2.00MB thread-reservation=0 runtime-filters-memory=2.00MB
|  Per-Instance Resources: mem-estimate=27.45MB mem-reservation=9.12MB thread-reservation=1
|  max-parallelism=12 segment-costs=[98769004, 87231] cpu-comparison-result=12 [max(12 (self) vs 8 (sum children))]
|  11:AGGREGATE [STREAMING]
|  |  group by: c_last_name, c_first_name, d_date
|  |  mem-estimate=10.00MB mem-reservation=9.00MB spill-buffer=512.00KB thread-reservation=0
|  |  tuple-ids=8 row-size=58B cardinality=1.44M cost=4324644
|  |  in pipelines: 06(GETNEXT)
|  |
|  10:HASH JOIN [INNER JOIN, BROADCAST]
|  |  hash-table-id=04
|  |  hash predicates: catalog_sales.cs_bill_customer_sk = customer.c_customer_sk
|  |  fk/pk conjuncts: catalog_sales.cs_bill_customer_sk = customer.c_customer_sk
|  |  mem-estimate=0B mem-reservation=0B spill-buffer=512.00KB thread-reservation=0
|  |  tuple-ids=5,6,7 row-size=78B cardinality=1.44M cost=1441548
|  |  in pipelines: 06(GETNEXT), 08(OPEN)
|  |
|  |--F18:PLAN FRAGMENT [RANDOM] hosts=3 instances=3
|  |  |  Per-Instance Resources: mem-estimate=38.85MB mem-reservation=35.00MB thread-reservation=1 runtime-filters-memory=1.00MB
|  |  |  max-parallelism=3 segment-costs=[112882]
|  |  JOIN BUILD
|  |  |  join-table-id=04 plan-id=05 cohort-id=03
|  |  |  build expressions: customer.c_customer_sk
|  |  |  runtime filters: RF010[bloom] <- customer.c_customer_sk, RF011[min_max] <- customer.c_customer_sk
|  |  |  mem-estimate=34.00MB mem-reservation=34.00MB spill-buffer=512.00KB thread-reservation=0 cost=100000
|  |  |
|  |  26:EXCHANGE [BROADCAST]
|  |  |  mem-estimate=3.85MB mem-reservation=0B thread-reservation=0
|  |  |  tuple-ids=7 row-size=40B cardinality=100.00K cost=12882
|  |  |  in pipelines: 08(GETNEXT)
|  |  |
|  |  F06:PLAN FRAGMENT [RANDOM] hosts=1 instances=1
|  |  Per-Instance Resources: mem-estimate=16.17MB mem-reservation=1.00MB thread-reservation=1
|  |  max-parallelism=1 segment-costs=[58197]
|  |  08:SCAN HDFS [tpcds_partitioned_parquet_snap.customer, RANDOM]
|  |     HDFS partitions=1/1 files=1 size=5.49MB
|  |     stored statistics:
|  |       table: rows=100.00K size=5.49MB
|  |       columns: all
|  |     extrapolated-rows=disabled max-scan-range-rows=100.00K
|  |     mem-estimate=16.00MB mem-reservation=1.00MB thread-reservation=0
|  |     tuple-ids=7 row-size=40B cardinality=100.00K cost=53903
|  |     in pipelines: 08(GETNEXT)
|  |
|  09:HASH JOIN [INNER JOIN, BROADCAST]
|  |  hash-table-id=05
|  |  hash predicates: catalog_sales.cs_sold_date_sk = date_dim.d_date_sk
|  |  fk/pk conjuncts: catalog_sales.cs_sold_date_sk = date_dim.d_date_sk
|  |  mem-estimate=0B mem-reservation=0B spill-buffer=64.00KB thread-reservation=0
|  |  tuple-ids=5,6 row-size=38B cardinality=1.44M cost=1441548
|  |  in pipelines: 06(GETNEXT), 07(OPEN)
|  |
|  |--F19:PLAN FRAGMENT [RANDOM] hosts=3 instances=3
|  |  |  Per-Instance Resources: mem-estimate=8.99MB mem-reservation=8.75MB thread-reservation=1 runtime-filters-memory=1.00MB
|  |  |  max-parallelism=3 segment-costs=[8034]
|  |  JOIN BUILD
|  |  |  join-table-id=05 plan-id=06 cohort-id=03
|  |  |  build expressions: date_dim.d_date_sk
|  |  |  runtime filters: RF012[bloom] <- date_dim.d_date_sk
|  |  |  mem-estimate=7.75MB mem-reservation=7.75MB spill-buffer=64.00KB thread-reservation=0 cost=7305
|  |  |
|  |  25:EXCHANGE [BROADCAST]
|  |  |  mem-estimate=248.01KB mem-reservation=0B thread-reservation=0
|  |  |  tuple-ids=6 row-size=30B cardinality=7.30K cost=729
|  |  |  in pipelines: 07(GETNEXT)
|  |  |
|  |  F05:PLAN FRAGMENT [RANDOM] hosts=1 instances=1
|  |  Per-Instance Resources: mem-estimate=16.13MB mem-reservation=2.00MB thread-reservation=1
|  |  max-parallelism=1 segment-costs=[198482]
|  |  07:SCAN HDFS [tpcds_partitioned_parquet_snap.date_dim, RANDOM]
|  |     HDFS partitions=1/1 files=1 size=2.15MB
|  |     predicates: d_month_seq <= CAST(1211 AS INT), d_month_seq >= CAST(1200 AS INT)
|  |     stored statistics:
|  |       table: rows=73.05K size=2.15MB
|  |       columns: all
|  |     extrapolated-rows=disabled max-scan-range-rows=73.05K
|  |     parquet statistics predicates: d_month_seq <= CAST(1211 AS INT), d_month_seq >= CAST(1200 AS INT)
|  |     parquet dictionary predicates: d_month_seq <= CAST(1211 AS INT), d_month_seq >= CAST(1200 AS INT)
|  |     mem-estimate=16.00MB mem-reservation=2.00MB thread-reservation=0
|  |     tuple-ids=6 row-size=30B cardinality=7.30K cost=198239
|  |     in pipelines: 07(GETNEXT)
|  |
|  06:SCAN HDFS [tpcds_partitioned_parquet_snap.catalog_sales, RANDOM]
|     HDFS partitions=1831/1831 files=1831 size=151.13MB
|     runtime filters: RF011[min_max] -> catalog_sales.cs_bill_customer_sk, RF010[bloom] -> catalog_sales.cs_bill_customer_sk, RF012[bloom] -> catalog_sales.cs_sold_date_sk
|     stored statistics:
|       table: rows=1.44M size=151.13MB
|       partitions: 1831/1831 rows=1.44M
|       columns: all
|     extrapolated-rows=disabled max-scan-range-rows=7.18K
|     mem-estimate=16.00MB mem-reservation=128.00KB thread-reservation=0
|     tuple-ids=5 row-size=8B cardinality=1.44M cost=91561264
|     in pipelines: 06(GETNEXT)
|
24:AGGREGATE [FINALIZE]
|  group by: c_last_name, c_first_name, d_date
|  mem-estimate=34.00MB mem-reservation=34.00MB spill-buffer=2.00MB thread-reservation=0
|  tuple-ids=3 row-size=58B cardinality=2.88M cost=8641212
|  in pipelines: 24(GETNEXT), 00(OPEN)
|
23:EXCHANGE [HASH(c_last_name,c_first_name,d_date)]
|  mem-estimate=10.73MB mem-reservation=0B thread-reservation=0
|  tuple-ids=3 row-size=58B cardinality=2.88M cost=174299
|  in pipelines: 00(GETNEXT)
|
F00:PLAN FRAGMENT [RANDOM] hosts=3 instances=12 (adjusted from 48)
Per-Host Shared Resources: mem-estimate=2.00MB mem-reservation=2.00MB thread-reservation=0 runtime-filters-memory=2.00MB
Per-Instance Resources: mem-estimate=34.45MB mem-reservation=17.50MB thread-reservation=1
max-parallelism=12 segment-costs=[105624516, 174299] cpu-comparison-result=12 [max(12 (self) vs 8 (sum children))]
05:AGGREGATE [STREAMING]
|  group by: c_last_name, c_first_name, d_date
|  mem-estimate=17.00MB mem-reservation=17.00MB spill-buffer=1.00MB thread-reservation=0
|  tuple-ids=3 row-size=58B cardinality=2.88M cost=8641212
|  in pipelines: 00(GETNEXT)
|
04:HASH JOIN [INNER JOIN, BROADCAST]
|  hash-table-id=06
|  hash predicates: store_sales.ss_customer_sk = customer.c_customer_sk
|  fk/pk conjuncts: store_sales.ss_customer_sk = customer.c_customer_sk
|  mem-estimate=0B mem-reservation=0B spill-buffer=512.00KB thread-reservation=0
|  tuple-ids=0,1,2 row-size=78B cardinality=2.88M cost=2880404
|  in pipelines: 00(GETNEXT), 02(OPEN)
|
|--F20:PLAN FRAGMENT [RANDOM] hosts=3 instances=3
|  |  Per-Instance Resources: mem-estimate=38.85MB mem-reservation=35.00MB thread-reservation=1 runtime-filters-memory=1.00MB
|  |  max-parallelism=3 segment-costs=[112882]
|  JOIN BUILD
|  |  join-table-id=06 plan-id=07 cohort-id=01
|  |  build expressions: customer.c_customer_sk
|  |  runtime filters: RF006[bloom] <- customer.c_customer_sk, RF007[min_max] <- customer.c_customer_sk
|  |  mem-estimate=34.00MB mem-reservation=34.00MB spill-buffer=512.00KB thread-reservation=0 cost=100000
|  |
|  22:EXCHANGE [BROADCAST]
|  |  mem-estimate=3.85MB mem-reservation=0B thread-reservation=0
|  |  tuple-ids=2 row-size=40B cardinality=100.00K cost=12882
|  |  in pipelines: 02(GETNEXT)
|  |
|  F02:PLAN FRAGMENT [RANDOM] hosts=1 instances=1
|  Per-Host Shared Resources: mem-estimate=4.00MB mem-reservation=4.00MB thread-reservation=0 runtime-filters-memory=4.00MB
|  Per-Instance Resources: mem-estimate=16.17MB mem-reservation=1.00MB thread-reservation=1
|  max-parallelism=1 segment-costs=[58197]
|  02:SCAN HDFS [tpcds_partitioned_parquet_snap.customer, RANDOM]
|     HDFS partitions=1/1 files=1 size=5.49MB
|     runtime filters: RF000[bloom] -> tpcds_partitioned_parquet_snap.customer.c_first_name, RF001[bloom] -> tpcds_partitioned_parquet_snap.customer.c_last_name, RF003[bloom] -> tpcds_partitioned_parquet_snap.customer.c_first_name, RF004[bloom] -> tpcds_partitioned_parquet_snap.customer.c_last_name
|     stored statistics:
|       table: rows=100.00K size=5.49MB
|       columns: all
|     extrapolated-rows=disabled max-scan-range-rows=100.00K
|     mem-estimate=16.00MB mem-reservation=1.00MB thread-reservation=0
|     tuple-ids=2 row-size=40B cardinality=100.00K cost=53903
|     in pipelines: 02(GETNEXT)
|
03:HASH JOIN [INNER JOIN, BROADCAST]
|  hash-table-id=07
|  hash predicates: store_sales.ss_sold_date_sk = date_dim.d_date_sk
|  fk/pk conjuncts: store_sales.ss_sold_date_sk = date_dim.d_date_sk
|  mem-estimate=0B mem-reservation=0B spill-buffer=64.00KB thread-reservation=0
|  tuple-ids=0,1 row-size=38B cardinality=2.88M cost=2880404
|  in pipelines: 00(GETNEXT), 01(OPEN)
|
|--F21:PLAN FRAGMENT [RANDOM] hosts=3 instances=3
|  |  Per-Instance Resources: mem-estimate=8.99MB mem-reservation=8.75MB thread-reservation=1 runtime-filters-memory=1.00MB
|  |  max-parallelism=3 segment-costs=[8034]
|  JOIN BUILD
|  |  join-table-id=07 plan-id=08 cohort-id=01
|  |  build expressions: date_dim.d_date_sk
|  |  runtime filters: RF008[bloom] <- date_dim.d_date_sk
|  |  mem-estimate=7.75MB mem-reservation=7.75MB spill-buffer=64.00KB thread-reservation=0 cost=7305
|  |
|  21:EXCHANGE [BROADCAST]
|  |  mem-estimate=248.01KB mem-reservation=0B thread-reservation=0
|  |  tuple-ids=1 row-size=30B cardinality=7.30K cost=729
|  |  in pipelines: 01(GETNEXT)
|  |
|  F01:PLAN FRAGMENT [RANDOM] hosts=1 instances=1
|  Per-Host Shared Resources: mem-estimate=2.00MB mem-reservation=2.00MB thread-reservation=0 runtime-filters-memory=2.00MB
|  Per-Instance Resources: mem-estimate=16.13MB mem-reservation=2.00MB thread-reservation=1
|  max-parallelism=1 segment-costs=[198482]
|  01:SCAN HDFS [tpcds_partitioned_parquet_snap.date_dim, RANDOM]
|     HDFS partitions=1/1 files=1 size=2.15MB
|     predicates: d_month_seq <= CAST(1211 AS INT), d_month_seq >= CAST(1200 AS INT)
|     runtime filters: RF002[bloom] -> tpcds_partitioned_parquet_snap.date_dim.d_date, RF005[bloom] -> tpcds_partitioned_parquet_snap.date_dim.d_date
|     stored statistics:
|       table: rows=73.05K size=2.15MB
|       columns: all
|     extrapolated-rows=disabled max-scan-range-rows=73.05K
|     parquet statistics predicates: d_month_seq <= CAST(1211 AS INT), d_month_seq >= CAST(1200 AS INT)
|     parquet dictionary predicates: d_month_seq <= CAST(1211 AS INT), d_month_seq >= CAST(1200 AS INT)
|     mem-estimate=16.00MB mem-reservation=2.00MB thread-reservation=0
|     tuple-ids=1 row-size=30B cardinality=7.30K cost=198239
|     in pipelines: 01(GETNEXT)
|
00:SCAN HDFS [tpcds_partitioned_parquet_snap.store_sales, RANDOM]
   HDFS partitions=1824/1824 files=1824 size=199.36MB
   runtime filters: RF007[min_max] -> store_sales.ss_customer_sk, RF006[bloom] -> store_sales.ss_customer_sk, RF008[bloom] -> store_sales.ss_sold_date_sk
   stored statistics:
     table: rows=2.88M size=199.36MB
     partitions: 1824/1824 rows=2.88M
     columns: all
   extrapolated-rows=disabled max-scan-range-rows=130.09K
   mem-estimate=16.00MB mem-reservation=512.00KB thread-reservation=0
   tuple-ids=0 row-size=8B cardinality=2.88M cost=91222496
   in pipelines: 00(GETNEXT)
====
