# TPCDS-Q20

SELECT i_item_id ,
       i_item_desc,
       i_category,
       i_class,
       i_current_price ,
       sum(cs_ext_sales_price) AS itemrevenue,
       sum(cs_ext_sales_price)*100.0000/sum(sum(cs_ext_sales_price)) OVER (PARTITION BY i_class) AS revenueratio
FROM catalog_sales ,
     item,
     date_dim
WHERE cs_item_sk = i_item_sk
  AND i_category IN ('Sports',
                     'Books',
                     'Home')
  AND cs_sold_date_sk = d_date_sk
  AND d_date BETWEEN cast('1999-02-22' AS date) AND cast('1999-03-24' AS date)
GROUP BY i_item_id ,
         i_item_desc,
         i_category ,
         i_class ,
         i_current_price
ORDER BY i_category ,
         i_class ,
         i_item_id ,
         i_item_desc ,
         revenueratio
LIMIT 100;

---- PLAN
Max Per-Host Resource Reservation: Memory=52.00MB Threads=1
Per-Host Resource Estimates: Memory=174MB
F00:PLAN FRAGMENT [UNPARTITIONED] hosts=1 instances=1
|  Per-Instance Resources: mem-estimate=174.36MB mem-reservation=52.00MB thread-reservation=1 runtime-filters-memory=2.00MB
|  max-parallelism=1 segment-costs=[95299089, 432465, 432965, 700]
PLAN-ROOT SINK
|  output exprs: i_item_id, i_item_desc, i_category, i_class, i_current_price, sum(cs_ext_sales_price), sum(cs_ext_sales_price) * CAST(100.0000 AS DECIMAL(7,4)) / sum(sum(cs_ext_sales_price))
|  mem-estimate=4.00MB mem-reservation=4.00MB spill-buffer=2.00MB thread-reservation=0 cost=700
|
08:TOP-N [LIMIT=100]
|  order by: i_category ASC, i_class ASC, i_item_id ASC, i_item_desc ASC, sum(cs_ext_sales_price) * 100.0000 / sum(sum(cs_ext_sales_price)) ASC
|  mem-estimate=20.91KB mem-reservation=0B thread-reservation=0
|  tuple-ids=5 row-size=214B cardinality=100 cost=500
|  in pipelines: 08(GETNEXT), 06(OPEN)
|
07:ANALYTIC
|  functions: sum(sum(cs_ext_sales_price))
|  partition by: i_class
|  mem-estimate=4.00MB mem-reservation=4.00MB spill-buffer=2.00MB thread-reservation=0
|  tuple-ids=10,9 row-size=214B cardinality=432.46K cost=432465
|  in pipelines: 06(GETNEXT)
|
06:SORT
|  order by: i_class ASC NULLS LAST
|  mem-estimate=81.71MB mem-reservation=12.00MB spill-buffer=2.00MB thread-reservation=0
|  tuple-ids=10 row-size=198B cardinality=432.46K cost=432465
|  in pipelines: 06(GETNEXT), 05(OPEN)
|
05:AGGREGATE [FINALIZE]
|  output: sum(cs_ext_sales_price)
|  group by: i_item_id, i_item_desc, i_category, i_class, i_current_price
|  mem-estimate=86.65MB mem-reservation=34.00MB spill-buffer=2.00MB thread-reservation=0
|  tuple-ids=3 row-size=198B cardinality=432.46K cost=2594790
|  in pipelines: 05(GETNEXT), 00(OPEN)
|
04:HASH JOIN [INNER JOIN]
|  hash predicates: cs_sold_date_sk = d_date_sk
|  fk/pk conjuncts: cs_sold_date_sk = d_date_sk
|  runtime filters: RF000[bloom] <- d_date_sk
|  mem-estimate=1.94MB mem-reservation=1.94MB spill-buffer=64.00KB thread-reservation=0
|  tuple-ids=0,1,2 row-size=232B cardinality=432.46K cost=439770
|  in pipelines: 00(GETNEXT), 02(OPEN)
|
|--02:SCAN HDFS [tpcds_partitioned_parquet_snap.date_dim]
|     HDFS partitions=1/1 files=1 size=2.15MB
|     predicates: CAST(d_date AS DATE) <= DATE '1999-03-24', CAST(d_date AS DATE) >= DATE '1999-02-22'
|     stored statistics:
|       table: rows=73.05K size=2.15MB
|       columns: all
|     extrapolated-rows=disabled max-scan-range-rows=73.05K
|     parquet statistics predicates: CAST(d_date AS DATE) <= DATE '1999-03-24', CAST(d_date AS DATE) >= DATE '1999-02-22'
|     parquet dictionary predicates: CAST(d_date AS DATE) <= DATE '1999-03-24', CAST(d_date AS DATE) >= DATE '1999-02-22'
|     mem-estimate=16.00MB mem-reservation=1.00MB thread-reservation=0
|     tuple-ids=2 row-size=26B cardinality=7.30K cost=197953
|     in pipelines: 02(GETNEXT)
|
03:HASH JOIN [INNER JOIN]
|  hash predicates: cs_item_sk = i_item_sk
|  fk/pk conjuncts: cs_item_sk = i_item_sk
|  runtime filters: RF002[bloom] <- i_item_sk, RF003[min_max] <- i_item_sk
|  mem-estimate=2.88MB mem-reservation=2.88MB spill-buffer=128.00KB thread-reservation=0
|  tuple-ids=0,1 row-size=206B cardinality=432.46K cost=438466
|  in pipelines: 00(GETNEXT), 01(OPEN)
|
|--01:SCAN HDFS [tpcds_partitioned_parquet_snap.item]
|     HDFS partitions=1/1 files=1 size=1.73MB
|     predicates: i_category IN ('Sports', 'Books', 'Home')
|     stored statistics:
|       table: rows=18.00K size=1.73MB
|       columns: all
|     extrapolated-rows=disabled max-scan-range-rows=18.00K
|     parquet statistics predicates: i_category IN ('Sports', 'Books', 'Home')
|     parquet dictionary predicates: i_category IN ('Sports', 'Books', 'Home')
|     mem-estimate=16.00MB mem-reservation=2.00MB thread-reservation=0
|     tuple-ids=1 row-size=190B cardinality=5.40K cost=71342
|     in pipelines: 01(GETNEXT)
|
00:SCAN HDFS [tpcds_partitioned_parquet_snap.catalog_sales]
   HDFS partitions=1831/1831 files=1831 size=151.13MB
   runtime filters: RF003[min_max] -> cs_item_sk, RF000[bloom] -> cs_sold_date_sk, RF002[bloom] -> cs_item_sk
   stored statistics:
     table: rows=1.44M size=151.13MB
     partitions: 1831/1831 rows=1.44M
     columns: all
   extrapolated-rows=disabled max-scan-range-rows=7.18K
   mem-estimate=16.00MB mem-reservation=128.00KB thread-reservation=0
   tuple-ids=0 row-size=16B cardinality=433.07K(filtered from 1.44M) cost=91556768
   in pipelines: 00(GETNEXT)
---- DISTRIBUTEDPLAN
Max Per-Host Resource Reservation: Memory=132.75MB Threads=11
Per-Host Resource Estimates: Memory=254MB
F04:PLAN FRAGMENT [UNPARTITIONED] hosts=1 instances=1
|  Per-Instance Resources: mem-estimate=4.13MB mem-reservation=4.00MB thread-reservation=1
|  max-parallelism=1 segment-costs=[722] cpu-comparison-result=12 [max(1 (self) vs 12 (sum children))]
PLAN-ROOT SINK
|  output exprs: i_item_id, i_item_desc, i_category, i_class, i_current_price, sum(cs_ext_sales_price), sum(cs_ext_sales_price) * CAST(100.0000 AS DECIMAL(7,4)) / sum(sum(cs_ext_sales_price))
|  mem-estimate=4.00MB mem-reservation=4.00MB spill-buffer=2.00MB thread-reservation=0 cost=700
|
13:MERGING-EXCHANGE [UNPARTITIONED]
|  order by: i_category ASC, i_class ASC, i_item_id ASC, i_item_desc ASC, sum(cs_ext_sales_price) * 100.0000 / sum(sum(cs_ext_sales_price)) ASC
|  limit: 100
|  mem-estimate=134.77KB mem-reservation=0B thread-reservation=0
|  tuple-ids=5 row-size=214B cardinality=100 cost=22
|  in pipelines: 08(GETNEXT)
|
F03:PLAN FRAGMENT [HASH(i_class)] hosts=3 instances=6 (adjusted from 48)
Per-Instance Resources: mem-estimate=34.62MB mem-reservation=33.00MB thread-reservation=1
max-parallelism=6 segment-costs=[2680146, 432465, 432965, 22] cpu-comparison-result=12 [max(6 (self) vs 12 (sum children))]
08:TOP-N [LIMIT=100]
|  order by: i_category ASC, i_class ASC, i_item_id ASC, i_item_desc ASC, sum(cs_ext_sales_price) * 100.0000 / sum(sum(cs_ext_sales_price)) ASC
|  mem-estimate=20.91KB mem-reservation=0B thread-reservation=0
|  tuple-ids=5 row-size=214B cardinality=100 cost=500
|  in pipelines: 08(GETNEXT), 06(OPEN)
|
07:ANALYTIC
|  functions: sum(sum(cs_ext_sales_price))
|  partition by: i_class
|  mem-estimate=4.00MB mem-reservation=4.00MB spill-buffer=2.00MB thread-reservation=0
|  tuple-ids=10,9 row-size=214B cardinality=432.46K cost=432465
|  in pipelines: 06(GETNEXT)
|
06:SORT
|  order by: i_class ASC NULLS LAST
|  mem-estimate=13.62MB mem-reservation=12.00MB spill-buffer=2.00MB thread-reservation=0
|  tuple-ids=10 row-size=198B cardinality=432.46K cost=432465
|  in pipelines: 06(GETNEXT), 12(OPEN)
|
12:AGGREGATE [FINALIZE]
|  output: sum:merge(cs_ext_sales_price)
|  group by: i_item_id, i_item_desc, i_category, i_class, i_current_price
|  mem-estimate=17.00MB mem-reservation=17.00MB spill-buffer=1.00MB thread-reservation=0
|  tuple-ids=3 row-size=198B cardinality=432.46K cost=2594790
|  in pipelines: 12(GETNEXT), 00(OPEN)
|
11:EXCHANGE [HASH(i_class)]
|  mem-estimate=12.37MB mem-reservation=0B thread-reservation=0
|  tuple-ids=3 row-size=198B cardinality=432.46K cost=85356
|  in pipelines: 00(GETNEXT)
|
F00:PLAN FRAGMENT [RANDOM] hosts=3 instances=12 (adjusted from 48)
Per-Host Shared Resources: mem-estimate=2.00MB mem-reservation=2.00MB thread-reservation=0 runtime-filters-memory=2.00MB
Per-Instance Resources: mem-estimate=30.74MB mem-reservation=9.12MB thread-reservation=1
max-parallelism=12 segment-costs=[95017089, 85356] cpu-comparison-result=12 [max(12 (self) vs 8 (sum children))]
05:AGGREGATE [STREAMING]
|  output: sum(cs_ext_sales_price)
|  group by: i_item_id, i_item_desc, i_category, i_class, i_current_price
|  mem-estimate=10.00MB mem-reservation=9.00MB spill-buffer=512.00KB thread-reservation=0
|  tuple-ids=3 row-size=198B cardinality=432.46K cost=2594790
|  in pipelines: 00(GETNEXT)
|
04:HASH JOIN [INNER JOIN, BROADCAST]
|  hash-table-id=00
|  hash predicates: cs_sold_date_sk = d_date_sk
|  fk/pk conjuncts: cs_sold_date_sk = d_date_sk
|  mem-estimate=0B mem-reservation=0B spill-buffer=64.00KB thread-reservation=0
|  tuple-ids=0,1,2 row-size=232B cardinality=432.46K cost=432465
|  in pipelines: 00(GETNEXT), 02(OPEN)
|
|--F05:PLAN FRAGMENT [RANDOM] hosts=3 instances=3
|  |  Per-Instance Resources: mem-estimate=8.96MB mem-reservation=8.75MB thread-reservation=1 runtime-filters-memory=1.00MB
|  |  max-parallelism=3 segment-costs=[7950]
|  JOIN BUILD
|  |  join-table-id=00 plan-id=01 cohort-id=01
|  |  build expressions: d_date_sk
|  |  runtime filters: RF000[bloom] <- d_date_sk
|  |  mem-estimate=7.75MB mem-reservation=7.75MB spill-buffer=64.00KB thread-reservation=0 cost=7305
|  |
|  10:EXCHANGE [BROADCAST]
|  |  mem-estimate=215.48KB mem-reservation=0B thread-reservation=0
|  |  tuple-ids=2 row-size=26B cardinality=7.30K cost=645
|  |  in pipelines: 02(GETNEXT)
|  |
|  F02:PLAN FRAGMENT [RANDOM] hosts=1 instances=1
|  Per-Instance Resources: mem-estimate=16.12MB mem-reservation=1.00MB thread-reservation=1
|  max-parallelism=1 segment-costs=[198168]
|  02:SCAN HDFS [tpcds_partitioned_parquet_snap.date_dim, RANDOM]
|     HDFS partitions=1/1 files=1 size=2.15MB
|     predicates: CAST(d_date AS DATE) <= DATE '1999-03-24', CAST(d_date AS DATE) >= DATE '1999-02-22'
|     stored statistics:
|       table: rows=73.05K size=2.15MB
|       columns: all
|     extrapolated-rows=disabled max-scan-range-rows=73.05K
|     parquet statistics predicates: CAST(d_date AS DATE) <= DATE '1999-03-24', CAST(d_date AS DATE) >= DATE '1999-02-22'
|     parquet dictionary predicates: CAST(d_date AS DATE) <= DATE '1999-03-24', CAST(d_date AS DATE) >= DATE '1999-02-22'
|     mem-estimate=16.00MB mem-reservation=1.00MB thread-reservation=0
|     tuple-ids=2 row-size=26B cardinality=7.30K cost=197953
|     in pipelines: 02(GETNEXT)
|
03:HASH JOIN [INNER JOIN, BROADCAST]
|  hash-table-id=01
|  hash predicates: cs_item_sk = i_item_sk
|  fk/pk conjuncts: cs_item_sk = i_item_sk
|  mem-estimate=0B mem-reservation=0B spill-buffer=128.00KB thread-reservation=0
|  tuple-ids=0,1 row-size=206B cardinality=432.46K cost=433066
|  in pipelines: 00(GETNEXT), 01(OPEN)
|
|--F06:PLAN FRAGMENT [RANDOM] hosts=3 instances=3
|  |  Per-Instance Resources: mem-estimate=13.67MB mem-reservation=12.50MB thread-reservation=1 runtime-filters-memory=1.00MB
|  |  max-parallelism=3 segment-costs=[8472]
|  JOIN BUILD
|  |  join-table-id=01 plan-id=02 cohort-id=01
|  |  build expressions: i_item_sk
|  |  runtime filters: RF002[bloom] <- i_item_sk, RF003[min_max] <- i_item_sk
|  |  mem-estimate=11.50MB mem-reservation=11.50MB spill-buffer=128.00KB thread-reservation=0 cost=5400
|  |
|  09:EXCHANGE [BROADCAST]
|  |  mem-estimate=1.17MB mem-reservation=0B thread-reservation=0
|  |  tuple-ids=1 row-size=190B cardinality=5.40K cost=3072
|  |  in pipelines: 01(GETNEXT)
|  |
|  F01:PLAN FRAGMENT [RANDOM] hosts=1 instances=1
|  Per-Instance Resources: mem-estimate=16.76MB mem-reservation=2.00MB thread-reservation=1
|  max-parallelism=1 segment-costs=[72366]
|  01:SCAN HDFS [tpcds_partitioned_parquet_snap.item, RANDOM]
|     HDFS partitions=1/1 files=1 size=1.73MB
|     predicates: i_category IN ('Sports', 'Books', 'Home')
|     stored statistics:
|       table: rows=18.00K size=1.73MB
|       columns: all
|     extrapolated-rows=disabled max-scan-range-rows=18.00K
|     parquet statistics predicates: i_category IN ('Sports', 'Books', 'Home')
|     parquet dictionary predicates: i_category IN ('Sports', 'Books', 'Home')
|     mem-estimate=16.00MB mem-reservation=2.00MB thread-reservation=0
|     tuple-ids=1 row-size=190B cardinality=5.40K cost=71342
|     in pipelines: 01(GETNEXT)
|
00:SCAN HDFS [tpcds_partitioned_parquet_snap.catalog_sales, RANDOM]
   HDFS partitions=1831/1831 files=1831 size=151.13MB
   runtime filters: RF003[min_max] -> cs_item_sk, RF000[bloom] -> cs_sold_date_sk, RF002[bloom] -> cs_item_sk
   stored statistics:
     table: rows=1.44M size=151.13MB
     partitions: 1831/1831 rows=1.44M
     columns: all
   extrapolated-rows=disabled max-scan-range-rows=7.18K
   mem-estimate=16.00MB mem-reservation=128.00KB thread-reservation=0
   tuple-ids=0 row-size=16B cardinality=433.07K(filtered from 1.44M) cost=91556768
   in pipelines: 00(GETNEXT)
---- PARALLELPLANS
Max Per-Host Resource Reservation: Memory=132.75MB Threads=11
Per-Host Resource Estimates: Memory=254MB
F04:PLAN FRAGMENT [UNPARTITIONED] hosts=1 instances=1
|  Per-Instance Resources: mem-estimate=4.13MB mem-reservation=4.00MB thread-reservation=1
|  max-parallelism=1 segment-costs=[722] cpu-comparison-result=12 [max(1 (self) vs 12 (sum children))]
PLAN-ROOT SINK
|  output exprs: i_item_id, i_item_desc, i_category, i_class, i_current_price, sum(cs_ext_sales_price), sum(cs_ext_sales_price) * CAST(100.0000 AS DECIMAL(7,4)) / sum(sum(cs_ext_sales_price))
|  mem-estimate=4.00MB mem-reservation=4.00MB spill-buffer=2.00MB thread-reservation=0 cost=700
|
13:MERGING-EXCHANGE [UNPARTITIONED]
|  order by: i_category ASC, i_class ASC, i_item_id ASC, i_item_desc ASC, sum(cs_ext_sales_price) * 100.0000 / sum(sum(cs_ext_sales_price)) ASC
|  limit: 100
|  mem-estimate=134.77KB mem-reservation=0B thread-reservation=0
|  tuple-ids=5 row-size=214B cardinality=100 cost=22
|  in pipelines: 08(GETNEXT)
|
F03:PLAN FRAGMENT [HASH(i_class)] hosts=3 instances=6 (adjusted from 48)
Per-Instance Resources: mem-estimate=34.62MB mem-reservation=33.00MB thread-reservation=1
max-parallelism=6 segment-costs=[2680146, 432465, 432965, 22] cpu-comparison-result=12 [max(6 (self) vs 12 (sum children))]
08:TOP-N [LIMIT=100]
|  order by: i_category ASC, i_class ASC, i_item_id ASC, i_item_desc ASC, sum(cs_ext_sales_price) * 100.0000 / sum(sum(cs_ext_sales_price)) ASC
|  mem-estimate=20.91KB mem-reservation=0B thread-reservation=0
|  tuple-ids=5 row-size=214B cardinality=100 cost=500
|  in pipelines: 08(GETNEXT), 06(OPEN)
|
07:ANALYTIC
|  functions: sum(sum(cs_ext_sales_price))
|  partition by: i_class
|  mem-estimate=4.00MB mem-reservation=4.00MB spill-buffer=2.00MB thread-reservation=0
|  tuple-ids=10,9 row-size=214B cardinality=432.46K cost=432465
|  in pipelines: 06(GETNEXT)
|
06:SORT
|  order by: i_class ASC NULLS LAST
|  mem-estimate=13.62MB mem-reservation=12.00MB spill-buffer=2.00MB thread-reservation=0
|  tuple-ids=10 row-size=198B cardinality=432.46K cost=432465
|  in pipelines: 06(GETNEXT), 12(OPEN)
|
12:AGGREGATE [FINALIZE]
|  output: sum:merge(cs_ext_sales_price)
|  group by: i_item_id, i_item_desc, i_category, i_class, i_current_price
|  mem-estimate=17.00MB mem-reservation=17.00MB spill-buffer=1.00MB thread-reservation=0
|  tuple-ids=3 row-size=198B cardinality=432.46K cost=2594790
|  in pipelines: 12(GETNEXT), 00(OPEN)
|
11:EXCHANGE [HASH(i_class)]
|  mem-estimate=12.37MB mem-reservation=0B thread-reservation=0
|  tuple-ids=3 row-size=198B cardinality=432.46K cost=85356
|  in pipelines: 00(GETNEXT)
|
F00:PLAN FRAGMENT [RANDOM] hosts=3 instances=12 (adjusted from 48)
Per-Host Shared Resources: mem-estimate=2.00MB mem-reservation=2.00MB thread-reservation=0 runtime-filters-memory=2.00MB
Per-Instance Resources: mem-estimate=30.74MB mem-reservation=9.12MB thread-reservation=1
max-parallelism=12 segment-costs=[95017089, 85356] cpu-comparison-result=12 [max(12 (self) vs 8 (sum children))]
05:AGGREGATE [STREAMING]
|  output: sum(cs_ext_sales_price)
|  group by: i_item_id, i_item_desc, i_category, i_class, i_current_price
|  mem-estimate=10.00MB mem-reservation=9.00MB spill-buffer=512.00KB thread-reservation=0
|  tuple-ids=3 row-size=198B cardinality=432.46K cost=2594790
|  in pipelines: 00(GETNEXT)
|
04:HASH JOIN [INNER JOIN, BROADCAST]
|  hash-table-id=00
|  hash predicates: cs_sold_date_sk = d_date_sk
|  fk/pk conjuncts: cs_sold_date_sk = d_date_sk
|  mem-estimate=0B mem-reservation=0B spill-buffer=64.00KB thread-reservation=0
|  tuple-ids=0,1,2 row-size=232B cardinality=432.46K cost=432465
|  in pipelines: 00(GETNEXT), 02(OPEN)
|
|--F05:PLAN FRAGMENT [RANDOM] hosts=3 instances=3
|  |  Per-Instance Resources: mem-estimate=8.96MB mem-reservation=8.75MB thread-reservation=1 runtime-filters-memory=1.00MB
|  |  max-parallelism=3 segment-costs=[7950]
|  JOIN BUILD
|  |  join-table-id=00 plan-id=01 cohort-id=01
|  |  build expressions: d_date_sk
|  |  runtime filters: RF000[bloom] <- d_date_sk
|  |  mem-estimate=7.75MB mem-reservation=7.75MB spill-buffer=64.00KB thread-reservation=0 cost=7305
|  |
|  10:EXCHANGE [BROADCAST]
|  |  mem-estimate=215.48KB mem-reservation=0B thread-reservation=0
|  |  tuple-ids=2 row-size=26B cardinality=7.30K cost=645
|  |  in pipelines: 02(GETNEXT)
|  |
|  F02:PLAN FRAGMENT [RANDOM] hosts=1 instances=1
|  Per-Instance Resources: mem-estimate=16.12MB mem-reservation=1.00MB thread-reservation=1
|  max-parallelism=1 segment-costs=[198168]
|  02:SCAN HDFS [tpcds_partitioned_parquet_snap.date_dim, RANDOM]
|     HDFS partitions=1/1 files=1 size=2.15MB
|     predicates: CAST(d_date AS DATE) <= DATE '1999-03-24', CAST(d_date AS DATE) >= DATE '1999-02-22'
|     stored statistics:
|       table: rows=73.05K size=2.15MB
|       columns: all
|     extrapolated-rows=disabled max-scan-range-rows=73.05K
|     parquet statistics predicates: CAST(d_date AS DATE) <= DATE '1999-03-24', CAST(d_date AS DATE) >= DATE '1999-02-22'
|     parquet dictionary predicates: CAST(d_date AS DATE) <= DATE '1999-03-24', CAST(d_date AS DATE) >= DATE '1999-02-22'
|     mem-estimate=16.00MB mem-reservation=1.00MB thread-reservation=0
|     tuple-ids=2 row-size=26B cardinality=7.30K cost=197953
|     in pipelines: 02(GETNEXT)
|
03:HASH JOIN [INNER JOIN, BROADCAST]
|  hash-table-id=01
|  hash predicates: cs_item_sk = i_item_sk
|  fk/pk conjuncts: cs_item_sk = i_item_sk
|  mem-estimate=0B mem-reservation=0B spill-buffer=128.00KB thread-reservation=0
|  tuple-ids=0,1 row-size=206B cardinality=432.46K cost=433066
|  in pipelines: 00(GETNEXT), 01(OPEN)
|
|--F06:PLAN FRAGMENT [RANDOM] hosts=3 instances=3
|  |  Per-Instance Resources: mem-estimate=13.67MB mem-reservation=12.50MB thread-reservation=1 runtime-filters-memory=1.00MB
|  |  max-parallelism=3 segment-costs=[8472]
|  JOIN BUILD
|  |  join-table-id=01 plan-id=02 cohort-id=01
|  |  build expressions: i_item_sk
|  |  runtime filters: RF002[bloom] <- i_item_sk, RF003[min_max] <- i_item_sk
|  |  mem-estimate=11.50MB mem-reservation=11.50MB spill-buffer=128.00KB thread-reservation=0 cost=5400
|  |
|  09:EXCHANGE [BROADCAST]
|  |  mem-estimate=1.17MB mem-reservation=0B thread-reservation=0
|  |  tuple-ids=1 row-size=190B cardinality=5.40K cost=3072
|  |  in pipelines: 01(GETNEXT)
|  |
|  F01:PLAN FRAGMENT [RANDOM] hosts=1 instances=1
|  Per-Instance Resources: mem-estimate=16.76MB mem-reservation=2.00MB thread-reservation=1
|  max-parallelism=1 segment-costs=[72366]
|  01:SCAN HDFS [tpcds_partitioned_parquet_snap.item, RANDOM]
|     HDFS partitions=1/1 files=1 size=1.73MB
|     predicates: i_category IN ('Sports', 'Books', 'Home')
|     stored statistics:
|       table: rows=18.00K size=1.73MB
|       columns: all
|     extrapolated-rows=disabled max-scan-range-rows=18.00K
|     parquet statistics predicates: i_category IN ('Sports', 'Books', 'Home')
|     parquet dictionary predicates: i_category IN ('Sports', 'Books', 'Home')
|     mem-estimate=16.00MB mem-reservation=2.00MB thread-reservation=0
|     tuple-ids=1 row-size=190B cardinality=5.40K cost=71342
|     in pipelines: 01(GETNEXT)
|
00:SCAN HDFS [tpcds_partitioned_parquet_snap.catalog_sales, RANDOM]
   HDFS partitions=1831/1831 files=1831 size=151.13MB
   runtime filters: RF003[min_max] -> cs_item_sk, RF000[bloom] -> cs_sold_date_sk, RF002[bloom] -> cs_item_sk
   stored statistics:
     table: rows=1.44M size=151.13MB
     partitions: 1831/1831 rows=1.44M
     columns: all
   extrapolated-rows=disabled max-scan-range-rows=7.18K
   mem-estimate=16.00MB mem-reservation=128.00KB thread-reservation=0
   tuple-ids=0 row-size=16B cardinality=433.07K(filtered from 1.44M) cost=91556768
   in pipelines: 00(GETNEXT)
====
