# TPCDS-Q15
SELECT ca_zip,
       sum(cs_sales_price)
FROM catalog_sales,
     customer,
     customer_address,
     date_dim
WHERE cs_bill_customer_sk = c_customer_sk
  AND c_current_addr_sk = ca_address_sk
  AND (SUBSTRING(ca_zip, 1, 5) IN ('85669',
                                '86197',
                                '88274',
                                '83405',
                                '86475',
                                '85392',
                                '85460',
                                '80348',
                                '81792')
       OR ca_state IN ('CA',
                       'WA',
                       'GA')
       OR cs_sales_price > 500)
  AND cs_sold_date_sk = d_date_sk
  AND d_qoy = 2
  AND d_year = 2001
GROUP BY ca_zip
ORDER BY ca_zip
LIMIT 100;
---- PLAN
Max Per-Host Resource Reservation: Memory=16.56MB Threads=1
Per-Host Resource Estimates: Memory=78MB
F00:PLAN FRAGMENT [UNPARTITIONED] hosts=1 instances=1
|  Per-Instance Resources: mem-estimate=78.44MB mem-reservation=16.56MB thread-reservation=1 runtime-filters-memory=3.00MB
|  max-parallelism=1 segment-costs=[10533538, 100, 200]
PLAN-ROOT SINK
|  output exprs: ca_zip, sum(cs_sales_price)
|  mem-estimate=4.00MB mem-reservation=4.00MB spill-buffer=2.00MB thread-reservation=0 cost=200
|
08:TOP-N [LIMIT=100]
|  order by: ca_zip ASC
|  mem-estimate=3.22KB mem-reservation=0B thread-reservation=0
|  tuple-ids=5 row-size=33B cardinality=100 cost=100
|  in pipelines: 08(GETNEXT), 07(OPEN)
|
07:AGGREGATE [FINALIZE]
|  output: sum(cs_sales_price)
|  group by: ca_zip
|  mem-estimate=10.00MB mem-reservation=1.94MB spill-buffer=64.00KB thread-reservation=0
|  tuple-ids=4 row-size=33B cardinality=3.96K cost=292876
|  in pipelines: 07(GETNEXT), 00(OPEN)
|
06:HASH JOIN [INNER JOIN]
|  hash predicates: c_current_addr_sk = ca_address_sk
|  fk/pk conjuncts: c_current_addr_sk = ca_address_sk
|  other predicates: (substring(ca_zip, CAST(1 AS BIGINT), CAST(5 AS BIGINT)) IN ('85669', '86197', '88274', '83405', '86475', '85392', '85460', '80348', '81792') OR ca_state IN ('CA', 'WA', 'GA') OR cs_sales_price > CAST(500 AS DECIMAL(5,0)))
|  runtime filters: RF000[bloom] <- ca_address_sk, RF001[min_max] <- ca_address_sk
|  mem-estimate=4.75MB mem-reservation=4.75MB spill-buffer=256.00KB thread-reservation=0
|  tuple-ids=0,3,1,2 row-size=67B cardinality=146.44K cost=196438
|  in pipelines: 00(GETNEXT), 02(OPEN)
|
|--02:SCAN HDFS [tpcds_partitioned_parquet_snap.customer_address]
|     HDFS partitions=1/1 files=1 size=1.16MB
|     stored statistics:
|       table: rows=50.00K size=1.16MB
|       columns: all
|     extrapolated-rows=disabled max-scan-range-rows=50.00K
|     mem-estimate=16.00MB mem-reservation=512.00KB thread-reservation=0
|     tuple-ids=2 row-size=35B cardinality=50.00K cost=51709
|     in pipelines: 02(GETNEXT)
|
05:HASH JOIN [INNER JOIN]
|  hash predicates: cs_bill_customer_sk = c_customer_sk
|  fk/pk conjuncts: cs_bill_customer_sk = c_customer_sk
|  runtime filters: RF002[bloom] <- c_customer_sk, RF003[min_max] <- c_customer_sk
|  mem-estimate=4.75MB mem-reservation=4.75MB spill-buffer=256.00KB thread-reservation=0
|  tuple-ids=0,3,1 row-size=32B cardinality=146.44K cost=246438
|  in pipelines: 00(GETNEXT), 01(OPEN)
|
|--01:SCAN HDFS [tpcds_partitioned_parquet_snap.customer]
|     HDFS partitions=1/1 files=1 size=5.49MB
|     runtime filters: RF001[min_max] -> c_current_addr_sk, RF000[bloom] -> c_current_addr_sk
|     stored statistics:
|       table: rows=100.00K size=5.49MB
|       columns: all
|     extrapolated-rows=disabled max-scan-range-rows=100.00K
|     mem-estimate=16.00MB mem-reservation=1.00MB thread-reservation=0
|     tuple-ids=1 row-size=8B cardinality=100.00K cost=50782
|     in pipelines: 01(GETNEXT)
|
04:HASH JOIN [INNER JOIN]
|  hash predicates: cs_sold_date_sk = d_date_sk
|  fk/pk conjuncts: cs_sold_date_sk = d_date_sk
|  runtime filters: RF004[bloom] <- d_date_sk
|  mem-estimate=1.94MB mem-reservation=1.94MB spill-buffer=64.00KB thread-reservation=0
|  tuple-ids=0,3 row-size=24B cardinality=146.44K cost=146624
|  in pipelines: 00(GETNEXT), 03(OPEN)
|
|--03:SCAN HDFS [tpcds_partitioned_parquet_snap.date_dim]
|     HDFS partitions=1/1 files=1 size=2.15MB
|     predicates: d_year = CAST(2001 AS INT), d_qoy = CAST(2 AS INT)
|     stored statistics:
|       table: rows=73.05K size=2.15MB
|       columns: all
|     extrapolated-rows=disabled max-scan-range-rows=73.05K
|     parquet statistics predicates: d_year = CAST(2001 AS INT), d_qoy = CAST(2 AS INT)
|     parquet dictionary predicates: d_year = CAST(2001 AS INT), d_qoy = CAST(2 AS INT)
|     mem-estimate=16.00MB mem-reservation=512.00KB thread-reservation=0
|     tuple-ids=3 row-size=12B cardinality=186 cost=196955
|     in pipelines: 03(GETNEXT)
|
00:SCAN HDFS [tpcds_partitioned_parquet_snap.catalog_sales]
   HDFS partitions=1831/1831 files=1831 size=151.13MB
   runtime filters: RF003[min_max] -> cs_bill_customer_sk, RF002[bloom] -> cs_bill_customer_sk, RF004[bloom] -> cs_sold_date_sk
   stored statistics:
     table: rows=1.44M size=151.13MB
     partitions: 1831/1831 rows=1.44M
     columns: all
   extrapolated-rows=disabled max-scan-range-rows=7.18K est-scan-range=187(filtered from 1831)
   mem-estimate=16.00MB mem-reservation=128.00KB thread-reservation=0
   tuple-ids=0 row-size=12B cardinality=146.44K(filtered from 1.44M) cost=9351716
   in pipelines: 00(GETNEXT)
---- DISTRIBUTEDPLAN
Max Per-Host Resource Reservation: Memory=33.75MB Threads=17
Per-Host Resource Estimates: Memory=162MB
F07:PLAN FRAGMENT [UNPARTITIONED] hosts=1 instances=1
|  Per-Instance Resources: mem-estimate=4.02MB mem-reservation=4.00MB thread-reservation=1
|  max-parallelism=1 segment-costs=[204] cpu-comparison-result=18 [max(1 (self) vs 18 (sum children))]
PLAN-ROOT SINK
|  output exprs: ca_zip, sum(cs_sales_price)
|  mem-estimate=4.00MB mem-reservation=4.00MB spill-buffer=2.00MB thread-reservation=0 cost=200
|
16:MERGING-EXCHANGE [UNPARTITIONED]
|  order by: ca_zip ASC
|  limit: 100
|  mem-estimate=22.75KB mem-reservation=0B thread-reservation=0
|  tuple-ids=5 row-size=33B cardinality=100 cost=4
|  in pipelines: 08(GETNEXT)
|
F06:PLAN FRAGMENT [HASH(ca_zip)] hosts=3 instances=6 (adjusted from 48)
Per-Instance Resources: mem-estimate=10.26MB mem-reservation=1.94MB thread-reservation=1
max-parallelism=6 segment-costs=[8066, 100, 4] cpu-comparison-result=18 [max(6 (self) vs 18 (sum children))]
08:TOP-N [LIMIT=100]
|  order by: ca_zip ASC
|  mem-estimate=3.22KB mem-reservation=0B thread-reservation=0
|  tuple-ids=5 row-size=33B cardinality=100 cost=100
|  in pipelines: 08(GETNEXT), 15(OPEN)
|
15:AGGREGATE [FINALIZE]
|  output: sum:merge(cs_sales_price)
|  group by: ca_zip
|  mem-estimate=10.00MB mem-reservation=1.94MB spill-buffer=64.00KB thread-reservation=0
|  tuple-ids=4 row-size=33B cardinality=3.96K cost=7922
|  in pipelines: 15(GETNEXT), 00(OPEN)
|
14:EXCHANGE [HASH(ca_zip)]
|  mem-estimate=264.55KB mem-reservation=0B thread-reservation=0
|  tuple-ids=4 row-size=33B cardinality=3.96K cost=144
|  in pipelines: 00(GETNEXT)
|
F05:PLAN FRAGMENT [HASH(c_current_addr_sk)] hosts=3 instances=6 (adjusted from 48)
Per-Instance Resources: mem-estimate=12.61MB mem-reservation=2.00MB thread-reservation=1
max-parallelism=6 segment-costs=[445607, 144] cpu-comparison-result=18 [max(18 (self) vs 18 (sum children))]
07:AGGREGATE [STREAMING]
|  output: sum(cs_sales_price)
|  group by: ca_zip
|  mem-estimate=10.00MB mem-reservation=2.00MB spill-buffer=64.00KB thread-reservation=0
|  tuple-ids=4 row-size=33B cardinality=3.96K cost=292876
|  in pipelines: 00(GETNEXT)
|
06:HASH JOIN [INNER JOIN, PARTITIONED]
|  hash-table-id=00
|  hash predicates: c_current_addr_sk = ca_address_sk
|  fk/pk conjuncts: c_current_addr_sk = ca_address_sk
|  other predicates: (substring(ca_zip, CAST(1 AS BIGINT), CAST(5 AS BIGINT)) IN ('85669', '86197', '88274', '83405', '86475', '85392', '85460', '80348', '81792') OR ca_state IN ('CA', 'WA', 'GA') OR cs_sales_price > CAST(500 AS DECIMAL(5,0)))
|  mem-estimate=0B mem-reservation=0B spill-buffer=64.00KB thread-reservation=0
|  tuple-ids=0,3,1,2 row-size=67B cardinality=146.44K cost=146438
|  in pipelines: 00(GETNEXT), 02(OPEN)
|
|--F08:PLAN FRAGMENT [HASH(c_current_addr_sk)] hosts=3 instances=6 (adjusted from 48)
|  |  Per-Instance Resources: mem-estimate=4.64MB mem-reservation=2.94MB thread-reservation=1 runtime-filters-memory=1.00MB
|  |  max-parallelism=6 segment-costs=[51905]
|  JOIN BUILD
|  |  join-table-id=00 plan-id=01 cohort-id=01
|  |  build expressions: ca_address_sk
|  |  runtime filters: RF000[bloom] <- ca_address_sk, RF001[min_max] <- ca_address_sk
|  |  mem-estimate=1.94MB mem-reservation=1.94MB spill-buffer=64.00KB thread-reservation=0 cost=50000
|  |
|  13:EXCHANGE [HASH(ca_address_sk)]
|  |  mem-estimate=1.71MB mem-reservation=0B thread-reservation=0
|  |  tuple-ids=2 row-size=35B cardinality=50.00K cost=1905
|  |  in pipelines: 02(GETNEXT)
|  |
|  F04:PLAN FRAGMENT [RANDOM] hosts=1 instances=1
|  Per-Instance Resources: mem-estimate=16.91MB mem-reservation=512.00KB thread-reservation=1
|  max-parallelism=1 segment-costs=[53614]
|  02:SCAN HDFS [tpcds_partitioned_parquet_snap.customer_address, RANDOM]
|     HDFS partitions=1/1 files=1 size=1.16MB
|     stored statistics:
|       table: rows=50.00K size=1.16MB
|       columns: all
|     extrapolated-rows=disabled max-scan-range-rows=50.00K
|     mem-estimate=16.00MB mem-reservation=512.00KB thread-reservation=0
|     tuple-ids=2 row-size=35B cardinality=50.00K cost=51709
|     in pipelines: 02(GETNEXT)
|
12:EXCHANGE [HASH(c_current_addr_sk)]
|  mem-estimate=1.75MB mem-reservation=0B thread-reservation=0
|  tuple-ids=0,3,1 row-size=32B cardinality=146.44K cost=6293
|  in pipelines: 00(GETNEXT)
|
F03:PLAN FRAGMENT [HASH(cs_bill_customer_sk)] hosts=3 instances=6 (adjusted from 48)
Per-Instance Resources: mem-estimate=2.34MB mem-reservation=0B thread-reservation=1
max-parallelism=6 segment-costs=[157308]
05:HASH JOIN [INNER JOIN, PARTITIONED]
|  hash-table-id=01
|  hash predicates: cs_bill_customer_sk = c_customer_sk
|  fk/pk conjuncts: cs_bill_customer_sk = c_customer_sk
|  mem-estimate=0B mem-reservation=0B spill-buffer=64.00KB thread-reservation=0
|  tuple-ids=0,3,1 row-size=32B cardinality=146.44K cost=146438
|  in pipelines: 00(GETNEXT), 01(OPEN)
|
|--F09:PLAN FRAGMENT [HASH(cs_bill_customer_sk)] hosts=3 instances=6 (adjusted from 48)
|  |  Per-Instance Resources: mem-estimate=3.71MB mem-reservation=2.94MB thread-reservation=1 runtime-filters-memory=1.00MB
|  |  max-parallelism=6 segment-costs=[101172]
|  JOIN BUILD
|  |  join-table-id=01 plan-id=02 cohort-id=01
|  |  build expressions: c_customer_sk
|  |  runtime filters: RF002[bloom] <- c_customer_sk, RF003[min_max] <- c_customer_sk
|  |  mem-estimate=1.94MB mem-reservation=1.94MB spill-buffer=64.00KB thread-reservation=0 cost=100000
|  |
|  11:EXCHANGE [HASH(c_customer_sk)]
|  |  mem-estimate=793.25KB mem-reservation=0B thread-reservation=0
|  |  tuple-ids=1 row-size=8B cardinality=100.00K cost=1172
|  |  in pipelines: 01(GETNEXT)
|  |
|  F02:PLAN FRAGMENT [RANDOM] hosts=1 instances=1
|  Per-Host Shared Resources: mem-estimate=1.00MB mem-reservation=1.00MB thread-reservation=0 runtime-filters-memory=1.00MB
|  Per-Instance Resources: mem-estimate=16.28MB mem-reservation=1.00MB thread-reservation=1
|  max-parallelism=1 segment-costs=[51954]
|  01:SCAN HDFS [tpcds_partitioned_parquet_snap.customer, RANDOM]
|     HDFS partitions=1/1 files=1 size=5.49MB
|     runtime filters: RF001[min_max] -> c_current_addr_sk, RF000[bloom] -> c_current_addr_sk
|     stored statistics:
|       table: rows=100.00K size=5.49MB
|       columns: all
|     extrapolated-rows=disabled max-scan-range-rows=100.00K
|     mem-estimate=16.00MB mem-reservation=1.00MB thread-reservation=0
|     tuple-ids=1 row-size=8B cardinality=100.00K cost=50782
|     in pipelines: 01(GETNEXT)
|
10:EXCHANGE [HASH(cs_bill_customer_sk)]
|  mem-estimate=1.30MB mem-reservation=0B thread-reservation=0
|  tuple-ids=0,3 row-size=24B cardinality=146.44K cost=4577
|  in pipelines: 00(GETNEXT)
|
F00:PLAN FRAGMENT [RANDOM] hosts=3 instances=6 (adjusted from 48)
Per-Host Shared Resources: mem-estimate=2.00MB mem-reservation=2.00MB thread-reservation=0 runtime-filters-memory=2.00MB
Per-Instance Resources: mem-estimate=16.75MB mem-reservation=128.00KB thread-reservation=1
max-parallelism=6 segment-costs=[9502731]
04:HASH JOIN [INNER JOIN, BROADCAST]
|  hash-table-id=02
|  hash predicates: cs_sold_date_sk = d_date_sk
|  fk/pk conjuncts: cs_sold_date_sk = d_date_sk
|  mem-estimate=0B mem-reservation=0B spill-buffer=64.00KB thread-reservation=0
|  tuple-ids=0,3 row-size=24B cardinality=146.44K cost=146438
|  in pipelines: 00(GETNEXT), 03(OPEN)
|
|--F10:PLAN FRAGMENT [RANDOM] hosts=3 instances=3
|  |  Per-Instance Resources: mem-estimate=4.89MB mem-reservation=4.88MB thread-reservation=1 runtime-filters-memory=1.00MB
|  |  max-parallelism=3 segment-costs=[195]
|  JOIN BUILD
|  |  join-table-id=02 plan-id=03 cohort-id=01
|  |  build expressions: d_date_sk
|  |  runtime filters: RF004[bloom] <- d_date_sk
|  |  mem-estimate=3.88MB mem-reservation=3.88MB spill-buffer=64.00KB thread-reservation=0 cost=186
|  |
|  09:EXCHANGE [BROADCAST]
|  |  mem-estimate=16.00KB mem-reservation=0B thread-reservation=0
|  |  tuple-ids=3 row-size=12B cardinality=186 cost=9
|  |  in pipelines: 03(GETNEXT)
|  |
|  F01:PLAN FRAGMENT [RANDOM] hosts=1 instances=1
|  Per-Instance Resources: mem-estimate=16.06MB mem-reservation=512.00KB thread-reservation=1
|  max-parallelism=1 segment-costs=[196958]
|  03:SCAN HDFS [tpcds_partitioned_parquet_snap.date_dim, RANDOM]
|     HDFS partitions=1/1 files=1 size=2.15MB
|     predicates: d_year = CAST(2001 AS INT), d_qoy = CAST(2 AS INT)
|     stored statistics:
|       table: rows=73.05K size=2.15MB
|       columns: all
|     extrapolated-rows=disabled max-scan-range-rows=73.05K
|     parquet statistics predicates: d_year = CAST(2001 AS INT), d_qoy = CAST(2 AS INT)
|     parquet dictionary predicates: d_year = CAST(2001 AS INT), d_qoy = CAST(2 AS INT)
|     mem-estimate=16.00MB mem-reservation=512.00KB thread-reservation=0
|     tuple-ids=3 row-size=12B cardinality=186 cost=196955
|     in pipelines: 03(GETNEXT)
|
00:SCAN HDFS [tpcds_partitioned_parquet_snap.catalog_sales, RANDOM]
   HDFS partitions=1831/1831 files=1831 size=151.13MB
   runtime filters: RF003[min_max] -> cs_bill_customer_sk, RF002[bloom] -> cs_bill_customer_sk, RF004[bloom] -> cs_sold_date_sk
   stored statistics:
     table: rows=1.44M size=151.13MB
     partitions: 1831/1831 rows=1.44M
     columns: all
   extrapolated-rows=disabled max-scan-range-rows=7.18K est-scan-range=187(filtered from 1831)
   mem-estimate=16.00MB mem-reservation=128.00KB thread-reservation=0
   tuple-ids=0 row-size=12B cardinality=146.44K(filtered from 1.44M) cost=9351716
   in pipelines: 00(GETNEXT)
---- PARALLELPLANS
Max Per-Host Resource Reservation: Memory=33.75MB Threads=17
Per-Host Resource Estimates: Memory=162MB
F07:PLAN FRAGMENT [UNPARTITIONED] hosts=1 instances=1
|  Per-Instance Resources: mem-estimate=4.02MB mem-reservation=4.00MB thread-reservation=1
|  max-parallelism=1 segment-costs=[204] cpu-comparison-result=18 [max(1 (self) vs 18 (sum children))]
PLAN-ROOT SINK
|  output exprs: ca_zip, sum(cs_sales_price)
|  mem-estimate=4.00MB mem-reservation=4.00MB spill-buffer=2.00MB thread-reservation=0 cost=200
|
16:MERGING-EXCHANGE [UNPARTITIONED]
|  order by: ca_zip ASC
|  limit: 100
|  mem-estimate=22.75KB mem-reservation=0B thread-reservation=0
|  tuple-ids=5 row-size=33B cardinality=100 cost=4
|  in pipelines: 08(GETNEXT)
|
F06:PLAN FRAGMENT [HASH(ca_zip)] hosts=3 instances=6 (adjusted from 48)
Per-Instance Resources: mem-estimate=10.26MB mem-reservation=1.94MB thread-reservation=1
max-parallelism=6 segment-costs=[8066, 100, 4] cpu-comparison-result=18 [max(6 (self) vs 18 (sum children))]
08:TOP-N [LIMIT=100]
|  order by: ca_zip ASC
|  mem-estimate=3.22KB mem-reservation=0B thread-reservation=0
|  tuple-ids=5 row-size=33B cardinality=100 cost=100
|  in pipelines: 08(GETNEXT), 15(OPEN)
|
15:AGGREGATE [FINALIZE]
|  output: sum:merge(cs_sales_price)
|  group by: ca_zip
|  mem-estimate=10.00MB mem-reservation=1.94MB spill-buffer=64.00KB thread-reservation=0
|  tuple-ids=4 row-size=33B cardinality=3.96K cost=7922
|  in pipelines: 15(GETNEXT), 00(OPEN)
|
14:EXCHANGE [HASH(ca_zip)]
|  mem-estimate=264.55KB mem-reservation=0B thread-reservation=0
|  tuple-ids=4 row-size=33B cardinality=3.96K cost=144
|  in pipelines: 00(GETNEXT)
|
F05:PLAN FRAGMENT [HASH(c_current_addr_sk)] hosts=3 instances=6 (adjusted from 48)
Per-Instance Resources: mem-estimate=12.61MB mem-reservation=2.00MB thread-reservation=1
max-parallelism=6 segment-costs=[445607, 144] cpu-comparison-result=18 [max(18 (self) vs 18 (sum children))]
07:AGGREGATE [STREAMING]
|  output: sum(cs_sales_price)
|  group by: ca_zip
|  mem-estimate=10.00MB mem-reservation=2.00MB spill-buffer=64.00KB thread-reservation=0
|  tuple-ids=4 row-size=33B cardinality=3.96K cost=292876
|  in pipelines: 00(GETNEXT)
|
06:HASH JOIN [INNER JOIN, PARTITIONED]
|  hash-table-id=00
|  hash predicates: c_current_addr_sk = ca_address_sk
|  fk/pk conjuncts: c_current_addr_sk = ca_address_sk
|  other predicates: (substring(ca_zip, CAST(1 AS BIGINT), CAST(5 AS BIGINT)) IN ('85669', '86197', '88274', '83405', '86475', '85392', '85460', '80348', '81792') OR ca_state IN ('CA', 'WA', 'GA') OR cs_sales_price > CAST(500 AS DECIMAL(5,0)))
|  mem-estimate=0B mem-reservation=0B spill-buffer=64.00KB thread-reservation=0
|  tuple-ids=0,3,1,2 row-size=67B cardinality=146.44K cost=146438
|  in pipelines: 00(GETNEXT), 02(OPEN)
|
|--F08:PLAN FRAGMENT [HASH(c_current_addr_sk)] hosts=3 instances=6 (adjusted from 48)
|  |  Per-Instance Resources: mem-estimate=4.64MB mem-reservation=2.94MB thread-reservation=1 runtime-filters-memory=1.00MB
|  |  max-parallelism=6 segment-costs=[51905]
|  JOIN BUILD
|  |  join-table-id=00 plan-id=01 cohort-id=01
|  |  build expressions: ca_address_sk
|  |  runtime filters: RF000[bloom] <- ca_address_sk, RF001[min_max] <- ca_address_sk
|  |  mem-estimate=1.94MB mem-reservation=1.94MB spill-buffer=64.00KB thread-reservation=0 cost=50000
|  |
|  13:EXCHANGE [HASH(ca_address_sk)]
|  |  mem-estimate=1.71MB mem-reservation=0B thread-reservation=0
|  |  tuple-ids=2 row-size=35B cardinality=50.00K cost=1905
|  |  in pipelines: 02(GETNEXT)
|  |
|  F04:PLAN FRAGMENT [RANDOM] hosts=1 instances=1
|  Per-Instance Resources: mem-estimate=16.91MB mem-reservation=512.00KB thread-reservation=1
|  max-parallelism=1 segment-costs=[53614]
|  02:SCAN HDFS [tpcds_partitioned_parquet_snap.customer_address, RANDOM]
|     HDFS partitions=1/1 files=1 size=1.16MB
|     stored statistics:
|       table: rows=50.00K size=1.16MB
|       columns: all
|     extrapolated-rows=disabled max-scan-range-rows=50.00K
|     mem-estimate=16.00MB mem-reservation=512.00KB thread-reservation=0
|     tuple-ids=2 row-size=35B cardinality=50.00K cost=51709
|     in pipelines: 02(GETNEXT)
|
12:EXCHANGE [HASH(c_current_addr_sk)]
|  mem-estimate=1.75MB mem-reservation=0B thread-reservation=0
|  tuple-ids=0,3,1 row-size=32B cardinality=146.44K cost=6293
|  in pipelines: 00(GETNEXT)
|
F03:PLAN FRAGMENT [HASH(cs_bill_customer_sk)] hosts=3 instances=6 (adjusted from 48)
Per-Instance Resources: mem-estimate=2.34MB mem-reservation=0B thread-reservation=1
max-parallelism=6 segment-costs=[157308]
05:HASH JOIN [INNER JOIN, PARTITIONED]
|  hash-table-id=01
|  hash predicates: cs_bill_customer_sk = c_customer_sk
|  fk/pk conjuncts: cs_bill_customer_sk = c_customer_sk
|  mem-estimate=0B mem-reservation=0B spill-buffer=64.00KB thread-reservation=0
|  tuple-ids=0,3,1 row-size=32B cardinality=146.44K cost=146438
|  in pipelines: 00(GETNEXT), 01(OPEN)
|
|--F09:PLAN FRAGMENT [HASH(cs_bill_customer_sk)] hosts=3 instances=6 (adjusted from 48)
|  |  Per-Instance Resources: mem-estimate=3.71MB mem-reservation=2.94MB thread-reservation=1 runtime-filters-memory=1.00MB
|  |  max-parallelism=6 segment-costs=[101172]
|  JOIN BUILD
|  |  join-table-id=01 plan-id=02 cohort-id=01
|  |  build expressions: c_customer_sk
|  |  runtime filters: RF002[bloom] <- c_customer_sk, RF003[min_max] <- c_customer_sk
|  |  mem-estimate=1.94MB mem-reservation=1.94MB spill-buffer=64.00KB thread-reservation=0 cost=100000
|  |
|  11:EXCHANGE [HASH(c_customer_sk)]
|  |  mem-estimate=793.25KB mem-reservation=0B thread-reservation=0
|  |  tuple-ids=1 row-size=8B cardinality=100.00K cost=1172
|  |  in pipelines: 01(GETNEXT)
|  |
|  F02:PLAN FRAGMENT [RANDOM] hosts=1 instances=1
|  Per-Host Shared Resources: mem-estimate=1.00MB mem-reservation=1.00MB thread-reservation=0 runtime-filters-memory=1.00MB
|  Per-Instance Resources: mem-estimate=16.28MB mem-reservation=1.00MB thread-reservation=1
|  max-parallelism=1 segment-costs=[51954]
|  01:SCAN HDFS [tpcds_partitioned_parquet_snap.customer, RANDOM]
|     HDFS partitions=1/1 files=1 size=5.49MB
|     runtime filters: RF001[min_max] -> c_current_addr_sk, RF000[bloom] -> c_current_addr_sk
|     stored statistics:
|       table: rows=100.00K size=5.49MB
|       columns: all
|     extrapolated-rows=disabled max-scan-range-rows=100.00K
|     mem-estimate=16.00MB mem-reservation=1.00MB thread-reservation=0
|     tuple-ids=1 row-size=8B cardinality=100.00K cost=50782
|     in pipelines: 01(GETNEXT)
|
10:EXCHANGE [HASH(cs_bill_customer_sk)]
|  mem-estimate=1.30MB mem-reservation=0B thread-reservation=0
|  tuple-ids=0,3 row-size=24B cardinality=146.44K cost=4577
|  in pipelines: 00(GETNEXT)
|
F00:PLAN FRAGMENT [RANDOM] hosts=3 instances=6 (adjusted from 48)
Per-Host Shared Resources: mem-estimate=2.00MB mem-reservation=2.00MB thread-reservation=0 runtime-filters-memory=2.00MB
Per-Instance Resources: mem-estimate=16.75MB mem-reservation=128.00KB thread-reservation=1
max-parallelism=6 segment-costs=[9502731]
04:HASH JOIN [INNER JOIN, BROADCAST]
|  hash-table-id=02
|  hash predicates: cs_sold_date_sk = d_date_sk
|  fk/pk conjuncts: cs_sold_date_sk = d_date_sk
|  mem-estimate=0B mem-reservation=0B spill-buffer=64.00KB thread-reservation=0
|  tuple-ids=0,3 row-size=24B cardinality=146.44K cost=146438
|  in pipelines: 00(GETNEXT), 03(OPEN)
|
|--F10:PLAN FRAGMENT [RANDOM] hosts=3 instances=3
|  |  Per-Instance Resources: mem-estimate=4.89MB mem-reservation=4.88MB thread-reservation=1 runtime-filters-memory=1.00MB
|  |  max-parallelism=3 segment-costs=[195]
|  JOIN BUILD
|  |  join-table-id=02 plan-id=03 cohort-id=01
|  |  build expressions: d_date_sk
|  |  runtime filters: RF004[bloom] <- d_date_sk
|  |  mem-estimate=3.88MB mem-reservation=3.88MB spill-buffer=64.00KB thread-reservation=0 cost=186
|  |
|  09:EXCHANGE [BROADCAST]
|  |  mem-estimate=16.00KB mem-reservation=0B thread-reservation=0
|  |  tuple-ids=3 row-size=12B cardinality=186 cost=9
|  |  in pipelines: 03(GETNEXT)
|  |
|  F01:PLAN FRAGMENT [RANDOM] hosts=1 instances=1
|  Per-Instance Resources: mem-estimate=16.06MB mem-reservation=512.00KB thread-reservation=1
|  max-parallelism=1 segment-costs=[196958]
|  03:SCAN HDFS [tpcds_partitioned_parquet_snap.date_dim, RANDOM]
|     HDFS partitions=1/1 files=1 size=2.15MB
|     predicates: d_year = CAST(2001 AS INT), d_qoy = CAST(2 AS INT)
|     stored statistics:
|       table: rows=73.05K size=2.15MB
|       columns: all
|     extrapolated-rows=disabled max-scan-range-rows=73.05K
|     parquet statistics predicates: d_year = CAST(2001 AS INT), d_qoy = CAST(2 AS INT)
|     parquet dictionary predicates: d_year = CAST(2001 AS INT), d_qoy = CAST(2 AS INT)
|     mem-estimate=16.00MB mem-reservation=512.00KB thread-reservation=0
|     tuple-ids=3 row-size=12B cardinality=186 cost=196955
|     in pipelines: 03(GETNEXT)
|
00:SCAN HDFS [tpcds_partitioned_parquet_snap.catalog_sales, RANDOM]
   HDFS partitions=1831/1831 files=1831 size=151.13MB
   runtime filters: RF003[min_max] -> cs_bill_customer_sk, RF002[bloom] -> cs_bill_customer_sk, RF004[bloom] -> cs_sold_date_sk
   stored statistics:
     table: rows=1.44M size=151.13MB
     partitions: 1831/1831 rows=1.44M
     columns: all
   extrapolated-rows=disabled max-scan-range-rows=7.18K est-scan-range=187(filtered from 1831)
   mem-estimate=16.00MB mem-reservation=128.00KB thread-reservation=0
   tuple-ids=0 row-size=12B cardinality=146.44K(filtered from 1.44M) cost=9351716
   in pipelines: 00(GETNEXT)
====
