# TPCDS-Q30
WITH customer_total_return AS
  (SELECT wr_returning_customer_sk AS ctr_customer_sk,
          ca_state AS ctr_state,
          sum(wr_return_amt) AS ctr_total_return
   FROM web_returns,
        date_dim,
        customer_address
   WHERE wr_returned_date_sk = d_date_sk
     AND d_year = 2002
     AND wr_returning_addr_sk = ca_address_sk
   GROUP BY wr_returning_customer_sk,
            ca_state)
SELECT c_customer_id,
       c_salutation,
       c_first_name,
       c_last_name,
       c_preferred_cust_flag,
       c_birth_day,
       c_birth_month,
       c_birth_year,
       c_birth_country,
       c_login,
       c_email_address,
       c_last_review_date,
       ctr_total_return
FROM customer_total_return ctr1,
     customer_address,
     customer
WHERE ctr1.ctr_total_return >
    (SELECT avg(ctr_total_return)*1.2
     FROM customer_total_return ctr2
     WHERE ctr1.ctr_state = ctr2.ctr_state)
  AND ca_address_sk = c_current_addr_sk
  AND ca_state = 'GA'
  AND ctr1.ctr_customer_sk = c_customer_sk
ORDER BY c_customer_id,
         c_salutation,
         c_first_name,
         c_last_name,
         c_preferred_cust_flag,
         c_birth_day,
         c_birth_month,
         c_birth_year,
         c_birth_country,
         c_login,
         c_email_address,
         c_last_review_date,
         ctr_total_return
LIMIT 100;
---- PLAN
Max Per-Host Resource Reservation: Memory=25.69MB Threads=1
Per-Host Resource Estimates: Memory=141MB
F00:PLAN FRAGMENT [UNPARTITIONED] hosts=1 instances=1
|  Per-Instance Resources: mem-estimate=140.81MB mem-reservation=25.69MB thread-reservation=1 runtime-filters-memory=7.00MB
|  max-parallelism=1 segment-costs=[18900725, 18900725, 25326, 177088, 1300]
PLAN-ROOT SINK
|  output exprs: c_customer_id, c_salutation, c_first_name, c_last_name, c_preferred_cust_flag, c_birth_day, c_birth_month, c_birth_year, c_birth_country, c_login, c_email_address, c_last_review_date, ctr_total_return
|  mem-estimate=4.00MB mem-reservation=4.00MB spill-buffer=2.00MB thread-reservation=0 cost=1300
|
18:TOP-N [LIMIT=100]
|  order by: c_customer_id ASC, c_salutation ASC, c_first_name ASC, c_last_name ASC, c_preferred_cust_flag ASC, c_birth_day ASC, c_birth_month ASC, c_birth_year ASC, c_birth_country ASC, c_login ASC, c_email_address ASC, c_last_review_date ASC, ctr_total_return ASC
|  mem-estimate=20.64KB mem-reservation=0B thread-reservation=0
|  tuple-ids=15 row-size=211B cardinality=100 cost=1300
|  in pipelines: 18(GETNEXT), 07(OPEN)
|
17:HASH JOIN [LEFT SEMI JOIN]
|  hash predicates: ca_state = ctr2.ctr_state
|  other join predicates: sum(wr_return_amt) > avg(ctr_total_return) * CAST(1.2 AS DECIMAL(2,1))
|  runtime filters: RF000[bloom] <- ctr2.ctr_state, RF001[min_max] <- ctr2.ctr_state
|  mem-estimate=1.94MB mem-reservation=1.94MB spill-buffer=64.00KB thread-reservation=0
|  tuple-ids=6,5,3 row-size=255B cardinality=3.16K cost=6379
|  in pipelines: 07(GETNEXT), 14(OPEN)
|
|--14:AGGREGATE [FINALIZE]
|  |  output: avg(sum(wr_return_amt))
|  |  group by: ca_state
|  |  mem-estimate=10.00MB mem-reservation=1.94MB spill-buffer=64.00KB thread-reservation=0
|  |  tuple-ids=13 row-size=30B cardinality=51 cost=25326
|  |  in pipelines: 14(GETNEXT), 13(OPEN)
|  |
|  13:AGGREGATE [FINALIZE]
|  |  output: sum(wr_return_amt)
|  |  group by: wr_returning_customer_sk, ca_state
|  |  mem-estimate=10.00MB mem-reservation=1.94MB spill-buffer=64.00KB thread-reservation=0
|  |  tuple-ids=10 row-size=34B cardinality=12.66K cost=37989
|  |  in pipelines: 13(GETNEXT), 10(OPEN)
|  |
|  12:HASH JOIN [INNER JOIN]
|  |  hash predicates: ca_address_sk = wr_returning_addr_sk
|  |  fk/pk conjuncts: ca_address_sk = wr_returning_addr_sk
|  |  runtime filters: RF010[bloom] <- wr_returning_addr_sk, RF011[min_max] <- wr_returning_addr_sk
|  |  mem-estimate=1.94MB mem-reservation=1.94MB spill-buffer=64.00KB thread-reservation=0
|  |  tuple-ids=9,7,8 row-size=42B cardinality=12.66K cost=25655
|  |  in pipelines: 10(GETNEXT), 08(OPEN)
|  |
|  |--11:HASH JOIN [INNER JOIN]
|  |  |  hash predicates: wr_returned_date_sk = d_date_sk
|  |  |  fk/pk conjuncts: wr_returned_date_sk = d_date_sk
|  |  |  runtime filters: RF012[bloom] <- d_date_sk
|  |  |  mem-estimate=1.94MB mem-reservation=1.94MB spill-buffer=64.00KB thread-reservation=0
|  |  |  tuple-ids=7,8 row-size=24B cardinality=12.66K cost=13036
|  |  |  in pipelines: 08(GETNEXT), 09(OPEN)
|  |  |
|  |  |--09:SCAN HDFS [tpcds_partitioned_parquet_snap.date_dim]
|  |  |     HDFS partitions=1/1 files=1 size=2.15MB
|  |  |     predicates: d_year = CAST(2002 AS INT)
|  |  |     stored statistics:
|  |  |       table: rows=73.05K size=2.15MB
|  |  |       columns: all
|  |  |     extrapolated-rows=disabled max-scan-range-rows=73.05K
|  |  |     parquet statistics predicates: d_year = CAST(2002 AS INT)
|  |  |     parquet dictionary predicates: d_year = CAST(2002 AS INT)
|  |  |     mem-estimate=16.00MB mem-reservation=512.00KB thread-reservation=0
|  |  |     tuple-ids=8 row-size=8B cardinality=373 cost=123620
|  |  |     in pipelines: 09(GETNEXT)
|  |  |
|  |  08:SCAN HDFS [tpcds_partitioned_parquet_snap.web_returns]
|  |     HDFS partitions=2114/2114 files=2114 size=20.82MB
|  |     runtime filters: RF012[bloom] -> wr_returned_date_sk
|  |     stored statistics:
|  |       table: rows=71.76K size=20.82MB
|  |       partitions: 2114/2114 rows=71.76K
|  |       columns: all
|  |     extrapolated-rows=disabled max-scan-range-rows=3.13K est-scan-range=373(filtered from 2114)
|  |     mem-estimate=16.00MB mem-reservation=128.00KB thread-reservation=0
|  |     tuple-ids=7 row-size=16B cardinality=12.66K(filtered from 71.76K) cost=18650196
|  |     in pipelines: 08(GETNEXT)
|  |
|  10:SCAN HDFS [tpcds_partitioned_parquet_snap.customer_address]
|     HDFS partitions=1/1 files=1 size=1.16MB
|     runtime filters: RF011[min_max] -> ca_address_sk, RF010[bloom] -> ca_address_sk
|     stored statistics:
|       table: rows=50.00K size=1.16MB
|       columns: all
|     extrapolated-rows=disabled max-scan-range-rows=50.00K
|     mem-estimate=16.00MB mem-reservation=256.00KB thread-reservation=0
|     tuple-ids=9 row-size=18B cardinality=12.99K(filtered from 50.00K) cost=50229
|     in pipelines: 10(GETNEXT)
|
16:HASH JOIN [INNER JOIN]
|  hash predicates: c_customer_sk = wr_returning_customer_sk
|  fk/pk conjuncts: none
|  runtime filters: RF002[bloom] <- wr_returning_customer_sk, RF003[min_max] <- wr_returning_customer_sk
|  mem-estimate=1.94MB mem-reservation=1.94MB spill-buffer=64.00KB thread-reservation=0
|  tuple-ids=6,5,3 row-size=255B cardinality=3.16K cost=14868
|  in pipelines: 07(GETNEXT), 05(OPEN)
|
|--05:AGGREGATE [FINALIZE]
|  |  output: sum(wr_return_amt)
|  |  group by: wr_returning_customer_sk, ca_state
|  |  mem-estimate=10.00MB mem-reservation=1.94MB spill-buffer=64.00KB thread-reservation=0
|  |  tuple-ids=3 row-size=34B cardinality=12.66K cost=37989
|  |  in pipelines: 05(GETNEXT), 02(OPEN)
|  |
|  04:HASH JOIN [INNER JOIN]
|  |  hash predicates: ca_address_sk = wr_returning_addr_sk
|  |  fk/pk conjuncts: ca_address_sk = wr_returning_addr_sk
|  |  runtime filters: RF006[bloom] <- wr_returning_addr_sk, RF007[min_max] <- wr_returning_addr_sk
|  |  mem-estimate=1.94MB mem-reservation=1.94MB spill-buffer=64.00KB thread-reservation=0
|  |  tuple-ids=2,0,1 row-size=42B cardinality=12.66K cost=25655
|  |  in pipelines: 02(GETNEXT), 00(OPEN)
|  |
|  |--03:HASH JOIN [INNER JOIN]
|  |  |  hash predicates: wr_returned_date_sk = d_date_sk
|  |  |  fk/pk conjuncts: wr_returned_date_sk = d_date_sk
|  |  |  runtime filters: RF008[bloom] <- d_date_sk
|  |  |  mem-estimate=1.94MB mem-reservation=1.94MB spill-buffer=64.00KB thread-reservation=0
|  |  |  tuple-ids=0,1 row-size=24B cardinality=12.66K cost=13036
|  |  |  in pipelines: 00(GETNEXT), 01(OPEN)
|  |  |
|  |  |--01:SCAN HDFS [tpcds_partitioned_parquet_snap.date_dim]
|  |  |     HDFS partitions=1/1 files=1 size=2.15MB
|  |  |     predicates: d_year = CAST(2002 AS INT)
|  |  |     stored statistics:
|  |  |       table: rows=73.05K size=2.15MB
|  |  |       columns: all
|  |  |     extrapolated-rows=disabled max-scan-range-rows=73.05K
|  |  |     parquet statistics predicates: d_year = CAST(2002 AS INT)
|  |  |     parquet dictionary predicates: d_year = CAST(2002 AS INT)
|  |  |     mem-estimate=16.00MB mem-reservation=512.00KB thread-reservation=0
|  |  |     tuple-ids=1 row-size=8B cardinality=373 cost=123620
|  |  |     in pipelines: 01(GETNEXT)
|  |  |
|  |  00:SCAN HDFS [tpcds_partitioned_parquet_snap.web_returns]
|  |     HDFS partitions=2114/2114 files=2114 size=20.82MB
|  |     runtime filters: RF008[bloom] -> wr_returned_date_sk
|  |     stored statistics:
|  |       table: rows=71.76K size=20.82MB
|  |       partitions: 2114/2114 rows=71.76K
|  |       columns: all
|  |     extrapolated-rows=disabled max-scan-range-rows=3.13K est-scan-range=373(filtered from 2114)
|  |     mem-estimate=16.00MB mem-reservation=128.00KB thread-reservation=0
|  |     tuple-ids=0 row-size=16B cardinality=12.66K(filtered from 71.76K) cost=18650196
|  |     in pipelines: 00(GETNEXT)
|  |
|  02:SCAN HDFS [tpcds_partitioned_parquet_snap.customer_address]
|     HDFS partitions=1/1 files=1 size=1.16MB
|     runtime filters: RF007[min_max] -> ca_address_sk, RF001[min_max] -> tpcds_partitioned_parquet_snap.customer_address.ca_state, RF006[bloom] -> ca_address_sk, RF000[bloom] -> tpcds_partitioned_parquet_snap.customer_address.ca_state
|     stored statistics:
|       table: rows=50.00K size=1.16MB
|       columns: all
|     extrapolated-rows=disabled max-scan-range-rows=50.00K
|     mem-estimate=16.00MB mem-reservation=256.00KB thread-reservation=0
|     tuple-ids=2 row-size=18B cardinality=12.99K(filtered from 50.00K) cost=50229
|     in pipelines: 02(GETNEXT)
|
15:HASH JOIN [INNER JOIN]
|  hash predicates: c_current_addr_sk = ca_address_sk
|  fk/pk conjuncts: c_current_addr_sk = ca_address_sk
|  runtime filters: RF004[bloom] <- ca_address_sk, RF005[min_max] <- ca_address_sk
|  mem-estimate=1.94MB mem-reservation=1.94MB spill-buffer=64.00KB thread-reservation=0
|  tuple-ids=6,5 row-size=221B cardinality=2.21K cost=3212
|  in pipelines: 07(GETNEXT), 06(OPEN)
|
|--06:SCAN HDFS [tpcds_partitioned_parquet_snap.customer_address]
|     HDFS partitions=1/1 files=1 size=1.16MB
|     predicates: ca_state = 'GA'
|     stored statistics:
|       table: rows=50.00K size=1.16MB
|       columns: all
|     extrapolated-rows=disabled max-scan-range-rows=50.00K
|     parquet statistics predicates: ca_state = 'GA'
|     parquet dictionary predicates: ca_state = 'GA'
|     mem-estimate=16.00MB mem-reservation=256.00KB thread-reservation=0
|     tuple-ids=5 row-size=18B cardinality=950 cost=100879
|     in pipelines: 06(GETNEXT)
|
07:SCAN HDFS [tpcds_partitioned_parquet_snap.customer]
   HDFS partitions=1/1 files=1 size=5.49MB
   runtime filters: RF005[min_max] -> c_current_addr_sk, RF003[min_max] -> c_customer_sk, RF004[bloom] -> c_current_addr_sk, RF002[bloom] -> c_customer_sk
   stored statistics:
     table: rows=100.00K size=5.49MB
     columns: all
   extrapolated-rows=disabled max-scan-range-rows=100.00K
   mem-estimate=16.00MB mem-reservation=8.00MB thread-reservation=0
   tuple-ids=6 row-size=203B cardinality=2.26K(filtered from 100.00K) cost=50450
   in pipelines: 07(GETNEXT)
---- DISTRIBUTEDPLAN
Max Per-Host Resource Reservation: Memory=80.06MB Threads=33
Per-Host Resource Estimates: Memory=351MB
F14:PLAN FRAGMENT [UNPARTITIONED] hosts=1 instances=1
|  Per-Instance Resources: mem-estimate=4.13MB mem-reservation=4.00MB thread-reservation=1
|  max-parallelism=1 segment-costs=[1322] cpu-comparison-result=31 [max(1 (self) vs 31 (sum children))]
PLAN-ROOT SINK
|  output exprs: c_customer_id, c_salutation, c_first_name, c_last_name, c_preferred_cust_flag, c_birth_day, c_birth_month, c_birth_year, c_birth_country, c_login, c_email_address, c_last_review_date, ctr_total_return
|  mem-estimate=4.00MB mem-reservation=4.00MB spill-buffer=2.00MB thread-reservation=0 cost=1300
|
35:MERGING-EXCHANGE [UNPARTITIONED]
|  order by: c_customer_id ASC, c_salutation ASC, c_first_name ASC, c_last_name ASC, c_preferred_cust_flag ASC, c_birth_day ASC, c_birth_month ASC, c_birth_year ASC, c_birth_country ASC, c_login ASC, c_email_address ASC, c_last_review_date ASC, ctr_total_return ASC
|  limit: 100
|  mem-estimate=133.07KB mem-reservation=0B thread-reservation=0
|  tuple-ids=15 row-size=211B cardinality=100 cost=22
|  in pipelines: 18(GETNEXT)
|
F07:PLAN FRAGMENT [HASH(wr_returning_customer_sk)] hosts=3 instances=6 (adjusted from 48)
Per-Instance Resources: mem-estimate=882.07KB mem-reservation=0B thread-reservation=1
max-parallelism=6 segment-costs=[20761, 22] cpu-comparison-result=31 [max(6 (self) vs 31 (sum children))]
18:TOP-N [LIMIT=100]
|  order by: c_customer_id ASC, c_salutation ASC, c_first_name ASC, c_last_name ASC, c_preferred_cust_flag ASC, c_birth_day ASC, c_birth_month ASC, c_birth_year ASC, c_birth_country ASC, c_login ASC, c_email_address ASC, c_last_review_date ASC, ctr_total_return ASC
|  mem-estimate=20.64KB mem-reservation=0B thread-reservation=0
|  tuple-ids=15 row-size=211B cardinality=100 cost=1300
|  in pipelines: 18(GETNEXT), 23(OPEN)
|
17:HASH JOIN [LEFT SEMI JOIN, BROADCAST]
|  hash-table-id=00
|  hash predicates: ca_state = ctr2.ctr_state
|  other join predicates: sum(wr_return_amt) > avg(ctr_total_return) * CAST(1.2 AS DECIMAL(2,1))
|  mem-estimate=0B mem-reservation=0B spill-buffer=64.00KB thread-reservation=0
|  tuple-ids=3,6,5 row-size=255B cardinality=3.16K cost=6328
|  in pipelines: 23(GETNEXT), 33(OPEN)
|
|--F15:PLAN FRAGMENT [HASH(wr_returning_customer_sk)] hosts=3 instances=3
|  |  Per-Instance Resources: mem-estimate=4.89MB mem-reservation=4.88MB thread-reservation=1 runtime-filters-memory=1.00MB
|  |  max-parallelism=3 segment-costs=[57] cpu-comparison-result=12 [max(3 (self) vs 12 (sum children))]
|  JOIN BUILD
|  |  join-table-id=00 plan-id=01 cohort-id=01
|  |  build expressions: ctr2.ctr_state
|  |  runtime filters: RF000[bloom] <- ctr2.ctr_state, RF001[min_max] <- ctr2.ctr_state
|  |  mem-estimate=3.88MB mem-reservation=3.88MB spill-buffer=64.00KB thread-reservation=0 cost=51
|  |
|  34:EXCHANGE [BROADCAST]
|  |  mem-estimate=16.00KB mem-reservation=0B thread-reservation=0
|  |  tuple-ids=13 row-size=30B cardinality=51 cost=6
|  |  in pipelines: 33(GETNEXT)
|  |
|  F13:PLAN FRAGMENT [HASH(ctr2.ctr_state)] hosts=3 instances=6 (adjusted from 48)
|  Per-Instance Resources: mem-estimate=10.13MB mem-reservation=1.94MB thread-reservation=1
|  max-parallelism=6 segment-costs=[104, 2] cpu-comparison-result=12 [max(6 (self) vs 12 (sum children))]
|  33:AGGREGATE [FINALIZE]
|  |  output: avg:merge(ctr_total_return)
|  |  group by: ctr2.ctr_state
|  |  mem-estimate=10.00MB mem-reservation=1.94MB spill-buffer=64.00KB thread-reservation=0
|  |  tuple-ids=13 row-size=30B cardinality=51 cost=102
|  |  in pipelines: 33(GETNEXT), 31(OPEN)
|  |
|  32:EXCHANGE [HASH(ctr2.ctr_state)]
|  |  mem-estimate=16.00KB mem-reservation=0B thread-reservation=0
|  |  tuple-ids=12 row-size=30B cardinality=51 cost=2
|  |  in pipelines: 31(GETNEXT)
|  |
|  F12:PLAN FRAGMENT [HASH(wr_returning_customer_sk,ca_state)] hosts=3 instances=6 (adjusted from 48)
|  Per-Instance Resources: mem-estimate=20.80MB mem-reservation=3.94MB thread-reservation=1
|  max-parallelism=6 segment-costs=[38459, 25326, 2] cpu-comparison-result=12 [max(6 (self) vs 12 (sum children))]
|  14:AGGREGATE [STREAMING]
|  |  output: avg(sum(wr_return_amt))
|  |  group by: ca_state
|  |  mem-estimate=10.00MB mem-reservation=2.00MB spill-buffer=64.00KB thread-reservation=0
|  |  tuple-ids=12 row-size=30B cardinality=51 cost=25326
|  |  in pipelines: 31(GETNEXT)
|  |
|  31:AGGREGATE [FINALIZE]
|  |  output: sum:merge(wr_return_amt)
|  |  group by: wr_returning_customer_sk, ca_state
|  |  mem-estimate=10.00MB mem-reservation=1.94MB spill-buffer=64.00KB thread-reservation=0
|  |  tuple-ids=10 row-size=34B cardinality=12.66K cost=37989
|  |  in pipelines: 31(GETNEXT), 08(OPEN)
|  |
|  30:EXCHANGE [HASH(wr_returning_customer_sk,ca_state)]
|  |  mem-estimate=368.15KB mem-reservation=0B thread-reservation=0
|  |  tuple-ids=10 row-size=34B cardinality=12.66K cost=470
|  |  in pipelines: 08(GETNEXT)
|  |
|  F11:PLAN FRAGMENT [HASH(wr_returning_addr_sk)] hosts=3 instances=6 (adjusted from 48)
|  Per-Instance Resources: mem-estimate=11.17MB mem-reservation=2.00MB thread-reservation=1
|  max-parallelism=6 segment-costs=[51048, 470] cpu-comparison-result=12 [max(12 (self) vs 11 (sum children))]
|  13:AGGREGATE [STREAMING]
|  |  output: sum(wr_return_amt)
|  |  group by: wr_returning_customer_sk, ca_state
|  |  mem-estimate=10.00MB mem-reservation=2.00MB spill-buffer=64.00KB thread-reservation=0
|  |  tuple-ids=10 row-size=34B cardinality=12.66K cost=37989
|  |  in pipelines: 08(GETNEXT)
|  |
|  12:HASH JOIN [INNER JOIN, PARTITIONED]
|  |  hash-table-id=01
|  |  hash predicates: wr_returning_addr_sk = ca_address_sk
|  |  fk/pk conjuncts: wr_returning_addr_sk = ca_address_sk
|  |  mem-estimate=0B mem-reservation=0B spill-buffer=64.00KB thread-reservation=0
|  |  tuple-ids=7,8,9 row-size=42B cardinality=12.66K cost=12663
|  |  in pipelines: 08(GETNEXT), 10(OPEN)
|  |
|  |--F16:PLAN FRAGMENT [HASH(wr_returning_addr_sk)] hosts=3 instances=6 (adjusted from 48)
|  |  |  Per-Instance Resources: mem-estimate=3.82MB mem-reservation=2.94MB thread-reservation=1 runtime-filters-memory=1.00MB
|  |  |  max-parallelism=6 segment-costs=[51075]
|  |  JOIN BUILD
|  |  |  join-table-id=01 plan-id=02 cohort-id=02
|  |  |  build expressions: ca_address_sk
|  |  |  runtime filters: RF010[bloom] <- ca_address_sk, RF011[min_max] <- ca_address_sk
|  |  |  mem-estimate=1.94MB mem-reservation=1.94MB spill-buffer=64.00KB thread-reservation=0 cost=50000
|  |  |
|  |  29:EXCHANGE [HASH(ca_address_sk)]
|  |  |  mem-estimate=900.91KB mem-reservation=0B thread-reservation=0
|  |  |  tuple-ids=9 row-size=18B cardinality=50.00K cost=1075
|  |  |  in pipelines: 10(GETNEXT)
|  |  |
|  |  F10:PLAN FRAGMENT [RANDOM] hosts=1 instances=1
|  |  Per-Instance Resources: mem-estimate=16.52MB mem-reservation=256.00KB thread-reservation=1
|  |  max-parallelism=1 segment-costs=[51954]
|  |  10:SCAN HDFS [tpcds_partitioned_parquet_snap.customer_address, RANDOM]
|  |     HDFS partitions=1/1 files=1 size=1.16MB
|  |     stored statistics:
|  |       table: rows=50.00K size=1.16MB
|  |       columns: all
|  |     extrapolated-rows=disabled max-scan-range-rows=50.00K
|  |     mem-estimate=16.00MB mem-reservation=256.00KB thread-reservation=0
|  |     tuple-ids=9 row-size=18B cardinality=50.00K cost=50879
|  |     in pipelines: 10(GETNEXT)
|  |
|  28:EXCHANGE [HASH(wr_returning_addr_sk)]
|  |  mem-estimate=290.93KB mem-reservation=0B thread-reservation=0
|  |  tuple-ids=7,8 row-size=24B cardinality=12.66K cost=396
|  |  in pipelines: 08(GETNEXT)
|  |
|  F08:PLAN FRAGMENT [RANDOM] hosts=3 instances=6 (adjusted from 48)
|  Per-Host Shared Resources: mem-estimate=2.00MB mem-reservation=2.00MB thread-reservation=0 runtime-filters-memory=2.00MB
|  Per-Instance Resources: mem-estimate=16.75MB mem-reservation=128.00KB thread-reservation=1
|  max-parallelism=6 segment-costs=[18663255]
|  11:HASH JOIN [INNER JOIN, BROADCAST]
|  |  hash-table-id=02
|  |  hash predicates: wr_returned_date_sk = d_date_sk
|  |  fk/pk conjuncts: wr_returned_date_sk = d_date_sk
|  |  mem-estimate=0B mem-reservation=0B spill-buffer=64.00KB thread-reservation=0
|  |  tuple-ids=7,8 row-size=24B cardinality=12.66K cost=12663
|  |  in pipelines: 08(GETNEXT), 09(OPEN)
|  |
|  |--F17:PLAN FRAGMENT [RANDOM] hosts=3 instances=3
|  |  |  Per-Instance Resources: mem-estimate=4.89MB mem-reservation=4.88MB thread-reservation=1 runtime-filters-memory=1.00MB
|  |  |  max-parallelism=3 segment-costs=[388]
|  |  JOIN BUILD
|  |  |  join-table-id=02 plan-id=03 cohort-id=02
|  |  |  build expressions: d_date_sk
|  |  |  runtime filters: RF012[bloom] <- d_date_sk
|  |  |  mem-estimate=3.88MB mem-reservation=3.88MB spill-buffer=64.00KB thread-reservation=0 cost=373
|  |  |
|  |  27:EXCHANGE [BROADCAST]
|  |  |  mem-estimate=16.00KB mem-reservation=0B thread-reservation=0
|  |  |  tuple-ids=8 row-size=8B cardinality=373 cost=15
|  |  |  in pipelines: 09(GETNEXT)
|  |  |
|  |  F09:PLAN FRAGMENT [RANDOM] hosts=1 instances=1
|  |  Per-Instance Resources: mem-estimate=16.05MB mem-reservation=512.00KB thread-reservation=1
|  |  max-parallelism=1 segment-costs=[123625]
|  |  09:SCAN HDFS [tpcds_partitioned_parquet_snap.date_dim, RANDOM]
|  |     HDFS partitions=1/1 files=1 size=2.15MB
|  |     predicates: d_year = CAST(2002 AS INT)
|  |     stored statistics:
|  |       table: rows=73.05K size=2.15MB
|  |       columns: all
|  |     extrapolated-rows=disabled max-scan-range-rows=73.05K
|  |     parquet statistics predicates: d_year = CAST(2002 AS INT)
|  |     parquet dictionary predicates: d_year = CAST(2002 AS INT)
|  |     mem-estimate=16.00MB mem-reservation=512.00KB thread-reservation=0
|  |     tuple-ids=8 row-size=8B cardinality=373 cost=123620
|  |     in pipelines: 09(GETNEXT)
|  |
|  08:SCAN HDFS [tpcds_partitioned_parquet_snap.web_returns, RANDOM]
|     HDFS partitions=2114/2114 files=2114 size=20.82MB
|     runtime filters: RF011[min_max] -> wr_returning_addr_sk, RF012[bloom] -> wr_returned_date_sk, RF010[bloom] -> wr_returning_addr_sk
|     stored statistics:
|       table: rows=71.76K size=20.82MB
|       partitions: 2114/2114 rows=71.76K
|       columns: all
|     extrapolated-rows=disabled max-scan-range-rows=3.13K est-scan-range=373(filtered from 2114)
|     mem-estimate=16.00MB mem-reservation=128.00KB thread-reservation=0
|     tuple-ids=7 row-size=16B cardinality=12.66K(filtered from 71.76K) cost=18650196
|     in pipelines: 08(GETNEXT)
|
16:HASH JOIN [INNER JOIN, PARTITIONED]
|  hash-table-id=03
|  hash predicates: wr_returning_customer_sk = c_customer_sk
|  fk/pk conjuncts: none
|  mem-estimate=0B mem-reservation=0B spill-buffer=64.00KB thread-reservation=0
|  tuple-ids=3,6,5 row-size=255B cardinality=3.16K cost=12663
|  in pipelines: 23(GETNEXT), 07(OPEN)
|
|--F18:PLAN FRAGMENT [HASH(wr_returning_customer_sk)] hosts=3 instances=6 (adjusted from 48)
|  |  Per-Instance Resources: mem-estimate=3.63MB mem-reservation=2.94MB thread-reservation=1 runtime-filters-memory=1.00MB
|  |  max-parallelism=6 segment-costs=[2699] cpu-comparison-result=7 [max(7 (self) vs 2 (sum children))]
|  JOIN BUILD
|  |  join-table-id=03 plan-id=04 cohort-id=01
|  |  build expressions: c_customer_sk
|  |  runtime filters: RF002[bloom] <- c_customer_sk, RF003[min_max] <- c_customer_sk
|  |  mem-estimate=1.94MB mem-reservation=1.94MB spill-buffer=64.00KB thread-reservation=0 cost=2205
|  |
|  26:EXCHANGE [HASH(c_customer_sk)]
|  |  mem-estimate=706.01KB mem-reservation=0B thread-reservation=0
|  |  tuple-ids=6,5 row-size=221B cardinality=2.21K cost=494
|  |  in pipelines: 07(GETNEXT)
|  |
|  F05:PLAN FRAGMENT [RANDOM] hosts=1 instances=1
|  Per-Host Shared Resources: mem-estimate=1.00MB mem-reservation=1.00MB thread-reservation=0 runtime-filters-memory=1.00MB
|  Per-Instance Resources: mem-estimate=21.38MB mem-reservation=8.00MB thread-reservation=1
|  max-parallelism=1 segment-costs=[53206]
|  15:HASH JOIN [INNER JOIN, BROADCAST]
|  |  hash-table-id=04
|  |  hash predicates: c_current_addr_sk = ca_address_sk
|  |  fk/pk conjuncts: c_current_addr_sk = ca_address_sk
|  |  mem-estimate=0B mem-reservation=0B spill-buffer=64.00KB thread-reservation=0
|  |  tuple-ids=6,5 row-size=221B cardinality=2.21K cost=2262
|  |  in pipelines: 07(GETNEXT), 06(OPEN)
|  |
|  |--F19:PLAN FRAGMENT [RANDOM] hosts=1 instances=1
|  |  |  Per-Instance Resources: mem-estimate=2.97MB mem-reservation=2.94MB thread-reservation=1 runtime-filters-memory=1.00MB
|  |  |  max-parallelism=1 segment-costs=[971]
|  |  JOIN BUILD
|  |  |  join-table-id=04 plan-id=05 cohort-id=03
|  |  |  build expressions: ca_address_sk
|  |  |  runtime filters: RF008[bloom] <- ca_address_sk, RF009[min_max] <- ca_address_sk
|  |  |  mem-estimate=1.94MB mem-reservation=1.94MB spill-buffer=64.00KB thread-reservation=0 cost=950
|  |  |
|  |  24:EXCHANGE [BROADCAST]
|  |  |  mem-estimate=37.11KB mem-reservation=0B thread-reservation=0
|  |  |  tuple-ids=5 row-size=18B cardinality=950 cost=21
|  |  |  in pipelines: 06(GETNEXT)
|  |  |
|  |  F06:PLAN FRAGMENT [RANDOM] hosts=1 instances=1
|  |  Per-Instance Resources: mem-estimate=16.09MB mem-reservation=256.00KB thread-reservation=1
|  |  max-parallelism=1 segment-costs=[100900]
|  |  06:SCAN HDFS [tpcds_partitioned_parquet_snap.customer_address, RANDOM]
|  |     HDFS partitions=1/1 files=1 size=1.16MB
|  |     predicates: ca_state = 'GA'
|  |     stored statistics:
|  |       table: rows=50.00K size=1.16MB
|  |       columns: all
|  |     extrapolated-rows=disabled max-scan-range-rows=50.00K
|  |     parquet statistics predicates: ca_state = 'GA'
|  |     parquet dictionary predicates: ca_state = 'GA'
|  |     mem-estimate=16.00MB mem-reservation=256.00KB thread-reservation=0
|  |     tuple-ids=5 row-size=18B cardinality=950 cost=100879
|  |     in pipelines: 06(GETNEXT)
|  |
|  07:SCAN HDFS [tpcds_partitioned_parquet_snap.customer, RANDOM]
|     HDFS partitions=1/1 files=1 size=5.49MB
|     runtime filters: RF009[min_max] -> c_current_addr_sk, RF008[bloom] -> c_current_addr_sk
|     stored statistics:
|       table: rows=100.00K size=5.49MB
|       columns: all
|     extrapolated-rows=disabled max-scan-range-rows=100.00K
|     mem-estimate=16.00MB mem-reservation=8.00MB thread-reservation=0
|     tuple-ids=6 row-size=203B cardinality=2.26K(filtered from 100.00K) cost=50450
|     in pipelines: 07(GETNEXT)
|
25:EXCHANGE [HASH(wr_returning_customer_sk)]
|  mem-estimate=368.15KB mem-reservation=0B thread-reservation=0
|  tuple-ids=3 row-size=34B cardinality=12.66K cost=470
|  in pipelines: 23(GETNEXT)
|
F04:PLAN FRAGMENT [HASH(wr_returning_customer_sk,ca_state)] hosts=3 instances=6 (adjusted from 48)
Per-Instance Resources: mem-estimate=10.89MB mem-reservation=1.94MB thread-reservation=1
max-parallelism=6 segment-costs=[38459, 470] cpu-comparison-result=12 [max(6 (self) vs 12 (sum children))]
23:AGGREGATE [FINALIZE]
|  output: sum:merge(wr_return_amt)
|  group by: wr_returning_customer_sk, ca_state
|  mem-estimate=10.00MB mem-reservation=1.94MB spill-buffer=64.00KB thread-reservation=0
|  tuple-ids=3 row-size=34B cardinality=12.66K cost=37989
|  in pipelines: 23(GETNEXT), 00(OPEN)
|
22:EXCHANGE [HASH(wr_returning_customer_sk,ca_state)]
|  mem-estimate=368.15KB mem-reservation=0B thread-reservation=0
|  tuple-ids=3 row-size=34B cardinality=12.66K cost=470
|  in pipelines: 00(GETNEXT)
|
F03:PLAN FRAGMENT [HASH(wr_returning_addr_sk)] hosts=3 instances=6 (adjusted from 48)
Per-Instance Resources: mem-estimate=11.17MB mem-reservation=2.00MB thread-reservation=1
max-parallelism=6 segment-costs=[51048, 470] cpu-comparison-result=12 [max(12 (self) vs 11 (sum children))]
05:AGGREGATE [STREAMING]
|  output: sum(wr_return_amt)
|  group by: wr_returning_customer_sk, ca_state
|  mem-estimate=10.00MB mem-reservation=2.00MB spill-buffer=64.00KB thread-reservation=0
|  tuple-ids=3 row-size=34B cardinality=12.66K cost=37989
|  in pipelines: 00(GETNEXT)
|
04:HASH JOIN [INNER JOIN, PARTITIONED]
|  hash-table-id=05
|  hash predicates: wr_returning_addr_sk = ca_address_sk
|  fk/pk conjuncts: wr_returning_addr_sk = ca_address_sk
|  mem-estimate=0B mem-reservation=0B spill-buffer=64.00KB thread-reservation=0
|  tuple-ids=0,1,2 row-size=42B cardinality=12.66K cost=12663
|  in pipelines: 00(GETNEXT), 02(OPEN)
|
|--F20:PLAN FRAGMENT [HASH(wr_returning_addr_sk)] hosts=3 instances=6 (adjusted from 48)
|  |  Per-Instance Resources: mem-estimate=3.82MB mem-reservation=2.94MB thread-reservation=1 runtime-filters-memory=1.00MB
|  |  max-parallelism=6 segment-costs=[51075]
|  JOIN BUILD
|  |  join-table-id=05 plan-id=06 cohort-id=01
|  |  build expressions: ca_address_sk
|  |  runtime filters: RF004[bloom] <- ca_address_sk, RF005[min_max] <- ca_address_sk
|  |  mem-estimate=1.94MB mem-reservation=1.94MB spill-buffer=64.00KB thread-reservation=0 cost=50000
|  |
|  21:EXCHANGE [HASH(ca_address_sk)]
|  |  mem-estimate=900.91KB mem-reservation=0B thread-reservation=0
|  |  tuple-ids=2 row-size=18B cardinality=50.00K cost=1075
|  |  in pipelines: 02(GETNEXT)
|  |
|  F02:PLAN FRAGMENT [RANDOM] hosts=1 instances=1
|  Per-Host Shared Resources: mem-estimate=1.00MB mem-reservation=1.00MB thread-reservation=0 runtime-filters-memory=1.00MB
|  Per-Instance Resources: mem-estimate=16.52MB mem-reservation=256.00KB thread-reservation=1
|  max-parallelism=1 segment-costs=[51954]
|  02:SCAN HDFS [tpcds_partitioned_parquet_snap.customer_address, RANDOM]
|     HDFS partitions=1/1 files=1 size=1.16MB
|     runtime filters: RF001[min_max] -> tpcds_partitioned_parquet_snap.customer_address.ca_state, RF000[bloom] -> tpcds_partitioned_parquet_snap.customer_address.ca_state
|     stored statistics:
|       table: rows=50.00K size=1.16MB
|       columns: all
|     extrapolated-rows=disabled max-scan-range-rows=50.00K
|     mem-estimate=16.00MB mem-reservation=256.00KB thread-reservation=0
|     tuple-ids=2 row-size=18B cardinality=50.00K cost=50879
|     in pipelines: 02(GETNEXT)
|
20:EXCHANGE [HASH(wr_returning_addr_sk)]
|  mem-estimate=290.93KB mem-reservation=0B thread-reservation=0
|  tuple-ids=0,1 row-size=24B cardinality=12.66K cost=396
|  in pipelines: 00(GETNEXT)
|
F00:PLAN FRAGMENT [RANDOM] hosts=3 instances=6 (adjusted from 48)
Per-Host Shared Resources: mem-estimate=3.00MB mem-reservation=3.00MB thread-reservation=0 runtime-filters-memory=3.00MB
Per-Instance Resources: mem-estimate=16.75MB mem-reservation=128.00KB thread-reservation=1
max-parallelism=6 segment-costs=[18663255]
03:HASH JOIN [INNER JOIN, BROADCAST]
|  hash-table-id=06
|  hash predicates: wr_returned_date_sk = d_date_sk
|  fk/pk conjuncts: wr_returned_date_sk = d_date_sk
|  mem-estimate=0B mem-reservation=0B spill-buffer=64.00KB thread-reservation=0
|  tuple-ids=0,1 row-size=24B cardinality=12.66K cost=12663
|  in pipelines: 00(GETNEXT), 01(OPEN)
|
|--F21:PLAN FRAGMENT [RANDOM] hosts=3 instances=3
|  |  Per-Instance Resources: mem-estimate=4.89MB mem-reservation=4.88MB thread-reservation=1 runtime-filters-memory=1.00MB
|  |  max-parallelism=3 segment-costs=[388]
|  JOIN BUILD
|  |  join-table-id=06 plan-id=07 cohort-id=01
|  |  build expressions: d_date_sk
|  |  runtime filters: RF006[bloom] <- d_date_sk
|  |  mem-estimate=3.88MB mem-reservation=3.88MB spill-buffer=64.00KB thread-reservation=0 cost=373
|  |
|  19:EXCHANGE [BROADCAST]
|  |  mem-estimate=16.00KB mem-reservation=0B thread-reservation=0
|  |  tuple-ids=1 row-size=8B cardinality=373 cost=15
|  |  in pipelines: 01(GETNEXT)
|  |
|  F01:PLAN FRAGMENT [RANDOM] hosts=1 instances=1
|  Per-Instance Resources: mem-estimate=16.05MB mem-reservation=512.00KB thread-reservation=1
|  max-parallelism=1 segment-costs=[123625]
|  01:SCAN HDFS [tpcds_partitioned_parquet_snap.date_dim, RANDOM]
|     HDFS partitions=1/1 files=1 size=2.15MB
|     predicates: d_year = CAST(2002 AS INT)
|     stored statistics:
|       table: rows=73.05K size=2.15MB
|       columns: all
|     extrapolated-rows=disabled max-scan-range-rows=73.05K
|     parquet statistics predicates: d_year = CAST(2002 AS INT)
|     parquet dictionary predicates: d_year = CAST(2002 AS INT)
|     mem-estimate=16.00MB mem-reservation=512.00KB thread-reservation=0
|     tuple-ids=1 row-size=8B cardinality=373 cost=123620
|     in pipelines: 01(GETNEXT)
|
00:SCAN HDFS [tpcds_partitioned_parquet_snap.web_returns, RANDOM]
   HDFS partitions=2114/2114 files=2114 size=20.82MB
   runtime filters: RF003[min_max] -> tpcds_partitioned_parquet_snap.web_returns.wr_returning_customer_sk, RF005[min_max] -> wr_returning_addr_sk, RF006[bloom] -> wr_returned_date_sk, RF002[bloom] -> tpcds_partitioned_parquet_snap.web_returns.wr_returning_customer_sk, RF004[bloom] -> wr_returning_addr_sk
   stored statistics:
     table: rows=71.76K size=20.82MB
     partitions: 2114/2114 rows=71.76K
     columns: all
   extrapolated-rows=disabled max-scan-range-rows=3.13K est-scan-range=373(filtered from 2114)
   mem-estimate=16.00MB mem-reservation=128.00KB thread-reservation=0
   tuple-ids=0 row-size=16B cardinality=12.66K(filtered from 71.76K) cost=18650196
   in pipelines: 00(GETNEXT)
---- PARALLELPLANS
Max Per-Host Resource Reservation: Memory=80.06MB Threads=33
Per-Host Resource Estimates: Memory=351MB
F14:PLAN FRAGMENT [UNPARTITIONED] hosts=1 instances=1
|  Per-Instance Resources: mem-estimate=4.13MB mem-reservation=4.00MB thread-reservation=1
|  max-parallelism=1 segment-costs=[1322] cpu-comparison-result=31 [max(1 (self) vs 31 (sum children))]
PLAN-ROOT SINK
|  output exprs: c_customer_id, c_salutation, c_first_name, c_last_name, c_preferred_cust_flag, c_birth_day, c_birth_month, c_birth_year, c_birth_country, c_login, c_email_address, c_last_review_date, ctr_total_return
|  mem-estimate=4.00MB mem-reservation=4.00MB spill-buffer=2.00MB thread-reservation=0 cost=1300
|
35:MERGING-EXCHANGE [UNPARTITIONED]
|  order by: c_customer_id ASC, c_salutation ASC, c_first_name ASC, c_last_name ASC, c_preferred_cust_flag ASC, c_birth_day ASC, c_birth_month ASC, c_birth_year ASC, c_birth_country ASC, c_login ASC, c_email_address ASC, c_last_review_date ASC, ctr_total_return ASC
|  limit: 100
|  mem-estimate=133.07KB mem-reservation=0B thread-reservation=0
|  tuple-ids=15 row-size=211B cardinality=100 cost=22
|  in pipelines: 18(GETNEXT)
|
F07:PLAN FRAGMENT [HASH(wr_returning_customer_sk)] hosts=3 instances=6 (adjusted from 48)
Per-Instance Resources: mem-estimate=882.07KB mem-reservation=0B thread-reservation=1
max-parallelism=6 segment-costs=[20761, 22] cpu-comparison-result=31 [max(6 (self) vs 31 (sum children))]
18:TOP-N [LIMIT=100]
|  order by: c_customer_id ASC, c_salutation ASC, c_first_name ASC, c_last_name ASC, c_preferred_cust_flag ASC, c_birth_day ASC, c_birth_month ASC, c_birth_year ASC, c_birth_country ASC, c_login ASC, c_email_address ASC, c_last_review_date ASC, ctr_total_return ASC
|  mem-estimate=20.64KB mem-reservation=0B thread-reservation=0
|  tuple-ids=15 row-size=211B cardinality=100 cost=1300
|  in pipelines: 18(GETNEXT), 23(OPEN)
|
17:HASH JOIN [LEFT SEMI JOIN, BROADCAST]
|  hash-table-id=00
|  hash predicates: ca_state = ctr2.ctr_state
|  other join predicates: sum(wr_return_amt) > avg(ctr_total_return) * CAST(1.2 AS DECIMAL(2,1))
|  mem-estimate=0B mem-reservation=0B spill-buffer=64.00KB thread-reservation=0
|  tuple-ids=3,6,5 row-size=255B cardinality=3.16K cost=6328
|  in pipelines: 23(GETNEXT), 33(OPEN)
|
|--F15:PLAN FRAGMENT [HASH(wr_returning_customer_sk)] hosts=3 instances=3
|  |  Per-Instance Resources: mem-estimate=4.89MB mem-reservation=4.88MB thread-reservation=1 runtime-filters-memory=1.00MB
|  |  max-parallelism=3 segment-costs=[57] cpu-comparison-result=12 [max(3 (self) vs 12 (sum children))]
|  JOIN BUILD
|  |  join-table-id=00 plan-id=01 cohort-id=01
|  |  build expressions: ctr2.ctr_state
|  |  runtime filters: RF000[bloom] <- ctr2.ctr_state, RF001[min_max] <- ctr2.ctr_state
|  |  mem-estimate=3.88MB mem-reservation=3.88MB spill-buffer=64.00KB thread-reservation=0 cost=51
|  |
|  34:EXCHANGE [BROADCAST]
|  |  mem-estimate=16.00KB mem-reservation=0B thread-reservation=0
|  |  tuple-ids=13 row-size=30B cardinality=51 cost=6
|  |  in pipelines: 33(GETNEXT)
|  |
|  F13:PLAN FRAGMENT [HASH(ctr2.ctr_state)] hosts=3 instances=6 (adjusted from 48)
|  Per-Instance Resources: mem-estimate=10.13MB mem-reservation=1.94MB thread-reservation=1
|  max-parallelism=6 segment-costs=[104, 2] cpu-comparison-result=12 [max(6 (self) vs 12 (sum children))]
|  33:AGGREGATE [FINALIZE]
|  |  output: avg:merge(ctr_total_return)
|  |  group by: ctr2.ctr_state
|  |  mem-estimate=10.00MB mem-reservation=1.94MB spill-buffer=64.00KB thread-reservation=0
|  |  tuple-ids=13 row-size=30B cardinality=51 cost=102
|  |  in pipelines: 33(GETNEXT), 31(OPEN)
|  |
|  32:EXCHANGE [HASH(ctr2.ctr_state)]
|  |  mem-estimate=16.00KB mem-reservation=0B thread-reservation=0
|  |  tuple-ids=12 row-size=30B cardinality=51 cost=2
|  |  in pipelines: 31(GETNEXT)
|  |
|  F12:PLAN FRAGMENT [HASH(wr_returning_customer_sk,ca_state)] hosts=3 instances=6 (adjusted from 48)
|  Per-Instance Resources: mem-estimate=20.80MB mem-reservation=3.94MB thread-reservation=1
|  max-parallelism=6 segment-costs=[38459, 25326, 2] cpu-comparison-result=12 [max(6 (self) vs 12 (sum children))]
|  14:AGGREGATE [STREAMING]
|  |  output: avg(sum(wr_return_amt))
|  |  group by: ca_state
|  |  mem-estimate=10.00MB mem-reservation=2.00MB spill-buffer=64.00KB thread-reservation=0
|  |  tuple-ids=12 row-size=30B cardinality=51 cost=25326
|  |  in pipelines: 31(GETNEXT)
|  |
|  31:AGGREGATE [FINALIZE]
|  |  output: sum:merge(wr_return_amt)
|  |  group by: wr_returning_customer_sk, ca_state
|  |  mem-estimate=10.00MB mem-reservation=1.94MB spill-buffer=64.00KB thread-reservation=0
|  |  tuple-ids=10 row-size=34B cardinality=12.66K cost=37989
|  |  in pipelines: 31(GETNEXT), 08(OPEN)
|  |
|  30:EXCHANGE [HASH(wr_returning_customer_sk,ca_state)]
|  |  mem-estimate=368.15KB mem-reservation=0B thread-reservation=0
|  |  tuple-ids=10 row-size=34B cardinality=12.66K cost=470
|  |  in pipelines: 08(GETNEXT)
|  |
|  F11:PLAN FRAGMENT [HASH(wr_returning_addr_sk)] hosts=3 instances=6 (adjusted from 48)
|  Per-Instance Resources: mem-estimate=11.17MB mem-reservation=2.00MB thread-reservation=1
|  max-parallelism=6 segment-costs=[51048, 470] cpu-comparison-result=12 [max(12 (self) vs 11 (sum children))]
|  13:AGGREGATE [STREAMING]
|  |  output: sum(wr_return_amt)
|  |  group by: wr_returning_customer_sk, ca_state
|  |  mem-estimate=10.00MB mem-reservation=2.00MB spill-buffer=64.00KB thread-reservation=0
|  |  tuple-ids=10 row-size=34B cardinality=12.66K cost=37989
|  |  in pipelines: 08(GETNEXT)
|  |
|  12:HASH JOIN [INNER JOIN, PARTITIONED]
|  |  hash-table-id=01
|  |  hash predicates: wr_returning_addr_sk = ca_address_sk
|  |  fk/pk conjuncts: wr_returning_addr_sk = ca_address_sk
|  |  mem-estimate=0B mem-reservation=0B spill-buffer=64.00KB thread-reservation=0
|  |  tuple-ids=7,8,9 row-size=42B cardinality=12.66K cost=12663
|  |  in pipelines: 08(GETNEXT), 10(OPEN)
|  |
|  |--F16:PLAN FRAGMENT [HASH(wr_returning_addr_sk)] hosts=3 instances=6 (adjusted from 48)
|  |  |  Per-Instance Resources: mem-estimate=3.82MB mem-reservation=2.94MB thread-reservation=1 runtime-filters-memory=1.00MB
|  |  |  max-parallelism=6 segment-costs=[51075]
|  |  JOIN BUILD
|  |  |  join-table-id=01 plan-id=02 cohort-id=02
|  |  |  build expressions: ca_address_sk
|  |  |  runtime filters: RF010[bloom] <- ca_address_sk, RF011[min_max] <- ca_address_sk
|  |  |  mem-estimate=1.94MB mem-reservation=1.94MB spill-buffer=64.00KB thread-reservation=0 cost=50000
|  |  |
|  |  29:EXCHANGE [HASH(ca_address_sk)]
|  |  |  mem-estimate=900.91KB mem-reservation=0B thread-reservation=0
|  |  |  tuple-ids=9 row-size=18B cardinality=50.00K cost=1075
|  |  |  in pipelines: 10(GETNEXT)
|  |  |
|  |  F10:PLAN FRAGMENT [RANDOM] hosts=1 instances=1
|  |  Per-Instance Resources: mem-estimate=16.52MB mem-reservation=256.00KB thread-reservation=1
|  |  max-parallelism=1 segment-costs=[51954]
|  |  10:SCAN HDFS [tpcds_partitioned_parquet_snap.customer_address, RANDOM]
|  |     HDFS partitions=1/1 files=1 size=1.16MB
|  |     stored statistics:
|  |       table: rows=50.00K size=1.16MB
|  |       columns: all
|  |     extrapolated-rows=disabled max-scan-range-rows=50.00K
|  |     mem-estimate=16.00MB mem-reservation=256.00KB thread-reservation=0
|  |     tuple-ids=9 row-size=18B cardinality=50.00K cost=50879
|  |     in pipelines: 10(GETNEXT)
|  |
|  28:EXCHANGE [HASH(wr_returning_addr_sk)]
|  |  mem-estimate=290.93KB mem-reservation=0B thread-reservation=0
|  |  tuple-ids=7,8 row-size=24B cardinality=12.66K cost=396
|  |  in pipelines: 08(GETNEXT)
|  |
|  F08:PLAN FRAGMENT [RANDOM] hosts=3 instances=6 (adjusted from 48)
|  Per-Host Shared Resources: mem-estimate=2.00MB mem-reservation=2.00MB thread-reservation=0 runtime-filters-memory=2.00MB
|  Per-Instance Resources: mem-estimate=16.75MB mem-reservation=128.00KB thread-reservation=1
|  max-parallelism=6 segment-costs=[18663255]
|  11:HASH JOIN [INNER JOIN, BROADCAST]
|  |  hash-table-id=02
|  |  hash predicates: wr_returned_date_sk = d_date_sk
|  |  fk/pk conjuncts: wr_returned_date_sk = d_date_sk
|  |  mem-estimate=0B mem-reservation=0B spill-buffer=64.00KB thread-reservation=0
|  |  tuple-ids=7,8 row-size=24B cardinality=12.66K cost=12663
|  |  in pipelines: 08(GETNEXT), 09(OPEN)
|  |
|  |--F17:PLAN FRAGMENT [RANDOM] hosts=3 instances=3
|  |  |  Per-Instance Resources: mem-estimate=4.89MB mem-reservation=4.88MB thread-reservation=1 runtime-filters-memory=1.00MB
|  |  |  max-parallelism=3 segment-costs=[388]
|  |  JOIN BUILD
|  |  |  join-table-id=02 plan-id=03 cohort-id=02
|  |  |  build expressions: d_date_sk
|  |  |  runtime filters: RF012[bloom] <- d_date_sk
|  |  |  mem-estimate=3.88MB mem-reservation=3.88MB spill-buffer=64.00KB thread-reservation=0 cost=373
|  |  |
|  |  27:EXCHANGE [BROADCAST]
|  |  |  mem-estimate=16.00KB mem-reservation=0B thread-reservation=0
|  |  |  tuple-ids=8 row-size=8B cardinality=373 cost=15
|  |  |  in pipelines: 09(GETNEXT)
|  |  |
|  |  F09:PLAN FRAGMENT [RANDOM] hosts=1 instances=1
|  |  Per-Instance Resources: mem-estimate=16.05MB mem-reservation=512.00KB thread-reservation=1
|  |  max-parallelism=1 segment-costs=[123625]
|  |  09:SCAN HDFS [tpcds_partitioned_parquet_snap.date_dim, RANDOM]
|  |     HDFS partitions=1/1 files=1 size=2.15MB
|  |     predicates: d_year = CAST(2002 AS INT)
|  |     stored statistics:
|  |       table: rows=73.05K size=2.15MB
|  |       columns: all
|  |     extrapolated-rows=disabled max-scan-range-rows=73.05K
|  |     parquet statistics predicates: d_year = CAST(2002 AS INT)
|  |     parquet dictionary predicates: d_year = CAST(2002 AS INT)
|  |     mem-estimate=16.00MB mem-reservation=512.00KB thread-reservation=0
|  |     tuple-ids=8 row-size=8B cardinality=373 cost=123620
|  |     in pipelines: 09(GETNEXT)
|  |
|  08:SCAN HDFS [tpcds_partitioned_parquet_snap.web_returns, RANDOM]
|     HDFS partitions=2114/2114 files=2114 size=20.82MB
|     runtime filters: RF011[min_max] -> wr_returning_addr_sk, RF012[bloom] -> wr_returned_date_sk, RF010[bloom] -> wr_returning_addr_sk
|     stored statistics:
|       table: rows=71.76K size=20.82MB
|       partitions: 2114/2114 rows=71.76K
|       columns: all
|     extrapolated-rows=disabled max-scan-range-rows=3.13K est-scan-range=373(filtered from 2114)
|     mem-estimate=16.00MB mem-reservation=128.00KB thread-reservation=0
|     tuple-ids=7 row-size=16B cardinality=12.66K(filtered from 71.76K) cost=18650196
|     in pipelines: 08(GETNEXT)
|
16:HASH JOIN [INNER JOIN, PARTITIONED]
|  hash-table-id=03
|  hash predicates: wr_returning_customer_sk = c_customer_sk
|  fk/pk conjuncts: none
|  mem-estimate=0B mem-reservation=0B spill-buffer=64.00KB thread-reservation=0
|  tuple-ids=3,6,5 row-size=255B cardinality=3.16K cost=12663
|  in pipelines: 23(GETNEXT), 07(OPEN)
|
|--F18:PLAN FRAGMENT [HASH(wr_returning_customer_sk)] hosts=3 instances=6 (adjusted from 48)
|  |  Per-Instance Resources: mem-estimate=3.63MB mem-reservation=2.94MB thread-reservation=1 runtime-filters-memory=1.00MB
|  |  max-parallelism=6 segment-costs=[2699] cpu-comparison-result=7 [max(7 (self) vs 2 (sum children))]
|  JOIN BUILD
|  |  join-table-id=03 plan-id=04 cohort-id=01
|  |  build expressions: c_customer_sk
|  |  runtime filters: RF002[bloom] <- c_customer_sk, RF003[min_max] <- c_customer_sk
|  |  mem-estimate=1.94MB mem-reservation=1.94MB spill-buffer=64.00KB thread-reservation=0 cost=2205
|  |
|  26:EXCHANGE [HASH(c_customer_sk)]
|  |  mem-estimate=706.01KB mem-reservation=0B thread-reservation=0
|  |  tuple-ids=6,5 row-size=221B cardinality=2.21K cost=494
|  |  in pipelines: 07(GETNEXT)
|  |
|  F05:PLAN FRAGMENT [RANDOM] hosts=1 instances=1
|  Per-Host Shared Resources: mem-estimate=1.00MB mem-reservation=1.00MB thread-reservation=0 runtime-filters-memory=1.00MB
|  Per-Instance Resources: mem-estimate=21.38MB mem-reservation=8.00MB thread-reservation=1
|  max-parallelism=1 segment-costs=[53206]
|  15:HASH JOIN [INNER JOIN, BROADCAST]
|  |  hash-table-id=04
|  |  hash predicates: c_current_addr_sk = ca_address_sk
|  |  fk/pk conjuncts: c_current_addr_sk = ca_address_sk
|  |  mem-estimate=0B mem-reservation=0B spill-buffer=64.00KB thread-reservation=0
|  |  tuple-ids=6,5 row-size=221B cardinality=2.21K cost=2262
|  |  in pipelines: 07(GETNEXT), 06(OPEN)
|  |
|  |--F19:PLAN FRAGMENT [RANDOM] hosts=1 instances=1
|  |  |  Per-Instance Resources: mem-estimate=2.97MB mem-reservation=2.94MB thread-reservation=1 runtime-filters-memory=1.00MB
|  |  |  max-parallelism=1 segment-costs=[971]
|  |  JOIN BUILD
|  |  |  join-table-id=04 plan-id=05 cohort-id=03
|  |  |  build expressions: ca_address_sk
|  |  |  runtime filters: RF008[bloom] <- ca_address_sk, RF009[min_max] <- ca_address_sk
|  |  |  mem-estimate=1.94MB mem-reservation=1.94MB spill-buffer=64.00KB thread-reservation=0 cost=950
|  |  |
|  |  24:EXCHANGE [BROADCAST]
|  |  |  mem-estimate=37.11KB mem-reservation=0B thread-reservation=0
|  |  |  tuple-ids=5 row-size=18B cardinality=950 cost=21
|  |  |  in pipelines: 06(GETNEXT)
|  |  |
|  |  F06:PLAN FRAGMENT [RANDOM] hosts=1 instances=1
|  |  Per-Instance Resources: mem-estimate=16.09MB mem-reservation=256.00KB thread-reservation=1
|  |  max-parallelism=1 segment-costs=[100900]
|  |  06:SCAN HDFS [tpcds_partitioned_parquet_snap.customer_address, RANDOM]
|  |     HDFS partitions=1/1 files=1 size=1.16MB
|  |     predicates: ca_state = 'GA'
|  |     stored statistics:
|  |       table: rows=50.00K size=1.16MB
|  |       columns: all
|  |     extrapolated-rows=disabled max-scan-range-rows=50.00K
|  |     parquet statistics predicates: ca_state = 'GA'
|  |     parquet dictionary predicates: ca_state = 'GA'
|  |     mem-estimate=16.00MB mem-reservation=256.00KB thread-reservation=0
|  |     tuple-ids=5 row-size=18B cardinality=950 cost=100879
|  |     in pipelines: 06(GETNEXT)
|  |
|  07:SCAN HDFS [tpcds_partitioned_parquet_snap.customer, RANDOM]
|     HDFS partitions=1/1 files=1 size=5.49MB
|     runtime filters: RF009[min_max] -> c_current_addr_sk, RF008[bloom] -> c_current_addr_sk
|     stored statistics:
|       table: rows=100.00K size=5.49MB
|       columns: all
|     extrapolated-rows=disabled max-scan-range-rows=100.00K
|     mem-estimate=16.00MB mem-reservation=8.00MB thread-reservation=0
|     tuple-ids=6 row-size=203B cardinality=2.26K(filtered from 100.00K) cost=50450
|     in pipelines: 07(GETNEXT)
|
25:EXCHANGE [HASH(wr_returning_customer_sk)]
|  mem-estimate=368.15KB mem-reservation=0B thread-reservation=0
|  tuple-ids=3 row-size=34B cardinality=12.66K cost=470
|  in pipelines: 23(GETNEXT)
|
F04:PLAN FRAGMENT [HASH(wr_returning_customer_sk,ca_state)] hosts=3 instances=6 (adjusted from 48)
Per-Instance Resources: mem-estimate=10.89MB mem-reservation=1.94MB thread-reservation=1
max-parallelism=6 segment-costs=[38459, 470] cpu-comparison-result=12 [max(6 (self) vs 12 (sum children))]
23:AGGREGATE [FINALIZE]
|  output: sum:merge(wr_return_amt)
|  group by: wr_returning_customer_sk, ca_state
|  mem-estimate=10.00MB mem-reservation=1.94MB spill-buffer=64.00KB thread-reservation=0
|  tuple-ids=3 row-size=34B cardinality=12.66K cost=37989
|  in pipelines: 23(GETNEXT), 00(OPEN)
|
22:EXCHANGE [HASH(wr_returning_customer_sk,ca_state)]
|  mem-estimate=368.15KB mem-reservation=0B thread-reservation=0
|  tuple-ids=3 row-size=34B cardinality=12.66K cost=470
|  in pipelines: 00(GETNEXT)
|
F03:PLAN FRAGMENT [HASH(wr_returning_addr_sk)] hosts=3 instances=6 (adjusted from 48)
Per-Instance Resources: mem-estimate=11.17MB mem-reservation=2.00MB thread-reservation=1
max-parallelism=6 segment-costs=[51048, 470] cpu-comparison-result=12 [max(12 (self) vs 11 (sum children))]
05:AGGREGATE [STREAMING]
|  output: sum(wr_return_amt)
|  group by: wr_returning_customer_sk, ca_state
|  mem-estimate=10.00MB mem-reservation=2.00MB spill-buffer=64.00KB thread-reservation=0
|  tuple-ids=3 row-size=34B cardinality=12.66K cost=37989
|  in pipelines: 00(GETNEXT)
|
04:HASH JOIN [INNER JOIN, PARTITIONED]
|  hash-table-id=05
|  hash predicates: wr_returning_addr_sk = ca_address_sk
|  fk/pk conjuncts: wr_returning_addr_sk = ca_address_sk
|  mem-estimate=0B mem-reservation=0B spill-buffer=64.00KB thread-reservation=0
|  tuple-ids=0,1,2 row-size=42B cardinality=12.66K cost=12663
|  in pipelines: 00(GETNEXT), 02(OPEN)
|
|--F20:PLAN FRAGMENT [HASH(wr_returning_addr_sk)] hosts=3 instances=6 (adjusted from 48)
|  |  Per-Instance Resources: mem-estimate=3.82MB mem-reservation=2.94MB thread-reservation=1 runtime-filters-memory=1.00MB
|  |  max-parallelism=6 segment-costs=[51075]
|  JOIN BUILD
|  |  join-table-id=05 plan-id=06 cohort-id=01
|  |  build expressions: ca_address_sk
|  |  runtime filters: RF004[bloom] <- ca_address_sk, RF005[min_max] <- ca_address_sk
|  |  mem-estimate=1.94MB mem-reservation=1.94MB spill-buffer=64.00KB thread-reservation=0 cost=50000
|  |
|  21:EXCHANGE [HASH(ca_address_sk)]
|  |  mem-estimate=900.91KB mem-reservation=0B thread-reservation=0
|  |  tuple-ids=2 row-size=18B cardinality=50.00K cost=1075
|  |  in pipelines: 02(GETNEXT)
|  |
|  F02:PLAN FRAGMENT [RANDOM] hosts=1 instances=1
|  Per-Host Shared Resources: mem-estimate=1.00MB mem-reservation=1.00MB thread-reservation=0 runtime-filters-memory=1.00MB
|  Per-Instance Resources: mem-estimate=16.52MB mem-reservation=256.00KB thread-reservation=1
|  max-parallelism=1 segment-costs=[51954]
|  02:SCAN HDFS [tpcds_partitioned_parquet_snap.customer_address, RANDOM]
|     HDFS partitions=1/1 files=1 size=1.16MB
|     runtime filters: RF001[min_max] -> tpcds_partitioned_parquet_snap.customer_address.ca_state, RF000[bloom] -> tpcds_partitioned_parquet_snap.customer_address.ca_state
|     stored statistics:
|       table: rows=50.00K size=1.16MB
|       columns: all
|     extrapolated-rows=disabled max-scan-range-rows=50.00K
|     mem-estimate=16.00MB mem-reservation=256.00KB thread-reservation=0
|     tuple-ids=2 row-size=18B cardinality=50.00K cost=50879
|     in pipelines: 02(GETNEXT)
|
20:EXCHANGE [HASH(wr_returning_addr_sk)]
|  mem-estimate=290.93KB mem-reservation=0B thread-reservation=0
|  tuple-ids=0,1 row-size=24B cardinality=12.66K cost=396
|  in pipelines: 00(GETNEXT)
|
F00:PLAN FRAGMENT [RANDOM] hosts=3 instances=6 (adjusted from 48)
Per-Host Shared Resources: mem-estimate=3.00MB mem-reservation=3.00MB thread-reservation=0 runtime-filters-memory=3.00MB
Per-Instance Resources: mem-estimate=16.75MB mem-reservation=128.00KB thread-reservation=1
max-parallelism=6 segment-costs=[18663255]
03:HASH JOIN [INNER JOIN, BROADCAST]
|  hash-table-id=06
|  hash predicates: wr_returned_date_sk = d_date_sk
|  fk/pk conjuncts: wr_returned_date_sk = d_date_sk
|  mem-estimate=0B mem-reservation=0B spill-buffer=64.00KB thread-reservation=0
|  tuple-ids=0,1 row-size=24B cardinality=12.66K cost=12663
|  in pipelines: 00(GETNEXT), 01(OPEN)
|
|--F21:PLAN FRAGMENT [RANDOM] hosts=3 instances=3
|  |  Per-Instance Resources: mem-estimate=4.89MB mem-reservation=4.88MB thread-reservation=1 runtime-filters-memory=1.00MB
|  |  max-parallelism=3 segment-costs=[388]
|  JOIN BUILD
|  |  join-table-id=06 plan-id=07 cohort-id=01
|  |  build expressions: d_date_sk
|  |  runtime filters: RF006[bloom] <- d_date_sk
|  |  mem-estimate=3.88MB mem-reservation=3.88MB spill-buffer=64.00KB thread-reservation=0 cost=373
|  |
|  19:EXCHANGE [BROADCAST]
|  |  mem-estimate=16.00KB mem-reservation=0B thread-reservation=0
|  |  tuple-ids=1 row-size=8B cardinality=373 cost=15
|  |  in pipelines: 01(GETNEXT)
|  |
|  F01:PLAN FRAGMENT [RANDOM] hosts=1 instances=1
|  Per-Instance Resources: mem-estimate=16.05MB mem-reservation=512.00KB thread-reservation=1
|  max-parallelism=1 segment-costs=[123625]
|  01:SCAN HDFS [tpcds_partitioned_parquet_snap.date_dim, RANDOM]
|     HDFS partitions=1/1 files=1 size=2.15MB
|     predicates: d_year = CAST(2002 AS INT)
|     stored statistics:
|       table: rows=73.05K size=2.15MB
|       columns: all
|     extrapolated-rows=disabled max-scan-range-rows=73.05K
|     parquet statistics predicates: d_year = CAST(2002 AS INT)
|     parquet dictionary predicates: d_year = CAST(2002 AS INT)
|     mem-estimate=16.00MB mem-reservation=512.00KB thread-reservation=0
|     tuple-ids=1 row-size=8B cardinality=373 cost=123620
|     in pipelines: 01(GETNEXT)
|
00:SCAN HDFS [tpcds_partitioned_parquet_snap.web_returns, RANDOM]
   HDFS partitions=2114/2114 files=2114 size=20.82MB
   runtime filters: RF003[min_max] -> tpcds_partitioned_parquet_snap.web_returns.wr_returning_customer_sk, RF005[min_max] -> wr_returning_addr_sk, RF006[bloom] -> wr_returned_date_sk, RF002[bloom] -> tpcds_partitioned_parquet_snap.web_returns.wr_returning_customer_sk, RF004[bloom] -> wr_returning_addr_sk
   stored statistics:
     table: rows=71.76K size=20.82MB
     partitions: 2114/2114 rows=71.76K
     columns: all
   extrapolated-rows=disabled max-scan-range-rows=3.13K est-scan-range=373(filtered from 2114)
   mem-estimate=16.00MB mem-reservation=128.00KB thread-reservation=0
   tuple-ids=0 row-size=16B cardinality=12.66K(filtered from 71.76K) cost=18650196
   in pipelines: 00(GETNEXT)
====
