# TPCDS-Q63
select
  *
from
  (select
    i_manager_id,
    sum(ss_sales_price) sum_sales,
    avg(sum(ss_sales_price)) over (partition by i_manager_id) avg_monthly_sales
  from
    item,
    store_sales,
    date_dim,
    store
  where
    ss_item_sk = i_item_sk
    and ss_sold_date_sk = d_date_sk
    and ss_store_sk = s_store_sk
    and d_month_seq in (1212, 1212 + 1, 1212 + 2, 1212 + 3, 1212 + 4, 1212 + 5, 1212 + 6, 1212 + 7, 1212 + 8, 1212 + 9, 1212 + 10, 1212 + 11)
    and ((i_category in ('Books', 'Children', 'Electronics')
      and i_class in ('personal', 'portable', 'refernece', 'self-help')
      and i_brand in ('scholaramalgamalg #14', 'scholaramalgamalg #7', 'exportiunivamalg #9', 'scholaramalgamalg #9'))
    or (i_category in ('Women', 'Music', 'Men')
      and i_class in ('accessories', 'classical', 'fragrances', 'pants')
      and i_brand in ('amalgimporto #1', 'edu packscholar #1', 'exportiimporto #1', 'importoamalg #1')))
  group by
    i_manager_id,
    d_moy
  ) tmp1
where
case when avg_monthly_sales > 0 then abs (sum_sales - avg_monthly_sales) / avg_monthly_sales else null end > 0.1
order by
  i_manager_id,
  avg_monthly_sales,
  sum_sales
limit 100
---- PLAN
Max Per-Host Resource Reservation: Memory=15.75MB Threads=1
Per-Host Resource Estimates: Memory=77MB
F00:PLAN FRAGMENT [UNPARTITIONED] hosts=1 instances=1
|  Per-Instance Resources: mem-estimate=76.81MB mem-reservation=15.75MB thread-reservation=1 runtime-filters-memory=3.00MB
|  max-parallelism=1 segment-costs=[18345009, 96, 222, 30]
PLAN-ROOT SINK
|  output exprs: i_manager_id, sum_sales, avg_monthly_sales
|  mem-estimate=4.00MB mem-reservation=4.00MB spill-buffer=2.00MB thread-reservation=0 cost=30
|
11:TOP-N [LIMIT=100]
|  order by: i_manager_id ASC, avg_monthly_sales ASC, sum_sales ASC
|  mem-estimate=360B mem-reservation=0B thread-reservation=0
|  tuple-ids=8 row-size=36B cardinality=10 cost=30
|  in pipelines: 11(GETNEXT), 08(OPEN)
|
10:SELECT
|  predicates: CASE WHEN avg(sum(ss_sales_price)) > CAST(0 AS DECIMAL(3,0)) THEN abs(sum(ss_sales_price) - avg(sum(ss_sales_price))) / avg(sum(ss_sales_price)) ELSE NULL END > CAST(0.1 AS DECIMAL(1,1))
|  mem-estimate=0B mem-reservation=0B thread-reservation=0
|  tuple-ids=15,14 row-size=40B cardinality=10 cost=96
|  in pipelines: 08(GETNEXT)
|
09:ANALYTIC
|  functions: avg(sum(ss_sales_price))
|  partition by: i_manager_id
|  mem-estimate=4.00MB mem-reservation=4.00MB spill-buffer=2.00MB thread-reservation=0
|  tuple-ids=15,14 row-size=40B cardinality=96 cost=96
|  in pipelines: 08(GETNEXT)
|
08:SORT
|  order by: i_manager_id ASC NULLS LAST
|  mem-estimate=6.00MB mem-reservation=6.00MB spill-buffer=2.00MB thread-reservation=0
|  tuple-ids=15 row-size=24B cardinality=96 cost=96
|  in pipelines: 08(GETNEXT), 07(OPEN)
|
07:AGGREGATE [FINALIZE]
|  output: sum(ss_sales_price)
|  group by: i_manager_id, d_moy
|  mem-estimate=10.00MB mem-reservation=1.94MB spill-buffer=64.00KB thread-reservation=0
|  tuple-ids=4 row-size=24B cardinality=96 cost=288
|  in pipelines: 07(GETNEXT), 01(OPEN)
|
06:HASH JOIN [INNER JOIN]
|  hash predicates: ss_store_sk = s_store_sk
|  fk/pk conjuncts: ss_store_sk = s_store_sk
|  runtime filters: RF000[bloom] <- s_store_sk, RF001[min_max] <- s_store_sk
|  mem-estimate=1.94MB mem-reservation=1.94MB spill-buffer=64.00KB thread-reservation=0
|  tuple-ids=1,0,2,3 row-size=114B cardinality=96 cost=108
|  in pipelines: 01(GETNEXT), 03(OPEN)
|
|--03:SCAN HDFS [tpcds_partitioned_parquet_snap.store]
|     HDFS partitions=1/1 files=1 size=9.93KB
|     stored statistics:
|       table: rows=12 size=9.93KB
|       columns: all
|     extrapolated-rows=disabled max-scan-range-rows=12
|     mem-estimate=16.00MB mem-reservation=16.00KB thread-reservation=0
|     tuple-ids=3 row-size=4B cardinality=12 cost=50001
|     in pipelines: 03(GETNEXT)
|
05:HASH JOIN [INNER JOIN]
|  hash predicates: ss_sold_date_sk = d_date_sk
|  fk/pk conjuncts: ss_sold_date_sk = d_date_sk
|  runtime filters: RF002[bloom] <- d_date_sk
|  mem-estimate=1.94MB mem-reservation=1.94MB spill-buffer=64.00KB thread-reservation=0
|  tuple-ids=1,0,2 row-size=110B cardinality=96 cost=843
|  in pipelines: 01(GETNEXT), 02(OPEN)
|
|--02:SCAN HDFS [tpcds_partitioned_parquet_snap.date_dim]
|     HDFS partitions=1/1 files=1 size=2.15MB
|     predicates: d_month_seq IN (CAST(1212 AS INT), CAST(1213 AS INT), CAST(1214 AS INT), CAST(1215 AS INT), CAST(1216 AS INT), CAST(1217 AS INT), CAST(1218 AS INT), CAST(1219 AS INT), CAST(1220 AS INT), CAST(1221 AS INT), CAST(1222 AS INT), CAST(1223 AS INT))
|     stored statistics:
|       table: rows=73.05K size=2.15MB
|       columns: all
|     extrapolated-rows=disabled max-scan-range-rows=73.05K
|     parquet statistics predicates: d_month_seq IN (CAST(1212 AS INT), CAST(1213 AS INT), CAST(1214 AS INT), CAST(1215 AS INT), CAST(1216 AS INT), CAST(1217 AS INT), CAST(1218 AS INT), CAST(1219 AS INT), CAST(1220 AS INT), CAST(1221 AS INT), CAST(1222 AS INT), CAST(1223 AS INT))
|     parquet dictionary predicates: d_month_seq IN (CAST(1212 AS INT), CAST(1213 AS INT), CAST(1214 AS INT), CAST(1215 AS INT), CAST(1216 AS INT), CAST(1217 AS INT), CAST(1218 AS INT), CAST(1219 AS INT), CAST(1220 AS INT), CAST(1221 AS INT), CAST(1222 AS INT), CAST(1223 AS INT))
|     mem-estimate=16.00MB mem-reservation=512.00KB thread-reservation=0
|     tuple-ids=2 row-size=12B cardinality=362 cost=123906
|     in pipelines: 02(GETNEXT)
|
04:HASH JOIN [INNER JOIN]
|  hash predicates: ss_item_sk = i_item_sk
|  fk/pk conjuncts: ss_item_sk = i_item_sk
|  runtime filters: RF004[bloom] <- i_item_sk, RF005[min_max] <- i_item_sk
|  mem-estimate=1.94MB mem-reservation=1.94MB spill-buffer=64.00KB thread-reservation=0
|  tuple-ids=1,0 row-size=98B cardinality=481 cost=484
|  in pipelines: 01(GETNEXT), 00(OPEN)
|
|--00:SCAN HDFS [tpcds_partitioned_parquet_snap.item]
|     HDFS partitions=1/1 files=1 size=1.73MB
|     predicates: ((i_category IN ('Books', 'Children', 'Electronics') AND i_class IN ('personal', 'portable', 'refernece', 'self-help') AND i_brand IN ('scholaramalgamalg #14', 'scholaramalgamalg #7', 'exportiunivamalg #9', 'scholaramalgamalg #9')) OR (i_category IN ('Women', 'Music', 'Men') AND i_class IN ('accessories', 'classical', 'fragrances', 'pants') AND i_brand IN ('amalgimporto #1', 'edu packscholar #1', 'exportiimporto #1', 'importoamalg #1')))
|     stored statistics:
|       table: rows=18.00K size=1.73MB
|       columns: all
|     extrapolated-rows=disabled max-scan-range-rows=18.00K
|     mem-estimate=16.00MB mem-reservation=256.00KB thread-reservation=0
|     tuple-ids=0 row-size=78B cardinality=3 cost=69369
|     in pipelines: 00(GETNEXT)
|
01:SCAN HDFS [tpcds_partitioned_parquet_snap.store_sales]
   HDFS partitions=1824/1824 files=1824 size=199.36MB
   runtime filters: RF001[min_max] -> ss_store_sk, RF005[min_max] -> ss_item_sk, RF000[bloom] -> ss_store_sk, RF002[bloom] -> ss_sold_date_sk, RF004[bloom] -> ss_item_sk
   stored statistics:
     table: rows=2.88M size=199.36MB
     partitions: 1824/1824 rows=2.88M
     columns: all
   extrapolated-rows=disabled max-scan-range-rows=130.09K est-scan-range=362(filtered from 1824)
   mem-estimate=16.00MB mem-reservation=1.00MB thread-reservation=0
   tuple-ids=1 row-size=20B cardinality=481(filtered from 2.88M) cost=18100010
   in pipelines: 01(GETNEXT)
---- DISTRIBUTEDPLAN
Max Per-Host Resource Reservation: Memory=52.27MB Threads=11
Per-Host Resource Estimates: Memory=163MB
F05:PLAN FRAGMENT [UNPARTITIONED] hosts=1 instances=1
|  Per-Instance Resources: mem-estimate=4.02MB mem-reservation=4.00MB thread-reservation=1
|  max-parallelism=1 segment-costs=[31] cpu-comparison-result=12 [max(1 (self) vs 12 (sum children))]
PLAN-ROOT SINK
|  output exprs: i_manager_id, sum_sales, avg_monthly_sales
|  mem-estimate=4.00MB mem-reservation=4.00MB spill-buffer=2.00MB thread-reservation=0 cost=30
|
17:MERGING-EXCHANGE [UNPARTITIONED]
|  order by: i_manager_id ASC, avg_monthly_sales ASC, sum_sales ASC
|  limit: 100
|  mem-estimate=16.00KB mem-reservation=0B thread-reservation=0
|  tuple-ids=8 row-size=36B cardinality=10 cost=1
|  in pipelines: 11(GETNEXT)
|
F04:PLAN FRAGMENT [HASH(i_manager_id)] hosts=3 instances=6 (adjusted from 48)
Per-Instance Resources: mem-estimate=20.00MB mem-reservation=11.94MB thread-reservation=1
max-parallelism=6 segment-costs=[291, 96, 222, 1] cpu-comparison-result=12 [max(6 (self) vs 12 (sum children))]
11:TOP-N [LIMIT=100]
|  order by: i_manager_id ASC, avg_monthly_sales ASC, sum_sales ASC
|  mem-estimate=360B mem-reservation=0B thread-reservation=0
|  tuple-ids=8 row-size=36B cardinality=10 cost=30
|  in pipelines: 11(GETNEXT), 08(OPEN)
|
10:SELECT
|  predicates: CASE WHEN avg(sum(ss_sales_price)) > CAST(0 AS DECIMAL(3,0)) THEN abs(sum(ss_sales_price) - avg(sum(ss_sales_price))) / avg(sum(ss_sales_price)) ELSE NULL END > CAST(0.1 AS DECIMAL(1,1))
|  mem-estimate=0B mem-reservation=0B thread-reservation=0
|  tuple-ids=15,14 row-size=40B cardinality=10 cost=96
|  in pipelines: 08(GETNEXT)
|
09:ANALYTIC
|  functions: avg(sum(ss_sales_price))
|  partition by: i_manager_id
|  mem-estimate=4.00MB mem-reservation=4.00MB spill-buffer=2.00MB thread-reservation=0
|  tuple-ids=15,14 row-size=40B cardinality=96 cost=96
|  in pipelines: 08(GETNEXT)
|
08:SORT
|  order by: i_manager_id ASC NULLS LAST
|  mem-estimate=6.00MB mem-reservation=6.00MB spill-buffer=2.00MB thread-reservation=0
|  tuple-ids=15 row-size=24B cardinality=96 cost=96
|  in pipelines: 08(GETNEXT), 16(OPEN)
|
16:AGGREGATE [FINALIZE]
|  output: sum:merge(ss_sales_price)
|  group by: i_manager_id, d_moy
|  mem-estimate=10.00MB mem-reservation=1.94MB spill-buffer=64.00KB thread-reservation=0
|  tuple-ids=4 row-size=24B cardinality=96 cost=288
|  in pipelines: 16(GETNEXT), 01(OPEN)
|
15:EXCHANGE [HASH(i_manager_id)]
|  mem-estimate=16.50KB mem-reservation=0B thread-reservation=0
|  tuple-ids=4 row-size=24B cardinality=96 cost=3
|  in pipelines: 01(GETNEXT)
|
F00:PLAN FRAGMENT [RANDOM] hosts=3 instances=6 (adjusted from 48)
Per-Host Shared Resources: mem-estimate=3.00MB mem-reservation=3.00MB thread-reservation=0 runtime-filters-memory=3.00MB
Per-Instance Resources: mem-estimate=26.66MB mem-reservation=3.00MB thread-reservation=1
max-parallelism=6 segment-costs=[18101356, 3] cpu-comparison-result=12 [max(6 (self) vs 12 (sum children))]
07:AGGREGATE [STREAMING]
|  output: sum(ss_sales_price)
|  group by: i_manager_id, d_moy
|  mem-estimate=10.00MB mem-reservation=2.00MB spill-buffer=64.00KB thread-reservation=0
|  tuple-ids=4 row-size=24B cardinality=96 cost=288
|  in pipelines: 01(GETNEXT)
|
06:HASH JOIN [INNER JOIN, BROADCAST]
|  hash-table-id=00
|  hash predicates: ss_store_sk = s_store_sk
|  fk/pk conjuncts: ss_store_sk = s_store_sk
|  mem-estimate=0B mem-reservation=0B spill-buffer=64.00KB thread-reservation=0
|  tuple-ids=1,0,2,3 row-size=114B cardinality=96 cost=96
|  in pipelines: 01(GETNEXT), 03(OPEN)
|
|--F06:PLAN FRAGMENT [RANDOM] hosts=3 instances=3
|  |  Per-Instance Resources: mem-estimate=4.89MB mem-reservation=4.88MB thread-reservation=1 runtime-filters-memory=1.00MB
|  |  max-parallelism=3 segment-costs=[15]
|  JOIN BUILD
|  |  join-table-id=00 plan-id=01 cohort-id=01
|  |  build expressions: s_store_sk
|  |  runtime filters: RF000[bloom] <- s_store_sk, RF001[min_max] <- s_store_sk
|  |  mem-estimate=3.88MB mem-reservation=3.88MB spill-buffer=64.00KB thread-reservation=0 cost=12
|  |
|  14:EXCHANGE [BROADCAST]
|  |  mem-estimate=16.00KB mem-reservation=0B thread-reservation=0
|  |  tuple-ids=3 row-size=4B cardinality=12 cost=3
|  |  in pipelines: 03(GETNEXT)
|  |
|  F03:PLAN FRAGMENT [RANDOM] hosts=1 instances=1
|  Per-Instance Resources: mem-estimate=16.03MB mem-reservation=16.00KB thread-reservation=1
|  max-parallelism=1 segment-costs=[50002]
|  03:SCAN HDFS [tpcds_partitioned_parquet_snap.store, RANDOM]
|     HDFS partitions=1/1 files=1 size=9.93KB
|     stored statistics:
|       table: rows=12 size=9.93KB
|       columns: all
|     extrapolated-rows=disabled max-scan-range-rows=12
|     mem-estimate=16.00MB mem-reservation=16.00KB thread-reservation=0
|     tuple-ids=3 row-size=4B cardinality=12 cost=50001
|     in pipelines: 03(GETNEXT)
|
05:HASH JOIN [INNER JOIN, BROADCAST]
|  hash-table-id=01
|  hash predicates: ss_sold_date_sk = d_date_sk
|  fk/pk conjuncts: ss_sold_date_sk = d_date_sk
|  mem-estimate=0B mem-reservation=0B spill-buffer=64.00KB thread-reservation=0
|  tuple-ids=1,0,2 row-size=110B cardinality=96 cost=481
|  in pipelines: 01(GETNEXT), 02(OPEN)
|
|--F07:PLAN FRAGMENT [RANDOM] hosts=3 instances=3
|  |  Per-Instance Resources: mem-estimate=4.89MB mem-reservation=4.88MB thread-reservation=1 runtime-filters-memory=1.00MB
|  |  max-parallelism=3 segment-costs=[380]
|  JOIN BUILD
|  |  join-table-id=01 plan-id=02 cohort-id=01
|  |  build expressions: d_date_sk
|  |  runtime filters: RF002[bloom] <- d_date_sk
|  |  mem-estimate=3.88MB mem-reservation=3.88MB spill-buffer=64.00KB thread-reservation=0 cost=362
|  |
|  13:EXCHANGE [BROADCAST]
|  |  mem-estimate=16.00KB mem-reservation=0B thread-reservation=0
|  |  tuple-ids=2 row-size=12B cardinality=362 cost=18
|  |  in pipelines: 02(GETNEXT)
|  |
|  F02:PLAN FRAGMENT [RANDOM] hosts=1 instances=1
|  Per-Instance Resources: mem-estimate=16.06MB mem-reservation=512.00KB thread-reservation=1
|  max-parallelism=1 segment-costs=[123912]
|  02:SCAN HDFS [tpcds_partitioned_parquet_snap.date_dim, RANDOM]
|     HDFS partitions=1/1 files=1 size=2.15MB
|     predicates: d_month_seq IN (CAST(1212 AS INT), CAST(1213 AS INT), CAST(1214 AS INT), CAST(1215 AS INT), CAST(1216 AS INT), CAST(1217 AS INT), CAST(1218 AS INT), CAST(1219 AS INT), CAST(1220 AS INT), CAST(1221 AS INT), CAST(1222 AS INT), CAST(1223 AS INT))
|     stored statistics:
|       table: rows=73.05K size=2.15MB
|       columns: all
|     extrapolated-rows=disabled max-scan-range-rows=73.05K
|     parquet statistics predicates: d_month_seq IN (CAST(1212 AS INT), CAST(1213 AS INT), CAST(1214 AS INT), CAST(1215 AS INT), CAST(1216 AS INT), CAST(1217 AS INT), CAST(1218 AS INT), CAST(1219 AS INT), CAST(1220 AS INT), CAST(1221 AS INT), CAST(1222 AS INT), CAST(1223 AS INT))
|     parquet dictionary predicates: d_month_seq IN (CAST(1212 AS INT), CAST(1213 AS INT), CAST(1214 AS INT), CAST(1215 AS INT), CAST(1216 AS INT), CAST(1217 AS INT), CAST(1218 AS INT), CAST(1219 AS INT), CAST(1220 AS INT), CAST(1221 AS INT), CAST(1222 AS INT), CAST(1223 AS INT))
|     mem-estimate=16.00MB mem-reservation=512.00KB thread-reservation=0
|     tuple-ids=2 row-size=12B cardinality=362 cost=123906
|     in pipelines: 02(GETNEXT)
|
04:HASH JOIN [INNER JOIN, BROADCAST]
|  hash-table-id=02
|  hash predicates: ss_item_sk = i_item_sk
|  fk/pk conjuncts: ss_item_sk = i_item_sk
|  mem-estimate=0B mem-reservation=0B spill-buffer=64.00KB thread-reservation=0
|  tuple-ids=1,0 row-size=98B cardinality=481 cost=481
|  in pipelines: 01(GETNEXT), 00(OPEN)
|
|--F08:PLAN FRAGMENT [RANDOM] hosts=3 instances=3
|  |  Per-Instance Resources: mem-estimate=4.89MB mem-reservation=4.88MB thread-reservation=1 runtime-filters-memory=1.00MB
|  |  max-parallelism=3 segment-costs=[6]
|  JOIN BUILD
|  |  join-table-id=02 plan-id=03 cohort-id=01
|  |  build expressions: i_item_sk
|  |  runtime filters: RF004[bloom] <- i_item_sk, RF005[min_max] <- i_item_sk
|  |  mem-estimate=3.88MB mem-reservation=3.88MB spill-buffer=64.00KB thread-reservation=0 cost=3
|  |
|  12:EXCHANGE [BROADCAST]
|  |  mem-estimate=16.00KB mem-reservation=0B thread-reservation=0
|  |  tuple-ids=0 row-size=78B cardinality=3 cost=3
|  |  in pipelines: 00(GETNEXT)
|  |
|  F01:PLAN FRAGMENT [RANDOM] hosts=1 instances=1
|  Per-Instance Resources: mem-estimate=16.32MB mem-reservation=256.00KB thread-reservation=1
|  max-parallelism=1 segment-costs=[69370]
|  00:SCAN HDFS [tpcds_partitioned_parquet_snap.item, RANDOM]
|     HDFS partitions=1/1 files=1 size=1.73MB
|     predicates: ((i_category IN ('Books', 'Children', 'Electronics') AND i_class IN ('personal', 'portable', 'refernece', 'self-help') AND i_brand IN ('scholaramalgamalg #14', 'scholaramalgamalg #7', 'exportiunivamalg #9', 'scholaramalgamalg #9')) OR (i_category IN ('Women', 'Music', 'Men') AND i_class IN ('accessories', 'classical', 'fragrances', 'pants') AND i_brand IN ('amalgimporto #1', 'edu packscholar #1', 'exportiimporto #1', 'importoamalg #1')))
|     stored statistics:
|       table: rows=18.00K size=1.73MB
|       columns: all
|     extrapolated-rows=disabled max-scan-range-rows=18.00K
|     mem-estimate=16.00MB mem-reservation=256.00KB thread-reservation=0
|     tuple-ids=0 row-size=78B cardinality=3 cost=69369
|     in pipelines: 00(GETNEXT)
|
01:SCAN HDFS [tpcds_partitioned_parquet_snap.store_sales, RANDOM]
   HDFS partitions=1824/1824 files=1824 size=199.36MB
   runtime filters: RF001[min_max] -> ss_store_sk, RF005[min_max] -> ss_item_sk, RF000[bloom] -> ss_store_sk, RF002[bloom] -> ss_sold_date_sk, RF004[bloom] -> ss_item_sk
   stored statistics:
     table: rows=2.88M size=199.36MB
     partitions: 1824/1824 rows=2.88M
     columns: all
   extrapolated-rows=disabled max-scan-range-rows=130.09K est-scan-range=362(filtered from 1824)
   mem-estimate=16.00MB mem-reservation=1.00MB thread-reservation=0
   tuple-ids=1 row-size=20B cardinality=481(filtered from 2.88M) cost=18100010
   in pipelines: 01(GETNEXT)
---- PARALLELPLANS
Max Per-Host Resource Reservation: Memory=53.27MB Threads=14
Per-Host Resource Estimates: Memory=170MB
F06:PLAN FRAGMENT [UNPARTITIONED] hosts=1 instances=1
|  Per-Instance Resources: mem-estimate=4.02MB mem-reservation=4.00MB thread-reservation=1
|  max-parallelism=1 segment-costs=[31] cpu-comparison-result=15 [max(1 (self) vs 15 (sum children))]
PLAN-ROOT SINK
|  output exprs: i_manager_id, sum_sales, avg_monthly_sales
|  mem-estimate=4.00MB mem-reservation=4.00MB spill-buffer=2.00MB thread-reservation=0 cost=30
|
18:MERGING-EXCHANGE [UNPARTITIONED]
|  order by: i_manager_id ASC, avg_monthly_sales ASC, sum_sales ASC
|  limit: 100
|  mem-estimate=16.00KB mem-reservation=0B thread-reservation=0
|  tuple-ids=8 row-size=36B cardinality=10 cost=1
|  in pipelines: 11(GETNEXT)
|
F05:PLAN FRAGMENT [HASH(i_manager_id)] hosts=3 instances=6 (adjusted from 48)
Per-Instance Resources: mem-estimate=20.00MB mem-reservation=11.94MB thread-reservation=1
max-parallelism=6 segment-costs=[291, 96, 222, 1] cpu-comparison-result=15 [max(6 (self) vs 15 (sum children))]
11:TOP-N [LIMIT=100]
|  order by: i_manager_id ASC, avg_monthly_sales ASC, sum_sales ASC
|  mem-estimate=360B mem-reservation=0B thread-reservation=0
|  tuple-ids=8 row-size=36B cardinality=10 cost=30
|  in pipelines: 11(GETNEXT), 08(OPEN)
|
10:SELECT
|  predicates: CASE WHEN avg(sum(ss_sales_price)) > CAST(0 AS DECIMAL(3,0)) THEN abs(sum(ss_sales_price) - avg(sum(ss_sales_price))) / avg(sum(ss_sales_price)) ELSE NULL END > CAST(0.1 AS DECIMAL(1,1))
|  mem-estimate=0B mem-reservation=0B thread-reservation=0
|  tuple-ids=15,14 row-size=40B cardinality=10 cost=96
|  in pipelines: 08(GETNEXT)
|
09:ANALYTIC
|  functions: avg(sum(ss_sales_price))
|  partition by: i_manager_id
|  mem-estimate=4.00MB mem-reservation=4.00MB spill-buffer=2.00MB thread-reservation=0
|  tuple-ids=15,14 row-size=40B cardinality=96 cost=96
|  in pipelines: 08(GETNEXT)
|
08:SORT
|  order by: i_manager_id ASC NULLS LAST
|  mem-estimate=6.00MB mem-reservation=6.00MB spill-buffer=2.00MB thread-reservation=0
|  tuple-ids=15 row-size=24B cardinality=96 cost=96
|  in pipelines: 08(GETNEXT), 17(OPEN)
|
17:AGGREGATE [FINALIZE]
|  output: sum:merge(ss_sales_price)
|  group by: i_manager_id, d_moy
|  mem-estimate=10.00MB mem-reservation=1.94MB spill-buffer=64.00KB thread-reservation=0
|  tuple-ids=4 row-size=24B cardinality=96 cost=288
|  in pipelines: 17(GETNEXT), 01(OPEN)
|
16:EXCHANGE [HASH(i_manager_id)]
|  mem-estimate=16.50KB mem-reservation=0B thread-reservation=0
|  tuple-ids=4 row-size=24B cardinality=96 cost=3
|  in pipelines: 01(GETNEXT)
|
F03:PLAN FRAGMENT [HASH(ss_sold_date_sk)] hosts=3 instances=6 (adjusted from 48)
Per-Instance Resources: mem-estimate=10.96MB mem-reservation=2.00MB thread-reservation=1
max-parallelism=6 segment-costs=[915, 3] cpu-comparison-result=15 [max(12 (self) vs 15 (sum children))]
07:AGGREGATE [STREAMING]
|  output: sum(ss_sales_price)
|  group by: i_manager_id, d_moy
|  mem-estimate=10.00MB mem-reservation=2.00MB spill-buffer=64.00KB thread-reservation=0
|  tuple-ids=4 row-size=24B cardinality=96 cost=288
|  in pipelines: 01(GETNEXT)
|
06:HASH JOIN [INNER JOIN, BROADCAST]
|  hash-table-id=00
|  hash predicates: ss_store_sk = s_store_sk
|  fk/pk conjuncts: ss_store_sk = s_store_sk
|  mem-estimate=0B mem-reservation=0B spill-buffer=64.00KB thread-reservation=0
|  tuple-ids=1,0,2,3 row-size=114B cardinality=96 cost=96
|  in pipelines: 01(GETNEXT), 03(OPEN)
|
|--F07:PLAN FRAGMENT [HASH(ss_sold_date_sk)] hosts=3 instances=3
|  |  Per-Instance Resources: mem-estimate=4.89MB mem-reservation=4.88MB thread-reservation=1 runtime-filters-memory=1.00MB
|  |  max-parallelism=3 segment-costs=[15]
|  JOIN BUILD
|  |  join-table-id=00 plan-id=01 cohort-id=01
|  |  build expressions: s_store_sk
|  |  runtime filters: RF000[bloom] <- s_store_sk, RF001[min_max] <- s_store_sk
|  |  mem-estimate=3.88MB mem-reservation=3.88MB spill-buffer=64.00KB thread-reservation=0 cost=12
|  |
|  15:EXCHANGE [BROADCAST]
|  |  mem-estimate=16.00KB mem-reservation=0B thread-reservation=0
|  |  tuple-ids=3 row-size=4B cardinality=12 cost=3
|  |  in pipelines: 03(GETNEXT)
|  |
|  F04:PLAN FRAGMENT [RANDOM] hosts=1 instances=1
|  Per-Instance Resources: mem-estimate=16.03MB mem-reservation=16.00KB thread-reservation=1
|  max-parallelism=1 segment-costs=[50002]
|  03:SCAN HDFS [tpcds_partitioned_parquet_snap.store, RANDOM]
|     HDFS partitions=1/1 files=1 size=9.93KB
|     stored statistics:
|       table: rows=12 size=9.93KB
|       columns: all
|     extrapolated-rows=disabled max-scan-range-rows=12
|     mem-estimate=16.00MB mem-reservation=16.00KB thread-reservation=0
|     tuple-ids=3 row-size=4B cardinality=12 cost=50001
|     in pipelines: 03(GETNEXT)
|
05:HASH JOIN [INNER JOIN, PARTITIONED]
|  hash-table-id=01
|  hash predicates: ss_sold_date_sk = d_date_sk
|  fk/pk conjuncts: ss_sold_date_sk = d_date_sk
|  mem-estimate=0B mem-reservation=0B spill-buffer=64.00KB thread-reservation=0
|  tuple-ids=1,0,2 row-size=110B cardinality=96 cost=481
|  in pipelines: 01(GETNEXT), 02(OPEN)
|
|--F08:PLAN FRAGMENT [HASH(ss_sold_date_sk)] hosts=3 instances=6 (adjusted from 48)
|  |  Per-Instance Resources: mem-estimate=2.95MB mem-reservation=2.94MB thread-reservation=1 runtime-filters-memory=1.00MB
|  |  max-parallelism=6 segment-costs=[368]
|  JOIN BUILD
|  |  join-table-id=01 plan-id=02 cohort-id=01
|  |  build expressions: d_date_sk
|  |  runtime filters: RF002[bloom] <- d_date_sk
|  |  mem-estimate=1.94MB mem-reservation=1.94MB spill-buffer=64.00KB thread-reservation=0 cost=362
|  |
|  14:EXCHANGE [HASH(d_date_sk)]
|  |  mem-estimate=16.00KB mem-reservation=0B thread-reservation=0
|  |  tuple-ids=2 row-size=12B cardinality=362 cost=6
|  |  in pipelines: 02(GETNEXT)
|  |
|  F02:PLAN FRAGMENT [RANDOM] hosts=1 instances=1
|  Per-Instance Resources: mem-estimate=16.38MB mem-reservation=512.00KB thread-reservation=1
|  max-parallelism=1 segment-costs=[123912]
|  02:SCAN HDFS [tpcds_partitioned_parquet_snap.date_dim, RANDOM]
|     HDFS partitions=1/1 files=1 size=2.15MB
|     predicates: d_month_seq IN (CAST(1212 AS INT), CAST(1213 AS INT), CAST(1214 AS INT), CAST(1215 AS INT), CAST(1216 AS INT), CAST(1217 AS INT), CAST(1218 AS INT), CAST(1219 AS INT), CAST(1220 AS INT), CAST(1221 AS INT), CAST(1222 AS INT), CAST(1223 AS INT))
|     stored statistics:
|       table: rows=73.05K size=2.15MB
|       columns: all
|     extrapolated-rows=disabled max-scan-range-rows=73.05K
|     parquet statistics predicates: d_month_seq IN (CAST(1212 AS INT), CAST(1213 AS INT), CAST(1214 AS INT), CAST(1215 AS INT), CAST(1216 AS INT), CAST(1217 AS INT), CAST(1218 AS INT), CAST(1219 AS INT), CAST(1220 AS INT), CAST(1221 AS INT), CAST(1222 AS INT), CAST(1223 AS INT))
|     parquet dictionary predicates: d_month_seq IN (CAST(1212 AS INT), CAST(1213 AS INT), CAST(1214 AS INT), CAST(1215 AS INT), CAST(1216 AS INT), CAST(1217 AS INT), CAST(1218 AS INT), CAST(1219 AS INT), CAST(1220 AS INT), CAST(1221 AS INT), CAST(1222 AS INT), CAST(1223 AS INT))
|     mem-estimate=16.00MB mem-reservation=512.00KB thread-reservation=0
|     tuple-ids=2 row-size=12B cardinality=362 cost=123906
|     in pipelines: 02(GETNEXT)
|
13:EXCHANGE [HASH(ss_sold_date_sk)]
|  mem-estimate=313.70KB mem-reservation=0B thread-reservation=0
|  tuple-ids=1,0 row-size=98B cardinality=481 cost=50
|  in pipelines: 01(GETNEXT)
|
F00:PLAN FRAGMENT [RANDOM] hosts=3 instances=6 (adjusted from 48)
Per-Host Shared Resources: mem-estimate=3.00MB mem-reservation=3.00MB thread-reservation=0 runtime-filters-memory=3.00MB
Per-Instance Resources: mem-estimate=18.48MB mem-reservation=1.00MB thread-reservation=1
max-parallelism=6 segment-costs=[18100541]
04:HASH JOIN [INNER JOIN, BROADCAST]
|  hash-table-id=02
|  hash predicates: ss_item_sk = i_item_sk
|  fk/pk conjuncts: ss_item_sk = i_item_sk
|  mem-estimate=0B mem-reservation=0B spill-buffer=64.00KB thread-reservation=0
|  tuple-ids=1,0 row-size=98B cardinality=481 cost=481
|  in pipelines: 01(GETNEXT), 00(OPEN)
|
|--F09:PLAN FRAGMENT [RANDOM] hosts=3 instances=3
|  |  Per-Instance Resources: mem-estimate=4.89MB mem-reservation=4.88MB thread-reservation=1 runtime-filters-memory=1.00MB
|  |  max-parallelism=3 segment-costs=[6]
|  JOIN BUILD
|  |  join-table-id=02 plan-id=03 cohort-id=01
|  |  build expressions: i_item_sk
|  |  runtime filters: RF004[bloom] <- i_item_sk, RF005[min_max] <- i_item_sk
|  |  mem-estimate=3.88MB mem-reservation=3.88MB spill-buffer=64.00KB thread-reservation=0 cost=3
|  |
|  12:EXCHANGE [BROADCAST]
|  |  mem-estimate=16.00KB mem-reservation=0B thread-reservation=0
|  |  tuple-ids=0 row-size=78B cardinality=3 cost=3
|  |  in pipelines: 00(GETNEXT)
|  |
|  F01:PLAN FRAGMENT [RANDOM] hosts=1 instances=1
|  Per-Instance Resources: mem-estimate=16.32MB mem-reservation=256.00KB thread-reservation=1
|  max-parallelism=1 segment-costs=[69370]
|  00:SCAN HDFS [tpcds_partitioned_parquet_snap.item, RANDOM]
|     HDFS partitions=1/1 files=1 size=1.73MB
|     predicates: ((i_category IN ('Books', 'Children', 'Electronics') AND i_class IN ('personal', 'portable', 'refernece', 'self-help') AND i_brand IN ('scholaramalgamalg #14', 'scholaramalgamalg #7', 'exportiunivamalg #9', 'scholaramalgamalg #9')) OR (i_category IN ('Women', 'Music', 'Men') AND i_class IN ('accessories', 'classical', 'fragrances', 'pants') AND i_brand IN ('amalgimporto #1', 'edu packscholar #1', 'exportiimporto #1', 'importoamalg #1')))
|     stored statistics:
|       table: rows=18.00K size=1.73MB
|       columns: all
|     extrapolated-rows=disabled max-scan-range-rows=18.00K
|     mem-estimate=16.00MB mem-reservation=256.00KB thread-reservation=0
|     tuple-ids=0 row-size=78B cardinality=3 cost=69369
|     in pipelines: 00(GETNEXT)
|
01:SCAN HDFS [tpcds_partitioned_parquet_snap.store_sales, RANDOM]
   HDFS partitions=1824/1824 files=1824 size=199.36MB
   runtime filters: RF001[min_max] -> ss_store_sk, RF005[min_max] -> ss_item_sk, RF000[bloom] -> ss_store_sk, RF002[bloom] -> ss_sold_date_sk, RF004[bloom] -> ss_item_sk
   stored statistics:
     table: rows=2.88M size=199.36MB
     partitions: 1824/1824 rows=2.88M
     columns: all
   extrapolated-rows=disabled max-scan-range-rows=130.09K est-scan-range=362(filtered from 1824)
   mem-estimate=16.00MB mem-reservation=1.00MB thread-reservation=0
   tuple-ids=1 row-size=20B cardinality=481(filtered from 2.88M) cost=18100010
   in pipelines: 01(GETNEXT)
====
