# TPCDS-Q98
select
  i_item_desc,
  i_category,
  i_class,
  i_current_price,
  sum(ss_ext_sales_price) as itemrevenue,
  sum(ss_ext_sales_price)*100/sum(sum(ss_ext_sales_price)) over (partition by i_class) as revenueratio
from
  store_sales,
  item,
  date_dim
where
  ss_item_sk = i_item_sk
  and i_category in ('Jewelry', 'Sports', 'Books')
  and ss_sold_date_sk = d_date_sk
  and cast(d_date as timestamp) between cast('1999-02-22' as timestamp)
                                and (cast('1999-02-22' as timestamp) + interval 30 days)
group by
  i_item_id,
  i_item_desc,
  i_category,
  i_class,
  i_current_price
order by
  i_category,
  i_class,
  i_item_id,
  i_item_desc,
  revenueratio
limit 1000
---- PLAN
Max Per-Host Resource Reservation: Memory=52.00MB Threads=1
Per-Host Resource Estimates: Memory=342MB
F00:PLAN FRAGMENT [UNPARTITIONED] hosts=1 instances=1
|  Per-Instance Resources: mem-estimate=342.41MB mem-reservation=52.00MB thread-reservation=1 runtime-filters-memory=2.00MB
|  max-parallelism=1 segment-costs=[98409689, 864122, 869122, 6000]
PLAN-ROOT SINK
|  output exprs: i_item_desc, i_category, i_class, i_current_price, sum(ss_ext_sales_price), sum(ss_ext_sales_price) * CAST(100 AS DECIMAL(3,0)) / sum(sum(ss_ext_sales_price))
|  mem-estimate=4.00MB mem-reservation=4.00MB spill-buffer=2.00MB thread-reservation=0 cost=6000
|
08:TOP-N [LIMIT=1000]
|  order by: i_category ASC, i_class ASC, i_item_id ASC, i_item_desc ASC, sum(ss_ext_sales_price) * 100 / sum(sum(ss_ext_sales_price)) ASC
|  mem-estimate=209.09KB mem-reservation=0B thread-reservation=0
|  tuple-ids=5 row-size=214B cardinality=1.00K cost=5000
|  in pipelines: 08(GETNEXT), 06(OPEN)
|
07:ANALYTIC
|  functions: sum(sum(ss_ext_sales_price))
|  partition by: i_class
|  mem-estimate=4.00MB mem-reservation=4.00MB spill-buffer=2.00MB thread-reservation=0
|  tuple-ids=10,9 row-size=214B cardinality=864.12K cost=864122
|  in pipelines: 06(GETNEXT)
|
06:SORT
|  order by: i_class ASC NULLS LAST
|  mem-estimate=163.26MB mem-reservation=12.00MB spill-buffer=2.00MB thread-reservation=0
|  tuple-ids=10 row-size=198B cardinality=864.12K cost=864122
|  in pipelines: 06(GETNEXT), 05(OPEN)
|
05:AGGREGATE [FINALIZE]
|  output: sum(ss_ext_sales_price)
|  group by: i_item_id, i_item_desc, i_category, i_class, i_current_price
|  mem-estimate=173.15MB mem-reservation=34.00MB spill-buffer=2.00MB thread-reservation=0
|  tuple-ids=3 row-size=198B cardinality=864.12K cost=5184732
|  in pipelines: 05(GETNEXT), 00(OPEN)
|
04:HASH JOIN [INNER JOIN]
|  hash predicates: ss_sold_date_sk = d_date_sk
|  fk/pk conjuncts: ss_sold_date_sk = d_date_sk
|  runtime filters: RF000[bloom] <- d_date_sk
|  mem-estimate=1.94MB mem-reservation=1.94MB spill-buffer=64.00KB thread-reservation=0
|  tuple-ids=0,1,2 row-size=232B cardinality=864.12K cost=871427
|  in pipelines: 00(GETNEXT), 02(OPEN)
|
|--02:SCAN HDFS [tpcds_partitioned_parquet_snap.date_dim]
|     HDFS partitions=1/1 files=1 size=2.15MB
|     predicates: CAST(d_date AS TIMESTAMP) <= TIMESTAMP '1999-03-24 00:00:00', CAST(d_date AS TIMESTAMP) >= TIMESTAMP '1999-02-22 00:00:00'
|     stored statistics:
|       table: rows=73.05K size=2.15MB
|       columns: all
|     extrapolated-rows=disabled max-scan-range-rows=73.05K
|     parquet dictionary predicates: CAST(d_date AS TIMESTAMP) <= TIMESTAMP '1999-03-24 00:00:00', CAST(d_date AS TIMESTAMP) >= TIMESTAMP '1999-02-22 00:00:00'
|     mem-estimate=16.00MB mem-reservation=1.00MB thread-reservation=0
|     tuple-ids=2 row-size=26B cardinality=7.30K cost=197953
|     in pipelines: 02(GETNEXT)
|
03:HASH JOIN [INNER JOIN]
|  hash predicates: ss_item_sk = i_item_sk
|  fk/pk conjuncts: ss_item_sk = i_item_sk
|  runtime filters: RF002[bloom] <- i_item_sk, RF003[min_max] <- i_item_sk
|  mem-estimate=2.88MB mem-reservation=2.88MB spill-buffer=128.00KB thread-reservation=0
|  tuple-ids=0,1 row-size=206B cardinality=864.12K cost=870723
|  in pipelines: 00(GETNEXT), 01(OPEN)
|
|--01:SCAN HDFS [tpcds_partitioned_parquet_snap.item]
|     HDFS partitions=1/1 files=1 size=1.73MB
|     predicates: i_category IN ('Jewelry', 'Sports', 'Books')
|     stored statistics:
|       table: rows=18.00K size=1.73MB
|       columns: all
|     extrapolated-rows=disabled max-scan-range-rows=18.00K
|     parquet statistics predicates: i_category IN ('Jewelry', 'Sports', 'Books')
|     parquet dictionary predicates: i_category IN ('Jewelry', 'Sports', 'Books')
|     mem-estimate=16.00MB mem-reservation=2.00MB thread-reservation=0
|     tuple-ids=1 row-size=190B cardinality=5.40K cost=71342
|     in pipelines: 01(GETNEXT)
|
00:SCAN HDFS [tpcds_partitioned_parquet_snap.store_sales]
   HDFS partitions=1824/1824 files=1824 size=199.36MB
   runtime filters: RF003[min_max] -> ss_item_sk, RF000[bloom] -> ss_sold_date_sk, RF002[bloom] -> ss_item_sk
   stored statistics:
     table: rows=2.88M size=199.36MB
     partitions: 1824/1824 rows=2.88M
     columns: all
   extrapolated-rows=disabled max-scan-range-rows=130.09K
   mem-estimate=16.00MB mem-reservation=1.00MB thread-reservation=0
   tuple-ids=0 row-size=16B cardinality=865.32K(filtered from 2.88M) cost=91213512
   in pipelines: 00(GETNEXT)
---- DISTRIBUTEDPLAN
Max Per-Host Resource Reservation: Memory=202.25MB Threads=11
Per-Host Resource Estimates: Memory=344MB
F04:PLAN FRAGMENT [UNPARTITIONED] hosts=1 instances=1
|  Per-Instance Resources: mem-estimate=5.32MB mem-reservation=4.00MB thread-reservation=1
|  max-parallelism=1 segment-costs=[6213] cpu-comparison-result=12 [max(1 (self) vs 12 (sum children))]
PLAN-ROOT SINK
|  output exprs: i_item_desc, i_category, i_class, i_current_price, sum(ss_ext_sales_price), sum(ss_ext_sales_price) * CAST(100 AS DECIMAL(3,0)) / sum(sum(ss_ext_sales_price))
|  mem-estimate=4.00MB mem-reservation=4.00MB spill-buffer=2.00MB thread-reservation=0 cost=6000
|
13:MERGING-EXCHANGE [UNPARTITIONED]
|  order by: i_category ASC, i_class ASC, i_item_id ASC, i_item_desc ASC, sum(ss_ext_sales_price) * 100 / sum(sum(ss_ext_sales_price)) ASC
|  limit: 1000
|  mem-estimate=1.32MB mem-reservation=0B thread-reservation=0
|  tuple-ids=5 row-size=214B cardinality=1.00K cost=213
|  in pipelines: 08(GETNEXT)
|
F03:PLAN FRAGMENT [HASH(i_class)] hosts=3 instances=6 (adjusted from 48)
Per-Instance Resources: mem-estimate=65.21MB mem-reservation=50.00MB thread-reservation=1
max-parallelism=6 segment-costs=[5355284, 864122, 869122, 213] cpu-comparison-result=12 [max(6 (self) vs 12 (sum children))]
08:TOP-N [LIMIT=1000]
|  order by: i_category ASC, i_class ASC, i_item_id ASC, i_item_desc ASC, sum(ss_ext_sales_price) * 100 / sum(sum(ss_ext_sales_price)) ASC
|  mem-estimate=209.09KB mem-reservation=0B thread-reservation=0
|  tuple-ids=5 row-size=214B cardinality=1.00K cost=5000
|  in pipelines: 08(GETNEXT), 06(OPEN)
|
07:ANALYTIC
|  functions: sum(sum(ss_ext_sales_price))
|  partition by: i_class
|  mem-estimate=4.00MB mem-reservation=4.00MB spill-buffer=2.00MB thread-reservation=0
|  tuple-ids=10,9 row-size=214B cardinality=864.12K cost=864122
|  in pipelines: 06(GETNEXT)
|
06:SORT
|  order by: i_class ASC NULLS LAST
|  mem-estimate=27.21MB mem-reservation=12.00MB spill-buffer=2.00MB thread-reservation=0
|  tuple-ids=10 row-size=198B cardinality=864.12K cost=864122
|  in pipelines: 06(GETNEXT), 12(OPEN)
|
12:AGGREGATE [FINALIZE]
|  output: sum:merge(ss_ext_sales_price)
|  group by: i_item_id, i_item_desc, i_category, i_class, i_current_price
|  mem-estimate=34.00MB mem-reservation=34.00MB spill-buffer=2.00MB thread-reservation=0
|  tuple-ids=3 row-size=198B cardinality=864.12K cost=5184732
|  in pipelines: 12(GETNEXT), 00(OPEN)
|
11:EXCHANGE [HASH(i_class)]
|  mem-estimate=12.37MB mem-reservation=0B thread-reservation=0
|  tuple-ids=3 row-size=198B cardinality=864.12K cost=170552
|  in pipelines: 00(GETNEXT)
|
F00:PLAN FRAGMENT [RANDOM] hosts=3 instances=12 (adjusted from 48)
Per-Host Shared Resources: mem-estimate=2.00MB mem-reservation=2.00MB thread-reservation=0 runtime-filters-memory=2.00MB
Per-Instance Resources: mem-estimate=37.74MB mem-reservation=18.00MB thread-reservation=1
max-parallelism=12 segment-costs=[98127689, 170552] cpu-comparison-result=12 [max(12 (self) vs 8 (sum children))]
05:AGGREGATE [STREAMING]
|  output: sum(ss_ext_sales_price)
|  group by: i_item_id, i_item_desc, i_category, i_class, i_current_price
|  mem-estimate=17.00MB mem-reservation=17.00MB spill-buffer=1.00MB thread-reservation=0
|  tuple-ids=3 row-size=198B cardinality=864.12K cost=5184732
|  in pipelines: 00(GETNEXT)
|
04:HASH JOIN [INNER JOIN, BROADCAST]
|  hash-table-id=00
|  hash predicates: ss_sold_date_sk = d_date_sk
|  fk/pk conjuncts: ss_sold_date_sk = d_date_sk
|  mem-estimate=0B mem-reservation=0B spill-buffer=64.00KB thread-reservation=0
|  tuple-ids=0,1,2 row-size=232B cardinality=864.12K cost=864122
|  in pipelines: 00(GETNEXT), 02(OPEN)
|
|--F05:PLAN FRAGMENT [RANDOM] hosts=3 instances=3
|  |  Per-Instance Resources: mem-estimate=8.96MB mem-reservation=8.75MB thread-reservation=1 runtime-filters-memory=1.00MB
|  |  max-parallelism=3 segment-costs=[7950]
|  JOIN BUILD
|  |  join-table-id=00 plan-id=01 cohort-id=01
|  |  build expressions: d_date_sk
|  |  runtime filters: RF000[bloom] <- d_date_sk
|  |  mem-estimate=7.75MB mem-reservation=7.75MB spill-buffer=64.00KB thread-reservation=0 cost=7305
|  |
|  10:EXCHANGE [BROADCAST]
|  |  mem-estimate=215.48KB mem-reservation=0B thread-reservation=0
|  |  tuple-ids=2 row-size=26B cardinality=7.30K cost=645
|  |  in pipelines: 02(GETNEXT)
|  |
|  F02:PLAN FRAGMENT [RANDOM] hosts=1 instances=1
|  Per-Instance Resources: mem-estimate=16.12MB mem-reservation=1.00MB thread-reservation=1
|  max-parallelism=1 segment-costs=[198168]
|  02:SCAN HDFS [tpcds_partitioned_parquet_snap.date_dim, RANDOM]
|     HDFS partitions=1/1 files=1 size=2.15MB
|     predicates: CAST(d_date AS TIMESTAMP) <= TIMESTAMP '1999-03-24 00:00:00', CAST(d_date AS TIMESTAMP) >= TIMESTAMP '1999-02-22 00:00:00'
|     stored statistics:
|       table: rows=73.05K size=2.15MB
|       columns: all
|     extrapolated-rows=disabled max-scan-range-rows=73.05K
|     parquet dictionary predicates: CAST(d_date AS TIMESTAMP) <= TIMESTAMP '1999-03-24 00:00:00', CAST(d_date AS TIMESTAMP) >= TIMESTAMP '1999-02-22 00:00:00'
|     mem-estimate=16.00MB mem-reservation=1.00MB thread-reservation=0
|     tuple-ids=2 row-size=26B cardinality=7.30K cost=197953
|     in pipelines: 02(GETNEXT)
|
03:HASH JOIN [INNER JOIN, BROADCAST]
|  hash-table-id=01
|  hash predicates: ss_item_sk = i_item_sk
|  fk/pk conjuncts: ss_item_sk = i_item_sk
|  mem-estimate=0B mem-reservation=0B spill-buffer=128.00KB thread-reservation=0
|  tuple-ids=0,1 row-size=206B cardinality=864.12K cost=865323
|  in pipelines: 00(GETNEXT), 01(OPEN)
|
|--F06:PLAN FRAGMENT [RANDOM] hosts=3 instances=3
|  |  Per-Instance Resources: mem-estimate=13.67MB mem-reservation=12.50MB thread-reservation=1 runtime-filters-memory=1.00MB
|  |  max-parallelism=3 segment-costs=[8472]
|  JOIN BUILD
|  |  join-table-id=01 plan-id=02 cohort-id=01
|  |  build expressions: i_item_sk
|  |  runtime filters: RF002[bloom] <- i_item_sk, RF003[min_max] <- i_item_sk
|  |  mem-estimate=11.50MB mem-reservation=11.50MB spill-buffer=128.00KB thread-reservation=0 cost=5400
|  |
|  09:EXCHANGE [BROADCAST]
|  |  mem-estimate=1.17MB mem-reservation=0B thread-reservation=0
|  |  tuple-ids=1 row-size=190B cardinality=5.40K cost=3072
|  |  in pipelines: 01(GETNEXT)
|  |
|  F01:PLAN FRAGMENT [RANDOM] hosts=1 instances=1
|  Per-Instance Resources: mem-estimate=16.76MB mem-reservation=2.00MB thread-reservation=1
|  max-parallelism=1 segment-costs=[72366]
|  01:SCAN HDFS [tpcds_partitioned_parquet_snap.item, RANDOM]
|     HDFS partitions=1/1 files=1 size=1.73MB
|     predicates: i_category IN ('Jewelry', 'Sports', 'Books')
|     stored statistics:
|       table: rows=18.00K size=1.73MB
|       columns: all
|     extrapolated-rows=disabled max-scan-range-rows=18.00K
|     parquet statistics predicates: i_category IN ('Jewelry', 'Sports', 'Books')
|     parquet dictionary predicates: i_category IN ('Jewelry', 'Sports', 'Books')
|     mem-estimate=16.00MB mem-reservation=2.00MB thread-reservation=0
|     tuple-ids=1 row-size=190B cardinality=5.40K cost=71342
|     in pipelines: 01(GETNEXT)
|
00:SCAN HDFS [tpcds_partitioned_parquet_snap.store_sales, RANDOM]
   HDFS partitions=1824/1824 files=1824 size=199.36MB
   runtime filters: RF003[min_max] -> ss_item_sk, RF000[bloom] -> ss_sold_date_sk, RF002[bloom] -> ss_item_sk
   stored statistics:
     table: rows=2.88M size=199.36MB
     partitions: 1824/1824 rows=2.88M
     columns: all
   extrapolated-rows=disabled max-scan-range-rows=130.09K
   mem-estimate=16.00MB mem-reservation=1.00MB thread-reservation=0
   tuple-ids=0 row-size=16B cardinality=865.32K(filtered from 2.88M) cost=91213512
   in pipelines: 00(GETNEXT)
---- PARALLELPLANS
Max Per-Host Resource Reservation: Memory=202.25MB Threads=11
Per-Host Resource Estimates: Memory=344MB
F04:PLAN FRAGMENT [UNPARTITIONED] hosts=1 instances=1
|  Per-Instance Resources: mem-estimate=5.32MB mem-reservation=4.00MB thread-reservation=1
|  max-parallelism=1 segment-costs=[6213] cpu-comparison-result=12 [max(1 (self) vs 12 (sum children))]
PLAN-ROOT SINK
|  output exprs: i_item_desc, i_category, i_class, i_current_price, sum(ss_ext_sales_price), sum(ss_ext_sales_price) * CAST(100 AS DECIMAL(3,0)) / sum(sum(ss_ext_sales_price))
|  mem-estimate=4.00MB mem-reservation=4.00MB spill-buffer=2.00MB thread-reservation=0 cost=6000
|
13:MERGING-EXCHANGE [UNPARTITIONED]
|  order by: i_category ASC, i_class ASC, i_item_id ASC, i_item_desc ASC, sum(ss_ext_sales_price) * 100 / sum(sum(ss_ext_sales_price)) ASC
|  limit: 1000
|  mem-estimate=1.32MB mem-reservation=0B thread-reservation=0
|  tuple-ids=5 row-size=214B cardinality=1.00K cost=213
|  in pipelines: 08(GETNEXT)
|
F03:PLAN FRAGMENT [HASH(i_class)] hosts=3 instances=6 (adjusted from 48)
Per-Instance Resources: mem-estimate=65.21MB mem-reservation=50.00MB thread-reservation=1
max-parallelism=6 segment-costs=[5355284, 864122, 869122, 213] cpu-comparison-result=12 [max(6 (self) vs 12 (sum children))]
08:TOP-N [LIMIT=1000]
|  order by: i_category ASC, i_class ASC, i_item_id ASC, i_item_desc ASC, sum(ss_ext_sales_price) * 100 / sum(sum(ss_ext_sales_price)) ASC
|  mem-estimate=209.09KB mem-reservation=0B thread-reservation=0
|  tuple-ids=5 row-size=214B cardinality=1.00K cost=5000
|  in pipelines: 08(GETNEXT), 06(OPEN)
|
07:ANALYTIC
|  functions: sum(sum(ss_ext_sales_price))
|  partition by: i_class
|  mem-estimate=4.00MB mem-reservation=4.00MB spill-buffer=2.00MB thread-reservation=0
|  tuple-ids=10,9 row-size=214B cardinality=864.12K cost=864122
|  in pipelines: 06(GETNEXT)
|
06:SORT
|  order by: i_class ASC NULLS LAST
|  mem-estimate=27.21MB mem-reservation=12.00MB spill-buffer=2.00MB thread-reservation=0
|  tuple-ids=10 row-size=198B cardinality=864.12K cost=864122
|  in pipelines: 06(GETNEXT), 12(OPEN)
|
12:AGGREGATE [FINALIZE]
|  output: sum:merge(ss_ext_sales_price)
|  group by: i_item_id, i_item_desc, i_category, i_class, i_current_price
|  mem-estimate=34.00MB mem-reservation=34.00MB spill-buffer=2.00MB thread-reservation=0
|  tuple-ids=3 row-size=198B cardinality=864.12K cost=5184732
|  in pipelines: 12(GETNEXT), 00(OPEN)
|
11:EXCHANGE [HASH(i_class)]
|  mem-estimate=12.37MB mem-reservation=0B thread-reservation=0
|  tuple-ids=3 row-size=198B cardinality=864.12K cost=170552
|  in pipelines: 00(GETNEXT)
|
F00:PLAN FRAGMENT [RANDOM] hosts=3 instances=12 (adjusted from 48)
Per-Host Shared Resources: mem-estimate=2.00MB mem-reservation=2.00MB thread-reservation=0 runtime-filters-memory=2.00MB
Per-Instance Resources: mem-estimate=37.74MB mem-reservation=18.00MB thread-reservation=1
max-parallelism=12 segment-costs=[98127689, 170552] cpu-comparison-result=12 [max(12 (self) vs 8 (sum children))]
05:AGGREGATE [STREAMING]
|  output: sum(ss_ext_sales_price)
|  group by: i_item_id, i_item_desc, i_category, i_class, i_current_price
|  mem-estimate=17.00MB mem-reservation=17.00MB spill-buffer=1.00MB thread-reservation=0
|  tuple-ids=3 row-size=198B cardinality=864.12K cost=5184732
|  in pipelines: 00(GETNEXT)
|
04:HASH JOIN [INNER JOIN, BROADCAST]
|  hash-table-id=00
|  hash predicates: ss_sold_date_sk = d_date_sk
|  fk/pk conjuncts: ss_sold_date_sk = d_date_sk
|  mem-estimate=0B mem-reservation=0B spill-buffer=64.00KB thread-reservation=0
|  tuple-ids=0,1,2 row-size=232B cardinality=864.12K cost=864122
|  in pipelines: 00(GETNEXT), 02(OPEN)
|
|--F05:PLAN FRAGMENT [RANDOM] hosts=3 instances=3
|  |  Per-Instance Resources: mem-estimate=8.96MB mem-reservation=8.75MB thread-reservation=1 runtime-filters-memory=1.00MB
|  |  max-parallelism=3 segment-costs=[7950]
|  JOIN BUILD
|  |  join-table-id=00 plan-id=01 cohort-id=01
|  |  build expressions: d_date_sk
|  |  runtime filters: RF000[bloom] <- d_date_sk
|  |  mem-estimate=7.75MB mem-reservation=7.75MB spill-buffer=64.00KB thread-reservation=0 cost=7305
|  |
|  10:EXCHANGE [BROADCAST]
|  |  mem-estimate=215.48KB mem-reservation=0B thread-reservation=0
|  |  tuple-ids=2 row-size=26B cardinality=7.30K cost=645
|  |  in pipelines: 02(GETNEXT)
|  |
|  F02:PLAN FRAGMENT [RANDOM] hosts=1 instances=1
|  Per-Instance Resources: mem-estimate=16.12MB mem-reservation=1.00MB thread-reservation=1
|  max-parallelism=1 segment-costs=[198168]
|  02:SCAN HDFS [tpcds_partitioned_parquet_snap.date_dim, RANDOM]
|     HDFS partitions=1/1 files=1 size=2.15MB
|     predicates: CAST(d_date AS TIMESTAMP) <= TIMESTAMP '1999-03-24 00:00:00', CAST(d_date AS TIMESTAMP) >= TIMESTAMP '1999-02-22 00:00:00'
|     stored statistics:
|       table: rows=73.05K size=2.15MB
|       columns: all
|     extrapolated-rows=disabled max-scan-range-rows=73.05K
|     parquet dictionary predicates: CAST(d_date AS TIMESTAMP) <= TIMESTAMP '1999-03-24 00:00:00', CAST(d_date AS TIMESTAMP) >= TIMESTAMP '1999-02-22 00:00:00'
|     mem-estimate=16.00MB mem-reservation=1.00MB thread-reservation=0
|     tuple-ids=2 row-size=26B cardinality=7.30K cost=197953
|     in pipelines: 02(GETNEXT)
|
03:HASH JOIN [INNER JOIN, BROADCAST]
|  hash-table-id=01
|  hash predicates: ss_item_sk = i_item_sk
|  fk/pk conjuncts: ss_item_sk = i_item_sk
|  mem-estimate=0B mem-reservation=0B spill-buffer=128.00KB thread-reservation=0
|  tuple-ids=0,1 row-size=206B cardinality=864.12K cost=865323
|  in pipelines: 00(GETNEXT), 01(OPEN)
|
|--F06:PLAN FRAGMENT [RANDOM] hosts=3 instances=3
|  |  Per-Instance Resources: mem-estimate=13.67MB mem-reservation=12.50MB thread-reservation=1 runtime-filters-memory=1.00MB
|  |  max-parallelism=3 segment-costs=[8472]
|  JOIN BUILD
|  |  join-table-id=01 plan-id=02 cohort-id=01
|  |  build expressions: i_item_sk
|  |  runtime filters: RF002[bloom] <- i_item_sk, RF003[min_max] <- i_item_sk
|  |  mem-estimate=11.50MB mem-reservation=11.50MB spill-buffer=128.00KB thread-reservation=0 cost=5400
|  |
|  09:EXCHANGE [BROADCAST]
|  |  mem-estimate=1.17MB mem-reservation=0B thread-reservation=0
|  |  tuple-ids=1 row-size=190B cardinality=5.40K cost=3072
|  |  in pipelines: 01(GETNEXT)
|  |
|  F01:PLAN FRAGMENT [RANDOM] hosts=1 instances=1
|  Per-Instance Resources: mem-estimate=16.76MB mem-reservation=2.00MB thread-reservation=1
|  max-parallelism=1 segment-costs=[72366]
|  01:SCAN HDFS [tpcds_partitioned_parquet_snap.item, RANDOM]
|     HDFS partitions=1/1 files=1 size=1.73MB
|     predicates: i_category IN ('Jewelry', 'Sports', 'Books')
|     stored statistics:
|       table: rows=18.00K size=1.73MB
|       columns: all
|     extrapolated-rows=disabled max-scan-range-rows=18.00K
|     parquet statistics predicates: i_category IN ('Jewelry', 'Sports', 'Books')
|     parquet dictionary predicates: i_category IN ('Jewelry', 'Sports', 'Books')
|     mem-estimate=16.00MB mem-reservation=2.00MB thread-reservation=0
|     tuple-ids=1 row-size=190B cardinality=5.40K cost=71342
|     in pipelines: 01(GETNEXT)
|
00:SCAN HDFS [tpcds_partitioned_parquet_snap.store_sales, RANDOM]
   HDFS partitions=1824/1824 files=1824 size=199.36MB
   runtime filters: RF003[min_max] -> ss_item_sk, RF000[bloom] -> ss_sold_date_sk, RF002[bloom] -> ss_item_sk
   stored statistics:
     table: rows=2.88M size=199.36MB
     partitions: 1824/1824 rows=2.88M
     columns: all
   extrapolated-rows=disabled max-scan-range-rows=130.09K
   mem-estimate=16.00MB mem-reservation=1.00MB thread-reservation=0
   tuple-ids=0 row-size=16B cardinality=865.32K(filtered from 2.88M) cost=91213512
   in pipelines: 00(GETNEXT)
====
