SELECT count(*) from iceberg_v2_no_deletes
---- PLAN
PLAN-ROOT SINK
|
00:UNION
   constant-operands=1
   row-size=8B cardinality=1
---- DISTRIBUTEDPLAN
PLAN-ROOT SINK
|
00:UNION
   constant-operands=1
   row-size=8B cardinality=1
====
SELECT count(*) from iceberg_v2_no_deletes where i > 1
---- PLAN
PLAN-ROOT SINK
|
01:AGGREGATE [FINALIZE]
|  output: count(*)
|  row-size=8B cardinality=1
|
00:SCAN HDFS [functional_parquet.iceberg_v2_no_deletes]
   HDFS partitions=1/1 files=1 size=625B
   predicates: i > 1
   row-size=4B cardinality=400
---- DISTRIBUTEDPLAN
PLAN-ROOT SINK
|
03:AGGREGATE [FINALIZE]
|  output: count:merge(*)
|  row-size=8B cardinality=1
|
02:EXCHANGE [UNPARTITIONED]
|
01:AGGREGATE
|  output: count(*)
|  row-size=8B cardinality=1
|
00:SCAN HDFS [functional_parquet.iceberg_v2_no_deletes]
   HDFS partitions=1/1 files=1 size=625B
   predicates: i > 1
   row-size=4B cardinality=400
====
SELECT count(*) from iceberg_v2_delete_positional;
---- PLAN
PLAN-ROOT SINK
|
03:AGGREGATE [FINALIZE]
|  output: count(*)
|  row-size=8B cardinality=1
|
02:DELETE EVENTS HASH JOIN [LEFT ANTI JOIN]
|  row-size=20B cardinality=4.73K
|
|--01:SCAN HDFS [functional_parquet.iceberg_v2_delete_positional-POSITION-DELETE-01 functional_parquet.iceberg_v2_delete_positional-position-delete]
|     HDFS partitions=1/1 files=1 size=1.54KB
|     row-size=160B cardinality=1
|
00:SCAN HDFS [functional_parquet.iceberg_v2_delete_positional]
   HDFS partitions=1/1 files=1 size=662B
   row-size=20B cardinality=4.73K
---- DISTRIBUTEDPLAN
PLAN-ROOT SINK
|
06:AGGREGATE [FINALIZE]
|  output: count:merge(*)
|  row-size=8B cardinality=1
|
05:EXCHANGE [UNPARTITIONED]
|
03:AGGREGATE
|  output: count(*)
|  row-size=8B cardinality=1
|
02:DELETE EVENTS HASH JOIN [LEFT ANTI JOIN, BROADCAST]
|  row-size=20B cardinality=4.73K
|
|--04:EXCHANGE [BROADCAST]
|  |
|  01:SCAN HDFS [functional_parquet.iceberg_v2_delete_positional-POSITION-DELETE-01 functional_parquet.iceberg_v2_delete_positional-position-delete]
|     HDFS partitions=1/1 files=1 size=1.54KB
|     row-size=160B cardinality=1
|
00:SCAN HDFS [functional_parquet.iceberg_v2_delete_positional]
   HDFS partitions=1/1 files=1 size=662B
   row-size=20B cardinality=4.73K
====
SELECT * from iceberg_v2_delete_positional;
---- PLAN
PLAN-ROOT SINK
|
02:DELETE EVENTS HASH JOIN [LEFT ANTI JOIN]
|  row-size=40B cardinality=4.73K
|
|--01:SCAN HDFS [functional_parquet.iceberg_v2_delete_positional-POSITION-DELETE-01 functional_parquet.iceberg_v2_delete_positional-position-delete]
|     HDFS partitions=1/1 files=1 size=1.54KB
|     row-size=160B cardinality=1
|
00:SCAN HDFS [functional_parquet.iceberg_v2_delete_positional]
   HDFS partitions=1/1 files=1 size=662B
   row-size=40B cardinality=4.73K
---- DISTRIBUTEDPLAN
PLAN-ROOT SINK
|
04:EXCHANGE [UNPARTITIONED]
|
02:DELETE EVENTS HASH JOIN [LEFT ANTI JOIN, BROADCAST]
|  row-size=40B cardinality=4.73K
|
|--03:EXCHANGE [BROADCAST]
|  |
|  01:SCAN HDFS [functional_parquet.iceberg_v2_delete_positional-POSITION-DELETE-01 functional_parquet.iceberg_v2_delete_positional-position-delete]
|     HDFS partitions=1/1 files=1 size=1.54KB
|     row-size=160B cardinality=1
|
00:SCAN HDFS [functional_parquet.iceberg_v2_delete_positional]
   HDFS partitions=1/1 files=1 size=662B
   row-size=40B cardinality=4.73K
====
SELECT * from iceberg_v2_positional_delete_all_rows;
---- PLAN
PLAN-ROOT SINK
|
02:DELETE EVENTS HASH JOIN [LEFT ANTI JOIN]
|  row-size=36B cardinality=8.93K
|
|--01:SCAN HDFS [functional_parquet.iceberg_v2_positional_delete_all_rows-POSITION-DELETE-01 functional_parquet.iceberg_v2_positional_delete_all_rows-position-delete]
|     HDFS partitions=1/1 files=1 size=2.60KB
|     row-size=224B cardinality=3
|
00:SCAN HDFS [functional_parquet.iceberg_v2_positional_delete_all_rows]
   HDFS partitions=1/1 files=1 size=625B
   row-size=36B cardinality=8.93K
---- DISTRIBUTEDPLAN
PLAN-ROOT SINK
|
04:EXCHANGE [UNPARTITIONED]
|
02:DELETE EVENTS HASH JOIN [LEFT ANTI JOIN, BROADCAST]
|  row-size=36B cardinality=8.93K
|
|--03:EXCHANGE [BROADCAST]
|  |
|  01:SCAN HDFS [functional_parquet.iceberg_v2_positional_delete_all_rows-POSITION-DELETE-01 functional_parquet.iceberg_v2_positional_delete_all_rows-position-delete]
|     HDFS partitions=1/1 files=1 size=2.60KB
|     row-size=224B cardinality=3
|
00:SCAN HDFS [functional_parquet.iceberg_v2_positional_delete_all_rows]
   HDFS partitions=1/1 files=1 size=625B
   row-size=36B cardinality=8.93K
====
SELECT * from iceberg_v2_no_deletes limit 1
---- PLAN
PLAN-ROOT SINK
|
00:SCAN HDFS [functional_parquet.iceberg_v2_no_deletes]
   HDFS partitions=1/1 files=1 size=625B
   limit: 1
   row-size=16B cardinality=1
---- DISTRIBUTEDPLAN
PLAN-ROOT SINK
|
01:EXCHANGE [UNPARTITIONED]
|  limit: 1
|
00:SCAN HDFS [functional_parquet.iceberg_v2_no_deletes]
   HDFS partitions=1/1 files=1 size=625B
   limit: 1
   row-size=16B cardinality=1
====
SELECT * from iceberg_v2_positional_delete_all_rows limit 1
---- PLAN
PLAN-ROOT SINK
|
02:DELETE EVENTS HASH JOIN [LEFT ANTI JOIN]
|  limit: 1
|  row-size=36B cardinality=1
|
|--01:SCAN HDFS [functional_parquet.iceberg_v2_positional_delete_all_rows-POSITION-DELETE-01 functional_parquet.iceberg_v2_positional_delete_all_rows-position-delete]
|     HDFS partitions=1/1 files=1 size=2.60KB
|     row-size=224B cardinality=3
|
00:SCAN HDFS [functional_parquet.iceberg_v2_positional_delete_all_rows]
   HDFS partitions=1/1 files=1 size=625B
   row-size=36B cardinality=8.93K
---- DISTRIBUTEDPLAN
PLAN-ROOT SINK
|
04:EXCHANGE [UNPARTITIONED]
|  limit: 1
|
02:DELETE EVENTS HASH JOIN [LEFT ANTI JOIN, BROADCAST]
|  limit: 1
|  row-size=36B cardinality=1
|
|--03:EXCHANGE [BROADCAST]
|  |
|  01:SCAN HDFS [functional_parquet.iceberg_v2_positional_delete_all_rows-POSITION-DELETE-01 functional_parquet.iceberg_v2_positional_delete_all_rows-position-delete]
|     HDFS partitions=1/1 files=1 size=2.60KB
|     row-size=224B cardinality=3
|
00:SCAN HDFS [functional_parquet.iceberg_v2_positional_delete_all_rows]
   HDFS partitions=1/1 files=1 size=625B
   row-size=36B cardinality=8.93K
====
SELECT * from iceberg_v2_positional_not_all_data_files_have_delete_files limit 1
---- PLAN
PLAN-ROOT SINK
|
04:UNION
|  pass-through-operands: all
|  limit: 1
|  row-size=36B cardinality=1
|
|--02:DELETE EVENTS HASH JOIN [LEFT ANTI JOIN]
|  |  row-size=36B cardinality=34.20K
|  |
|  |--01:SCAN HDFS [functional_parquet.iceberg_v2_positional_not_all_data_files_have_delete_files-POSITION-DELETE-01 functional_parquet.iceberg_v2_positional_not_all_data_files_have_delete_files-position-delete]
|  |     HDFS partitions=1/1 files=2 size=5.33KB
|  |     row-size=245B cardinality=4
|  |
|  00:SCAN HDFS [functional_parquet.iceberg_v2_positional_not_all_data_files_have_delete_files]
|     HDFS partitions=1/1 files=2 size=1.22KB
|     row-size=36B cardinality=34.20K
|
03:SCAN HDFS [functional_parquet.iceberg_v2_positional_not_all_data_files_have_delete_files]
   HDFS partitions=1/1 files=2 size=1.22KB
   row-size=36B cardinality=34.20K
---- DISTRIBUTEDPLAN
PLAN-ROOT SINK
|
06:EXCHANGE [UNPARTITIONED]
|  limit: 1
|
04:UNION
|  pass-through-operands: all
|  limit: 1
|  row-size=36B cardinality=1
|
|--02:DELETE EVENTS HASH JOIN [LEFT ANTI JOIN, BROADCAST]
|  |  row-size=36B cardinality=34.20K
|  |
|  |--05:EXCHANGE [BROADCAST]
|  |  |
|  |  01:SCAN HDFS [functional_parquet.iceberg_v2_positional_not_all_data_files_have_delete_files-POSITION-DELETE-01 functional_parquet.iceberg_v2_positional_not_all_data_files_have_delete_files-position-delete]
|  |     HDFS partitions=1/1 files=2 size=5.33KB
|  |     row-size=245B cardinality=4
|  |
|  00:SCAN HDFS [functional_parquet.iceberg_v2_positional_not_all_data_files_have_delete_files]
|     HDFS partitions=1/1 files=2 size=1.22KB
|     row-size=36B cardinality=34.20K
|
03:SCAN HDFS [functional_parquet.iceberg_v2_positional_not_all_data_files_have_delete_files]
   HDFS partitions=1/1 files=2 size=1.22KB
   row-size=36B cardinality=34.20K
====
SELECT * from iceberg_v2_positional_not_all_data_files_have_delete_files
---- PLAN
PLAN-ROOT SINK
|
04:UNION
|  pass-through-operands: all
|  row-size=36B cardinality=68.39K
|
|--02:DELETE EVENTS HASH JOIN [LEFT ANTI JOIN]
|  |  row-size=36B cardinality=34.20K
|  |
|  |--01:SCAN HDFS [functional_parquet.iceberg_v2_positional_not_all_data_files_have_delete_files-POSITION-DELETE-01 functional_parquet.iceberg_v2_positional_not_all_data_files_have_delete_files-position-delete]
|  |     HDFS partitions=1/1 files=2 size=5.33KB
|  |     row-size=245B cardinality=4
|  |
|  00:SCAN HDFS [functional_parquet.iceberg_v2_positional_not_all_data_files_have_delete_files]
|     HDFS partitions=1/1 files=2 size=1.22KB
|     row-size=36B cardinality=34.20K
|
03:SCAN HDFS [functional_parquet.iceberg_v2_positional_not_all_data_files_have_delete_files]
   HDFS partitions=1/1 files=2 size=1.22KB
   row-size=36B cardinality=34.20K
---- DISTRIBUTEDPLAN
PLAN-ROOT SINK
|
06:EXCHANGE [UNPARTITIONED]
|
04:UNION
|  pass-through-operands: all
|  row-size=36B cardinality=68.39K
|
|--02:DELETE EVENTS HASH JOIN [LEFT ANTI JOIN, BROADCAST]
|  |  row-size=36B cardinality=34.20K
|  |
|  |--05:EXCHANGE [BROADCAST]
|  |  |
|  |  01:SCAN HDFS [functional_parquet.iceberg_v2_positional_not_all_data_files_have_delete_files-POSITION-DELETE-01 functional_parquet.iceberg_v2_positional_not_all_data_files_have_delete_files-position-delete]
|  |     HDFS partitions=1/1 files=2 size=5.33KB
|  |     row-size=245B cardinality=4
|  |
|  00:SCAN HDFS [functional_parquet.iceberg_v2_positional_not_all_data_files_have_delete_files]
|     HDFS partitions=1/1 files=2 size=1.22KB
|     row-size=36B cardinality=34.20K
|
03:SCAN HDFS [functional_parquet.iceberg_v2_positional_not_all_data_files_have_delete_files]
   HDFS partitions=1/1 files=2 size=1.22KB
   row-size=36B cardinality=34.20K
====
SELECT * from iceberg_v2_positional_update_all_rows
---- PLAN
PLAN-ROOT SINK
|
04:UNION
|  pass-through-operands: all
|  row-size=36B cardinality=27.47K
|
|--02:DELETE EVENTS HASH JOIN [LEFT ANTI JOIN]
|  |  row-size=36B cardinality=13.74K
|  |
|  |--01:SCAN HDFS [functional_parquet.iceberg_v2_positional_update_all_rows-POSITION-DELETE-01 functional_parquet.iceberg_v2_positional_update_all_rows-position-delete]
|  |     HDFS partitions=1/1 files=1 size=2.60KB
|  |     row-size=224B cardinality=3
|  |
|  00:SCAN HDFS [functional_parquet.iceberg_v2_positional_update_all_rows]
|     HDFS partitions=1/1 files=1 size=625B
|     row-size=36B cardinality=13.74K
|
03:SCAN HDFS [functional_parquet.iceberg_v2_positional_update_all_rows]
   HDFS partitions=1/1 files=1 size=625B
   row-size=36B cardinality=13.74K
---- DISTRIBUTEDPLAN
PLAN-ROOT SINK
|
06:EXCHANGE [UNPARTITIONED]
|
04:UNION
|  pass-through-operands: all
|  row-size=36B cardinality=27.47K
|
|--02:DELETE EVENTS HASH JOIN [LEFT ANTI JOIN, BROADCAST]
|  |  row-size=36B cardinality=13.74K
|  |
|  |--05:EXCHANGE [BROADCAST]
|  |  |
|  |  01:SCAN HDFS [functional_parquet.iceberg_v2_positional_update_all_rows-POSITION-DELETE-01 functional_parquet.iceberg_v2_positional_update_all_rows-position-delete]
|  |     HDFS partitions=1/1 files=1 size=2.60KB
|  |     row-size=224B cardinality=3
|  |
|  00:SCAN HDFS [functional_parquet.iceberg_v2_positional_update_all_rows]
|     HDFS partitions=1/1 files=1 size=625B
|     row-size=36B cardinality=13.74K
|
03:SCAN HDFS [functional_parquet.iceberg_v2_positional_update_all_rows]
   HDFS partitions=1/1 files=1 size=625B
   row-size=36B cardinality=13.74K
====
SELECT * from iceberg_v2_partitioned_position_deletes
---- PLAN
PLAN-ROOT SINK
|
02:DELETE EVENTS HASH JOIN [LEFT ANTI JOIN]
|  row-size=64B cardinality=4.96K
|
|--01:SCAN HDFS [functional_parquet.iceberg_v2_partitioned_position_deletes-POSITION-DELETE-01 functional_parquet.iceberg_v2_partitioned_position_deletes-position-delete]
|     HDFS partitions=1/1 files=3 size=9.47KB
|     row-size=182B cardinality=10
|
00:SCAN HDFS [functional_parquet.iceberg_v2_partitioned_position_deletes]
   HDFS partitions=1/1 files=3 size=3.48KB
   row-size=64B cardinality=4.96K
---- DISTRIBUTEDPLAN
PLAN-ROOT SINK
|
04:EXCHANGE [UNPARTITIONED]
|
02:DELETE EVENTS HASH JOIN [LEFT ANTI JOIN, BROADCAST]
|  row-size=64B cardinality=4.96K
|
|--03:EXCHANGE [BROADCAST]
|  |
|  01:SCAN HDFS [functional_parquet.iceberg_v2_partitioned_position_deletes-POSITION-DELETE-01 functional_parquet.iceberg_v2_partitioned_position_deletes-position-delete]
|     HDFS partitions=1/1 files=3 size=9.47KB
|     row-size=182B cardinality=10
|
00:SCAN HDFS [functional_parquet.iceberg_v2_partitioned_position_deletes]
   HDFS partitions=1/1 files=3 size=3.48KB
   row-size=64B cardinality=4.96K
====
SELECT * from iceberg_v2_positional_not_all_data_files_have_delete_files
WHERE i > 2
---- PLAN
PLAN-ROOT SINK
|
04:UNION
|  pass-through-operands: all
|  row-size=36B cardinality=6.84K
|
|--02:DELETE EVENTS HASH JOIN [LEFT ANTI JOIN]
|  |  row-size=36B cardinality=3.42K
|  |
|  |--01:SCAN HDFS [functional_parquet.iceberg_v2_positional_not_all_data_files_have_delete_files-POSITION-DELETE-01 functional_parquet.iceberg_v2_positional_not_all_data_files_have_delete_files-position-delete]
|  |     HDFS partitions=1/1 files=2 size=5.33KB
|  |     row-size=245B cardinality=4
|  |
|  00:SCAN HDFS [functional_parquet.iceberg_v2_positional_not_all_data_files_have_delete_files]
|     HDFS partitions=1/1 files=2 size=1.22KB
|     predicates: i > 2
|     row-size=36B cardinality=3.42K
|
03:SCAN HDFS [functional_parquet.iceberg_v2_positional_not_all_data_files_have_delete_files]
   HDFS partitions=1/1 files=2 size=1.22KB
   predicates: i > 2
   row-size=36B cardinality=3.42K
---- DISTRIBUTEDPLAN
PLAN-ROOT SINK
|
06:EXCHANGE [UNPARTITIONED]
|
04:UNION
|  pass-through-operands: all
|  row-size=36B cardinality=6.84K
|
|--02:DELETE EVENTS HASH JOIN [LEFT ANTI JOIN, BROADCAST]
|  |  row-size=36B cardinality=3.42K
|  |
|  |--05:EXCHANGE [BROADCAST]
|  |  |
|  |  01:SCAN HDFS [functional_parquet.iceberg_v2_positional_not_all_data_files_have_delete_files-POSITION-DELETE-01 functional_parquet.iceberg_v2_positional_not_all_data_files_have_delete_files-position-delete]
|  |     HDFS partitions=1/1 files=2 size=5.33KB
|  |     row-size=245B cardinality=4
|  |
|  00:SCAN HDFS [functional_parquet.iceberg_v2_positional_not_all_data_files_have_delete_files]
|     HDFS partitions=1/1 files=2 size=1.22KB
|     predicates: i > 2
|     row-size=36B cardinality=3.42K
|
03:SCAN HDFS [functional_parquet.iceberg_v2_positional_not_all_data_files_have_delete_files]
   HDFS partitions=1/1 files=2 size=1.22KB
   predicates: i > 2
   row-size=36B cardinality=3.42K
====
select * from iceberg_v2_positional_not_all_data_files_have_delete_files for system_version as of 1497619269847778439
minus
select * from iceberg_v2_positional_not_all_data_files_have_delete_files for system_version as of 4363979609026842966;
---- PLAN
PLAN-ROOT SINK
|
07:HASH JOIN [LEFT ANTI JOIN]
|  hash predicates: functional_parquet.iceberg_v2_positional_not_all_data_files_have_delete_files.i IS NOT DISTINCT FROM functional_parquet.iceberg_v2_positional_not_all_data_files_have_delete_files.i, functional_parquet.iceberg_v2_positional_not_all_data_files_have_delete_files.s IS NOT DISTINCT FROM functional_parquet.iceberg_v2_positional_not_all_data_files_have_delete_files.s
|  row-size=16B cardinality=68.39K
|
|--06:SCAN HDFS [functional_parquet.iceberg_v2_positional_not_all_data_files_have_delete_files]
|     HDFS partitions=1/1 files=1 size=625B
|     row-size=16B cardinality=34.20K
|
05:AGGREGATE [FINALIZE]
|  group by: functional_parquet.iceberg_v2_positional_not_all_data_files_have_delete_files.i, functional_parquet.iceberg_v2_positional_not_all_data_files_have_delete_files.s
|  row-size=16B cardinality=68.39K
|
04:UNION
|  pass-through-operands: all
|  row-size=36B cardinality=68.39K
|
|--02:DELETE EVENTS HASH JOIN [LEFT ANTI JOIN]
|  |  row-size=36B cardinality=34.20K
|  |
|  |--01:SCAN HDFS [functional_parquet.iceberg_v2_positional_not_all_data_files_have_delete_files-POSITION-DELETE-01 functional_parquet.iceberg_v2_positional_not_all_data_files_have_delete_files-position-delete]
|  |     HDFS partitions=1/1 files=2 size=5.33KB
|  |     row-size=245B cardinality=4
|  |
|  00:SCAN HDFS [functional_parquet.iceberg_v2_positional_not_all_data_files_have_delete_files]
|     HDFS partitions=1/1 files=2 size=1.22KB
|     row-size=36B cardinality=34.20K
|
03:SCAN HDFS [functional_parquet.iceberg_v2_positional_not_all_data_files_have_delete_files]
   HDFS partitions=1/1 files=2 size=1.22KB
   row-size=36B cardinality=34.20K
---- DISTRIBUTEDPLAN
PLAN-ROOT SINK
|
12:EXCHANGE [UNPARTITIONED]
|
07:HASH JOIN [LEFT ANTI JOIN, PARTITIONED]
|  hash predicates: functional_parquet.iceberg_v2_positional_not_all_data_files_have_delete_files.i IS NOT DISTINCT FROM functional_parquet.iceberg_v2_positional_not_all_data_files_have_delete_files.i, functional_parquet.iceberg_v2_positional_not_all_data_files_have_delete_files.s IS NOT DISTINCT FROM functional_parquet.iceberg_v2_positional_not_all_data_files_have_delete_files.s
|  row-size=16B cardinality=68.39K
|
|--11:EXCHANGE [HASH(functional_parquet.iceberg_v2_positional_not_all_data_files_have_delete_files.i,functional_parquet.iceberg_v2_positional_not_all_data_files_have_delete_files.s)]
|  |
|  06:SCAN HDFS [functional_parquet.iceberg_v2_positional_not_all_data_files_have_delete_files]
|     HDFS partitions=1/1 files=1 size=625B
|     row-size=16B cardinality=34.20K
|
10:AGGREGATE [FINALIZE]
|  group by: functional_parquet.iceberg_v2_positional_not_all_data_files_have_delete_files.i, functional_parquet.iceberg_v2_positional_not_all_data_files_have_delete_files.s
|  row-size=16B cardinality=68.39K
|
09:EXCHANGE [HASH(functional_parquet.iceberg_v2_positional_not_all_data_files_have_delete_files.i,functional_parquet.iceberg_v2_positional_not_all_data_files_have_delete_files.s)]
|
05:AGGREGATE [STREAMING]
|  group by: functional_parquet.iceberg_v2_positional_not_all_data_files_have_delete_files.i, functional_parquet.iceberg_v2_positional_not_all_data_files_have_delete_files.s
|  row-size=16B cardinality=68.39K
|
04:UNION
|  pass-through-operands: all
|  row-size=36B cardinality=68.39K
|
|--02:DELETE EVENTS HASH JOIN [LEFT ANTI JOIN, BROADCAST]
|  |  row-size=36B cardinality=34.20K
|  |
|  |--08:EXCHANGE [BROADCAST]
|  |  |
|  |  01:SCAN HDFS [functional_parquet.iceberg_v2_positional_not_all_data_files_have_delete_files-POSITION-DELETE-01 functional_parquet.iceberg_v2_positional_not_all_data_files_have_delete_files-position-delete]
|  |     HDFS partitions=1/1 files=2 size=5.33KB
|  |     row-size=245B cardinality=4
|  |
|  00:SCAN HDFS [functional_parquet.iceberg_v2_positional_not_all_data_files_have_delete_files]
|     HDFS partitions=1/1 files=2 size=1.22KB
|     row-size=36B cardinality=34.20K
|
03:SCAN HDFS [functional_parquet.iceberg_v2_positional_not_all_data_files_have_delete_files]
   HDFS partitions=1/1 files=2 size=1.22KB
   row-size=36B cardinality=34.20K
====
with v as (select i + 1000 as ii, upper(s) as ss from iceberg_v2_positional_not_all_data_files_have_delete_files)
select * from v where ii > 1003;
---- PLAN
PLAN-ROOT SINK
|
04:UNION
|  pass-through-operands: all
|  row-size=36B cardinality=6.84K
|
|--02:DELETE EVENTS HASH JOIN [LEFT ANTI JOIN]
|  |  row-size=36B cardinality=3.42K
|  |
|  |--01:SCAN HDFS [functional_parquet.iceberg_v2_positional_not_all_data_files_have_delete_files-POSITION-DELETE-01 functional_parquet.iceberg_v2_positional_not_all_data_files_have_delete_files-position-delete]
|  |     HDFS partitions=1/1 files=2 size=5.33KB
|  |     row-size=245B cardinality=4
|  |
|  00:SCAN HDFS [functional_parquet.iceberg_v2_positional_not_all_data_files_have_delete_files]
|     HDFS partitions=1/1 files=2 size=1.22KB
|     predicates: i + 1000 > 1003
|     row-size=36B cardinality=3.42K
|
03:SCAN HDFS [functional_parquet.iceberg_v2_positional_not_all_data_files_have_delete_files]
   HDFS partitions=1/1 files=2 size=1.22KB
   predicates: i + 1000 > 1003
   row-size=36B cardinality=3.42K
---- DISTRIBUTEDPLAN
PLAN-ROOT SINK
|
06:EXCHANGE [UNPARTITIONED]
|
04:UNION
|  pass-through-operands: all
|  row-size=36B cardinality=6.84K
|
|--02:DELETE EVENTS HASH JOIN [LEFT ANTI JOIN, BROADCAST]
|  |  row-size=36B cardinality=3.42K
|  |
|  |--05:EXCHANGE [BROADCAST]
|  |  |
|  |  01:SCAN HDFS [functional_parquet.iceberg_v2_positional_not_all_data_files_have_delete_files-POSITION-DELETE-01 functional_parquet.iceberg_v2_positional_not_all_data_files_have_delete_files-position-delete]
|  |     HDFS partitions=1/1 files=2 size=5.33KB
|  |     row-size=245B cardinality=4
|  |
|  00:SCAN HDFS [functional_parquet.iceberg_v2_positional_not_all_data_files_have_delete_files]
|     HDFS partitions=1/1 files=2 size=1.22KB
|     predicates: i + 1000 > 1003
|     row-size=36B cardinality=3.42K
|
03:SCAN HDFS [functional_parquet.iceberg_v2_positional_not_all_data_files_have_delete_files]
   HDFS partitions=1/1 files=2 size=1.22KB
   predicates: i + 1000 > 1003
   row-size=36B cardinality=3.42K
====
select *
from iceberg_v2_positional_not_all_data_files_have_delete_files
where i = (select max(i) from iceberg_v2_positional_update_all_rows);
---- PLAN
PLAN-ROOT SINK
|
11:HASH JOIN [LEFT SEMI JOIN]
|  hash predicates: i = max(i)
|  runtime filters: RF000 <- max(i)
|  row-size=36B cardinality=68.39K
|
|--10:AGGREGATE [FINALIZE]
|  |  output: max(i)
|  |  row-size=4B cardinality=1
|  |
|  09:UNION
|  |  pass-through-operands: all
|  |  row-size=24B cardinality=27.47K
|  |
|  |--07:DELETE EVENTS HASH JOIN [LEFT ANTI JOIN]
|  |  |  row-size=24B cardinality=13.74K
|  |  |
|  |  |--06:SCAN HDFS [functional_parquet.iceberg_v2_positional_update_all_rows-POSITION-DELETE-06 functional_parquet.iceberg_v2_positional_update_all_rows-position-delete]
|  |  |     HDFS partitions=1/1 files=1 size=2.60KB
|  |  |     row-size=224B cardinality=3
|  |  |
|  |  05:SCAN HDFS [functional_parquet.iceberg_v2_positional_update_all_rows]
|  |     HDFS partitions=1/1 files=1 size=625B
|  |     row-size=24B cardinality=13.74K
|  |
|  08:SCAN HDFS [functional_parquet.iceberg_v2_positional_update_all_rows]
|     HDFS partitions=1/1 files=1 size=625B
|     row-size=24B cardinality=13.74K
|
04:UNION
|  pass-through-operands: all
|  row-size=36B cardinality=68.39K
|
|--02:DELETE EVENTS HASH JOIN [LEFT ANTI JOIN]
|  |  row-size=36B cardinality=34.20K
|  |
|  |--01:SCAN HDFS [functional_parquet.iceberg_v2_positional_not_all_data_files_have_delete_files-POSITION-DELETE-01 functional_parquet.iceberg_v2_positional_not_all_data_files_have_delete_files-position-delete]
|  |     HDFS partitions=1/1 files=2 size=5.33KB
|  |     row-size=245B cardinality=4
|  |
|  00:SCAN HDFS [functional_parquet.iceberg_v2_positional_not_all_data_files_have_delete_files]
|     HDFS partitions=1/1 files=2 size=1.22KB
|     runtime filters: RF000 -> i
|     row-size=36B cardinality=34.20K
|
03:SCAN HDFS [functional_parquet.iceberg_v2_positional_not_all_data_files_have_delete_files]
   HDFS partitions=1/1 files=2 size=1.22KB
   runtime filters: RF000 -> i
   row-size=36B cardinality=34.20K
---- DISTRIBUTEDPLAN
PLAN-ROOT SINK
|
17:EXCHANGE [UNPARTITIONED]
|
11:HASH JOIN [LEFT SEMI JOIN, BROADCAST]
|  hash predicates: i = max(i)
|  runtime filters: RF000 <- max(i)
|  row-size=36B cardinality=68.39K
|
|--16:EXCHANGE [BROADCAST]
|  |
|  15:AGGREGATE [FINALIZE]
|  |  output: max:merge(i)
|  |  row-size=4B cardinality=1
|  |
|  14:EXCHANGE [UNPARTITIONED]
|  |
|  10:AGGREGATE
|  |  output: max(i)
|  |  row-size=4B cardinality=1
|  |
|  09:UNION
|  |  pass-through-operands: all
|  |  row-size=24B cardinality=27.47K
|  |
|  |--07:DELETE EVENTS HASH JOIN [LEFT ANTI JOIN, BROADCAST]
|  |  |  row-size=24B cardinality=13.74K
|  |  |
|  |  |--13:EXCHANGE [BROADCAST]
|  |  |  |
|  |  |  06:SCAN HDFS [functional_parquet.iceberg_v2_positional_update_all_rows-POSITION-DELETE-06 functional_parquet.iceberg_v2_positional_update_all_rows-position-delete]
|  |  |     HDFS partitions=1/1 files=1 size=2.60KB
|  |  |     row-size=224B cardinality=3
|  |  |
|  |  05:SCAN HDFS [functional_parquet.iceberg_v2_positional_update_all_rows]
|  |     HDFS partitions=1/1 files=1 size=625B
|  |     row-size=24B cardinality=13.74K
|  |
|  08:SCAN HDFS [functional_parquet.iceberg_v2_positional_update_all_rows]
|     HDFS partitions=1/1 files=1 size=625B
|     row-size=24B cardinality=13.74K
|
04:UNION
|  pass-through-operands: all
|  row-size=36B cardinality=68.39K
|
|--02:DELETE EVENTS HASH JOIN [LEFT ANTI JOIN, BROADCAST]
|  |  row-size=36B cardinality=34.20K
|  |
|  |--12:EXCHANGE [BROADCAST]
|  |  |
|  |  01:SCAN HDFS [functional_parquet.iceberg_v2_positional_not_all_data_files_have_delete_files-POSITION-DELETE-01 functional_parquet.iceberg_v2_positional_not_all_data_files_have_delete_files-position-delete]
|  |     HDFS partitions=1/1 files=2 size=5.33KB
|  |     row-size=245B cardinality=4
|  |
|  00:SCAN HDFS [functional_parquet.iceberg_v2_positional_not_all_data_files_have_delete_files]
|     HDFS partitions=1/1 files=2 size=1.22KB
|     runtime filters: RF000 -> i
|     row-size=36B cardinality=34.20K
|
03:SCAN HDFS [functional_parquet.iceberg_v2_positional_not_all_data_files_have_delete_files]
   HDFS partitions=1/1 files=2 size=1.22KB
   runtime filters: RF000 -> i
   row-size=36B cardinality=34.20K
====
